-- The C compiler identification is GNU 11.4.0
-- The CXX compiler identification is GNU 11.4.0
-- Detecting C compiler ABI info
-- Detecting C compiler ABI info - done
-- Check for working C compiler: /usr/bin/cc - skipped
-- Detecting C compile features
-- Detecting C compile features - done
-- Detecting CXX compiler ABI info
-- Detecting CXX compiler ABI info - done
-- Check for working CXX compiler: /usr/bin/c++ - skipped
-- Detecting CXX compile features
-- Detecting CXX compile features - done
-- Found ament_cmake: 1.3.11 (/opt/ros/humble/share/ament_cmake/cmake)
-- Found Python3: /usr/bin/python3 (found version "3.10.12") found components: Interpreter 
-- Override CMake install command with custom implementation using symlinks instead of copying resources
-- Found std_msgs: 4.2.4 (/opt/ros/humble/share/std_msgs/cmake)
-- Found rosidl_generator_c: 3.1.6 (/opt/ros/humble/share/rosidl_generator_c/cmake)
-- Found rosidl_adapter: 3.1.6 (/opt/ros/humble/share/rosidl_adapter/cmake)
-- Found rosidl_generator_cpp: 3.1.6 (/opt/ros/humble/share/rosidl_generator_cpp/cmake)
-- Using all available rosidl_typesupport_c: rosidl_typesupport_fastrtps_c;rosidl_typesupport_introspection_c
-- Using all available rosidl_typesupport_cpp: rosidl_typesupport_fastrtps_cpp;rosidl_typesupport_introspection_cpp
-- Found rosidl_default_generators: 1.2.0 (/opt/ros/humble/share/rosidl_default_generators/cmake)
-- Found ament_cmake_ros: 0.10.0 (/opt/ros/humble/share/ament_cmake_ros/cmake)
-- Using all available rosidl_typesupport_c: rosidl_typesupport_fastrtps_c;rosidl_typesupport_introspection_c
-- Using all available rosidl_typesupport_cpp: rosidl_typesupport_fastrtps_cpp;rosidl_typesupport_introspection_cpp
-- Found PythonInterp: /usr/bin/python3 (found suitable version "3.10.12", minimum required is "3.6") 
-- Found python_cmake_module: 0.10.0 (/opt/ros/humble/share/python_cmake_module/cmake)
-- Found PythonLibs: /usr/lib/x86_64-linux-gnu/libpython3.10.so (found suitable version "3.10.12", minimum required is "3.5") 
-- Using PYTHON_EXECUTABLE: /usr/bin/python3
-- Using PYTHON_INCLUDE_DIRS: /usr/include/python3.10
-- Using PYTHON_LIBRARIES: /usr/lib/x86_64-linux-gnu/libpython3.10.so
-- Found PythonExtra: .so  
-- Found ament_lint_auto: 0.12.11 (/opt/ros/humble/share/ament_lint_auto/cmake)
-- Added test 'lint_cmake' to check CMake code style
-- Added test 'xmllint' to check XML markup files
-- Configuring done
-- Generating done
-- Build files have been written to: /home/entity014/Ros-Major/650610841_final/build/lidar_interfaces
[  2%] [34m[1mGenerating C code for ROS interfaces[0m
[  2%] Built target ament_cmake_python_symlink_lidar_interfaces
[  5%] [34m[1mGenerating C++ code for ROS interfaces[0m
running egg_info
creating lidar_interfaces.egg-info
writing lidar_interfaces.egg-info/PKG-INFO
writing dependency_links to lidar_interfaces.egg-info/dependency_links.txt
writing top-level names to lidar_interfaces.egg-info/top_level.txt
writing manifest file 'lidar_interfaces.egg-info/SOURCES.txt'
reading manifest file 'lidar_interfaces.egg-info/SOURCES.txt'
writing manifest file 'lidar_interfaces.egg-info/SOURCES.txt'
[  5%] Built target ament_cmake_python_build_lidar_interfaces_egg
[  5%] Built target lidar_interfaces__cpp
[ 12%] [34m[1mGenerating C++ type support for eProsima Fast-RTPS[0m
[ 12%] [34m[1mGenerating C++ introspection for ROS interfaces[0m
[ 12%] [34m[1mGenerating C++ type support dispatch for ROS interfaces[0m
[ 15%] [32mBuilding C object CMakeFiles/lidar_interfaces__rosidl_generator_c.dir/rosidl_generator_c/lidar_interfaces/srv/detail/break__functions.c.o[0m
[ 17%] [32mBuilding C object CMakeFiles/lidar_interfaces__rosidl_generator_c.dir/rosidl_generator_c/lidar_interfaces/msg/detail/scan__functions.c.o[0m
[ 20%] [32m[1mLinking C shared library liblidar_interfaces__rosidl_generator_c.so[0m
[ 20%] Built target lidar_interfaces__rosidl_generator_c
[ 23%] [34m[1mGenerating C introspection for ROS interfaces[0m
[ 25%] [34m[1mGenerating C type support dispatch for ROS interfaces[0m
[ 28%] [34m[1mGenerating C type support for eProsima Fast-RTPS[0m
[ 30%] [32mBuilding CXX object CMakeFiles/lidar_interfaces__rosidl_typesupport_cpp.dir/rosidl_typesupport_cpp/lidar_interfaces/srv/break__type_support.cpp.o[0m
[ 33%] [32mBuilding CXX object CMakeFiles/lidar_interfaces__rosidl_typesupport_cpp.dir/rosidl_typesupport_cpp/lidar_interfaces/msg/scan__type_support.cpp.o[0m
[ 35%] [32mBuilding CXX object CMakeFiles/lidar_interfaces__rosidl_typesupport_fastrtps_cpp.dir/rosidl_typesupport_fastrtps_cpp/lidar_interfaces/srv/detail/dds_fastrtps/break__type_support.cpp.o[0m
[ 38%] [32mBuilding CXX object CMakeFiles/lidar_interfaces__rosidl_typesupport_fastrtps_cpp.dir/rosidl_typesupport_fastrtps_cpp/lidar_interfaces/msg/detail/dds_fastrtps/scan__type_support.cpp.o[0m
[ 41%] [32mBuilding CXX object CMakeFiles/lidar_interfaces__rosidl_typesupport_introspection_cpp.dir/rosidl_typesupport_introspection_cpp/lidar_interfaces/srv/detail/break__type_support.cpp.o[0m
[ 43%] [32mBuilding CXX object CMakeFiles/lidar_interfaces__rosidl_typesupport_introspection_cpp.dir/rosidl_typesupport_introspection_cpp/lidar_interfaces/msg/detail/scan__type_support.cpp.o[0m
[ 48%] [32mBuilding CXX object CMakeFiles/lidar_interfaces__rosidl_typesupport_c.dir/rosidl_typesupport_c/lidar_interfaces/msg/scan__type_support.cpp.o[0m
[ 48%] [32mBuilding CXX object CMakeFiles/lidar_interfaces__rosidl_typesupport_c.dir/rosidl_typesupport_c/lidar_interfaces/srv/break__type_support.cpp.o[0m
[ 51%] [32m[1mLinking CXX shared library liblidar_interfaces__rosidl_typesupport_c.so[0m
[ 51%] Built target lidar_interfaces__rosidl_typesupport_c
[ 56%] [32mBuilding C object CMakeFiles/lidar_interfaces__rosidl_typesupport_introspection_c.dir/rosidl_typesupport_introspection_c/lidar_interfaces/srv/detail/break__type_support.c.o[0m
[ 56%] [32mBuilding C object CMakeFiles/lidar_interfaces__rosidl_typesupport_introspection_c.dir/rosidl_typesupport_introspection_c/lidar_interfaces/msg/detail/scan__type_support.c.o[0m
[ 58%] [32m[1mLinking CXX shared library liblidar_interfaces__rosidl_typesupport_cpp.so[0m
[ 61%] [32mBuilding CXX object CMakeFiles/lidar_interfaces__rosidl_typesupport_fastrtps_c.dir/rosidl_typesupport_fastrtps_c/lidar_interfaces/msg/detail/scan__type_support_c.cpp.o[0m
[ 64%] [32mBuilding CXX object CMakeFiles/lidar_interfaces__rosidl_typesupport_fastrtps_c.dir/rosidl_typesupport_fastrtps_c/lidar_interfaces/srv/detail/break__type_support_c.cpp.o[0m
[ 66%] [32m[1mLinking C shared library liblidar_interfaces__rosidl_typesupport_introspection_c.so[0m
[ 66%] Built target lidar_interfaces__rosidl_typesupport_cpp
[ 66%] Built target lidar_interfaces__rosidl_typesupport_introspection_c
[ 69%] [32m[1mLinking CXX shared library liblidar_interfaces__rosidl_typesupport_fastrtps_cpp.so[0m
[ 71%] [32m[1mLinking CXX shared library liblidar_interfaces__rosidl_typesupport_introspection_cpp.so[0m
[ 71%] Built target lidar_interfaces__rosidl_typesupport_fastrtps_cpp
[ 74%] [32m[1mLinking CXX shared library liblidar_interfaces__rosidl_typesupport_fastrtps_c.so[0m
[ 74%] Built target lidar_interfaces__rosidl_typesupport_introspection_cpp
[ 74%] Built target lidar_interfaces__rosidl_typesupport_fastrtps_c
[ 74%] Built target lidar_interfaces
[ 76%] [34m[1mGenerating Python code for ROS interfaces[0m
[ 76%] Built target lidar_interfaces__py
[ 79%] [32mBuilding C object CMakeFiles/lidar_interfaces__rosidl_generator_py.dir/rosidl_generator_py/lidar_interfaces/msg/_scan_s.c.o[0m
[ 82%] [32mBuilding C object CMakeFiles/lidar_interfaces__rosidl_generator_py.dir/rosidl_generator_py/lidar_interfaces/srv/_break_s.c.o[0m
[ 84%] [32m[1mLinking C shared library rosidl_generator_py/lidar_interfaces/liblidar_interfaces__rosidl_generator_py.so[0m
[ 84%] Built target lidar_interfaces__rosidl_generator_py
[ 87%] [32mBuilding C object CMakeFiles/lidar_interfaces__rosidl_typesupport_fastrtps_c__pyext.dir/rosidl_generator_py/lidar_interfaces/_lidar_interfaces_s.ep.rosidl_typesupport_fastrtps_c.c.o[0m
[ 89%] [32mBuilding C object CMakeFiles/lidar_interfaces__rosidl_typesupport_introspection_c__pyext.dir/rosidl_generator_py/lidar_interfaces/_lidar_interfaces_s.ep.rosidl_typesupport_introspection_c.c.o[0m
[ 92%] [32mBuilding C object CMakeFiles/lidar_interfaces__rosidl_typesupport_c__pyext.dir/rosidl_generator_py/lidar_interfaces/_lidar_interfaces_s.ep.rosidl_typesupport_c.c.o[0m
[ 94%] [32m[1mLinking C shared library rosidl_generator_py/lidar_interfaces/lidar_interfaces_s__rosidl_typesupport_introspection_c.cpython-310-x86_64-linux-gnu.so[0m
[ 97%] [32m[1mLinking C shared library rosidl_generator_py/lidar_interfaces/lidar_interfaces_s__rosidl_typesupport_fastrtps_c.cpython-310-x86_64-linux-gnu.so[0m
[ 97%] Built target lidar_interfaces__rosidl_typesupport_introspection_c__pyext
[ 97%] Built target lidar_interfaces__rosidl_typesupport_fastrtps_c__pyext
[100%] [32m[1mLinking C shared library rosidl_generator_py/lidar_interfaces/lidar_interfaces_s__rosidl_typesupport_c.cpython-310-x86_64-linux-gnu.so[0m
[100%] Built target lidar_interfaces__rosidl_typesupport_c__pyext
-- Install configuration: ""
-- Execute custom install script
-- Symlinking: /home/entity014/Ros-Major/650610841_final/install/lidar_interfaces/share/ament_index/resource_index/rosidl_interfaces/lidar_interfaces
-- Symlinking: /home/entity014/Ros-Major/650610841_final/install/lidar_interfaces/include/lidar_interfaces/lidar_interfaces/msg/detail/scan__functions.h
-- Symlinking: /home/entity014/Ros-Major/650610841_final/install/lidar_interfaces/include/lidar_interfaces/lidar_interfaces/msg/detail/scan__struct.h
-- Symlinking: /home/entity014/Ros-Major/650610841_final/install/lidar_interfaces/include/lidar_interfaces/lidar_interfaces/msg/detail/scan__type_support.h
-- Symlinking: /home/entity014/Ros-Major/650610841_final/install/lidar_interfaces/include/lidar_interfaces/lidar_interfaces/msg/rosidl_generator_c__visibility_control.h
-- Symlinking: /home/entity014/Ros-Major/650610841_final/install/lidar_interfaces/include/lidar_interfaces/lidar_interfaces/msg/scan.h
-- Symlinking: /home/entity014/Ros-Major/650610841_final/install/lidar_interfaces/include/lidar_interfaces/lidar_interfaces/srv/break.h
-- Symlinking: /home/entity014/Ros-Major/650610841_final/install/lidar_interfaces/include/lidar_interfaces/lidar_interfaces/srv/detail/break__functions.h
-- Symlinking: /home/entity014/Ros-Major/650610841_final/install/lidar_interfaces/include/lidar_interfaces/lidar_interfaces/srv/detail/break__struct.h
-- Symlinking: /home/entity014/Ros-Major/650610841_final/install/lidar_interfaces/include/lidar_interfaces/lidar_interfaces/srv/detail/break__type_support.h
-- Symlinking: /home/entity014/Ros-Major/650610841_final/install/lidar_interfaces/share/lidar_interfaces/environment/library_path.sh
-- Symlinking: /home/entity014/Ros-Major/650610841_final/install/lidar_interfaces/share/lidar_interfaces/environment/library_path.dsv
-- Symlinking: /home/entity014/Ros-Major/650610841_final/install/lidar_interfaces/include/lidar_interfaces/lidar_interfaces/msg/detail/scan__rosidl_typesupport_fastrtps_c.h
-- Symlinking: /home/entity014/Ros-Major/650610841_final/install/lidar_interfaces/include/lidar_interfaces/lidar_interfaces/msg/rosidl_typesupport_fastrtps_c__visibility_control.h
-- Symlinking: /home/entity014/Ros-Major/650610841_final/install/lidar_interfaces/include/lidar_interfaces/lidar_interfaces/srv/detail/break__rosidl_typesupport_fastrtps_c.h
-- Symlinking: /home/entity014/Ros-Major/650610841_final/install/lidar_interfaces/include/lidar_interfaces/lidar_interfaces/msg/detail/scan__builder.hpp
-- Symlinking: /home/entity014/Ros-Major/650610841_final/install/lidar_interfaces/include/lidar_interfaces/lidar_interfaces/msg/detail/scan__struct.hpp
-- Symlinking: /home/entity014/Ros-Major/650610841_final/install/lidar_interfaces/include/lidar_interfaces/lidar_interfaces/msg/detail/scan__traits.hpp
-- Symlinking: /home/entity014/Ros-Major/650610841_final/install/lidar_interfaces/include/lidar_interfaces/lidar_interfaces/msg/detail/scan__type_support.hpp
-- Symlinking: /home/entity014/Ros-Major/650610841_final/install/lidar_interfaces/include/lidar_interfaces/lidar_interfaces/msg/rosidl_generator_cpp__visibility_control.hpp
-- Symlinking: /home/entity014/Ros-Major/650610841_final/install/lidar_interfaces/include/lidar_interfaces/lidar_interfaces/msg/scan.hpp
-- Symlinking: /home/entity014/Ros-Major/650610841_final/install/lidar_interfaces/include/lidar_interfaces/lidar_interfaces/srv/break.hpp
-- Symlinking: /home/entity014/Ros-Major/650610841_final/install/lidar_interfaces/include/lidar_interfaces/lidar_interfaces/srv/detail/break__builder.hpp
-- Symlinking: /home/entity014/Ros-Major/650610841_final/install/lidar_interfaces/include/lidar_interfaces/lidar_interfaces/srv/detail/break__struct.hpp
-- Symlinking: /home/entity014/Ros-Major/650610841_final/install/lidar_interfaces/include/lidar_interfaces/lidar_interfaces/srv/detail/break__traits.hpp
-- Symlinking: /home/entity014/Ros-Major/650610841_final/install/lidar_interfaces/include/lidar_interfaces/lidar_interfaces/srv/detail/break__type_support.hpp
-- Symlinking: /home/entity014/Ros-Major/650610841_final/install/lidar_interfaces/include/lidar_interfaces/lidar_interfaces/msg/detail/scan__rosidl_typesupport_fastrtps_cpp.hpp
-- Symlinking: /home/entity014/Ros-Major/650610841_final/install/lidar_interfaces/include/lidar_interfaces/lidar_interfaces/msg/rosidl_typesupport_fastrtps_cpp__visibility_control.h
-- Symlinking: /home/entity014/Ros-Major/650610841_final/install/lidar_interfaces/include/lidar_interfaces/lidar_interfaces/srv/detail/break__rosidl_typesupport_fastrtps_cpp.hpp
-- Symlinking: /home/entity014/Ros-Major/650610841_final/install/lidar_interfaces/include/lidar_interfaces/lidar_interfaces/msg/detail/scan__rosidl_typesupport_introspection_c.h
-- Symlinking: /home/entity014/Ros-Major/650610841_final/install/lidar_interfaces/include/lidar_interfaces/lidar_interfaces/msg/rosidl_typesupport_introspection_c__visibility_control.h
-- Symlinking: /home/entity014/Ros-Major/650610841_final/install/lidar_interfaces/include/lidar_interfaces/lidar_interfaces/srv/detail/break__rosidl_typesupport_introspection_c.h
-- Symlinking: /home/entity014/Ros-Major/650610841_final/install/lidar_interfaces/include/lidar_interfaces/lidar_interfaces/msg/detail/scan__rosidl_typesupport_introspection_cpp.hpp
-- Symlinking: /home/entity014/Ros-Major/650610841_final/install/lidar_interfaces/include/lidar_interfaces/lidar_interfaces/srv/detail/break__rosidl_typesupport_introspection_cpp.hpp
-- Symlinking: /home/entity014/Ros-Major/650610841_final/install/lidar_interfaces/share/lidar_interfaces/environment/pythonpath.sh
-- Symlinking: /home/entity014/Ros-Major/650610841_final/install/lidar_interfaces/share/lidar_interfaces/environment/pythonpath.dsv
-- Symlinking: /home/entity014/Ros-Major/650610841_final/install/lidar_interfaces/local/lib/python3.10/dist-packages/lidar_interfaces-0.0.0-py3.10.egg-info/PKG-INFO
-- Symlinking: /home/entity014/Ros-Major/650610841_final/install/lidar_interfaces/local/lib/python3.10/dist-packages/lidar_interfaces-0.0.0-py3.10.egg-info/SOURCES.txt
-- Symlinking: /home/entity014/Ros-Major/650610841_final/install/lidar_interfaces/local/lib/python3.10/dist-packages/lidar_interfaces-0.0.0-py3.10.egg-info/dependency_links.txt
-- Symlinking: /home/entity014/Ros-Major/650610841_final/install/lidar_interfaces/local/lib/python3.10/dist-packages/lidar_interfaces-0.0.0-py3.10.egg-info/top_level.txt
-- Symlinking: /home/entity014/Ros-Major/650610841_final/install/lidar_interfaces/local/lib/python3.10/dist-packages/lidar_interfaces/__init__.py
-- Symlinking: /home/entity014/Ros-Major/650610841_final/install/lidar_interfaces/local/lib/python3.10/dist-packages/lidar_interfaces/_lidar_interfaces_s.ep.rosidl_typesupport_c.c
-- Symlinking: /home/entity014/Ros-Major/650610841_final/install/lidar_interfaces/local/lib/python3.10/dist-packages/lidar_interfaces/_lidar_interfaces_s.ep.rosidl_typesupport_fastrtps_c.c
-- Symlinking: /home/entity014/Ros-Major/650610841_final/install/lidar_interfaces/local/lib/python3.10/dist-packages/lidar_interfaces/_lidar_interfaces_s.ep.rosidl_typesupport_introspection_c.c
-- Symlinking: /home/entity014/Ros-Major/650610841_final/install/lidar_interfaces/local/lib/python3.10/dist-packages/lidar_interfaces/liblidar_interfaces__rosidl_generator_py.so
-- Symlinking: /home/entity014/Ros-Major/650610841_final/install/lidar_interfaces/local/lib/python3.10/dist-packages/lidar_interfaces/lidar_interfaces_s__rosidl_typesupport_c.cpython-310-x86_64-linux-gnu.so
-- Symlinking: /home/entity014/Ros-Major/650610841_final/install/lidar_interfaces/local/lib/python3.10/dist-packages/lidar_interfaces/lidar_interfaces_s__rosidl_typesupport_fastrtps_c.cpython-310-x86_64-linux-gnu.so
-- Symlinking: /home/entity014/Ros-Major/650610841_final/install/lidar_interfaces/local/lib/python3.10/dist-packages/lidar_interfaces/lidar_interfaces_s__rosidl_typesupport_introspection_c.cpython-310-x86_64-linux-gnu.so
-- Symlinking: /home/entity014/Ros-Major/650610841_final/install/lidar_interfaces/local/lib/python3.10/dist-packages/lidar_interfaces/msg/__init__.py
-- Symlinking: /home/entity014/Ros-Major/650610841_final/install/lidar_interfaces/local/lib/python3.10/dist-packages/lidar_interfaces/msg/_scan.py
-- Symlinking: /home/entity014/Ros-Major/650610841_final/install/lidar_interfaces/local/lib/python3.10/dist-packages/lidar_interfaces/msg/_scan_s.c
-- Symlinking: /home/entity014/Ros-Major/650610841_final/install/lidar_interfaces/local/lib/python3.10/dist-packages/lidar_interfaces/srv/__init__.py
-- Symlinking: /home/entity014/Ros-Major/650610841_final/install/lidar_interfaces/local/lib/python3.10/dist-packages/lidar_interfaces/srv/_break.py
-- Symlinking: /home/entity014/Ros-Major/650610841_final/install/lidar_interfaces/local/lib/python3.10/dist-packages/lidar_interfaces/srv/_break_s.c
-- Up-to-date symlink: /home/entity014/Ros-Major/650610841_final/install/lidar_interfaces/local/lib/python3.10/dist-packages/lidar_interfaces/lidar_interfaces_s__rosidl_typesupport_fastrtps_c.cpython-310-x86_64-linux-gnu.so
-- Up-to-date symlink: /home/entity014/Ros-Major/650610841_final/install/lidar_interfaces/local/lib/python3.10/dist-packages/lidar_interfaces/lidar_interfaces_s__rosidl_typesupport_introspection_c.cpython-310-x86_64-linux-gnu.so
-- Up-to-date symlink: /home/entity014/Ros-Major/650610841_final/install/lidar_interfaces/local/lib/python3.10/dist-packages/lidar_interfaces/lidar_interfaces_s__rosidl_typesupport_c.cpython-310-x86_64-linux-gnu.so
-- Symlinking: /home/entity014/Ros-Major/650610841_final/install/lidar_interfaces/share/lidar_interfaces/msg/Scan.idl
-- Symlinking: /home/entity014/Ros-Major/650610841_final/install/lidar_interfaces/share/lidar_interfaces/srv/Break.idl
-- Symlinking: /home/entity014/Ros-Major/650610841_final/install/lidar_interfaces/share/lidar_interfaces/msg/Scan.msg
-- Symlinking: /home/entity014/Ros-Major/650610841_final/install/lidar_interfaces/share/lidar_interfaces/srv/Break.srv
-- Symlinking: /home/entity014/Ros-Major/650610841_final/install/lidar_interfaces/share/lidar_interfaces/srv/Break_Request.msg
-- Symlinking: /home/entity014/Ros-Major/650610841_final/install/lidar_interfaces/share/lidar_interfaces/srv/Break_Response.msg
-- Symlinking: /home/entity014/Ros-Major/650610841_final/install/lidar_interfaces/share/ament_index/resource_index/package_run_dependencies/lidar_interfaces
-- Symlinking: /home/entity014/Ros-Major/650610841_final/install/lidar_interfaces/share/ament_index/resource_index/parent_prefix_path/lidar_interfaces
-- Symlinking: /home/entity014/Ros-Major/650610841_final/install/lidar_interfaces/share/lidar_interfaces/environment/ament_prefix_path.sh
-- Symlinking: /home/entity014/Ros-Major/650610841_final/install/lidar_interfaces/share/lidar_interfaces/environment/ament_prefix_path.dsv
-- Symlinking: /home/entity014/Ros-Major/650610841_final/install/lidar_interfaces/share/lidar_interfaces/environment/path.sh
-- Symlinking: /home/entity014/Ros-Major/650610841_final/install/lidar_interfaces/share/lidar_interfaces/environment/path.dsv
-- Symlinking: /home/entity014/Ros-Major/650610841_final/install/lidar_interfaces/share/lidar_interfaces/local_setup.bash
-- Symlinking: /home/entity014/Ros-Major/650610841_final/install/lidar_interfaces/share/lidar_interfaces/local_setup.sh
-- Symlinking: /home/entity014/Ros-Major/650610841_final/install/lidar_interfaces/share/lidar_interfaces/local_setup.zsh
-- Symlinking: /home/entity014/Ros-Major/650610841_final/install/lidar_interfaces/share/lidar_interfaces/local_setup.dsv
-- Symlinking: /home/entity014/Ros-Major/650610841_final/install/lidar_interfaces/share/lidar_interfaces/package.dsv
-- Symlinking: /home/entity014/Ros-Major/650610841_final/install/lidar_interfaces/share/ament_index/resource_index/packages/lidar_interfaces
-- Symlinking: /home/entity014/Ros-Major/650610841_final/install/lidar_interfaces/share/lidar_interfaces/cmake/rosidl_cmake-extras.cmake
-- Symlinking: /home/entity014/Ros-Major/650610841_final/install/lidar_interfaces/share/lidar_interfaces/cmake/ament_cmake_export_dependencies-extras.cmake
-- Symlinking: /home/entity014/Ros-Major/650610841_final/install/lidar_interfaces/share/lidar_interfaces/cmake/ament_cmake_export_include_directories-extras.cmake
-- Symlinking: /home/entity014/Ros-Major/650610841_final/install/lidar_interfaces/share/lidar_interfaces/cmake/ament_cmake_export_libraries-extras.cmake
-- Symlinking: /home/entity014/Ros-Major/650610841_final/install/lidar_interfaces/share/lidar_interfaces/cmake/ament_cmake_export_targets-extras.cmake
-- Symlinking: /home/entity014/Ros-Major/650610841_final/install/lidar_interfaces/share/lidar_interfaces/cmake/rosidl_cmake_export_typesupport_targets-extras.cmake
-- Symlinking: /home/entity014/Ros-Major/650610841_final/install/lidar_interfaces/share/lidar_interfaces/cmake/rosidl_cmake_export_typesupport_libraries-extras.cmake
-- Symlinking: /home/entity014/Ros-Major/650610841_final/install/lidar_interfaces/share/lidar_interfaces/cmake/lidar_interfacesConfig.cmake
-- Symlinking: /home/entity014/Ros-Major/650610841_final/install/lidar_interfaces/share/lidar_interfaces/cmake/lidar_interfacesConfig-version.cmake
-- Symlinking: /home/entity014/Ros-Major/650610841_final/install/lidar_interfaces/share/lidar_interfaces/package.xml
-- Installing: /home/entity014/Ros-Major/650610841_final/install/lidar_interfaces/lib/liblidar_interfaces__rosidl_generator_c.so
-- Set runtime path of "/home/entity014/Ros-Major/650610841_final/install/lidar_interfaces/lib/liblidar_interfaces__rosidl_generator_c.so" to ""
-- Installing: /home/entity014/Ros-Major/650610841_final/install/lidar_interfaces/lib/liblidar_interfaces__rosidl_typesupport_fastrtps_c.so
-- Set runtime path of "/home/entity014/Ros-Major/650610841_final/install/lidar_interfaces/lib/liblidar_interfaces__rosidl_typesupport_fastrtps_c.so" to ""
-- Installing: /home/entity014/Ros-Major/650610841_final/install/lidar_interfaces/lib/liblidar_interfaces__rosidl_typesupport_fastrtps_cpp.so
-- Set runtime path of "/home/entity014/Ros-Major/650610841_final/install/lidar_interfaces/lib/liblidar_interfaces__rosidl_typesupport_fastrtps_cpp.so" to ""
-- Installing: /home/entity014/Ros-Major/650610841_final/install/lidar_interfaces/lib/liblidar_interfaces__rosidl_typesupport_introspection_c.so
-- Set runtime path of "/home/entity014/Ros-Major/650610841_final/install/lidar_interfaces/lib/liblidar_interfaces__rosidl_typesupport_introspection_c.so" to ""
-- Installing: /home/entity014/Ros-Major/650610841_final/install/lidar_interfaces/lib/liblidar_interfaces__rosidl_typesupport_c.so
-- Set runtime path of "/home/entity014/Ros-Major/650610841_final/install/lidar_interfaces/lib/liblidar_interfaces__rosidl_typesupport_c.so" to ""
-- Installing: /home/entity014/Ros-Major/650610841_final/install/lidar_interfaces/lib/liblidar_interfaces__rosidl_typesupport_introspection_cpp.so
-- Set runtime path of "/home/entity014/Ros-Major/650610841_final/install/lidar_interfaces/lib/liblidar_interfaces__rosidl_typesupport_introspection_cpp.so" to ""
-- Installing: /home/entity014/Ros-Major/650610841_final/install/lidar_interfaces/lib/liblidar_interfaces__rosidl_typesupport_cpp.so
-- Set runtime path of "/home/entity014/Ros-Major/650610841_final/install/lidar_interfaces/lib/liblidar_interfaces__rosidl_typesupport_cpp.so" to ""
Listing '/home/entity014/Ros-Major/650610841_final/install/lidar_interfaces/local/lib/python3.10/dist-packages/lidar_interfaces'...
Compiling '/home/entity014/Ros-Major/650610841_final/install/lidar_interfaces/local/lib/python3.10/dist-packages/lidar_interfaces/__init__.py'...
Listing '/home/entity014/Ros-Major/650610841_final/install/lidar_interfaces/local/lib/python3.10/dist-packages/lidar_interfaces/msg'...
Compiling '/home/entity014/Ros-Major/650610841_final/install/lidar_interfaces/local/lib/python3.10/dist-packages/lidar_interfaces/msg/__init__.py'...
Compiling '/home/entity014/Ros-Major/650610841_final/install/lidar_interfaces/local/lib/python3.10/dist-packages/lidar_interfaces/msg/_scan.py'...
Listing '/home/entity014/Ros-Major/650610841_final/install/lidar_interfaces/local/lib/python3.10/dist-packages/lidar_interfaces/srv'...
Compiling '/home/entity014/Ros-Major/650610841_final/install/lidar_interfaces/local/lib/python3.10/dist-packages/lidar_interfaces/srv/__init__.py'...
Compiling '/home/entity014/Ros-Major/650610841_final/install/lidar_interfaces/local/lib/python3.10/dist-packages/lidar_interfaces/srv/_break.py'...
-- Installing: /home/entity014/Ros-Major/650610841_final/install/lidar_interfaces/lib/liblidar_interfaces__rosidl_generator_py.so
-- Set runtime path of "/home/entity014/Ros-Major/650610841_final/install/lidar_interfaces/lib/liblidar_interfaces__rosidl_generator_py.so" to ""
-- Installing: /home/entity014/Ros-Major/650610841_final/install/lidar_interfaces/share/lidar_interfaces/cmake/export_lidar_interfaces__rosidl_generator_cExport.cmake
-- Installing: /home/entity014/Ros-Major/650610841_final/install/lidar_interfaces/share/lidar_interfaces/cmake/export_lidar_interfaces__rosidl_generator_cExport-noconfig.cmake
-- Installing: /home/entity014/Ros-Major/650610841_final/install/lidar_interfaces/share/lidar_interfaces/cmake/export_lidar_interfaces__rosidl_typesupport_fastrtps_cExport.cmake
-- Installing: /home/entity014/Ros-Major/650610841_final/install/lidar_interfaces/share/lidar_interfaces/cmake/export_lidar_interfaces__rosidl_typesupport_fastrtps_cExport-noconfig.cmake
-- Installing: /home/entity014/Ros-Major/650610841_final/install/lidar_interfaces/share/lidar_interfaces/cmake/export_lidar_interfaces__rosidl_generator_cppExport.cmake
-- Installing: /home/entity014/Ros-Major/650610841_final/install/lidar_interfaces/share/lidar_interfaces/cmake/export_lidar_interfaces__rosidl_typesupport_fastrtps_cppExport.cmake
-- Installing: /home/entity014/Ros-Major/650610841_final/install/lidar_interfaces/share/lidar_interfaces/cmake/export_lidar_interfaces__rosidl_typesupport_fastrtps_cppExport-noconfig.cmake
-- Installing: /home/entity014/Ros-Major/650610841_final/install/lidar_interfaces/share/lidar_interfaces/cmake/lidar_interfaces__rosidl_typesupport_introspection_cExport.cmake
-- Installing: /home/entity014/Ros-Major/650610841_final/install/lidar_interfaces/share/lidar_interfaces/cmake/lidar_interfaces__rosidl_typesupport_introspection_cExport-noconfig.cmake
-- Installing: /home/entity014/Ros-Major/650610841_final/install/lidar_interfaces/share/lidar_interfaces/cmake/lidar_interfaces__rosidl_typesupport_cExport.cmake
-- Installing: /home/entity014/Ros-Major/650610841_final/install/lidar_interfaces/share/lidar_interfaces/cmake/lidar_interfaces__rosidl_typesupport_cExport-noconfig.cmake
-- Installing: /home/entity014/Ros-Major/650610841_final/install/lidar_interfaces/share/lidar_interfaces/cmake/lidar_interfaces__rosidl_typesupport_introspection_cppExport.cmake
-- Installing: /home/entity014/Ros-Major/650610841_final/install/lidar_interfaces/share/lidar_interfaces/cmake/lidar_interfaces__rosidl_typesupport_introspection_cppExport-noconfig.cmake
-- Installing: /home/entity014/Ros-Major/650610841_final/install/lidar_interfaces/share/lidar_interfaces/cmake/lidar_interfaces__rosidl_typesupport_cppExport.cmake
-- Installing: /home/entity014/Ros-Major/650610841_final/install/lidar_interfaces/share/lidar_interfaces/cmake/lidar_interfaces__rosidl_typesupport_cppExport-noconfig.cmake
-- Installing: /home/entity014/Ros-Major/650610841_final/install/lidar_interfaces/share/lidar_interfaces/cmake/export_lidar_interfaces__rosidl_generator_pyExport.cmake
-- Installing: /home/entity014/Ros-Major/650610841_final/install/lidar_interfaces/share/lidar_interfaces/cmake/export_lidar_interfaces__rosidl_generator_pyExport-noconfig.cmake
