[2.103s] Invoking command in '/home/robot_ws/src/assign2_650610841': CMAKE_PREFIX_PATH=/home/robot_ws/install/myword_650610841:/home/robot_ws/install/sllidar_ros2 LD_LIBRARY_PATH=/home/robot_ws/install/myword_650610841/lib:/usr/lib/x86_64-linux-gnu/gazebo-11/plugins:/opt/ros/humble/opt/rviz_ogre_vendor/lib:/opt/ros/humble/lib/x86_64-linux-gnu:/opt/ros/humble/lib:/usr/lib/x86_64-linux-gnu/gazebo-11/plugins PYTHONPATH=/home/robot_ws/build/assign2_650610841/prefix_override:/usr/lib/python3/dist-packages/colcon_core/task/python/colcon_distutils_commands:/home/robot_ws/install/assign2_650610841/lib/python3.10/site-packages:${PYTHONPATH} /usr/bin/python3 -W ignore:setup.py install is deprecated -W ignore:easy_install command is deprecated setup.py egg_info --egg-base ../../build/assign2_650610841 build --build-base /home/robot_ws/build/assign2_650610841/build install --record /home/robot_ws/build/assign2_650610841/install.log --single-version-externally-managed install_data
[2.303s] running egg_info
[2.303s] writing ../../build/assign2_650610841/assign2_650610841.egg-info/PKG-INFO
[2.304s] writing dependency_links to ../../build/assign2_650610841/assign2_650610841.egg-info/dependency_links.txt
[2.304s] writing entry points to ../../build/assign2_650610841/assign2_650610841.egg-info/entry_points.txt
[2.304s] writing requirements to ../../build/assign2_650610841/assign2_650610841.egg-info/requires.txt
[2.304s] writing top-level names to ../../build/assign2_650610841/assign2_650610841.egg-info/top_level.txt
[2.306s] reading manifest file '../../build/assign2_650610841/assign2_650610841.egg-info/SOURCES.txt'
[2.306s] adding license file 'LICENSE'
[2.307s] writing manifest file '../../build/assign2_650610841/assign2_650610841.egg-info/SOURCES.txt'
[2.307s] running build
[2.307s] running build_py
[2.307s] running install
[2.307s] running install_lib
[2.309s] running install_data
[2.309s] running install_egg_info
[2.311s] removing '/home/robot_ws/install/assign2_650610841/lib/python3.10/site-packages/assign2_650610841-0.0.0-py3.10.egg-info' (and everything under it)
[2.311s] Copying ../../build/assign2_650610841/assign2_650610841.egg-info to /home/robot_ws/install/assign2_650610841/lib/python3.10/site-packages/assign2_650610841-0.0.0-py3.10.egg-info
[2.312s] running install_scripts
[2.332s] Installing client script to /home/robot_ws/install/assign2_650610841/lib/assign2_650610841
[2.332s] Installing server script to /home/robot_ws/install/assign2_650610841/lib/assign2_650610841
[2.333s] Installing subscriber script to /home/robot_ws/install/assign2_650610841/lib/assign2_650610841
[2.333s] writing list of installed files to '/home/robot_ws/build/assign2_650610841/install.log'
[2.357s] Invoked command in '/home/robot_ws/src/assign2_650610841' returned '0': CMAKE_PREFIX_PATH=/home/robot_ws/install/myword_650610841:/home/robot_ws/install/sllidar_ros2 LD_LIBRARY_PATH=/home/robot_ws/install/myword_650610841/lib:/usr/lib/x86_64-linux-gnu/gazebo-11/plugins:/opt/ros/humble/opt/rviz_ogre_vendor/lib:/opt/ros/humble/lib/x86_64-linux-gnu:/opt/ros/humble/lib:/usr/lib/x86_64-linux-gnu/gazebo-11/plugins PYTHONPATH=/home/robot_ws/build/assign2_650610841/prefix_override:/usr/lib/python3/dist-packages/colcon_core/task/python/colcon_distutils_commands:/home/robot_ws/install/assign2_650610841/lib/python3.10/site-packages:${PYTHONPATH} /usr/bin/python3 -W ignore:setup.py install is deprecated -W ignore:easy_install command is deprecated setup.py egg_info --egg-base ../../build/assign2_650610841 build --build-base /home/robot_ws/build/assign2_650610841/build install --record /home/robot_ws/build/assign2_650610841/install.log --single-version-externally-managed install_data
