[0.022s] Invoking command in '/home/entity014/Ros-Major/650610841_final/build/lidar_interfaces': CMAKE_PREFIX_PATH=${CMAKE_PREFIX_PATH}:/home/entity014/Ros-Major/650610841_final/install/lidar_650610841:/home/entity014/turtlebot3_ws/install/turtlebot3_teleop:/home/entity014/turtlebot3_ws/install/turtlebot3_example:/opt/ros/humble /usr/bin/cmake /home/entity014/Ros-Major/650610841_final/src/lidar_interfaces -DCMAKE_INSTALL_PREFIX=/home/entity014/Ros-Major/650610841_final/install/lidar_interfaces
[0.027s] -- Found ament_cmake: 1.3.11 (/opt/ros/humble/share/ament_cmake/cmake)
[0.091s] -- Override CMake install command with custom implementation using symlinks instead of copying resources
[0.099s] -- Found std_msgs: 4.2.4 (/opt/ros/humble/share/std_msgs/cmake)
[0.117s] -- Found rosidl_generator_c: 3.1.6 (/opt/ros/humble/share/rosidl_generator_c/cmake)
[0.118s] -- Found rosidl_adapter: 3.1.6 (/opt/ros/humble/share/rosidl_adapter/cmake)
[0.122s] -- Found rosidl_generator_cpp: 3.1.6 (/opt/ros/humble/share/rosidl_generator_cpp/cmake)
[0.129s] -- Using all available rosidl_typesupport_c: rosidl_typesupport_fastrtps_c;rosidl_typesupport_introspection_c
[0.137s] -- Using all available rosidl_typesupport_cpp: rosidl_typesupport_fastrtps_cpp;rosidl_typesupport_introspection_cpp
[0.151s] -- Found rosidl_default_generators: 1.2.0 (/opt/ros/humble/share/rosidl_default_generators/cmake)
[0.305s] -- Found ament_cmake_ros: 0.10.0 (/opt/ros/humble/share/ament_cmake_ros/cmake)
[0.446s] -- Using all available rosidl_typesupport_c: rosidl_typesupport_fastrtps_c;rosidl_typesupport_introspection_c
[0.499s] -- Using all available rosidl_typesupport_cpp: rosidl_typesupport_fastrtps_cpp;rosidl_typesupport_introspection_cpp
[0.516s] -- Found python_cmake_module: 0.10.0 (/opt/ros/humble/share/python_cmake_module/cmake)
[0.532s] -- Using PYTHON_EXECUTABLE: /usr/bin/python3
[0.533s] -- Using PYTHON_INCLUDE_DIRS: /usr/include/python3.10
[0.533s] -- Using PYTHON_LIBRARIES: /usr/lib/x86_64-linux-gnu/libpython3.10.so
[0.555s] -- Found ament_lint_auto: 0.12.11 (/opt/ros/humble/share/ament_lint_auto/cmake)
[0.560s] -- Added test 'lint_cmake' to check CMake code style
[0.561s] -- Added test 'xmllint' to check XML markup files
[0.562s] -- Configuring done
[0.582s] -- Generating done
[0.590s] -- Build files have been written to: /home/entity014/Ros-Major/650610841_final/build/lidar_interfaces
[0.594s] Invoked command in '/home/entity014/Ros-Major/650610841_final/build/lidar_interfaces' returned '0': CMAKE_PREFIX_PATH=${CMAKE_PREFIX_PATH}:/home/entity014/Ros-Major/650610841_final/install/lidar_650610841:/home/entity014/turtlebot3_ws/install/turtlebot3_teleop:/home/entity014/turtlebot3_ws/install/turtlebot3_example:/opt/ros/humble /usr/bin/cmake /home/entity014/Ros-Major/650610841_final/src/lidar_interfaces -DCMAKE_INSTALL_PREFIX=/home/entity014/Ros-Major/650610841_final/install/lidar_interfaces
[0.595s] Invoking command in '/home/entity014/Ros-Major/650610841_final/build/lidar_interfaces': CMAKE_PREFIX_PATH=${CMAKE_PREFIX_PATH}:/home/entity014/Ros-Major/650610841_final/install/lidar_650610841:/home/entity014/turtlebot3_ws/install/turtlebot3_teleop:/home/entity014/turtlebot3_ws/install/turtlebot3_example:/opt/ros/humble /usr/bin/cmake --build /home/entity014/Ros-Major/650610841_final/build/lidar_interfaces -- -j16 -l16
[0.619s] [  2%] Built target lidar_interfaces__cpp
[0.620s] [ 12%] Built target lidar_interfaces__rosidl_generator_c
[0.623s] [ 12%] Built target ament_cmake_python_symlink_lidar_interfaces
[0.631s] [ 23%] Built target lidar_interfaces__rosidl_typesupport_cpp
[0.631s] [ 33%] Built target lidar_interfaces__rosidl_typesupport_c
[0.632s] [ 53%] Built target lidar_interfaces__rosidl_typesupport_introspection_c
[0.633s] [ 53%] Built target lidar_interfaces__rosidl_typesupport_fastrtps_c
[0.633s] [ 66%] Built target lidar_interfaces__rosidl_typesupport_fastrtps_cpp
[0.633s] [ 74%] Built target lidar_interfaces__rosidl_typesupport_introspection_cpp
[0.642s] [ 74%] Built target lidar_interfaces
[0.653s] [ 76%] Built target lidar_interfaces__py
[0.665s] [ 84%] Built target lidar_interfaces__rosidl_generator_py
[0.676s] [ 89%] Built target lidar_interfaces__rosidl_typesupport_introspection_c__pyext
[0.676s] [ 94%] Built target lidar_interfaces__rosidl_typesupport_c__pyext
[0.678s] [100%] Built target lidar_interfaces__rosidl_typesupport_fastrtps_c__pyext
[0.823s] running egg_info
[0.824s] writing lidar_interfaces.egg-info/PKG-INFO
[0.824s] writing dependency_links to lidar_interfaces.egg-info/dependency_links.txt
[0.824s] writing top-level names to lidar_interfaces.egg-info/top_level.txt
[0.825s] reading manifest file 'lidar_interfaces.egg-info/SOURCES.txt'
[0.826s] writing manifest file 'lidar_interfaces.egg-info/SOURCES.txt'
[0.843s] [100%] Built target ament_cmake_python_build_lidar_interfaces_egg
[0.848s] Invoked command in '/home/entity014/Ros-Major/650610841_final/build/lidar_interfaces' returned '0': CMAKE_PREFIX_PATH=${CMAKE_PREFIX_PATH}:/home/entity014/Ros-Major/650610841_final/install/lidar_650610841:/home/entity014/turtlebot3_ws/install/turtlebot3_teleop:/home/entity014/turtlebot3_ws/install/turtlebot3_example:/opt/ros/humble /usr/bin/cmake --build /home/entity014/Ros-Major/650610841_final/build/lidar_interfaces -- -j16 -l16
[0.849s] Invoking command in '/home/entity014/Ros-Major/650610841_final/build/lidar_interfaces': CMAKE_PREFIX_PATH=${CMAKE_PREFIX_PATH}:/home/entity014/Ros-Major/650610841_final/install/lidar_650610841:/home/entity014/turtlebot3_ws/install/turtlebot3_teleop:/home/entity014/turtlebot3_ws/install/turtlebot3_example:/opt/ros/humble /usr/bin/cmake --install /home/entity014/Ros-Major/650610841_final/build/lidar_interfaces
[0.853s] -- Install configuration: ""
[0.854s] -- Execute custom install script
[0.854s] -- Up-to-date symlink: /home/entity014/Ros-Major/650610841_final/install/lidar_interfaces/share/ament_index/resource_index/rosidl_interfaces/lidar_interfaces
[0.855s] -- Up-to-date symlink: /home/entity014/Ros-Major/650610841_final/install/lidar_interfaces/include/lidar_interfaces/lidar_interfaces/msg/detail/scan__functions.h
[0.855s] -- Up-to-date symlink: /home/entity014/Ros-Major/650610841_final/install/lidar_interfaces/include/lidar_interfaces/lidar_interfaces/msg/detail/scan__struct.h
[0.855s] -- Up-to-date symlink: /home/entity014/Ros-Major/650610841_final/install/lidar_interfaces/include/lidar_interfaces/lidar_interfaces/msg/detail/scan__type_support.h
[0.855s] -- Up-to-date symlink: /home/entity014/Ros-Major/650610841_final/install/lidar_interfaces/include/lidar_interfaces/lidar_interfaces/msg/rosidl_generator_c__visibility_control.h
[0.855s] -- Up-to-date symlink: /home/entity014/Ros-Major/650610841_final/install/lidar_interfaces/include/lidar_interfaces/lidar_interfaces/msg/scan.h
[0.855s] -- Up-to-date symlink: /home/entity014/Ros-Major/650610841_final/install/lidar_interfaces/include/lidar_interfaces/lidar_interfaces/srv/break.h
[0.855s] -- Up-to-date symlink: /home/entity014/Ros-Major/650610841_final/install/lidar_interfaces/include/lidar_interfaces/lidar_interfaces/srv/detail/break__functions.h
[0.856s] -- Up-to-date symlink: /home/entity014/Ros-Major/650610841_final/install/lidar_interfaces/include/lidar_interfaces/lidar_interfaces/srv/detail/break__struct.h
[0.856s] -- Up-to-date symlink: /home/entity014/Ros-Major/650610841_final/install/lidar_interfaces/include/lidar_interfaces/lidar_interfaces/srv/detail/break__type_support.h
[0.856s] -- Up-to-date symlink: /home/entity014/Ros-Major/650610841_final/install/lidar_interfaces/share/lidar_interfaces/environment/library_path.sh
[0.856s] -- Up-to-date symlink: /home/entity014/Ros-Major/650610841_final/install/lidar_interfaces/share/lidar_interfaces/environment/library_path.dsv
[0.857s] -- Up-to-date symlink: /home/entity014/Ros-Major/650610841_final/install/lidar_interfaces/include/lidar_interfaces/lidar_interfaces/msg/detail/scan__rosidl_typesupport_fastrtps_c.h
[0.857s] -- Up-to-date symlink: /home/entity014/Ros-Major/650610841_final/install/lidar_interfaces/include/lidar_interfaces/lidar_interfaces/msg/rosidl_typesupport_fastrtps_c__visibility_control.h
[0.857s] -- Up-to-date symlink: /home/entity014/Ros-Major/650610841_final/install/lidar_interfaces/include/lidar_interfaces/lidar_interfaces/srv/detail/break__rosidl_typesupport_fastrtps_c.h
[0.857s] -- Up-to-date symlink: /home/entity014/Ros-Major/650610841_final/install/lidar_interfaces/include/lidar_interfaces/lidar_interfaces/msg/detail/scan__builder.hpp
[0.857s] -- Up-to-date symlink: /home/entity014/Ros-Major/650610841_final/install/lidar_interfaces/include/lidar_interfaces/lidar_interfaces/msg/detail/scan__struct.hpp
[0.858s] -- Up-to-date symlink: /home/entity014/Ros-Major/650610841_final/install/lidar_interfaces/include/lidar_interfaces/lidar_interfaces/msg/detail/scan__traits.hpp
[0.858s] -- Up-to-date symlink: /home/entity014/Ros-Major/650610841_final/install/lidar_interfaces/include/lidar_interfaces/lidar_interfaces/msg/detail/scan__type_support.hpp
[0.858s] -- Up-to-date symlink: /home/entity014/Ros-Major/650610841_final/install/lidar_interfaces/include/lidar_interfaces/lidar_interfaces/msg/rosidl_generator_cpp__visibility_control.hpp
[0.858s] -- Up-to-date symlink: /home/entity014/Ros-Major/650610841_final/install/lidar_interfaces/include/lidar_interfaces/lidar_interfaces/msg/scan.hpp
[0.858s] -- Up-to-date symlink: /home/entity014/Ros-Major/650610841_final/install/lidar_interfaces/include/lidar_interfaces/lidar_interfaces/srv/break.hpp
[0.858s] -- Up-to-date symlink: /home/entity014/Ros-Major/650610841_final/install/lidar_interfaces/include/lidar_interfaces/lidar_interfaces/srv/detail/break__builder.hpp
[0.858s] -- Up-to-date symlink: /home/entity014/Ros-Major/650610841_final/install/lidar_interfaces/include/lidar_interfaces/lidar_interfaces/srv/detail/break__struct.hpp
[0.858s] -- Up-to-date symlink: /home/entity014/Ros-Major/650610841_final/install/lidar_interfaces/include/lidar_interfaces/lidar_interfaces/srv/detail/break__traits.hpp
[0.858s] -- Up-to-date symlink: /home/entity014/Ros-Major/650610841_final/install/lidar_interfaces/include/lidar_interfaces/lidar_interfaces/srv/detail/break__type_support.hpp
[0.859s] -- Up-to-date symlink: /home/entity014/Ros-Major/650610841_final/install/lidar_interfaces/include/lidar_interfaces/lidar_interfaces/msg/detail/scan__rosidl_typesupport_fastrtps_cpp.hpp
[0.859s] -- Up-to-date symlink: /home/entity014/Ros-Major/650610841_final/install/lidar_interfaces/include/lidar_interfaces/lidar_interfaces/msg/rosidl_typesupport_fastrtps_cpp__visibility_control.h
[0.859s] -- Up-to-date symlink: /home/entity014/Ros-Major/650610841_final/install/lidar_interfaces/include/lidar_interfaces/lidar_interfaces/srv/detail/break__rosidl_typesupport_fastrtps_cpp.hpp
[0.859s] -- Up-to-date symlink: /home/entity014/Ros-Major/650610841_final/install/lidar_interfaces/include/lidar_interfaces/lidar_interfaces/msg/detail/scan__rosidl_typesupport_introspection_c.h
[0.860s] -- Up-to-date symlink: /home/entity014/Ros-Major/650610841_final/install/lidar_interfaces/include/lidar_interfaces/lidar_interfaces/msg/rosidl_typesupport_introspection_c__visibility_control.h
[0.860s] -- Up-to-date symlink: /home/entity014/Ros-Major/650610841_final/install/lidar_interfaces/include/lidar_interfaces/lidar_interfaces/srv/detail/break__rosidl_typesupport_introspection_c.h
[0.860s] -- Up-to-date symlink: /home/entity014/Ros-Major/650610841_final/install/lidar_interfaces/include/lidar_interfaces/lidar_interfaces/msg/detail/scan__rosidl_typesupport_introspection_cpp.hpp
[0.860s] -- Up-to-date symlink: /home/entity014/Ros-Major/650610841_final/install/lidar_interfaces/include/lidar_interfaces/lidar_interfaces/srv/detail/break__rosidl_typesupport_introspection_cpp.hpp
[0.860s] -- Up-to-date symlink: /home/entity014/Ros-Major/650610841_final/install/lidar_interfaces/share/lidar_interfaces/environment/pythonpath.sh
[0.860s] -- Up-to-date symlink: /home/entity014/Ros-Major/650610841_final/install/lidar_interfaces/share/lidar_interfaces/environment/pythonpath.dsv
[0.861s] -- Up-to-date symlink: /home/entity014/Ros-Major/650610841_final/install/lidar_interfaces/local/lib/python3.10/dist-packages/lidar_interfaces-0.0.0-py3.10.egg-info/PKG-INFO
[0.861s] -- Up-to-date symlink: /home/entity014/Ros-Major/650610841_final/install/lidar_interfaces/local/lib/python3.10/dist-packages/lidar_interfaces-0.0.0-py3.10.egg-info/SOURCES.txt
[0.861s] -- Up-to-date symlink: /home/entity014/Ros-Major/650610841_final/install/lidar_interfaces/local/lib/python3.10/dist-packages/lidar_interfaces-0.0.0-py3.10.egg-info/dependency_links.txt
[0.861s] -- Up-to-date symlink: /home/entity014/Ros-Major/650610841_final/install/lidar_interfaces/local/lib/python3.10/dist-packages/lidar_interfaces-0.0.0-py3.10.egg-info/top_level.txt
[0.861s] -- Up-to-date symlink: /home/entity014/Ros-Major/650610841_final/install/lidar_interfaces/local/lib/python3.10/dist-packages/lidar_interfaces/__init__.py
[0.861s] -- Up-to-date symlink: /home/entity014/Ros-Major/650610841_final/install/lidar_interfaces/local/lib/python3.10/dist-packages/lidar_interfaces/_lidar_interfaces_s.ep.rosidl_typesupport_c.c
[0.862s] -- Up-to-date symlink: /home/entity014/Ros-Major/650610841_final/install/lidar_interfaces/local/lib/python3.10/dist-packages/lidar_interfaces/_lidar_interfaces_s.ep.rosidl_typesupport_fastrtps_c.c
[0.862s] -- Up-to-date symlink: /home/entity014/Ros-Major/650610841_final/install/lidar_interfaces/local/lib/python3.10/dist-packages/lidar_interfaces/_lidar_interfaces_s.ep.rosidl_typesupport_introspection_c.c
[0.862s] -- Up-to-date symlink: /home/entity014/Ros-Major/650610841_final/install/lidar_interfaces/local/lib/python3.10/dist-packages/lidar_interfaces/liblidar_interfaces__rosidl_generator_py.so
[0.862s] -- Up-to-date symlink: /home/entity014/Ros-Major/650610841_final/install/lidar_interfaces/local/lib/python3.10/dist-packages/lidar_interfaces/lidar_interfaces_s__rosidl_typesupport_c.cpython-310-x86_64-linux-gnu.so
[0.862s] -- Up-to-date symlink: /home/entity014/Ros-Major/650610841_final/install/lidar_interfaces/local/lib/python3.10/dist-packages/lidar_interfaces/lidar_interfaces_s__rosidl_typesupport_fastrtps_c.cpython-310-x86_64-linux-gnu.so
[0.862s] -- Up-to-date symlink: /home/entity014/Ros-Major/650610841_final/install/lidar_interfaces/local/lib/python3.10/dist-packages/lidar_interfaces/lidar_interfaces_s__rosidl_typesupport_introspection_c.cpython-310-x86_64-linux-gnu.so
[0.862s] -- Up-to-date symlink: /home/entity014/Ros-Major/650610841_final/install/lidar_interfaces/local/lib/python3.10/dist-packages/lidar_interfaces/msg/__init__.py
[0.863s] -- Up-to-date symlink: /home/entity014/Ros-Major/650610841_final/install/lidar_interfaces/local/lib/python3.10/dist-packages/lidar_interfaces/msg/_scan.py
[0.863s] -- Up-to-date symlink: /home/entity014/Ros-Major/650610841_final/install/lidar_interfaces/local/lib/python3.10/dist-packages/lidar_interfaces/msg/_scan_s.c
[0.863s] -- Up-to-date symlink: /home/entity014/Ros-Major/650610841_final/install/lidar_interfaces/local/lib/python3.10/dist-packages/lidar_interfaces/srv/__init__.py
[0.863s] -- Up-to-date symlink: /home/entity014/Ros-Major/650610841_final/install/lidar_interfaces/local/lib/python3.10/dist-packages/lidar_interfaces/srv/_break.py
[0.863s] -- Up-to-date symlink: /home/entity014/Ros-Major/650610841_final/install/lidar_interfaces/local/lib/python3.10/dist-packages/lidar_interfaces/srv/_break_s.c
[0.863s] -- Up-to-date symlink: /home/entity014/Ros-Major/650610841_final/install/lidar_interfaces/local/lib/python3.10/dist-packages/lidar_interfaces/lidar_interfaces_s__rosidl_typesupport_fastrtps_c.cpython-310-x86_64-linux-gnu.so
[0.864s] -- Up-to-date symlink: /home/entity014/Ros-Major/650610841_final/install/lidar_interfaces/local/lib/python3.10/dist-packages/lidar_interfaces/lidar_interfaces_s__rosidl_typesupport_introspection_c.cpython-310-x86_64-linux-gnu.so
[0.864s] -- Up-to-date symlink: /home/entity014/Ros-Major/650610841_final/install/lidar_interfaces/local/lib/python3.10/dist-packages/lidar_interfaces/lidar_interfaces_s__rosidl_typesupport_c.cpython-310-x86_64-linux-gnu.so
[0.864s] -- Up-to-date symlink: /home/entity014/Ros-Major/650610841_final/install/lidar_interfaces/share/lidar_interfaces/msg/Scan.idl
[0.864s] -- Up-to-date symlink: /home/entity014/Ros-Major/650610841_final/install/lidar_interfaces/share/lidar_interfaces/srv/Break.idl
[0.864s] -- Up-to-date symlink: /home/entity014/Ros-Major/650610841_final/install/lidar_interfaces/share/lidar_interfaces/msg/Scan.msg
[0.864s] -- Up-to-date symlink: /home/entity014/Ros-Major/650610841_final/install/lidar_interfaces/share/lidar_interfaces/srv/Break.srv
[0.865s] -- Up-to-date symlink: /home/entity014/Ros-Major/650610841_final/install/lidar_interfaces/share/lidar_interfaces/srv/Break_Request.msg
[0.865s] -- Up-to-date symlink: /home/entity014/Ros-Major/650610841_final/install/lidar_interfaces/share/lidar_interfaces/srv/Break_Response.msg
[0.865s] -- Up-to-date symlink: /home/entity014/Ros-Major/650610841_final/install/lidar_interfaces/share/ament_index/resource_index/package_run_dependencies/lidar_interfaces
[0.865s] -- Up-to-date symlink: /home/entity014/Ros-Major/650610841_final/install/lidar_interfaces/share/ament_index/resource_index/parent_prefix_path/lidar_interfaces
[0.865s] -- Up-to-date symlink: /home/entity014/Ros-Major/650610841_final/install/lidar_interfaces/share/lidar_interfaces/environment/ament_prefix_path.sh
[0.865s] -- Up-to-date symlink: /home/entity014/Ros-Major/650610841_final/install/lidar_interfaces/share/lidar_interfaces/environment/ament_prefix_path.dsv
[0.866s] -- Up-to-date symlink: /home/entity014/Ros-Major/650610841_final/install/lidar_interfaces/share/lidar_interfaces/environment/path.sh
[0.866s] -- Up-to-date symlink: /home/entity014/Ros-Major/650610841_final/install/lidar_interfaces/share/lidar_interfaces/environment/path.dsv
[0.866s] -- Up-to-date symlink: /home/entity014/Ros-Major/650610841_final/install/lidar_interfaces/share/lidar_interfaces/local_setup.bash
[0.866s] -- Up-to-date symlink: /home/entity014/Ros-Major/650610841_final/install/lidar_interfaces/share/lidar_interfaces/local_setup.sh
[0.866s] -- Up-to-date symlink: /home/entity014/Ros-Major/650610841_final/install/lidar_interfaces/share/lidar_interfaces/local_setup.zsh
[0.866s] -- Up-to-date symlink: /home/entity014/Ros-Major/650610841_final/install/lidar_interfaces/share/lidar_interfaces/local_setup.dsv
[0.866s] -- Symlinking: /home/entity014/Ros-Major/650610841_final/install/lidar_interfaces/share/lidar_interfaces/package.dsv
[0.870s] -- Up-to-date symlink: /home/entity014/Ros-Major/650610841_final/install/lidar_interfaces/share/ament_index/resource_index/packages/lidar_interfaces
[0.870s] -- Up-to-date symlink: /home/entity014/Ros-Major/650610841_final/install/lidar_interfaces/share/lidar_interfaces/cmake/rosidl_cmake-extras.cmake
[0.870s] -- Up-to-date symlink: /home/entity014/Ros-Major/650610841_final/install/lidar_interfaces/share/lidar_interfaces/cmake/ament_cmake_export_dependencies-extras.cmake
[0.870s] -- Up-to-date symlink: /home/entity014/Ros-Major/650610841_final/install/lidar_interfaces/share/lidar_interfaces/cmake/ament_cmake_export_include_directories-extras.cmake
[0.870s] -- Up-to-date symlink: /home/entity014/Ros-Major/650610841_final/install/lidar_interfaces/share/lidar_interfaces/cmake/ament_cmake_export_libraries-extras.cmake
[0.871s] -- Up-to-date symlink: /home/entity014/Ros-Major/650610841_final/install/lidar_interfaces/share/lidar_interfaces/cmake/ament_cmake_export_targets-extras.cmake
[0.871s] -- Up-to-date symlink: /home/entity014/Ros-Major/650610841_final/install/lidar_interfaces/share/lidar_interfaces/cmake/rosidl_cmake_export_typesupport_targets-extras.cmake
[0.871s] -- Up-to-date symlink: /home/entity014/Ros-Major/650610841_final/install/lidar_interfaces/share/lidar_interfaces/cmake/rosidl_cmake_export_typesupport_libraries-extras.cmake
[0.871s] -- Up-to-date symlink: /home/entity014/Ros-Major/650610841_final/install/lidar_interfaces/share/lidar_interfaces/cmake/lidar_interfacesConfig.cmake
[0.871s] -- Up-to-date symlink: /home/entity014/Ros-Major/650610841_final/install/lidar_interfaces/share/lidar_interfaces/cmake/lidar_interfacesConfig-version.cmake
[0.871s] -- Up-to-date symlink: /home/entity014/Ros-Major/650610841_final/install/lidar_interfaces/share/lidar_interfaces/package.xml
[0.872s] -- Up-to-date: /home/entity014/Ros-Major/650610841_final/install/lidar_interfaces/lib/liblidar_interfaces__rosidl_generator_c.so
[0.872s] -- Up-to-date: /home/entity014/Ros-Major/650610841_final/install/lidar_interfaces/lib/liblidar_interfaces__rosidl_typesupport_fastrtps_c.so
[0.872s] -- Up-to-date: /home/entity014/Ros-Major/650610841_final/install/lidar_interfaces/lib/liblidar_interfaces__rosidl_typesupport_fastrtps_cpp.so
[0.873s] -- Up-to-date: /home/entity014/Ros-Major/650610841_final/install/lidar_interfaces/lib/liblidar_interfaces__rosidl_typesupport_introspection_c.so
[0.873s] -- Up-to-date: /home/entity014/Ros-Major/650610841_final/install/lidar_interfaces/lib/liblidar_interfaces__rosidl_typesupport_c.so
[0.873s] -- Up-to-date: /home/entity014/Ros-Major/650610841_final/install/lidar_interfaces/lib/liblidar_interfaces__rosidl_typesupport_introspection_cpp.so
[0.873s] -- Up-to-date: /home/entity014/Ros-Major/650610841_final/install/lidar_interfaces/lib/liblidar_interfaces__rosidl_typesupport_cpp.so
[0.902s] Listing '/home/entity014/Ros-Major/650610841_final/install/lidar_interfaces/local/lib/python3.10/dist-packages/lidar_interfaces'...
[0.902s] Compiling '/home/entity014/Ros-Major/650610841_final/install/lidar_interfaces/local/lib/python3.10/dist-packages/lidar_interfaces/__init__.py'...
[0.902s] Listing '/home/entity014/Ros-Major/650610841_final/install/lidar_interfaces/local/lib/python3.10/dist-packages/lidar_interfaces/msg'...
[0.902s] Listing '/home/entity014/Ros-Major/650610841_final/install/lidar_interfaces/local/lib/python3.10/dist-packages/lidar_interfaces/srv'...
[0.906s] -- Up-to-date: /home/entity014/Ros-Major/650610841_final/install/lidar_interfaces/lib/liblidar_interfaces__rosidl_generator_py.so
[0.906s] -- Up-to-date: /home/entity014/Ros-Major/650610841_final/install/lidar_interfaces/share/lidar_interfaces/cmake/export_lidar_interfaces__rosidl_generator_cExport.cmake
[0.906s] -- Up-to-date: /home/entity014/Ros-Major/650610841_final/install/lidar_interfaces/share/lidar_interfaces/cmake/export_lidar_interfaces__rosidl_generator_cExport-noconfig.cmake
[0.907s] -- Up-to-date: /home/entity014/Ros-Major/650610841_final/install/lidar_interfaces/share/lidar_interfaces/cmake/export_lidar_interfaces__rosidl_typesupport_fastrtps_cExport.cmake
[0.907s] -- Up-to-date: /home/entity014/Ros-Major/650610841_final/install/lidar_interfaces/share/lidar_interfaces/cmake/export_lidar_interfaces__rosidl_typesupport_fastrtps_cExport-noconfig.cmake
[0.907s] -- Up-to-date: /home/entity014/Ros-Major/650610841_final/install/lidar_interfaces/share/lidar_interfaces/cmake/export_lidar_interfaces__rosidl_generator_cppExport.cmake
[0.907s] -- Up-to-date: /home/entity014/Ros-Major/650610841_final/install/lidar_interfaces/share/lidar_interfaces/cmake/export_lidar_interfaces__rosidl_typesupport_fastrtps_cppExport.cmake
[0.907s] -- Up-to-date: /home/entity014/Ros-Major/650610841_final/install/lidar_interfaces/share/lidar_interfaces/cmake/export_lidar_interfaces__rosidl_typesupport_fastrtps_cppExport-noconfig.cmake
[0.907s] -- Up-to-date: /home/entity014/Ros-Major/650610841_final/install/lidar_interfaces/share/lidar_interfaces/cmake/lidar_interfaces__rosidl_typesupport_introspection_cExport.cmake
[0.907s] -- Up-to-date: /home/entity014/Ros-Major/650610841_final/install/lidar_interfaces/share/lidar_interfaces/cmake/lidar_interfaces__rosidl_typesupport_introspection_cExport-noconfig.cmake
[0.907s] -- Up-to-date: /home/entity014/Ros-Major/650610841_final/install/lidar_interfaces/share/lidar_interfaces/cmake/lidar_interfaces__rosidl_typesupport_cExport.cmake
[0.907s] -- Up-to-date: /home/entity014/Ros-Major/650610841_final/install/lidar_interfaces/share/lidar_interfaces/cmake/lidar_interfaces__rosidl_typesupport_cExport-noconfig.cmake
[0.907s] -- Up-to-date: /home/entity014/Ros-Major/650610841_final/install/lidar_interfaces/share/lidar_interfaces/cmake/lidar_interfaces__rosidl_typesupport_introspection_cppExport.cmake
[0.907s] -- Up-to-date: /home/entity014/Ros-Major/650610841_final/install/lidar_interfaces/share/lidar_interfaces/cmake/lidar_interfaces__rosidl_typesupport_introspection_cppExport-noconfig.cmake
[0.907s] -- Up-to-date: /home/entity014/Ros-Major/650610841_final/install/lidar_interfaces/share/lidar_interfaces/cmake/lidar_interfaces__rosidl_typesupport_cppExport.cmake
[0.908s] -- Up-to-date: /home/entity014/Ros-Major/650610841_final/install/lidar_interfaces/share/lidar_interfaces/cmake/lidar_interfaces__rosidl_typesupport_cppExport-noconfig.cmake
[0.908s] -- Up-to-date: /home/entity014/Ros-Major/650610841_final/install/lidar_interfaces/share/lidar_interfaces/cmake/export_lidar_interfaces__rosidl_generator_pyExport.cmake
[0.908s] -- Up-to-date: /home/entity014/Ros-Major/650610841_final/install/lidar_interfaces/share/lidar_interfaces/cmake/export_lidar_interfaces__rosidl_generator_pyExport-noconfig.cmake
[0.909s] Invoked command in '/home/entity014/Ros-Major/650610841_final/build/lidar_interfaces' returned '0': CMAKE_PREFIX_PATH=${CMAKE_PREFIX_PATH}:/home/entity014/Ros-Major/650610841_final/install/lidar_650610841:/home/entity014/turtlebot3_ws/install/turtlebot3_teleop:/home/entity014/turtlebot3_ws/install/turtlebot3_example:/opt/ros/humble /usr/bin/cmake --install /home/entity014/Ros-Major/650610841_final/build/lidar_interfaces
