[1.375s] Invoking command in '/home/robot_ws/src/assign3_650610841': PYTHONPATH=/home/robot_ws/build/assign3_650610841/prefix_override:/usr/lib/python3/dist-packages/colcon_core/task/python/colcon_distutils_commands:/home/robot_ws/install/assign3_650610841/lib/python3.10/site-packages:${PYTHONPATH} /usr/bin/python3 -W ignore:setup.py install is deprecated -W ignore:easy_install command is deprecated setup.py egg_info --egg-base ../../build/assign3_650610841 build --build-base /home/robot_ws/build/assign3_650610841/build install --record /home/robot_ws/build/assign3_650610841/install.log --single-version-externally-managed install_data
[1.696s] running egg_info
[1.696s] writing ../../build/assign3_650610841/assign3_650610841.egg-info/PKG-INFO
[1.697s] writing dependency_links to ../../build/assign3_650610841/assign3_650610841.egg-info/dependency_links.txt
[1.697s] writing entry points to ../../build/assign3_650610841/assign3_650610841.egg-info/entry_points.txt
[1.697s] writing requirements to ../../build/assign3_650610841/assign3_650610841.egg-info/requires.txt
[1.697s] writing top-level names to ../../build/assign3_650610841/assign3_650610841.egg-info/top_level.txt
[1.700s] reading manifest file '../../build/assign3_650610841/assign3_650610841.egg-info/SOURCES.txt'
[1.701s] adding license file 'LICENSE'
[1.702s] writing manifest file '../../build/assign3_650610841/assign3_650610841.egg-info/SOURCES.txt'
[1.702s] running build
[1.702s] running build_py
[1.702s] running install
[1.703s] running install_lib
[1.704s] running install_data
[1.704s] running install_egg_info
[1.707s] removing '/home/robot_ws/install/assign3_650610841/lib/python3.10/site-packages/assign3_650610841-0.0.0-py3.10.egg-info' (and everything under it)
[1.707s] Copying ../../build/assign3_650610841/assign3_650610841.egg-info to /home/robot_ws/install/assign3_650610841/lib/python3.10/site-packages/assign3_650610841-0.0.0-py3.10.egg-info
[1.709s] running install_scripts
[1.739s] writing list of installed files to '/home/robot_ws/build/assign3_650610841/install.log'
[1.765s] Invoked command in '/home/robot_ws/src/assign3_650610841' returned '0': PYTHONPATH=/home/robot_ws/build/assign3_650610841/prefix_override:/usr/lib/python3/dist-packages/colcon_core/task/python/colcon_distutils_commands:/home/robot_ws/install/assign3_650610841/lib/python3.10/site-packages:${PYTHONPATH} /usr/bin/python3 -W ignore:setup.py install is deprecated -W ignore:easy_install command is deprecated setup.py egg_info --egg-base ../../build/assign3_650610841 build --build-base /home/robot_ws/build/assign3_650610841/build install --record /home/robot_ws/build/assign3_650610841/install.log --single-version-externally-managed install_data
