[2.038s] DEBUG:colcon:Command line arguments: ['/usr/bin/colcon', 'build']
[2.039s] DEBUG:colcon:Parsed command line arguments: Namespace(log_base=None, log_level=None, verb_name='build', build_base='build', install_base='install', merge_install=False, symlink_install=False, test_result_base=None, continue_on_error=False, executor='parallel', parallel_workers=16, event_handlers=None, ignore_user_meta=False, metas=['./colcon.meta'], base_paths=['.'], packages_ignore=None, packages_ignore_regex=None, paths=None, packages_up_to=None, packages_up_to_regex=None, packages_above=None, packages_above_and_dependencies=None, packages_above_depth=None, packages_select_by_dep=None, packages_skip_by_dep=None, packages_skip_up_to=None, packages_select_build_failed=False, packages_skip_build_finished=False, packages_select_test_failures=False, packages_skip_test_passed=False, packages_select=None, packages_skip=None, packages_select_regex=None, packages_skip_regex=None, packages_start=None, packages_end=None, cmake_args=None, cmake_target=None, cmake_target_skip_unavailable=False, cmake_clean_cache=False, cmake_clean_first=False, cmake_force_configure=False, ament_cmake_args=None, catkin_cmake_args=None, catkin_skip_building_tests=False, mixin_files=None, mixin=None, verb_parser=<colcon_mixin.mixin.mixin_argument.MixinArgumentDecorator object at 0x7f3e17c556f0>, verb_extension=<colcon_core.verb.build.BuildVerb object at 0x7f3e17c551e0>, main=<bound method BuildVerb.main of <colcon_core.verb.build.BuildVerb object at 0x7f3e17c551e0>>, mixin_verb=('build',))
[4.051s] Level 1:colcon.colcon_core.package_discovery:discover_packages(colcon_meta) check parameters
[4.053s] Level 1:colcon.colcon_core.package_discovery:discover_packages(recursive) check parameters
[4.053s] Level 1:colcon.colcon_core.package_discovery:discover_packages(ignore) check parameters
[4.054s] Level 1:colcon.colcon_core.package_discovery:discover_packages(path) check parameters
[4.055s] Level 1:colcon.colcon_core.package_discovery:discover_packages(colcon_meta) discover
[4.056s] Level 1:colcon.colcon_core.package_discovery:discover_packages(recursive) discover
[4.057s] INFO:colcon.colcon_core.package_discovery:Crawling recursively for packages in '/home/robot_ws'
[4.065s] Level 1:colcon.colcon_core.package_identification:_identify(.) by extensions ['ignore', 'ignore_ament_install']
[4.066s] Level 1:colcon.colcon_core.package_identification:_identify(.) by extension 'ignore'
[4.068s] Level 1:colcon.colcon_core.package_identification:_identify(.) by extension 'ignore_ament_install'
[4.071s] Level 1:colcon.colcon_core.package_identification:_identify(.) by extensions ['colcon_pkg']
[4.072s] Level 1:colcon.colcon_core.package_identification:_identify(.) by extension 'colcon_pkg'
[4.073s] Level 1:colcon.colcon_core.package_identification:_identify(.) by extensions ['colcon_meta']
[4.074s] Level 1:colcon.colcon_core.package_identification:_identify(.) by extension 'colcon_meta'
[4.075s] Level 1:colcon.colcon_core.package_identification:_identify(.) by extensions ['ros']
[4.076s] Level 1:colcon.colcon_core.package_identification:_identify(.) by extension 'ros'
[4.144s] Level 1:colcon.colcon_core.package_identification:_identify(.) by extensions ['cmake', 'python']
[4.145s] Level 1:colcon.colcon_core.package_identification:_identify(.) by extension 'cmake'
[4.145s] Level 1:colcon.colcon_core.package_identification:_identify(.) by extension 'python'
[4.147s] Level 1:colcon.colcon_core.package_identification:_identify(.) by extensions ['python_setup_py']
[4.147s] Level 1:colcon.colcon_core.package_identification:_identify(.) by extension 'python_setup_py'
[4.156s] Level 1:colcon.colcon_core.package_identification:_identify(build) by extensions ['ignore', 'ignore_ament_install']
[4.157s] Level 1:colcon.colcon_core.package_identification:_identify(build) by extension 'ignore'
[4.161s] Level 1:colcon.colcon_core.package_identification:_identify(build) ignored
[4.170s] Level 1:colcon.colcon_core.package_identification:_identify(install) by extensions ['ignore', 'ignore_ament_install']
[4.170s] Level 1:colcon.colcon_core.package_identification:_identify(install) by extension 'ignore'
[4.176s] Level 1:colcon.colcon_core.package_identification:_identify(install) ignored
[4.190s] Level 1:colcon.colcon_core.package_identification:_identify(log) by extensions ['ignore', 'ignore_ament_install']
[4.190s] Level 1:colcon.colcon_core.package_identification:_identify(log) by extension 'ignore'
[4.192s] Level 1:colcon.colcon_core.package_identification:_identify(log) ignored
[4.197s] Level 1:colcon.colcon_core.package_identification:_identify(src) by extensions ['ignore', 'ignore_ament_install']
[4.198s] Level 1:colcon.colcon_core.package_identification:_identify(src) by extension 'ignore'
[4.201s] Level 1:colcon.colcon_core.package_identification:_identify(src) by extension 'ignore_ament_install'
[4.205s] Level 1:colcon.colcon_core.package_identification:_identify(src) by extensions ['colcon_pkg']
[4.205s] Level 1:colcon.colcon_core.package_identification:_identify(src) by extension 'colcon_pkg'
[4.208s] Level 1:colcon.colcon_core.package_identification:_identify(src) by extensions ['colcon_meta']
[4.209s] Level 1:colcon.colcon_core.package_identification:_identify(src) by extension 'colcon_meta'
[4.213s] Level 1:colcon.colcon_core.package_identification:_identify(src) by extensions ['ros']
[4.214s] Level 1:colcon.colcon_core.package_identification:_identify(src) by extension 'ros'
[4.225s] Level 1:colcon.colcon_core.package_identification:_identify(src) by extensions ['cmake', 'python']
[4.226s] Level 1:colcon.colcon_core.package_identification:_identify(src) by extension 'cmake'
[4.230s] Level 1:colcon.colcon_core.package_identification:_identify(src) by extension 'python'
[4.233s] Level 1:colcon.colcon_core.package_identification:_identify(src) by extensions ['python_setup_py']
[4.235s] Level 1:colcon.colcon_core.package_identification:_identify(src) by extension 'python_setup_py'
[4.258s] Level 1:colcon.colcon_core.package_identification:_identify(src/assign1_650610832) by extensions ['ignore', 'ignore_ament_install']
[4.259s] Level 1:colcon.colcon_core.package_identification:_identify(src/assign1_650610832) by extension 'ignore'
[4.265s] Level 1:colcon.colcon_core.package_identification:_identify(src/assign1_650610832) by extension 'ignore_ament_install'
[4.277s] Level 1:colcon.colcon_core.package_identification:_identify(src/assign1_650610832) by extensions ['colcon_pkg']
[4.278s] Level 1:colcon.colcon_core.package_identification:_identify(src/assign1_650610832) by extension 'colcon_pkg'
[4.284s] Level 1:colcon.colcon_core.package_identification:_identify(src/assign1_650610832) by extensions ['colcon_meta']
[4.285s] Level 1:colcon.colcon_core.package_identification:_identify(src/assign1_650610832) by extension 'colcon_meta'
[4.295s] Level 1:colcon.colcon_core.package_identification:_identify(src/assign1_650610832) by extensions ['ros']
[4.296s] Level 1:colcon.colcon_core.package_identification:_identify(src/assign1_650610832) by extension 'ros'
[4.354s] DEBUG:colcon.colcon_core.package_identification:Package 'src/assign1_650610832' with type 'ros.ament_python' and name 'assign1_650610832'
[4.381s] Level 1:colcon.colcon_core.package_identification:_identify(src/assign1_650610841) by extensions ['ignore', 'ignore_ament_install']
[4.381s] Level 1:colcon.colcon_core.package_identification:_identify(src/assign1_650610841) by extension 'ignore'
[4.384s] Level 1:colcon.colcon_core.package_identification:_identify(src/assign1_650610841) by extension 'ignore_ament_install'
[4.390s] Level 1:colcon.colcon_core.package_identification:_identify(src/assign1_650610841) by extensions ['colcon_pkg']
[4.391s] Level 1:colcon.colcon_core.package_identification:_identify(src/assign1_650610841) by extension 'colcon_pkg'
[4.397s] Level 1:colcon.colcon_core.package_identification:_identify(src/assign1_650610841) by extensions ['colcon_meta']
[4.397s] Level 1:colcon.colcon_core.package_identification:_identify(src/assign1_650610841) by extension 'colcon_meta'
[4.407s] Level 1:colcon.colcon_core.package_identification:_identify(src/assign1_650610841) by extensions ['ros']
[4.408s] Level 1:colcon.colcon_core.package_identification:_identify(src/assign1_650610841) by extension 'ros'
[4.477s] DEBUG:colcon.colcon_core.package_identification:Package 'src/assign1_650610841' with type 'ros.ament_python' and name 'assign1_650610841'
[4.478s] Level 1:colcon.colcon_core.package_discovery:discover_packages(recursive) using defaults
[4.479s] Level 1:colcon.colcon_core.package_discovery:discover_packages(ignore) discover
[4.480s] Level 1:colcon.colcon_core.package_discovery:discover_packages(ignore) using defaults
[4.481s] Level 1:colcon.colcon_core.package_discovery:discover_packages(path) discover
[4.481s] Level 1:colcon.colcon_core.package_discovery:discover_packages(path) using defaults
[4.798s] Level 5:colcon.colcon_core.verb:set package 'assign1_650610832' build argument 'cmake_args' from command line to 'None'
[4.798s] Level 5:colcon.colcon_core.verb:set package 'assign1_650610832' build argument 'cmake_target' from command line to 'None'
[4.799s] Level 5:colcon.colcon_core.verb:set package 'assign1_650610832' build argument 'cmake_target_skip_unavailable' from command line to 'False'
[4.799s] Level 5:colcon.colcon_core.verb:set package 'assign1_650610832' build argument 'cmake_clean_cache' from command line to 'False'
[4.800s] Level 5:colcon.colcon_core.verb:set package 'assign1_650610832' build argument 'cmake_clean_first' from command line to 'False'
[4.800s] Level 5:colcon.colcon_core.verb:set package 'assign1_650610832' build argument 'cmake_force_configure' from command line to 'False'
[4.801s] Level 5:colcon.colcon_core.verb:set package 'assign1_650610832' build argument 'ament_cmake_args' from command line to 'None'
[4.802s] Level 5:colcon.colcon_core.verb:set package 'assign1_650610832' build argument 'catkin_cmake_args' from command line to 'None'
[4.802s] Level 5:colcon.colcon_core.verb:set package 'assign1_650610832' build argument 'catkin_skip_building_tests' from command line to 'False'
[4.803s] DEBUG:colcon.colcon_core.verb:Building package 'assign1_650610832' with the following arguments: {'ament_cmake_args': None, 'build_base': '/home/robot_ws/build/assign1_650610832', 'catkin_cmake_args': None, 'catkin_skip_building_tests': False, 'cmake_args': None, 'cmake_clean_cache': False, 'cmake_clean_first': False, 'cmake_force_configure': False, 'cmake_target': None, 'cmake_target_skip_unavailable': False, 'install_base': '/home/robot_ws/install/assign1_650610832', 'merge_install': False, 'path': '/home/robot_ws/src/assign1_650610832', 'symlink_install': False, 'test_result_base': None}
[4.803s] Level 5:colcon.colcon_core.verb:set package 'assign1_650610841' build argument 'cmake_args' from command line to 'None'
[4.804s] Level 5:colcon.colcon_core.verb:set package 'assign1_650610841' build argument 'cmake_target' from command line to 'None'
[4.805s] Level 5:colcon.colcon_core.verb:set package 'assign1_650610841' build argument 'cmake_target_skip_unavailable' from command line to 'False'
[4.806s] Level 5:colcon.colcon_core.verb:set package 'assign1_650610841' build argument 'cmake_clean_cache' from command line to 'False'
[4.806s] Level 5:colcon.colcon_core.verb:set package 'assign1_650610841' build argument 'cmake_clean_first' from command line to 'False'
[4.807s] Level 5:colcon.colcon_core.verb:set package 'assign1_650610841' build argument 'cmake_force_configure' from command line to 'False'
[4.808s] Level 5:colcon.colcon_core.verb:set package 'assign1_650610841' build argument 'ament_cmake_args' from command line to 'None'
[4.809s] Level 5:colcon.colcon_core.verb:set package 'assign1_650610841' build argument 'catkin_cmake_args' from command line to 'None'
[4.810s] Level 5:colcon.colcon_core.verb:set package 'assign1_650610841' build argument 'catkin_skip_building_tests' from command line to 'False'
[4.812s] DEBUG:colcon.colcon_core.verb:Building package 'assign1_650610841' with the following arguments: {'ament_cmake_args': None, 'build_base': '/home/robot_ws/build/assign1_650610841', 'catkin_cmake_args': None, 'catkin_skip_building_tests': False, 'cmake_args': None, 'cmake_clean_cache': False, 'cmake_clean_first': False, 'cmake_force_configure': False, 'cmake_target': None, 'cmake_target_skip_unavailable': False, 'install_base': '/home/robot_ws/install/assign1_650610841', 'merge_install': False, 'path': '/home/robot_ws/src/assign1_650610841', 'symlink_install': False, 'test_result_base': None}
[4.813s] INFO:colcon.colcon_core.executor:Executing jobs using 'parallel' executor
[4.816s] DEBUG:colcon.colcon_parallel_executor.executor.parallel:run_until_complete
[4.818s] INFO:colcon.colcon_ros.task.ament_python.build:Building ROS package in '/home/robot_ws/src/assign1_650610832' with build type 'ament_python'
[4.819s] Level 1:colcon.colcon_core.shell:create_environment_hook('assign1_650610832', 'ament_prefix_path')
[4.870s] INFO:colcon.colcon_core.plugin_system:Skipping extension 'colcon_core.shell.bat': Not used on non-Windows systems
[4.871s] INFO:colcon.colcon_core.shell:Creating environment hook '/home/robot_ws/install/assign1_650610832/share/assign1_650610832/hook/ament_prefix_path.ps1'
[4.912s] INFO:colcon.colcon_core.shell:Creating environment descriptor '/home/robot_ws/install/assign1_650610832/share/assign1_650610832/hook/ament_prefix_path.dsv'
[4.996s] INFO:colcon.colcon_core.shell:Creating environment hook '/home/robot_ws/install/assign1_650610832/share/assign1_650610832/hook/ament_prefix_path.sh'
[5.063s] INFO:colcon.colcon_core.shell:Skip shell extension 'powershell' for command environment: Not usable outside of PowerShell
[5.064s] DEBUG:colcon.colcon_core.shell:Skip shell extension 'dsv' for command environment
[5.197s] INFO:colcon.colcon_ros.task.ament_python.build:Building ROS package in '/home/robot_ws/src/assign1_650610841' with build type 'ament_python'
[5.198s] Level 1:colcon.colcon_core.shell:create_environment_hook('assign1_650610841', 'ament_prefix_path')
[5.199s] INFO:colcon.colcon_core.shell:Creating environment hook '/home/robot_ws/install/assign1_650610841/share/assign1_650610841/hook/ament_prefix_path.ps1'
[5.225s] INFO:colcon.colcon_core.shell:Creating environment descriptor '/home/robot_ws/install/assign1_650610841/share/assign1_650610841/hook/ament_prefix_path.dsv'
[5.238s] INFO:colcon.colcon_core.shell:Creating environment hook '/home/robot_ws/install/assign1_650610841/share/assign1_650610841/hook/ament_prefix_path.sh'
[5.253s] INFO:colcon.colcon_core.shell:Skip shell extension 'powershell' for command environment: Not usable outside of PowerShell
[5.253s] DEBUG:colcon.colcon_core.shell:Skip shell extension 'dsv' for command environment
[7.423s] INFO:colcon.colcon_core.task.python.build:Building Python package in '/home/robot_ws/src/assign1_650610832'
[7.425s] INFO:colcon.colcon_core.shell:Skip shell extension 'powershell' for command environment: Not usable outside of PowerShell
[7.425s] DEBUG:colcon.colcon_core.shell:Skip shell extension 'dsv' for command environment
[10.694s] INFO:colcon.colcon_core.task.python.build:Building Python package in '/home/robot_ws/src/assign1_650610841'
[10.695s] INFO:colcon.colcon_core.shell:Skip shell extension 'powershell' for command environment: Not usable outside of PowerShell
[10.697s] DEBUG:colcon.colcon_core.shell:Skip shell extension 'dsv' for command environment
[12.852s] DEBUG:colcon.colcon_core.event_handler.log_command:Invoking command in '/home/robot_ws/src/assign1_650610841': PYTHONPATH=/home/robot_ws/build/assign1_650610841/prefix_override:/usr/lib/python3/dist-packages/colcon_core/task/python/colcon_distutils_commands:/home/robot_ws/install/assign1_650610841/lib/python3.10/site-packages:${PYTHONPATH} /usr/bin/python3 -W ignore:setup.py install is deprecated -W ignore:easy_install command is deprecated setup.py egg_info --egg-base ../../build/assign1_650610841 build --build-base /home/robot_ws/build/assign1_650610841/build install --record /home/robot_ws/build/assign1_650610841/install.log --single-version-externally-managed install_data
[12.933s] DEBUG:colcon.colcon_core.event_handler.log_command:Invoking command in '/home/robot_ws/src/assign1_650610832': PYTHONPATH=/home/robot_ws/build/assign1_650610832/prefix_override:/usr/lib/python3/dist-packages/colcon_core/task/python/colcon_distutils_commands:/home/robot_ws/install/assign1_650610832/lib/python3.10/site-packages:${PYTHONPATH} /usr/bin/python3 -W ignore:setup.py install is deprecated -W ignore:easy_install command is deprecated setup.py egg_info --egg-base ../../build/assign1_650610832 build --build-base /home/robot_ws/build/assign1_650610832/build install --record /home/robot_ws/build/assign1_650610832/install.log --single-version-externally-managed install_data
[14.801s] DEBUG:colcon.colcon_core.event_handler.log_command:Invoked command in '/home/robot_ws/src/assign1_650610841' returned '0': PYTHONPATH=/home/robot_ws/build/assign1_650610841/prefix_override:/usr/lib/python3/dist-packages/colcon_core/task/python/colcon_distutils_commands:/home/robot_ws/install/assign1_650610841/lib/python3.10/site-packages:${PYTHONPATH} /usr/bin/python3 -W ignore:setup.py install is deprecated -W ignore:easy_install command is deprecated setup.py egg_info --egg-base ../../build/assign1_650610841 build --build-base /home/robot_ws/build/assign1_650610841/build install --record /home/robot_ws/build/assign1_650610841/install.log --single-version-externally-managed install_data
[14.823s] Level 1:colcon.colcon_core.environment:checking '/home/robot_ws/install/assign1_650610841' for CMake module files
[14.870s] Level 1:colcon.colcon_core.environment:checking '/home/robot_ws/install/assign1_650610841' for CMake config files
[14.949s] Level 1:colcon.colcon_core.environment:checking '/home/robot_ws/install/assign1_650610841/lib'
[14.952s] Level 1:colcon.colcon_core.environment:checking '/home/robot_ws/install/assign1_650610841/bin'
[14.953s] Level 1:colcon.colcon_core.environment:checking '/home/robot_ws/install/assign1_650610841/lib/pkgconfig/assign1_650610841.pc'
[14.955s] Level 1:colcon.colcon_core.environment:checking '/home/robot_ws/install/assign1_650610841/lib/python3.10/site-packages'
[14.957s] Level 1:colcon.colcon_core.shell:create_environment_hook('assign1_650610841', 'pythonpath')
[14.957s] INFO:colcon.colcon_core.shell:Creating environment hook '/home/robot_ws/install/assign1_650610841/share/assign1_650610841/hook/pythonpath.ps1'
[14.969s] INFO:colcon.colcon_core.shell:Creating environment descriptor '/home/robot_ws/install/assign1_650610841/share/assign1_650610841/hook/pythonpath.dsv'
[14.983s] INFO:colcon.colcon_core.shell:Creating environment hook '/home/robot_ws/install/assign1_650610841/share/assign1_650610841/hook/pythonpath.sh'
[14.997s] Level 1:colcon.colcon_core.environment:checking '/home/robot_ws/install/assign1_650610841/bin'
[14.998s] Level 1:colcon.colcon_core.environment:create_environment_scripts_only(assign1_650610841)
[14.998s] INFO:colcon.colcon_core.shell:Creating package script '/home/robot_ws/install/assign1_650610841/share/assign1_650610841/package.ps1'
[15.010s] INFO:colcon.colcon_core.shell:Creating package descriptor '/home/robot_ws/install/assign1_650610841/share/assign1_650610841/package.dsv'
[15.022s] INFO:colcon.colcon_core.shell:Creating package script '/home/robot_ws/install/assign1_650610841/share/assign1_650610841/package.sh'
[15.035s] INFO:colcon.colcon_core.shell:Creating package script '/home/robot_ws/install/assign1_650610841/share/assign1_650610841/package.bash'
[15.048s] INFO:colcon.colcon_core.shell:Creating package script '/home/robot_ws/install/assign1_650610841/share/assign1_650610841/package.zsh'
[15.062s] Level 1:colcon.colcon_core.environment:create_file_with_runtime_dependencies(/home/robot_ws/install/assign1_650610841/share/colcon-core/packages/assign1_650610841)
[15.076s] Level 1:colcon.colcon_core.environment:checking '/home/robot_ws/install/assign1_650610832' for CMake module files
[15.087s] DEBUG:colcon.colcon_core.event_handler.log_command:Invoked command in '/home/robot_ws/src/assign1_650610832' returned '0': PYTHONPATH=/home/robot_ws/build/assign1_650610832/prefix_override:/usr/lib/python3/dist-packages/colcon_core/task/python/colcon_distutils_commands:/home/robot_ws/install/assign1_650610832/lib/python3.10/site-packages:${PYTHONPATH} /usr/bin/python3 -W ignore:setup.py install is deprecated -W ignore:easy_install command is deprecated setup.py egg_info --egg-base ../../build/assign1_650610832 build --build-base /home/robot_ws/build/assign1_650610832/build install --record /home/robot_ws/build/assign1_650610832/install.log --single-version-externally-managed install_data
[15.134s] Level 1:colcon.colcon_core.environment:checking '/home/robot_ws/install/assign1_650610832' for CMake config files
[15.259s] Level 1:colcon.colcon_core.environment:checking '/home/robot_ws/install/assign1_650610832/lib'
[15.269s] Level 1:colcon.colcon_core.environment:checking '/home/robot_ws/install/assign1_650610832/bin'
[15.271s] Level 1:colcon.colcon_core.environment:checking '/home/robot_ws/install/assign1_650610832/lib/pkgconfig/assign1_650610832.pc'
[15.274s] Level 1:colcon.colcon_core.environment:checking '/home/robot_ws/install/assign1_650610832/lib/python3.10/site-packages'
[15.277s] Level 1:colcon.colcon_core.shell:create_environment_hook('assign1_650610832', 'pythonpath')
[15.278s] INFO:colcon.colcon_core.shell:Creating environment hook '/home/robot_ws/install/assign1_650610832/share/assign1_650610832/hook/pythonpath.ps1'
[15.298s] INFO:colcon.colcon_core.shell:Creating environment descriptor '/home/robot_ws/install/assign1_650610832/share/assign1_650610832/hook/pythonpath.dsv'
[15.328s] INFO:colcon.colcon_core.shell:Creating environment hook '/home/robot_ws/install/assign1_650610832/share/assign1_650610832/hook/pythonpath.sh'
[15.373s] Level 1:colcon.colcon_core.environment:checking '/home/robot_ws/install/assign1_650610832/bin'
[15.378s] Level 1:colcon.colcon_core.environment:create_environment_scripts_only(assign1_650610832)
[15.379s] INFO:colcon.colcon_core.shell:Creating package script '/home/robot_ws/install/assign1_650610832/share/assign1_650610832/package.ps1'
[15.427s] INFO:colcon.colcon_core.shell:Creating package descriptor '/home/robot_ws/install/assign1_650610832/share/assign1_650610832/package.dsv'
[15.481s] INFO:colcon.colcon_core.shell:Creating package script '/home/robot_ws/install/assign1_650610832/share/assign1_650610832/package.sh'
[15.532s] INFO:colcon.colcon_core.shell:Creating package script '/home/robot_ws/install/assign1_650610832/share/assign1_650610832/package.bash'
[15.559s] INFO:colcon.colcon_core.shell:Creating package script '/home/robot_ws/install/assign1_650610832/share/assign1_650610832/package.zsh'
[15.576s] Level 1:colcon.colcon_core.environment:create_file_with_runtime_dependencies(/home/robot_ws/install/assign1_650610832/share/colcon-core/packages/assign1_650610832)
[15.586s] DEBUG:colcon.colcon_parallel_executor.executor.parallel:closing loop
[15.587s] DEBUG:colcon.colcon_parallel_executor.executor.parallel:loop closed
[15.587s] DEBUG:colcon.colcon_parallel_executor.executor.parallel:run_until_complete finished with '0'
[15.588s] DEBUG:colcon.colcon_core.event_reactor:joining thread
[15.658s] INFO:colcon.colcon_core.plugin_system:Skipping extension 'colcon_notification.desktop_notification.notify_send': Could not find 'notify-send'
[15.658s] INFO:colcon.colcon_core.plugin_system:Skipping extension 'colcon_notification.desktop_notification.terminal_notifier': Not used on non-Darwin systems
[15.659s] INFO:colcon.colcon_core.plugin_system:Skipping extension 'colcon_notification.desktop_notification.win32': Not used on non-Windows systems
[15.659s] INFO:colcon.colcon_notification.desktop_notification:Sending desktop notification using 'notify2'
[15.662s] DEBUG:colcon.colcon_notification.desktop_notification.notify2:Failed to initialize notify2: org.freedesktop.DBus.Error.Spawn.ExecFailed: /usr/bin/dbus-launch terminated abnormally without any error message
[15.663s] DEBUG:colcon.colcon_core.event_reactor:joined thread
[15.664s] INFO:colcon.colcon_core.shell:Creating prefix script '/home/robot_ws/install/local_setup.ps1'
[15.675s] INFO:colcon.colcon_core.shell:Creating prefix util module '/home/robot_ws/install/_local_setup_util_ps1.py'
[15.685s] INFO:colcon.colcon_core.shell:Creating prefix chain script '/home/robot_ws/install/setup.ps1'
[15.715s] INFO:colcon.colcon_core.shell:Creating prefix script '/home/robot_ws/install/local_setup.sh'
[15.723s] INFO:colcon.colcon_core.shell:Creating prefix util module '/home/robot_ws/install/_local_setup_util_sh.py'
[15.733s] INFO:colcon.colcon_core.shell:Creating prefix chain script '/home/robot_ws/install/setup.sh'
[15.770s] INFO:colcon.colcon_core.shell:Creating prefix script '/home/robot_ws/install/local_setup.bash'
[15.778s] INFO:colcon.colcon_core.shell:Creating prefix chain script '/home/robot_ws/install/setup.bash'
[15.824s] INFO:colcon.colcon_core.shell:Creating prefix script '/home/robot_ws/install/local_setup.zsh'
[15.841s] INFO:colcon.colcon_core.shell:Creating prefix chain script '/home/robot_ws/install/setup.zsh'
