[0.061s] DEBUG:colcon:Command line arguments: ['/usr/bin/colcon', 'build']
[0.061s] DEBUG:colcon:Parsed command line arguments: Namespace(log_base=None, log_level=None, verb_name='build', build_base='build', install_base='install', merge_install=False, symlink_install=False, test_result_base=None, continue_on_error=False, executor='parallel', parallel_workers=16, event_handlers=None, ignore_user_meta=False, metas=['./colcon.meta'], base_paths=['.'], packages_ignore=None, packages_ignore_regex=None, paths=None, packages_up_to=None, packages_up_to_regex=None, packages_above=None, packages_above_and_dependencies=None, packages_above_depth=None, packages_select_by_dep=None, packages_skip_by_dep=None, packages_skip_up_to=None, packages_select_build_failed=False, packages_skip_build_finished=False, packages_select_test_failures=False, packages_skip_test_passed=False, packages_select=None, packages_skip=None, packages_select_regex=None, packages_skip_regex=None, packages_start=None, packages_end=None, cmake_args=None, cmake_target=None, cmake_target_skip_unavailable=False, cmake_clean_cache=False, cmake_clean_first=False, cmake_force_configure=False, ament_cmake_args=None, catkin_cmake_args=None, catkin_skip_building_tests=False, mixin_files=None, mixin=None, verb_parser=<colcon_mixin.mixin.mixin_argument.MixinArgumentDecorator object at 0x7895e36f5480>, verb_extension=<colcon_core.verb.build.BuildVerb object at 0x7895e38ef640>, main=<bound method BuildVerb.main of <colcon_core.verb.build.BuildVerb object at 0x7895e38ef640>>, mixin_verb=('build',))
[0.139s] Level 1:colcon.colcon_core.package_discovery:discover_packages(colcon_meta) check parameters
[0.139s] Level 1:colcon.colcon_core.package_discovery:discover_packages(recursive) check parameters
[0.139s] Level 1:colcon.colcon_core.package_discovery:discover_packages(ignore) check parameters
[0.139s] Level 1:colcon.colcon_core.package_discovery:discover_packages(path) check parameters
[0.139s] Level 1:colcon.colcon_core.package_discovery:discover_packages(colcon_meta) discover
[0.139s] Level 1:colcon.colcon_core.package_discovery:discover_packages(recursive) discover
[0.140s] INFO:colcon.colcon_core.package_discovery:Crawling recursively for packages in '/home/robot_ws'
[0.140s] Level 1:colcon.colcon_core.package_identification:_identify(.) by extensions ['ignore', 'ignore_ament_install']
[0.140s] Level 1:colcon.colcon_core.package_identification:_identify(.) by extension 'ignore'
[0.140s] Level 1:colcon.colcon_core.package_identification:_identify(.) by extension 'ignore_ament_install'
[0.140s] Level 1:colcon.colcon_core.package_identification:_identify(.) by extensions ['colcon_pkg']
[0.140s] Level 1:colcon.colcon_core.package_identification:_identify(.) by extension 'colcon_pkg'
[0.140s] Level 1:colcon.colcon_core.package_identification:_identify(.) by extensions ['colcon_meta']
[0.140s] Level 1:colcon.colcon_core.package_identification:_identify(.) by extension 'colcon_meta'
[0.140s] Level 1:colcon.colcon_core.package_identification:_identify(.) by extensions ['ros']
[0.140s] Level 1:colcon.colcon_core.package_identification:_identify(.) by extension 'ros'
[0.147s] Level 1:colcon.colcon_core.package_identification:_identify(.) by extensions ['cmake', 'python']
[0.147s] Level 1:colcon.colcon_core.package_identification:_identify(.) by extension 'cmake'
[0.147s] Level 1:colcon.colcon_core.package_identification:_identify(.) by extension 'python'
[0.147s] Level 1:colcon.colcon_core.package_identification:_identify(.) by extensions ['python_setup_py']
[0.147s] Level 1:colcon.colcon_core.package_identification:_identify(.) by extension 'python_setup_py'
[0.147s] Level 1:colcon.colcon_core.package_identification:_identify(build) by extensions ['ignore', 'ignore_ament_install']
[0.147s] Level 1:colcon.colcon_core.package_identification:_identify(build) by extension 'ignore'
[0.147s] Level 1:colcon.colcon_core.package_identification:_identify(build) ignored
[0.147s] Level 1:colcon.colcon_core.package_identification:_identify(install) by extensions ['ignore', 'ignore_ament_install']
[0.147s] Level 1:colcon.colcon_core.package_identification:_identify(install) by extension 'ignore'
[0.148s] Level 1:colcon.colcon_core.package_identification:_identify(install) ignored
[0.148s] Level 1:colcon.colcon_core.package_identification:_identify(log) by extensions ['ignore', 'ignore_ament_install']
[0.148s] Level 1:colcon.colcon_core.package_identification:_identify(log) by extension 'ignore'
[0.148s] Level 1:colcon.colcon_core.package_identification:_identify(log) ignored
[0.148s] Level 1:colcon.colcon_core.package_identification:_identify(src) by extensions ['ignore', 'ignore_ament_install']
[0.148s] Level 1:colcon.colcon_core.package_identification:_identify(src) by extension 'ignore'
[0.148s] Level 1:colcon.colcon_core.package_identification:_identify(src) by extension 'ignore_ament_install'
[0.148s] Level 1:colcon.colcon_core.package_identification:_identify(src) by extensions ['colcon_pkg']
[0.148s] Level 1:colcon.colcon_core.package_identification:_identify(src) by extension 'colcon_pkg'
[0.148s] Level 1:colcon.colcon_core.package_identification:_identify(src) by extensions ['colcon_meta']
[0.148s] Level 1:colcon.colcon_core.package_identification:_identify(src) by extension 'colcon_meta'
[0.148s] Level 1:colcon.colcon_core.package_identification:_identify(src) by extensions ['ros']
[0.148s] Level 1:colcon.colcon_core.package_identification:_identify(src) by extension 'ros'
[0.148s] Level 1:colcon.colcon_core.package_identification:_identify(src) by extensions ['cmake', 'python']
[0.148s] Level 1:colcon.colcon_core.package_identification:_identify(src) by extension 'cmake'
[0.148s] Level 1:colcon.colcon_core.package_identification:_identify(src) by extension 'python'
[0.148s] Level 1:colcon.colcon_core.package_identification:_identify(src) by extensions ['python_setup_py']
[0.148s] Level 1:colcon.colcon_core.package_identification:_identify(src) by extension 'python_setup_py'
[0.148s] Level 1:colcon.colcon_core.package_identification:_identify(src/650610841_final) by extensions ['ignore', 'ignore_ament_install']
[0.148s] Level 1:colcon.colcon_core.package_identification:_identify(src/650610841_final) by extension 'ignore'
[0.148s] Level 1:colcon.colcon_core.package_identification:_identify(src/650610841_final) by extension 'ignore_ament_install'
[0.148s] Level 1:colcon.colcon_core.package_identification:_identify(src/650610841_final) by extensions ['colcon_pkg']
[0.148s] Level 1:colcon.colcon_core.package_identification:_identify(src/650610841_final) by extension 'colcon_pkg'
[0.148s] Level 1:colcon.colcon_core.package_identification:_identify(src/650610841_final) by extensions ['colcon_meta']
[0.148s] Level 1:colcon.colcon_core.package_identification:_identify(src/650610841_final) by extension 'colcon_meta'
[0.148s] Level 1:colcon.colcon_core.package_identification:_identify(src/650610841_final) by extensions ['ros']
[0.148s] Level 1:colcon.colcon_core.package_identification:_identify(src/650610841_final) by extension 'ros'
[0.150s] DEBUG:colcon.colcon_core.package_identification:Package 'src/650610841_final' with type 'ros.ament_python' and name '650610841_final'
[0.150s] Level 1:colcon.colcon_core.package_identification:_identify(src/assign1_650610841) by extensions ['ignore', 'ignore_ament_install']
[0.150s] Level 1:colcon.colcon_core.package_identification:_identify(src/assign1_650610841) by extension 'ignore'
[0.150s] Level 1:colcon.colcon_core.package_identification:_identify(src/assign1_650610841) by extension 'ignore_ament_install'
[0.150s] Level 1:colcon.colcon_core.package_identification:_identify(src/assign1_650610841) by extensions ['colcon_pkg']
[0.150s] Level 1:colcon.colcon_core.package_identification:_identify(src/assign1_650610841) by extension 'colcon_pkg'
[0.150s] Level 1:colcon.colcon_core.package_identification:_identify(src/assign1_650610841) by extensions ['colcon_meta']
[0.150s] Level 1:colcon.colcon_core.package_identification:_identify(src/assign1_650610841) by extension 'colcon_meta'
[0.150s] Level 1:colcon.colcon_core.package_identification:_identify(src/assign1_650610841) by extensions ['ros']
[0.150s] Level 1:colcon.colcon_core.package_identification:_identify(src/assign1_650610841) by extension 'ros'
[0.150s] DEBUG:colcon.colcon_core.package_identification:Package 'src/assign1_650610841' with type 'ros.ament_python' and name 'assign1_650610841'
[0.150s] Level 1:colcon.colcon_core.package_identification:_identify(src/assign2_650610841) by extensions ['ignore', 'ignore_ament_install']
[0.150s] Level 1:colcon.colcon_core.package_identification:_identify(src/assign2_650610841) by extension 'ignore'
[0.150s] Level 1:colcon.colcon_core.package_identification:_identify(src/assign2_650610841) by extension 'ignore_ament_install'
[0.150s] Level 1:colcon.colcon_core.package_identification:_identify(src/assign2_650610841) by extensions ['colcon_pkg']
[0.150s] Level 1:colcon.colcon_core.package_identification:_identify(src/assign2_650610841) by extension 'colcon_pkg'
[0.151s] Level 1:colcon.colcon_core.package_identification:_identify(src/assign2_650610841) by extensions ['colcon_meta']
[0.151s] Level 1:colcon.colcon_core.package_identification:_identify(src/assign2_650610841) by extension 'colcon_meta'
[0.151s] Level 1:colcon.colcon_core.package_identification:_identify(src/assign2_650610841) by extensions ['ros']
[0.151s] Level 1:colcon.colcon_core.package_identification:_identify(src/assign2_650610841) by extension 'ros'
[0.151s] DEBUG:colcon.colcon_core.package_identification:Package 'src/assign2_650610841' with type 'ros.ament_python' and name 'assign2_650610841'
[0.151s] Level 1:colcon.colcon_core.package_identification:_identify(src/assign3_650610841) by extensions ['ignore', 'ignore_ament_install']
[0.151s] Level 1:colcon.colcon_core.package_identification:_identify(src/assign3_650610841) by extension 'ignore'
[0.151s] Level 1:colcon.colcon_core.package_identification:_identify(src/assign3_650610841) by extension 'ignore_ament_install'
[0.151s] Level 1:colcon.colcon_core.package_identification:_identify(src/assign3_650610841) by extensions ['colcon_pkg']
[0.151s] Level 1:colcon.colcon_core.package_identification:_identify(src/assign3_650610841) by extension 'colcon_pkg'
[0.151s] Level 1:colcon.colcon_core.package_identification:_identify(src/assign3_650610841) by extensions ['colcon_meta']
[0.151s] Level 1:colcon.colcon_core.package_identification:_identify(src/assign3_650610841) by extension 'colcon_meta'
[0.151s] Level 1:colcon.colcon_core.package_identification:_identify(src/assign3_650610841) by extensions ['ros']
[0.151s] Level 1:colcon.colcon_core.package_identification:_identify(src/assign3_650610841) by extension 'ros'
[0.151s] DEBUG:colcon.colcon_core.package_identification:Package 'src/assign3_650610841' with type 'ros.ament_python' and name 'assign3_650610841'
[0.152s] Level 1:colcon.colcon_core.package_identification:_identify(src/assign4_650610841) by extensions ['ignore', 'ignore_ament_install']
[0.152s] Level 1:colcon.colcon_core.package_identification:_identify(src/assign4_650610841) by extension 'ignore'
[0.152s] Level 1:colcon.colcon_core.package_identification:_identify(src/assign4_650610841) by extension 'ignore_ament_install'
[0.152s] Level 1:colcon.colcon_core.package_identification:_identify(src/assign4_650610841) by extensions ['colcon_pkg']
[0.152s] Level 1:colcon.colcon_core.package_identification:_identify(src/assign4_650610841) by extension 'colcon_pkg'
[0.152s] Level 1:colcon.colcon_core.package_identification:_identify(src/assign4_650610841) by extensions ['colcon_meta']
[0.152s] Level 1:colcon.colcon_core.package_identification:_identify(src/assign4_650610841) by extension 'colcon_meta'
[0.152s] Level 1:colcon.colcon_core.package_identification:_identify(src/assign4_650610841) by extensions ['ros']
[0.152s] Level 1:colcon.colcon_core.package_identification:_identify(src/assign4_650610841) by extension 'ros'
[0.152s] DEBUG:colcon.colcon_core.package_identification:Package 'src/assign4_650610841' with type 'ros.ament_python' and name 'assign4_650610841'
[0.152s] Level 1:colcon.colcon_core.package_identification:_identify(src/myword_650610841) by extensions ['ignore', 'ignore_ament_install']
[0.152s] Level 1:colcon.colcon_core.package_identification:_identify(src/myword_650610841) by extension 'ignore'
[0.152s] Level 1:colcon.colcon_core.package_identification:_identify(src/myword_650610841) by extension 'ignore_ament_install'
[0.152s] Level 1:colcon.colcon_core.package_identification:_identify(src/myword_650610841) by extensions ['colcon_pkg']
[0.152s] Level 1:colcon.colcon_core.package_identification:_identify(src/myword_650610841) by extension 'colcon_pkg'
[0.152s] Level 1:colcon.colcon_core.package_identification:_identify(src/myword_650610841) by extensions ['colcon_meta']
[0.152s] Level 1:colcon.colcon_core.package_identification:_identify(src/myword_650610841) by extension 'colcon_meta'
[0.152s] Level 1:colcon.colcon_core.package_identification:_identify(src/myword_650610841) by extensions ['ros']
[0.152s] Level 1:colcon.colcon_core.package_identification:_identify(src/myword_650610841) by extension 'ros'
[0.153s] DEBUG:colcon.colcon_core.package_identification:Package 'src/myword_650610841' with type 'ros.ament_cmake' and name 'myword_650610841'
[0.153s] Level 1:colcon.colcon_core.package_identification:_identify(src/sllidar_ros2) by extensions ['ignore', 'ignore_ament_install']
[0.153s] Level 1:colcon.colcon_core.package_identification:_identify(src/sllidar_ros2) by extension 'ignore'
[0.153s] Level 1:colcon.colcon_core.package_identification:_identify(src/sllidar_ros2) by extension 'ignore_ament_install'
[0.153s] Level 1:colcon.colcon_core.package_identification:_identify(src/sllidar_ros2) by extensions ['colcon_pkg']
[0.153s] Level 1:colcon.colcon_core.package_identification:_identify(src/sllidar_ros2) by extension 'colcon_pkg'
[0.153s] Level 1:colcon.colcon_core.package_identification:_identify(src/sllidar_ros2) by extensions ['colcon_meta']
[0.153s] Level 1:colcon.colcon_core.package_identification:_identify(src/sllidar_ros2) by extension 'colcon_meta'
[0.153s] Level 1:colcon.colcon_core.package_identification:_identify(src/sllidar_ros2) by extensions ['ros']
[0.153s] Level 1:colcon.colcon_core.package_identification:_identify(src/sllidar_ros2) by extension 'ros'
[0.153s] DEBUG:colcon.colcon_core.package_identification:Package 'src/sllidar_ros2' with type 'ros.ament_cmake' and name 'sllidar_ros2'
[0.153s] Level 1:colcon.colcon_core.package_discovery:discover_packages(recursive) using defaults
[0.153s] Level 1:colcon.colcon_core.package_discovery:discover_packages(ignore) discover
[0.153s] Level 1:colcon.colcon_core.package_discovery:discover_packages(ignore) using defaults
[0.153s] Level 1:colcon.colcon_core.package_discovery:discover_packages(path) discover
[0.153s] Level 1:colcon.colcon_core.package_discovery:discover_packages(path) using defaults
[0.166s] Level 5:colcon.colcon_core.verb:set package '650610841_final' build argument 'cmake_args' from command line to 'None'
[0.166s] Level 5:colcon.colcon_core.verb:set package '650610841_final' build argument 'cmake_target' from command line to 'None'
[0.166s] Level 5:colcon.colcon_core.verb:set package '650610841_final' build argument 'cmake_target_skip_unavailable' from command line to 'False'
[0.166s] Level 5:colcon.colcon_core.verb:set package '650610841_final' build argument 'cmake_clean_cache' from command line to 'False'
[0.166s] Level 5:colcon.colcon_core.verb:set package '650610841_final' build argument 'cmake_clean_first' from command line to 'False'
[0.166s] Level 5:colcon.colcon_core.verb:set package '650610841_final' build argument 'cmake_force_configure' from command line to 'False'
[0.166s] Level 5:colcon.colcon_core.verb:set package '650610841_final' build argument 'ament_cmake_args' from command line to 'None'
[0.166s] Level 5:colcon.colcon_core.verb:set package '650610841_final' build argument 'catkin_cmake_args' from command line to 'None'
[0.166s] Level 5:colcon.colcon_core.verb:set package '650610841_final' build argument 'catkin_skip_building_tests' from command line to 'False'
[0.166s] DEBUG:colcon.colcon_core.verb:Building package '650610841_final' with the following arguments: {'ament_cmake_args': None, 'build_base': '/home/robot_ws/build/650610841_final', 'catkin_cmake_args': None, 'catkin_skip_building_tests': False, 'cmake_args': None, 'cmake_clean_cache': False, 'cmake_clean_first': False, 'cmake_force_configure': False, 'cmake_target': None, 'cmake_target_skip_unavailable': False, 'install_base': '/home/robot_ws/install/650610841_final', 'merge_install': False, 'path': '/home/robot_ws/src/650610841_final', 'symlink_install': False, 'test_result_base': None}
[0.166s] Level 5:colcon.colcon_core.verb:set package 'assign1_650610841' build argument 'cmake_args' from command line to 'None'
[0.166s] Level 5:colcon.colcon_core.verb:set package 'assign1_650610841' build argument 'cmake_target' from command line to 'None'
[0.166s] Level 5:colcon.colcon_core.verb:set package 'assign1_650610841' build argument 'cmake_target_skip_unavailable' from command line to 'False'
[0.166s] Level 5:colcon.colcon_core.verb:set package 'assign1_650610841' build argument 'cmake_clean_cache' from command line to 'False'
[0.166s] Level 5:colcon.colcon_core.verb:set package 'assign1_650610841' build argument 'cmake_clean_first' from command line to 'False'
[0.166s] Level 5:colcon.colcon_core.verb:set package 'assign1_650610841' build argument 'cmake_force_configure' from command line to 'False'
[0.166s] Level 5:colcon.colcon_core.verb:set package 'assign1_650610841' build argument 'ament_cmake_args' from command line to 'None'
[0.166s] Level 5:colcon.colcon_core.verb:set package 'assign1_650610841' build argument 'catkin_cmake_args' from command line to 'None'
[0.166s] Level 5:colcon.colcon_core.verb:set package 'assign1_650610841' build argument 'catkin_skip_building_tests' from command line to 'False'
[0.166s] DEBUG:colcon.colcon_core.verb:Building package 'assign1_650610841' with the following arguments: {'ament_cmake_args': None, 'build_base': '/home/robot_ws/build/assign1_650610841', 'catkin_cmake_args': None, 'catkin_skip_building_tests': False, 'cmake_args': None, 'cmake_clean_cache': False, 'cmake_clean_first': False, 'cmake_force_configure': False, 'cmake_target': None, 'cmake_target_skip_unavailable': False, 'install_base': '/home/robot_ws/install/assign1_650610841', 'merge_install': False, 'path': '/home/robot_ws/src/assign1_650610841', 'symlink_install': False, 'test_result_base': None}
[0.166s] Level 5:colcon.colcon_core.verb:set package 'assign3_650610841' build argument 'cmake_args' from command line to 'None'
[0.166s] Level 5:colcon.colcon_core.verb:set package 'assign3_650610841' build argument 'cmake_target' from command line to 'None'
[0.166s] Level 5:colcon.colcon_core.verb:set package 'assign3_650610841' build argument 'cmake_target_skip_unavailable' from command line to 'False'
[0.166s] Level 5:colcon.colcon_core.verb:set package 'assign3_650610841' build argument 'cmake_clean_cache' from command line to 'False'
[0.166s] Level 5:colcon.colcon_core.verb:set package 'assign3_650610841' build argument 'cmake_clean_first' from command line to 'False'
[0.166s] Level 5:colcon.colcon_core.verb:set package 'assign3_650610841' build argument 'cmake_force_configure' from command line to 'False'
[0.166s] Level 5:colcon.colcon_core.verb:set package 'assign3_650610841' build argument 'ament_cmake_args' from command line to 'None'
[0.166s] Level 5:colcon.colcon_core.verb:set package 'assign3_650610841' build argument 'catkin_cmake_args' from command line to 'None'
[0.166s] Level 5:colcon.colcon_core.verb:set package 'assign3_650610841' build argument 'catkin_skip_building_tests' from command line to 'False'
[0.166s] DEBUG:colcon.colcon_core.verb:Building package 'assign3_650610841' with the following arguments: {'ament_cmake_args': None, 'build_base': '/home/robot_ws/build/assign3_650610841', 'catkin_cmake_args': None, 'catkin_skip_building_tests': False, 'cmake_args': None, 'cmake_clean_cache': False, 'cmake_clean_first': False, 'cmake_force_configure': False, 'cmake_target': None, 'cmake_target_skip_unavailable': False, 'install_base': '/home/robot_ws/install/assign3_650610841', 'merge_install': False, 'path': '/home/robot_ws/src/assign3_650610841', 'symlink_install': False, 'test_result_base': None}
[0.167s] Level 5:colcon.colcon_core.verb:set package 'assign4_650610841' build argument 'cmake_args' from command line to 'None'
[0.167s] Level 5:colcon.colcon_core.verb:set package 'assign4_650610841' build argument 'cmake_target' from command line to 'None'
[0.167s] Level 5:colcon.colcon_core.verb:set package 'assign4_650610841' build argument 'cmake_target_skip_unavailable' from command line to 'False'
[0.167s] Level 5:colcon.colcon_core.verb:set package 'assign4_650610841' build argument 'cmake_clean_cache' from command line to 'False'
[0.167s] Level 5:colcon.colcon_core.verb:set package 'assign4_650610841' build argument 'cmake_clean_first' from command line to 'False'
[0.167s] Level 5:colcon.colcon_core.verb:set package 'assign4_650610841' build argument 'cmake_force_configure' from command line to 'False'
[0.167s] Level 5:colcon.colcon_core.verb:set package 'assign4_650610841' build argument 'ament_cmake_args' from command line to 'None'
[0.167s] Level 5:colcon.colcon_core.verb:set package 'assign4_650610841' build argument 'catkin_cmake_args' from command line to 'None'
[0.167s] Level 5:colcon.colcon_core.verb:set package 'assign4_650610841' build argument 'catkin_skip_building_tests' from command line to 'False'
[0.167s] DEBUG:colcon.colcon_core.verb:Building package 'assign4_650610841' with the following arguments: {'ament_cmake_args': None, 'build_base': '/home/robot_ws/build/assign4_650610841', 'catkin_cmake_args': None, 'catkin_skip_building_tests': False, 'cmake_args': None, 'cmake_clean_cache': False, 'cmake_clean_first': False, 'cmake_force_configure': False, 'cmake_target': None, 'cmake_target_skip_unavailable': False, 'install_base': '/home/robot_ws/install/assign4_650610841', 'merge_install': False, 'path': '/home/robot_ws/src/assign4_650610841', 'symlink_install': False, 'test_result_base': None}
[0.167s] Level 5:colcon.colcon_core.verb:set package 'myword_650610841' build argument 'cmake_args' from command line to 'None'
[0.167s] Level 5:colcon.colcon_core.verb:set package 'myword_650610841' build argument 'cmake_target' from command line to 'None'
[0.167s] Level 5:colcon.colcon_core.verb:set package 'myword_650610841' build argument 'cmake_target_skip_unavailable' from command line to 'False'
[0.167s] Level 5:colcon.colcon_core.verb:set package 'myword_650610841' build argument 'cmake_clean_cache' from command line to 'False'
[0.167s] Level 5:colcon.colcon_core.verb:set package 'myword_650610841' build argument 'cmake_clean_first' from command line to 'False'
[0.167s] Level 5:colcon.colcon_core.verb:set package 'myword_650610841' build argument 'cmake_force_configure' from command line to 'False'
[0.167s] Level 5:colcon.colcon_core.verb:set package 'myword_650610841' build argument 'ament_cmake_args' from command line to 'None'
[0.167s] Level 5:colcon.colcon_core.verb:set package 'myword_650610841' build argument 'catkin_cmake_args' from command line to 'None'
[0.167s] Level 5:colcon.colcon_core.verb:set package 'myword_650610841' build argument 'catkin_skip_building_tests' from command line to 'False'
[0.167s] DEBUG:colcon.colcon_core.verb:Building package 'myword_650610841' with the following arguments: {'ament_cmake_args': None, 'build_base': '/home/robot_ws/build/myword_650610841', 'catkin_cmake_args': None, 'catkin_skip_building_tests': False, 'cmake_args': None, 'cmake_clean_cache': False, 'cmake_clean_first': False, 'cmake_force_configure': False, 'cmake_target': None, 'cmake_target_skip_unavailable': False, 'install_base': '/home/robot_ws/install/myword_650610841', 'merge_install': False, 'path': '/home/robot_ws/src/myword_650610841', 'symlink_install': False, 'test_result_base': None}
[0.167s] Level 5:colcon.colcon_core.verb:set package 'sllidar_ros2' build argument 'cmake_args' from command line to 'None'
[0.167s] Level 5:colcon.colcon_core.verb:set package 'sllidar_ros2' build argument 'cmake_target' from command line to 'None'
[0.167s] Level 5:colcon.colcon_core.verb:set package 'sllidar_ros2' build argument 'cmake_target_skip_unavailable' from command line to 'False'
[0.167s] Level 5:colcon.colcon_core.verb:set package 'sllidar_ros2' build argument 'cmake_clean_cache' from command line to 'False'
[0.167s] Level 5:colcon.colcon_core.verb:set package 'sllidar_ros2' build argument 'cmake_clean_first' from command line to 'False'
[0.167s] Level 5:colcon.colcon_core.verb:set package 'sllidar_ros2' build argument 'cmake_force_configure' from command line to 'False'
[0.167s] Level 5:colcon.colcon_core.verb:set package 'sllidar_ros2' build argument 'ament_cmake_args' from command line to 'None'
[0.167s] Level 5:colcon.colcon_core.verb:set package 'sllidar_ros2' build argument 'catkin_cmake_args' from command line to 'None'
[0.167s] Level 5:colcon.colcon_core.verb:set package 'sllidar_ros2' build argument 'catkin_skip_building_tests' from command line to 'False'
[0.167s] DEBUG:colcon.colcon_core.verb:Building package 'sllidar_ros2' with the following arguments: {'ament_cmake_args': None, 'build_base': '/home/robot_ws/build/sllidar_ros2', 'catkin_cmake_args': None, 'catkin_skip_building_tests': False, 'cmake_args': None, 'cmake_clean_cache': False, 'cmake_clean_first': False, 'cmake_force_configure': False, 'cmake_target': None, 'cmake_target_skip_unavailable': False, 'install_base': '/home/robot_ws/install/sllidar_ros2', 'merge_install': False, 'path': '/home/robot_ws/src/sllidar_ros2', 'symlink_install': False, 'test_result_base': None}
[0.168s] Level 5:colcon.colcon_core.verb:set package 'assign2_650610841' build argument 'cmake_args' from command line to 'None'
[0.168s] Level 5:colcon.colcon_core.verb:set package 'assign2_650610841' build argument 'cmake_target' from command line to 'None'
[0.168s] Level 5:colcon.colcon_core.verb:set package 'assign2_650610841' build argument 'cmake_target_skip_unavailable' from command line to 'False'
[0.168s] Level 5:colcon.colcon_core.verb:set package 'assign2_650610841' build argument 'cmake_clean_cache' from command line to 'False'
[0.168s] Level 5:colcon.colcon_core.verb:set package 'assign2_650610841' build argument 'cmake_clean_first' from command line to 'False'
[0.168s] Level 5:colcon.colcon_core.verb:set package 'assign2_650610841' build argument 'cmake_force_configure' from command line to 'False'
[0.168s] Level 5:colcon.colcon_core.verb:set package 'assign2_650610841' build argument 'ament_cmake_args' from command line to 'None'
[0.168s] Level 5:colcon.colcon_core.verb:set package 'assign2_650610841' build argument 'catkin_cmake_args' from command line to 'None'
[0.168s] Level 5:colcon.colcon_core.verb:set package 'assign2_650610841' build argument 'catkin_skip_building_tests' from command line to 'False'
[0.168s] DEBUG:colcon.colcon_core.verb:Building package 'assign2_650610841' with the following arguments: {'ament_cmake_args': None, 'build_base': '/home/robot_ws/build/assign2_650610841', 'catkin_cmake_args': None, 'catkin_skip_building_tests': False, 'cmake_args': None, 'cmake_clean_cache': False, 'cmake_clean_first': False, 'cmake_force_configure': False, 'cmake_target': None, 'cmake_target_skip_unavailable': False, 'install_base': '/home/robot_ws/install/assign2_650610841', 'merge_install': False, 'path': '/home/robot_ws/src/assign2_650610841', 'symlink_install': False, 'test_result_base': None}
[0.168s] INFO:colcon.colcon_core.executor:Executing jobs using 'parallel' executor
[0.169s] DEBUG:colcon.colcon_parallel_executor.executor.parallel:run_until_complete
[0.169s] INFO:colcon.colcon_ros.task.ament_cmake.build:Building ROS package in '/home/robot_ws/src/myword_650610841' with build type 'ament_cmake'
[0.170s] INFO:colcon.colcon_cmake.task.cmake.build:Building CMake package in '/home/robot_ws/src/myword_650610841'
[0.171s] INFO:colcon.colcon_core.plugin_system:Skipping extension 'colcon_core.shell.bat': Not used on non-Windows systems
[0.171s] INFO:colcon.colcon_core.shell:Skip shell extension 'powershell' for command environment: Not usable outside of PowerShell
[0.171s] DEBUG:colcon.colcon_core.shell:Skip shell extension 'dsv' for command environment
[0.181s] INFO:colcon.colcon_ros.task.ament_python.build:Building ROS package in '/home/robot_ws/src/650610841_final' with build type 'ament_python'
[0.181s] Level 1:colcon.colcon_core.shell:create_environment_hook('650610841_final', 'ament_prefix_path')
[0.181s] INFO:colcon.colcon_core.shell:Creating environment hook '/home/robot_ws/install/650610841_final/share/650610841_final/hook/ament_prefix_path.ps1'
[0.182s] INFO:colcon.colcon_core.shell:Creating environment descriptor '/home/robot_ws/install/650610841_final/share/650610841_final/hook/ament_prefix_path.dsv'
[0.182s] INFO:colcon.colcon_core.shell:Creating environment hook '/home/robot_ws/install/650610841_final/share/650610841_final/hook/ament_prefix_path.sh'
[0.183s] INFO:colcon.colcon_core.shell:Skip shell extension 'powershell' for command environment: Not usable outside of PowerShell
[0.183s] DEBUG:colcon.colcon_core.shell:Skip shell extension 'dsv' for command environment
[0.185s] INFO:colcon.colcon_ros.task.ament_python.build:Building ROS package in '/home/robot_ws/src/assign1_650610841' with build type 'ament_python'
[0.185s] Level 1:colcon.colcon_core.shell:create_environment_hook('assign1_650610841', 'ament_prefix_path')
[0.185s] INFO:colcon.colcon_core.shell:Creating environment hook '/home/robot_ws/install/assign1_650610841/share/assign1_650610841/hook/ament_prefix_path.ps1'
[0.186s] INFO:colcon.colcon_core.shell:Creating environment descriptor '/home/robot_ws/install/assign1_650610841/share/assign1_650610841/hook/ament_prefix_path.dsv'
[0.186s] INFO:colcon.colcon_core.shell:Creating environment hook '/home/robot_ws/install/assign1_650610841/share/assign1_650610841/hook/ament_prefix_path.sh'
[0.186s] INFO:colcon.colcon_core.shell:Skip shell extension 'powershell' for command environment: Not usable outside of PowerShell
[0.186s] DEBUG:colcon.colcon_core.shell:Skip shell extension 'dsv' for command environment
[0.189s] INFO:colcon.colcon_ros.task.ament_python.build:Building ROS package in '/home/robot_ws/src/assign3_650610841' with build type 'ament_python'
[0.189s] Level 1:colcon.colcon_core.shell:create_environment_hook('assign3_650610841', 'ament_prefix_path')
[0.189s] INFO:colcon.colcon_core.shell:Creating environment hook '/home/robot_ws/install/assign3_650610841/share/assign3_650610841/hook/ament_prefix_path.ps1'
[0.189s] INFO:colcon.colcon_core.shell:Creating environment descriptor '/home/robot_ws/install/assign3_650610841/share/assign3_650610841/hook/ament_prefix_path.dsv'
[0.190s] INFO:colcon.colcon_core.shell:Creating environment hook '/home/robot_ws/install/assign3_650610841/share/assign3_650610841/hook/ament_prefix_path.sh'
[0.190s] INFO:colcon.colcon_core.shell:Skip shell extension 'powershell' for command environment: Not usable outside of PowerShell
[0.190s] DEBUG:colcon.colcon_core.shell:Skip shell extension 'dsv' for command environment
[0.192s] INFO:colcon.colcon_ros.task.ament_python.build:Building ROS package in '/home/robot_ws/src/assign4_650610841' with build type 'ament_python'
[0.193s] Level 1:colcon.colcon_core.shell:create_environment_hook('assign4_650610841', 'ament_prefix_path')
[0.193s] INFO:colcon.colcon_core.shell:Creating environment hook '/home/robot_ws/install/assign4_650610841/share/assign4_650610841/hook/ament_prefix_path.ps1'
[0.193s] INFO:colcon.colcon_core.shell:Creating environment descriptor '/home/robot_ws/install/assign4_650610841/share/assign4_650610841/hook/ament_prefix_path.dsv'
[0.194s] INFO:colcon.colcon_core.shell:Creating environment hook '/home/robot_ws/install/assign4_650610841/share/assign4_650610841/hook/ament_prefix_path.sh'
[0.194s] INFO:colcon.colcon_core.shell:Skip shell extension 'powershell' for command environment: Not usable outside of PowerShell
[0.194s] DEBUG:colcon.colcon_core.shell:Skip shell extension 'dsv' for command environment
[0.196s] INFO:colcon.colcon_ros.task.ament_cmake.build:Building ROS package in '/home/robot_ws/src/sllidar_ros2' with build type 'ament_cmake'
[0.196s] INFO:colcon.colcon_cmake.task.cmake.build:Building CMake package in '/home/robot_ws/src/sllidar_ros2'
[0.197s] INFO:colcon.colcon_core.shell:Skip shell extension 'powershell' for command environment: Not usable outside of PowerShell
[0.197s] DEBUG:colcon.colcon_core.shell:Skip shell extension 'dsv' for command environment
[0.203s] DEBUG:colcon.colcon_core.event_handler.log_command:Invoking command in '/home/robot_ws/build/myword_650610841': CMAKE_PREFIX_PATH=${CMAKE_PREFIX_PATH}:/home/robot_ws/install/assign2_650610841:/home/robot_ws/install/assign4_650610841:/home/robot_ws/install/assign3_650610841:/home/robot_ws/install/assign1_650610841:/home/robot_ws/install/650610841_final:/opt/ros/humble /usr/bin/cmake --build /home/robot_ws/build/myword_650610841 -- -j16 -l16
[0.385s] INFO:colcon.colcon_core.task.python.build:Building Python package in '/home/robot_ws/src/650610841_final'
[0.385s] INFO:colcon.colcon_core.shell:Skip shell extension 'powershell' for command environment: Not usable outside of PowerShell
[0.385s] DEBUG:colcon.colcon_core.shell:Skip shell extension 'dsv' for command environment
[0.525s] INFO:colcon.colcon_core.task.python.build:Building Python package in '/home/robot_ws/src/assign1_650610841'
[0.526s] INFO:colcon.colcon_core.shell:Skip shell extension 'powershell' for command environment: Not usable outside of PowerShell
[0.526s] DEBUG:colcon.colcon_core.shell:Skip shell extension 'dsv' for command environment
[0.679s] INFO:colcon.colcon_core.task.python.build:Building Python package in '/home/robot_ws/src/assign3_650610841'
[0.679s] INFO:colcon.colcon_core.shell:Skip shell extension 'powershell' for command environment: Not usable outside of PowerShell
[0.679s] DEBUG:colcon.colcon_core.shell:Skip shell extension 'dsv' for command environment
[0.848s] INFO:colcon.colcon_core.task.python.build:Building Python package in '/home/robot_ws/src/assign4_650610841'
[0.848s] INFO:colcon.colcon_core.shell:Skip shell extension 'powershell' for command environment: Not usable outside of PowerShell
[0.848s] DEBUG:colcon.colcon_core.shell:Skip shell extension 'dsv' for command environment
[0.857s] DEBUG:colcon.colcon_core.event_handler.log_command:Invoking command in '/home/robot_ws/build/sllidar_ros2': CMAKE_PREFIX_PATH=${CMAKE_PREFIX_PATH}:/home/robot_ws/install/assign2_650610841:/home/robot_ws/install/assign4_650610841:/home/robot_ws/install/assign3_650610841:/home/robot_ws/install/assign1_650610841:/home/robot_ws/install/650610841_final:/opt/ros/humble /usr/bin/cmake --build /home/robot_ws/build/sllidar_ros2 -- -j16 -l16
[0.857s] DEBUG:colcon.colcon_core.event_handler.log_command:Invoked command in '/home/robot_ws/build/myword_650610841' returned '0': CMAKE_PREFIX_PATH=${CMAKE_PREFIX_PATH}:/home/robot_ws/install/assign2_650610841:/home/robot_ws/install/assign4_650610841:/home/robot_ws/install/assign3_650610841:/home/robot_ws/install/assign1_650610841:/home/robot_ws/install/650610841_final:/opt/ros/humble /usr/bin/cmake --build /home/robot_ws/build/myword_650610841 -- -j16 -l16
[0.864s] DEBUG:colcon.colcon_core.event_handler.log_command:Invoking command in '/home/robot_ws/build/myword_650610841': CMAKE_PREFIX_PATH=${CMAKE_PREFIX_PATH}:/home/robot_ws/install/assign2_650610841:/home/robot_ws/install/assign4_650610841:/home/robot_ws/install/assign3_650610841:/home/robot_ws/install/assign1_650610841:/home/robot_ws/install/650610841_final:/opt/ros/humble /usr/bin/cmake --install /home/robot_ws/build/myword_650610841
[0.925s] DEBUG:colcon.colcon_core.event_handler.log_command:Invoked command in '/home/robot_ws/build/sllidar_ros2' returned '0': CMAKE_PREFIX_PATH=${CMAKE_PREFIX_PATH}:/home/robot_ws/install/assign2_650610841:/home/robot_ws/install/assign4_650610841:/home/robot_ws/install/assign3_650610841:/home/robot_ws/install/assign1_650610841:/home/robot_ws/install/650610841_final:/opt/ros/humble /usr/bin/cmake --build /home/robot_ws/build/sllidar_ros2 -- -j16 -l16
[0.928s] DEBUG:colcon.colcon_core.event_handler.log_command:Invoking command in '/home/robot_ws/build/sllidar_ros2': CMAKE_PREFIX_PATH=${CMAKE_PREFIX_PATH}:/home/robot_ws/install/assign2_650610841:/home/robot_ws/install/assign4_650610841:/home/robot_ws/install/assign3_650610841:/home/robot_ws/install/assign1_650610841:/home/robot_ws/install/650610841_final:/opt/ros/humble /usr/bin/cmake --install /home/robot_ws/build/sllidar_ros2
[0.929s] Level 1:colcon.colcon_core.environment:create_environment_scripts_only(myword_650610841)
[0.934s] DEBUG:colcon.colcon_core.event_handler.log_command:Invoked command in '/home/robot_ws/build/myword_650610841' returned '0': CMAKE_PREFIX_PATH=${CMAKE_PREFIX_PATH}:/home/robot_ws/install/assign2_650610841:/home/robot_ws/install/assign4_650610841:/home/robot_ws/install/assign3_650610841:/home/robot_ws/install/assign1_650610841:/home/robot_ws/install/650610841_final:/opt/ros/humble /usr/bin/cmake --install /home/robot_ws/build/myword_650610841
[0.936s] Level 1:colcon.colcon_core.environment:checking '/home/robot_ws/install/myword_650610841' for CMake module files
[0.939s] Level 1:colcon.colcon_core.environment:checking '/home/robot_ws/install/myword_650610841' for CMake config files
[0.939s] Level 1:colcon.colcon_core.shell:create_environment_hook('myword_650610841', 'cmake_prefix_path')
[0.939s] INFO:colcon.colcon_core.shell:Creating environment hook '/home/robot_ws/install/myword_650610841/share/myword_650610841/hook/cmake_prefix_path.ps1'
[0.940s] INFO:colcon.colcon_core.shell:Creating environment descriptor '/home/robot_ws/install/myword_650610841/share/myword_650610841/hook/cmake_prefix_path.dsv'
[0.940s] INFO:colcon.colcon_core.shell:Creating environment hook '/home/robot_ws/install/myword_650610841/share/myword_650610841/hook/cmake_prefix_path.sh'
[0.941s] Level 1:colcon.colcon_core.environment:checking '/home/robot_ws/install/myword_650610841/lib'
[0.941s] Level 1:colcon.colcon_core.shell:create_environment_hook('myword_650610841', 'ld_library_path_lib')
[0.941s] INFO:colcon.colcon_core.shell:Creating environment hook '/home/robot_ws/install/myword_650610841/share/myword_650610841/hook/ld_library_path_lib.ps1'
[0.942s] INFO:colcon.colcon_core.shell:Creating environment descriptor '/home/robot_ws/install/myword_650610841/share/myword_650610841/hook/ld_library_path_lib.dsv'
[0.942s] INFO:colcon.colcon_core.shell:Creating environment hook '/home/robot_ws/install/myword_650610841/share/myword_650610841/hook/ld_library_path_lib.sh'
[0.942s] Level 1:colcon.colcon_core.environment:checking '/home/robot_ws/install/myword_650610841/bin'
[0.943s] Level 1:colcon.colcon_core.environment:checking '/home/robot_ws/install/myword_650610841/lib/pkgconfig/myword_650610841.pc'
[0.943s] Level 1:colcon.colcon_core.environment:checking '/home/robot_ws/install/myword_650610841/lib/python3.10/site-packages'
[0.943s] Level 1:colcon.colcon_core.environment:checking '/home/robot_ws/install/myword_650610841/bin'
[0.943s] INFO:colcon.colcon_core.shell:Creating package script '/home/robot_ws/install/myword_650610841/share/myword_650610841/package.ps1'
[0.944s] INFO:colcon.colcon_core.shell:Creating package descriptor '/home/robot_ws/install/myword_650610841/share/myword_650610841/package.dsv'
[0.944s] INFO:colcon.colcon_core.shell:Creating package script '/home/robot_ws/install/myword_650610841/share/myword_650610841/package.sh'
[0.945s] INFO:colcon.colcon_core.shell:Creating package script '/home/robot_ws/install/myword_650610841/share/myword_650610841/package.bash'
[0.945s] INFO:colcon.colcon_core.shell:Creating package script '/home/robot_ws/install/myword_650610841/share/myword_650610841/package.zsh'
[0.945s] Level 1:colcon.colcon_core.environment:create_file_with_runtime_dependencies(/home/robot_ws/install/myword_650610841/share/colcon-core/packages/myword_650610841)
[0.946s] Level 1:colcon.colcon_core.environment:create_environment_scripts_only(myword_650610841)
[0.946s] Level 1:colcon.colcon_core.environment:checking '/home/robot_ws/install/myword_650610841' for CMake module files
[0.946s] Level 1:colcon.colcon_core.environment:checking '/home/robot_ws/install/myword_650610841' for CMake config files
[0.947s] Level 1:colcon.colcon_core.shell:create_environment_hook('myword_650610841', 'cmake_prefix_path')
[0.947s] INFO:colcon.colcon_core.shell:Creating environment hook '/home/robot_ws/install/myword_650610841/share/myword_650610841/hook/cmake_prefix_path.ps1'
[0.947s] INFO:colcon.colcon_core.shell:Creating environment descriptor '/home/robot_ws/install/myword_650610841/share/myword_650610841/hook/cmake_prefix_path.dsv'
[0.947s] INFO:colcon.colcon_core.shell:Creating environment hook '/home/robot_ws/install/myword_650610841/share/myword_650610841/hook/cmake_prefix_path.sh'
[0.948s] Level 1:colcon.colcon_core.environment:checking '/home/robot_ws/install/myword_650610841/lib'
[0.948s] Level 1:colcon.colcon_core.shell:create_environment_hook('myword_650610841', 'ld_library_path_lib')
[0.948s] INFO:colcon.colcon_core.shell:Creating environment hook '/home/robot_ws/install/myword_650610841/share/myword_650610841/hook/ld_library_path_lib.ps1'
[0.948s] INFO:colcon.colcon_core.shell:Creating environment descriptor '/home/robot_ws/install/myword_650610841/share/myword_650610841/hook/ld_library_path_lib.dsv'
[0.948s] INFO:colcon.colcon_core.shell:Creating environment hook '/home/robot_ws/install/myword_650610841/share/myword_650610841/hook/ld_library_path_lib.sh'
[0.949s] Level 1:colcon.colcon_core.environment:checking '/home/robot_ws/install/myword_650610841/bin'
[0.949s] Level 1:colcon.colcon_core.environment:checking '/home/robot_ws/install/myword_650610841/lib/pkgconfig/myword_650610841.pc'
[0.949s] Level 1:colcon.colcon_core.environment:checking '/home/robot_ws/install/myword_650610841/lib/python3.10/site-packages'
[0.949s] Level 1:colcon.colcon_core.environment:checking '/home/robot_ws/install/myword_650610841/bin'
[0.949s] INFO:colcon.colcon_core.shell:Creating package script '/home/robot_ws/install/myword_650610841/share/myword_650610841/package.ps1'
[0.949s] INFO:colcon.colcon_core.shell:Creating package descriptor '/home/robot_ws/install/myword_650610841/share/myword_650610841/package.dsv'
[0.950s] INFO:colcon.colcon_core.shell:Creating package script '/home/robot_ws/install/myword_650610841/share/myword_650610841/package.sh'
[0.950s] INFO:colcon.colcon_core.shell:Creating package script '/home/robot_ws/install/myword_650610841/share/myword_650610841/package.bash'
[0.950s] INFO:colcon.colcon_core.shell:Creating package script '/home/robot_ws/install/myword_650610841/share/myword_650610841/package.zsh'
[0.951s] Level 1:colcon.colcon_core.environment:create_file_with_runtime_dependencies(/home/robot_ws/install/myword_650610841/share/colcon-core/packages/myword_650610841)
[0.951s] INFO:colcon.colcon_ros.task.ament_python.build:Building ROS package in '/home/robot_ws/src/assign2_650610841' with build type 'ament_python'
[0.951s] Level 1:colcon.colcon_core.shell:create_environment_hook('assign2_650610841', 'ament_prefix_path')
[0.951s] INFO:colcon.colcon_core.shell:Creating environment hook '/home/robot_ws/install/assign2_650610841/share/assign2_650610841/hook/ament_prefix_path.ps1'
[0.952s] INFO:colcon.colcon_core.shell:Creating environment descriptor '/home/robot_ws/install/assign2_650610841/share/assign2_650610841/hook/ament_prefix_path.dsv'
[0.952s] INFO:colcon.colcon_core.shell:Creating environment hook '/home/robot_ws/install/assign2_650610841/share/assign2_650610841/hook/ament_prefix_path.sh'
[0.953s] INFO:colcon.colcon_core.shell:Skip shell extension 'powershell' for command environment: Not usable outside of PowerShell
[0.953s] DEBUG:colcon.colcon_core.shell:Skip shell extension 'dsv' for command environment
[0.957s] Level 1:colcon.colcon_core.environment:create_environment_scripts_only(sllidar_ros2)
[0.957s] Level 1:colcon.colcon_core.environment:checking '/home/robot_ws/install/sllidar_ros2' for CMake module files
[0.958s] DEBUG:colcon.colcon_core.event_handler.log_command:Invoked command in '/home/robot_ws/build/sllidar_ros2' returned '0': CMAKE_PREFIX_PATH=${CMAKE_PREFIX_PATH}:/home/robot_ws/install/assign2_650610841:/home/robot_ws/install/assign4_650610841:/home/robot_ws/install/assign3_650610841:/home/robot_ws/install/assign1_650610841:/home/robot_ws/install/650610841_final:/opt/ros/humble /usr/bin/cmake --install /home/robot_ws/build/sllidar_ros2
[0.958s] Level 1:colcon.colcon_core.environment:checking '/home/robot_ws/install/sllidar_ros2' for CMake config files
[0.958s] Level 1:colcon.colcon_core.shell:create_environment_hook('sllidar_ros2', 'cmake_prefix_path')
[0.959s] INFO:colcon.colcon_core.shell:Creating environment hook '/home/robot_ws/install/sllidar_ros2/share/sllidar_ros2/hook/cmake_prefix_path.ps1'
[0.959s] INFO:colcon.colcon_core.shell:Creating environment descriptor '/home/robot_ws/install/sllidar_ros2/share/sllidar_ros2/hook/cmake_prefix_path.dsv'
[0.959s] INFO:colcon.colcon_core.shell:Creating environment hook '/home/robot_ws/install/sllidar_ros2/share/sllidar_ros2/hook/cmake_prefix_path.sh'
[0.960s] Level 1:colcon.colcon_core.environment:checking '/home/robot_ws/install/sllidar_ros2/lib'
[0.960s] Level 1:colcon.colcon_core.environment:checking '/home/robot_ws/install/sllidar_ros2/bin'
[0.960s] Level 1:colcon.colcon_core.environment:checking '/home/robot_ws/install/sllidar_ros2/lib/pkgconfig/sllidar_ros2.pc'
[0.960s] Level 1:colcon.colcon_core.environment:checking '/home/robot_ws/install/sllidar_ros2/lib/python3.10/site-packages'
[0.960s] Level 1:colcon.colcon_core.environment:checking '/home/robot_ws/install/sllidar_ros2/bin'
[0.961s] INFO:colcon.colcon_core.shell:Creating package script '/home/robot_ws/install/sllidar_ros2/share/sllidar_ros2/package.ps1'
[0.961s] INFO:colcon.colcon_core.shell:Creating package descriptor '/home/robot_ws/install/sllidar_ros2/share/sllidar_ros2/package.dsv'
[0.962s] INFO:colcon.colcon_core.shell:Creating package script '/home/robot_ws/install/sllidar_ros2/share/sllidar_ros2/package.sh'
[0.963s] INFO:colcon.colcon_core.shell:Creating package script '/home/robot_ws/install/sllidar_ros2/share/sllidar_ros2/package.bash'
[0.963s] INFO:colcon.colcon_core.shell:Creating package script '/home/robot_ws/install/sllidar_ros2/share/sllidar_ros2/package.zsh'
[0.964s] Level 1:colcon.colcon_core.environment:create_file_with_runtime_dependencies(/home/robot_ws/install/sllidar_ros2/share/colcon-core/packages/sllidar_ros2)
[0.964s] Level 1:colcon.colcon_core.environment:create_environment_scripts_only(sllidar_ros2)
[0.965s] Level 1:colcon.colcon_core.environment:checking '/home/robot_ws/install/sllidar_ros2' for CMake module files
[0.965s] Level 1:colcon.colcon_core.environment:checking '/home/robot_ws/install/sllidar_ros2' for CMake config files
[0.966s] Level 1:colcon.colcon_core.shell:create_environment_hook('sllidar_ros2', 'cmake_prefix_path')
[0.966s] INFO:colcon.colcon_core.shell:Creating environment hook '/home/robot_ws/install/sllidar_ros2/share/sllidar_ros2/hook/cmake_prefix_path.ps1'
[0.967s] INFO:colcon.colcon_core.shell:Creating environment descriptor '/home/robot_ws/install/sllidar_ros2/share/sllidar_ros2/hook/cmake_prefix_path.dsv'
[0.967s] INFO:colcon.colcon_core.shell:Creating environment hook '/home/robot_ws/install/sllidar_ros2/share/sllidar_ros2/hook/cmake_prefix_path.sh'
[0.968s] Level 1:colcon.colcon_core.environment:checking '/home/robot_ws/install/sllidar_ros2/lib'
[0.968s] Level 1:colcon.colcon_core.environment:checking '/home/robot_ws/install/sllidar_ros2/bin'
[0.968s] Level 1:colcon.colcon_core.environment:checking '/home/robot_ws/install/sllidar_ros2/lib/pkgconfig/sllidar_ros2.pc'
[0.968s] Level 1:colcon.colcon_core.environment:checking '/home/robot_ws/install/sllidar_ros2/lib/python3.10/site-packages'
[0.968s] Level 1:colcon.colcon_core.environment:checking '/home/robot_ws/install/sllidar_ros2/bin'
[0.969s] INFO:colcon.colcon_core.shell:Creating package script '/home/robot_ws/install/sllidar_ros2/share/sllidar_ros2/package.ps1'
[0.969s] INFO:colcon.colcon_core.shell:Creating package descriptor '/home/robot_ws/install/sllidar_ros2/share/sllidar_ros2/package.dsv'
[0.970s] INFO:colcon.colcon_core.shell:Creating package script '/home/robot_ws/install/sllidar_ros2/share/sllidar_ros2/package.sh'
[0.971s] INFO:colcon.colcon_core.shell:Creating package script '/home/robot_ws/install/sllidar_ros2/share/sllidar_ros2/package.bash'
[0.972s] INFO:colcon.colcon_core.shell:Creating package script '/home/robot_ws/install/sllidar_ros2/share/sllidar_ros2/package.zsh'
[0.972s] Level 1:colcon.colcon_core.environment:create_file_with_runtime_dependencies(/home/robot_ws/install/sllidar_ros2/share/colcon-core/packages/sllidar_ros2)
[1.205s] INFO:colcon.colcon_core.task.python.build:Building Python package in '/home/robot_ws/src/assign2_650610841'
[1.205s] INFO:colcon.colcon_core.shell:Skip shell extension 'powershell' for command environment: Not usable outside of PowerShell
[1.205s] DEBUG:colcon.colcon_core.shell:Skip shell extension 'dsv' for command environment
[1.212s] DEBUG:colcon.colcon_core.event_handler.log_command:Invoking command in '/home/robot_ws/src/assign1_650610841': PYTHONPATH=/home/robot_ws/build/assign1_650610841/prefix_override:/usr/lib/python3/dist-packages/colcon_core/task/python/colcon_distutils_commands:/home/robot_ws/install/assign1_650610841/lib/python3.10/site-packages:${PYTHONPATH} /usr/bin/python3 -W ignore:setup.py install is deprecated -W ignore:easy_install command is deprecated setup.py egg_info --egg-base ../../build/assign1_650610841 build --build-base /home/robot_ws/build/assign1_650610841/build install --record /home/robot_ws/build/assign1_650610841/install.log --single-version-externally-managed install_data
[1.214s] DEBUG:colcon.colcon_core.event_handler.log_command:Invoking command in '/home/robot_ws/src/650610841_final': PYTHONPATH=/home/robot_ws/build/650610841_final/prefix_override:/usr/lib/python3/dist-packages/colcon_core/task/python/colcon_distutils_commands:/home/robot_ws/install/650610841_final/lib/python3.10/site-packages:${PYTHONPATH} /usr/bin/python3 -W ignore:setup.py install is deprecated -W ignore:easy_install command is deprecated setup.py egg_info --egg-base ../../build/650610841_final build --build-base /home/robot_ws/build/650610841_final/build install --record /home/robot_ws/build/650610841_final/install.log --single-version-externally-managed install_data
[1.216s] DEBUG:colcon.colcon_core.event_handler.log_command:Invoking command in '/home/robot_ws/src/assign3_650610841': PYTHONPATH=/home/robot_ws/build/assign3_650610841/prefix_override:/usr/lib/python3/dist-packages/colcon_core/task/python/colcon_distutils_commands:/home/robot_ws/install/assign3_650610841/lib/python3.10/site-packages:${PYTHONPATH} /usr/bin/python3 -W ignore:setup.py install is deprecated -W ignore:easy_install command is deprecated setup.py egg_info --egg-base ../../build/assign3_650610841 build --build-base /home/robot_ws/build/assign3_650610841/build install --record /home/robot_ws/build/assign3_650610841/install.log --single-version-externally-managed install_data
[1.234s] DEBUG:colcon.colcon_core.event_handler.log_command:Invoking command in '/home/robot_ws/src/assign4_650610841': PYTHONPATH=/home/robot_ws/build/assign4_650610841/prefix_override:/usr/lib/python3/dist-packages/colcon_core/task/python/colcon_distutils_commands:/home/robot_ws/install/assign4_650610841/lib/python3.10/site-packages:${PYTHONPATH} /usr/bin/python3 -W ignore:setup.py install is deprecated -W ignore:easy_install command is deprecated setup.py egg_info --egg-base ../../build/assign4_650610841 build --build-base /home/robot_ws/build/assign4_650610841/build install --record /home/robot_ws/build/assign4_650610841/install.log --single-version-externally-managed install_data
[1.444s] Level 1:colcon.colcon_core.environment:checking '/home/robot_ws/install/assign4_650610841' for CMake module files
[1.444s] DEBUG:colcon.colcon_core.event_handler.log_command:Invoked command in '/home/robot_ws/src/assign4_650610841' returned '0': PYTHONPATH=/home/robot_ws/build/assign4_650610841/prefix_override:/usr/lib/python3/dist-packages/colcon_core/task/python/colcon_distutils_commands:/home/robot_ws/install/assign4_650610841/lib/python3.10/site-packages:${PYTHONPATH} /usr/bin/python3 -W ignore:setup.py install is deprecated -W ignore:easy_install command is deprecated setup.py egg_info --egg-base ../../build/assign4_650610841 build --build-base /home/robot_ws/build/assign4_650610841/build install --record /home/robot_ws/build/assign4_650610841/install.log --single-version-externally-managed install_data
[1.445s] Level 1:colcon.colcon_core.environment:checking '/home/robot_ws/install/assign4_650610841' for CMake config files
[1.445s] Level 1:colcon.colcon_core.environment:checking '/home/robot_ws/install/assign4_650610841/lib'
[1.445s] Level 1:colcon.colcon_core.environment:checking '/home/robot_ws/install/assign4_650610841/bin'
[1.445s] Level 1:colcon.colcon_core.environment:checking '/home/robot_ws/install/assign4_650610841/lib/pkgconfig/assign4_650610841.pc'
[1.446s] Level 1:colcon.colcon_core.environment:checking '/home/robot_ws/install/assign4_650610841/lib/python3.10/site-packages'
[1.446s] Level 1:colcon.colcon_core.shell:create_environment_hook('assign4_650610841', 'pythonpath')
[1.446s] INFO:colcon.colcon_core.shell:Creating environment hook '/home/robot_ws/install/assign4_650610841/share/assign4_650610841/hook/pythonpath.ps1'
[1.447s] INFO:colcon.colcon_core.shell:Creating environment descriptor '/home/robot_ws/install/assign4_650610841/share/assign4_650610841/hook/pythonpath.dsv'
[1.447s] INFO:colcon.colcon_core.shell:Creating environment hook '/home/robot_ws/install/assign4_650610841/share/assign4_650610841/hook/pythonpath.sh'
[1.448s] Level 1:colcon.colcon_core.environment:checking '/home/robot_ws/install/assign4_650610841/bin'
[1.448s] Level 1:colcon.colcon_core.environment:create_environment_scripts_only(assign4_650610841)
[1.448s] INFO:colcon.colcon_core.shell:Creating package script '/home/robot_ws/install/assign4_650610841/share/assign4_650610841/package.ps1'
[1.449s] INFO:colcon.colcon_core.shell:Creating package descriptor '/home/robot_ws/install/assign4_650610841/share/assign4_650610841/package.dsv'
[1.449s] INFO:colcon.colcon_core.shell:Creating package script '/home/robot_ws/install/assign4_650610841/share/assign4_650610841/package.sh'
[1.451s] INFO:colcon.colcon_core.shell:Creating package script '/home/robot_ws/install/assign4_650610841/share/assign4_650610841/package.bash'
[1.451s] INFO:colcon.colcon_core.shell:Creating package script '/home/robot_ws/install/assign4_650610841/share/assign4_650610841/package.zsh'
[1.452s] Level 1:colcon.colcon_core.environment:create_file_with_runtime_dependencies(/home/robot_ws/install/assign4_650610841/share/colcon-core/packages/assign4_650610841)
[1.452s] Level 1:colcon.colcon_core.environment:checking '/home/robot_ws/install/assign1_650610841' for CMake module files
[1.454s] Level 1:colcon.colcon_core.environment:checking '/home/robot_ws/install/assign1_650610841' for CMake config files
[1.454s] DEBUG:colcon.colcon_core.event_handler.log_command:Invoked command in '/home/robot_ws/src/assign1_650610841' returned '0': PYTHONPATH=/home/robot_ws/build/assign1_650610841/prefix_override:/usr/lib/python3/dist-packages/colcon_core/task/python/colcon_distutils_commands:/home/robot_ws/install/assign1_650610841/lib/python3.10/site-packages:${PYTHONPATH} /usr/bin/python3 -W ignore:setup.py install is deprecated -W ignore:easy_install command is deprecated setup.py egg_info --egg-base ../../build/assign1_650610841 build --build-base /home/robot_ws/build/assign1_650610841/build install --record /home/robot_ws/build/assign1_650610841/install.log --single-version-externally-managed install_data
[1.455s] Level 1:colcon.colcon_core.environment:checking '/home/robot_ws/install/assign1_650610841/lib'
[1.455s] Level 1:colcon.colcon_core.environment:checking '/home/robot_ws/install/assign1_650610841/bin'
[1.455s] Level 1:colcon.colcon_core.environment:checking '/home/robot_ws/install/assign1_650610841/lib/pkgconfig/assign1_650610841.pc'
[1.455s] Level 1:colcon.colcon_core.environment:checking '/home/robot_ws/install/assign1_650610841/lib/python3.10/site-packages'
[1.455s] Level 1:colcon.colcon_core.shell:create_environment_hook('assign1_650610841', 'pythonpath')
[1.455s] INFO:colcon.colcon_core.shell:Creating environment hook '/home/robot_ws/install/assign1_650610841/share/assign1_650610841/hook/pythonpath.ps1'
[1.456s] INFO:colcon.colcon_core.shell:Creating environment descriptor '/home/robot_ws/install/assign1_650610841/share/assign1_650610841/hook/pythonpath.dsv'
[1.456s] INFO:colcon.colcon_core.shell:Creating environment hook '/home/robot_ws/install/assign1_650610841/share/assign1_650610841/hook/pythonpath.sh'
[1.456s] Level 1:colcon.colcon_core.environment:checking '/home/robot_ws/install/assign1_650610841/bin'
[1.456s] Level 1:colcon.colcon_core.environment:create_environment_scripts_only(assign1_650610841)
[1.457s] INFO:colcon.colcon_core.shell:Creating package script '/home/robot_ws/install/assign1_650610841/share/assign1_650610841/package.ps1'
[1.457s] INFO:colcon.colcon_core.shell:Creating package descriptor '/home/robot_ws/install/assign1_650610841/share/assign1_650610841/package.dsv'
[1.457s] INFO:colcon.colcon_core.shell:Creating package script '/home/robot_ws/install/assign1_650610841/share/assign1_650610841/package.sh'
[1.457s] INFO:colcon.colcon_core.shell:Creating package script '/home/robot_ws/install/assign1_650610841/share/assign1_650610841/package.bash'
[1.458s] INFO:colcon.colcon_core.shell:Creating package script '/home/robot_ws/install/assign1_650610841/share/assign1_650610841/package.zsh'
[1.458s] Level 1:colcon.colcon_core.environment:create_file_with_runtime_dependencies(/home/robot_ws/install/assign1_650610841/share/colcon-core/packages/assign1_650610841)
[1.471s] Level 1:colcon.colcon_core.environment:checking '/home/robot_ws/install/assign3_650610841' for CMake module files
[1.471s] DEBUG:colcon.colcon_core.event_handler.log_command:Invoked command in '/home/robot_ws/src/assign3_650610841' returned '0': PYTHONPATH=/home/robot_ws/build/assign3_650610841/prefix_override:/usr/lib/python3/dist-packages/colcon_core/task/python/colcon_distutils_commands:/home/robot_ws/install/assign3_650610841/lib/python3.10/site-packages:${PYTHONPATH} /usr/bin/python3 -W ignore:setup.py install is deprecated -W ignore:easy_install command is deprecated setup.py egg_info --egg-base ../../build/assign3_650610841 build --build-base /home/robot_ws/build/assign3_650610841/build install --record /home/robot_ws/build/assign3_650610841/install.log --single-version-externally-managed install_data
[1.472s] Level 1:colcon.colcon_core.environment:checking '/home/robot_ws/install/assign3_650610841' for CMake config files
[1.474s] Level 1:colcon.colcon_core.environment:checking '/home/robot_ws/install/assign3_650610841/lib'
[1.474s] Level 1:colcon.colcon_core.environment:checking '/home/robot_ws/install/assign3_650610841/bin'
[1.474s] Level 1:colcon.colcon_core.environment:checking '/home/robot_ws/install/assign3_650610841/lib/pkgconfig/assign3_650610841.pc'
[1.474s] Level 1:colcon.colcon_core.environment:checking '/home/robot_ws/install/assign3_650610841/lib/python3.10/site-packages'
[1.474s] Level 1:colcon.colcon_core.shell:create_environment_hook('assign3_650610841', 'pythonpath')
[1.475s] INFO:colcon.colcon_core.shell:Creating environment hook '/home/robot_ws/install/assign3_650610841/share/assign3_650610841/hook/pythonpath.ps1'
[1.475s] INFO:colcon.colcon_core.shell:Creating environment descriptor '/home/robot_ws/install/assign3_650610841/share/assign3_650610841/hook/pythonpath.dsv'
[1.476s] INFO:colcon.colcon_core.shell:Creating environment hook '/home/robot_ws/install/assign3_650610841/share/assign3_650610841/hook/pythonpath.sh'
[1.476s] Level 1:colcon.colcon_core.environment:checking '/home/robot_ws/install/assign3_650610841/bin'
[1.477s] Level 1:colcon.colcon_core.environment:create_environment_scripts_only(assign3_650610841)
[1.477s] INFO:colcon.colcon_core.shell:Creating package script '/home/robot_ws/install/assign3_650610841/share/assign3_650610841/package.ps1'
[1.478s] INFO:colcon.colcon_core.shell:Creating package descriptor '/home/robot_ws/install/assign3_650610841/share/assign3_650610841/package.dsv'
[1.479s] INFO:colcon.colcon_core.shell:Creating package script '/home/robot_ws/install/assign3_650610841/share/assign3_650610841/package.sh'
[1.480s] INFO:colcon.colcon_core.shell:Creating package script '/home/robot_ws/install/assign3_650610841/share/assign3_650610841/package.bash'
[1.480s] INFO:colcon.colcon_core.shell:Creating package script '/home/robot_ws/install/assign3_650610841/share/assign3_650610841/package.zsh'
[1.480s] Level 1:colcon.colcon_core.environment:create_file_with_runtime_dependencies(/home/robot_ws/install/assign3_650610841/share/colcon-core/packages/assign3_650610841)
[1.500s] DEBUG:colcon.colcon_core.event_handler.log_command:Invoking command in '/home/robot_ws/src/assign2_650610841': CMAKE_PREFIX_PATH=/home/robot_ws/install/myword_650610841:/home/robot_ws/install/sllidar_ros2 LD_LIBRARY_PATH=/home/robot_ws/install/myword_650610841/lib:/usr/lib/x86_64-linux-gnu/gazebo-11/plugins:/opt/ros/humble/opt/rviz_ogre_vendor/lib:/opt/ros/humble/lib/x86_64-linux-gnu:/opt/ros/humble/lib:/usr/lib/x86_64-linux-gnu/gazebo-11/plugins PYTHONPATH=/home/robot_ws/build/assign2_650610841/prefix_override:/usr/lib/python3/dist-packages/colcon_core/task/python/colcon_distutils_commands:/home/robot_ws/install/assign2_650610841/lib/python3.10/site-packages:${PYTHONPATH} /usr/bin/python3 -W ignore:setup.py install is deprecated -W ignore:easy_install command is deprecated setup.py egg_info --egg-base ../../build/assign2_650610841 build --build-base /home/robot_ws/build/assign2_650610841/build install --record /home/robot_ws/build/assign2_650610841/install.log --single-version-externally-managed install_data
[1.515s] Level 1:colcon.colcon_core.environment:checking '/home/robot_ws/install/650610841_final' for CMake module files
[1.516s] DEBUG:colcon.colcon_core.event_handler.log_command:Invoked command in '/home/robot_ws/src/650610841_final' returned '0': PYTHONPATH=/home/robot_ws/build/650610841_final/prefix_override:/usr/lib/python3/dist-packages/colcon_core/task/python/colcon_distutils_commands:/home/robot_ws/install/650610841_final/lib/python3.10/site-packages:${PYTHONPATH} /usr/bin/python3 -W ignore:setup.py install is deprecated -W ignore:easy_install command is deprecated setup.py egg_info --egg-base ../../build/650610841_final build --build-base /home/robot_ws/build/650610841_final/build install --record /home/robot_ws/build/650610841_final/install.log --single-version-externally-managed install_data
[1.516s] Level 1:colcon.colcon_core.environment:checking '/home/robot_ws/install/650610841_final' for CMake config files
[1.517s] Level 1:colcon.colcon_core.environment:checking '/home/robot_ws/install/650610841_final/lib'
[1.517s] Level 1:colcon.colcon_core.environment:checking '/home/robot_ws/install/650610841_final/bin'
[1.517s] Level 1:colcon.colcon_core.environment:checking '/home/robot_ws/install/650610841_final/lib/pkgconfig/650610841_final.pc'
[1.517s] Level 1:colcon.colcon_core.environment:checking '/home/robot_ws/install/650610841_final/lib/python3.10/site-packages'
[1.517s] Level 1:colcon.colcon_core.shell:create_environment_hook('650610841_final', 'pythonpath')
[1.518s] INFO:colcon.colcon_core.shell:Creating environment hook '/home/robot_ws/install/650610841_final/share/650610841_final/hook/pythonpath.ps1'
[1.518s] INFO:colcon.colcon_core.shell:Creating environment descriptor '/home/robot_ws/install/650610841_final/share/650610841_final/hook/pythonpath.dsv'
[1.519s] INFO:colcon.colcon_core.shell:Creating environment hook '/home/robot_ws/install/650610841_final/share/650610841_final/hook/pythonpath.sh'
[1.519s] Level 1:colcon.colcon_core.environment:checking '/home/robot_ws/install/650610841_final/bin'
[1.519s] Level 1:colcon.colcon_core.environment:create_environment_scripts_only(650610841_final)
[1.519s] INFO:colcon.colcon_core.shell:Creating package script '/home/robot_ws/install/650610841_final/share/650610841_final/package.ps1'
[1.520s] INFO:colcon.colcon_core.shell:Creating package descriptor '/home/robot_ws/install/650610841_final/share/650610841_final/package.dsv'
[1.520s] INFO:colcon.colcon_core.shell:Creating package script '/home/robot_ws/install/650610841_final/share/650610841_final/package.sh'
[1.520s] INFO:colcon.colcon_core.shell:Creating package script '/home/robot_ws/install/650610841_final/share/650610841_final/package.bash'
[1.521s] INFO:colcon.colcon_core.shell:Creating package script '/home/robot_ws/install/650610841_final/share/650610841_final/package.zsh'
[1.521s] Level 1:colcon.colcon_core.environment:create_file_with_runtime_dependencies(/home/robot_ws/install/650610841_final/share/colcon-core/packages/650610841_final)
[1.686s] Level 1:colcon.colcon_core.environment:checking '/home/robot_ws/install/assign2_650610841' for CMake module files
[1.687s] DEBUG:colcon.colcon_core.event_handler.log_command:Invoked command in '/home/robot_ws/src/assign2_650610841' returned '0': CMAKE_PREFIX_PATH=/home/robot_ws/install/myword_650610841:/home/robot_ws/install/sllidar_ros2 LD_LIBRARY_PATH=/home/robot_ws/install/myword_650610841/lib:/usr/lib/x86_64-linux-gnu/gazebo-11/plugins:/opt/ros/humble/opt/rviz_ogre_vendor/lib:/opt/ros/humble/lib/x86_64-linux-gnu:/opt/ros/humble/lib:/usr/lib/x86_64-linux-gnu/gazebo-11/plugins PYTHONPATH=/home/robot_ws/build/assign2_650610841/prefix_override:/usr/lib/python3/dist-packages/colcon_core/task/python/colcon_distutils_commands:/home/robot_ws/install/assign2_650610841/lib/python3.10/site-packages:${PYTHONPATH} /usr/bin/python3 -W ignore:setup.py install is deprecated -W ignore:easy_install command is deprecated setup.py egg_info --egg-base ../../build/assign2_650610841 build --build-base /home/robot_ws/build/assign2_650610841/build install --record /home/robot_ws/build/assign2_650610841/install.log --single-version-externally-managed install_data
[1.687s] Level 1:colcon.colcon_core.environment:checking '/home/robot_ws/install/assign2_650610841' for CMake config files
[1.688s] Level 1:colcon.colcon_core.environment:checking '/home/robot_ws/install/assign2_650610841/lib'
[1.688s] Level 1:colcon.colcon_core.environment:checking '/home/robot_ws/install/assign2_650610841/bin'
[1.688s] Level 1:colcon.colcon_core.environment:checking '/home/robot_ws/install/assign2_650610841/lib/pkgconfig/assign2_650610841.pc'
[1.688s] Level 1:colcon.colcon_core.environment:checking '/home/robot_ws/install/assign2_650610841/lib/python3.10/site-packages'
[1.688s] Level 1:colcon.colcon_core.shell:create_environment_hook('assign2_650610841', 'pythonpath')
[1.689s] INFO:colcon.colcon_core.shell:Creating environment hook '/home/robot_ws/install/assign2_650610841/share/assign2_650610841/hook/pythonpath.ps1'
[1.689s] INFO:colcon.colcon_core.shell:Creating environment descriptor '/home/robot_ws/install/assign2_650610841/share/assign2_650610841/hook/pythonpath.dsv'
[1.690s] INFO:colcon.colcon_core.shell:Creating environment hook '/home/robot_ws/install/assign2_650610841/share/assign2_650610841/hook/pythonpath.sh'
[1.690s] Level 1:colcon.colcon_core.environment:checking '/home/robot_ws/install/assign2_650610841/bin'
[1.690s] Level 1:colcon.colcon_core.environment:create_environment_scripts_only(assign2_650610841)
[1.691s] INFO:colcon.colcon_core.shell:Creating package script '/home/robot_ws/install/assign2_650610841/share/assign2_650610841/package.ps1'
[1.691s] INFO:colcon.colcon_core.shell:Creating package descriptor '/home/robot_ws/install/assign2_650610841/share/assign2_650610841/package.dsv'
[1.692s] INFO:colcon.colcon_core.shell:Creating package script '/home/robot_ws/install/assign2_650610841/share/assign2_650610841/package.sh'
[1.692s] INFO:colcon.colcon_core.shell:Creating package script '/home/robot_ws/install/assign2_650610841/share/assign2_650610841/package.bash'
[1.693s] INFO:colcon.colcon_core.shell:Creating package script '/home/robot_ws/install/assign2_650610841/share/assign2_650610841/package.zsh'
[1.693s] Level 1:colcon.colcon_core.environment:create_file_with_runtime_dependencies(/home/robot_ws/install/assign2_650610841/share/colcon-core/packages/assign2_650610841)
[1.693s] DEBUG:colcon.colcon_parallel_executor.executor.parallel:closing loop
[1.694s] DEBUG:colcon.colcon_parallel_executor.executor.parallel:loop closed
[1.694s] DEBUG:colcon.colcon_parallel_executor.executor.parallel:run_until_complete finished with '0'
[1.694s] DEBUG:colcon.colcon_core.event_reactor:joining thread
[1.700s] INFO:colcon.colcon_core.plugin_system:Skipping extension 'colcon_notification.desktop_notification.notify_send': Could not find 'notify-send'
[1.701s] INFO:colcon.colcon_core.plugin_system:Skipping extension 'colcon_notification.desktop_notification.terminal_notifier': Not used on non-Darwin systems
[1.701s] INFO:colcon.colcon_core.plugin_system:Skipping extension 'colcon_notification.desktop_notification.win32': Not used on non-Windows systems
[1.701s] INFO:colcon.colcon_notification.desktop_notification:Sending desktop notification using 'notify2'
[1.703s] DEBUG:colcon.colcon_notification.desktop_notification.notify2:Failed to initialize notify2: org.freedesktop.DBus.Error.Spawn.ExecFailed: /usr/bin/dbus-launch terminated abnormally without any error message
[1.703s] DEBUG:colcon.colcon_core.event_reactor:joined thread
[1.704s] INFO:colcon.colcon_core.shell:Creating prefix script '/home/robot_ws/install/local_setup.ps1'
[1.705s] INFO:colcon.colcon_core.shell:Creating prefix util module '/home/robot_ws/install/_local_setup_util_ps1.py'
[1.705s] INFO:colcon.colcon_core.shell:Creating prefix chain script '/home/robot_ws/install/setup.ps1'
[1.706s] INFO:colcon.colcon_core.shell:Creating prefix script '/home/robot_ws/install/local_setup.sh'
[1.707s] INFO:colcon.colcon_core.shell:Creating prefix util module '/home/robot_ws/install/_local_setup_util_sh.py'
[1.707s] INFO:colcon.colcon_core.shell:Creating prefix chain script '/home/robot_ws/install/setup.sh'
[1.708s] INFO:colcon.colcon_core.shell:Creating prefix script '/home/robot_ws/install/local_setup.bash'
[1.708s] INFO:colcon.colcon_core.shell:Creating prefix chain script '/home/robot_ws/install/setup.bash'
[1.709s] INFO:colcon.colcon_core.shell:Creating prefix script '/home/robot_ws/install/local_setup.zsh'
[1.710s] INFO:colcon.colcon_core.shell:Creating prefix chain script '/home/robot_ws/install/setup.zsh'
