[0.066s] DEBUG:colcon:Command line arguments: ['/usr/bin/colcon', 'build']
[0.066s] DEBUG:colcon:Parsed command line arguments: Namespace(log_base=None, log_level=None, verb_name='build', build_base='build', install_base='install', merge_install=False, symlink_install=False, test_result_base=None, continue_on_error=False, executor='parallel', parallel_workers=16, event_handlers=None, ignore_user_meta=False, metas=['./colcon.meta'], base_paths=['.'], packages_ignore=None, packages_ignore_regex=None, paths=None, packages_up_to=None, packages_up_to_regex=None, packages_above=None, packages_above_and_dependencies=None, packages_above_depth=None, packages_select_by_dep=None, packages_skip_by_dep=None, packages_skip_up_to=None, packages_select_build_failed=False, packages_skip_build_finished=False, packages_select_test_failures=False, packages_skip_test_passed=False, packages_select=None, packages_skip=None, packages_select_regex=None, packages_skip_regex=None, packages_start=None, packages_end=None, allow_overriding=[], cmake_args=None, cmake_target=None, cmake_target_skip_unavailable=False, cmake_clean_cache=False, cmake_clean_first=False, cmake_force_configure=False, ament_cmake_args=None, catkin_cmake_args=None, catkin_skip_building_tests=False, mixin_files=None, mixin=None, verb_parser=<colcon_mixin.mixin.mixin_argument.MixinArgumentDecorator object at 0x7c1291f809d0>, verb_extension=<colcon_core.verb.build.BuildVerb object at 0x7c1291f061d0>, main=<bound method BuildVerb.main of <colcon_core.verb.build.BuildVerb object at 0x7c1291f061d0>>, mixin_verb=('build',))
[0.161s] Level 1:colcon.colcon_core.package_discovery:discover_packages(colcon_meta) check parameters
[0.161s] Level 1:colcon.colcon_core.package_discovery:discover_packages(recursive) check parameters
[0.161s] Level 1:colcon.colcon_core.package_discovery:discover_packages(ignore) check parameters
[0.161s] Level 1:colcon.colcon_core.package_discovery:discover_packages(path) check parameters
[0.161s] Level 1:colcon.colcon_core.package_discovery:discover_packages(colcon_meta) discover
[0.161s] Level 1:colcon.colcon_core.package_discovery:discover_packages(recursive) discover
[0.161s] INFO:colcon.colcon_core.package_discovery:Crawling recursively for packages in '/home/entity014/Ros-Major/650610841_final'
[0.161s] Level 1:colcon.colcon_core.package_identification:_identify(.) by extensions ['ignore', 'ignore_ament_install']
[0.161s] Level 1:colcon.colcon_core.package_identification:_identify(.) by extension 'ignore'
[0.161s] Level 1:colcon.colcon_core.package_identification:_identify(.) by extension 'ignore_ament_install'
[0.161s] Level 1:colcon.colcon_core.package_identification:_identify(.) by extensions ['colcon_pkg']
[0.161s] Level 1:colcon.colcon_core.package_identification:_identify(.) by extension 'colcon_pkg'
[0.161s] Level 1:colcon.colcon_core.package_identification:_identify(.) by extensions ['colcon_meta']
[0.161s] Level 1:colcon.colcon_core.package_identification:_identify(.) by extension 'colcon_meta'
[0.161s] Level 1:colcon.colcon_core.package_identification:_identify(.) by extensions ['ros']
[0.161s] Level 1:colcon.colcon_core.package_identification:_identify(.) by extension 'ros'
[0.168s] Level 1:colcon.colcon_core.package_identification:_identify(.) by extensions ['cmake', 'python']
[0.168s] Level 1:colcon.colcon_core.package_identification:_identify(.) by extension 'cmake'
[0.168s] Level 1:colcon.colcon_core.package_identification:_identify(.) by extension 'python'
[0.168s] Level 1:colcon.colcon_core.package_identification:_identify(.) by extensions ['python_setup_py']
[0.168s] Level 1:colcon.colcon_core.package_identification:_identify(.) by extension 'python_setup_py'
[0.168s] Level 1:colcon.colcon_core.package_identification:_identify(build) by extensions ['ignore', 'ignore_ament_install']
[0.168s] Level 1:colcon.colcon_core.package_identification:_identify(build) by extension 'ignore'
[0.168s] Level 1:colcon.colcon_core.package_identification:_identify(build) ignored
[0.168s] Level 1:colcon.colcon_core.package_identification:_identify(install) by extensions ['ignore', 'ignore_ament_install']
[0.168s] Level 1:colcon.colcon_core.package_identification:_identify(install) by extension 'ignore'
[0.168s] Level 1:colcon.colcon_core.package_identification:_identify(install) ignored
[0.168s] Level 1:colcon.colcon_core.package_identification:_identify(log) by extensions ['ignore', 'ignore_ament_install']
[0.168s] Level 1:colcon.colcon_core.package_identification:_identify(log) by extension 'ignore'
[0.168s] Level 1:colcon.colcon_core.package_identification:_identify(log) ignored
[0.169s] Level 1:colcon.colcon_core.package_identification:_identify(src) by extensions ['ignore', 'ignore_ament_install']
[0.169s] Level 1:colcon.colcon_core.package_identification:_identify(src) by extension 'ignore'
[0.169s] Level 1:colcon.colcon_core.package_identification:_identify(src) by extension 'ignore_ament_install'
[0.169s] Level 1:colcon.colcon_core.package_identification:_identify(src) by extensions ['colcon_pkg']
[0.169s] Level 1:colcon.colcon_core.package_identification:_identify(src) by extension 'colcon_pkg'
[0.169s] Level 1:colcon.colcon_core.package_identification:_identify(src) by extensions ['colcon_meta']
[0.169s] Level 1:colcon.colcon_core.package_identification:_identify(src) by extension 'colcon_meta'
[0.169s] Level 1:colcon.colcon_core.package_identification:_identify(src) by extensions ['ros']
[0.169s] Level 1:colcon.colcon_core.package_identification:_identify(src) by extension 'ros'
[0.169s] Level 1:colcon.colcon_core.package_identification:_identify(src) by extensions ['cmake', 'python']
[0.169s] Level 1:colcon.colcon_core.package_identification:_identify(src) by extension 'cmake'
[0.169s] Level 1:colcon.colcon_core.package_identification:_identify(src) by extension 'python'
[0.169s] Level 1:colcon.colcon_core.package_identification:_identify(src) by extensions ['python_setup_py']
[0.169s] Level 1:colcon.colcon_core.package_identification:_identify(src) by extension 'python_setup_py'
[0.169s] Level 1:colcon.colcon_core.package_identification:_identify(src/lidar_650610841) by extensions ['ignore', 'ignore_ament_install']
[0.169s] Level 1:colcon.colcon_core.package_identification:_identify(src/lidar_650610841) by extension 'ignore'
[0.169s] Level 1:colcon.colcon_core.package_identification:_identify(src/lidar_650610841) by extension 'ignore_ament_install'
[0.169s] Level 1:colcon.colcon_core.package_identification:_identify(src/lidar_650610841) by extensions ['colcon_pkg']
[0.169s] Level 1:colcon.colcon_core.package_identification:_identify(src/lidar_650610841) by extension 'colcon_pkg'
[0.169s] Level 1:colcon.colcon_core.package_identification:_identify(src/lidar_650610841) by extensions ['colcon_meta']
[0.169s] Level 1:colcon.colcon_core.package_identification:_identify(src/lidar_650610841) by extension 'colcon_meta'
[0.169s] Level 1:colcon.colcon_core.package_identification:_identify(src/lidar_650610841) by extensions ['ros']
[0.169s] Level 1:colcon.colcon_core.package_identification:_identify(src/lidar_650610841) by extension 'ros'
[0.170s] DEBUG:colcon.colcon_core.package_identification:Package 'src/lidar_650610841' with type 'ros.ament_python' and name 'lidar_650610841'
[0.170s] Level 1:colcon.colcon_core.package_identification:_identify(src/lidar_interfaces) by extensions ['ignore', 'ignore_ament_install']
[0.170s] Level 1:colcon.colcon_core.package_identification:_identify(src/lidar_interfaces) by extension 'ignore'
[0.171s] Level 1:colcon.colcon_core.package_identification:_identify(src/lidar_interfaces) by extension 'ignore_ament_install'
[0.171s] Level 1:colcon.colcon_core.package_identification:_identify(src/lidar_interfaces) by extensions ['colcon_pkg']
[0.171s] Level 1:colcon.colcon_core.package_identification:_identify(src/lidar_interfaces) by extension 'colcon_pkg'
[0.171s] Level 1:colcon.colcon_core.package_identification:_identify(src/lidar_interfaces) by extensions ['colcon_meta']
[0.171s] Level 1:colcon.colcon_core.package_identification:_identify(src/lidar_interfaces) by extension 'colcon_meta'
[0.171s] Level 1:colcon.colcon_core.package_identification:_identify(src/lidar_interfaces) by extensions ['ros']
[0.171s] Level 1:colcon.colcon_core.package_identification:_identify(src/lidar_interfaces) by extension 'ros'
[0.177s] DEBUG:colcon.colcon_core.package_identification:Package 'src/lidar_interfaces' with type 'ros.ament_cmake' and name 'lidar_interfaces'
[0.177s] Level 1:colcon.colcon_core.package_identification:_identify(src/sllidar_ros2) by extensions ['ignore', 'ignore_ament_install']
[0.177s] Level 1:colcon.colcon_core.package_identification:_identify(src/sllidar_ros2) by extension 'ignore'
[0.177s] Level 1:colcon.colcon_core.package_identification:_identify(src/sllidar_ros2) by extension 'ignore_ament_install'
[0.177s] Level 1:colcon.colcon_core.package_identification:_identify(src/sllidar_ros2) by extensions ['colcon_pkg']
[0.177s] Level 1:colcon.colcon_core.package_identification:_identify(src/sllidar_ros2) by extension 'colcon_pkg'
[0.177s] Level 1:colcon.colcon_core.package_identification:_identify(src/sllidar_ros2) by extensions ['colcon_meta']
[0.178s] Level 1:colcon.colcon_core.package_identification:_identify(src/sllidar_ros2) by extension 'colcon_meta'
[0.178s] Level 1:colcon.colcon_core.package_identification:_identify(src/sllidar_ros2) by extensions ['ros']
[0.178s] Level 1:colcon.colcon_core.package_identification:_identify(src/sllidar_ros2) by extension 'ros'
[0.178s] DEBUG:colcon.colcon_core.package_identification:Package 'src/sllidar_ros2' with type 'ros.ament_cmake' and name 'sllidar_ros2'
[0.178s] Level 1:colcon.colcon_core.package_discovery:discover_packages(recursive) using defaults
[0.178s] Level 1:colcon.colcon_core.package_discovery:discover_packages(ignore) discover
[0.178s] Level 1:colcon.colcon_core.package_discovery:discover_packages(ignore) using defaults
[0.178s] Level 1:colcon.colcon_core.package_discovery:discover_packages(path) discover
[0.178s] Level 1:colcon.colcon_core.package_discovery:discover_packages(path) using defaults
[0.190s] Level 1:colcon.colcon_core.package_discovery:discover_packages(prefix_path) check parameters
[0.190s] Level 1:colcon.colcon_core.package_discovery:discover_packages(prefix_path) discover
[0.192s] DEBUG:colcon.colcon_installed_package_information.package_discovery:Found 3 installed packages in /home/entity014/Ros-Major/650610841_final/install
[0.192s] DEBUG:colcon.colcon_installed_package_information.package_discovery:Found 15 installed packages in /home/entity014/turtlebot3_ws/install
[0.192s] DEBUG:colcon.colcon_installed_package_information.package_discovery:Found 3 installed packages in /home/entity014/microros_ws/install
[0.193s] DEBUG:colcon.colcon_installed_package_information.package_discovery:Found 366 installed packages in /opt/ros/humble
[0.194s] Level 1:colcon.colcon_core.package_discovery:discover_packages(prefix_path) using defaults
[0.217s] Level 5:colcon.colcon_core.verb:set package 'lidar_interfaces' build argument 'cmake_args' from command line to 'None'
[0.217s] Level 5:colcon.colcon_core.verb:set package 'lidar_interfaces' build argument 'cmake_target' from command line to 'None'
[0.217s] Level 5:colcon.colcon_core.verb:set package 'lidar_interfaces' build argument 'cmake_target_skip_unavailable' from command line to 'False'
[0.217s] Level 5:colcon.colcon_core.verb:set package 'lidar_interfaces' build argument 'cmake_clean_cache' from command line to 'False'
[0.217s] Level 5:colcon.colcon_core.verb:set package 'lidar_interfaces' build argument 'cmake_clean_first' from command line to 'False'
[0.217s] Level 5:colcon.colcon_core.verb:set package 'lidar_interfaces' build argument 'cmake_force_configure' from command line to 'False'
[0.217s] Level 5:colcon.colcon_core.verb:set package 'lidar_interfaces' build argument 'ament_cmake_args' from command line to 'None'
[0.217s] Level 5:colcon.colcon_core.verb:set package 'lidar_interfaces' build argument 'catkin_cmake_args' from command line to 'None'
[0.217s] Level 5:colcon.colcon_core.verb:set package 'lidar_interfaces' build argument 'catkin_skip_building_tests' from command line to 'False'
[0.217s] DEBUG:colcon.colcon_core.verb:Building package 'lidar_interfaces' with the following arguments: {'ament_cmake_args': None, 'build_base': '/home/entity014/Ros-Major/650610841_final/build/lidar_interfaces', 'catkin_cmake_args': None, 'catkin_skip_building_tests': False, 'cmake_args': None, 'cmake_clean_cache': False, 'cmake_clean_first': False, 'cmake_force_configure': False, 'cmake_target': None, 'cmake_target_skip_unavailable': False, 'install_base': '/home/entity014/Ros-Major/650610841_final/install/lidar_interfaces', 'merge_install': False, 'path': '/home/entity014/Ros-Major/650610841_final/src/lidar_interfaces', 'symlink_install': False, 'test_result_base': None}
[0.217s] Level 5:colcon.colcon_core.verb:set package 'sllidar_ros2' build argument 'cmake_args' from command line to 'None'
[0.217s] Level 5:colcon.colcon_core.verb:set package 'sllidar_ros2' build argument 'cmake_target' from command line to 'None'
[0.217s] Level 5:colcon.colcon_core.verb:set package 'sllidar_ros2' build argument 'cmake_target_skip_unavailable' from command line to 'False'
[0.217s] Level 5:colcon.colcon_core.verb:set package 'sllidar_ros2' build argument 'cmake_clean_cache' from command line to 'False'
[0.217s] Level 5:colcon.colcon_core.verb:set package 'sllidar_ros2' build argument 'cmake_clean_first' from command line to 'False'
[0.217s] Level 5:colcon.colcon_core.verb:set package 'sllidar_ros2' build argument 'cmake_force_configure' from command line to 'False'
[0.217s] Level 5:colcon.colcon_core.verb:set package 'sllidar_ros2' build argument 'ament_cmake_args' from command line to 'None'
[0.217s] Level 5:colcon.colcon_core.verb:set package 'sllidar_ros2' build argument 'catkin_cmake_args' from command line to 'None'
[0.217s] Level 5:colcon.colcon_core.verb:set package 'sllidar_ros2' build argument 'catkin_skip_building_tests' from command line to 'False'
[0.217s] DEBUG:colcon.colcon_core.verb:Building package 'sllidar_ros2' with the following arguments: {'ament_cmake_args': None, 'build_base': '/home/entity014/Ros-Major/650610841_final/build/sllidar_ros2', 'catkin_cmake_args': None, 'catkin_skip_building_tests': False, 'cmake_args': None, 'cmake_clean_cache': False, 'cmake_clean_first': False, 'cmake_force_configure': False, 'cmake_target': None, 'cmake_target_skip_unavailable': False, 'install_base': '/home/entity014/Ros-Major/650610841_final/install/sllidar_ros2', 'merge_install': False, 'path': '/home/entity014/Ros-Major/650610841_final/src/sllidar_ros2', 'symlink_install': False, 'test_result_base': None}
[0.218s] Level 5:colcon.colcon_core.verb:set package 'lidar_650610841' build argument 'cmake_args' from command line to 'None'
[0.218s] Level 5:colcon.colcon_core.verb:set package 'lidar_650610841' build argument 'cmake_target' from command line to 'None'
[0.218s] Level 5:colcon.colcon_core.verb:set package 'lidar_650610841' build argument 'cmake_target_skip_unavailable' from command line to 'False'
[0.218s] Level 5:colcon.colcon_core.verb:set package 'lidar_650610841' build argument 'cmake_clean_cache' from command line to 'False'
[0.218s] Level 5:colcon.colcon_core.verb:set package 'lidar_650610841' build argument 'cmake_clean_first' from command line to 'False'
[0.218s] Level 5:colcon.colcon_core.verb:set package 'lidar_650610841' build argument 'cmake_force_configure' from command line to 'False'
[0.218s] Level 5:colcon.colcon_core.verb:set package 'lidar_650610841' build argument 'ament_cmake_args' from command line to 'None'
[0.218s] Level 5:colcon.colcon_core.verb:set package 'lidar_650610841' build argument 'catkin_cmake_args' from command line to 'None'
[0.218s] Level 5:colcon.colcon_core.verb:set package 'lidar_650610841' build argument 'catkin_skip_building_tests' from command line to 'False'
[0.218s] DEBUG:colcon.colcon_core.verb:Building package 'lidar_650610841' with the following arguments: {'ament_cmake_args': None, 'build_base': '/home/entity014/Ros-Major/650610841_final/build/lidar_650610841', 'catkin_cmake_args': None, 'catkin_skip_building_tests': False, 'cmake_args': None, 'cmake_clean_cache': False, 'cmake_clean_first': False, 'cmake_force_configure': False, 'cmake_target': None, 'cmake_target_skip_unavailable': False, 'install_base': '/home/entity014/Ros-Major/650610841_final/install/lidar_650610841', 'merge_install': False, 'path': '/home/entity014/Ros-Major/650610841_final/src/lidar_650610841', 'symlink_install': False, 'test_result_base': None}
[0.218s] INFO:colcon.colcon_core.executor:Executing jobs using 'parallel' executor
[0.218s] DEBUG:colcon.colcon_parallel_executor.executor.parallel:run_until_complete
[0.219s] INFO:colcon.colcon_ros.task.ament_cmake.build:Building ROS package in '/home/entity014/Ros-Major/650610841_final/src/lidar_interfaces' with build type 'ament_cmake'
[0.219s] INFO:colcon.colcon_cmake.task.cmake.build:Building CMake package in '/home/entity014/Ros-Major/650610841_final/src/lidar_interfaces'
[0.220s] INFO:colcon.colcon_core.plugin_system:Skipping extension 'colcon_core.shell.bat': Not used on non-Windows systems
[0.220s] INFO:colcon.colcon_core.shell:Skip shell extension 'powershell' for command environment: Not usable outside of PowerShell
[0.220s] DEBUG:colcon.colcon_core.shell:Skip shell extension 'dsv' for command environment
[0.223s] INFO:colcon.colcon_ros.task.ament_cmake.build:Building ROS package in '/home/entity014/Ros-Major/650610841_final/src/sllidar_ros2' with build type 'ament_cmake'
[0.223s] INFO:colcon.colcon_cmake.task.cmake.build:Building CMake package in '/home/entity014/Ros-Major/650610841_final/src/sllidar_ros2'
[0.223s] INFO:colcon.colcon_core.shell:Skip shell extension 'powershell' for command environment: Not usable outside of PowerShell
[0.223s] DEBUG:colcon.colcon_core.shell:Skip shell extension 'dsv' for command environment
[0.241s] DEBUG:colcon.colcon_core.event_handler.log_command:Invoking command in '/home/entity014/Ros-Major/650610841_final/build/lidar_interfaces': CMAKE_PREFIX_PATH=${CMAKE_PREFIX_PATH}:/home/entity014/Ros-Major/650610841_final/install/lidar_650610841:/home/entity014/turtlebot3_ws/install/turtlebot3_teleop:/home/entity014/turtlebot3_ws/install/turtlebot3_example:/opt/ros/humble /usr/bin/cmake /home/entity014/Ros-Major/650610841_final/src/lidar_interfaces -DCMAKE_INSTALL_PREFIX=/home/entity014/Ros-Major/650610841_final/install/lidar_interfaces
[0.243s] DEBUG:colcon.colcon_core.event_handler.log_command:Invoking command in '/home/entity014/Ros-Major/650610841_final/build/sllidar_ros2': CMAKE_PREFIX_PATH=${CMAKE_PREFIX_PATH}:/home/entity014/Ros-Major/650610841_final/install/lidar_650610841:/home/entity014/turtlebot3_ws/install/turtlebot3_teleop:/home/entity014/turtlebot3_ws/install/turtlebot3_example:/opt/ros/humble /usr/bin/cmake /home/entity014/Ros-Major/650610841_final/src/sllidar_ros2 -DCMAKE_INSTALL_PREFIX=/home/entity014/Ros-Major/650610841_final/install/sllidar_ros2
[0.580s] DEBUG:colcon.colcon_core.event_handler.log_command:Invoked command in '/home/entity014/Ros-Major/650610841_final/build/sllidar_ros2' returned '0': CMAKE_PREFIX_PATH=${CMAKE_PREFIX_PATH}:/home/entity014/Ros-Major/650610841_final/install/lidar_650610841:/home/entity014/turtlebot3_ws/install/turtlebot3_teleop:/home/entity014/turtlebot3_ws/install/turtlebot3_example:/opt/ros/humble /usr/bin/cmake /home/entity014/Ros-Major/650610841_final/src/sllidar_ros2 -DCMAKE_INSTALL_PREFIX=/home/entity014/Ros-Major/650610841_final/install/sllidar_ros2
[0.581s] DEBUG:colcon.colcon_core.event_handler.log_command:Invoking command in '/home/entity014/Ros-Major/650610841_final/build/sllidar_ros2': CMAKE_PREFIX_PATH=${CMAKE_PREFIX_PATH}:/home/entity014/Ros-Major/650610841_final/install/lidar_650610841:/home/entity014/turtlebot3_ws/install/turtlebot3_teleop:/home/entity014/turtlebot3_ws/install/turtlebot3_example:/opt/ros/humble /usr/bin/cmake --build /home/entity014/Ros-Major/650610841_final/build/sllidar_ros2 -- -j16 -l16
[0.626s] DEBUG:colcon.colcon_core.event_handler.log_command:Invoked command in '/home/entity014/Ros-Major/650610841_final/build/sllidar_ros2' returned '0': CMAKE_PREFIX_PATH=${CMAKE_PREFIX_PATH}:/home/entity014/Ros-Major/650610841_final/install/lidar_650610841:/home/entity014/turtlebot3_ws/install/turtlebot3_teleop:/home/entity014/turtlebot3_ws/install/turtlebot3_example:/opt/ros/humble /usr/bin/cmake --build /home/entity014/Ros-Major/650610841_final/build/sllidar_ros2 -- -j16 -l16
[0.631s] DEBUG:colcon.colcon_core.event_handler.log_command:Invoking command in '/home/entity014/Ros-Major/650610841_final/build/sllidar_ros2': CMAKE_PREFIX_PATH=${CMAKE_PREFIX_PATH}:/home/entity014/Ros-Major/650610841_final/install/lidar_650610841:/home/entity014/turtlebot3_ws/install/turtlebot3_teleop:/home/entity014/turtlebot3_ws/install/turtlebot3_example:/opt/ros/humble /usr/bin/cmake --install /home/entity014/Ros-Major/650610841_final/build/sllidar_ros2
[0.640s] Level 1:colcon.colcon_core.environment:create_environment_scripts_only(sllidar_ros2)
[0.640s] DEBUG:colcon.colcon_core.event_handler.log_command:Invoked command in '/home/entity014/Ros-Major/650610841_final/build/sllidar_ros2' returned '0': CMAKE_PREFIX_PATH=${CMAKE_PREFIX_PATH}:/home/entity014/Ros-Major/650610841_final/install/lidar_650610841:/home/entity014/turtlebot3_ws/install/turtlebot3_teleop:/home/entity014/turtlebot3_ws/install/turtlebot3_example:/opt/ros/humble /usr/bin/cmake --install /home/entity014/Ros-Major/650610841_final/build/sllidar_ros2
[0.642s] Level 1:colcon.colcon_core.environment:checking '/home/entity014/Ros-Major/650610841_final/install/sllidar_ros2' for CMake module files
[0.642s] Level 1:colcon.colcon_core.environment:checking '/home/entity014/Ros-Major/650610841_final/install/sllidar_ros2' for CMake config files
[0.642s] Level 1:colcon.colcon_core.shell:create_environment_hook('sllidar_ros2', 'cmake_prefix_path')
[0.642s] INFO:colcon.colcon_core.shell:Creating environment hook '/home/entity014/Ros-Major/650610841_final/install/sllidar_ros2/share/sllidar_ros2/hook/cmake_prefix_path.ps1'
[0.643s] INFO:colcon.colcon_core.shell:Creating environment descriptor '/home/entity014/Ros-Major/650610841_final/install/sllidar_ros2/share/sllidar_ros2/hook/cmake_prefix_path.dsv'
[0.643s] INFO:colcon.colcon_core.shell:Creating environment hook '/home/entity014/Ros-Major/650610841_final/install/sllidar_ros2/share/sllidar_ros2/hook/cmake_prefix_path.sh'
[0.644s] Level 1:colcon.colcon_core.environment:checking '/home/entity014/Ros-Major/650610841_final/install/sllidar_ros2/lib'
[0.644s] Level 1:colcon.colcon_core.environment:checking '/home/entity014/Ros-Major/650610841_final/install/sllidar_ros2/bin'
[0.644s] Level 1:colcon.colcon_core.environment:checking '/home/entity014/Ros-Major/650610841_final/install/sllidar_ros2/lib/pkgconfig/sllidar_ros2.pc'
[0.644s] Level 1:colcon.colcon_core.environment:checking '/home/entity014/Ros-Major/650610841_final/install/sllidar_ros2/lib/python3.10/site-packages'
[0.644s] Level 1:colcon.colcon_core.environment:checking '/home/entity014/Ros-Major/650610841_final/install/sllidar_ros2/bin'
[0.644s] INFO:colcon.colcon_core.shell:Creating package script '/home/entity014/Ros-Major/650610841_final/install/sllidar_ros2/share/sllidar_ros2/package.ps1'
[0.645s] INFO:colcon.colcon_core.shell:Creating package descriptor '/home/entity014/Ros-Major/650610841_final/install/sllidar_ros2/share/sllidar_ros2/package.dsv'
[0.645s] INFO:colcon.colcon_core.shell:Creating package script '/home/entity014/Ros-Major/650610841_final/install/sllidar_ros2/share/sllidar_ros2/package.sh'
[0.646s] INFO:colcon.colcon_core.shell:Creating package script '/home/entity014/Ros-Major/650610841_final/install/sllidar_ros2/share/sllidar_ros2/package.bash'
[0.646s] INFO:colcon.colcon_core.shell:Creating package script '/home/entity014/Ros-Major/650610841_final/install/sllidar_ros2/share/sllidar_ros2/package.zsh'
[0.646s] Level 1:colcon.colcon_core.environment:create_file_with_runtime_dependencies(/home/entity014/Ros-Major/650610841_final/install/sllidar_ros2/share/colcon-core/packages/sllidar_ros2)
[0.647s] Level 1:colcon.colcon_core.environment:create_environment_scripts_only(sllidar_ros2)
[0.647s] Level 1:colcon.colcon_core.environment:checking '/home/entity014/Ros-Major/650610841_final/install/sllidar_ros2' for CMake module files
[0.647s] Level 1:colcon.colcon_core.environment:checking '/home/entity014/Ros-Major/650610841_final/install/sllidar_ros2' for CMake config files
[0.647s] Level 1:colcon.colcon_core.shell:create_environment_hook('sllidar_ros2', 'cmake_prefix_path')
[0.648s] INFO:colcon.colcon_core.shell:Creating environment hook '/home/entity014/Ros-Major/650610841_final/install/sllidar_ros2/share/sllidar_ros2/hook/cmake_prefix_path.ps1'
[0.648s] INFO:colcon.colcon_core.shell:Creating environment descriptor '/home/entity014/Ros-Major/650610841_final/install/sllidar_ros2/share/sllidar_ros2/hook/cmake_prefix_path.dsv'
[0.648s] INFO:colcon.colcon_core.shell:Creating environment hook '/home/entity014/Ros-Major/650610841_final/install/sllidar_ros2/share/sllidar_ros2/hook/cmake_prefix_path.sh'
[0.648s] Level 1:colcon.colcon_core.environment:checking '/home/entity014/Ros-Major/650610841_final/install/sllidar_ros2/lib'
[0.648s] Level 1:colcon.colcon_core.environment:checking '/home/entity014/Ros-Major/650610841_final/install/sllidar_ros2/bin'
[0.648s] Level 1:colcon.colcon_core.environment:checking '/home/entity014/Ros-Major/650610841_final/install/sllidar_ros2/lib/pkgconfig/sllidar_ros2.pc'
[0.648s] Level 1:colcon.colcon_core.environment:checking '/home/entity014/Ros-Major/650610841_final/install/sllidar_ros2/lib/python3.10/site-packages'
[0.649s] Level 1:colcon.colcon_core.environment:checking '/home/entity014/Ros-Major/650610841_final/install/sllidar_ros2/bin'
[0.649s] INFO:colcon.colcon_core.shell:Creating package script '/home/entity014/Ros-Major/650610841_final/install/sllidar_ros2/share/sllidar_ros2/package.ps1'
[0.649s] INFO:colcon.colcon_core.shell:Creating package descriptor '/home/entity014/Ros-Major/650610841_final/install/sllidar_ros2/share/sllidar_ros2/package.dsv'
[0.649s] INFO:colcon.colcon_core.shell:Creating package script '/home/entity014/Ros-Major/650610841_final/install/sllidar_ros2/share/sllidar_ros2/package.sh'
[0.650s] INFO:colcon.colcon_core.shell:Creating package script '/home/entity014/Ros-Major/650610841_final/install/sllidar_ros2/share/sllidar_ros2/package.bash'
[0.650s] INFO:colcon.colcon_core.shell:Creating package script '/home/entity014/Ros-Major/650610841_final/install/sllidar_ros2/share/sllidar_ros2/package.zsh'
[0.650s] Level 1:colcon.colcon_core.environment:create_file_with_runtime_dependencies(/home/entity014/Ros-Major/650610841_final/install/sllidar_ros2/share/colcon-core/packages/sllidar_ros2)
[0.814s] DEBUG:colcon.colcon_core.event_handler.log_command:Invoked command in '/home/entity014/Ros-Major/650610841_final/build/lidar_interfaces' returned '0': CMAKE_PREFIX_PATH=${CMAKE_PREFIX_PATH}:/home/entity014/Ros-Major/650610841_final/install/lidar_650610841:/home/entity014/turtlebot3_ws/install/turtlebot3_teleop:/home/entity014/turtlebot3_ws/install/turtlebot3_example:/opt/ros/humble /usr/bin/cmake /home/entity014/Ros-Major/650610841_final/src/lidar_interfaces -DCMAKE_INSTALL_PREFIX=/home/entity014/Ros-Major/650610841_final/install/lidar_interfaces
[0.815s] DEBUG:colcon.colcon_core.event_handler.log_command:Invoking command in '/home/entity014/Ros-Major/650610841_final/build/lidar_interfaces': CMAKE_PREFIX_PATH=${CMAKE_PREFIX_PATH}:/home/entity014/Ros-Major/650610841_final/install/lidar_650610841:/home/entity014/turtlebot3_ws/install/turtlebot3_teleop:/home/entity014/turtlebot3_ws/install/turtlebot3_example:/opt/ros/humble /usr/bin/cmake --build /home/entity014/Ros-Major/650610841_final/build/lidar_interfaces -- -j16 -l16
[1.068s] DEBUG:colcon.colcon_core.event_handler.log_command:Invoked command in '/home/entity014/Ros-Major/650610841_final/build/lidar_interfaces' returned '0': CMAKE_PREFIX_PATH=${CMAKE_PREFIX_PATH}:/home/entity014/Ros-Major/650610841_final/install/lidar_650610841:/home/entity014/turtlebot3_ws/install/turtlebot3_teleop:/home/entity014/turtlebot3_ws/install/turtlebot3_example:/opt/ros/humble /usr/bin/cmake --build /home/entity014/Ros-Major/650610841_final/build/lidar_interfaces -- -j16 -l16
[1.069s] DEBUG:colcon.colcon_core.event_handler.log_command:Invoking command in '/home/entity014/Ros-Major/650610841_final/build/lidar_interfaces': CMAKE_PREFIX_PATH=${CMAKE_PREFIX_PATH}:/home/entity014/Ros-Major/650610841_final/install/lidar_650610841:/home/entity014/turtlebot3_ws/install/turtlebot3_teleop:/home/entity014/turtlebot3_ws/install/turtlebot3_example:/opt/ros/humble /usr/bin/cmake --install /home/entity014/Ros-Major/650610841_final/build/lidar_interfaces
[1.127s] Level 1:colcon.colcon_core.environment:create_environment_scripts_only(lidar_interfaces)
[1.128s] Level 1:colcon.colcon_core.environment:checking '/home/entity014/Ros-Major/650610841_final/install/lidar_interfaces' for CMake module files
[1.128s] DEBUG:colcon.colcon_core.event_handler.log_command:Invoked command in '/home/entity014/Ros-Major/650610841_final/build/lidar_interfaces' returned '0': CMAKE_PREFIX_PATH=${CMAKE_PREFIX_PATH}:/home/entity014/Ros-Major/650610841_final/install/lidar_650610841:/home/entity014/turtlebot3_ws/install/turtlebot3_teleop:/home/entity014/turtlebot3_ws/install/turtlebot3_example:/opt/ros/humble /usr/bin/cmake --install /home/entity014/Ros-Major/650610841_final/build/lidar_interfaces
[1.129s] Level 1:colcon.colcon_core.environment:checking '/home/entity014/Ros-Major/650610841_final/install/lidar_interfaces' for CMake config files
[1.129s] Level 1:colcon.colcon_core.shell:create_environment_hook('lidar_interfaces', 'cmake_prefix_path')
[1.130s] INFO:colcon.colcon_core.shell:Creating environment hook '/home/entity014/Ros-Major/650610841_final/install/lidar_interfaces/share/lidar_interfaces/hook/cmake_prefix_path.ps1'
[1.130s] INFO:colcon.colcon_core.shell:Creating environment descriptor '/home/entity014/Ros-Major/650610841_final/install/lidar_interfaces/share/lidar_interfaces/hook/cmake_prefix_path.dsv'
[1.131s] INFO:colcon.colcon_core.shell:Creating environment hook '/home/entity014/Ros-Major/650610841_final/install/lidar_interfaces/share/lidar_interfaces/hook/cmake_prefix_path.sh'
[1.131s] Level 1:colcon.colcon_core.environment:checking '/home/entity014/Ros-Major/650610841_final/install/lidar_interfaces/lib'
[1.131s] Level 1:colcon.colcon_core.shell:create_environment_hook('lidar_interfaces', 'ld_library_path_lib')
[1.132s] INFO:colcon.colcon_core.shell:Creating environment hook '/home/entity014/Ros-Major/650610841_final/install/lidar_interfaces/share/lidar_interfaces/hook/ld_library_path_lib.ps1'
[1.132s] INFO:colcon.colcon_core.shell:Creating environment descriptor '/home/entity014/Ros-Major/650610841_final/install/lidar_interfaces/share/lidar_interfaces/hook/ld_library_path_lib.dsv'
[1.133s] INFO:colcon.colcon_core.shell:Creating environment hook '/home/entity014/Ros-Major/650610841_final/install/lidar_interfaces/share/lidar_interfaces/hook/ld_library_path_lib.sh'
[1.133s] Level 1:colcon.colcon_core.environment:checking '/home/entity014/Ros-Major/650610841_final/install/lidar_interfaces/bin'
[1.133s] Level 1:colcon.colcon_core.environment:checking '/home/entity014/Ros-Major/650610841_final/install/lidar_interfaces/lib/pkgconfig/lidar_interfaces.pc'
[1.133s] Level 1:colcon.colcon_core.environment:checking '/home/entity014/Ros-Major/650610841_final/install/lidar_interfaces/lib/python3.10/site-packages'
[1.133s] Level 1:colcon.colcon_core.environment:checking '/home/entity014/Ros-Major/650610841_final/install/lidar_interfaces/bin'
[1.134s] INFO:colcon.colcon_core.shell:Creating package script '/home/entity014/Ros-Major/650610841_final/install/lidar_interfaces/share/lidar_interfaces/package.ps1'
[1.134s] INFO:colcon.colcon_core.shell:Creating package descriptor '/home/entity014/Ros-Major/650610841_final/install/lidar_interfaces/share/lidar_interfaces/package.dsv'
[1.135s] INFO:colcon.colcon_core.shell:Creating package script '/home/entity014/Ros-Major/650610841_final/install/lidar_interfaces/share/lidar_interfaces/package.sh'
[1.135s] INFO:colcon.colcon_core.shell:Creating package script '/home/entity014/Ros-Major/650610841_final/install/lidar_interfaces/share/lidar_interfaces/package.bash'
[1.135s] INFO:colcon.colcon_core.shell:Creating package script '/home/entity014/Ros-Major/650610841_final/install/lidar_interfaces/share/lidar_interfaces/package.zsh'
[1.135s] Level 1:colcon.colcon_core.environment:create_file_with_runtime_dependencies(/home/entity014/Ros-Major/650610841_final/install/lidar_interfaces/share/colcon-core/packages/lidar_interfaces)
[1.136s] Level 1:colcon.colcon_core.environment:create_environment_scripts_only(lidar_interfaces)
[1.136s] Level 1:colcon.colcon_core.environment:checking '/home/entity014/Ros-Major/650610841_final/install/lidar_interfaces' for CMake module files
[1.136s] Level 1:colcon.colcon_core.environment:checking '/home/entity014/Ros-Major/650610841_final/install/lidar_interfaces' for CMake config files
[1.136s] Level 1:colcon.colcon_core.shell:create_environment_hook('lidar_interfaces', 'cmake_prefix_path')
[1.137s] INFO:colcon.colcon_core.shell:Creating environment hook '/home/entity014/Ros-Major/650610841_final/install/lidar_interfaces/share/lidar_interfaces/hook/cmake_prefix_path.ps1'
[1.137s] INFO:colcon.colcon_core.shell:Creating environment descriptor '/home/entity014/Ros-Major/650610841_final/install/lidar_interfaces/share/lidar_interfaces/hook/cmake_prefix_path.dsv'
[1.137s] INFO:colcon.colcon_core.shell:Creating environment hook '/home/entity014/Ros-Major/650610841_final/install/lidar_interfaces/share/lidar_interfaces/hook/cmake_prefix_path.sh'
[1.137s] Level 1:colcon.colcon_core.environment:checking '/home/entity014/Ros-Major/650610841_final/install/lidar_interfaces/lib'
[1.137s] Level 1:colcon.colcon_core.shell:create_environment_hook('lidar_interfaces', 'ld_library_path_lib')
[1.138s] INFO:colcon.colcon_core.shell:Creating environment hook '/home/entity014/Ros-Major/650610841_final/install/lidar_interfaces/share/lidar_interfaces/hook/ld_library_path_lib.ps1'
[1.138s] INFO:colcon.colcon_core.shell:Creating environment descriptor '/home/entity014/Ros-Major/650610841_final/install/lidar_interfaces/share/lidar_interfaces/hook/ld_library_path_lib.dsv'
[1.138s] INFO:colcon.colcon_core.shell:Creating environment hook '/home/entity014/Ros-Major/650610841_final/install/lidar_interfaces/share/lidar_interfaces/hook/ld_library_path_lib.sh'
[1.138s] Level 1:colcon.colcon_core.environment:checking '/home/entity014/Ros-Major/650610841_final/install/lidar_interfaces/bin'
[1.138s] Level 1:colcon.colcon_core.environment:checking '/home/entity014/Ros-Major/650610841_final/install/lidar_interfaces/lib/pkgconfig/lidar_interfaces.pc'
[1.138s] Level 1:colcon.colcon_core.environment:checking '/home/entity014/Ros-Major/650610841_final/install/lidar_interfaces/lib/python3.10/site-packages'
[1.138s] Level 1:colcon.colcon_core.environment:checking '/home/entity014/Ros-Major/650610841_final/install/lidar_interfaces/bin'
[1.139s] INFO:colcon.colcon_core.shell:Creating package script '/home/entity014/Ros-Major/650610841_final/install/lidar_interfaces/share/lidar_interfaces/package.ps1'
[1.140s] INFO:colcon.colcon_core.shell:Creating package descriptor '/home/entity014/Ros-Major/650610841_final/install/lidar_interfaces/share/lidar_interfaces/package.dsv'
[1.140s] INFO:colcon.colcon_core.shell:Creating package script '/home/entity014/Ros-Major/650610841_final/install/lidar_interfaces/share/lidar_interfaces/package.sh'
[1.141s] INFO:colcon.colcon_core.shell:Creating package script '/home/entity014/Ros-Major/650610841_final/install/lidar_interfaces/share/lidar_interfaces/package.bash'
[1.141s] INFO:colcon.colcon_core.shell:Creating package script '/home/entity014/Ros-Major/650610841_final/install/lidar_interfaces/share/lidar_interfaces/package.zsh'
[1.141s] Level 1:colcon.colcon_core.environment:create_file_with_runtime_dependencies(/home/entity014/Ros-Major/650610841_final/install/lidar_interfaces/share/colcon-core/packages/lidar_interfaces)
[1.142s] INFO:colcon.colcon_ros.task.ament_python.build:Building ROS package in '/home/entity014/Ros-Major/650610841_final/src/lidar_650610841' with build type 'ament_python'
[1.142s] Level 1:colcon.colcon_core.shell:create_environment_hook('lidar_650610841', 'ament_prefix_path')
[1.142s] INFO:colcon.colcon_core.shell:Creating environment hook '/home/entity014/Ros-Major/650610841_final/install/lidar_650610841/share/lidar_650610841/hook/ament_prefix_path.ps1'
[1.143s] INFO:colcon.colcon_core.shell:Creating environment descriptor '/home/entity014/Ros-Major/650610841_final/install/lidar_650610841/share/lidar_650610841/hook/ament_prefix_path.dsv'
[1.143s] INFO:colcon.colcon_core.shell:Creating environment hook '/home/entity014/Ros-Major/650610841_final/install/lidar_650610841/share/lidar_650610841/hook/ament_prefix_path.sh'
[1.144s] INFO:colcon.colcon_core.shell:Skip shell extension 'powershell' for command environment: Not usable outside of PowerShell
[1.144s] DEBUG:colcon.colcon_core.shell:Skip shell extension 'dsv' for command environment
[1.334s] INFO:colcon.colcon_core.task.python.build:Building Python package in '/home/entity014/Ros-Major/650610841_final/src/lidar_650610841'
[1.334s] INFO:colcon.colcon_core.shell:Skip shell extension 'powershell' for command environment: Not usable outside of PowerShell
[1.334s] DEBUG:colcon.colcon_core.shell:Skip shell extension 'dsv' for command environment
[1.581s] DEBUG:colcon.colcon_core.event_handler.log_command:Invoking command in '/home/entity014/Ros-Major/650610841_final/build/lidar_650610841': CMAKE_PREFIX_PATH=/home/entity014/Ros-Major/650610841_final/install/lidar_interfaces:/home/entity014/Ros-Major/650610841_final/install/sllidar_ros2:/home/entity014/turtlebot3_ws/install/turtlebot3:/home/entity014/turtlebot3_ws/install/turtlebot3_simulations:/home/entity014/turtlebot3_ws/install/turtlebot3_bringup:/home/entity014/turtlebot3_ws/install/turtlebot3_node:/home/entity014/turtlebot3_ws/install/turtlebot3_navigation2:/home/entity014/turtlebot3_ws/install/turtlebot3_fake_node:/home/entity014/turtlebot3_ws/install/turtlebot3_msgs:/home/entity014/turtlebot3_ws/install/turtlebot3_gazebo:/home/entity014/turtlebot3_ws/install/turtlebot3_description:/home/entity014/turtlebot3_ws/install/turtlebot3_cartographer:/home/entity014/turtlebot3_ws/install/dynamixel_sdk_examples:/home/entity014/turtlebot3_ws/install/dynamixel_sdk_custom_interfaces:/home/entity014/turtlebot3_ws/install/dynamixel_sdk:/home/entity014/microros_ws/install/micro_ros_setup:/home/entity014/microros_ws/install/micro_ros_agent:/home/entity014/microros_ws/install/micro_ros_msgs LD_LIBRARY_PATH=/home/entity014/Ros-Major/650610841_final/install/lidar_interfaces/lib:/home/entity014/turtlebot3_ws/install/turtlebot3_msgs/lib:/home/entity014/turtlebot3_ws/install/dynamixel_sdk_custom_interfaces/lib:/home/entity014/turtlebot3_ws/install/dynamixel_sdk/lib:/home/entity014/microros_ws/install/micro_ros_agent/lib:/home/entity014/microros_ws/install/micro_ros_msgs/lib:/usr/lib/x86_64-linux-gnu/gazebo-11/plugins:/opt/ros/humble/opt/rviz_ogre_vendor/lib:/opt/ros/humble/lib/x86_64-linux-gnu:/opt/ros/humble/lib:/usr/lib/x86_64-linux-gnu/gazebo-11/plugins:/usr/lib/x86_64-linux-gnu/gazebo-11/plugins:/usr/lib/x86_64-linux-gnu/gazebo-11/plugins:/usr/lib/x86_64-linux-gnu/gazebo-11/plugins:/usr/lib/x86_64-linux-gnu/gazebo-11/plugins:/usr/lib/x86_64-linux-gnu/gazebo-11/plugins PYTHONPATH=/home/entity014/Ros-Major/650610841_final/build/lidar_650610841/prefix_override:/usr/lib/python3/dist-packages/colcon_core/task/python/colcon_distutils_commands:/home/entity014/Ros-Major/650610841_final/install/lidar_650610841/lib/python3.10/site-packages:${PYTHONPATH} /usr/bin/python3 -W ignore:setup.py install is deprecated -W ignore:easy_install command is deprecated setup.py develop --uninstall --editable --build-directory /home/entity014/Ros-Major/650610841_final/build/lidar_650610841/build
[1.884s] DEBUG:colcon.colcon_core.event_handler.log_command:Invoked command in '/home/entity014/Ros-Major/650610841_final/build/lidar_650610841' returned '0': CMAKE_PREFIX_PATH=/home/entity014/Ros-Major/650610841_final/install/lidar_interfaces:/home/entity014/Ros-Major/650610841_final/install/sllidar_ros2:/home/entity014/turtlebot3_ws/install/turtlebot3:/home/entity014/turtlebot3_ws/install/turtlebot3_simulations:/home/entity014/turtlebot3_ws/install/turtlebot3_bringup:/home/entity014/turtlebot3_ws/install/turtlebot3_node:/home/entity014/turtlebot3_ws/install/turtlebot3_navigation2:/home/entity014/turtlebot3_ws/install/turtlebot3_fake_node:/home/entity014/turtlebot3_ws/install/turtlebot3_msgs:/home/entity014/turtlebot3_ws/install/turtlebot3_gazebo:/home/entity014/turtlebot3_ws/install/turtlebot3_description:/home/entity014/turtlebot3_ws/install/turtlebot3_cartographer:/home/entity014/turtlebot3_ws/install/dynamixel_sdk_examples:/home/entity014/turtlebot3_ws/install/dynamixel_sdk_custom_interfaces:/home/entity014/turtlebot3_ws/install/dynamixel_sdk:/home/entity014/microros_ws/install/micro_ros_setup:/home/entity014/microros_ws/install/micro_ros_agent:/home/entity014/microros_ws/install/micro_ros_msgs LD_LIBRARY_PATH=/home/entity014/Ros-Major/650610841_final/install/lidar_interfaces/lib:/home/entity014/turtlebot3_ws/install/turtlebot3_msgs/lib:/home/entity014/turtlebot3_ws/install/dynamixel_sdk_custom_interfaces/lib:/home/entity014/turtlebot3_ws/install/dynamixel_sdk/lib:/home/entity014/microros_ws/install/micro_ros_agent/lib:/home/entity014/microros_ws/install/micro_ros_msgs/lib:/usr/lib/x86_64-linux-gnu/gazebo-11/plugins:/opt/ros/humble/opt/rviz_ogre_vendor/lib:/opt/ros/humble/lib/x86_64-linux-gnu:/opt/ros/humble/lib:/usr/lib/x86_64-linux-gnu/gazebo-11/plugins:/usr/lib/x86_64-linux-gnu/gazebo-11/plugins:/usr/lib/x86_64-linux-gnu/gazebo-11/plugins:/usr/lib/x86_64-linux-gnu/gazebo-11/plugins:/usr/lib/x86_64-linux-gnu/gazebo-11/plugins:/usr/lib/x86_64-linux-gnu/gazebo-11/plugins PYTHONPATH=/home/entity014/Ros-Major/650610841_final/build/lidar_650610841/prefix_override:/usr/lib/python3/dist-packages/colcon_core/task/python/colcon_distutils_commands:/home/entity014/Ros-Major/650610841_final/install/lidar_650610841/lib/python3.10/site-packages:${PYTHONPATH} /usr/bin/python3 -W ignore:setup.py install is deprecated -W ignore:easy_install command is deprecated setup.py develop --uninstall --editable --build-directory /home/entity014/Ros-Major/650610841_final/build/lidar_650610841/build
[1.885s] DEBUG:colcon.colcon_core.event_handler.log_command:Invoking command in '/home/entity014/Ros-Major/650610841_final/src/lidar_650610841': CMAKE_PREFIX_PATH=/home/entity014/Ros-Major/650610841_final/install/lidar_interfaces:/home/entity014/Ros-Major/650610841_final/install/sllidar_ros2:/home/entity014/turtlebot3_ws/install/turtlebot3:/home/entity014/turtlebot3_ws/install/turtlebot3_simulations:/home/entity014/turtlebot3_ws/install/turtlebot3_bringup:/home/entity014/turtlebot3_ws/install/turtlebot3_node:/home/entity014/turtlebot3_ws/install/turtlebot3_navigation2:/home/entity014/turtlebot3_ws/install/turtlebot3_fake_node:/home/entity014/turtlebot3_ws/install/turtlebot3_msgs:/home/entity014/turtlebot3_ws/install/turtlebot3_gazebo:/home/entity014/turtlebot3_ws/install/turtlebot3_description:/home/entity014/turtlebot3_ws/install/turtlebot3_cartographer:/home/entity014/turtlebot3_ws/install/dynamixel_sdk_examples:/home/entity014/turtlebot3_ws/install/dynamixel_sdk_custom_interfaces:/home/entity014/turtlebot3_ws/install/dynamixel_sdk:/home/entity014/microros_ws/install/micro_ros_setup:/home/entity014/microros_ws/install/micro_ros_agent:/home/entity014/microros_ws/install/micro_ros_msgs LD_LIBRARY_PATH=/home/entity014/Ros-Major/650610841_final/install/lidar_interfaces/lib:/home/entity014/turtlebot3_ws/install/turtlebot3_msgs/lib:/home/entity014/turtlebot3_ws/install/dynamixel_sdk_custom_interfaces/lib:/home/entity014/turtlebot3_ws/install/dynamixel_sdk/lib:/home/entity014/microros_ws/install/micro_ros_agent/lib:/home/entity014/microros_ws/install/micro_ros_msgs/lib:/usr/lib/x86_64-linux-gnu/gazebo-11/plugins:/opt/ros/humble/opt/rviz_ogre_vendor/lib:/opt/ros/humble/lib/x86_64-linux-gnu:/opt/ros/humble/lib:/usr/lib/x86_64-linux-gnu/gazebo-11/plugins:/usr/lib/x86_64-linux-gnu/gazebo-11/plugins:/usr/lib/x86_64-linux-gnu/gazebo-11/plugins:/usr/lib/x86_64-linux-gnu/gazebo-11/plugins:/usr/lib/x86_64-linux-gnu/gazebo-11/plugins:/usr/lib/x86_64-linux-gnu/gazebo-11/plugins PYTHONPATH=/home/entity014/Ros-Major/650610841_final/build/lidar_650610841/prefix_override:/usr/lib/python3/dist-packages/colcon_core/task/python/colcon_distutils_commands:/home/entity014/Ros-Major/650610841_final/install/lidar_650610841/lib/python3.10/site-packages:${PYTHONPATH} /usr/bin/python3 -W ignore:setup.py install is deprecated -W ignore:easy_install command is deprecated setup.py egg_info --egg-base ../../build/lidar_650610841 build --build-base /home/entity014/Ros-Major/650610841_final/build/lidar_650610841/build install --record /home/entity014/Ros-Major/650610841_final/build/lidar_650610841/install.log --single-version-externally-managed install_data --force
[2.079s] Level 1:colcon.colcon_core.environment:checking '/home/entity014/Ros-Major/650610841_final/install/lidar_650610841' for CMake module files
[2.080s] DEBUG:colcon.colcon_core.event_handler.log_command:Invoked command in '/home/entity014/Ros-Major/650610841_final/src/lidar_650610841' returned '0': CMAKE_PREFIX_PATH=/home/entity014/Ros-Major/650610841_final/install/lidar_interfaces:/home/entity014/Ros-Major/650610841_final/install/sllidar_ros2:/home/entity014/turtlebot3_ws/install/turtlebot3:/home/entity014/turtlebot3_ws/install/turtlebot3_simulations:/home/entity014/turtlebot3_ws/install/turtlebot3_bringup:/home/entity014/turtlebot3_ws/install/turtlebot3_node:/home/entity014/turtlebot3_ws/install/turtlebot3_navigation2:/home/entity014/turtlebot3_ws/install/turtlebot3_fake_node:/home/entity014/turtlebot3_ws/install/turtlebot3_msgs:/home/entity014/turtlebot3_ws/install/turtlebot3_gazebo:/home/entity014/turtlebot3_ws/install/turtlebot3_description:/home/entity014/turtlebot3_ws/install/turtlebot3_cartographer:/home/entity014/turtlebot3_ws/install/dynamixel_sdk_examples:/home/entity014/turtlebot3_ws/install/dynamixel_sdk_custom_interfaces:/home/entity014/turtlebot3_ws/install/dynamixel_sdk:/home/entity014/microros_ws/install/micro_ros_setup:/home/entity014/microros_ws/install/micro_ros_agent:/home/entity014/microros_ws/install/micro_ros_msgs LD_LIBRARY_PATH=/home/entity014/Ros-Major/650610841_final/install/lidar_interfaces/lib:/home/entity014/turtlebot3_ws/install/turtlebot3_msgs/lib:/home/entity014/turtlebot3_ws/install/dynamixel_sdk_custom_interfaces/lib:/home/entity014/turtlebot3_ws/install/dynamixel_sdk/lib:/home/entity014/microros_ws/install/micro_ros_agent/lib:/home/entity014/microros_ws/install/micro_ros_msgs/lib:/usr/lib/x86_64-linux-gnu/gazebo-11/plugins:/opt/ros/humble/opt/rviz_ogre_vendor/lib:/opt/ros/humble/lib/x86_64-linux-gnu:/opt/ros/humble/lib:/usr/lib/x86_64-linux-gnu/gazebo-11/plugins:/usr/lib/x86_64-linux-gnu/gazebo-11/plugins:/usr/lib/x86_64-linux-gnu/gazebo-11/plugins:/usr/lib/x86_64-linux-gnu/gazebo-11/plugins:/usr/lib/x86_64-linux-gnu/gazebo-11/plugins:/usr/lib/x86_64-linux-gnu/gazebo-11/plugins PYTHONPATH=/home/entity014/Ros-Major/650610841_final/build/lidar_650610841/prefix_override:/usr/lib/python3/dist-packages/colcon_core/task/python/colcon_distutils_commands:/home/entity014/Ros-Major/650610841_final/install/lidar_650610841/lib/python3.10/site-packages:${PYTHONPATH} /usr/bin/python3 -W ignore:setup.py install is deprecated -W ignore:easy_install command is deprecated setup.py egg_info --egg-base ../../build/lidar_650610841 build --build-base /home/entity014/Ros-Major/650610841_final/build/lidar_650610841/build install --record /home/entity014/Ros-Major/650610841_final/build/lidar_650610841/install.log --single-version-externally-managed install_data --force
[2.080s] Level 1:colcon.colcon_core.environment:checking '/home/entity014/Ros-Major/650610841_final/install/lidar_650610841' for CMake config files
[2.080s] Level 1:colcon.colcon_core.environment:checking '/home/entity014/Ros-Major/650610841_final/install/lidar_650610841/lib'
[2.080s] Level 1:colcon.colcon_core.environment:checking '/home/entity014/Ros-Major/650610841_final/install/lidar_650610841/bin'
[2.080s] Level 1:colcon.colcon_core.environment:checking '/home/entity014/Ros-Major/650610841_final/install/lidar_650610841/lib/pkgconfig/lidar_650610841.pc'
[2.080s] Level 1:colcon.colcon_core.environment:checking '/home/entity014/Ros-Major/650610841_final/install/lidar_650610841/lib/python3.10/site-packages'
[2.080s] Level 1:colcon.colcon_core.shell:create_environment_hook('lidar_650610841', 'pythonpath')
[2.080s] INFO:colcon.colcon_core.shell:Creating environment hook '/home/entity014/Ros-Major/650610841_final/install/lidar_650610841/share/lidar_650610841/hook/pythonpath.ps1'
[2.081s] INFO:colcon.colcon_core.shell:Creating environment descriptor '/home/entity014/Ros-Major/650610841_final/install/lidar_650610841/share/lidar_650610841/hook/pythonpath.dsv'
[2.081s] INFO:colcon.colcon_core.shell:Creating environment hook '/home/entity014/Ros-Major/650610841_final/install/lidar_650610841/share/lidar_650610841/hook/pythonpath.sh'
[2.081s] Level 1:colcon.colcon_core.environment:checking '/home/entity014/Ros-Major/650610841_final/install/lidar_650610841/bin'
[2.081s] Level 1:colcon.colcon_core.environment:create_environment_scripts_only(lidar_650610841)
[2.082s] INFO:colcon.colcon_core.shell:Creating package script '/home/entity014/Ros-Major/650610841_final/install/lidar_650610841/share/lidar_650610841/package.ps1'
[2.082s] INFO:colcon.colcon_core.shell:Creating package descriptor '/home/entity014/Ros-Major/650610841_final/install/lidar_650610841/share/lidar_650610841/package.dsv'
[2.082s] INFO:colcon.colcon_core.shell:Creating package script '/home/entity014/Ros-Major/650610841_final/install/lidar_650610841/share/lidar_650610841/package.sh'
[2.082s] INFO:colcon.colcon_core.shell:Creating package script '/home/entity014/Ros-Major/650610841_final/install/lidar_650610841/share/lidar_650610841/package.bash'
[2.082s] INFO:colcon.colcon_core.shell:Creating package script '/home/entity014/Ros-Major/650610841_final/install/lidar_650610841/share/lidar_650610841/package.zsh'
[2.083s] Level 1:colcon.colcon_core.environment:create_file_with_runtime_dependencies(/home/entity014/Ros-Major/650610841_final/install/lidar_650610841/share/colcon-core/packages/lidar_650610841)
[2.083s] DEBUG:colcon.colcon_parallel_executor.executor.parallel:closing loop
[2.083s] DEBUG:colcon.colcon_parallel_executor.executor.parallel:loop closed
[2.083s] DEBUG:colcon.colcon_parallel_executor.executor.parallel:run_until_complete finished with '0'
[2.083s] DEBUG:colcon.colcon_core.event_reactor:joining thread
[2.086s] INFO:colcon.colcon_core.plugin_system:Skipping extension 'colcon_notification.desktop_notification.terminal_notifier': Not used on non-Darwin systems
[2.087s] INFO:colcon.colcon_core.plugin_system:Skipping extension 'colcon_notification.desktop_notification.win32': Not used on non-Windows systems
[2.087s] INFO:colcon.colcon_notification.desktop_notification:Sending desktop notification using 'notify2'
[2.094s] DEBUG:colcon.colcon_core.event_reactor:joined thread
[2.094s] INFO:colcon.colcon_core.shell:Creating prefix script '/home/entity014/Ros-Major/650610841_final/install/local_setup.ps1'
[2.095s] INFO:colcon.colcon_core.shell:Creating prefix util module '/home/entity014/Ros-Major/650610841_final/install/_local_setup_util_ps1.py'
[2.096s] INFO:colcon.colcon_core.shell:Creating prefix chain script '/home/entity014/Ros-Major/650610841_final/install/setup.ps1'
[2.097s] INFO:colcon.colcon_core.shell:Creating prefix script '/home/entity014/Ros-Major/650610841_final/install/local_setup.sh'
[2.098s] INFO:colcon.colcon_core.shell:Creating prefix util module '/home/entity014/Ros-Major/650610841_final/install/_local_setup_util_sh.py'
[2.098s] INFO:colcon.colcon_core.shell:Creating prefix chain script '/home/entity014/Ros-Major/650610841_final/install/setup.sh'
[2.099s] INFO:colcon.colcon_core.shell:Creating prefix script '/home/entity014/Ros-Major/650610841_final/install/local_setup.bash'
[2.100s] INFO:colcon.colcon_core.shell:Creating prefix chain script '/home/entity014/Ros-Major/650610841_final/install/setup.bash'
[2.101s] INFO:colcon.colcon_core.shell:Creating prefix script '/home/entity014/Ros-Major/650610841_final/install/local_setup.zsh'
[2.101s] INFO:colcon.colcon_core.shell:Creating prefix chain script '/home/entity014/Ros-Major/650610841_final/install/setup.zsh'
