[1.433s] Invoking command in '/home/robot_ws/build/sllidar_ros2': CMAKE_PREFIX_PATH=${CMAKE_PREFIX_PATH}:/home/robot_ws/install/assign2_650610841:/home/robot_ws/install/assign4_650610841:/home/robot_ws/install/assign3_650610841:/home/robot_ws/install/assign1_650610841:/home/robot_ws/install/650610841_final:/opt/ros/humble /usr/bin/cmake --build /home/robot_ws/build/sllidar_ros2 -- -j16 -l16
[1.636s] [ 10%] Built target sllidar_client
[1.665s] [100%] Built target sllidar_node
[1.730s] Invoked command in '/home/robot_ws/build/sllidar_ros2' returned '0': CMAKE_PREFIX_PATH=${CMAKE_PREFIX_PATH}:/home/robot_ws/install/assign2_650610841:/home/robot_ws/install/assign4_650610841:/home/robot_ws/install/assign3_650610841:/home/robot_ws/install/assign1_650610841:/home/robot_ws/install/650610841_final:/opt/ros/humble /usr/bin/cmake --build /home/robot_ws/build/sllidar_ros2 -- -j16 -l16
[1.742s] Invoking command in '/home/robot_ws/build/sllidar_ros2': CMAKE_PREFIX_PATH=${CMAKE_PREFIX_PATH}:/home/robot_ws/install/assign2_650610841:/home/robot_ws/install/assign4_650610841:/home/robot_ws/install/assign3_650610841:/home/robot_ws/install/assign1_650610841:/home/robot_ws/install/650610841_final:/opt/ros/humble /usr/bin/cmake --install /home/robot_ws/build/sllidar_ros2
[1.777s] -- Install configuration: ""
[1.780s] -- Up-to-date: /home/robot_ws/install/sllidar_ros2/share/sllidar_ros2/launch
[1.781s] -- Up-to-date: /home/robot_ws/install/sllidar_ros2/share/sllidar_ros2/launch/sllidar_s1_tcp_launch.py
[1.781s] -- Up-to-date: /home/robot_ws/install/sllidar_ros2/share/sllidar_ros2/launch/sllidar_s1_launch.py
[1.781s] -- Up-to-date: /home/robot_ws/install/sllidar_ros2/share/sllidar_ros2/launch/view_sllidar_a1_launch.py
[1.781s] -- Up-to-date: /home/robot_ws/install/sllidar_ros2/share/sllidar_ros2/launch/view_sllidar_s3_launch.py
[1.781s] -- Up-to-date: /home/robot_ws/install/sllidar_ros2/share/sllidar_ros2/launch/sllidar_a3_launch.py
[1.782s] -- Up-to-date: /home/robot_ws/install/sllidar_ros2/share/sllidar_ros2/launch/sllidar_s3_launch.py
[1.782s] -- Up-to-date: /home/robot_ws/install/sllidar_ros2/share/sllidar_ros2/launch/view_sllidar_s1_tcp_launch.py
[1.782s] -- Up-to-date: /home/robot_ws/install/sllidar_ros2/share/sllidar_ros2/launch/view_sllidar_a2m12_launch.py
[1.783s] -- Up-to-date: /home/robot_ws/install/sllidar_ros2/share/sllidar_ros2/launch/sllidar_t1_launch.py
[1.783s] -- Up-to-date: /home/robot_ws/install/sllidar_ros2/share/sllidar_ros2/launch/view_sllidar_s1_launch.py
[1.783s] -- Up-to-date: /home/robot_ws/install/sllidar_ros2/share/sllidar_ros2/launch/view_sllidar_s2_launch.py
[1.784s] -- Up-to-date: /home/robot_ws/install/sllidar_ros2/share/sllidar_ros2/launch/sllidar_a2m8_launch.py
[1.784s] -- Up-to-date: /home/robot_ws/install/sllidar_ros2/share/sllidar_ros2/launch/view_sllidar_a2m7_launch.py
[1.786s] -- Up-to-date: /home/robot_ws/install/sllidar_ros2/share/sllidar_ros2/launch/sllidar_a2m12_launch .py
[1.786s] -- Up-to-date: /home/robot_ws/install/sllidar_ros2/share/sllidar_ros2/launch/view_sllidar_t1_launch.py
[1.787s] -- Up-to-date: /home/robot_ws/install/sllidar_ros2/share/sllidar_ros2/launch/sllidar_a2m7_launch.py
[1.787s] -- Up-to-date: /home/robot_ws/install/sllidar_ros2/share/sllidar_ros2/launch/view_sllidar_c1_launch.py
[1.788s] -- Up-to-date: /home/robot_ws/install/sllidar_ros2/share/sllidar_ros2/launch/view_sllidar_a3_launch.py
[1.788s] -- Up-to-date: /home/robot_ws/install/sllidar_ros2/share/sllidar_ros2/launch/view_sllidar_a2m8_launch.py
[1.788s] -- Up-to-date: /home/robot_ws/install/sllidar_ros2/share/sllidar_ros2/launch/sllidar_s2e_launch.py
[1.789s] -- Up-to-date: /home/robot_ws/install/sllidar_ros2/share/sllidar_ros2/launch/sllidar_s2_launch.py
[1.790s] -- Up-to-date: /home/robot_ws/install/sllidar_ros2/share/sllidar_ros2/launch/sllidar_a1_launch.py
[1.790s] -- Up-to-date: /home/robot_ws/install/sllidar_ros2/share/sllidar_ros2/launch/view_sllidar_s2e_launch.py
[1.791s] -- Up-to-date: /home/robot_ws/install/sllidar_ros2/share/sllidar_ros2/launch/sllidar_c1_launch.py
[1.792s] -- Up-to-date: /home/robot_ws/install/sllidar_ros2/share/sllidar_ros2/rviz
[1.793s] -- Up-to-date: /home/robot_ws/install/sllidar_ros2/share/sllidar_ros2/rviz/sllidar_ros2.rviz
[1.793s] -- Up-to-date: /home/robot_ws/install/sllidar_ros2/lib/sllidar_ros2/sllidar_node
[1.793s] -- Up-to-date: /home/robot_ws/install/sllidar_ros2/lib/sllidar_ros2/sllidar_client
[1.794s] -- Up-to-date: /home/robot_ws/install/sllidar_ros2/share/ament_index/resource_index/package_run_dependencies/sllidar_ros2
[1.794s] -- Up-to-date: /home/robot_ws/install/sllidar_ros2/share/ament_index/resource_index/parent_prefix_path/sllidar_ros2
[1.795s] -- Up-to-date: /home/robot_ws/install/sllidar_ros2/share/sllidar_ros2/environment/ament_prefix_path.sh
[1.797s] -- Up-to-date: /home/robot_ws/install/sllidar_ros2/share/sllidar_ros2/environment/ament_prefix_path.dsv
[1.798s] -- Up-to-date: /home/robot_ws/install/sllidar_ros2/share/sllidar_ros2/environment/path.sh
[1.799s] -- Up-to-date: /home/robot_ws/install/sllidar_ros2/share/sllidar_ros2/environment/path.dsv
[1.802s] -- Up-to-date: /home/robot_ws/install/sllidar_ros2/share/sllidar_ros2/local_setup.bash
[1.803s] -- Up-to-date: /home/robot_ws/install/sllidar_ros2/share/sllidar_ros2/local_setup.sh
[1.803s] -- Up-to-date: /home/robot_ws/install/sllidar_ros2/share/sllidar_ros2/local_setup.zsh
[1.804s] -- Up-to-date: /home/robot_ws/install/sllidar_ros2/share/sllidar_ros2/local_setup.dsv
[1.806s] -- Installing: /home/robot_ws/install/sllidar_ros2/share/sllidar_ros2/package.dsv
[1.807s] -- Up-to-date: /home/robot_ws/install/sllidar_ros2/share/ament_index/resource_index/packages/sllidar_ros2
[1.807s] -- Up-to-date: /home/robot_ws/install/sllidar_ros2/share/sllidar_ros2/cmake/ament_cmake_export_dependencies-extras.cmake
[1.811s] -- Up-to-date: /home/robot_ws/install/sllidar_ros2/share/sllidar_ros2/cmake/ament_cmake_export_include_directories-extras.cmake
[1.817s] -- Up-to-date: /home/robot_ws/install/sllidar_ros2/share/sllidar_ros2/cmake/sllidar_ros2Config.cmake
[1.820s] -- Up-to-date: /home/robot_ws/install/sllidar_ros2/share/sllidar_ros2/cmake/sllidar_ros2Config-version.cmake
[1.821s] -- Up-to-date: /home/robot_ws/install/sllidar_ros2/share/sllidar_ros2/package.xml
[1.829s] Invoked command in '/home/robot_ws/build/sllidar_ros2' returned '0': CMAKE_PREFIX_PATH=${CMAKE_PREFIX_PATH}:/home/robot_ws/install/assign2_650610841:/home/robot_ws/install/assign4_650610841:/home/robot_ws/install/assign3_650610841:/home/robot_ws/install/assign1_650610841:/home/robot_ws/install/650610841_final:/opt/ros/humble /usr/bin/cmake --install /home/robot_ws/build/sllidar_ros2
