[0.000000] (-) TimerEvent: {}
[0.000149] (650610841_final) JobQueued: {'identifier': '650610841_final', 'dependencies': OrderedDict()}
[0.000170] (assign1_650610841) JobQueued: {'identifier': 'assign1_650610841', 'dependencies': OrderedDict()}
[0.000183] (assign3_650610841) JobQueued: {'identifier': 'assign3_650610841', 'dependencies': OrderedDict()}
[0.000206] (assign4_650610841) JobQueued: {'identifier': 'assign4_650610841', 'dependencies': OrderedDict()}
[0.000214] (myword_650610841) JobQueued: {'identifier': 'myword_650610841', 'dependencies': OrderedDict()}
[0.000223] (sllidar_ros2) JobQueued: {'identifier': 'sllidar_ros2', 'dependencies': OrderedDict()}
[0.000231] (assign2_650610841) JobQueued: {'identifier': 'assign2_650610841', 'dependencies': OrderedDict([('myword_650610841', '/home/robot_ws/install/myword_650610841')])}
[0.000649] (myword_650610841) JobStarted: {'identifier': 'myword_650610841'}
[0.012360] (650610841_final) JobStarted: {'identifier': '650610841_final'}
[0.015947] (assign1_650610841) JobStarted: {'identifier': 'assign1_650610841'}
[0.019325] (assign3_650610841) JobStarted: {'identifier': 'assign3_650610841'}
[0.022856] (assign4_650610841) JobStarted: {'identifier': 'assign4_650610841'}
[0.026102] (sllidar_ros2) JobStarted: {'identifier': 'sllidar_ros2'}
[0.029856] (myword_650610841) JobProgress: {'identifier': 'myword_650610841', 'progress': 'cmake'}
[0.030207] (myword_650610841) JobProgress: {'identifier': 'myword_650610841', 'progress': 'build'}
[0.030624] (myword_650610841) Command: {'cmd': ['/usr/bin/cmake', '--build', '/home/robot_ws/build/myword_650610841', '--', '-j16', '-l16'], 'cwd': '/home/robot_ws/build/myword_650610841', 'env': OrderedDict([('HOSTNAME', 'entity014'), ('SHLVL', '1'), ('LD_LIBRARY_PATH', '/home/robot_ws/install/myword_650610841/lib:/usr/lib/x86_64-linux-gnu/gazebo-11/plugins:/opt/ros/humble/opt/rviz_ogre_vendor/lib:/opt/ros/humble/lib/x86_64-linux-gnu:/opt/ros/humble/lib:/usr/lib/x86_64-linux-gnu/gazebo-11/plugins:'), ('HOME', '/home'), ('GAZEBO_MASTER_URI', 'http://localhost:11345'), ('ROS_PYTHON_VERSION', '3'), ('_colcon_cd_root', '/opt/ros/humble/'), ('COLCON_PREFIX_PATH', '/home/robot_ws/install'), ('ROS_DISTRO', 'humble'), ('_', '/usr/bin/colcon'), ('ROS_VERSION', '2'), ('NVIDIA_DRIVER_CAPABILITIES', 'all'), ('TERM', 'xterm'), ('GAZEBO_MODEL_PATH', '/usr/share/gazebo-11/models:'), ('ROS_LOCALHOST_ONLY', '0'), ('QT_X11_NO_MITSHM', '1'), ('OGRE_RESOURCE_PATH', '/usr/lib/x86_64-linux-gnu/OGRE-1.9.0'), ('PATH', '/opt/ros/humble/bin:/usr/local/sbin:/usr/local/bin:/usr/sbin:/usr/bin:/sbin:/bin'), ('XDG_RUNTIME_DIR', '/tmp/runtime-root'), ('DISPLAY', ':0'), ('LANG', 'C.UTF-8'), ('RMW_IMPLEMENTATION', 'rmw_cyclonedds_cpp'), ('ROS_DOMAIN_ID', '15'), ('AMENT_PREFIX_PATH', '/home/robot_ws/install/sllidar_ros2:/home/robot_ws/install/assign2_650610841:/home/robot_ws/install/myword_650610841:/home/robot_ws/install/assign4_650610841:/home/robot_ws/install/assign3_650610841:/home/robot_ws/install/assign1_650610841:/home/robot_ws/install/650610841_final:/opt/ros/humble'), ('NO_AT_BRIDGE', '1'), ('GAZEBO_RESOURCE_PATH', '/usr/share/gazebo-11:'), ('GAZEBO_MODEL_DATABASE_URI', 'http://models.gazebosim.org'), ('PWD', '/home/robot_ws/build/myword_650610841'), ('LC_ALL', 'C.UTF-8'), ('GAZEBO_PLUGIN_PATH', '/usr/lib/x86_64-linux-gnu/gazebo-11/plugins:'), ('PYTHONPATH', '/home/robot_ws/install/assign2_650610841/lib/python3.10/site-packages:/home/robot_ws/install/myword_650610841/local/lib/python3.10/dist-packages:/home/robot_ws/install/assign4_650610841/lib/python3.10/site-packages:/home/robot_ws/install/assign3_650610841/lib/python3.10/site-packages:/home/robot_ws/install/assign1_650610841/lib/python3.10/site-packages:/home/robot_ws/install/650610841_final/lib/python3.10/site-packages:/opt/ros/humble/lib/python3.10/site-packages:/opt/ros/humble/local/lib/python3.10/dist-packages'), ('COLCON', '1'), ('CMAKE_PREFIX_PATH', '/home/robot_ws/install/sllidar_ros2:/home/robot_ws/install/myword_650610841:/home/robot_ws/install/assign2_650610841:/home/robot_ws/install/assign4_650610841:/home/robot_ws/install/assign3_650610841:/home/robot_ws/install/assign1_650610841:/home/robot_ws/install/650610841_final:/opt/ros/humble')]), 'shell': False}
[0.100048] (-) TimerEvent: {}
[0.201627] (-) TimerEvent: {}
[0.304417] (-) TimerEvent: {}
[0.405898] (-) TimerEvent: {}
[0.507404] (-) TimerEvent: {}
[0.610364] (-) TimerEvent: {}
[0.712102] (-) TimerEvent: {}
[0.812956] (-) TimerEvent: {}
[0.913306] (-) TimerEvent: {}
[1.013680] (-) TimerEvent: {}
[1.114012] (-) TimerEvent: {}
[1.214328] (-) TimerEvent: {}
[1.314645] (-) TimerEvent: {}
[1.400511] (myword_650610841) StdoutLine: {'line': b'[  2%] Built target myword_650610841__cpp\n'}
[1.401447] (myword_650610841) StdoutLine: {'line': b'[ 12%] Built target myword_650610841__rosidl_generator_c\n'}
[1.401616] (myword_650610841) StdoutLine: {'line': b'[ 12%] Built target ament_cmake_python_copy_myword_650610841\n'}
[1.401673] (myword_650610841) StdoutLine: {'line': b'[ 23%] Built target myword_650610841__rosidl_typesupport_fastrtps_cpp\n'}
[1.401811] (myword_650610841) StdoutLine: {'line': b'[ 33%] Built target myword_650610841__rosidl_typesupport_introspection_c\n'}
[1.401996] (myword_650610841) StdoutLine: {'line': b'[ 43%] Built target myword_650610841__rosidl_typesupport_c\n'}
[1.402084] (myword_650610841) StdoutLine: {'line': b'[ 53%] Built target myword_650610841__rosidl_typesupport_introspection_cpp\n'}
[1.402118] (myword_650610841) StdoutLine: {'line': b'[ 64%] Built target myword_650610841__rosidl_typesupport_cpp\n'}
[1.402149] (myword_650610841) StdoutLine: {'line': b'[ 74%] Built target myword_650610841__rosidl_typesupport_fastrtps_c\n'}
[1.402182] (myword_650610841) StdoutLine: {'line': b'[ 74%] Built target myword_650610841\n'}
[1.402213] (myword_650610841) StdoutLine: {'line': b'[ 76%] Built target myword_650610841__py\n'}
[1.402243] (myword_650610841) StdoutLine: {'line': b'[ 84%] Built target myword_650610841__rosidl_generator_py\n'}
[1.402273] (myword_650610841) StdoutLine: {'line': b'[ 89%] Built target myword_650610841__rosidl_typesupport_c__pyext\n'}
[1.402303] (myword_650610841) StdoutLine: {'line': b'[ 94%] Built target myword_650610841__rosidl_typesupport_introspection_c__pyext\n'}
[1.402332] (myword_650610841) StdoutLine: {'line': b'[100%] Built target myword_650610841__rosidl_typesupport_fastrtps_c__pyext\n'}
[1.402363] (myword_650610841) StdoutLine: {'line': b'running egg_info\n'}
[1.402396] (myword_650610841) StdoutLine: {'line': b'writing myword_650610841.egg-info/PKG-INFO\n'}
[1.402427] (myword_650610841) StdoutLine: {'line': b'writing dependency_links to myword_650610841.egg-info/dependency_links.txt\n'}
[1.402457] (myword_650610841) StdoutLine: {'line': b'writing top-level names to myword_650610841.egg-info/top_level.txt\n'}
[1.402503] (myword_650610841) StdoutLine: {'line': b"reading manifest file 'myword_650610841.egg-info/SOURCES.txt'\n"}
[1.402533] (myword_650610841) StdoutLine: {'line': b"writing manifest file 'myword_650610841.egg-info/SOURCES.txt'\n"}
[1.402562] (myword_650610841) StdoutLine: {'line': b'[100%] Built target ament_cmake_python_build_myword_650610841_egg\n'}
[1.403417] (sllidar_ros2) JobProgress: {'identifier': 'sllidar_ros2', 'progress': 'cmake'}
[1.403907] (sllidar_ros2) JobProgress: {'identifier': 'sllidar_ros2', 'progress': 'build'}
[1.404095] (sllidar_ros2) Command: {'cmd': ['/usr/bin/cmake', '--build', '/home/robot_ws/build/sllidar_ros2', '--', '-j16', '-l16'], 'cwd': '/home/robot_ws/build/sllidar_ros2', 'env': OrderedDict([('HOSTNAME', 'entity014'), ('SHLVL', '1'), ('LD_LIBRARY_PATH', '/home/robot_ws/install/myword_650610841/lib:/usr/lib/x86_64-linux-gnu/gazebo-11/plugins:/opt/ros/humble/opt/rviz_ogre_vendor/lib:/opt/ros/humble/lib/x86_64-linux-gnu:/opt/ros/humble/lib:/usr/lib/x86_64-linux-gnu/gazebo-11/plugins:'), ('HOME', '/home'), ('GAZEBO_MASTER_URI', 'http://localhost:11345'), ('ROS_PYTHON_VERSION', '3'), ('_colcon_cd_root', '/opt/ros/humble/'), ('COLCON_PREFIX_PATH', '/home/robot_ws/install'), ('ROS_DISTRO', 'humble'), ('_', '/usr/bin/colcon'), ('ROS_VERSION', '2'), ('NVIDIA_DRIVER_CAPABILITIES', 'all'), ('TERM', 'xterm'), ('GAZEBO_MODEL_PATH', '/usr/share/gazebo-11/models:'), ('ROS_LOCALHOST_ONLY', '0'), ('QT_X11_NO_MITSHM', '1'), ('OGRE_RESOURCE_PATH', '/usr/lib/x86_64-linux-gnu/OGRE-1.9.0'), ('PATH', '/opt/ros/humble/bin:/usr/local/sbin:/usr/local/bin:/usr/sbin:/usr/bin:/sbin:/bin'), ('XDG_RUNTIME_DIR', '/tmp/runtime-root'), ('DISPLAY', ':0'), ('LANG', 'C.UTF-8'), ('RMW_IMPLEMENTATION', 'rmw_cyclonedds_cpp'), ('ROS_DOMAIN_ID', '15'), ('AMENT_PREFIX_PATH', '/home/robot_ws/install/sllidar_ros2:/home/robot_ws/install/assign2_650610841:/home/robot_ws/install/myword_650610841:/home/robot_ws/install/assign4_650610841:/home/robot_ws/install/assign3_650610841:/home/robot_ws/install/assign1_650610841:/home/robot_ws/install/650610841_final:/opt/ros/humble'), ('NO_AT_BRIDGE', '1'), ('GAZEBO_RESOURCE_PATH', '/usr/share/gazebo-11:'), ('GAZEBO_MODEL_DATABASE_URI', 'http://models.gazebosim.org'), ('PWD', '/home/robot_ws/build/sllidar_ros2'), ('LC_ALL', 'C.UTF-8'), ('GAZEBO_PLUGIN_PATH', '/usr/lib/x86_64-linux-gnu/gazebo-11/plugins:'), ('PYTHONPATH', '/home/robot_ws/install/assign2_650610841/lib/python3.10/site-packages:/home/robot_ws/install/myword_650610841/local/lib/python3.10/dist-packages:/home/robot_ws/install/assign4_650610841/lib/python3.10/site-packages:/home/robot_ws/install/assign3_650610841/lib/python3.10/site-packages:/home/robot_ws/install/assign1_650610841/lib/python3.10/site-packages:/home/robot_ws/install/650610841_final/lib/python3.10/site-packages:/opt/ros/humble/lib/python3.10/site-packages:/opt/ros/humble/local/lib/python3.10/dist-packages'), ('COLCON', '1'), ('CMAKE_PREFIX_PATH', '/home/robot_ws/install/sllidar_ros2:/home/robot_ws/install/myword_650610841:/home/robot_ws/install/assign2_650610841:/home/robot_ws/install/assign4_650610841:/home/robot_ws/install/assign3_650610841:/home/robot_ws/install/assign1_650610841:/home/robot_ws/install/650610841_final:/opt/ros/humble')]), 'shell': False}
[1.405987] (myword_650610841) CommandEnded: {'returncode': 0}
[1.406430] (myword_650610841) JobProgress: {'identifier': 'myword_650610841', 'progress': 'install'}
[1.412919] (myword_650610841) Command: {'cmd': ['/usr/bin/cmake', '--install', '/home/robot_ws/build/myword_650610841'], 'cwd': '/home/robot_ws/build/myword_650610841', 'env': OrderedDict([('HOSTNAME', 'entity014'), ('SHLVL', '1'), ('LD_LIBRARY_PATH', '/home/robot_ws/install/myword_650610841/lib:/usr/lib/x86_64-linux-gnu/gazebo-11/plugins:/opt/ros/humble/opt/rviz_ogre_vendor/lib:/opt/ros/humble/lib/x86_64-linux-gnu:/opt/ros/humble/lib:/usr/lib/x86_64-linux-gnu/gazebo-11/plugins:'), ('HOME', '/home'), ('GAZEBO_MASTER_URI', 'http://localhost:11345'), ('ROS_PYTHON_VERSION', '3'), ('_colcon_cd_root', '/opt/ros/humble/'), ('COLCON_PREFIX_PATH', '/home/robot_ws/install'), ('ROS_DISTRO', 'humble'), ('_', '/usr/bin/colcon'), ('ROS_VERSION', '2'), ('NVIDIA_DRIVER_CAPABILITIES', 'all'), ('TERM', 'xterm'), ('GAZEBO_MODEL_PATH', '/usr/share/gazebo-11/models:'), ('ROS_LOCALHOST_ONLY', '0'), ('QT_X11_NO_MITSHM', '1'), ('OGRE_RESOURCE_PATH', '/usr/lib/x86_64-linux-gnu/OGRE-1.9.0'), ('PATH', '/opt/ros/humble/bin:/usr/local/sbin:/usr/local/bin:/usr/sbin:/usr/bin:/sbin:/bin'), ('XDG_RUNTIME_DIR', '/tmp/runtime-root'), ('DISPLAY', ':0'), ('LANG', 'C.UTF-8'), ('RMW_IMPLEMENTATION', 'rmw_cyclonedds_cpp'), ('ROS_DOMAIN_ID', '15'), ('AMENT_PREFIX_PATH', '/home/robot_ws/install/sllidar_ros2:/home/robot_ws/install/assign2_650610841:/home/robot_ws/install/myword_650610841:/home/robot_ws/install/assign4_650610841:/home/robot_ws/install/assign3_650610841:/home/robot_ws/install/assign1_650610841:/home/robot_ws/install/650610841_final:/opt/ros/humble'), ('NO_AT_BRIDGE', '1'), ('GAZEBO_RESOURCE_PATH', '/usr/share/gazebo-11:'), ('GAZEBO_MODEL_DATABASE_URI', 'http://models.gazebosim.org'), ('PWD', '/home/robot_ws/build/myword_650610841'), ('LC_ALL', 'C.UTF-8'), ('GAZEBO_PLUGIN_PATH', '/usr/lib/x86_64-linux-gnu/gazebo-11/plugins:'), ('PYTHONPATH', '/home/robot_ws/install/assign2_650610841/lib/python3.10/site-packages:/home/robot_ws/install/myword_650610841/local/lib/python3.10/dist-packages:/home/robot_ws/install/assign4_650610841/lib/python3.10/site-packages:/home/robot_ws/install/assign3_650610841/lib/python3.10/site-packages:/home/robot_ws/install/assign1_650610841/lib/python3.10/site-packages:/home/robot_ws/install/650610841_final/lib/python3.10/site-packages:/opt/ros/humble/lib/python3.10/site-packages:/opt/ros/humble/local/lib/python3.10/dist-packages'), ('COLCON', '1'), ('CMAKE_PREFIX_PATH', '/home/robot_ws/install/sllidar_ros2:/home/robot_ws/install/myword_650610841:/home/robot_ws/install/assign2_650610841:/home/robot_ws/install/assign4_650610841:/home/robot_ws/install/assign3_650610841:/home/robot_ws/install/assign1_650610841:/home/robot_ws/install/650610841_final:/opt/ros/humble')]), 'shell': False}
[1.414694] (-) TimerEvent: {}
[1.423632] (myword_650610841) StdoutLine: {'line': b'-- Install configuration: ""\n'}
[1.425104] (myword_650610841) StdoutLine: {'line': b'-- Up-to-date: /home/robot_ws/install/myword_650610841/share/ament_index/resource_index/rosidl_interfaces/myword_650610841\n'}
[1.425288] (myword_650610841) StdoutLine: {'line': b'-- Up-to-date: /home/robot_ws/install/myword_650610841/include/myword_650610841/myword_650610841\n'}
[1.425421] (myword_650610841) StdoutLine: {'line': b'-- Up-to-date: /home/robot_ws/install/myword_650610841/include/myword_650610841/myword_650610841/msg\n'}
[1.425508] (myword_650610841) StdoutLine: {'line': b'-- Up-to-date: /home/robot_ws/install/myword_650610841/include/myword_650610841/myword_650610841/msg/rosidl_generator_c__visibility_control.h\n'}
[1.425588] (myword_650610841) StdoutLine: {'line': b'-- Up-to-date: /home/robot_ws/install/myword_650610841/include/myword_650610841/myword_650610841/msg/detail\n'}
[1.425675] (myword_650610841) StdoutLine: {'line': b'-- Up-to-date: /home/robot_ws/install/myword_650610841/include/myword_650610841/myword_650610841/msg/detail/num__type_support.h\n'}
[1.425774] (myword_650610841) StdoutLine: {'line': b'-- Up-to-date: /home/robot_ws/install/myword_650610841/include/myword_650610841/myword_650610841/msg/detail/num__functions.h\n'}
[1.425863] (myword_650610841) StdoutLine: {'line': b'-- Up-to-date: /home/robot_ws/install/myword_650610841/include/myword_650610841/myword_650610841/msg/detail/num__functions.c\n'}
[1.425954] (myword_650610841) StdoutLine: {'line': b'-- Up-to-date: /home/robot_ws/install/myword_650610841/include/myword_650610841/myword_650610841/msg/detail/num__struct.h\n'}
[1.426048] (myword_650610841) StdoutLine: {'line': b'-- Up-to-date: /home/robot_ws/install/myword_650610841/include/myword_650610841/myword_650610841/msg/num.h\n'}
[1.426141] (myword_650610841) StdoutLine: {'line': b'-- Up-to-date: /home/robot_ws/install/myword_650610841/include/myword_650610841/myword_650610841/srv\n'}
[1.426251] (myword_650610841) StdoutLine: {'line': b'-- Up-to-date: /home/robot_ws/install/myword_650610841/include/myword_650610841/myword_650610841/srv/sum_four_int.h\n'}
[1.426348] (myword_650610841) StdoutLine: {'line': b'-- Up-to-date: /home/robot_ws/install/myword_650610841/include/myword_650610841/myword_650610841/srv/detail\n'}
[1.426441] (myword_650610841) StdoutLine: {'line': b'-- Up-to-date: /home/robot_ws/install/myword_650610841/include/myword_650610841/myword_650610841/srv/detail/sum_four_int__functions.c\n'}
[1.426575] (myword_650610841) StdoutLine: {'line': b'-- Up-to-date: /home/robot_ws/install/myword_650610841/include/myword_650610841/myword_650610841/srv/detail/sum_four_int__struct.h\n'}
[1.427392] (myword_650610841) StdoutLine: {'line': b'-- Up-to-date: /home/robot_ws/install/myword_650610841/include/myword_650610841/myword_650610841/srv/detail/sum_four_int__functions.h\n'}
[1.428707] (myword_650610841) StdoutLine: {'line': b'-- Up-to-date: /home/robot_ws/install/myword_650610841/include/myword_650610841/myword_650610841/srv/detail/sum_four_int__type_support.h\n'}
[1.430319] (myword_650610841) StdoutLine: {'line': b'-- Up-to-date: /home/robot_ws/install/myword_650610841/share/myword_650610841/environment/library_path.sh\n'}
[1.431096] (myword_650610841) StdoutLine: {'line': b'-- Up-to-date: /home/robot_ws/install/myword_650610841/share/myword_650610841/environment/library_path.dsv\n'}
[1.432470] (myword_650610841) StdoutLine: {'line': b'-- Up-to-date: /home/robot_ws/install/myword_650610841/lib/libmyword_650610841__rosidl_generator_c.so\n'}
[1.433744] (myword_650610841) StdoutLine: {'line': b'-- Up-to-date: /home/robot_ws/install/myword_650610841/include/myword_650610841/myword_650610841\n'}
[1.434875] (myword_650610841) StdoutLine: {'line': b'-- Up-to-date: /home/robot_ws/install/myword_650610841/include/myword_650610841/myword_650610841/msg\n'}
[1.435979] (myword_650610841) StdoutLine: {'line': b'-- Up-to-date: /home/robot_ws/install/myword_650610841/include/myword_650610841/myword_650610841/msg/rosidl_typesupport_fastrtps_c__visibility_control.h\n'}
[1.436782] (myword_650610841) StdoutLine: {'line': b'-- Up-to-date: /home/robot_ws/install/myword_650610841/include/myword_650610841/myword_650610841/msg/detail\n'}
[1.437592] (myword_650610841) StdoutLine: {'line': b'-- Up-to-date: /home/robot_ws/install/myword_650610841/include/myword_650610841/myword_650610841/msg/detail/num__rosidl_typesupport_fastrtps_c.h\n'}
[1.438874] (myword_650610841) StdoutLine: {'line': b'-- Up-to-date: /home/robot_ws/install/myword_650610841/include/myword_650610841/myword_650610841/srv\n'}
[1.439487] (myword_650610841) StdoutLine: {'line': b'-- Up-to-date: /home/robot_ws/install/myword_650610841/include/myword_650610841/myword_650610841/srv/detail\n'}
[1.439646] (myword_650610841) StdoutLine: {'line': b'-- Up-to-date: /home/robot_ws/install/myword_650610841/include/myword_650610841/myword_650610841/srv/detail/sum_four_int__rosidl_typesupport_fastrtps_c.h\n'}
[1.440743] (myword_650610841) StdoutLine: {'line': b'-- Up-to-date: /home/robot_ws/install/myword_650610841/lib/libmyword_650610841__rosidl_typesupport_fastrtps_c.so\n'}
[1.441684] (myword_650610841) StdoutLine: {'line': b'-- Up-to-date: /home/robot_ws/install/myword_650610841/include/myword_650610841/myword_650610841\n'}
[1.442573] (myword_650610841) StdoutLine: {'line': b'-- Up-to-date: /home/robot_ws/install/myword_650610841/include/myword_650610841/myword_650610841/msg\n'}
[1.443270] (myword_650610841) StdoutLine: {'line': b'-- Up-to-date: /home/robot_ws/install/myword_650610841/include/myword_650610841/myword_650610841/msg/detail\n'}
[1.443986] (myword_650610841) StdoutLine: {'line': b'-- Up-to-date: /home/robot_ws/install/myword_650610841/include/myword_650610841/myword_650610841/msg/detail/num__type_support.c\n'}
[1.444932] (myword_650610841) StdoutLine: {'line': b'-- Up-to-date: /home/robot_ws/install/myword_650610841/include/myword_650610841/myword_650610841/msg/detail/num__rosidl_typesupport_introspection_c.h\n'}
[1.445550] (myword_650610841) StdoutLine: {'line': b'-- Up-to-date: /home/robot_ws/install/myword_650610841/include/myword_650610841/myword_650610841/msg/rosidl_typesupport_introspection_c__visibility_control.h\n'}
[1.446885] (myword_650610841) StdoutLine: {'line': b'-- Up-to-date: /home/robot_ws/install/myword_650610841/include/myword_650610841/myword_650610841/srv\n'}
[1.447966] (myword_650610841) StdoutLine: {'line': b'-- Up-to-date: /home/robot_ws/install/myword_650610841/include/myword_650610841/myword_650610841/srv/detail\n'}
[1.448900] (myword_650610841) StdoutLine: {'line': b'-- Up-to-date: /home/robot_ws/install/myword_650610841/include/myword_650610841/myword_650610841/srv/detail/sum_four_int__rosidl_typesupport_introspection_c.h\n'}
[1.449538] (myword_650610841) StdoutLine: {'line': b'-- Up-to-date: /home/robot_ws/install/myword_650610841/include/myword_650610841/myword_650610841/srv/detail/sum_four_int__type_support.c\n'}
[1.450276] (myword_650610841) StdoutLine: {'line': b'-- Up-to-date: /home/robot_ws/install/myword_650610841/lib/libmyword_650610841__rosidl_typesupport_introspection_c.so\n'}
[1.451272] (myword_650610841) StdoutLine: {'line': b'-- Up-to-date: /home/robot_ws/install/myword_650610841/lib/libmyword_650610841__rosidl_typesupport_c.so\n'}
[1.452530] (myword_650610841) StdoutLine: {'line': b'-- Up-to-date: /home/robot_ws/install/myword_650610841/include/myword_650610841/myword_650610841\n'}
[1.452627] (myword_650610841) StdoutLine: {'line': b'-- Up-to-date: /home/robot_ws/install/myword_650610841/include/myword_650610841/myword_650610841/msg\n'}
[1.453352] (myword_650610841) StdoutLine: {'line': b'-- Up-to-date: /home/robot_ws/install/myword_650610841/include/myword_650610841/myword_650610841/msg/num.hpp\n'}
[1.454537] (myword_650610841) StdoutLine: {'line': b'-- Up-to-date: /home/robot_ws/install/myword_650610841/include/myword_650610841/myword_650610841/msg/rosidl_generator_cpp__visibility_control.hpp\n'}
[1.455342] (myword_650610841) StdoutLine: {'line': b'-- Up-to-date: /home/robot_ws/install/myword_650610841/include/myword_650610841/myword_650610841/msg/detail\n'}
[1.455940] (myword_650610841) StdoutLine: {'line': b'-- Up-to-date: /home/robot_ws/install/myword_650610841/include/myword_650610841/myword_650610841/msg/detail/num__traits.hpp\n'}
[1.456816] (myword_650610841) StdoutLine: {'line': b'-- Up-to-date: /home/robot_ws/install/myword_650610841/include/myword_650610841/myword_650610841/msg/detail/num__struct.hpp\n'}
[1.458117] (myword_650610841) StdoutLine: {'line': b'-- Up-to-date: /home/robot_ws/install/myword_650610841/include/myword_650610841/myword_650610841/msg/detail/num__builder.hpp\n'}
[1.459200] (myword_650610841) StdoutLine: {'line': b'-- Up-to-date: /home/robot_ws/install/myword_650610841/include/myword_650610841/myword_650610841/msg/detail/num__type_support.hpp\n'}
[1.460105] (myword_650610841) StdoutLine: {'line': b'-- Up-to-date: /home/robot_ws/install/myword_650610841/include/myword_650610841/myword_650610841/srv\n'}
[1.461166] (myword_650610841) StdoutLine: {'line': b'-- Up-to-date: /home/robot_ws/install/myword_650610841/include/myword_650610841/myword_650610841/srv/detail\n'}
[1.461774] (myword_650610841) StdoutLine: {'line': b'-- Up-to-date: /home/robot_ws/install/myword_650610841/include/myword_650610841/myword_650610841/srv/detail/sum_four_int__type_support.hpp\n'}
[1.462800] (myword_650610841) StdoutLine: {'line': b'-- Up-to-date: /home/robot_ws/install/myword_650610841/include/myword_650610841/myword_650610841/srv/detail/sum_four_int__struct.hpp\n'}
[1.463874] (myword_650610841) StdoutLine: {'line': b'-- Up-to-date: /home/robot_ws/install/myword_650610841/include/myword_650610841/myword_650610841/srv/detail/sum_four_int__builder.hpp\n'}
[1.464855] (myword_650610841) StdoutLine: {'line': b'-- Up-to-date: /home/robot_ws/install/myword_650610841/include/myword_650610841/myword_650610841/srv/detail/sum_four_int__traits.hpp\n'}
[1.465658] (myword_650610841) StdoutLine: {'line': b'-- Up-to-date: /home/robot_ws/install/myword_650610841/include/myword_650610841/myword_650610841/srv/sum_four_int.hpp\n'}
[1.465748] (myword_650610841) StdoutLine: {'line': b'-- Up-to-date: /home/robot_ws/install/myword_650610841/include/myword_650610841/myword_650610841\n'}
[1.466116] (myword_650610841) StdoutLine: {'line': b'-- Up-to-date: /home/robot_ws/install/myword_650610841/include/myword_650610841/myword_650610841/msg\n'}
[1.467196] (myword_650610841) StdoutLine: {'line': b'-- Up-to-date: /home/robot_ws/install/myword_650610841/include/myword_650610841/myword_650610841/msg/detail\n'}
[1.467820] (myword_650610841) StdoutLine: {'line': b'-- Up-to-date: /home/robot_ws/install/myword_650610841/include/myword_650610841/myword_650610841/msg/detail/dds_fastrtps\n'}
[1.468603] (myword_650610841) StdoutLine: {'line': b'-- Up-to-date: /home/robot_ws/install/myword_650610841/include/myword_650610841/myword_650610841/msg/detail/num__rosidl_typesupport_fastrtps_cpp.hpp\n'}
[1.469444] (myword_650610841) StdoutLine: {'line': b'-- Up-to-date: /home/robot_ws/install/myword_650610841/include/myword_650610841/myword_650610841/msg/rosidl_typesupport_fastrtps_cpp__visibility_control.h\n'}
[1.470656] (myword_650610841) StdoutLine: {'line': b'-- Up-to-date: /home/robot_ws/install/myword_650610841/include/myword_650610841/myword_650610841/srv\n'}
[1.471628] (myword_650610841) StdoutLine: {'line': b'-- Up-to-date: /home/robot_ws/install/myword_650610841/include/myword_650610841/myword_650610841/srv/detail\n'}
[1.472825] (myword_650610841) StdoutLine: {'line': b'-- Up-to-date: /home/robot_ws/install/myword_650610841/include/myword_650610841/myword_650610841/srv/detail/sum_four_int__rosidl_typesupport_fastrtps_cpp.hpp\n'}
[1.473632] (myword_650610841) StdoutLine: {'line': b'-- Up-to-date: /home/robot_ws/install/myword_650610841/include/myword_650610841/myword_650610841/srv/detail/dds_fastrtps\n'}
[1.474234] (myword_650610841) StdoutLine: {'line': b'-- Up-to-date: /home/robot_ws/install/myword_650610841/lib/libmyword_650610841__rosidl_typesupport_fastrtps_cpp.so\n'}
[1.475220] (myword_650610841) StdoutLine: {'line': b'-- Up-to-date: /home/robot_ws/install/myword_650610841/include/myword_650610841/myword_650610841\n'}
[1.476659] (myword_650610841) StdoutLine: {'line': b'-- Up-to-date: /home/robot_ws/install/myword_650610841/include/myword_650610841/myword_650610841/msg\n'}
[1.477805] (myword_650610841) StdoutLine: {'line': b'-- Up-to-date: /home/robot_ws/install/myword_650610841/include/myword_650610841/myword_650610841/msg/detail\n'}
[1.478764] (myword_650610841) StdoutLine: {'line': b'-- Up-to-date: /home/robot_ws/install/myword_650610841/include/myword_650610841/myword_650610841/msg/detail/num__type_support.cpp\n'}
[1.478860] (myword_650610841) StdoutLine: {'line': b'-- Up-to-date: /home/robot_ws/install/myword_650610841/include/myword_650610841/myword_650610841/msg/detail/num__rosidl_typesupport_introspection_cpp.hpp\n'}
[1.479143] (myword_650610841) StdoutLine: {'line': b'-- Up-to-date: /home/robot_ws/install/myword_650610841/include/myword_650610841/myword_650610841/srv\n'}
[1.479858] (myword_650610841) StdoutLine: {'line': b'-- Up-to-date: /home/robot_ws/install/myword_650610841/include/myword_650610841/myword_650610841/srv/detail\n'}
[1.480483] (myword_650610841) StdoutLine: {'line': b'-- Up-to-date: /home/robot_ws/install/myword_650610841/include/myword_650610841/myword_650610841/srv/detail/sum_four_int__rosidl_typesupport_introspection_cpp.hpp\n'}
[1.481511] (myword_650610841) StdoutLine: {'line': b'-- Up-to-date: /home/robot_ws/install/myword_650610841/include/myword_650610841/myword_650610841/srv/detail/sum_four_int__type_support.cpp\n'}
[1.482818] (myword_650610841) StdoutLine: {'line': b'-- Up-to-date: /home/robot_ws/install/myword_650610841/lib/libmyword_650610841__rosidl_typesupport_introspection_cpp.so\n'}
[1.483854] (myword_650610841) StdoutLine: {'line': b'-- Up-to-date: /home/robot_ws/install/myword_650610841/lib/libmyword_650610841__rosidl_typesupport_cpp.so\n'}
[1.484959] (myword_650610841) StdoutLine: {'line': b'-- Up-to-date: /home/robot_ws/install/myword_650610841/share/myword_650610841/environment/pythonpath.sh\n'}
[1.485837] (myword_650610841) StdoutLine: {'line': b'-- Up-to-date: /home/robot_ws/install/myword_650610841/share/myword_650610841/environment/pythonpath.dsv\n'}
[1.486389] (myword_650610841) StdoutLine: {'line': b'-- Up-to-date: /home/robot_ws/install/myword_650610841/local/lib/python3.10/dist-packages/myword_650610841-0.0.0-py3.10.egg-info\n'}
[1.487043] (myword_650610841) StdoutLine: {'line': b'-- Installing: /home/robot_ws/install/myword_650610841/local/lib/python3.10/dist-packages/myword_650610841-0.0.0-py3.10.egg-info/SOURCES.txt\n'}
[1.488426] (myword_650610841) StdoutLine: {'line': b'-- Installing: /home/robot_ws/install/myword_650610841/local/lib/python3.10/dist-packages/myword_650610841-0.0.0-py3.10.egg-info/PKG-INFO\n'}
[1.489612] (myword_650610841) StdoutLine: {'line': b'-- Installing: /home/robot_ws/install/myword_650610841/local/lib/python3.10/dist-packages/myword_650610841-0.0.0-py3.10.egg-info/top_level.txt\n'}
[1.490800] (myword_650610841) StdoutLine: {'line': b'-- Installing: /home/robot_ws/install/myword_650610841/local/lib/python3.10/dist-packages/myword_650610841-0.0.0-py3.10.egg-info/dependency_links.txt\n'}
[1.491828] (myword_650610841) StdoutLine: {'line': b'-- Up-to-date: /home/robot_ws/install/myword_650610841/local/lib/python3.10/dist-packages/myword_650610841\n'}
[1.491921] (myword_650610841) StdoutLine: {'line': b'-- Up-to-date: /home/robot_ws/install/myword_650610841/local/lib/python3.10/dist-packages/myword_650610841/myword_650610841_s__rosidl_typesupport_introspection_c.cpython-310-x86_64-linux-gnu.so\n'}
[1.492002] (myword_650610841) StdoutLine: {'line': b'-- Up-to-date: /home/robot_ws/install/myword_650610841/local/lib/python3.10/dist-packages/myword_650610841/msg\n'}
[1.492070] (myword_650610841) StdoutLine: {'line': b'-- Up-to-date: /home/robot_ws/install/myword_650610841/local/lib/python3.10/dist-packages/myword_650610841/msg/_num.py\n'}
[1.492138] (myword_650610841) StdoutLine: {'line': b'-- Up-to-date: /home/robot_ws/install/myword_650610841/local/lib/python3.10/dist-packages/myword_650610841/msg/_num_s.c\n'}
[1.492215] (myword_650610841) StdoutLine: {'line': b'-- Up-to-date: /home/robot_ws/install/myword_650610841/local/lib/python3.10/dist-packages/myword_650610841/msg/__init__.py\n'}
[1.492283] (myword_650610841) StdoutLine: {'line': b'-- Up-to-date: /home/robot_ws/install/myword_650610841/local/lib/python3.10/dist-packages/myword_650610841/_myword_650610841_s.ep.rosidl_typesupport_fastrtps_c.c\n'}
[1.492352] (myword_650610841) StdoutLine: {'line': b'-- Up-to-date: /home/robot_ws/install/myword_650610841/local/lib/python3.10/dist-packages/myword_650610841/libmyword_650610841__rosidl_generator_py.so\n'}
[1.492419] (myword_650610841) StdoutLine: {'line': b'-- Up-to-date: /home/robot_ws/install/myword_650610841/local/lib/python3.10/dist-packages/myword_650610841/_myword_650610841_s.ep.rosidl_typesupport_c.c\n'}
[1.492486] (myword_650610841) StdoutLine: {'line': b'-- Up-to-date: /home/robot_ws/install/myword_650610841/local/lib/python3.10/dist-packages/myword_650610841/srv\n'}
[1.492552] (myword_650610841) StdoutLine: {'line': b'-- Up-to-date: /home/robot_ws/install/myword_650610841/local/lib/python3.10/dist-packages/myword_650610841/srv/_sum_four_int_s.c\n'}
[1.492620] (myword_650610841) StdoutLine: {'line': b'-- Up-to-date: /home/robot_ws/install/myword_650610841/local/lib/python3.10/dist-packages/myword_650610841/srv/__init__.py\n'}
[1.492724] (myword_650610841) StdoutLine: {'line': b'-- Up-to-date: /home/robot_ws/install/myword_650610841/local/lib/python3.10/dist-packages/myword_650610841/srv/_sum_four_int.py\n'}
[1.492794] (myword_650610841) StdoutLine: {'line': b'-- Up-to-date: /home/robot_ws/install/myword_650610841/local/lib/python3.10/dist-packages/myword_650610841/myword_650610841_s__rosidl_typesupport_c.cpython-310-x86_64-linux-gnu.so\n'}
[1.493709] (myword_650610841) StdoutLine: {'line': b'-- Up-to-date: /home/robot_ws/install/myword_650610841/local/lib/python3.10/dist-packages/myword_650610841/myword_650610841_s__rosidl_typesupport_fastrtps_c.cpython-310-x86_64-linux-gnu.so\n'}
[1.494819] (myword_650610841) StdoutLine: {'line': b'-- Up-to-date: /home/robot_ws/install/myword_650610841/local/lib/python3.10/dist-packages/myword_650610841/_myword_650610841_s.ep.rosidl_typesupport_introspection_c.c\n'}
[1.496019] (myword_650610841) StdoutLine: {'line': b'-- Up-to-date: /home/robot_ws/install/myword_650610841/local/lib/python3.10/dist-packages/myword_650610841/__init__.py\n'}
[1.515114] (-) TimerEvent: {}
[1.540014] (sllidar_ros2) StdoutLine: {'line': b'[ 10%] Built target sllidar_client\n'}
[1.548574] (sllidar_ros2) StdoutLine: {'line': b'[100%] Built target sllidar_node\n'}
[1.568099] (sllidar_ros2) CommandEnded: {'returncode': 0}
[1.568827] (sllidar_ros2) JobProgress: {'identifier': 'sllidar_ros2', 'progress': 'install'}
[1.569233] (sllidar_ros2) Command: {'cmd': ['/usr/bin/cmake', '--install', '/home/robot_ws/build/sllidar_ros2'], 'cwd': '/home/robot_ws/build/sllidar_ros2', 'env': OrderedDict([('HOSTNAME', 'entity014'), ('SHLVL', '1'), ('LD_LIBRARY_PATH', '/home/robot_ws/install/myword_650610841/lib:/usr/lib/x86_64-linux-gnu/gazebo-11/plugins:/opt/ros/humble/opt/rviz_ogre_vendor/lib:/opt/ros/humble/lib/x86_64-linux-gnu:/opt/ros/humble/lib:/usr/lib/x86_64-linux-gnu/gazebo-11/plugins:'), ('HOME', '/home'), ('GAZEBO_MASTER_URI', 'http://localhost:11345'), ('ROS_PYTHON_VERSION', '3'), ('_colcon_cd_root', '/opt/ros/humble/'), ('COLCON_PREFIX_PATH', '/home/robot_ws/install'), ('ROS_DISTRO', 'humble'), ('_', '/usr/bin/colcon'), ('ROS_VERSION', '2'), ('NVIDIA_DRIVER_CAPABILITIES', 'all'), ('TERM', 'xterm'), ('GAZEBO_MODEL_PATH', '/usr/share/gazebo-11/models:'), ('ROS_LOCALHOST_ONLY', '0'), ('QT_X11_NO_MITSHM', '1'), ('OGRE_RESOURCE_PATH', '/usr/lib/x86_64-linux-gnu/OGRE-1.9.0'), ('PATH', '/opt/ros/humble/bin:/usr/local/sbin:/usr/local/bin:/usr/sbin:/usr/bin:/sbin:/bin'), ('XDG_RUNTIME_DIR', '/tmp/runtime-root'), ('DISPLAY', ':0'), ('LANG', 'C.UTF-8'), ('RMW_IMPLEMENTATION', 'rmw_cyclonedds_cpp'), ('ROS_DOMAIN_ID', '15'), ('AMENT_PREFIX_PATH', '/home/robot_ws/install/sllidar_ros2:/home/robot_ws/install/assign2_650610841:/home/robot_ws/install/myword_650610841:/home/robot_ws/install/assign4_650610841:/home/robot_ws/install/assign3_650610841:/home/robot_ws/install/assign1_650610841:/home/robot_ws/install/650610841_final:/opt/ros/humble'), ('NO_AT_BRIDGE', '1'), ('GAZEBO_RESOURCE_PATH', '/usr/share/gazebo-11:'), ('GAZEBO_MODEL_DATABASE_URI', 'http://models.gazebosim.org'), ('PWD', '/home/robot_ws/build/sllidar_ros2'), ('LC_ALL', 'C.UTF-8'), ('GAZEBO_PLUGIN_PATH', '/usr/lib/x86_64-linux-gnu/gazebo-11/plugins:'), ('PYTHONPATH', '/home/robot_ws/install/assign2_650610841/lib/python3.10/site-packages:/home/robot_ws/install/myword_650610841/local/lib/python3.10/dist-packages:/home/robot_ws/install/assign4_650610841/lib/python3.10/site-packages:/home/robot_ws/install/assign3_650610841/lib/python3.10/site-packages:/home/robot_ws/install/assign1_650610841/lib/python3.10/site-packages:/home/robot_ws/install/650610841_final/lib/python3.10/site-packages:/opt/ros/humble/lib/python3.10/site-packages:/opt/ros/humble/local/lib/python3.10/dist-packages'), ('COLCON', '1'), ('CMAKE_PREFIX_PATH', '/home/robot_ws/install/sllidar_ros2:/home/robot_ws/install/myword_650610841:/home/robot_ws/install/assign2_650610841:/home/robot_ws/install/assign4_650610841:/home/robot_ws/install/assign3_650610841:/home/robot_ws/install/assign1_650610841:/home/robot_ws/install/650610841_final:/opt/ros/humble')]), 'shell': False}
[1.577530] (sllidar_ros2) StdoutLine: {'line': b'-- Install configuration: ""\n'}
[1.577887] (sllidar_ros2) StdoutLine: {'line': b'-- Up-to-date: /home/robot_ws/install/sllidar_ros2/share/sllidar_ros2/launch\n'}
[1.577987] (sllidar_ros2) StdoutLine: {'line': b'-- Up-to-date: /home/robot_ws/install/sllidar_ros2/share/sllidar_ros2/launch/sllidar_s1_tcp_launch.py\n'}
[1.578286] (sllidar_ros2) StdoutLine: {'line': b'-- Up-to-date: /home/robot_ws/install/sllidar_ros2/share/sllidar_ros2/launch/sllidar_s1_launch.py\n'}
[1.578466] (sllidar_ros2) StdoutLine: {'line': b'-- Up-to-date: /home/robot_ws/install/sllidar_ros2/share/sllidar_ros2/launch/view_sllidar_a1_launch.py\n'}
[1.578579] (sllidar_ros2) StdoutLine: {'line': b'-- Up-to-date: /home/robot_ws/install/sllidar_ros2/share/sllidar_ros2/launch/view_sllidar_s3_launch.py\n'}
[1.578781] (sllidar_ros2) StdoutLine: {'line': b'-- Up-to-date: /home/robot_ws/install/sllidar_ros2/share/sllidar_ros2/launch/sllidar_a3_launch.py\n'}
[1.578925] (sllidar_ros2) StdoutLine: {'line': b'-- Up-to-date: /home/robot_ws/install/sllidar_ros2/share/sllidar_ros2/launch/sllidar_s3_launch.py\n'}
[1.579045] (sllidar_ros2) StdoutLine: {'line': b'-- Up-to-date: /home/robot_ws/install/sllidar_ros2/share/sllidar_ros2/launch/view_sllidar_s1_tcp_launch.py\n'}
[1.579140] (sllidar_ros2) StdoutLine: {'line': b'-- Up-to-date: /home/robot_ws/install/sllidar_ros2/share/sllidar_ros2/launch/view_sllidar_a2m12_launch.py\n'}
[1.579236] (sllidar_ros2) StdoutLine: {'line': b'-- Up-to-date: /home/robot_ws/install/sllidar_ros2/share/sllidar_ros2/launch/sllidar_t1_launch.py\n'}
[1.579331] (sllidar_ros2) StdoutLine: {'line': b'-- Up-to-date: /home/robot_ws/install/sllidar_ros2/share/sllidar_ros2/launch/view_sllidar_s1_launch.py\n'}
[1.579429] (sllidar_ros2) StdoutLine: {'line': b'-- Up-to-date: /home/robot_ws/install/sllidar_ros2/share/sllidar_ros2/launch/view_sllidar_s2_launch.py\n'}
[1.579528] (sllidar_ros2) StdoutLine: {'line': b'-- Up-to-date: /home/robot_ws/install/sllidar_ros2/share/sllidar_ros2/launch/sllidar_a2m8_launch.py\n'}
[1.579636] (sllidar_ros2) StdoutLine: {'line': b'-- Up-to-date: /home/robot_ws/install/sllidar_ros2/share/sllidar_ros2/launch/view_sllidar_a2m7_launch.py\n'}
[1.579888] (sllidar_ros2) StdoutLine: {'line': b'-- Up-to-date: /home/robot_ws/install/sllidar_ros2/share/sllidar_ros2/launch/sllidar_a2m12_launch .py\n'}
[1.580366] (sllidar_ros2) StdoutLine: {'line': b'-- Up-to-date: /home/robot_ws/install/sllidar_ros2/share/sllidar_ros2/launch/view_sllidar_t1_launch.py\n'}
[1.581044] (sllidar_ros2) StdoutLine: {'line': b'-- Up-to-date: /home/robot_ws/install/sllidar_ros2/share/sllidar_ros2/launch/sllidar_a2m7_launch.py\n'}
[1.581165] (sllidar_ros2) StdoutLine: {'line': b'-- Up-to-date: /home/robot_ws/install/sllidar_ros2/share/sllidar_ros2/launch/view_sllidar_c1_launch.py\n'}
[1.581362] (sllidar_ros2) StdoutLine: {'line': b'-- Up-to-date: /home/robot_ws/install/sllidar_ros2/share/sllidar_ros2/launch/view_sllidar_a3_launch.py\n'}
[1.581479] (sllidar_ros2) StdoutLine: {'line': b'-- Up-to-date: /home/robot_ws/install/sllidar_ros2/share/sllidar_ros2/launch/view_sllidar_a2m8_launch.py\n'}
[1.581860] (sllidar_ros2) StdoutLine: {'line': b'-- Up-to-date: /home/robot_ws/install/sllidar_ros2/share/sllidar_ros2/launch/sllidar_s2e_launch.py\n'}
[1.581973] (sllidar_ros2) StdoutLine: {'line': b'-- Up-to-date: /home/robot_ws/install/sllidar_ros2/share/sllidar_ros2/launch/sllidar_s2_launch.py\n'}
[1.582076] (sllidar_ros2) StdoutLine: {'line': b'-- Up-to-date: /home/robot_ws/install/sllidar_ros2/share/sllidar_ros2/launch/sllidar_a1_launch.py\n'}
[1.582372] (sllidar_ros2) StdoutLine: {'line': b'-- Up-to-date: /home/robot_ws/install/sllidar_ros2/share/sllidar_ros2/launch/view_sllidar_s2e_launch.py\n'}
[1.582673] (sllidar_ros2) StdoutLine: {'line': b'-- Up-to-date: /home/robot_ws/install/sllidar_ros2/share/sllidar_ros2/launch/sllidar_c1_launch.py\n'}
[1.582905] (sllidar_ros2) StdoutLine: {'line': b'-- Up-to-date: /home/robot_ws/install/sllidar_ros2/share/sllidar_ros2/rviz\n'}
[1.583052] (sllidar_ros2) StdoutLine: {'line': b'-- Up-to-date: /home/robot_ws/install/sllidar_ros2/share/sllidar_ros2/rviz/sllidar_ros2.rviz\n'}
[1.583141] (sllidar_ros2) StdoutLine: {'line': b'-- Up-to-date: /home/robot_ws/install/sllidar_ros2/lib/sllidar_ros2/sllidar_node\n'}
[1.583261] (myword_650610841) StdoutLine: {'line': b"Listing '/home/robot_ws/install/myword_650610841/local/lib/python3.10/dist-packages/myword_650610841'...\n"}
[1.583383] (myword_650610841) StdoutLine: {'line': b"Listing '/home/robot_ws/install/myword_650610841/local/lib/python3.10/dist-packages/myword_650610841/msg'...\n"}
[1.583560] (myword_650610841) StdoutLine: {'line': b"Listing '/home/robot_ws/install/myword_650610841/local/lib/python3.10/dist-packages/myword_650610841/srv'...\n"}
[1.583778] (sllidar_ros2) StdoutLine: {'line': b'-- Up-to-date: /home/robot_ws/install/sllidar_ros2/lib/sllidar_ros2/sllidar_client\n'}
[1.583956] (sllidar_ros2) StdoutLine: {'line': b'-- Up-to-date: /home/robot_ws/install/sllidar_ros2/share/ament_index/resource_index/package_run_dependencies/sllidar_ros2\n'}
[1.584057] (sllidar_ros2) StdoutLine: {'line': b'-- Up-to-date: /home/robot_ws/install/sllidar_ros2/share/ament_index/resource_index/parent_prefix_path/sllidar_ros2\n'}
[1.584322] (sllidar_ros2) StdoutLine: {'line': b'-- Up-to-date: /home/robot_ws/install/sllidar_ros2/share/sllidar_ros2/environment/ament_prefix_path.sh\n'}
[1.584540] (sllidar_ros2) StdoutLine: {'line': b'-- Up-to-date: /home/robot_ws/install/sllidar_ros2/share/sllidar_ros2/environment/ament_prefix_path.dsv\n'}
[1.584749] (sllidar_ros2) StdoutLine: {'line': b'-- Up-to-date: /home/robot_ws/install/sllidar_ros2/share/sllidar_ros2/environment/path.sh\n'}
[1.584968] (sllidar_ros2) StdoutLine: {'line': b'-- Up-to-date: /home/robot_ws/install/sllidar_ros2/share/sllidar_ros2/environment/path.dsv\n'}
[1.585068] (sllidar_ros2) StdoutLine: {'line': b'-- Up-to-date: /home/robot_ws/install/sllidar_ros2/share/sllidar_ros2/local_setup.bash\n'}
[1.585136] (sllidar_ros2) StdoutLine: {'line': b'-- Up-to-date: /home/robot_ws/install/sllidar_ros2/share/sllidar_ros2/local_setup.sh\n'}
[1.585239] (sllidar_ros2) StdoutLine: {'line': b'-- Up-to-date: /home/robot_ws/install/sllidar_ros2/share/sllidar_ros2/local_setup.zsh\n'}
[1.585299] (sllidar_ros2) StdoutLine: {'line': b'-- Up-to-date: /home/robot_ws/install/sllidar_ros2/share/sllidar_ros2/local_setup.dsv\n'}
[1.585363] (sllidar_ros2) StdoutLine: {'line': b'-- Installing: /home/robot_ws/install/sllidar_ros2/share/sllidar_ros2/package.dsv\n'}
[1.585423] (sllidar_ros2) StdoutLine: {'line': b'-- Up-to-date: /home/robot_ws/install/sllidar_ros2/share/ament_index/resource_index/packages/sllidar_ros2\n'}
[1.585572] (sllidar_ros2) StdoutLine: {'line': b'-- Up-to-date: /home/robot_ws/install/sllidar_ros2/share/sllidar_ros2/cmake/ament_cmake_export_dependencies-extras.cmake\n'}
[1.585642] (sllidar_ros2) StdoutLine: {'line': b'-- Up-to-date: /home/robot_ws/install/sllidar_ros2/share/sllidar_ros2/cmake/ament_cmake_export_include_directories-extras.cmake\n'}
[1.585936] (sllidar_ros2) StdoutLine: {'line': b'-- Up-to-date: /home/robot_ws/install/sllidar_ros2/share/sllidar_ros2/cmake/sllidar_ros2Config.cmake\n'}
[1.586010] (sllidar_ros2) StdoutLine: {'line': b'-- Up-to-date: /home/robot_ws/install/sllidar_ros2/share/sllidar_ros2/cmake/sllidar_ros2Config-version.cmake\n'}
[1.586071] (sllidar_ros2) StdoutLine: {'line': b'-- Up-to-date: /home/robot_ws/install/sllidar_ros2/share/sllidar_ros2/package.xml\n'}
[1.586131] (sllidar_ros2) CommandEnded: {'returncode': 0}
[1.586441] (myword_650610841) StdoutLine: {'line': b'-- Up-to-date: /home/robot_ws/install/myword_650610841/local/lib/python3.10/dist-packages/myword_650610841/myword_650610841_s__rosidl_typesupport_fastrtps_c.cpython-310-x86_64-linux-gnu.so\n'}
[1.586555] (myword_650610841) StdoutLine: {'line': b'-- Up-to-date: /home/robot_ws/install/myword_650610841/local/lib/python3.10/dist-packages/myword_650610841/myword_650610841_s__rosidl_typesupport_introspection_c.cpython-310-x86_64-linux-gnu.so\n'}
[1.586621] (myword_650610841) StdoutLine: {'line': b'-- Up-to-date: /home/robot_ws/install/myword_650610841/local/lib/python3.10/dist-packages/myword_650610841/myword_650610841_s__rosidl_typesupport_c.cpython-310-x86_64-linux-gnu.so\n'}
[1.586690] (myword_650610841) StdoutLine: {'line': b'-- Up-to-date: /home/robot_ws/install/myword_650610841/lib/libmyword_650610841__rosidl_generator_py.so\n'}
[1.586754] (myword_650610841) StdoutLine: {'line': b'-- Up-to-date: /home/robot_ws/install/myword_650610841/share/myword_650610841/msg/Num.idl\n'}
[1.586815] (myword_650610841) StdoutLine: {'line': b'-- Up-to-date: /home/robot_ws/install/myword_650610841/share/myword_650610841/srv/SumFourInt.idl\n'}
[1.586874] (myword_650610841) StdoutLine: {'line': b'-- Up-to-date: /home/robot_ws/install/myword_650610841/share/myword_650610841/msg/Num.msg\n'}
[1.586933] (myword_650610841) StdoutLine: {'line': b'-- Up-to-date: /home/robot_ws/install/myword_650610841/share/myword_650610841/srv/SumFourInt.srv\n'}
[1.586997] (myword_650610841) StdoutLine: {'line': b'-- Up-to-date: /home/robot_ws/install/myword_650610841/share/myword_650610841/srv/SumFourInt_Request.msg\n'}
[1.587059] (myword_650610841) StdoutLine: {'line': b'-- Up-to-date: /home/robot_ws/install/myword_650610841/share/myword_650610841/srv/SumFourInt_Response.msg\n'}
[1.587287] (myword_650610841) StdoutLine: {'line': b'-- Up-to-date: /home/robot_ws/install/myword_650610841/share/ament_index/resource_index/package_run_dependencies/myword_650610841\n'}
[1.587426] (myword_650610841) StdoutLine: {'line': b'-- Up-to-date: /home/robot_ws/install/myword_650610841/share/ament_index/resource_index/parent_prefix_path/myword_650610841\n'}
[1.587602] (myword_650610841) StdoutLine: {'line': b'-- Up-to-date: /home/robot_ws/install/myword_650610841/share/myword_650610841/environment/ament_prefix_path.sh\n'}
[1.587857] (myword_650610841) StdoutLine: {'line': b'-- Up-to-date: /home/robot_ws/install/myword_650610841/share/myword_650610841/environment/ament_prefix_path.dsv\n'}
[1.587931] (myword_650610841) StdoutLine: {'line': b'-- Up-to-date: /home/robot_ws/install/myword_650610841/share/myword_650610841/environment/path.sh\n'}
[1.588105] (myword_650610841) StdoutLine: {'line': b'-- Up-to-date: /home/robot_ws/install/myword_650610841/share/myword_650610841/environment/path.dsv\n'}
[1.588174] (myword_650610841) StdoutLine: {'line': b'-- Up-to-date: /home/robot_ws/install/myword_650610841/share/myword_650610841/local_setup.bash\n'}
[1.588375] (myword_650610841) StdoutLine: {'line': b'-- Up-to-date: /home/robot_ws/install/myword_650610841/share/myword_650610841/local_setup.sh\n'}
[1.588435] (myword_650610841) StdoutLine: {'line': b'-- Up-to-date: /home/robot_ws/install/myword_650610841/share/myword_650610841/local_setup.zsh\n'}
[1.588493] (myword_650610841) StdoutLine: {'line': b'-- Up-to-date: /home/robot_ws/install/myword_650610841/share/myword_650610841/local_setup.dsv\n'}
[1.588549] (myword_650610841) StdoutLine: {'line': b'-- Installing: /home/robot_ws/install/myword_650610841/share/myword_650610841/package.dsv\n'}
[1.588603] (myword_650610841) StdoutLine: {'line': b'-- Up-to-date: /home/robot_ws/install/myword_650610841/share/ament_index/resource_index/packages/myword_650610841\n'}
[1.588665] (myword_650610841) StdoutLine: {'line': b'-- Up-to-date: /home/robot_ws/install/myword_650610841/share/myword_650610841/cmake/export_myword_650610841__rosidl_generator_cExport.cmake\n'}
[1.588744] (myword_650610841) StdoutLine: {'line': b'-- Up-to-date: /home/robot_ws/install/myword_650610841/share/myword_650610841/cmake/export_myword_650610841__rosidl_generator_cExport-noconfig.cmake\n'}
[1.588804] (myword_650610841) StdoutLine: {'line': b'-- Up-to-date: /home/robot_ws/install/myword_650610841/share/myword_650610841/cmake/export_myword_650610841__rosidl_typesupport_fastrtps_cExport.cmake\n'}
[1.588862] (myword_650610841) StdoutLine: {'line': b'-- Up-to-date: /home/robot_ws/install/myword_650610841/share/myword_650610841/cmake/export_myword_650610841__rosidl_typesupport_fastrtps_cExport-noconfig.cmake\n'}
[1.588917] (myword_650610841) StdoutLine: {'line': b'-- Up-to-date: /home/robot_ws/install/myword_650610841/share/myword_650610841/cmake/myword_650610841__rosidl_typesupport_introspection_cExport.cmake\n'}
[1.588975] (myword_650610841) StdoutLine: {'line': b'-- Up-to-date: /home/robot_ws/install/myword_650610841/share/myword_650610841/cmake/myword_650610841__rosidl_typesupport_introspection_cExport-noconfig.cmake\n'}
[1.589038] (myword_650610841) StdoutLine: {'line': b'-- Up-to-date: /home/robot_ws/install/myword_650610841/share/myword_650610841/cmake/myword_650610841__rosidl_typesupport_cExport.cmake\n'}
[1.589098] (myword_650610841) StdoutLine: {'line': b'-- Up-to-date: /home/robot_ws/install/myword_650610841/share/myword_650610841/cmake/myword_650610841__rosidl_typesupport_cExport-noconfig.cmake\n'}
[1.589189] (myword_650610841) StdoutLine: {'line': b'-- Up-to-date: /home/robot_ws/install/myword_650610841/share/myword_650610841/cmake/export_myword_650610841__rosidl_generator_cppExport.cmake\n'}
[1.590005] (myword_650610841) StdoutLine: {'line': b'-- Up-to-date: /home/robot_ws/install/myword_650610841/share/myword_650610841/cmake/export_myword_650610841__rosidl_typesupport_fastrtps_cppExport.cmake\n'}
[1.592900] (myword_650610841) StdoutLine: {'line': b'-- Up-to-date: /home/robot_ws/install/myword_650610841/share/myword_650610841/cmake/export_myword_650610841__rosidl_typesupport_fastrtps_cppExport-noconfig.cmake\n'}
[1.594709] (myword_650610841) StdoutLine: {'line': b'-- Up-to-date: /home/robot_ws/install/myword_650610841/share/myword_650610841/cmake/myword_650610841__rosidl_typesupport_introspection_cppExport.cmake\n'}
[1.595342] (myword_650610841) StdoutLine: {'line': b'-- Up-to-date: /home/robot_ws/install/myword_650610841/share/myword_650610841/cmake/myword_650610841__rosidl_typesupport_introspection_cppExport-noconfig.cmake\n'}
[1.595890] (myword_650610841) StdoutLine: {'line': b'-- Up-to-date: /home/robot_ws/install/myword_650610841/share/myword_650610841/cmake/myword_650610841__rosidl_typesupport_cppExport.cmake\n'}
[1.596298] (myword_650610841) StdoutLine: {'line': b'-- Up-to-date: /home/robot_ws/install/myword_650610841/share/myword_650610841/cmake/myword_650610841__rosidl_typesupport_cppExport-noconfig.cmake\n'}
[1.601795] (myword_650610841) StdoutLine: {'line': b'-- Up-to-date: /home/robot_ws/install/myword_650610841/share/myword_650610841/cmake/export_myword_650610841__rosidl_generator_pyExport.cmake\n'}
[1.602069] (myword_650610841) StdoutLine: {'line': b'-- Up-to-date: /home/robot_ws/install/myword_650610841/share/myword_650610841/cmake/export_myword_650610841__rosidl_generator_pyExport-noconfig.cmake\n'}
[1.602132] (myword_650610841) StdoutLine: {'line': b'-- Up-to-date: /home/robot_ws/install/myword_650610841/share/myword_650610841/cmake/rosidl_cmake-extras.cmake\n'}
[1.602177] (myword_650610841) StdoutLine: {'line': b'-- Up-to-date: /home/robot_ws/install/myword_650610841/share/myword_650610841/cmake/ament_cmake_export_include_directories-extras.cmake\n'}
[1.602220] (myword_650610841) StdoutLine: {'line': b'-- Up-to-date: /home/robot_ws/install/myword_650610841/share/myword_650610841/cmake/ament_cmake_export_libraries-extras.cmake\n'}
[1.602262] (myword_650610841) StdoutLine: {'line': b'-- Up-to-date: /home/robot_ws/install/myword_650610841/share/myword_650610841/cmake/ament_cmake_export_targets-extras.cmake\n'}
[1.602305] (myword_650610841) StdoutLine: {'line': b'-- Up-to-date: /home/robot_ws/install/myword_650610841/share/myword_650610841/cmake/rosidl_cmake_export_typesupport_targets-extras.cmake\n'}
[1.602351] (myword_650610841) StdoutLine: {'line': b'-- Up-to-date: /home/robot_ws/install/myword_650610841/share/myword_650610841/cmake/ament_cmake_export_dependencies-extras.cmake\n'}
[1.602816] (myword_650610841) StdoutLine: {'line': b'-- Up-to-date: /home/robot_ws/install/myword_650610841/share/myword_650610841/cmake/rosidl_cmake_export_typesupport_libraries-extras.cmake\n'}
[1.602911] (myword_650610841) StdoutLine: {'line': b'-- Up-to-date: /home/robot_ws/install/myword_650610841/share/myword_650610841/cmake/myword_650610841Config.cmake\n'}
[1.602972] (myword_650610841) StdoutLine: {'line': b'-- Up-to-date: /home/robot_ws/install/myword_650610841/share/myword_650610841/cmake/myword_650610841Config-version.cmake\n'}
[1.603016] (myword_650610841) StdoutLine: {'line': b'-- Up-to-date: /home/robot_ws/install/myword_650610841/share/myword_650610841/package.xml\n'}
[1.611807] (sllidar_ros2) JobEnded: {'identifier': 'sllidar_ros2', 'rc': 0}
[1.612987] (myword_650610841) CommandEnded: {'returncode': 0}
[1.615202] (-) TimerEvent: {}
[1.623277] (myword_650610841) JobEnded: {'identifier': 'myword_650610841', 'rc': 0}
[1.624531] (assign2_650610841) JobStarted: {'identifier': 'assign2_650610841'}
[1.715314] (-) TimerEvent: {}
[1.815697] (-) TimerEvent: {}
[1.827540] (650610841_final) Command: {'cmd': ['/usr/bin/python3', '-W', 'ignore:setup.py install is deprecated', '-W', 'ignore:easy_install command is deprecated', 'setup.py', 'egg_info', '--egg-base', '../../build/650610841_final', 'build', '--build-base', '/home/robot_ws/build/650610841_final/build', 'install', '--record', '/home/robot_ws/build/650610841_final/install.log', '--single-version-externally-managed', 'install_data'], 'cwd': '/home/robot_ws/src/650610841_final', 'env': {'HOSTNAME': 'entity014', 'SHLVL': '1', 'LD_LIBRARY_PATH': '/home/robot_ws/install/myword_650610841/lib:/usr/lib/x86_64-linux-gnu/gazebo-11/plugins:/opt/ros/humble/opt/rviz_ogre_vendor/lib:/opt/ros/humble/lib/x86_64-linux-gnu:/opt/ros/humble/lib:/usr/lib/x86_64-linux-gnu/gazebo-11/plugins:', 'HOME': '/home', 'GAZEBO_MASTER_URI': 'http://localhost:11345', 'ROS_PYTHON_VERSION': '3', '_colcon_cd_root': '/opt/ros/humble/', 'COLCON_PREFIX_PATH': '/home/robot_ws/install', 'ROS_DISTRO': 'humble', '_': '/usr/bin/colcon', 'ROS_VERSION': '2', 'NVIDIA_DRIVER_CAPABILITIES': 'all', 'TERM': 'xterm', 'GAZEBO_MODEL_PATH': '/usr/share/gazebo-11/models:', 'ROS_LOCALHOST_ONLY': '0', 'QT_X11_NO_MITSHM': '1', 'OGRE_RESOURCE_PATH': '/usr/lib/x86_64-linux-gnu/OGRE-1.9.0', 'PATH': '/opt/ros/humble/bin:/usr/local/sbin:/usr/local/bin:/usr/sbin:/usr/bin:/sbin:/bin', 'XDG_RUNTIME_DIR': '/tmp/runtime-root', 'DISPLAY': ':0', 'LANG': 'C.UTF-8', 'RMW_IMPLEMENTATION': 'rmw_cyclonedds_cpp', 'ROS_DOMAIN_ID': '15', 'AMENT_PREFIX_PATH': '/home/robot_ws/install/sllidar_ros2:/home/robot_ws/install/assign2_650610841:/home/robot_ws/install/myword_650610841:/home/robot_ws/install/assign4_650610841:/home/robot_ws/install/assign3_650610841:/home/robot_ws/install/assign1_650610841:/home/robot_ws/install/650610841_final:/opt/ros/humble', 'NO_AT_BRIDGE': '1', 'GAZEBO_RESOURCE_PATH': '/usr/share/gazebo-11:', 'GAZEBO_MODEL_DATABASE_URI': 'http://models.gazebosim.org', 'PWD': '/home/robot_ws/build/650610841_final', 'LC_ALL': 'C.UTF-8', 'GAZEBO_PLUGIN_PATH': '/usr/lib/x86_64-linux-gnu/gazebo-11/plugins:', 'PYTHONPATH': '/home/robot_ws/build/650610841_final/prefix_override:/usr/lib/python3/dist-packages/colcon_core/task/python/colcon_distutils_commands:/home/robot_ws/install/650610841_final/lib/python3.10/site-packages:/home/robot_ws/install/assign2_650610841/lib/python3.10/site-packages:/home/robot_ws/install/myword_650610841/local/lib/python3.10/dist-packages:/home/robot_ws/install/assign4_650610841/lib/python3.10/site-packages:/home/robot_ws/install/assign3_650610841/lib/python3.10/site-packages:/home/robot_ws/install/assign1_650610841/lib/python3.10/site-packages:/home/robot_ws/install/650610841_final/lib/python3.10/site-packages:/opt/ros/humble/lib/python3.10/site-packages:/opt/ros/humble/local/lib/python3.10/dist-packages', 'COLCON': '1', 'CMAKE_PREFIX_PATH': '/home/robot_ws/install/sllidar_ros2:/home/robot_ws/install/myword_650610841'}, 'shell': False}
[1.829261] (assign4_650610841) Command: {'cmd': ['/usr/bin/python3', '-W', 'ignore:setup.py install is deprecated', '-W', 'ignore:easy_install command is deprecated', 'setup.py', 'egg_info', '--egg-base', '../../build/assign4_650610841', 'build', '--build-base', '/home/robot_ws/build/assign4_650610841/build', 'install', '--record', '/home/robot_ws/build/assign4_650610841/install.log', '--single-version-externally-managed', 'install_data'], 'cwd': '/home/robot_ws/src/assign4_650610841', 'env': {'HOSTNAME': 'entity014', 'SHLVL': '1', 'LD_LIBRARY_PATH': '/home/robot_ws/install/myword_650610841/lib:/usr/lib/x86_64-linux-gnu/gazebo-11/plugins:/opt/ros/humble/opt/rviz_ogre_vendor/lib:/opt/ros/humble/lib/x86_64-linux-gnu:/opt/ros/humble/lib:/usr/lib/x86_64-linux-gnu/gazebo-11/plugins:', 'HOME': '/home', 'GAZEBO_MASTER_URI': 'http://localhost:11345', 'ROS_PYTHON_VERSION': '3', '_colcon_cd_root': '/opt/ros/humble/', 'COLCON_PREFIX_PATH': '/home/robot_ws/install', 'ROS_DISTRO': 'humble', '_': '/usr/bin/colcon', 'ROS_VERSION': '2', 'NVIDIA_DRIVER_CAPABILITIES': 'all', 'TERM': 'xterm', 'GAZEBO_MODEL_PATH': '/usr/share/gazebo-11/models:', 'ROS_LOCALHOST_ONLY': '0', 'QT_X11_NO_MITSHM': '1', 'OGRE_RESOURCE_PATH': '/usr/lib/x86_64-linux-gnu/OGRE-1.9.0', 'PATH': '/opt/ros/humble/bin:/usr/local/sbin:/usr/local/bin:/usr/sbin:/usr/bin:/sbin:/bin', 'XDG_RUNTIME_DIR': '/tmp/runtime-root', 'DISPLAY': ':0', 'LANG': 'C.UTF-8', 'RMW_IMPLEMENTATION': 'rmw_cyclonedds_cpp', 'ROS_DOMAIN_ID': '15', 'AMENT_PREFIX_PATH': '/home/robot_ws/install/sllidar_ros2:/home/robot_ws/install/assign2_650610841:/home/robot_ws/install/myword_650610841:/home/robot_ws/install/assign4_650610841:/home/robot_ws/install/assign3_650610841:/home/robot_ws/install/assign1_650610841:/home/robot_ws/install/650610841_final:/opt/ros/humble', 'NO_AT_BRIDGE': '1', 'GAZEBO_RESOURCE_PATH': '/usr/share/gazebo-11:', 'GAZEBO_MODEL_DATABASE_URI': 'http://models.gazebosim.org', 'PWD': '/home/robot_ws/build/assign4_650610841', 'LC_ALL': 'C.UTF-8', 'GAZEBO_PLUGIN_PATH': '/usr/lib/x86_64-linux-gnu/gazebo-11/plugins:', 'PYTHONPATH': '/home/robot_ws/build/assign4_650610841/prefix_override:/usr/lib/python3/dist-packages/colcon_core/task/python/colcon_distutils_commands:/home/robot_ws/install/assign4_650610841/lib/python3.10/site-packages:/home/robot_ws/install/assign2_650610841/lib/python3.10/site-packages:/home/robot_ws/install/myword_650610841/local/lib/python3.10/dist-packages:/home/robot_ws/install/assign4_650610841/lib/python3.10/site-packages:/home/robot_ws/install/assign3_650610841/lib/python3.10/site-packages:/home/robot_ws/install/assign1_650610841/lib/python3.10/site-packages:/home/robot_ws/install/650610841_final/lib/python3.10/site-packages:/opt/ros/humble/lib/python3.10/site-packages:/opt/ros/humble/local/lib/python3.10/dist-packages', 'COLCON': '1', 'CMAKE_PREFIX_PATH': '/home/robot_ws/install/sllidar_ros2:/home/robot_ws/install/myword_650610841'}, 'shell': False}
[1.831858] (assign3_650610841) Command: {'cmd': ['/usr/bin/python3', '-W', 'ignore:setup.py install is deprecated', '-W', 'ignore:easy_install command is deprecated', 'setup.py', 'egg_info', '--egg-base', '../../build/assign3_650610841', 'build', '--build-base', '/home/robot_ws/build/assign3_650610841/build', 'install', '--record', '/home/robot_ws/build/assign3_650610841/install.log', '--single-version-externally-managed', 'install_data'], 'cwd': '/home/robot_ws/src/assign3_650610841', 'env': {'HOSTNAME': 'entity014', 'SHLVL': '1', 'LD_LIBRARY_PATH': '/home/robot_ws/install/myword_650610841/lib:/usr/lib/x86_64-linux-gnu/gazebo-11/plugins:/opt/ros/humble/opt/rviz_ogre_vendor/lib:/opt/ros/humble/lib/x86_64-linux-gnu:/opt/ros/humble/lib:/usr/lib/x86_64-linux-gnu/gazebo-11/plugins:', 'HOME': '/home', 'GAZEBO_MASTER_URI': 'http://localhost:11345', 'ROS_PYTHON_VERSION': '3', '_colcon_cd_root': '/opt/ros/humble/', 'COLCON_PREFIX_PATH': '/home/robot_ws/install', 'ROS_DISTRO': 'humble', '_': '/usr/bin/colcon', 'ROS_VERSION': '2', 'NVIDIA_DRIVER_CAPABILITIES': 'all', 'TERM': 'xterm', 'GAZEBO_MODEL_PATH': '/usr/share/gazebo-11/models:', 'ROS_LOCALHOST_ONLY': '0', 'QT_X11_NO_MITSHM': '1', 'OGRE_RESOURCE_PATH': '/usr/lib/x86_64-linux-gnu/OGRE-1.9.0', 'PATH': '/opt/ros/humble/bin:/usr/local/sbin:/usr/local/bin:/usr/sbin:/usr/bin:/sbin:/bin', 'XDG_RUNTIME_DIR': '/tmp/runtime-root', 'DISPLAY': ':0', 'LANG': 'C.UTF-8', 'RMW_IMPLEMENTATION': 'rmw_cyclonedds_cpp', 'ROS_DOMAIN_ID': '15', 'AMENT_PREFIX_PATH': '/home/robot_ws/install/sllidar_ros2:/home/robot_ws/install/assign2_650610841:/home/robot_ws/install/myword_650610841:/home/robot_ws/install/assign4_650610841:/home/robot_ws/install/assign3_650610841:/home/robot_ws/install/assign1_650610841:/home/robot_ws/install/650610841_final:/opt/ros/humble', 'NO_AT_BRIDGE': '1', 'GAZEBO_RESOURCE_PATH': '/usr/share/gazebo-11:', 'GAZEBO_MODEL_DATABASE_URI': 'http://models.gazebosim.org', 'PWD': '/home/robot_ws/build/assign3_650610841', 'LC_ALL': 'C.UTF-8', 'GAZEBO_PLUGIN_PATH': '/usr/lib/x86_64-linux-gnu/gazebo-11/plugins:', 'PYTHONPATH': '/home/robot_ws/build/assign3_650610841/prefix_override:/usr/lib/python3/dist-packages/colcon_core/task/python/colcon_distutils_commands:/home/robot_ws/install/assign3_650610841/lib/python3.10/site-packages:/home/robot_ws/install/assign2_650610841/lib/python3.10/site-packages:/home/robot_ws/install/myword_650610841/local/lib/python3.10/dist-packages:/home/robot_ws/install/assign4_650610841/lib/python3.10/site-packages:/home/robot_ws/install/assign3_650610841/lib/python3.10/site-packages:/home/robot_ws/install/assign1_650610841/lib/python3.10/site-packages:/home/robot_ws/install/650610841_final/lib/python3.10/site-packages:/opt/ros/humble/lib/python3.10/site-packages:/opt/ros/humble/local/lib/python3.10/dist-packages', 'COLCON': '1', 'CMAKE_PREFIX_PATH': '/home/robot_ws/install/sllidar_ros2:/home/robot_ws/install/myword_650610841'}, 'shell': False}
[1.915833] (-) TimerEvent: {}
[1.948856] (assign1_650610841) Command: {'cmd': ['/usr/bin/python3', '-W', 'ignore:setup.py install is deprecated', '-W', 'ignore:easy_install command is deprecated', 'setup.py', 'egg_info', '--egg-base', '../../build/assign1_650610841', 'build', '--build-base', '/home/robot_ws/build/assign1_650610841/build', 'install', '--record', '/home/robot_ws/build/assign1_650610841/install.log', '--single-version-externally-managed', 'install_data'], 'cwd': '/home/robot_ws/src/assign1_650610841', 'env': {'HOSTNAME': 'entity014', 'SHLVL': '1', 'LD_LIBRARY_PATH': '/home/robot_ws/install/myword_650610841/lib:/usr/lib/x86_64-linux-gnu/gazebo-11/plugins:/opt/ros/humble/opt/rviz_ogre_vendor/lib:/opt/ros/humble/lib/x86_64-linux-gnu:/opt/ros/humble/lib:/usr/lib/x86_64-linux-gnu/gazebo-11/plugins:', 'HOME': '/home', 'GAZEBO_MASTER_URI': 'http://localhost:11345', 'ROS_PYTHON_VERSION': '3', '_colcon_cd_root': '/opt/ros/humble/', 'COLCON_PREFIX_PATH': '/home/robot_ws/install', 'ROS_DISTRO': 'humble', '_': '/usr/bin/colcon', 'ROS_VERSION': '2', 'NVIDIA_DRIVER_CAPABILITIES': 'all', 'TERM': 'xterm', 'GAZEBO_MODEL_PATH': '/usr/share/gazebo-11/models:', 'ROS_LOCALHOST_ONLY': '0', 'QT_X11_NO_MITSHM': '1', 'OGRE_RESOURCE_PATH': '/usr/lib/x86_64-linux-gnu/OGRE-1.9.0', 'PATH': '/opt/ros/humble/bin:/usr/local/sbin:/usr/local/bin:/usr/sbin:/usr/bin:/sbin:/bin', 'XDG_RUNTIME_DIR': '/tmp/runtime-root', 'DISPLAY': ':0', 'LANG': 'C.UTF-8', 'RMW_IMPLEMENTATION': 'rmw_cyclonedds_cpp', 'ROS_DOMAIN_ID': '15', 'AMENT_PREFIX_PATH': '/home/robot_ws/install/sllidar_ros2:/home/robot_ws/install/assign2_650610841:/home/robot_ws/install/myword_650610841:/home/robot_ws/install/assign4_650610841:/home/robot_ws/install/assign3_650610841:/home/robot_ws/install/assign1_650610841:/home/robot_ws/install/650610841_final:/opt/ros/humble', 'NO_AT_BRIDGE': '1', 'GAZEBO_RESOURCE_PATH': '/usr/share/gazebo-11:', 'GAZEBO_MODEL_DATABASE_URI': 'http://models.gazebosim.org', 'PWD': '/home/robot_ws/build/assign1_650610841', 'LC_ALL': 'C.UTF-8', 'GAZEBO_PLUGIN_PATH': '/usr/lib/x86_64-linux-gnu/gazebo-11/plugins:', 'PYTHONPATH': '/home/robot_ws/build/assign1_650610841/prefix_override:/usr/lib/python3/dist-packages/colcon_core/task/python/colcon_distutils_commands:/home/robot_ws/install/assign1_650610841/lib/python3.10/site-packages:/home/robot_ws/install/assign2_650610841/lib/python3.10/site-packages:/home/robot_ws/install/myword_650610841/local/lib/python3.10/dist-packages:/home/robot_ws/install/assign4_650610841/lib/python3.10/site-packages:/home/robot_ws/install/assign3_650610841/lib/python3.10/site-packages:/home/robot_ws/install/assign1_650610841/lib/python3.10/site-packages:/home/robot_ws/install/650610841_final/lib/python3.10/site-packages:/opt/ros/humble/lib/python3.10/site-packages:/opt/ros/humble/local/lib/python3.10/dist-packages', 'COLCON': '1', 'CMAKE_PREFIX_PATH': '/home/robot_ws/install/sllidar_ros2:/home/robot_ws/install/myword_650610841'}, 'shell': False}
[1.993523] (650610841_final) StdoutLine: {'line': b'running egg_info\n'}
[1.993970] (650610841_final) StdoutLine: {'line': b'writing ../../build/650610841_final/650610841_final.egg-info/PKG-INFO\n'}
[1.994181] (650610841_final) StdoutLine: {'line': b'writing dependency_links to ../../build/650610841_final/650610841_final.egg-info/dependency_links.txt\n'}
[1.994395] (650610841_final) StdoutLine: {'line': b'writing entry points to ../../build/650610841_final/650610841_final.egg-info/entry_points.txt\n'}
[1.994556] (650610841_final) StdoutLine: {'line': b'writing requirements to ../../build/650610841_final/650610841_final.egg-info/requires.txt\n'}
[1.994678] (650610841_final) StdoutLine: {'line': b'writing top-level names to ../../build/650610841_final/650610841_final.egg-info/top_level.txt\n'}
[1.995915] (650610841_final) StdoutLine: {'line': b"reading manifest file '../../build/650610841_final/650610841_final.egg-info/SOURCES.txt'\n"}
[1.996070] (650610841_final) StdoutLine: {'line': b"adding license file 'LICENSE'\n"}
[1.996495] (650610841_final) StdoutLine: {'line': b"writing manifest file '../../build/650610841_final/650610841_final.egg-info/SOURCES.txt'\n"}
[1.996614] (650610841_final) StdoutLine: {'line': b'running build\n'}
[1.996694] (650610841_final) StdoutLine: {'line': b'running build_py\n'}
[1.996763] (650610841_final) StdoutLine: {'line': b'copying 650610841_final/lidar_controller.py -> /home/robot_ws/build/650610841_final/build/lib/650610841_final\n'}
[1.996948] (650610841_final) StdoutLine: {'line': b'running install\n'}
[1.997218] (650610841_final) StdoutLine: {'line': b'running install_lib\n'}
[1.997807] (650610841_final) StdoutLine: {'line': b'copying /home/robot_ws/build/650610841_final/build/lib/650610841_final/lidar_controller.py -> /home/robot_ws/install/650610841_final/lib/python3.10/site-packages/650610841_final\n'}
[1.998305] (650610841_final) StdoutLine: {'line': b'byte-compiling /home/robot_ws/install/650610841_final/lib/python3.10/site-packages/650610841_final/lidar_controller.py to lidar_controller.cpython-310.pyc\n'}
[1.999149] (650610841_final) StdoutLine: {'line': b'running install_data\n'}
[1.999303] (650610841_final) StdoutLine: {'line': b'running install_egg_info\n'}
[2.000703] (650610841_final) StdoutLine: {'line': b"removing '/home/robot_ws/install/650610841_final/lib/python3.10/site-packages/650610841_final-0.0.0-py3.10.egg-info' (and everything under it)\n"}
[2.001070] (650610841_final) StdoutLine: {'line': b'Copying ../../build/650610841_final/650610841_final.egg-info to /home/robot_ws/install/650610841_final/lib/python3.10/site-packages/650610841_final-0.0.0-py3.10.egg-info\n'}
[2.002002] (650610841_final) StdoutLine: {'line': b'running install_scripts\n'}
[2.010569] (assign3_650610841) StdoutLine: {'line': b'running egg_info\n'}
[2.011233] (assign3_650610841) StdoutLine: {'line': b'writing ../../build/assign3_650610841/assign3_650610841.egg-info/PKG-INFO\n'}
[2.011575] (assign3_650610841) StdoutLine: {'line': b'writing dependency_links to ../../build/assign3_650610841/assign3_650610841.egg-info/dependency_links.txt\n'}
[2.011911] (assign3_650610841) StdoutLine: {'line': b'writing entry points to ../../build/assign3_650610841/assign3_650610841.egg-info/entry_points.txt\n'}
[2.012073] (assign3_650610841) StdoutLine: {'line': b'writing requirements to ../../build/assign3_650610841/assign3_650610841.egg-info/requires.txt\n'}
[2.012188] (assign3_650610841) StdoutLine: {'line': b'writing top-level names to ../../build/assign3_650610841/assign3_650610841.egg-info/top_level.txt\n'}
[2.013336] (assign3_650610841) StdoutLine: {'line': b"reading manifest file '../../build/assign3_650610841/assign3_650610841.egg-info/SOURCES.txt'\n"}
[2.013548] (assign3_650610841) StdoutLine: {'line': b"adding license file 'LICENSE'\n"}
[2.013957] (assign3_650610841) StdoutLine: {'line': b"writing manifest file '../../build/assign3_650610841/assign3_650610841.egg-info/SOURCES.txt'\n"}
[2.014108] (assign3_650610841) StdoutLine: {'line': b'running build\n'}
[2.014193] (assign3_650610841) StdoutLine: {'line': b'running build_py\n'}
[2.014295] (assign3_650610841) StdoutLine: {'line': b'running install\n'}
[2.014544] (assign3_650610841) StdoutLine: {'line': b'running install_lib\n'}
[2.015537] (assign3_650610841) StdoutLine: {'line': b'running install_data\n'}
[2.015699] (assign3_650610841) StdoutLine: {'line': b'running install_egg_info\n'}
[2.015889] (-) TimerEvent: {}
[2.017143] (assign3_650610841) StdoutLine: {'line': b"removing '/home/robot_ws/install/assign3_650610841/lib/python3.10/site-packages/assign3_650610841-0.0.0-py3.10.egg-info' (and everything under it)\n"}
[2.017391] (assign3_650610841) StdoutLine: {'line': b'Copying ../../build/assign3_650610841/assign3_650610841.egg-info to /home/robot_ws/install/assign3_650610841/lib/python3.10/site-packages/assign3_650610841-0.0.0-py3.10.egg-info\n'}
[2.017891] (assign3_650610841) StdoutLine: {'line': b'running install_scripts\n'}
[2.019581] (650610841_final) StdoutLine: {'line': b'Installing lidar_controller script to /home/robot_ws/install/650610841_final/lib/650610841_final\n'}
[2.019921] (650610841_final) StdoutLine: {'line': b"writing list of installed files to '/home/robot_ws/build/650610841_final/install.log'\n"}
[2.035276] (assign3_650610841) StdoutLine: {'line': b"writing list of installed files to '/home/robot_ws/build/assign3_650610841/install.log'\n"}
[2.037055] (assign4_650610841) StdoutLine: {'line': b'running egg_info\n'}
[2.037845] (assign4_650610841) StdoutLine: {'line': b'writing ../../build/assign4_650610841/assign4_650610841.egg-info/PKG-INFO\n'}
[2.038049] (assign4_650610841) StdoutLine: {'line': b'writing dependency_links to ../../build/assign4_650610841/assign4_650610841.egg-info/dependency_links.txt\n'}
[2.038232] (assign4_650610841) StdoutLine: {'line': b'writing entry points to ../../build/assign4_650610841/assign4_650610841.egg-info/entry_points.txt\n'}
[2.038409] (assign4_650610841) StdoutLine: {'line': b'writing requirements to ../../build/assign4_650610841/assign4_650610841.egg-info/requires.txt\n'}
[2.038510] (assign4_650610841) StdoutLine: {'line': b'writing top-level names to ../../build/assign4_650610841/assign4_650610841.egg-info/top_level.txt\n'}
[2.040032] (assign4_650610841) StdoutLine: {'line': b"reading manifest file '../../build/assign4_650610841/assign4_650610841.egg-info/SOURCES.txt'\n"}
[2.040468] (assign4_650610841) StdoutLine: {'line': b"adding license file 'LICENSE'\n"}
[2.041630] (assign4_650610841) StdoutLine: {'line': b"writing manifest file '../../build/assign4_650610841/assign4_650610841.egg-info/SOURCES.txt'\n"}
[2.041861] (650610841_final) CommandEnded: {'returncode': 0}
[2.042522] (assign4_650610841) StdoutLine: {'line': b'running build\n'}
[2.042757] (assign4_650610841) StdoutLine: {'line': b'running build_py\n'}
[2.042863] (assign4_650610841) StdoutLine: {'line': b'running install\n'}
[2.043057] (assign4_650610841) StdoutLine: {'line': b'running install_lib\n'}
[2.043147] (assign4_650610841) StdoutLine: {'line': b'running install_data\n'}
[2.043247] (assign4_650610841) StdoutLine: {'line': b'running install_egg_info\n'}
[2.044147] (assign4_650610841) StdoutLine: {'line': b"removing '/home/robot_ws/install/assign4_650610841/lib/python3.10/site-packages/assign4_650610841-0.0.0-py3.10.egg-info' (and everything under it)\n"}
[2.045128] (assign4_650610841) StdoutLine: {'line': b'Copying ../../build/assign4_650610841/assign4_650610841.egg-info to /home/robot_ws/install/assign4_650610841/lib/python3.10/site-packages/assign4_650610841-0.0.0-py3.10.egg-info\n'}
[2.045409] (assign4_650610841) StdoutLine: {'line': b'running install_scripts\n'}
[2.049051] (650610841_final) JobEnded: {'identifier': '650610841_final', 'rc': 0}
[2.058542] (assign3_650610841) CommandEnded: {'returncode': 0}
[2.063762] (assign4_650610841) StdoutLine: {'line': b'Installing lidar script to /home/robot_ws/install/assign4_650610841/lib/650610841_final\n'}
[2.064045] (assign3_650610841) JobEnded: {'identifier': 'assign3_650610841', 'rc': 0}
[2.064258] (assign4_650610841) StdoutLine: {'line': b"writing list of installed files to '/home/robot_ws/build/assign4_650610841/install.log'\n"}
[2.084487] (assign4_650610841) CommandEnded: {'returncode': 0}
[2.089394] (assign4_650610841) JobEnded: {'identifier': 'assign4_650610841', 'rc': 0}
[2.116010] (-) TimerEvent: {}
[2.120791] (assign2_650610841) Command: {'cmd': ['/usr/bin/python3', '-W', 'ignore:setup.py install is deprecated', '-W', 'ignore:easy_install command is deprecated', 'setup.py', 'egg_info', '--egg-base', '../../build/assign2_650610841', 'build', '--build-base', '/home/robot_ws/build/assign2_650610841/build', 'install', '--record', '/home/robot_ws/build/assign2_650610841/install.log', '--single-version-externally-managed', 'install_data'], 'cwd': '/home/robot_ws/src/assign2_650610841', 'env': {'HOSTNAME': 'entity014', 'SHLVL': '1', 'LD_LIBRARY_PATH': '/home/robot_ws/install/myword_650610841/lib:/usr/lib/x86_64-linux-gnu/gazebo-11/plugins:/opt/ros/humble/opt/rviz_ogre_vendor/lib:/opt/ros/humble/lib/x86_64-linux-gnu:/opt/ros/humble/lib:/usr/lib/x86_64-linux-gnu/gazebo-11/plugins', 'HOME': '/home', 'GAZEBO_MASTER_URI': 'http://localhost:11345', 'ROS_PYTHON_VERSION': '3', '_colcon_cd_root': '/opt/ros/humble/', 'COLCON_PREFIX_PATH': '/home/robot_ws/install', 'ROS_DISTRO': 'humble', '_': '/usr/bin/colcon', 'ROS_VERSION': '2', 'NVIDIA_DRIVER_CAPABILITIES': 'all', 'TERM': 'xterm', 'GAZEBO_MODEL_PATH': '/usr/share/gazebo-11/models:', 'ROS_LOCALHOST_ONLY': '0', 'QT_X11_NO_MITSHM': '1', 'OGRE_RESOURCE_PATH': '/usr/lib/x86_64-linux-gnu/OGRE-1.9.0', 'PATH': '/opt/ros/humble/bin:/usr/local/sbin:/usr/local/bin:/usr/sbin:/usr/bin:/sbin:/bin', 'XDG_RUNTIME_DIR': '/tmp/runtime-root', 'DISPLAY': ':0', 'LANG': 'C.UTF-8', 'RMW_IMPLEMENTATION': 'rmw_cyclonedds_cpp', 'ROS_DOMAIN_ID': '15', 'AMENT_PREFIX_PATH': '/home/robot_ws/install/sllidar_ros2:/home/robot_ws/install/assign2_650610841:/home/robot_ws/install/myword_650610841:/home/robot_ws/install/assign4_650610841:/home/robot_ws/install/assign3_650610841:/home/robot_ws/install/assign1_650610841:/home/robot_ws/install/650610841_final:/opt/ros/humble', 'NO_AT_BRIDGE': '1', 'GAZEBO_RESOURCE_PATH': '/usr/share/gazebo-11:', 'GAZEBO_MODEL_DATABASE_URI': 'http://models.gazebosim.org', 'PWD': '/home/robot_ws/build/assign2_650610841', 'LC_ALL': 'C.UTF-8', 'GAZEBO_PLUGIN_PATH': '/usr/lib/x86_64-linux-gnu/gazebo-11/plugins:', 'PYTHONPATH': '/home/robot_ws/build/assign2_650610841/prefix_override:/usr/lib/python3/dist-packages/colcon_core/task/python/colcon_distutils_commands:/home/robot_ws/install/assign2_650610841/lib/python3.10/site-packages:/home/robot_ws/install/assign2_650610841/lib/python3.10/site-packages:/home/robot_ws/install/myword_650610841/local/lib/python3.10/dist-packages:/home/robot_ws/install/assign4_650610841/lib/python3.10/site-packages:/home/robot_ws/install/assign3_650610841/lib/python3.10/site-packages:/home/robot_ws/install/assign1_650610841/lib/python3.10/site-packages:/home/robot_ws/install/650610841_final/lib/python3.10/site-packages:/opt/ros/humble/lib/python3.10/site-packages:/opt/ros/humble/local/lib/python3.10/dist-packages', 'COLCON': '1', 'CMAKE_PREFIX_PATH': '/home/robot_ws/install/myword_650610841:/home/robot_ws/install/sllidar_ros2'}, 'shell': False}
[2.162867] (assign1_650610841) StdoutLine: {'line': b'running egg_info\n'}
[2.163333] (assign1_650610841) StdoutLine: {'line': b'writing ../../build/assign1_650610841/assign1_650610841.egg-info/PKG-INFO\n'}
[2.163510] (assign1_650610841) StdoutLine: {'line': b'writing dependency_links to ../../build/assign1_650610841/assign1_650610841.egg-info/dependency_links.txt\n'}
[2.163755] (assign1_650610841) StdoutLine: {'line': b'writing entry points to ../../build/assign1_650610841/assign1_650610841.egg-info/entry_points.txt\n'}
[2.163902] (assign1_650610841) StdoutLine: {'line': b'writing requirements to ../../build/assign1_650610841/assign1_650610841.egg-info/requires.txt\n'}
[2.163983] (assign1_650610841) StdoutLine: {'line': b'writing top-level names to ../../build/assign1_650610841/assign1_650610841.egg-info/top_level.txt\n'}
[2.165008] (assign1_650610841) StdoutLine: {'line': b"reading manifest file '../../build/assign1_650610841/assign1_650610841.egg-info/SOURCES.txt'\n"}
[2.165209] (assign1_650610841) StdoutLine: {'line': b"adding license file 'LICENSE'\n"}
[2.165556] (assign1_650610841) StdoutLine: {'line': b"writing manifest file '../../build/assign1_650610841/assign1_650610841.egg-info/SOURCES.txt'\n"}
[2.165685] (assign1_650610841) StdoutLine: {'line': b'running build\n'}
[2.165732] (assign1_650610841) StdoutLine: {'line': b'running build_py\n'}
[2.165849] (assign1_650610841) StdoutLine: {'line': b'running install\n'}
[2.166052] (assign1_650610841) StdoutLine: {'line': b'running install_lib\n'}
[2.166891] (assign1_650610841) StdoutLine: {'line': b'running install_data\n'}
[2.167048] (assign1_650610841) StdoutLine: {'line': b'running install_egg_info\n'}
[2.168222] (assign1_650610841) StdoutLine: {'line': b"removing '/home/robot_ws/install/assign1_650610841/lib/python3.10/site-packages/assign1_650610841-0.0.0-py3.10.egg-info' (and everything under it)\n"}
[2.168413] (assign1_650610841) StdoutLine: {'line': b'Copying ../../build/assign1_650610841/assign1_650610841.egg-info to /home/robot_ws/install/assign1_650610841/lib/python3.10/site-packages/assign1_650610841-0.0.0-py3.10.egg-info\n'}
[2.168806] (assign1_650610841) StdoutLine: {'line': b'running install_scripts\n'}
[2.184654] (assign1_650610841) StdoutLine: {'line': b'Installing hearer1 script to /home/robot_ws/install/assign1_650610841/lib/assign1_650610841\n'}
[2.184927] (assign1_650610841) StdoutLine: {'line': b'Installing hearer2 script to /home/robot_ws/install/assign1_650610841/lib/assign1_650610841\n'}
[2.185113] (assign1_650610841) StdoutLine: {'line': b'Installing whisper script to /home/robot_ws/install/assign1_650610841/lib/assign1_650610841\n'}
[2.185265] (assign1_650610841) StdoutLine: {'line': b"writing list of installed files to '/home/robot_ws/build/assign1_650610841/install.log'\n"}
[2.202683] (assign1_650610841) CommandEnded: {'returncode': 0}
[2.209856] (assign1_650610841) JobEnded: {'identifier': 'assign1_650610841', 'rc': 0}
[2.216111] (-) TimerEvent: {}
[2.284627] (assign2_650610841) StdoutLine: {'line': b'running egg_info\n'}
[2.284976] (assign2_650610841) StdoutLine: {'line': b'writing ../../build/assign2_650610841/assign2_650610841.egg-info/PKG-INFO\n'}
[2.285198] (assign2_650610841) StdoutLine: {'line': b'writing dependency_links to ../../build/assign2_650610841/assign2_650610841.egg-info/dependency_links.txt\n'}
[2.285368] (assign2_650610841) StdoutLine: {'line': b'writing entry points to ../../build/assign2_650610841/assign2_650610841.egg-info/entry_points.txt\n'}
[2.285528] (assign2_650610841) StdoutLine: {'line': b'writing requirements to ../../build/assign2_650610841/assign2_650610841.egg-info/requires.txt\n'}
[2.285626] (assign2_650610841) StdoutLine: {'line': b'writing top-level names to ../../build/assign2_650610841/assign2_650610841.egg-info/top_level.txt\n'}
[2.286575] (assign2_650610841) StdoutLine: {'line': b"reading manifest file '../../build/assign2_650610841/assign2_650610841.egg-info/SOURCES.txt'\n"}
[2.286692] (assign2_650610841) StdoutLine: {'line': b"adding license file 'LICENSE'\n"}
[2.287139] (assign2_650610841) StdoutLine: {'line': b"writing manifest file '../../build/assign2_650610841/assign2_650610841.egg-info/SOURCES.txt'\n"}
[2.287331] (assign2_650610841) StdoutLine: {'line': b'running build\n'}
[2.287521] (assign2_650610841) StdoutLine: {'line': b'running build_py\n'}
[2.287644] (assign2_650610841) StdoutLine: {'line': b'running install\n'}
[2.287742] (assign2_650610841) StdoutLine: {'line': b'running install_lib\n'}
[2.288401] (assign2_650610841) StdoutLine: {'line': b'running install_data\n'}
[2.288514] (assign2_650610841) StdoutLine: {'line': b'running install_egg_info\n'}
[2.289700] (assign2_650610841) StdoutLine: {'line': b"removing '/home/robot_ws/install/assign2_650610841/lib/python3.10/site-packages/assign2_650610841-0.0.0-py3.10.egg-info' (and everything under it)\n"}
[2.289906] (assign2_650610841) StdoutLine: {'line': b'Copying ../../build/assign2_650610841/assign2_650610841.egg-info to /home/robot_ws/install/assign2_650610841/lib/python3.10/site-packages/assign2_650610841-0.0.0-py3.10.egg-info\n'}
[2.290301] (assign2_650610841) StdoutLine: {'line': b'running install_scripts\n'}
[2.305443] (assign2_650610841) StdoutLine: {'line': b'Installing client script to /home/robot_ws/install/assign2_650610841/lib/assign2_650610841\n'}
[2.305604] (assign2_650610841) StdoutLine: {'line': b'Installing server script to /home/robot_ws/install/assign2_650610841/lib/assign2_650610841\n'}
[2.305678] (assign2_650610841) StdoutLine: {'line': b'Installing subscriber script to /home/robot_ws/install/assign2_650610841/lib/assign2_650610841\n'}
[2.305837] (assign2_650610841) StdoutLine: {'line': b"writing list of installed files to '/home/robot_ws/build/assign2_650610841/install.log'\n"}
[2.316195] (-) TimerEvent: {}
[2.325630] (assign2_650610841) CommandEnded: {'returncode': 0}
[2.329957] (assign2_650610841) JobEnded: {'identifier': 'assign2_650610841', 'rc': 0}
[2.330882] (-) EventReactorShutdown: {}
