[3.192s] Invoking command in '/home/robot_ws/src/assign3_650610841': PYTHONPATH=/home/robot_ws/build/assign3_650610841/prefix_override:/usr/lib/python3/dist-packages/colcon_core/task/python/colcon_distutils_commands:/home/robot_ws/install/assign3_650610841/lib/python3.10/site-packages:${PYTHONPATH} /usr/bin/python3 -W ignore:setup.py install is deprecated -W ignore:easy_install command is deprecated setup.py egg_info --egg-base ../../build/assign3_650610841 build --build-base /home/robot_ws/build/assign3_650610841/build install --record /home/robot_ws/build/assign3_650610841/install.log --single-version-externally-managed install_data
[3.441s] running egg_info
[3.442s] writing ../../build/assign3_650610841/assign3_650610841.egg-info/PKG-INFO
[3.442s] writing dependency_links to ../../build/assign3_650610841/assign3_650610841.egg-info/dependency_links.txt
[3.443s] writing entry points to ../../build/assign3_650610841/assign3_650610841.egg-info/entry_points.txt
[3.443s] writing requirements to ../../build/assign3_650610841/assign3_650610841.egg-info/requires.txt
[3.443s] writing top-level names to ../../build/assign3_650610841/assign3_650610841.egg-info/top_level.txt
[3.445s] reading manifest file '../../build/assign3_650610841/assign3_650610841.egg-info/SOURCES.txt'
[3.445s] adding license file 'LICENSE'
[3.445s] writing manifest file '../../build/assign3_650610841/assign3_650610841.egg-info/SOURCES.txt'
[3.445s] running build
[3.445s] running build_py
[3.445s] running install
[3.446s] running install_lib
[3.447s] running install_data
[3.447s] running install_egg_info
[3.448s] removing '/home/robot_ws/install/assign3_650610841/lib/python3.10/site-packages/assign3_650610841-0.0.0-py3.10.egg-info' (and everything under it)
[3.449s] Copying ../../build/assign3_650610841/assign3_650610841.egg-info to /home/robot_ws/install/assign3_650610841/lib/python3.10/site-packages/assign3_650610841-0.0.0-py3.10.egg-info
[3.449s] running install_scripts
[3.467s] writing list of installed files to '/home/robot_ws/build/assign3_650610841/install.log'
[3.491s] Invoked command in '/home/robot_ws/src/assign3_650610841' returned '0': PYTHONPATH=/home/robot_ws/build/assign3_650610841/prefix_override:/usr/lib/python3/dist-packages/colcon_core/task/python/colcon_distutils_commands:/home/robot_ws/install/assign3_650610841/lib/python3.10/site-packages:${PYTHONPATH} /usr/bin/python3 -W ignore:setup.py install is deprecated -W ignore:easy_install command is deprecated setup.py egg_info --egg-base ../../build/assign3_650610841 build --build-base /home/robot_ws/build/assign3_650610841/build install --record /home/robot_ws/build/assign3_650610841/install.log --single-version-externally-managed install_data
