[0.360s] Invoking command in '/home/entity014/Ros-Major/project_ws/src/object_detect': PYTHONPATH=/home/entity014/Ros-Major/project_ws/build/object_detect/prefix_override:/usr/lib/python3/dist-packages/colcon_core/task/python/colcon_distutils_commands:/home/entity014/Ros-Major/project_ws/install/object_detect/lib/python3.10/site-packages:${PYTHONPATH} /usr/bin/python3 -W ignore:setup.py install is deprecated -W ignore:easy_install command is deprecated setup.py egg_info --egg-base ../../build/object_detect build --build-base /home/entity014/Ros-Major/project_ws/build/object_detect/build install --record /home/entity014/Ros-Major/project_ws/build/object_detect/install.log --single-version-externally-managed install_data
[0.495s] running egg_info
[0.496s] writing ../../build/object_detect/object_detect.egg-info/PKG-INFO
[0.496s] writing dependency_links to ../../build/object_detect/object_detect.egg-info/dependency_links.txt
[0.496s] writing entry points to ../../build/object_detect/object_detect.egg-info/entry_points.txt
[0.496s] writing requirements to ../../build/object_detect/object_detect.egg-info/requires.txt
[0.496s] writing top-level names to ../../build/object_detect/object_detect.egg-info/top_level.txt
[0.498s] reading manifest file '../../build/object_detect/object_detect.egg-info/SOURCES.txt'
[0.498s] adding license file 'LICENSE'
[0.499s] writing manifest file '../../build/object_detect/object_detect.egg-info/SOURCES.txt'
[0.499s] running build
[0.499s] running build_py
[0.499s] copying object_detect/camera.py -> /home/entity014/Ros-Major/project_ws/build/object_detect/build/lib/object_detect
[0.499s] running install
[0.499s] running install_lib
[0.500s] copying /home/entity014/Ros-Major/project_ws/build/object_detect/build/lib/object_detect/camera.py -> /home/entity014/Ros-Major/project_ws/install/object_detect/lib/python3.10/site-packages/object_detect
[0.501s] byte-compiling /home/entity014/Ros-Major/project_ws/install/object_detect/lib/python3.10/site-packages/object_detect/camera.py to camera.cpython-310.pyc
[0.502s] running install_data
[0.502s] running install_egg_info
[0.503s] removing '/home/entity014/Ros-Major/project_ws/install/object_detect/lib/python3.10/site-packages/object_detect-0.0.0-py3.10.egg-info' (and everything under it)
[0.503s] Copying ../../build/object_detect/object_detect.egg-info to /home/entity014/Ros-Major/project_ws/install/object_detect/lib/python3.10/site-packages/object_detect-0.0.0-py3.10.egg-info
[0.503s] running install_scripts
[0.516s] Installing camera script to /home/entity014/Ros-Major/project_ws/install/object_detect/lib/object_detect
[0.516s] writing list of installed files to '/home/entity014/Ros-Major/project_ws/build/object_detect/install.log'
[0.530s] Invoked command in '/home/entity014/Ros-Major/project_ws/src/object_detect' returned '0': PYTHONPATH=/home/entity014/Ros-Major/project_ws/build/object_detect/prefix_override:/usr/lib/python3/dist-packages/colcon_core/task/python/colcon_distutils_commands:/home/entity014/Ros-Major/project_ws/install/object_detect/lib/python3.10/site-packages:${PYTHONPATH} /usr/bin/python3 -W ignore:setup.py install is deprecated -W ignore:easy_install command is deprecated setup.py egg_info --egg-base ../../build/object_detect build --build-base /home/entity014/Ros-Major/project_ws/build/object_detect/build install --record /home/entity014/Ros-Major/project_ws/build/object_detect/install.log --single-version-externally-managed install_data
