running egg_info
creating ../../build/650610841_final/650610841_final.egg-info
writing ../../build/650610841_final/650610841_final.egg-info/PKG-INFO
writing dependency_links to ../../build/650610841_final/650610841_final.egg-info/dependency_links.txt
writing entry points to ../../build/650610841_final/650610841_final.egg-info/entry_points.txt
writing requirements to ../../build/650610841_final/650610841_final.egg-info/requires.txt
writing top-level names to ../../build/650610841_final/650610841_final.egg-info/top_level.txt
writing manifest file '../../build/650610841_final/650610841_final.egg-info/SOURCES.txt'
reading manifest file '../../build/650610841_final/650610841_final.egg-info/SOURCES.txt'
adding license file 'LICENSE'
writing manifest file '../../build/650610841_final/650610841_final.egg-info/SOURCES.txt'
running build
running build_py
creating /home/robot_ws/build/650610841_final/build
creating /home/robot_ws/build/650610841_final/build/lib
creating /home/robot_ws/build/650610841_final/build/lib/650610841_final
copying 650610841_final/lidar_collision.py -> /home/robot_ws/build/650610841_final/build/lib/650610841_final
copying 650610841_final/lidar_controller.py -> /home/robot_ws/build/650610841_final/build/lib/650610841_final
copying 650610841_final/__init__.py -> /home/robot_ws/build/650610841_final/build/lib/650610841_final
running install
running install_lib
creating /home/robot_ws/install/650610841_final/lib/python3.10/site-packages/650610841_final
copying /home/robot_ws/build/650610841_final/build/lib/650610841_final/lidar_collision.py -> /home/robot_ws/install/650610841_final/lib/python3.10/site-packages/650610841_final
copying /home/robot_ws/build/650610841_final/build/lib/650610841_final/lidar_controller.py -> /home/robot_ws/install/650610841_final/lib/python3.10/site-packages/650610841_final
copying /home/robot_ws/build/650610841_final/build/lib/650610841_final/__init__.py -> /home/robot_ws/install/650610841_final/lib/python3.10/site-packages/650610841_final
byte-compiling /home/robot_ws/install/650610841_final/lib/python3.10/site-packages/650610841_final/lidar_collision.py to lidar_collision.cpython-310.pyc
byte-compiling /home/robot_ws/install/650610841_final/lib/python3.10/site-packages/650610841_final/lidar_controller.py to lidar_controller.cpython-310.pyc
byte-compiling /home/robot_ws/install/650610841_final/lib/python3.10/site-packages/650610841_final/__init__.py to __init__.cpython-310.pyc
running install_data
creating /home/robot_ws/install/650610841_final/share/ament_index
creating /home/robot_ws/install/650610841_final/share/ament_index/resource_index
creating /home/robot_ws/install/650610841_final/share/ament_index/resource_index/packages
copying resource/650610841_final -> /home/robot_ws/install/650610841_final/share/ament_index/resource_index/packages
copying package.xml -> /home/robot_ws/install/650610841_final/share/650610841_final
running install_egg_info
Copying ../../build/650610841_final/650610841_final.egg-info to /home/robot_ws/install/650610841_final/lib/python3.10/site-packages/650610841_final-0.0.0-py3.10.egg-info
running install_scripts
writing list of installed files to '/home/robot_ws/build/650610841_final/install.log'
