running egg_info
writing ../../build/object_detect/object_detect.egg-info/PKG-INFO
writing dependency_links to ../../build/object_detect/object_detect.egg-info/dependency_links.txt
writing entry points to ../../build/object_detect/object_detect.egg-info/entry_points.txt
writing requirements to ../../build/object_detect/object_detect.egg-info/requires.txt
writing top-level names to ../../build/object_detect/object_detect.egg-info/top_level.txt
reading manifest file '../../build/object_detect/object_detect.egg-info/SOURCES.txt'
adding license file 'LICENSE'
writing manifest file '../../build/object_detect/object_detect.egg-info/SOURCES.txt'
running build
running build_py
copying object_detect/bug2_algo.py -> /home/entity014/Ros-Major/project_ws/build/object_detect/build/lib/object_detect
running install
running install_lib
copying /home/entity014/Ros-Major/project_ws/build/object_detect/build/lib/object_detect/bug2_algo.py -> /home/entity014/Ros-Major/project_ws/install/object_detect/lib/python3.10/site-packages/object_detect
byte-compiling /home/entity014/Ros-Major/project_ws/install/object_detect/lib/python3.10/site-packages/object_detect/bug2_algo.py to bug2_algo.cpython-310.pyc
running install_data
running install_egg_info
removing '/home/entity014/Ros-Major/project_ws/install/object_detect/lib/python3.10/site-packages/object_detect-0.0.0-py3.10.egg-info' (and everything under it)
Copying ../../build/object_detect/object_detect.egg-info to /home/entity014/Ros-Major/project_ws/install/object_detect/lib/python3.10/site-packages/object_detect-0.0.0-py3.10.egg-info
running install_scripts
Installing bug script to /home/entity014/Ros-Major/project_ws/install/object_detect/lib/object_detect
Installing camera script to /home/entity014/Ros-Major/project_ws/install/object_detect/lib/object_detect
writing list of installed files to '/home/entity014/Ros-Major/project_ws/build/object_detect/install.log'
