[0.074s] DEBUG:colcon:Command line arguments: ['/usr/bin/colcon', 'build']
[0.074s] DEBUG:colcon:Parsed command line arguments: Namespace(log_base=None, log_level=None, verb_name='build', build_base='build', install_base='install', merge_install=False, symlink_install=False, test_result_base=None, continue_on_error=False, executor='parallel', parallel_workers=16, event_handlers=None, ignore_user_meta=False, metas=['./colcon.meta'], base_paths=['.'], packages_ignore=None, packages_ignore_regex=None, paths=None, packages_up_to=None, packages_up_to_regex=None, packages_above=None, packages_above_and_dependencies=None, packages_above_depth=None, packages_select_by_dep=None, packages_skip_by_dep=None, packages_skip_up_to=None, packages_select_build_failed=False, packages_skip_build_finished=False, packages_select_test_failures=False, packages_skip_test_passed=False, packages_select=None, packages_skip=None, packages_select_regex=None, packages_skip_regex=None, packages_start=None, packages_end=None, cmake_args=None, cmake_target=None, cmake_target_skip_unavailable=False, cmake_clean_cache=False, cmake_clean_first=False, cmake_force_configure=False, ament_cmake_args=None, catkin_cmake_args=None, catkin_skip_building_tests=False, mixin_files=None, mixin=None, verb_parser=<colcon_mixin.mixin.mixin_argument.MixinArgumentDecorator object at 0x7fc29673d480>, verb_extension=<colcon_core.verb.build.BuildVerb object at 0x7fc296937640>, main=<bound method BuildVerb.main of <colcon_core.verb.build.BuildVerb object at 0x7fc296937640>>, mixin_verb=('build',))
[0.167s] Level 1:colcon.colcon_core.package_discovery:discover_packages(colcon_meta) check parameters
[0.167s] Level 1:colcon.colcon_core.package_discovery:discover_packages(recursive) check parameters
[0.167s] Level 1:colcon.colcon_core.package_discovery:discover_packages(ignore) check parameters
[0.167s] Level 1:colcon.colcon_core.package_discovery:discover_packages(path) check parameters
[0.167s] Level 1:colcon.colcon_core.package_discovery:discover_packages(colcon_meta) discover
[0.167s] Level 1:colcon.colcon_core.package_discovery:discover_packages(recursive) discover
[0.167s] INFO:colcon.colcon_core.package_discovery:Crawling recursively for packages in '/home/robot_ws'
[0.168s] Level 1:colcon.colcon_core.package_identification:_identify(.) by extensions ['ignore', 'ignore_ament_install']
[0.168s] Level 1:colcon.colcon_core.package_identification:_identify(.) by extension 'ignore'
[0.168s] Level 1:colcon.colcon_core.package_identification:_identify(.) by extension 'ignore_ament_install'
[0.168s] Level 1:colcon.colcon_core.package_identification:_identify(.) by extensions ['colcon_pkg']
[0.168s] Level 1:colcon.colcon_core.package_identification:_identify(.) by extension 'colcon_pkg'
[0.168s] Level 1:colcon.colcon_core.package_identification:_identify(.) by extensions ['colcon_meta']
[0.168s] Level 1:colcon.colcon_core.package_identification:_identify(.) by extension 'colcon_meta'
[0.168s] Level 1:colcon.colcon_core.package_identification:_identify(.) by extensions ['ros']
[0.168s] Level 1:colcon.colcon_core.package_identification:_identify(.) by extension 'ros'
[0.175s] Level 1:colcon.colcon_core.package_identification:_identify(.) by extensions ['cmake', 'python']
[0.175s] Level 1:colcon.colcon_core.package_identification:_identify(.) by extension 'cmake'
[0.175s] Level 1:colcon.colcon_core.package_identification:_identify(.) by extension 'python'
[0.175s] Level 1:colcon.colcon_core.package_identification:_identify(.) by extensions ['python_setup_py']
[0.175s] Level 1:colcon.colcon_core.package_identification:_identify(.) by extension 'python_setup_py'
[0.176s] Level 1:colcon.colcon_core.package_identification:_identify(build) by extensions ['ignore', 'ignore_ament_install']
[0.176s] Level 1:colcon.colcon_core.package_identification:_identify(build) by extension 'ignore'
[0.176s] Level 1:colcon.colcon_core.package_identification:_identify(build) ignored
[0.176s] Level 1:colcon.colcon_core.package_identification:_identify(install) by extensions ['ignore', 'ignore_ament_install']
[0.176s] Level 1:colcon.colcon_core.package_identification:_identify(install) by extension 'ignore'
[0.176s] Level 1:colcon.colcon_core.package_identification:_identify(install) ignored
[0.176s] Level 1:colcon.colcon_core.package_identification:_identify(log) by extensions ['ignore', 'ignore_ament_install']
[0.176s] Level 1:colcon.colcon_core.package_identification:_identify(log) by extension 'ignore'
[0.176s] Level 1:colcon.colcon_core.package_identification:_identify(log) ignored
[0.176s] Level 1:colcon.colcon_core.package_identification:_identify(src) by extensions ['ignore', 'ignore_ament_install']
[0.176s] Level 1:colcon.colcon_core.package_identification:_identify(src) by extension 'ignore'
[0.176s] Level 1:colcon.colcon_core.package_identification:_identify(src) by extension 'ignore_ament_install'
[0.176s] Level 1:colcon.colcon_core.package_identification:_identify(src) by extensions ['colcon_pkg']
[0.176s] Level 1:colcon.colcon_core.package_identification:_identify(src) by extension 'colcon_pkg'
[0.176s] Level 1:colcon.colcon_core.package_identification:_identify(src) by extensions ['colcon_meta']
[0.177s] Level 1:colcon.colcon_core.package_identification:_identify(src) by extension 'colcon_meta'
[0.177s] Level 1:colcon.colcon_core.package_identification:_identify(src) by extensions ['ros']
[0.177s] Level 1:colcon.colcon_core.package_identification:_identify(src) by extension 'ros'
[0.177s] Level 1:colcon.colcon_core.package_identification:_identify(src) by extensions ['cmake', 'python']
[0.177s] Level 1:colcon.colcon_core.package_identification:_identify(src) by extension 'cmake'
[0.177s] Level 1:colcon.colcon_core.package_identification:_identify(src) by extension 'python'
[0.177s] Level 1:colcon.colcon_core.package_identification:_identify(src) by extensions ['python_setup_py']
[0.177s] Level 1:colcon.colcon_core.package_identification:_identify(src) by extension 'python_setup_py'
[0.177s] Level 1:colcon.colcon_core.package_identification:_identify(src/650610841_final) by extensions ['ignore', 'ignore_ament_install']
[0.177s] Level 1:colcon.colcon_core.package_identification:_identify(src/650610841_final) by extension 'ignore'
[0.177s] Level 1:colcon.colcon_core.package_identification:_identify(src/650610841_final) by extension 'ignore_ament_install'
[0.177s] Level 1:colcon.colcon_core.package_identification:_identify(src/650610841_final) by extensions ['colcon_pkg']
[0.177s] Level 1:colcon.colcon_core.package_identification:_identify(src/650610841_final) by extension 'colcon_pkg'
[0.177s] Level 1:colcon.colcon_core.package_identification:_identify(src/650610841_final) by extensions ['colcon_meta']
[0.177s] Level 1:colcon.colcon_core.package_identification:_identify(src/650610841_final) by extension 'colcon_meta'
[0.177s] Level 1:colcon.colcon_core.package_identification:_identify(src/650610841_final) by extensions ['ros']
[0.177s] Level 1:colcon.colcon_core.package_identification:_identify(src/650610841_final) by extension 'ros'
[0.179s] DEBUG:colcon.colcon_core.package_identification:Package 'src/650610841_final' with type 'ros.ament_python' and name '650610841_final'
[0.179s] Level 1:colcon.colcon_core.package_identification:_identify(src/assign1_650610841) by extensions ['ignore', 'ignore_ament_install']
[0.179s] Level 1:colcon.colcon_core.package_identification:_identify(src/assign1_650610841) by extension 'ignore'
[0.179s] Level 1:colcon.colcon_core.package_identification:_identify(src/assign1_650610841) by extension 'ignore_ament_install'
[0.179s] Level 1:colcon.colcon_core.package_identification:_identify(src/assign1_650610841) by extensions ['colcon_pkg']
[0.179s] Level 1:colcon.colcon_core.package_identification:_identify(src/assign1_650610841) by extension 'colcon_pkg'
[0.179s] Level 1:colcon.colcon_core.package_identification:_identify(src/assign1_650610841) by extensions ['colcon_meta']
[0.179s] Level 1:colcon.colcon_core.package_identification:_identify(src/assign1_650610841) by extension 'colcon_meta'
[0.180s] Level 1:colcon.colcon_core.package_identification:_identify(src/assign1_650610841) by extensions ['ros']
[0.180s] Level 1:colcon.colcon_core.package_identification:_identify(src/assign1_650610841) by extension 'ros'
[0.180s] DEBUG:colcon.colcon_core.package_identification:Package 'src/assign1_650610841' with type 'ros.ament_python' and name 'assign1_650610841'
[0.180s] Level 1:colcon.colcon_core.package_identification:_identify(src/assign2_650610841) by extensions ['ignore', 'ignore_ament_install']
[0.180s] Level 1:colcon.colcon_core.package_identification:_identify(src/assign2_650610841) by extension 'ignore'
[0.180s] Level 1:colcon.colcon_core.package_identification:_identify(src/assign2_650610841) by extension 'ignore_ament_install'
[0.180s] Level 1:colcon.colcon_core.package_identification:_identify(src/assign2_650610841) by extensions ['colcon_pkg']
[0.180s] Level 1:colcon.colcon_core.package_identification:_identify(src/assign2_650610841) by extension 'colcon_pkg'
[0.180s] Level 1:colcon.colcon_core.package_identification:_identify(src/assign2_650610841) by extensions ['colcon_meta']
[0.180s] Level 1:colcon.colcon_core.package_identification:_identify(src/assign2_650610841) by extension 'colcon_meta'
[0.180s] Level 1:colcon.colcon_core.package_identification:_identify(src/assign2_650610841) by extensions ['ros']
[0.180s] Level 1:colcon.colcon_core.package_identification:_identify(src/assign2_650610841) by extension 'ros'
[0.181s] DEBUG:colcon.colcon_core.package_identification:Package 'src/assign2_650610841' with type 'ros.ament_python' and name 'assign2_650610841'
[0.181s] Level 1:colcon.colcon_core.package_identification:_identify(src/assign3_650610841) by extensions ['ignore', 'ignore_ament_install']
[0.181s] Level 1:colcon.colcon_core.package_identification:_identify(src/assign3_650610841) by extension 'ignore'
[0.181s] Level 1:colcon.colcon_core.package_identification:_identify(src/assign3_650610841) by extension 'ignore_ament_install'
[0.181s] Level 1:colcon.colcon_core.package_identification:_identify(src/assign3_650610841) by extensions ['colcon_pkg']
[0.181s] Level 1:colcon.colcon_core.package_identification:_identify(src/assign3_650610841) by extension 'colcon_pkg'
[0.181s] Level 1:colcon.colcon_core.package_identification:_identify(src/assign3_650610841) by extensions ['colcon_meta']
[0.181s] Level 1:colcon.colcon_core.package_identification:_identify(src/assign3_650610841) by extension 'colcon_meta'
[0.181s] Level 1:colcon.colcon_core.package_identification:_identify(src/assign3_650610841) by extensions ['ros']
[0.181s] Level 1:colcon.colcon_core.package_identification:_identify(src/assign3_650610841) by extension 'ros'
[0.181s] DEBUG:colcon.colcon_core.package_identification:Package 'src/assign3_650610841' with type 'ros.ament_python' and name 'assign3_650610841'
[0.182s] Level 1:colcon.colcon_core.package_identification:_identify(src/assign4_650610841) by extensions ['ignore', 'ignore_ament_install']
[0.182s] Level 1:colcon.colcon_core.package_identification:_identify(src/assign4_650610841) by extension 'ignore'
[0.182s] Level 1:colcon.colcon_core.package_identification:_identify(src/assign4_650610841) by extension 'ignore_ament_install'
[0.182s] Level 1:colcon.colcon_core.package_identification:_identify(src/assign4_650610841) by extensions ['colcon_pkg']
[0.182s] Level 1:colcon.colcon_core.package_identification:_identify(src/assign4_650610841) by extension 'colcon_pkg'
[0.182s] Level 1:colcon.colcon_core.package_identification:_identify(src/assign4_650610841) by extensions ['colcon_meta']
[0.182s] Level 1:colcon.colcon_core.package_identification:_identify(src/assign4_650610841) by extension 'colcon_meta'
[0.182s] Level 1:colcon.colcon_core.package_identification:_identify(src/assign4_650610841) by extensions ['ros']
[0.182s] Level 1:colcon.colcon_core.package_identification:_identify(src/assign4_650610841) by extension 'ros'
[0.182s] DEBUG:colcon.colcon_core.package_identification:Package 'src/assign4_650610841' with type 'ros.ament_python' and name 'assign4_650610841'
[0.182s] Level 1:colcon.colcon_core.package_identification:_identify(src/myword_650610841) by extensions ['ignore', 'ignore_ament_install']
[0.182s] Level 1:colcon.colcon_core.package_identification:_identify(src/myword_650610841) by extension 'ignore'
[0.182s] Level 1:colcon.colcon_core.package_identification:_identify(src/myword_650610841) by extension 'ignore_ament_install'
[0.182s] Level 1:colcon.colcon_core.package_identification:_identify(src/myword_650610841) by extensions ['colcon_pkg']
[0.182s] Level 1:colcon.colcon_core.package_identification:_identify(src/myword_650610841) by extension 'colcon_pkg'
[0.182s] Level 1:colcon.colcon_core.package_identification:_identify(src/myword_650610841) by extensions ['colcon_meta']
[0.183s] Level 1:colcon.colcon_core.package_identification:_identify(src/myword_650610841) by extension 'colcon_meta'
[0.183s] Level 1:colcon.colcon_core.package_identification:_identify(src/myword_650610841) by extensions ['ros']
[0.183s] Level 1:colcon.colcon_core.package_identification:_identify(src/myword_650610841) by extension 'ros'
[0.183s] DEBUG:colcon.colcon_core.package_identification:Package 'src/myword_650610841' with type 'ros.ament_cmake' and name 'myword_650610841'
[0.183s] Level 1:colcon.colcon_core.package_identification:_identify(src/sllidar_ros2) by extensions ['ignore', 'ignore_ament_install']
[0.183s] Level 1:colcon.colcon_core.package_identification:_identify(src/sllidar_ros2) by extension 'ignore'
[0.183s] Level 1:colcon.colcon_core.package_identification:_identify(src/sllidar_ros2) by extension 'ignore_ament_install'
[0.183s] Level 1:colcon.colcon_core.package_identification:_identify(src/sllidar_ros2) by extensions ['colcon_pkg']
[0.183s] Level 1:colcon.colcon_core.package_identification:_identify(src/sllidar_ros2) by extension 'colcon_pkg'
[0.183s] Level 1:colcon.colcon_core.package_identification:_identify(src/sllidar_ros2) by extensions ['colcon_meta']
[0.183s] Level 1:colcon.colcon_core.package_identification:_identify(src/sllidar_ros2) by extension 'colcon_meta'
[0.183s] Level 1:colcon.colcon_core.package_identification:_identify(src/sllidar_ros2) by extensions ['ros']
[0.183s] Level 1:colcon.colcon_core.package_identification:_identify(src/sllidar_ros2) by extension 'ros'
[0.184s] DEBUG:colcon.colcon_core.package_identification:Package 'src/sllidar_ros2' with type 'ros.ament_cmake' and name 'sllidar_ros2'
[0.184s] Level 1:colcon.colcon_core.package_discovery:discover_packages(recursive) using defaults
[0.184s] Level 1:colcon.colcon_core.package_discovery:discover_packages(ignore) discover
[0.184s] Level 1:colcon.colcon_core.package_discovery:discover_packages(ignore) using defaults
[0.184s] Level 1:colcon.colcon_core.package_discovery:discover_packages(path) discover
[0.184s] Level 1:colcon.colcon_core.package_discovery:discover_packages(path) using defaults
[0.198s] Level 5:colcon.colcon_core.verb:set package '650610841_final' build argument 'cmake_args' from command line to 'None'
[0.198s] Level 5:colcon.colcon_core.verb:set package '650610841_final' build argument 'cmake_target' from command line to 'None'
[0.198s] Level 5:colcon.colcon_core.verb:set package '650610841_final' build argument 'cmake_target_skip_unavailable' from command line to 'False'
[0.198s] Level 5:colcon.colcon_core.verb:set package '650610841_final' build argument 'cmake_clean_cache' from command line to 'False'
[0.198s] Level 5:colcon.colcon_core.verb:set package '650610841_final' build argument 'cmake_clean_first' from command line to 'False'
[0.198s] Level 5:colcon.colcon_core.verb:set package '650610841_final' build argument 'cmake_force_configure' from command line to 'False'
[0.198s] Level 5:colcon.colcon_core.verb:set package '650610841_final' build argument 'ament_cmake_args' from command line to 'None'
[0.198s] Level 5:colcon.colcon_core.verb:set package '650610841_final' build argument 'catkin_cmake_args' from command line to 'None'
[0.198s] Level 5:colcon.colcon_core.verb:set package '650610841_final' build argument 'catkin_skip_building_tests' from command line to 'False'
[0.198s] DEBUG:colcon.colcon_core.verb:Building package '650610841_final' with the following arguments: {'ament_cmake_args': None, 'build_base': '/home/robot_ws/build/650610841_final', 'catkin_cmake_args': None, 'catkin_skip_building_tests': False, 'cmake_args': None, 'cmake_clean_cache': False, 'cmake_clean_first': False, 'cmake_force_configure': False, 'cmake_target': None, 'cmake_target_skip_unavailable': False, 'install_base': '/home/robot_ws/install/650610841_final', 'merge_install': False, 'path': '/home/robot_ws/src/650610841_final', 'symlink_install': False, 'test_result_base': None}
[0.198s] Level 5:colcon.colcon_core.verb:set package 'assign1_650610841' build argument 'cmake_args' from command line to 'None'
[0.199s] Level 5:colcon.colcon_core.verb:set package 'assign1_650610841' build argument 'cmake_target' from command line to 'None'
[0.199s] Level 5:colcon.colcon_core.verb:set package 'assign1_650610841' build argument 'cmake_target_skip_unavailable' from command line to 'False'
[0.199s] Level 5:colcon.colcon_core.verb:set package 'assign1_650610841' build argument 'cmake_clean_cache' from command line to 'False'
[0.199s] Level 5:colcon.colcon_core.verb:set package 'assign1_650610841' build argument 'cmake_clean_first' from command line to 'False'
[0.199s] Level 5:colcon.colcon_core.verb:set package 'assign1_650610841' build argument 'cmake_force_configure' from command line to 'False'
[0.199s] Level 5:colcon.colcon_core.verb:set package 'assign1_650610841' build argument 'ament_cmake_args' from command line to 'None'
[0.199s] Level 5:colcon.colcon_core.verb:set package 'assign1_650610841' build argument 'catkin_cmake_args' from command line to 'None'
[0.199s] Level 5:colcon.colcon_core.verb:set package 'assign1_650610841' build argument 'catkin_skip_building_tests' from command line to 'False'
[0.199s] DEBUG:colcon.colcon_core.verb:Building package 'assign1_650610841' with the following arguments: {'ament_cmake_args': None, 'build_base': '/home/robot_ws/build/assign1_650610841', 'catkin_cmake_args': None, 'catkin_skip_building_tests': False, 'cmake_args': None, 'cmake_clean_cache': False, 'cmake_clean_first': False, 'cmake_force_configure': False, 'cmake_target': None, 'cmake_target_skip_unavailable': False, 'install_base': '/home/robot_ws/install/assign1_650610841', 'merge_install': False, 'path': '/home/robot_ws/src/assign1_650610841', 'symlink_install': False, 'test_result_base': None}
[0.199s] Level 5:colcon.colcon_core.verb:set package 'assign3_650610841' build argument 'cmake_args' from command line to 'None'
[0.199s] Level 5:colcon.colcon_core.verb:set package 'assign3_650610841' build argument 'cmake_target' from command line to 'None'
[0.199s] Level 5:colcon.colcon_core.verb:set package 'assign3_650610841' build argument 'cmake_target_skip_unavailable' from command line to 'False'
[0.199s] Level 5:colcon.colcon_core.verb:set package 'assign3_650610841' build argument 'cmake_clean_cache' from command line to 'False'
[0.199s] Level 5:colcon.colcon_core.verb:set package 'assign3_650610841' build argument 'cmake_clean_first' from command line to 'False'
[0.199s] Level 5:colcon.colcon_core.verb:set package 'assign3_650610841' build argument 'cmake_force_configure' from command line to 'False'
[0.199s] Level 5:colcon.colcon_core.verb:set package 'assign3_650610841' build argument 'ament_cmake_args' from command line to 'None'
[0.199s] Level 5:colcon.colcon_core.verb:set package 'assign3_650610841' build argument 'catkin_cmake_args' from command line to 'None'
[0.199s] Level 5:colcon.colcon_core.verb:set package 'assign3_650610841' build argument 'catkin_skip_building_tests' from command line to 'False'
[0.199s] DEBUG:colcon.colcon_core.verb:Building package 'assign3_650610841' with the following arguments: {'ament_cmake_args': None, 'build_base': '/home/robot_ws/build/assign3_650610841', 'catkin_cmake_args': None, 'catkin_skip_building_tests': False, 'cmake_args': None, 'cmake_clean_cache': False, 'cmake_clean_first': False, 'cmake_force_configure': False, 'cmake_target': None, 'cmake_target_skip_unavailable': False, 'install_base': '/home/robot_ws/install/assign3_650610841', 'merge_install': False, 'path': '/home/robot_ws/src/assign3_650610841', 'symlink_install': False, 'test_result_base': None}
[0.199s] Level 5:colcon.colcon_core.verb:set package 'assign4_650610841' build argument 'cmake_args' from command line to 'None'
[0.199s] Level 5:colcon.colcon_core.verb:set package 'assign4_650610841' build argument 'cmake_target' from command line to 'None'
[0.199s] Level 5:colcon.colcon_core.verb:set package 'assign4_650610841' build argument 'cmake_target_skip_unavailable' from command line to 'False'
[0.199s] Level 5:colcon.colcon_core.verb:set package 'assign4_650610841' build argument 'cmake_clean_cache' from command line to 'False'
[0.199s] Level 5:colcon.colcon_core.verb:set package 'assign4_650610841' build argument 'cmake_clean_first' from command line to 'False'
[0.199s] Level 5:colcon.colcon_core.verb:set package 'assign4_650610841' build argument 'cmake_force_configure' from command line to 'False'
[0.199s] Level 5:colcon.colcon_core.verb:set package 'assign4_650610841' build argument 'ament_cmake_args' from command line to 'None'
[0.199s] Level 5:colcon.colcon_core.verb:set package 'assign4_650610841' build argument 'catkin_cmake_args' from command line to 'None'
[0.199s] Level 5:colcon.colcon_core.verb:set package 'assign4_650610841' build argument 'catkin_skip_building_tests' from command line to 'False'
[0.199s] DEBUG:colcon.colcon_core.verb:Building package 'assign4_650610841' with the following arguments: {'ament_cmake_args': None, 'build_base': '/home/robot_ws/build/assign4_650610841', 'catkin_cmake_args': None, 'catkin_skip_building_tests': False, 'cmake_args': None, 'cmake_clean_cache': False, 'cmake_clean_first': False, 'cmake_force_configure': False, 'cmake_target': None, 'cmake_target_skip_unavailable': False, 'install_base': '/home/robot_ws/install/assign4_650610841', 'merge_install': False, 'path': '/home/robot_ws/src/assign4_650610841', 'symlink_install': False, 'test_result_base': None}
[0.200s] Level 5:colcon.colcon_core.verb:set package 'myword_650610841' build argument 'cmake_args' from command line to 'None'
[0.200s] Level 5:colcon.colcon_core.verb:set package 'myword_650610841' build argument 'cmake_target' from command line to 'None'
[0.200s] Level 5:colcon.colcon_core.verb:set package 'myword_650610841' build argument 'cmake_target_skip_unavailable' from command line to 'False'
[0.200s] Level 5:colcon.colcon_core.verb:set package 'myword_650610841' build argument 'cmake_clean_cache' from command line to 'False'
[0.200s] Level 5:colcon.colcon_core.verb:set package 'myword_650610841' build argument 'cmake_clean_first' from command line to 'False'
[0.200s] Level 5:colcon.colcon_core.verb:set package 'myword_650610841' build argument 'cmake_force_configure' from command line to 'False'
[0.200s] Level 5:colcon.colcon_core.verb:set package 'myword_650610841' build argument 'ament_cmake_args' from command line to 'None'
[0.200s] Level 5:colcon.colcon_core.verb:set package 'myword_650610841' build argument 'catkin_cmake_args' from command line to 'None'
[0.200s] Level 5:colcon.colcon_core.verb:set package 'myword_650610841' build argument 'catkin_skip_building_tests' from command line to 'False'
[0.200s] DEBUG:colcon.colcon_core.verb:Building package 'myword_650610841' with the following arguments: {'ament_cmake_args': None, 'build_base': '/home/robot_ws/build/myword_650610841', 'catkin_cmake_args': None, 'catkin_skip_building_tests': False, 'cmake_args': None, 'cmake_clean_cache': False, 'cmake_clean_first': False, 'cmake_force_configure': False, 'cmake_target': None, 'cmake_target_skip_unavailable': False, 'install_base': '/home/robot_ws/install/myword_650610841', 'merge_install': False, 'path': '/home/robot_ws/src/myword_650610841', 'symlink_install': False, 'test_result_base': None}
[0.200s] Level 5:colcon.colcon_core.verb:set package 'sllidar_ros2' build argument 'cmake_args' from command line to 'None'
[0.200s] Level 5:colcon.colcon_core.verb:set package 'sllidar_ros2' build argument 'cmake_target' from command line to 'None'
[0.200s] Level 5:colcon.colcon_core.verb:set package 'sllidar_ros2' build argument 'cmake_target_skip_unavailable' from command line to 'False'
[0.200s] Level 5:colcon.colcon_core.verb:set package 'sllidar_ros2' build argument 'cmake_clean_cache' from command line to 'False'
[0.200s] Level 5:colcon.colcon_core.verb:set package 'sllidar_ros2' build argument 'cmake_clean_first' from command line to 'False'
[0.200s] Level 5:colcon.colcon_core.verb:set package 'sllidar_ros2' build argument 'cmake_force_configure' from command line to 'False'
[0.200s] Level 5:colcon.colcon_core.verb:set package 'sllidar_ros2' build argument 'ament_cmake_args' from command line to 'None'
[0.200s] Level 5:colcon.colcon_core.verb:set package 'sllidar_ros2' build argument 'catkin_cmake_args' from command line to 'None'
[0.200s] Level 5:colcon.colcon_core.verb:set package 'sllidar_ros2' build argument 'catkin_skip_building_tests' from command line to 'False'
[0.200s] DEBUG:colcon.colcon_core.verb:Building package 'sllidar_ros2' with the following arguments: {'ament_cmake_args': None, 'build_base': '/home/robot_ws/build/sllidar_ros2', 'catkin_cmake_args': None, 'catkin_skip_building_tests': False, 'cmake_args': None, 'cmake_clean_cache': False, 'cmake_clean_first': False, 'cmake_force_configure': False, 'cmake_target': None, 'cmake_target_skip_unavailable': False, 'install_base': '/home/robot_ws/install/sllidar_ros2', 'merge_install': False, 'path': '/home/robot_ws/src/sllidar_ros2', 'symlink_install': False, 'test_result_base': None}
[0.200s] Level 5:colcon.colcon_core.verb:set package 'assign2_650610841' build argument 'cmake_args' from command line to 'None'
[0.200s] Level 5:colcon.colcon_core.verb:set package 'assign2_650610841' build argument 'cmake_target' from command line to 'None'
[0.200s] Level 5:colcon.colcon_core.verb:set package 'assign2_650610841' build argument 'cmake_target_skip_unavailable' from command line to 'False'
[0.200s] Level 5:colcon.colcon_core.verb:set package 'assign2_650610841' build argument 'cmake_clean_cache' from command line to 'False'
[0.200s] Level 5:colcon.colcon_core.verb:set package 'assign2_650610841' build argument 'cmake_clean_first' from command line to 'False'
[0.200s] Level 5:colcon.colcon_core.verb:set package 'assign2_650610841' build argument 'cmake_force_configure' from command line to 'False'
[0.200s] Level 5:colcon.colcon_core.verb:set package 'assign2_650610841' build argument 'ament_cmake_args' from command line to 'None'
[0.200s] Level 5:colcon.colcon_core.verb:set package 'assign2_650610841' build argument 'catkin_cmake_args' from command line to 'None'
[0.200s] Level 5:colcon.colcon_core.verb:set package 'assign2_650610841' build argument 'catkin_skip_building_tests' from command line to 'False'
[0.200s] DEBUG:colcon.colcon_core.verb:Building package 'assign2_650610841' with the following arguments: {'ament_cmake_args': None, 'build_base': '/home/robot_ws/build/assign2_650610841', 'catkin_cmake_args': None, 'catkin_skip_building_tests': False, 'cmake_args': None, 'cmake_clean_cache': False, 'cmake_clean_first': False, 'cmake_force_configure': False, 'cmake_target': None, 'cmake_target_skip_unavailable': False, 'install_base': '/home/robot_ws/install/assign2_650610841', 'merge_install': False, 'path': '/home/robot_ws/src/assign2_650610841', 'symlink_install': False, 'test_result_base': None}
[0.200s] INFO:colcon.colcon_core.executor:Executing jobs using 'parallel' executor
[0.202s] DEBUG:colcon.colcon_parallel_executor.executor.parallel:run_until_complete
[0.202s] INFO:colcon.colcon_ros.task.ament_cmake.build:Building ROS package in '/home/robot_ws/src/myword_650610841' with build type 'ament_cmake'
[0.202s] INFO:colcon.colcon_cmake.task.cmake.build:Building CMake package in '/home/robot_ws/src/myword_650610841'
[0.204s] INFO:colcon.colcon_core.plugin_system:Skipping extension 'colcon_core.shell.bat': Not used on non-Windows systems
[0.204s] INFO:colcon.colcon_core.shell:Skip shell extension 'powershell' for command environment: Not usable outside of PowerShell
[0.204s] DEBUG:colcon.colcon_core.shell:Skip shell extension 'dsv' for command environment
[0.213s] INFO:colcon.colcon_ros.task.ament_python.build:Building ROS package in '/home/robot_ws/src/650610841_final' with build type 'ament_python'
[0.214s] Level 1:colcon.colcon_core.shell:create_environment_hook('650610841_final', 'ament_prefix_path')
[0.214s] INFO:colcon.colcon_core.shell:Creating environment hook '/home/robot_ws/install/650610841_final/share/650610841_final/hook/ament_prefix_path.ps1'
[0.214s] INFO:colcon.colcon_core.shell:Creating environment descriptor '/home/robot_ws/install/650610841_final/share/650610841_final/hook/ament_prefix_path.dsv'
[0.214s] INFO:colcon.colcon_core.shell:Creating environment hook '/home/robot_ws/install/650610841_final/share/650610841_final/hook/ament_prefix_path.sh'
[0.215s] INFO:colcon.colcon_core.shell:Skip shell extension 'powershell' for command environment: Not usable outside of PowerShell
[0.215s] DEBUG:colcon.colcon_core.shell:Skip shell extension 'dsv' for command environment
[0.217s] INFO:colcon.colcon_ros.task.ament_python.build:Building ROS package in '/home/robot_ws/src/assign1_650610841' with build type 'ament_python'
[0.217s] Level 1:colcon.colcon_core.shell:create_environment_hook('assign1_650610841', 'ament_prefix_path')
[0.217s] INFO:colcon.colcon_core.shell:Creating environment hook '/home/robot_ws/install/assign1_650610841/share/assign1_650610841/hook/ament_prefix_path.ps1'
[0.218s] INFO:colcon.colcon_core.shell:Creating environment descriptor '/home/robot_ws/install/assign1_650610841/share/assign1_650610841/hook/ament_prefix_path.dsv'
[0.218s] INFO:colcon.colcon_core.shell:Creating environment hook '/home/robot_ws/install/assign1_650610841/share/assign1_650610841/hook/ament_prefix_path.sh'
[0.218s] INFO:colcon.colcon_core.shell:Skip shell extension 'powershell' for command environment: Not usable outside of PowerShell
[0.218s] DEBUG:colcon.colcon_core.shell:Skip shell extension 'dsv' for command environment
[0.220s] INFO:colcon.colcon_ros.task.ament_python.build:Building ROS package in '/home/robot_ws/src/assign3_650610841' with build type 'ament_python'
[0.221s] Level 1:colcon.colcon_core.shell:create_environment_hook('assign3_650610841', 'ament_prefix_path')
[0.221s] INFO:colcon.colcon_core.shell:Creating environment hook '/home/robot_ws/install/assign3_650610841/share/assign3_650610841/hook/ament_prefix_path.ps1'
[0.221s] INFO:colcon.colcon_core.shell:Creating environment descriptor '/home/robot_ws/install/assign3_650610841/share/assign3_650610841/hook/ament_prefix_path.dsv'
[0.221s] INFO:colcon.colcon_core.shell:Creating environment hook '/home/robot_ws/install/assign3_650610841/share/assign3_650610841/hook/ament_prefix_path.sh'
[0.222s] INFO:colcon.colcon_core.shell:Skip shell extension 'powershell' for command environment: Not usable outside of PowerShell
[0.222s] DEBUG:colcon.colcon_core.shell:Skip shell extension 'dsv' for command environment
[0.224s] INFO:colcon.colcon_ros.task.ament_python.build:Building ROS package in '/home/robot_ws/src/assign4_650610841' with build type 'ament_python'
[0.224s] Level 1:colcon.colcon_core.shell:create_environment_hook('assign4_650610841', 'ament_prefix_path')
[0.224s] INFO:colcon.colcon_core.shell:Creating environment hook '/home/robot_ws/install/assign4_650610841/share/assign4_650610841/hook/ament_prefix_path.ps1'
[0.224s] INFO:colcon.colcon_core.shell:Creating environment descriptor '/home/robot_ws/install/assign4_650610841/share/assign4_650610841/hook/ament_prefix_path.dsv'
[0.224s] INFO:colcon.colcon_core.shell:Creating environment hook '/home/robot_ws/install/assign4_650610841/share/assign4_650610841/hook/ament_prefix_path.sh'
[0.225s] INFO:colcon.colcon_core.shell:Skip shell extension 'powershell' for command environment: Not usable outside of PowerShell
[0.225s] DEBUG:colcon.colcon_core.shell:Skip shell extension 'dsv' for command environment
[0.227s] INFO:colcon.colcon_ros.task.ament_cmake.build:Building ROS package in '/home/robot_ws/src/sllidar_ros2' with build type 'ament_cmake'
[0.227s] INFO:colcon.colcon_cmake.task.cmake.build:Building CMake package in '/home/robot_ws/src/sllidar_ros2'
[0.227s] INFO:colcon.colcon_core.shell:Skip shell extension 'powershell' for command environment: Not usable outside of PowerShell
[0.227s] DEBUG:colcon.colcon_core.shell:Skip shell extension 'dsv' for command environment
[0.233s] DEBUG:colcon.colcon_core.event_handler.log_command:Invoking command in '/home/robot_ws/build/myword_650610841': CMAKE_PREFIX_PATH=${CMAKE_PREFIX_PATH}:/home/robot_ws/install/assign2_650610841:/home/robot_ws/install/assign4_650610841:/home/robot_ws/install/assign3_650610841:/home/robot_ws/install/assign1_650610841:/home/robot_ws/install/650610841_final:/opt/ros/humble /usr/bin/cmake --build /home/robot_ws/build/myword_650610841 -- -j16 -l16
[0.407s] INFO:colcon.colcon_core.task.python.build:Building Python package in '/home/robot_ws/src/650610841_final'
[0.408s] INFO:colcon.colcon_core.shell:Skip shell extension 'powershell' for command environment: Not usable outside of PowerShell
[0.408s] DEBUG:colcon.colcon_core.shell:Skip shell extension 'dsv' for command environment
[0.578s] INFO:colcon.colcon_core.task.python.build:Building Python package in '/home/robot_ws/src/assign1_650610841'
[0.579s] INFO:colcon.colcon_core.shell:Skip shell extension 'powershell' for command environment: Not usable outside of PowerShell
[0.579s] DEBUG:colcon.colcon_core.shell:Skip shell extension 'dsv' for command environment
[0.752s] INFO:colcon.colcon_core.task.python.build:Building Python package in '/home/robot_ws/src/assign3_650610841'
[0.752s] INFO:colcon.colcon_core.shell:Skip shell extension 'powershell' for command environment: Not usable outside of PowerShell
[0.752s] DEBUG:colcon.colcon_core.shell:Skip shell extension 'dsv' for command environment
[0.920s] INFO:colcon.colcon_core.task.python.build:Building Python package in '/home/robot_ws/src/assign4_650610841'
[0.920s] INFO:colcon.colcon_core.shell:Skip shell extension 'powershell' for command environment: Not usable outside of PowerShell
[0.920s] DEBUG:colcon.colcon_core.shell:Skip shell extension 'dsv' for command environment
[0.928s] DEBUG:colcon.colcon_core.event_handler.log_command:Invoking command in '/home/robot_ws/build/sllidar_ros2': CMAKE_PREFIX_PATH=${CMAKE_PREFIX_PATH}:/home/robot_ws/install/assign2_650610841:/home/robot_ws/install/assign4_650610841:/home/robot_ws/install/assign3_650610841:/home/robot_ws/install/assign1_650610841:/home/robot_ws/install/650610841_final:/opt/ros/humble /usr/bin/cmake --build /home/robot_ws/build/sllidar_ros2 -- -j16 -l16
[0.928s] DEBUG:colcon.colcon_core.event_handler.log_command:Invoked command in '/home/robot_ws/build/myword_650610841' returned '0': CMAKE_PREFIX_PATH=${CMAKE_PREFIX_PATH}:/home/robot_ws/install/assign2_650610841:/home/robot_ws/install/assign4_650610841:/home/robot_ws/install/assign3_650610841:/home/robot_ws/install/assign1_650610841:/home/robot_ws/install/650610841_final:/opt/ros/humble /usr/bin/cmake --build /home/robot_ws/build/myword_650610841 -- -j16 -l16
[0.937s] DEBUG:colcon.colcon_core.event_handler.log_command:Invoking command in '/home/robot_ws/build/myword_650610841': CMAKE_PREFIX_PATH=${CMAKE_PREFIX_PATH}:/home/robot_ws/install/assign2_650610841:/home/robot_ws/install/assign4_650610841:/home/robot_ws/install/assign3_650610841:/home/robot_ws/install/assign1_650610841:/home/robot_ws/install/650610841_final:/opt/ros/humble /usr/bin/cmake --install /home/robot_ws/build/myword_650610841
[1.003s] DEBUG:colcon.colcon_core.event_handler.log_command:Invoked command in '/home/robot_ws/build/sllidar_ros2' returned '0': CMAKE_PREFIX_PATH=${CMAKE_PREFIX_PATH}:/home/robot_ws/install/assign2_650610841:/home/robot_ws/install/assign4_650610841:/home/robot_ws/install/assign3_650610841:/home/robot_ws/install/assign1_650610841:/home/robot_ws/install/650610841_final:/opt/ros/humble /usr/bin/cmake --build /home/robot_ws/build/sllidar_ros2 -- -j16 -l16
[1.007s] Level 1:colcon.colcon_core.environment:create_environment_scripts_only(myword_650610841)
[1.013s] DEBUG:colcon.colcon_core.event_handler.log_command:Invoking command in '/home/robot_ws/build/sllidar_ros2': CMAKE_PREFIX_PATH=${CMAKE_PREFIX_PATH}:/home/robot_ws/install/assign2_650610841:/home/robot_ws/install/assign4_650610841:/home/robot_ws/install/assign3_650610841:/home/robot_ws/install/assign1_650610841:/home/robot_ws/install/650610841_final:/opt/ros/humble /usr/bin/cmake --install /home/robot_ws/build/sllidar_ros2
[1.013s] DEBUG:colcon.colcon_core.event_handler.log_command:Invoked command in '/home/robot_ws/build/myword_650610841' returned '0': CMAKE_PREFIX_PATH=${CMAKE_PREFIX_PATH}:/home/robot_ws/install/assign2_650610841:/home/robot_ws/install/assign4_650610841:/home/robot_ws/install/assign3_650610841:/home/robot_ws/install/assign1_650610841:/home/robot_ws/install/650610841_final:/opt/ros/humble /usr/bin/cmake --install /home/robot_ws/build/myword_650610841
[1.018s] Level 1:colcon.colcon_core.environment:checking '/home/robot_ws/install/myword_650610841' for CMake module files
[1.019s] Level 1:colcon.colcon_core.environment:checking '/home/robot_ws/install/myword_650610841' for CMake config files
[1.019s] Level 1:colcon.colcon_core.shell:create_environment_hook('myword_650610841', 'cmake_prefix_path')
[1.019s] INFO:colcon.colcon_core.shell:Creating environment hook '/home/robot_ws/install/myword_650610841/share/myword_650610841/hook/cmake_prefix_path.ps1'
[1.020s] INFO:colcon.colcon_core.shell:Creating environment descriptor '/home/robot_ws/install/myword_650610841/share/myword_650610841/hook/cmake_prefix_path.dsv'
[1.020s] INFO:colcon.colcon_core.shell:Creating environment hook '/home/robot_ws/install/myword_650610841/share/myword_650610841/hook/cmake_prefix_path.sh'
[1.021s] Level 1:colcon.colcon_core.environment:checking '/home/robot_ws/install/myword_650610841/lib'
[1.022s] Level 1:colcon.colcon_core.shell:create_environment_hook('myword_650610841', 'ld_library_path_lib')
[1.022s] INFO:colcon.colcon_core.shell:Creating environment hook '/home/robot_ws/install/myword_650610841/share/myword_650610841/hook/ld_library_path_lib.ps1'
[1.023s] INFO:colcon.colcon_core.shell:Creating environment descriptor '/home/robot_ws/install/myword_650610841/share/myword_650610841/hook/ld_library_path_lib.dsv'
[1.023s] INFO:colcon.colcon_core.shell:Creating environment hook '/home/robot_ws/install/myword_650610841/share/myword_650610841/hook/ld_library_path_lib.sh'
[1.024s] Level 1:colcon.colcon_core.environment:checking '/home/robot_ws/install/myword_650610841/bin'
[1.024s] Level 1:colcon.colcon_core.environment:checking '/home/robot_ws/install/myword_650610841/lib/pkgconfig/myword_650610841.pc'
[1.024s] Level 1:colcon.colcon_core.environment:checking '/home/robot_ws/install/myword_650610841/lib/python3.10/site-packages'
[1.025s] Level 1:colcon.colcon_core.environment:checking '/home/robot_ws/install/myword_650610841/bin'
[1.025s] INFO:colcon.colcon_core.shell:Creating package script '/home/robot_ws/install/myword_650610841/share/myword_650610841/package.ps1'
[1.026s] INFO:colcon.colcon_core.shell:Creating package descriptor '/home/robot_ws/install/myword_650610841/share/myword_650610841/package.dsv'
[1.027s] INFO:colcon.colcon_core.shell:Creating package script '/home/robot_ws/install/myword_650610841/share/myword_650610841/package.sh'
[1.028s] INFO:colcon.colcon_core.shell:Creating package script '/home/robot_ws/install/myword_650610841/share/myword_650610841/package.bash'
[1.029s] INFO:colcon.colcon_core.shell:Creating package script '/home/robot_ws/install/myword_650610841/share/myword_650610841/package.zsh'
[1.030s] Level 1:colcon.colcon_core.environment:create_file_with_runtime_dependencies(/home/robot_ws/install/myword_650610841/share/colcon-core/packages/myword_650610841)
[1.031s] Level 1:colcon.colcon_core.environment:create_environment_scripts_only(myword_650610841)
[1.031s] Level 1:colcon.colcon_core.environment:checking '/home/robot_ws/install/myword_650610841' for CMake module files
[1.032s] Level 1:colcon.colcon_core.environment:checking '/home/robot_ws/install/myword_650610841' for CMake config files
[1.032s] Level 1:colcon.colcon_core.shell:create_environment_hook('myword_650610841', 'cmake_prefix_path')
[1.032s] INFO:colcon.colcon_core.shell:Creating environment hook '/home/robot_ws/install/myword_650610841/share/myword_650610841/hook/cmake_prefix_path.ps1'
[1.033s] INFO:colcon.colcon_core.shell:Creating environment descriptor '/home/robot_ws/install/myword_650610841/share/myword_650610841/hook/cmake_prefix_path.dsv'
[1.033s] INFO:colcon.colcon_core.shell:Creating environment hook '/home/robot_ws/install/myword_650610841/share/myword_650610841/hook/cmake_prefix_path.sh'
[1.034s] Level 1:colcon.colcon_core.environment:checking '/home/robot_ws/install/myword_650610841/lib'
[1.034s] Level 1:colcon.colcon_core.shell:create_environment_hook('myword_650610841', 'ld_library_path_lib')
[1.034s] INFO:colcon.colcon_core.shell:Creating environment hook '/home/robot_ws/install/myword_650610841/share/myword_650610841/hook/ld_library_path_lib.ps1'
[1.035s] INFO:colcon.colcon_core.shell:Creating environment descriptor '/home/robot_ws/install/myword_650610841/share/myword_650610841/hook/ld_library_path_lib.dsv'
[1.035s] INFO:colcon.colcon_core.shell:Creating environment hook '/home/robot_ws/install/myword_650610841/share/myword_650610841/hook/ld_library_path_lib.sh'
[1.036s] Level 1:colcon.colcon_core.environment:checking '/home/robot_ws/install/myword_650610841/bin'
[1.036s] Level 1:colcon.colcon_core.environment:checking '/home/robot_ws/install/myword_650610841/lib/pkgconfig/myword_650610841.pc'
[1.036s] Level 1:colcon.colcon_core.environment:checking '/home/robot_ws/install/myword_650610841/lib/python3.10/site-packages'
[1.036s] Level 1:colcon.colcon_core.environment:checking '/home/robot_ws/install/myword_650610841/bin'
[1.036s] INFO:colcon.colcon_core.shell:Creating package script '/home/robot_ws/install/myword_650610841/share/myword_650610841/package.ps1'
[1.037s] INFO:colcon.colcon_core.shell:Creating package descriptor '/home/robot_ws/install/myword_650610841/share/myword_650610841/package.dsv'
[1.037s] INFO:colcon.colcon_core.shell:Creating package script '/home/robot_ws/install/myword_650610841/share/myword_650610841/package.sh'
[1.037s] INFO:colcon.colcon_core.shell:Creating package script '/home/robot_ws/install/myword_650610841/share/myword_650610841/package.bash'
[1.038s] INFO:colcon.colcon_core.shell:Creating package script '/home/robot_ws/install/myword_650610841/share/myword_650610841/package.zsh'
[1.038s] Level 1:colcon.colcon_core.environment:create_file_with_runtime_dependencies(/home/robot_ws/install/myword_650610841/share/colcon-core/packages/myword_650610841)
[1.038s] INFO:colcon.colcon_ros.task.ament_python.build:Building ROS package in '/home/robot_ws/src/assign2_650610841' with build type 'ament_python'
[1.039s] Level 1:colcon.colcon_core.shell:create_environment_hook('assign2_650610841', 'ament_prefix_path')
[1.039s] INFO:colcon.colcon_core.shell:Creating environment hook '/home/robot_ws/install/assign2_650610841/share/assign2_650610841/hook/ament_prefix_path.ps1'
[1.040s] INFO:colcon.colcon_core.shell:Creating environment descriptor '/home/robot_ws/install/assign2_650610841/share/assign2_650610841/hook/ament_prefix_path.dsv'
[1.041s] INFO:colcon.colcon_core.shell:Creating environment hook '/home/robot_ws/install/assign2_650610841/share/assign2_650610841/hook/ament_prefix_path.sh'
[1.041s] INFO:colcon.colcon_core.shell:Skip shell extension 'powershell' for command environment: Not usable outside of PowerShell
[1.041s] DEBUG:colcon.colcon_core.shell:Skip shell extension 'dsv' for command environment
[1.045s] Level 1:colcon.colcon_core.environment:create_environment_scripts_only(sllidar_ros2)
[1.045s] Level 1:colcon.colcon_core.environment:checking '/home/robot_ws/install/sllidar_ros2' for CMake module files
[1.046s] DEBUG:colcon.colcon_core.event_handler.log_command:Invoked command in '/home/robot_ws/build/sllidar_ros2' returned '0': CMAKE_PREFIX_PATH=${CMAKE_PREFIX_PATH}:/home/robot_ws/install/assign2_650610841:/home/robot_ws/install/assign4_650610841:/home/robot_ws/install/assign3_650610841:/home/robot_ws/install/assign1_650610841:/home/robot_ws/install/650610841_final:/opt/ros/humble /usr/bin/cmake --install /home/robot_ws/build/sllidar_ros2
[1.046s] Level 1:colcon.colcon_core.environment:checking '/home/robot_ws/install/sllidar_ros2' for CMake config files
[1.047s] Level 1:colcon.colcon_core.shell:create_environment_hook('sllidar_ros2', 'cmake_prefix_path')
[1.047s] INFO:colcon.colcon_core.shell:Creating environment hook '/home/robot_ws/install/sllidar_ros2/share/sllidar_ros2/hook/cmake_prefix_path.ps1'
[1.047s] INFO:colcon.colcon_core.shell:Creating environment descriptor '/home/robot_ws/install/sllidar_ros2/share/sllidar_ros2/hook/cmake_prefix_path.dsv'
[1.048s] INFO:colcon.colcon_core.shell:Creating environment hook '/home/robot_ws/install/sllidar_ros2/share/sllidar_ros2/hook/cmake_prefix_path.sh'
[1.048s] Level 1:colcon.colcon_core.environment:checking '/home/robot_ws/install/sllidar_ros2/lib'
[1.048s] Level 1:colcon.colcon_core.environment:checking '/home/robot_ws/install/sllidar_ros2/bin'
[1.048s] Level 1:colcon.colcon_core.environment:checking '/home/robot_ws/install/sllidar_ros2/lib/pkgconfig/sllidar_ros2.pc'
[1.049s] Level 1:colcon.colcon_core.environment:checking '/home/robot_ws/install/sllidar_ros2/lib/python3.10/site-packages'
[1.049s] Level 1:colcon.colcon_core.environment:checking '/home/robot_ws/install/sllidar_ros2/bin'
[1.049s] INFO:colcon.colcon_core.shell:Creating package script '/home/robot_ws/install/sllidar_ros2/share/sllidar_ros2/package.ps1'
[1.049s] INFO:colcon.colcon_core.shell:Creating package descriptor '/home/robot_ws/install/sllidar_ros2/share/sllidar_ros2/package.dsv'
[1.050s] INFO:colcon.colcon_core.shell:Creating package script '/home/robot_ws/install/sllidar_ros2/share/sllidar_ros2/package.sh'
[1.050s] INFO:colcon.colcon_core.shell:Creating package script '/home/robot_ws/install/sllidar_ros2/share/sllidar_ros2/package.bash'
[1.050s] INFO:colcon.colcon_core.shell:Creating package script '/home/robot_ws/install/sllidar_ros2/share/sllidar_ros2/package.zsh'
[1.050s] Level 1:colcon.colcon_core.environment:create_file_with_runtime_dependencies(/home/robot_ws/install/sllidar_ros2/share/colcon-core/packages/sllidar_ros2)
[1.051s] Level 1:colcon.colcon_core.environment:create_environment_scripts_only(sllidar_ros2)
[1.051s] Level 1:colcon.colcon_core.environment:checking '/home/robot_ws/install/sllidar_ros2' for CMake module files
[1.051s] Level 1:colcon.colcon_core.environment:checking '/home/robot_ws/install/sllidar_ros2' for CMake config files
[1.051s] Level 1:colcon.colcon_core.shell:create_environment_hook('sllidar_ros2', 'cmake_prefix_path')
[1.052s] INFO:colcon.colcon_core.shell:Creating environment hook '/home/robot_ws/install/sllidar_ros2/share/sllidar_ros2/hook/cmake_prefix_path.ps1'
[1.052s] INFO:colcon.colcon_core.shell:Creating environment descriptor '/home/robot_ws/install/sllidar_ros2/share/sllidar_ros2/hook/cmake_prefix_path.dsv'
[1.052s] INFO:colcon.colcon_core.shell:Creating environment hook '/home/robot_ws/install/sllidar_ros2/share/sllidar_ros2/hook/cmake_prefix_path.sh'
[1.053s] Level 1:colcon.colcon_core.environment:checking '/home/robot_ws/install/sllidar_ros2/lib'
[1.053s] Level 1:colcon.colcon_core.environment:checking '/home/robot_ws/install/sllidar_ros2/bin'
[1.053s] Level 1:colcon.colcon_core.environment:checking '/home/robot_ws/install/sllidar_ros2/lib/pkgconfig/sllidar_ros2.pc'
[1.053s] Level 1:colcon.colcon_core.environment:checking '/home/robot_ws/install/sllidar_ros2/lib/python3.10/site-packages'
[1.053s] Level 1:colcon.colcon_core.environment:checking '/home/robot_ws/install/sllidar_ros2/bin'
[1.053s] INFO:colcon.colcon_core.shell:Creating package script '/home/robot_ws/install/sllidar_ros2/share/sllidar_ros2/package.ps1'
[1.054s] INFO:colcon.colcon_core.shell:Creating package descriptor '/home/robot_ws/install/sllidar_ros2/share/sllidar_ros2/package.dsv'
[1.054s] INFO:colcon.colcon_core.shell:Creating package script '/home/robot_ws/install/sllidar_ros2/share/sllidar_ros2/package.sh'
[1.054s] INFO:colcon.colcon_core.shell:Creating package script '/home/robot_ws/install/sllidar_ros2/share/sllidar_ros2/package.bash'
[1.055s] INFO:colcon.colcon_core.shell:Creating package script '/home/robot_ws/install/sllidar_ros2/share/sllidar_ros2/package.zsh'
[1.055s] Level 1:colcon.colcon_core.environment:create_file_with_runtime_dependencies(/home/robot_ws/install/sllidar_ros2/share/colcon-core/packages/sllidar_ros2)
[1.252s] INFO:colcon.colcon_core.task.python.build:Building Python package in '/home/robot_ws/src/assign2_650610841'
[1.252s] INFO:colcon.colcon_core.shell:Skip shell extension 'powershell' for command environment: Not usable outside of PowerShell
[1.252s] DEBUG:colcon.colcon_core.shell:Skip shell extension 'dsv' for command environment
[1.265s] DEBUG:colcon.colcon_core.event_handler.log_command:Invoking command in '/home/robot_ws/src/assign4_650610841': PYTHONPATH=/home/robot_ws/build/assign4_650610841/prefix_override:/usr/lib/python3/dist-packages/colcon_core/task/python/colcon_distutils_commands:/home/robot_ws/install/assign4_650610841/lib/python3.10/site-packages:${PYTHONPATH} /usr/bin/python3 -W ignore:setup.py install is deprecated -W ignore:easy_install command is deprecated setup.py egg_info --egg-base ../../build/assign4_650610841 build --build-base /home/robot_ws/build/assign4_650610841/build install --record /home/robot_ws/build/assign4_650610841/install.log --single-version-externally-managed install_data
[1.278s] DEBUG:colcon.colcon_core.event_handler.log_command:Invoking command in '/home/robot_ws/src/assign3_650610841': PYTHONPATH=/home/robot_ws/build/assign3_650610841/prefix_override:/usr/lib/python3/dist-packages/colcon_core/task/python/colcon_distutils_commands:/home/robot_ws/install/assign3_650610841/lib/python3.10/site-packages:${PYTHONPATH} /usr/bin/python3 -W ignore:setup.py install is deprecated -W ignore:easy_install command is deprecated setup.py egg_info --egg-base ../../build/assign3_650610841 build --build-base /home/robot_ws/build/assign3_650610841/build install --record /home/robot_ws/build/assign3_650610841/install.log --single-version-externally-managed install_data
[1.403s] DEBUG:colcon.colcon_core.event_handler.log_command:Invoking command in '/home/robot_ws/src/assign1_650610841': PYTHONPATH=/home/robot_ws/build/assign1_650610841/prefix_override:/usr/lib/python3/dist-packages/colcon_core/task/python/colcon_distutils_commands:/home/robot_ws/install/assign1_650610841/lib/python3.10/site-packages:${PYTHONPATH} /usr/bin/python3 -W ignore:setup.py install is deprecated -W ignore:easy_install command is deprecated setup.py egg_info --egg-base ../../build/assign1_650610841 build --build-base /home/robot_ws/build/assign1_650610841/build install --record /home/robot_ws/build/assign1_650610841/install.log --single-version-externally-managed install_data
[1.481s] DEBUG:colcon.colcon_core.event_handler.log_command:Invoking command in '/home/robot_ws/src/650610841_final': PYTHONPATH=/home/robot_ws/build/650610841_final/prefix_override:/usr/lib/python3/dist-packages/colcon_core/task/python/colcon_distutils_commands:/home/robot_ws/install/650610841_final/lib/python3.10/site-packages:${PYTHONPATH} /usr/bin/python3 -W ignore:setup.py install is deprecated -W ignore:easy_install command is deprecated setup.py egg_info --egg-base ../../build/650610841_final build --build-base /home/robot_ws/build/650610841_final/build install --record /home/robot_ws/build/650610841_final/install.log --single-version-externally-managed install_data
[1.496s] Level 1:colcon.colcon_core.environment:checking '/home/robot_ws/install/assign4_650610841' for CMake module files
[1.497s] DEBUG:colcon.colcon_core.event_handler.log_command:Invoked command in '/home/robot_ws/src/assign4_650610841' returned '0': PYTHONPATH=/home/robot_ws/build/assign4_650610841/prefix_override:/usr/lib/python3/dist-packages/colcon_core/task/python/colcon_distutils_commands:/home/robot_ws/install/assign4_650610841/lib/python3.10/site-packages:${PYTHONPATH} /usr/bin/python3 -W ignore:setup.py install is deprecated -W ignore:easy_install command is deprecated setup.py egg_info --egg-base ../../build/assign4_650610841 build --build-base /home/robot_ws/build/assign4_650610841/build install --record /home/robot_ws/build/assign4_650610841/install.log --single-version-externally-managed install_data
[1.498s] Level 1:colcon.colcon_core.environment:checking '/home/robot_ws/install/assign4_650610841' for CMake config files
[1.499s] Level 1:colcon.colcon_core.environment:checking '/home/robot_ws/install/assign4_650610841/lib'
[1.499s] Level 1:colcon.colcon_core.environment:checking '/home/robot_ws/install/assign4_650610841/bin'
[1.499s] Level 1:colcon.colcon_core.environment:checking '/home/robot_ws/install/assign4_650610841/lib/pkgconfig/assign4_650610841.pc'
[1.499s] Level 1:colcon.colcon_core.environment:checking '/home/robot_ws/install/assign4_650610841/lib/python3.10/site-packages'
[1.499s] Level 1:colcon.colcon_core.shell:create_environment_hook('assign4_650610841', 'pythonpath')
[1.500s] INFO:colcon.colcon_core.shell:Creating environment hook '/home/robot_ws/install/assign4_650610841/share/assign4_650610841/hook/pythonpath.ps1'
[1.501s] INFO:colcon.colcon_core.shell:Creating environment descriptor '/home/robot_ws/install/assign4_650610841/share/assign4_650610841/hook/pythonpath.dsv'
[1.502s] INFO:colcon.colcon_core.shell:Creating environment hook '/home/robot_ws/install/assign4_650610841/share/assign4_650610841/hook/pythonpath.sh'
[1.502s] Level 1:colcon.colcon_core.environment:checking '/home/robot_ws/install/assign4_650610841/bin'
[1.502s] Level 1:colcon.colcon_core.environment:create_environment_scripts_only(assign4_650610841)
[1.503s] INFO:colcon.colcon_core.shell:Creating package script '/home/robot_ws/install/assign4_650610841/share/assign4_650610841/package.ps1'
[1.504s] INFO:colcon.colcon_core.shell:Creating package descriptor '/home/robot_ws/install/assign4_650610841/share/assign4_650610841/package.dsv'
[1.505s] INFO:colcon.colcon_core.shell:Creating package script '/home/robot_ws/install/assign4_650610841/share/assign4_650610841/package.sh'
[1.506s] INFO:colcon.colcon_core.shell:Creating package script '/home/robot_ws/install/assign4_650610841/share/assign4_650610841/package.bash'
[1.507s] INFO:colcon.colcon_core.shell:Creating package script '/home/robot_ws/install/assign4_650610841/share/assign4_650610841/package.zsh'
[1.507s] Level 1:colcon.colcon_core.environment:create_file_with_runtime_dependencies(/home/robot_ws/install/assign4_650610841/share/colcon-core/packages/assign4_650610841)
[1.553s] Level 1:colcon.colcon_core.environment:checking '/home/robot_ws/install/assign3_650610841' for CMake module files
[1.553s] DEBUG:colcon.colcon_core.event_handler.log_command:Invoked command in '/home/robot_ws/src/assign3_650610841' returned '0': PYTHONPATH=/home/robot_ws/build/assign3_650610841/prefix_override:/usr/lib/python3/dist-packages/colcon_core/task/python/colcon_distutils_commands:/home/robot_ws/install/assign3_650610841/lib/python3.10/site-packages:${PYTHONPATH} /usr/bin/python3 -W ignore:setup.py install is deprecated -W ignore:easy_install command is deprecated setup.py egg_info --egg-base ../../build/assign3_650610841 build --build-base /home/robot_ws/build/assign3_650610841/build install --record /home/robot_ws/build/assign3_650610841/install.log --single-version-externally-managed install_data
[1.554s] Level 1:colcon.colcon_core.environment:checking '/home/robot_ws/install/assign3_650610841' for CMake config files
[1.554s] Level 1:colcon.colcon_core.environment:checking '/home/robot_ws/install/assign3_650610841/lib'
[1.554s] Level 1:colcon.colcon_core.environment:checking '/home/robot_ws/install/assign3_650610841/bin'
[1.554s] Level 1:colcon.colcon_core.environment:checking '/home/robot_ws/install/assign3_650610841/lib/pkgconfig/assign3_650610841.pc'
[1.555s] Level 1:colcon.colcon_core.environment:checking '/home/robot_ws/install/assign3_650610841/lib/python3.10/site-packages'
[1.555s] Level 1:colcon.colcon_core.shell:create_environment_hook('assign3_650610841', 'pythonpath')
[1.555s] INFO:colcon.colcon_core.shell:Creating environment hook '/home/robot_ws/install/assign3_650610841/share/assign3_650610841/hook/pythonpath.ps1'
[1.556s] INFO:colcon.colcon_core.shell:Creating environment descriptor '/home/robot_ws/install/assign3_650610841/share/assign3_650610841/hook/pythonpath.dsv'
[1.556s] INFO:colcon.colcon_core.shell:Creating environment hook '/home/robot_ws/install/assign3_650610841/share/assign3_650610841/hook/pythonpath.sh'
[1.557s] Level 1:colcon.colcon_core.environment:checking '/home/robot_ws/install/assign3_650610841/bin'
[1.557s] Level 1:colcon.colcon_core.environment:create_environment_scripts_only(assign3_650610841)
[1.558s] INFO:colcon.colcon_core.shell:Creating package script '/home/robot_ws/install/assign3_650610841/share/assign3_650610841/package.ps1'
[1.558s] INFO:colcon.colcon_core.shell:Creating package descriptor '/home/robot_ws/install/assign3_650610841/share/assign3_650610841/package.dsv'
[1.559s] INFO:colcon.colcon_core.shell:Creating package script '/home/robot_ws/install/assign3_650610841/share/assign3_650610841/package.sh'
[1.559s] INFO:colcon.colcon_core.shell:Creating package script '/home/robot_ws/install/assign3_650610841/share/assign3_650610841/package.bash'
[1.560s] INFO:colcon.colcon_core.shell:Creating package script '/home/robot_ws/install/assign3_650610841/share/assign3_650610841/package.zsh'
[1.560s] Level 1:colcon.colcon_core.environment:create_file_with_runtime_dependencies(/home/robot_ws/install/assign3_650610841/share/colcon-core/packages/assign3_650610841)
[1.575s] DEBUG:colcon.colcon_core.event_handler.log_command:Invoking command in '/home/robot_ws/src/assign2_650610841': CMAKE_PREFIX_PATH=/home/robot_ws/install/myword_650610841:/home/robot_ws/install/sllidar_ros2 LD_LIBRARY_PATH=/home/robot_ws/install/myword_650610841/lib:/usr/lib/x86_64-linux-gnu/gazebo-11/plugins:/opt/ros/humble/opt/rviz_ogre_vendor/lib:/opt/ros/humble/lib/x86_64-linux-gnu:/opt/ros/humble/lib:/usr/lib/x86_64-linux-gnu/gazebo-11/plugins PYTHONPATH=/home/robot_ws/build/assign2_650610841/prefix_override:/usr/lib/python3/dist-packages/colcon_core/task/python/colcon_distutils_commands:/home/robot_ws/install/assign2_650610841/lib/python3.10/site-packages:${PYTHONPATH} /usr/bin/python3 -W ignore:setup.py install is deprecated -W ignore:easy_install command is deprecated setup.py egg_info --egg-base ../../build/assign2_650610841 build --build-base /home/robot_ws/build/assign2_650610841/build install --record /home/robot_ws/build/assign2_650610841/install.log --single-version-externally-managed install_data
[1.682s] Level 1:colcon.colcon_core.environment:checking '/home/robot_ws/install/assign1_650610841' for CMake module files
[1.683s] DEBUG:colcon.colcon_core.event_handler.log_command:Invoked command in '/home/robot_ws/src/assign1_650610841' returned '0': PYTHONPATH=/home/robot_ws/build/assign1_650610841/prefix_override:/usr/lib/python3/dist-packages/colcon_core/task/python/colcon_distutils_commands:/home/robot_ws/install/assign1_650610841/lib/python3.10/site-packages:${PYTHONPATH} /usr/bin/python3 -W ignore:setup.py install is deprecated -W ignore:easy_install command is deprecated setup.py egg_info --egg-base ../../build/assign1_650610841 build --build-base /home/robot_ws/build/assign1_650610841/build install --record /home/robot_ws/build/assign1_650610841/install.log --single-version-externally-managed install_data
[1.683s] Level 1:colcon.colcon_core.environment:checking '/home/robot_ws/install/assign1_650610841' for CMake config files
[1.684s] Level 1:colcon.colcon_core.environment:checking '/home/robot_ws/install/assign1_650610841/lib'
[1.684s] Level 1:colcon.colcon_core.environment:checking '/home/robot_ws/install/assign1_650610841/bin'
[1.684s] Level 1:colcon.colcon_core.environment:checking '/home/robot_ws/install/assign1_650610841/lib/pkgconfig/assign1_650610841.pc'
[1.684s] Level 1:colcon.colcon_core.environment:checking '/home/robot_ws/install/assign1_650610841/lib/python3.10/site-packages'
[1.684s] Level 1:colcon.colcon_core.shell:create_environment_hook('assign1_650610841', 'pythonpath')
[1.685s] INFO:colcon.colcon_core.shell:Creating environment hook '/home/robot_ws/install/assign1_650610841/share/assign1_650610841/hook/pythonpath.ps1'
[1.685s] INFO:colcon.colcon_core.shell:Creating environment descriptor '/home/robot_ws/install/assign1_650610841/share/assign1_650610841/hook/pythonpath.dsv'
[1.686s] INFO:colcon.colcon_core.shell:Creating environment hook '/home/robot_ws/install/assign1_650610841/share/assign1_650610841/hook/pythonpath.sh'
[1.687s] Level 1:colcon.colcon_core.environment:checking '/home/robot_ws/install/assign1_650610841/bin'
[1.687s] Level 1:colcon.colcon_core.environment:create_environment_scripts_only(assign1_650610841)
[1.687s] INFO:colcon.colcon_core.shell:Creating package script '/home/robot_ws/install/assign1_650610841/share/assign1_650610841/package.ps1'
[1.688s] INFO:colcon.colcon_core.shell:Creating package descriptor '/home/robot_ws/install/assign1_650610841/share/assign1_650610841/package.dsv'
[1.689s] INFO:colcon.colcon_core.shell:Creating package script '/home/robot_ws/install/assign1_650610841/share/assign1_650610841/package.sh'
[1.690s] INFO:colcon.colcon_core.shell:Creating package script '/home/robot_ws/install/assign1_650610841/share/assign1_650610841/package.bash'
[1.690s] INFO:colcon.colcon_core.shell:Creating package script '/home/robot_ws/install/assign1_650610841/share/assign1_650610841/package.zsh'
[1.691s] Level 1:colcon.colcon_core.environment:create_file_with_runtime_dependencies(/home/robot_ws/install/assign1_650610841/share/colcon-core/packages/assign1_650610841)
[1.716s] Level 1:colcon.colcon_core.environment:checking '/home/robot_ws/install/650610841_final' for CMake module files
[1.716s] DEBUG:colcon.colcon_core.event_handler.log_command:Invoked command in '/home/robot_ws/src/650610841_final' returned '0': PYTHONPATH=/home/robot_ws/build/650610841_final/prefix_override:/usr/lib/python3/dist-packages/colcon_core/task/python/colcon_distutils_commands:/home/robot_ws/install/650610841_final/lib/python3.10/site-packages:${PYTHONPATH} /usr/bin/python3 -W ignore:setup.py install is deprecated -W ignore:easy_install command is deprecated setup.py egg_info --egg-base ../../build/650610841_final build --build-base /home/robot_ws/build/650610841_final/build install --record /home/robot_ws/build/650610841_final/install.log --single-version-externally-managed install_data
[1.717s] Level 1:colcon.colcon_core.environment:checking '/home/robot_ws/install/650610841_final' for CMake config files
[1.718s] Level 1:colcon.colcon_core.environment:checking '/home/robot_ws/install/650610841_final/lib'
[1.718s] Level 1:colcon.colcon_core.environment:checking '/home/robot_ws/install/650610841_final/bin'
[1.718s] Level 1:colcon.colcon_core.environment:checking '/home/robot_ws/install/650610841_final/lib/pkgconfig/650610841_final.pc'
[1.718s] Level 1:colcon.colcon_core.environment:checking '/home/robot_ws/install/650610841_final/lib/python3.10/site-packages'
[1.718s] Level 1:colcon.colcon_core.shell:create_environment_hook('650610841_final', 'pythonpath')
[1.719s] INFO:colcon.colcon_core.shell:Creating environment hook '/home/robot_ws/install/650610841_final/share/650610841_final/hook/pythonpath.ps1'
[1.719s] INFO:colcon.colcon_core.shell:Creating environment descriptor '/home/robot_ws/install/650610841_final/share/650610841_final/hook/pythonpath.dsv'
[1.720s] INFO:colcon.colcon_core.shell:Creating environment hook '/home/robot_ws/install/650610841_final/share/650610841_final/hook/pythonpath.sh'
[1.721s] Level 1:colcon.colcon_core.environment:checking '/home/robot_ws/install/650610841_final/bin'
[1.721s] Level 1:colcon.colcon_core.environment:create_environment_scripts_only(650610841_final)
[1.722s] INFO:colcon.colcon_core.shell:Creating package script '/home/robot_ws/install/650610841_final/share/650610841_final/package.ps1'
[1.722s] INFO:colcon.colcon_core.shell:Creating package descriptor '/home/robot_ws/install/650610841_final/share/650610841_final/package.dsv'
[1.723s] INFO:colcon.colcon_core.shell:Creating package script '/home/robot_ws/install/650610841_final/share/650610841_final/package.sh'
[1.724s] INFO:colcon.colcon_core.shell:Creating package script '/home/robot_ws/install/650610841_final/share/650610841_final/package.bash'
[1.724s] INFO:colcon.colcon_core.shell:Creating package script '/home/robot_ws/install/650610841_final/share/650610841_final/package.zsh'
[1.725s] Level 1:colcon.colcon_core.environment:create_file_with_runtime_dependencies(/home/robot_ws/install/650610841_final/share/colcon-core/packages/650610841_final)
[1.815s] Level 1:colcon.colcon_core.environment:checking '/home/robot_ws/install/assign2_650610841' for CMake module files
[1.816s] DEBUG:colcon.colcon_core.event_handler.log_command:Invoked command in '/home/robot_ws/src/assign2_650610841' returned '0': CMAKE_PREFIX_PATH=/home/robot_ws/install/myword_650610841:/home/robot_ws/install/sllidar_ros2 LD_LIBRARY_PATH=/home/robot_ws/install/myword_650610841/lib:/usr/lib/x86_64-linux-gnu/gazebo-11/plugins:/opt/ros/humble/opt/rviz_ogre_vendor/lib:/opt/ros/humble/lib/x86_64-linux-gnu:/opt/ros/humble/lib:/usr/lib/x86_64-linux-gnu/gazebo-11/plugins PYTHONPATH=/home/robot_ws/build/assign2_650610841/prefix_override:/usr/lib/python3/dist-packages/colcon_core/task/python/colcon_distutils_commands:/home/robot_ws/install/assign2_650610841/lib/python3.10/site-packages:${PYTHONPATH} /usr/bin/python3 -W ignore:setup.py install is deprecated -W ignore:easy_install command is deprecated setup.py egg_info --egg-base ../../build/assign2_650610841 build --build-base /home/robot_ws/build/assign2_650610841/build install --record /home/robot_ws/build/assign2_650610841/install.log --single-version-externally-managed install_data
[1.816s] Level 1:colcon.colcon_core.environment:checking '/home/robot_ws/install/assign2_650610841' for CMake config files
[1.816s] Level 1:colcon.colcon_core.environment:checking '/home/robot_ws/install/assign2_650610841/lib'
[1.816s] Level 1:colcon.colcon_core.environment:checking '/home/robot_ws/install/assign2_650610841/bin'
[1.816s] Level 1:colcon.colcon_core.environment:checking '/home/robot_ws/install/assign2_650610841/lib/pkgconfig/assign2_650610841.pc'
[1.817s] Level 1:colcon.colcon_core.environment:checking '/home/robot_ws/install/assign2_650610841/lib/python3.10/site-packages'
[1.817s] Level 1:colcon.colcon_core.shell:create_environment_hook('assign2_650610841', 'pythonpath')
[1.817s] INFO:colcon.colcon_core.shell:Creating environment hook '/home/robot_ws/install/assign2_650610841/share/assign2_650610841/hook/pythonpath.ps1'
[1.817s] INFO:colcon.colcon_core.shell:Creating environment descriptor '/home/robot_ws/install/assign2_650610841/share/assign2_650610841/hook/pythonpath.dsv'
[1.817s] INFO:colcon.colcon_core.shell:Creating environment hook '/home/robot_ws/install/assign2_650610841/share/assign2_650610841/hook/pythonpath.sh'
[1.818s] Level 1:colcon.colcon_core.environment:checking '/home/robot_ws/install/assign2_650610841/bin'
[1.818s] Level 1:colcon.colcon_core.environment:create_environment_scripts_only(assign2_650610841)
[1.818s] INFO:colcon.colcon_core.shell:Creating package script '/home/robot_ws/install/assign2_650610841/share/assign2_650610841/package.ps1'
[1.819s] INFO:colcon.colcon_core.shell:Creating package descriptor '/home/robot_ws/install/assign2_650610841/share/assign2_650610841/package.dsv'
[1.819s] INFO:colcon.colcon_core.shell:Creating package script '/home/robot_ws/install/assign2_650610841/share/assign2_650610841/package.sh'
[1.819s] INFO:colcon.colcon_core.shell:Creating package script '/home/robot_ws/install/assign2_650610841/share/assign2_650610841/package.bash'
[1.819s] INFO:colcon.colcon_core.shell:Creating package script '/home/robot_ws/install/assign2_650610841/share/assign2_650610841/package.zsh'
[1.820s] Level 1:colcon.colcon_core.environment:create_file_with_runtime_dependencies(/home/robot_ws/install/assign2_650610841/share/colcon-core/packages/assign2_650610841)
[1.820s] DEBUG:colcon.colcon_parallel_executor.executor.parallel:closing loop
[1.820s] DEBUG:colcon.colcon_parallel_executor.executor.parallel:loop closed
[1.820s] DEBUG:colcon.colcon_parallel_executor.executor.parallel:run_until_complete finished with '0'
[1.820s] DEBUG:colcon.colcon_core.event_reactor:joining thread
[1.826s] INFO:colcon.colcon_core.plugin_system:Skipping extension 'colcon_notification.desktop_notification.notify_send': Could not find 'notify-send'
[1.826s] INFO:colcon.colcon_core.plugin_system:Skipping extension 'colcon_notification.desktop_notification.terminal_notifier': Not used on non-Darwin systems
[1.826s] INFO:colcon.colcon_core.plugin_system:Skipping extension 'colcon_notification.desktop_notification.win32': Not used on non-Windows systems
[1.826s] INFO:colcon.colcon_notification.desktop_notification:Sending desktop notification using 'notify2'
[1.829s] DEBUG:colcon.colcon_notification.desktop_notification.notify2:Failed to initialize notify2: org.freedesktop.DBus.Error.Spawn.ExecFailed: /usr/bin/dbus-launch terminated abnormally without any error message
[1.829s] DEBUG:colcon.colcon_core.event_reactor:joined thread
[1.829s] INFO:colcon.colcon_core.shell:Creating prefix script '/home/robot_ws/install/local_setup.ps1'
[1.830s] INFO:colcon.colcon_core.shell:Creating prefix util module '/home/robot_ws/install/_local_setup_util_ps1.py'
[1.831s] INFO:colcon.colcon_core.shell:Creating prefix chain script '/home/robot_ws/install/setup.ps1'
[1.832s] INFO:colcon.colcon_core.shell:Creating prefix script '/home/robot_ws/install/local_setup.sh'
[1.832s] INFO:colcon.colcon_core.shell:Creating prefix util module '/home/robot_ws/install/_local_setup_util_sh.py'
[1.833s] INFO:colcon.colcon_core.shell:Creating prefix chain script '/home/robot_ws/install/setup.sh'
[1.834s] INFO:colcon.colcon_core.shell:Creating prefix script '/home/robot_ws/install/local_setup.bash'
[1.834s] INFO:colcon.colcon_core.shell:Creating prefix chain script '/home/robot_ws/install/setup.bash'
[1.835s] INFO:colcon.colcon_core.shell:Creating prefix script '/home/robot_ws/install/local_setup.zsh'
[1.836s] INFO:colcon.colcon_core.shell:Creating prefix chain script '/home/robot_ws/install/setup.zsh'
