[0.033s] Invoking command in '/home/robot_ws/build/myword_650610841': CMAKE_PREFIX_PATH=${CMAKE_PREFIX_PATH}:/home/robot_ws/install/assign2_650610841:/home/robot_ws/install/assign4_650610841:/home/robot_ws/install/assign3_650610841:/home/robot_ws/install/assign1_650610841:/home/robot_ws/install/650610841_final:/opt/ros/humble /usr/bin/cmake --build /home/robot_ws/build/myword_650610841 -- -j16 -l16
[0.684s] [  2%] Built target myword_650610841__cpp
[0.684s] [ 12%] Built target myword_650610841__rosidl_generator_c
[0.685s] [ 12%] Built target ament_cmake_python_copy_myword_650610841
[0.685s] [ 30%] Built target myword_650610841__rosidl_typesupport_c
[0.685s] [ 43%] Built target myword_650610841__rosidl_typesupport_introspection_c
[0.686s] [ 43%] Built target myword_650610841__rosidl_typesupport_cpp
[0.686s] [ 53%] Built target myword_650610841__rosidl_typesupport_introspection_cpp
[0.686s] [ 64%] Built target myword_650610841__rosidl_typesupport_fastrtps_cpp
[0.686s] [ 74%] Built target myword_650610841__rosidl_typesupport_fastrtps_c
[0.686s] [ 74%] Built target myword_650610841
[0.686s] [ 76%] Built target myword_650610841__py
[0.686s] [ 84%] Built target myword_650610841__rosidl_generator_py
[0.686s] [100%] Built target myword_650610841__rosidl_typesupport_fastrtps_c__pyext
[0.686s] [100%] Built target myword_650610841__rosidl_typesupport_c__pyext
[0.686s] [100%] Built target myword_650610841__rosidl_typesupport_introspection_c__pyext
[0.686s] running egg_info
[0.686s] writing myword_650610841.egg-info/PKG-INFO
[0.686s] writing dependency_links to myword_650610841.egg-info/dependency_links.txt
[0.686s] writing top-level names to myword_650610841.egg-info/top_level.txt
[0.686s] reading manifest file 'myword_650610841.egg-info/SOURCES.txt'
[0.686s] writing manifest file 'myword_650610841.egg-info/SOURCES.txt'
[0.686s] [100%] Built target ament_cmake_python_build_myword_650610841_egg
[0.686s] Invoked command in '/home/robot_ws/build/myword_650610841' returned '0': CMAKE_PREFIX_PATH=${CMAKE_PREFIX_PATH}:/home/robot_ws/install/assign2_650610841:/home/robot_ws/install/assign4_650610841:/home/robot_ws/install/assign3_650610841:/home/robot_ws/install/assign1_650610841:/home/robot_ws/install/650610841_final:/opt/ros/humble /usr/bin/cmake --build /home/robot_ws/build/myword_650610841 -- -j16 -l16
[0.695s] Invoking command in '/home/robot_ws/build/myword_650610841': CMAKE_PREFIX_PATH=${CMAKE_PREFIX_PATH}:/home/robot_ws/install/assign2_650610841:/home/robot_ws/install/assign4_650610841:/home/robot_ws/install/assign3_650610841:/home/robot_ws/install/assign1_650610841:/home/robot_ws/install/650610841_final:/opt/ros/humble /usr/bin/cmake --install /home/robot_ws/build/myword_650610841
[0.705s] -- Install configuration: ""
[0.709s] -- Up-to-date: /home/robot_ws/install/myword_650610841/share/ament_index/resource_index/rosidl_interfaces/myword_650610841
[0.710s] -- Up-to-date: /home/robot_ws/install/myword_650610841/include/myword_650610841/myword_650610841
[0.713s] -- Up-to-date: /home/robot_ws/install/myword_650610841/include/myword_650610841/myword_650610841/msg
[0.714s] -- Up-to-date: /home/robot_ws/install/myword_650610841/include/myword_650610841/myword_650610841/msg/rosidl_generator_c__visibility_control.h
[0.715s] -- Up-to-date: /home/robot_ws/install/myword_650610841/include/myword_650610841/myword_650610841/msg/detail
[0.716s] -- Up-to-date: /home/robot_ws/install/myword_650610841/include/myword_650610841/myword_650610841/msg/detail/num__type_support.h
[0.716s] -- Up-to-date: /home/robot_ws/install/myword_650610841/include/myword_650610841/myword_650610841/msg/detail/num__functions.h
[0.718s] -- Up-to-date: /home/robot_ws/install/myword_650610841/include/myword_650610841/myword_650610841/msg/detail/num__functions.c
[0.718s] -- Up-to-date: /home/robot_ws/install/myword_650610841/include/myword_650610841/myword_650610841/msg/detail/num__struct.h
[0.718s] -- Up-to-date: /home/robot_ws/install/myword_650610841/include/myword_650610841/myword_650610841/msg/num.h
[0.718s] -- Up-to-date: /home/robot_ws/install/myword_650610841/include/myword_650610841/myword_650610841/srv
[0.718s] -- Up-to-date: /home/robot_ws/install/myword_650610841/include/myword_650610841/myword_650610841/srv/sum_four_int.h
[0.718s] -- Up-to-date: /home/robot_ws/install/myword_650610841/include/myword_650610841/myword_650610841/srv/detail
[0.718s] -- Up-to-date: /home/robot_ws/install/myword_650610841/include/myword_650610841/myword_650610841/srv/detail/sum_four_int__functions.c
[0.719s] -- Up-to-date: /home/robot_ws/install/myword_650610841/include/myword_650610841/myword_650610841/srv/detail/sum_four_int__struct.h
[0.719s] -- Up-to-date: /home/robot_ws/install/myword_650610841/include/myword_650610841/myword_650610841/srv/detail/sum_four_int__functions.h
[0.719s] -- Up-to-date: /home/robot_ws/install/myword_650610841/include/myword_650610841/myword_650610841/srv/detail/sum_four_int__type_support.h
[0.719s] -- Up-to-date: /home/robot_ws/install/myword_650610841/share/myword_650610841/environment/library_path.sh
[0.719s] -- Up-to-date: /home/robot_ws/install/myword_650610841/share/myword_650610841/environment/library_path.dsv
[0.719s] -- Up-to-date: /home/robot_ws/install/myword_650610841/lib/libmyword_650610841__rosidl_generator_c.so
[0.719s] -- Up-to-date: /home/robot_ws/install/myword_650610841/include/myword_650610841/myword_650610841
[0.719s] -- Up-to-date: /home/robot_ws/install/myword_650610841/include/myword_650610841/myword_650610841/msg
[0.719s] -- Up-to-date: /home/robot_ws/install/myword_650610841/include/myword_650610841/myword_650610841/msg/rosidl_typesupport_fastrtps_c__visibility_control.h
[0.723s] -- Up-to-date: /home/robot_ws/install/myword_650610841/include/myword_650610841/myword_650610841/msg/detail
[0.724s] -- Up-to-date: /home/robot_ws/install/myword_650610841/include/myword_650610841/myword_650610841/msg/detail/num__rosidl_typesupport_fastrtps_c.h
[0.731s] -- Up-to-date: /home/robot_ws/install/myword_650610841/include/myword_650610841/myword_650610841/srv
[0.743s] -- Up-to-date: /home/robot_ws/install/myword_650610841/include/myword_650610841/myword_650610841/srv/detail
[0.744s] -- Up-to-date: /home/robot_ws/install/myword_650610841/include/myword_650610841/myword_650610841/srv/detail/sum_four_int__rosidl_typesupport_fastrtps_c.h
[0.745s] -- Up-to-date: /home/robot_ws/install/myword_650610841/lib/libmyword_650610841__rosidl_typesupport_fastrtps_c.so
[0.747s] -- Up-to-date: /home/robot_ws/install/myword_650610841/include/myword_650610841/myword_650610841
[0.748s] -- Up-to-date: /home/robot_ws/install/myword_650610841/include/myword_650610841/myword_650610841/msg
[0.749s] -- Up-to-date: /home/robot_ws/install/myword_650610841/include/myword_650610841/myword_650610841/msg/detail
[0.751s] -- Up-to-date: /home/robot_ws/install/myword_650610841/include/myword_650610841/myword_650610841/msg/detail/num__type_support.c
[0.752s] -- Up-to-date: /home/robot_ws/install/myword_650610841/include/myword_650610841/myword_650610841/msg/detail/num__rosidl_typesupport_introspection_c.h
[0.753s] -- Up-to-date: /home/robot_ws/install/myword_650610841/include/myword_650610841/myword_650610841/msg/rosidl_typesupport_introspection_c__visibility_control.h
[0.754s] -- Up-to-date: /home/robot_ws/install/myword_650610841/include/myword_650610841/myword_650610841/srv
[0.754s] -- Up-to-date: /home/robot_ws/install/myword_650610841/include/myword_650610841/myword_650610841/srv/detail
[0.754s] -- Up-to-date: /home/robot_ws/install/myword_650610841/include/myword_650610841/myword_650610841/srv/detail/sum_four_int__rosidl_typesupport_introspection_c.h
[0.755s] -- Up-to-date: /home/robot_ws/install/myword_650610841/include/myword_650610841/myword_650610841/srv/detail/sum_four_int__type_support.c
[0.755s] -- Up-to-date: /home/robot_ws/install/myword_650610841/lib/libmyword_650610841__rosidl_typesupport_introspection_c.so
[0.756s] -- Up-to-date: /home/robot_ws/install/myword_650610841/lib/libmyword_650610841__rosidl_typesupport_c.so
[0.756s] -- Up-to-date: /home/robot_ws/install/myword_650610841/include/myword_650610841/myword_650610841
[0.756s] -- Up-to-date: /home/robot_ws/install/myword_650610841/include/myword_650610841/myword_650610841/msg
[0.757s] -- Up-to-date: /home/robot_ws/install/myword_650610841/include/myword_650610841/myword_650610841/msg/num.hpp
[0.757s] -- Up-to-date: /home/robot_ws/install/myword_650610841/include/myword_650610841/myword_650610841/msg/rosidl_generator_cpp__visibility_control.hpp
[0.757s] -- Up-to-date: /home/robot_ws/install/myword_650610841/include/myword_650610841/myword_650610841/msg/detail
[0.757s] -- Up-to-date: /home/robot_ws/install/myword_650610841/include/myword_650610841/myword_650610841/msg/detail/num__traits.hpp
[0.757s] -- Up-to-date: /home/robot_ws/install/myword_650610841/include/myword_650610841/myword_650610841/msg/detail/num__struct.hpp
[0.757s] -- Up-to-date: /home/robot_ws/install/myword_650610841/include/myword_650610841/myword_650610841/msg/detail/num__builder.hpp
[0.757s] -- Up-to-date: /home/robot_ws/install/myword_650610841/include/myword_650610841/myword_650610841/msg/detail/num__type_support.hpp
[0.757s] -- Up-to-date: /home/robot_ws/install/myword_650610841/include/myword_650610841/myword_650610841/srv
[0.757s] -- Up-to-date: /home/robot_ws/install/myword_650610841/include/myword_650610841/myword_650610841/srv/detail
[0.757s] -- Up-to-date: /home/robot_ws/install/myword_650610841/include/myword_650610841/myword_650610841/srv/detail/sum_four_int__type_support.hpp
[0.757s] -- Up-to-date: /home/robot_ws/install/myword_650610841/include/myword_650610841/myword_650610841/srv/detail/sum_four_int__struct.hpp
[0.758s] -- Up-to-date: /home/robot_ws/install/myword_650610841/include/myword_650610841/myword_650610841/srv/detail/sum_four_int__builder.hpp
[0.758s] -- Up-to-date: /home/robot_ws/install/myword_650610841/include/myword_650610841/myword_650610841/srv/detail/sum_four_int__traits.hpp
[0.758s] -- Up-to-date: /home/robot_ws/install/myword_650610841/include/myword_650610841/myword_650610841/srv/sum_four_int.hpp
[0.758s] -- Up-to-date: /home/robot_ws/install/myword_650610841/include/myword_650610841/myword_650610841
[0.758s] -- Up-to-date: /home/robot_ws/install/myword_650610841/include/myword_650610841/myword_650610841/msg
[0.759s] -- Up-to-date: /home/robot_ws/install/myword_650610841/include/myword_650610841/myword_650610841/msg/detail
[0.759s] -- Up-to-date: /home/robot_ws/install/myword_650610841/include/myword_650610841/myword_650610841/msg/detail/dds_fastrtps
[0.759s] -- Up-to-date: /home/robot_ws/install/myword_650610841/include/myword_650610841/myword_650610841/msg/detail/num__rosidl_typesupport_fastrtps_cpp.hpp
[0.760s] -- Up-to-date: /home/robot_ws/install/myword_650610841/include/myword_650610841/myword_650610841/msg/rosidl_typesupport_fastrtps_cpp__visibility_control.h
[0.760s] -- Up-to-date: /home/robot_ws/install/myword_650610841/include/myword_650610841/myword_650610841/srv
[0.760s] -- Up-to-date: /home/robot_ws/install/myword_650610841/include/myword_650610841/myword_650610841/srv/detail
[0.761s] -- Up-to-date: /home/robot_ws/install/myword_650610841/include/myword_650610841/myword_650610841/srv/detail/sum_four_int__rosidl_typesupport_fastrtps_cpp.hpp
[0.761s] -- Up-to-date: /home/robot_ws/install/myword_650610841/include/myword_650610841/myword_650610841/srv/detail/dds_fastrtps
[0.761s] -- Up-to-date: /home/robot_ws/install/myword_650610841/lib/libmyword_650610841__rosidl_typesupport_fastrtps_cpp.so
[0.761s] -- Up-to-date: /home/robot_ws/install/myword_650610841/include/myword_650610841/myword_650610841
[0.762s] -- Up-to-date: /home/robot_ws/install/myword_650610841/include/myword_650610841/myword_650610841/msg
[0.762s] -- Up-to-date: /home/robot_ws/install/myword_650610841/include/myword_650610841/myword_650610841/msg/detail
[0.763s] -- Up-to-date: /home/robot_ws/install/myword_650610841/include/myword_650610841/myword_650610841/msg/detail/num__type_support.cpp
[0.763s] -- Up-to-date: /home/robot_ws/install/myword_650610841/include/myword_650610841/myword_650610841/msg/detail/num__rosidl_typesupport_introspection_cpp.hpp
[0.764s] -- Up-to-date: /home/robot_ws/install/myword_650610841/include/myword_650610841/myword_650610841/srv
[0.764s] -- Up-to-date: /home/robot_ws/install/myword_650610841/include/myword_650610841/myword_650610841/srv/detail
[0.765s] -- Up-to-date: /home/robot_ws/install/myword_650610841/include/myword_650610841/myword_650610841/srv/detail/sum_four_int__rosidl_typesupport_introspection_cpp.hpp
[0.765s] -- Up-to-date: /home/robot_ws/install/myword_650610841/include/myword_650610841/myword_650610841/srv/detail/sum_four_int__type_support.cpp
[0.765s] -- Up-to-date: /home/robot_ws/install/myword_650610841/lib/libmyword_650610841__rosidl_typesupport_introspection_cpp.so
[0.766s] -- Up-to-date: /home/robot_ws/install/myword_650610841/lib/libmyword_650610841__rosidl_typesupport_cpp.so
[0.766s] -- Up-to-date: /home/robot_ws/install/myword_650610841/share/myword_650610841/environment/pythonpath.sh
[0.768s] -- Up-to-date: /home/robot_ws/install/myword_650610841/share/myword_650610841/environment/pythonpath.dsv
[0.769s] -- Up-to-date: /home/robot_ws/install/myword_650610841/local/lib/python3.10/dist-packages/myword_650610841-0.0.0-py3.10.egg-info
[0.769s] -- Installing: /home/robot_ws/install/myword_650610841/local/lib/python3.10/dist-packages/myword_650610841-0.0.0-py3.10.egg-info/SOURCES.txt
[0.770s] -- Installing: /home/robot_ws/install/myword_650610841/local/lib/python3.10/dist-packages/myword_650610841-0.0.0-py3.10.egg-info/PKG-INFO
[0.770s] -- Installing: /home/robot_ws/install/myword_650610841/local/lib/python3.10/dist-packages/myword_650610841-0.0.0-py3.10.egg-info/top_level.txt
[0.770s] -- Installing: /home/robot_ws/install/myword_650610841/local/lib/python3.10/dist-packages/myword_650610841-0.0.0-py3.10.egg-info/dependency_links.txt
[0.770s] -- Up-to-date: /home/robot_ws/install/myword_650610841/local/lib/python3.10/dist-packages/myword_650610841
[0.771s] -- Up-to-date: /home/robot_ws/install/myword_650610841/local/lib/python3.10/dist-packages/myword_650610841/myword_650610841_s__rosidl_typesupport_introspection_c.cpython-310-x86_64-linux-gnu.so
[0.771s] -- Up-to-date: /home/robot_ws/install/myword_650610841/local/lib/python3.10/dist-packages/myword_650610841/msg
[0.771s] -- Up-to-date: /home/robot_ws/install/myword_650610841/local/lib/python3.10/dist-packages/myword_650610841/msg/_num.py
[0.771s] -- Up-to-date: /home/robot_ws/install/myword_650610841/local/lib/python3.10/dist-packages/myword_650610841/msg/_num_s.c
[0.772s] -- Up-to-date: /home/robot_ws/install/myword_650610841/local/lib/python3.10/dist-packages/myword_650610841/msg/__init__.py
[0.772s] -- Up-to-date: /home/robot_ws/install/myword_650610841/local/lib/python3.10/dist-packages/myword_650610841/_myword_650610841_s.ep.rosidl_typesupport_fastrtps_c.c
[0.773s] -- Up-to-date: /home/robot_ws/install/myword_650610841/local/lib/python3.10/dist-packages/myword_650610841/libmyword_650610841__rosidl_generator_py.so
[0.774s] -- Up-to-date: /home/robot_ws/install/myword_650610841/local/lib/python3.10/dist-packages/myword_650610841/_myword_650610841_s.ep.rosidl_typesupport_c.c
[0.774s] -- Up-to-date: /home/robot_ws/install/myword_650610841/local/lib/python3.10/dist-packages/myword_650610841/srv
[0.775s] -- Up-to-date: /home/robot_ws/install/myword_650610841/local/lib/python3.10/dist-packages/myword_650610841/srv/_sum_four_int_s.c
[0.775s] -- Up-to-date: /home/robot_ws/install/myword_650610841/local/lib/python3.10/dist-packages/myword_650610841/srv/__init__.py
[0.776s] -- Up-to-date: /home/robot_ws/install/myword_650610841/local/lib/python3.10/dist-packages/myword_650610841/srv/_sum_four_int.py
[0.777s] -- Up-to-date: /home/robot_ws/install/myword_650610841/local/lib/python3.10/dist-packages/myword_650610841/myword_650610841_s__rosidl_typesupport_c.cpython-310-x86_64-linux-gnu.so
[0.777s] -- Up-to-date: /home/robot_ws/install/myword_650610841/local/lib/python3.10/dist-packages/myword_650610841/myword_650610841_s__rosidl_typesupport_fastrtps_c.cpython-310-x86_64-linux-gnu.so
[0.778s] -- Up-to-date: /home/robot_ws/install/myword_650610841/local/lib/python3.10/dist-packages/myword_650610841/_myword_650610841_s.ep.rosidl_typesupport_introspection_c.c
[0.778s] -- Up-to-date: /home/robot_ws/install/myword_650610841/local/lib/python3.10/dist-packages/myword_650610841/__init__.py
[0.899s] Listing '/home/robot_ws/install/myword_650610841/local/lib/python3.10/dist-packages/myword_650610841'...
[0.899s] Listing '/home/robot_ws/install/myword_650610841/local/lib/python3.10/dist-packages/myword_650610841/msg'...
[0.899s] Listing '/home/robot_ws/install/myword_650610841/local/lib/python3.10/dist-packages/myword_650610841/srv'...
[0.914s] -- Up-to-date: /home/robot_ws/install/myword_650610841/local/lib/python3.10/dist-packages/myword_650610841/myword_650610841_s__rosidl_typesupport_fastrtps_c.cpython-310-x86_64-linux-gnu.so
[0.915s] -- Up-to-date: /home/robot_ws/install/myword_650610841/local/lib/python3.10/dist-packages/myword_650610841/myword_650610841_s__rosidl_typesupport_introspection_c.cpython-310-x86_64-linux-gnu.so
[0.917s] -- Up-to-date: /home/robot_ws/install/myword_650610841/local/lib/python3.10/dist-packages/myword_650610841/myword_650610841_s__rosidl_typesupport_c.cpython-310-x86_64-linux-gnu.so
[0.919s] -- Up-to-date: /home/robot_ws/install/myword_650610841/lib/libmyword_650610841__rosidl_generator_py.so
[0.921s] -- Up-to-date: /home/robot_ws/install/myword_650610841/share/myword_650610841/msg/Num.idl
[0.923s] -- Up-to-date: /home/robot_ws/install/myword_650610841/share/myword_650610841/srv/SumFourInt.idl
[0.925s] -- Up-to-date: /home/robot_ws/install/myword_650610841/share/myword_650610841/msg/Num.msg
[0.926s] -- Up-to-date: /home/robot_ws/install/myword_650610841/share/myword_650610841/srv/SumFourInt.srv
[0.926s] -- Up-to-date: /home/robot_ws/install/myword_650610841/share/myword_650610841/srv/SumFourInt_Request.msg
[0.926s] -- Up-to-date: /home/robot_ws/install/myword_650610841/share/myword_650610841/srv/SumFourInt_Response.msg
[0.927s] -- Up-to-date: /home/robot_ws/install/myword_650610841/share/ament_index/resource_index/package_run_dependencies/myword_650610841
[0.927s] -- Up-to-date: /home/robot_ws/install/myword_650610841/share/ament_index/resource_index/parent_prefix_path/myword_650610841
[0.927s] -- Up-to-date: /home/robot_ws/install/myword_650610841/share/myword_650610841/environment/ament_prefix_path.sh
[0.927s] -- Up-to-date: /home/robot_ws/install/myword_650610841/share/myword_650610841/environment/ament_prefix_path.dsv
[0.927s] -- Up-to-date: /home/robot_ws/install/myword_650610841/share/myword_650610841/environment/path.sh
[0.927s] -- Up-to-date: /home/robot_ws/install/myword_650610841/share/myword_650610841/environment/path.dsv
[0.927s] -- Up-to-date: /home/robot_ws/install/myword_650610841/share/myword_650610841/local_setup.bash
[0.927s] -- Up-to-date: /home/robot_ws/install/myword_650610841/share/myword_650610841/local_setup.sh
[0.929s] -- Up-to-date: /home/robot_ws/install/myword_650610841/share/myword_650610841/local_setup.zsh
[0.930s] -- Up-to-date: /home/robot_ws/install/myword_650610841/share/myword_650610841/local_setup.dsv
[0.930s] -- Installing: /home/robot_ws/install/myword_650610841/share/myword_650610841/package.dsv
[0.931s] -- Up-to-date: /home/robot_ws/install/myword_650610841/share/ament_index/resource_index/packages/myword_650610841
[0.931s] -- Up-to-date: /home/robot_ws/install/myword_650610841/share/myword_650610841/cmake/export_myword_650610841__rosidl_generator_cExport.cmake
[0.931s] -- Up-to-date: /home/robot_ws/install/myword_650610841/share/myword_650610841/cmake/export_myword_650610841__rosidl_generator_cExport-noconfig.cmake
[0.932s] -- Up-to-date: /home/robot_ws/install/myword_650610841/share/myword_650610841/cmake/export_myword_650610841__rosidl_typesupport_fastrtps_cExport.cmake
[0.932s] -- Up-to-date: /home/robot_ws/install/myword_650610841/share/myword_650610841/cmake/export_myword_650610841__rosidl_typesupport_fastrtps_cExport-noconfig.cmake
[0.933s] -- Up-to-date: /home/robot_ws/install/myword_650610841/share/myword_650610841/cmake/myword_650610841__rosidl_typesupport_introspection_cExport.cmake
[0.933s] -- Up-to-date: /home/robot_ws/install/myword_650610841/share/myword_650610841/cmake/myword_650610841__rosidl_typesupport_introspection_cExport-noconfig.cmake
[0.934s] -- Up-to-date: /home/robot_ws/install/myword_650610841/share/myword_650610841/cmake/myword_650610841__rosidl_typesupport_cExport.cmake
[0.935s] -- Up-to-date: /home/robot_ws/install/myword_650610841/share/myword_650610841/cmake/myword_650610841__rosidl_typesupport_cExport-noconfig.cmake
[0.935s] -- Up-to-date: /home/robot_ws/install/myword_650610841/share/myword_650610841/cmake/export_myword_650610841__rosidl_generator_cppExport.cmake
[0.936s] -- Up-to-date: /home/robot_ws/install/myword_650610841/share/myword_650610841/cmake/export_myword_650610841__rosidl_typesupport_fastrtps_cppExport.cmake
[0.936s] -- Up-to-date: /home/robot_ws/install/myword_650610841/share/myword_650610841/cmake/export_myword_650610841__rosidl_typesupport_fastrtps_cppExport-noconfig.cmake
[0.936s] -- Up-to-date: /home/robot_ws/install/myword_650610841/share/myword_650610841/cmake/myword_650610841__rosidl_typesupport_introspection_cppExport.cmake
[0.937s] -- Up-to-date: /home/robot_ws/install/myword_650610841/share/myword_650610841/cmake/myword_650610841__rosidl_typesupport_introspection_cppExport-noconfig.cmake
[0.937s] -- Up-to-date: /home/robot_ws/install/myword_650610841/share/myword_650610841/cmake/myword_650610841__rosidl_typesupport_cppExport.cmake
[0.938s] -- Up-to-date: /home/robot_ws/install/myword_650610841/share/myword_650610841/cmake/myword_650610841__rosidl_typesupport_cppExport-noconfig.cmake
[0.939s] -- Up-to-date: /home/robot_ws/install/myword_650610841/share/myword_650610841/cmake/export_myword_650610841__rosidl_generator_pyExport.cmake
[0.939s] -- Up-to-date: /home/robot_ws/install/myword_650610841/share/myword_650610841/cmake/export_myword_650610841__rosidl_generator_pyExport-noconfig.cmake
[0.939s] -- Up-to-date: /home/robot_ws/install/myword_650610841/share/myword_650610841/cmake/rosidl_cmake-extras.cmake
[0.940s] -- Up-to-date: /home/robot_ws/install/myword_650610841/share/myword_650610841/cmake/ament_cmake_export_include_directories-extras.cmake
[0.940s] -- Up-to-date: /home/robot_ws/install/myword_650610841/share/myword_650610841/cmake/ament_cmake_export_libraries-extras.cmake
[0.941s] -- Up-to-date: /home/robot_ws/install/myword_650610841/share/myword_650610841/cmake/ament_cmake_export_targets-extras.cmake
[0.942s] -- Up-to-date: /home/robot_ws/install/myword_650610841/share/myword_650610841/cmake/rosidl_cmake_export_typesupport_targets-extras.cmake
[0.943s] -- Up-to-date: /home/robot_ws/install/myword_650610841/share/myword_650610841/cmake/ament_cmake_export_dependencies-extras.cmake
[0.944s] -- Up-to-date: /home/robot_ws/install/myword_650610841/share/myword_650610841/cmake/rosidl_cmake_export_typesupport_libraries-extras.cmake
[0.944s] -- Up-to-date: /home/robot_ws/install/myword_650610841/share/myword_650610841/cmake/myword_650610841Config.cmake
[0.945s] -- Up-to-date: /home/robot_ws/install/myword_650610841/share/myword_650610841/cmake/myword_650610841Config-version.cmake
[0.947s] -- Up-to-date: /home/robot_ws/install/myword_650610841/share/myword_650610841/package.xml
[0.953s] Invoked command in '/home/robot_ws/build/myword_650610841' returned '0': CMAKE_PREFIX_PATH=${CMAKE_PREFIX_PATH}:/home/robot_ws/install/assign2_650610841:/home/robot_ws/install/assign4_650610841:/home/robot_ws/install/assign3_650610841:/home/robot_ws/install/assign1_650610841:/home/robot_ws/install/650610841_final:/opt/ros/humble /usr/bin/cmake --install /home/robot_ws/build/myword_650610841
