running egg_info
writing ../../build/650610841_final/650610841_final.egg-info/PKG-INFO
writing dependency_links to ../../build/650610841_final/650610841_final.egg-info/dependency_links.txt
writing entry points to ../../build/650610841_final/650610841_final.egg-info/entry_points.txt
writing requirements to ../../build/650610841_final/650610841_final.egg-info/requires.txt
writing top-level names to ../../build/650610841_final/650610841_final.egg-info/top_level.txt
reading manifest file '../../build/650610841_final/650610841_final.egg-info/SOURCES.txt'
adding license file 'LICENSE'
writing manifest file '../../build/650610841_final/650610841_final.egg-info/SOURCES.txt'
running build
running build_py
copying 650610841_final/lidar_collision.py -> /home/robot_ws/build/650610841_final/build/lib/650610841_final
running install
running install_lib
copying /home/robot_ws/build/650610841_final/build/lib/650610841_final/lidar_collision.py -> /home/robot_ws/install/650610841_final/lib/python3.10/site-packages/650610841_final
byte-compiling /home/robot_ws/install/650610841_final/lib/python3.10/site-packages/650610841_final/lidar_collision.py to lidar_collision.cpython-310.pyc
running install_data
running install_egg_info
removing '/home/robot_ws/install/650610841_final/lib/python3.10/site-packages/650610841_final-0.0.0-py3.10.egg-info' (and everything under it)
Copying ../../build/650610841_final/650610841_final.egg-info to /home/robot_ws/install/650610841_final/lib/python3.10/site-packages/650610841_final-0.0.0-py3.10.egg-info
running install_scripts
Installing lidar_collision script to /home/robot_ws/install/650610841_final/lib/650610841_final
Installing lidar_controller script to /home/robot_ws/install/650610841_final/lib/650610841_final
writing list of installed files to '/home/robot_ws/build/650610841_final/install.log'
