[0.038s] Invoking command in '/home/robot_ws/build/myword_650610841': CMAKE_PREFIX_PATH=${CMAKE_PREFIX_PATH}:/home/robot_ws/install/assign2_650610841:/home/robot_ws/install/assign4_650610841:/home/robot_ws/install/assign3_650610841:/home/robot_ws/install/assign1_650610841:/home/robot_ws/install/650610841_final:/opt/ros/humble /usr/bin/cmake --build /home/robot_ws/build/myword_650610841 -- -j16 -l16
[1.041s] [ 10%] Built target myword_650610841__rosidl_generator_c
[1.042s] [ 12%] Built target myword_650610841__cpp
[1.042s] [ 12%] Built target ament_cmake_python_copy_myword_650610841
[1.042s] [ 33%] Built target myword_650610841__rosidl_typesupport_fastrtps_cpp
[1.046s] [ 33%] Built target myword_650610841__rosidl_typesupport_c
[1.050s] [ 43%] Built target myword_650610841__rosidl_typesupport_fastrtps_c
[1.054s] [ 61%] Built target myword_650610841__rosidl_typesupport_cpp
[1.054s] [ 69%] Built target myword_650610841__rosidl_typesupport_introspection_cpp
[1.054s] [ 74%] Built target myword_650610841__rosidl_typesupport_introspection_c
[1.054s] [ 74%] Built target myword_650610841
[1.054s] [ 76%] Built target myword_650610841__py
[1.054s] [ 84%] Built target myword_650610841__rosidl_generator_py
[1.054s] [ 94%] Built target myword_650610841__rosidl_typesupport_c__pyext
[1.054s] [ 94%] Built target myword_650610841__rosidl_typesupport_introspection_c__pyext
[1.054s] [100%] Built target myword_650610841__rosidl_typesupport_fastrtps_c__pyext
[1.054s] running egg_info
[1.054s] writing myword_650610841.egg-info/PKG-INFO
[1.054s] writing dependency_links to myword_650610841.egg-info/dependency_links.txt
[1.054s] writing top-level names to myword_650610841.egg-info/top_level.txt
[1.054s] reading manifest file 'myword_650610841.egg-info/SOURCES.txt'
[1.055s] writing manifest file 'myword_650610841.egg-info/SOURCES.txt'
[1.055s] [100%] Built target ament_cmake_python_build_myword_650610841_egg
[1.055s] Invoked command in '/home/robot_ws/build/myword_650610841' returned '0': CMAKE_PREFIX_PATH=${CMAKE_PREFIX_PATH}:/home/robot_ws/install/assign2_650610841:/home/robot_ws/install/assign4_650610841:/home/robot_ws/install/assign3_650610841:/home/robot_ws/install/assign1_650610841:/home/robot_ws/install/650610841_final:/opt/ros/humble /usr/bin/cmake --build /home/robot_ws/build/myword_650610841 -- -j16 -l16
[1.064s] Invoking command in '/home/robot_ws/build/myword_650610841': CMAKE_PREFIX_PATH=${CMAKE_PREFIX_PATH}:/home/robot_ws/install/assign2_650610841:/home/robot_ws/install/assign4_650610841:/home/robot_ws/install/assign3_650610841:/home/robot_ws/install/assign1_650610841:/home/robot_ws/install/650610841_final:/opt/ros/humble /usr/bin/cmake --install /home/robot_ws/build/myword_650610841
[1.084s] -- Install configuration: ""
[1.091s] -- Up-to-date: /home/robot_ws/install/myword_650610841/share/ament_index/resource_index/rosidl_interfaces/myword_650610841
[1.095s] -- Up-to-date: /home/robot_ws/install/myword_650610841/include/myword_650610841/myword_650610841
[1.097s] -- Up-to-date: /home/robot_ws/install/myword_650610841/include/myword_650610841/myword_650610841/msg
[1.101s] -- Up-to-date: /home/robot_ws/install/myword_650610841/include/myword_650610841/myword_650610841/msg/rosidl_generator_c__visibility_control.h
[1.106s] -- Up-to-date: /home/robot_ws/install/myword_650610841/include/myword_650610841/myword_650610841/msg/detail
[1.108s] -- Up-to-date: /home/robot_ws/install/myword_650610841/include/myword_650610841/myword_650610841/msg/detail/num__type_support.h
[1.114s] -- Up-to-date: /home/robot_ws/install/myword_650610841/include/myword_650610841/myword_650610841/msg/detail/num__functions.h
[1.115s] -- Up-to-date: /home/robot_ws/install/myword_650610841/include/myword_650610841/myword_650610841/msg/detail/num__functions.c
[1.115s] -- Up-to-date: /home/robot_ws/install/myword_650610841/include/myword_650610841/myword_650610841/msg/detail/num__struct.h
[1.116s] -- Up-to-date: /home/robot_ws/install/myword_650610841/include/myword_650610841/myword_650610841/msg/num.h
[1.119s] -- Up-to-date: /home/robot_ws/install/myword_650610841/include/myword_650610841/myword_650610841/srv
[1.127s] -- Up-to-date: /home/robot_ws/install/myword_650610841/include/myword_650610841/myword_650610841/srv/sum_four_int.h
[1.128s] -- Up-to-date: /home/robot_ws/install/myword_650610841/include/myword_650610841/myword_650610841/srv/detail
[1.131s] -- Up-to-date: /home/robot_ws/install/myword_650610841/include/myword_650610841/myword_650610841/srv/detail/sum_four_int__functions.c
[1.132s] -- Up-to-date: /home/robot_ws/install/myword_650610841/include/myword_650610841/myword_650610841/srv/detail/sum_four_int__struct.h
[1.132s] -- Up-to-date: /home/robot_ws/install/myword_650610841/include/myword_650610841/myword_650610841/srv/detail/sum_four_int__functions.h
[1.133s] -- Up-to-date: /home/robot_ws/install/myword_650610841/include/myword_650610841/myword_650610841/srv/detail/sum_four_int__type_support.h
[1.138s] -- Up-to-date: /home/robot_ws/install/myword_650610841/share/myword_650610841/environment/library_path.sh
[1.140s] -- Up-to-date: /home/robot_ws/install/myword_650610841/share/myword_650610841/environment/library_path.dsv
[1.145s] -- Up-to-date: /home/robot_ws/install/myword_650610841/lib/libmyword_650610841__rosidl_generator_c.so
[1.149s] -- Up-to-date: /home/robot_ws/install/myword_650610841/include/myword_650610841/myword_650610841
[1.150s] -- Up-to-date: /home/robot_ws/install/myword_650610841/include/myword_650610841/myword_650610841/msg
[1.159s] -- Up-to-date: /home/robot_ws/install/myword_650610841/include/myword_650610841/myword_650610841/msg/rosidl_typesupport_fastrtps_c__visibility_control.h
[1.160s] -- Up-to-date: /home/robot_ws/install/myword_650610841/include/myword_650610841/myword_650610841/msg/detail
[1.160s] -- Up-to-date: /home/robot_ws/install/myword_650610841/include/myword_650610841/myword_650610841/msg/detail/num__rosidl_typesupport_fastrtps_c.h
[1.161s] -- Up-to-date: /home/robot_ws/install/myword_650610841/include/myword_650610841/myword_650610841/srv
[1.162s] -- Up-to-date: /home/robot_ws/install/myword_650610841/include/myword_650610841/myword_650610841/srv/detail
[1.162s] -- Up-to-date: /home/robot_ws/install/myword_650610841/include/myword_650610841/myword_650610841/srv/detail/sum_four_int__rosidl_typesupport_fastrtps_c.h
[1.163s] -- Up-to-date: /home/robot_ws/install/myword_650610841/lib/libmyword_650610841__rosidl_typesupport_fastrtps_c.so
[1.164s] -- Up-to-date: /home/robot_ws/install/myword_650610841/include/myword_650610841/myword_650610841
[1.164s] -- Up-to-date: /home/robot_ws/install/myword_650610841/include/myword_650610841/myword_650610841/msg
[1.165s] -- Up-to-date: /home/robot_ws/install/myword_650610841/include/myword_650610841/myword_650610841/msg/detail
[1.165s] -- Up-to-date: /home/robot_ws/install/myword_650610841/include/myword_650610841/myword_650610841/msg/detail/num__type_support.c
[1.166s] -- Up-to-date: /home/robot_ws/install/myword_650610841/include/myword_650610841/myword_650610841/msg/detail/num__rosidl_typesupport_introspection_c.h
[1.167s] -- Up-to-date: /home/robot_ws/install/myword_650610841/include/myword_650610841/myword_650610841/msg/rosidl_typesupport_introspection_c__visibility_control.h
[1.167s] -- Up-to-date: /home/robot_ws/install/myword_650610841/include/myword_650610841/myword_650610841/srv
[1.168s] -- Up-to-date: /home/robot_ws/install/myword_650610841/include/myword_650610841/myword_650610841/srv/detail
[1.169s] -- Up-to-date: /home/robot_ws/install/myword_650610841/include/myword_650610841/myword_650610841/srv/detail/sum_four_int__rosidl_typesupport_introspection_c.h
[1.169s] -- Up-to-date: /home/robot_ws/install/myword_650610841/include/myword_650610841/myword_650610841/srv/detail/sum_four_int__type_support.c
[1.170s] -- Up-to-date: /home/robot_ws/install/myword_650610841/lib/libmyword_650610841__rosidl_typesupport_introspection_c.so
[1.170s] -- Up-to-date: /home/robot_ws/install/myword_650610841/lib/libmyword_650610841__rosidl_typesupport_c.so
[1.171s] -- Up-to-date: /home/robot_ws/install/myword_650610841/include/myword_650610841/myword_650610841
[1.172s] -- Up-to-date: /home/robot_ws/install/myword_650610841/include/myword_650610841/myword_650610841/msg
[1.172s] -- Up-to-date: /home/robot_ws/install/myword_650610841/include/myword_650610841/myword_650610841/msg/num.hpp
[1.173s] -- Up-to-date: /home/robot_ws/install/myword_650610841/include/myword_650610841/myword_650610841/msg/rosidl_generator_cpp__visibility_control.hpp
[1.173s] -- Up-to-date: /home/robot_ws/install/myword_650610841/include/myword_650610841/myword_650610841/msg/detail
[1.174s] -- Up-to-date: /home/robot_ws/install/myword_650610841/include/myword_650610841/myword_650610841/msg/detail/num__traits.hpp
[1.174s] -- Up-to-date: /home/robot_ws/install/myword_650610841/include/myword_650610841/myword_650610841/msg/detail/num__struct.hpp
[1.175s] -- Up-to-date: /home/robot_ws/install/myword_650610841/include/myword_650610841/myword_650610841/msg/detail/num__builder.hpp
[1.176s] -- Up-to-date: /home/robot_ws/install/myword_650610841/include/myword_650610841/myword_650610841/msg/detail/num__type_support.hpp
[1.177s] -- Up-to-date: /home/robot_ws/install/myword_650610841/include/myword_650610841/myword_650610841/srv
[1.177s] -- Up-to-date: /home/robot_ws/install/myword_650610841/include/myword_650610841/myword_650610841/srv/detail
[1.178s] -- Up-to-date: /home/robot_ws/install/myword_650610841/include/myword_650610841/myword_650610841/srv/detail/sum_four_int__type_support.hpp
[1.178s] -- Up-to-date: /home/robot_ws/install/myword_650610841/include/myword_650610841/myword_650610841/srv/detail/sum_four_int__struct.hpp
[1.179s] -- Up-to-date: /home/robot_ws/install/myword_650610841/include/myword_650610841/myword_650610841/srv/detail/sum_four_int__builder.hpp
[1.179s] -- Up-to-date: /home/robot_ws/install/myword_650610841/include/myword_650610841/myword_650610841/srv/detail/sum_four_int__traits.hpp
[1.179s] -- Up-to-date: /home/robot_ws/install/myword_650610841/include/myword_650610841/myword_650610841/srv/sum_four_int.hpp
[1.180s] -- Up-to-date: /home/robot_ws/install/myword_650610841/include/myword_650610841/myword_650610841
[1.181s] -- Up-to-date: /home/robot_ws/install/myword_650610841/include/myword_650610841/myword_650610841/msg
[1.181s] -- Up-to-date: /home/robot_ws/install/myword_650610841/include/myword_650610841/myword_650610841/msg/detail
[1.181s] -- Up-to-date: /home/robot_ws/install/myword_650610841/include/myword_650610841/myword_650610841/msg/detail/dds_fastrtps
[1.182s] -- Up-to-date: /home/robot_ws/install/myword_650610841/include/myword_650610841/myword_650610841/msg/detail/num__rosidl_typesupport_fastrtps_cpp.hpp
[1.182s] -- Up-to-date: /home/robot_ws/install/myword_650610841/include/myword_650610841/myword_650610841/msg/rosidl_typesupport_fastrtps_cpp__visibility_control.h
[1.183s] -- Up-to-date: /home/robot_ws/install/myword_650610841/include/myword_650610841/myword_650610841/srv
[1.183s] -- Up-to-date: /home/robot_ws/install/myword_650610841/include/myword_650610841/myword_650610841/srv/detail
[1.184s] -- Up-to-date: /home/robot_ws/install/myword_650610841/include/myword_650610841/myword_650610841/srv/detail/sum_four_int__rosidl_typesupport_fastrtps_cpp.hpp
[1.184s] -- Up-to-date: /home/robot_ws/install/myword_650610841/include/myword_650610841/myword_650610841/srv/detail/dds_fastrtps
[1.185s] -- Up-to-date: /home/robot_ws/install/myword_650610841/lib/libmyword_650610841__rosidl_typesupport_fastrtps_cpp.so
[1.185s] -- Up-to-date: /home/robot_ws/install/myword_650610841/include/myword_650610841/myword_650610841
[1.185s] -- Up-to-date: /home/robot_ws/install/myword_650610841/include/myword_650610841/myword_650610841/msg
[1.186s] -- Up-to-date: /home/robot_ws/install/myword_650610841/include/myword_650610841/myword_650610841/msg/detail
[1.186s] -- Up-to-date: /home/robot_ws/install/myword_650610841/include/myword_650610841/myword_650610841/msg/detail/num__type_support.cpp
[1.187s] -- Up-to-date: /home/robot_ws/install/myword_650610841/include/myword_650610841/myword_650610841/msg/detail/num__rosidl_typesupport_introspection_cpp.hpp
[1.187s] -- Up-to-date: /home/robot_ws/install/myword_650610841/include/myword_650610841/myword_650610841/srv
[1.187s] -- Up-to-date: /home/robot_ws/install/myword_650610841/include/myword_650610841/myword_650610841/srv/detail
[1.187s] -- Up-to-date: /home/robot_ws/install/myword_650610841/include/myword_650610841/myword_650610841/srv/detail/sum_four_int__rosidl_typesupport_introspection_cpp.hpp
[1.187s] -- Up-to-date: /home/robot_ws/install/myword_650610841/include/myword_650610841/myword_650610841/srv/detail/sum_four_int__type_support.cpp
[1.187s] -- Up-to-date: /home/robot_ws/install/myword_650610841/lib/libmyword_650610841__rosidl_typesupport_introspection_cpp.so
[1.188s] -- Up-to-date: /home/robot_ws/install/myword_650610841/lib/libmyword_650610841__rosidl_typesupport_cpp.so
[1.188s] -- Up-to-date: /home/robot_ws/install/myword_650610841/share/myword_650610841/environment/pythonpath.sh
[1.189s] -- Up-to-date: /home/robot_ws/install/myword_650610841/share/myword_650610841/environment/pythonpath.dsv
[1.189s] -- Up-to-date: /home/robot_ws/install/myword_650610841/local/lib/python3.10/dist-packages/myword_650610841-0.0.0-py3.10.egg-info
[1.190s] -- Installing: /home/robot_ws/install/myword_650610841/local/lib/python3.10/dist-packages/myword_650610841-0.0.0-py3.10.egg-info/SOURCES.txt
[1.190s] -- Installing: /home/robot_ws/install/myword_650610841/local/lib/python3.10/dist-packages/myword_650610841-0.0.0-py3.10.egg-info/PKG-INFO
[1.191s] -- Installing: /home/robot_ws/install/myword_650610841/local/lib/python3.10/dist-packages/myword_650610841-0.0.0-py3.10.egg-info/top_level.txt
[1.191s] -- Installing: /home/robot_ws/install/myword_650610841/local/lib/python3.10/dist-packages/myword_650610841-0.0.0-py3.10.egg-info/dependency_links.txt
[1.192s] -- Up-to-date: /home/robot_ws/install/myword_650610841/local/lib/python3.10/dist-packages/myword_650610841
[1.192s] -- Up-to-date: /home/robot_ws/install/myword_650610841/local/lib/python3.10/dist-packages/myword_650610841/myword_650610841_s__rosidl_typesupport_introspection_c.cpython-310-x86_64-linux-gnu.so
[1.193s] -- Up-to-date: /home/robot_ws/install/myword_650610841/local/lib/python3.10/dist-packages/myword_650610841/msg
[1.193s] -- Up-to-date: /home/robot_ws/install/myword_650610841/local/lib/python3.10/dist-packages/myword_650610841/msg/_num.py
[1.194s] -- Up-to-date: /home/robot_ws/install/myword_650610841/local/lib/python3.10/dist-packages/myword_650610841/msg/_num_s.c
[1.194s] -- Up-to-date: /home/robot_ws/install/myword_650610841/local/lib/python3.10/dist-packages/myword_650610841/msg/__init__.py
[1.194s] -- Up-to-date: /home/robot_ws/install/myword_650610841/local/lib/python3.10/dist-packages/myword_650610841/_myword_650610841_s.ep.rosidl_typesupport_fastrtps_c.c
[1.195s] -- Up-to-date: /home/robot_ws/install/myword_650610841/local/lib/python3.10/dist-packages/myword_650610841/libmyword_650610841__rosidl_generator_py.so
[1.195s] -- Up-to-date: /home/robot_ws/install/myword_650610841/local/lib/python3.10/dist-packages/myword_650610841/_myword_650610841_s.ep.rosidl_typesupport_c.c
[1.195s] -- Up-to-date: /home/robot_ws/install/myword_650610841/local/lib/python3.10/dist-packages/myword_650610841/srv
[1.196s] -- Up-to-date: /home/robot_ws/install/myword_650610841/local/lib/python3.10/dist-packages/myword_650610841/srv/_sum_four_int_s.c
[1.196s] -- Up-to-date: /home/robot_ws/install/myword_650610841/local/lib/python3.10/dist-packages/myword_650610841/srv/__init__.py
[1.196s] -- Up-to-date: /home/robot_ws/install/myword_650610841/local/lib/python3.10/dist-packages/myword_650610841/srv/_sum_four_int.py
[1.197s] -- Up-to-date: /home/robot_ws/install/myword_650610841/local/lib/python3.10/dist-packages/myword_650610841/myword_650610841_s__rosidl_typesupport_c.cpython-310-x86_64-linux-gnu.so
[1.197s] -- Up-to-date: /home/robot_ws/install/myword_650610841/local/lib/python3.10/dist-packages/myword_650610841/myword_650610841_s__rosidl_typesupport_fastrtps_c.cpython-310-x86_64-linux-gnu.so
[1.198s] -- Up-to-date: /home/robot_ws/install/myword_650610841/local/lib/python3.10/dist-packages/myword_650610841/_myword_650610841_s.ep.rosidl_typesupport_introspection_c.c
[1.198s] -- Up-to-date: /home/robot_ws/install/myword_650610841/local/lib/python3.10/dist-packages/myword_650610841/__init__.py
[1.394s] Listing '/home/robot_ws/install/myword_650610841/local/lib/python3.10/dist-packages/myword_650610841'...
[1.395s] Listing '/home/robot_ws/install/myword_650610841/local/lib/python3.10/dist-packages/myword_650610841/msg'...
[1.396s] Listing '/home/robot_ws/install/myword_650610841/local/lib/python3.10/dist-packages/myword_650610841/srv'...
[1.418s] -- Up-to-date: /home/robot_ws/install/myword_650610841/local/lib/python3.10/dist-packages/myword_650610841/myword_650610841_s__rosidl_typesupport_fastrtps_c.cpython-310-x86_64-linux-gnu.so
[1.420s] -- Up-to-date: /home/robot_ws/install/myword_650610841/local/lib/python3.10/dist-packages/myword_650610841/myword_650610841_s__rosidl_typesupport_introspection_c.cpython-310-x86_64-linux-gnu.so
[1.421s] -- Up-to-date: /home/robot_ws/install/myword_650610841/local/lib/python3.10/dist-packages/myword_650610841/myword_650610841_s__rosidl_typesupport_c.cpython-310-x86_64-linux-gnu.so
[1.422s] -- Up-to-date: /home/robot_ws/install/myword_650610841/lib/libmyword_650610841__rosidl_generator_py.so
[1.424s] -- Up-to-date: /home/robot_ws/install/myword_650610841/share/myword_650610841/msg/Num.idl
[1.424s] -- Up-to-date: /home/robot_ws/install/myword_650610841/share/myword_650610841/srv/SumFourInt.idl
[1.426s] -- Up-to-date: /home/robot_ws/install/myword_650610841/share/myword_650610841/msg/Num.msg
[1.427s] -- Up-to-date: /home/robot_ws/install/myword_650610841/share/myword_650610841/srv/SumFourInt.srv
[1.429s] -- Up-to-date: /home/robot_ws/install/myword_650610841/share/myword_650610841/srv/SumFourInt_Request.msg
[1.432s] -- Up-to-date: /home/robot_ws/install/myword_650610841/share/myword_650610841/srv/SumFourInt_Response.msg
[1.433s] -- Up-to-date: /home/robot_ws/install/myword_650610841/share/ament_index/resource_index/package_run_dependencies/myword_650610841
[1.435s] -- Up-to-date: /home/robot_ws/install/myword_650610841/share/ament_index/resource_index/parent_prefix_path/myword_650610841
[1.436s] -- Up-to-date: /home/robot_ws/install/myword_650610841/share/myword_650610841/environment/ament_prefix_path.sh
[1.437s] -- Up-to-date: /home/robot_ws/install/myword_650610841/share/myword_650610841/environment/ament_prefix_path.dsv
[1.438s] -- Up-to-date: /home/robot_ws/install/myword_650610841/share/myword_650610841/environment/path.sh
[1.438s] -- Up-to-date: /home/robot_ws/install/myword_650610841/share/myword_650610841/environment/path.dsv
[1.439s] -- Up-to-date: /home/robot_ws/install/myword_650610841/share/myword_650610841/local_setup.bash
[1.441s] -- Up-to-date: /home/robot_ws/install/myword_650610841/share/myword_650610841/local_setup.sh
[1.441s] -- Up-to-date: /home/robot_ws/install/myword_650610841/share/myword_650610841/local_setup.zsh
[1.442s] -- Up-to-date: /home/robot_ws/install/myword_650610841/share/myword_650610841/local_setup.dsv
[1.443s] -- Installing: /home/robot_ws/install/myword_650610841/share/myword_650610841/package.dsv
[1.443s] -- Up-to-date: /home/robot_ws/install/myword_650610841/share/ament_index/resource_index/packages/myword_650610841
[1.444s] -- Up-to-date: /home/robot_ws/install/myword_650610841/share/myword_650610841/cmake/export_myword_650610841__rosidl_generator_cExport.cmake
[1.445s] -- Up-to-date: /home/robot_ws/install/myword_650610841/share/myword_650610841/cmake/export_myword_650610841__rosidl_generator_cExport-noconfig.cmake
[1.445s] -- Up-to-date: /home/robot_ws/install/myword_650610841/share/myword_650610841/cmake/export_myword_650610841__rosidl_typesupport_fastrtps_cExport.cmake
[1.447s] -- Up-to-date: /home/robot_ws/install/myword_650610841/share/myword_650610841/cmake/export_myword_650610841__rosidl_typesupport_fastrtps_cExport-noconfig.cmake
[1.448s] -- Up-to-date: /home/robot_ws/install/myword_650610841/share/myword_650610841/cmake/myword_650610841__rosidl_typesupport_introspection_cExport.cmake
[1.449s] -- Up-to-date: /home/robot_ws/install/myword_650610841/share/myword_650610841/cmake/myword_650610841__rosidl_typesupport_introspection_cExport-noconfig.cmake
[1.451s] -- Up-to-date: /home/robot_ws/install/myword_650610841/share/myword_650610841/cmake/myword_650610841__rosidl_typesupport_cExport.cmake
[1.453s] -- Up-to-date: /home/robot_ws/install/myword_650610841/share/myword_650610841/cmake/myword_650610841__rosidl_typesupport_cExport-noconfig.cmake
[1.457s] -- Up-to-date: /home/robot_ws/install/myword_650610841/share/myword_650610841/cmake/export_myword_650610841__rosidl_generator_cppExport.cmake
[1.458s] -- Up-to-date: /home/robot_ws/install/myword_650610841/share/myword_650610841/cmake/export_myword_650610841__rosidl_typesupport_fastrtps_cppExport.cmake
[1.459s] -- Up-to-date: /home/robot_ws/install/myword_650610841/share/myword_650610841/cmake/export_myword_650610841__rosidl_typesupport_fastrtps_cppExport-noconfig.cmake
[1.461s] -- Up-to-date: /home/robot_ws/install/myword_650610841/share/myword_650610841/cmake/myword_650610841__rosidl_typesupport_introspection_cppExport.cmake
[1.462s] -- Up-to-date: /home/robot_ws/install/myword_650610841/share/myword_650610841/cmake/myword_650610841__rosidl_typesupport_introspection_cppExport-noconfig.cmake
[1.463s] -- Up-to-date: /home/robot_ws/install/myword_650610841/share/myword_650610841/cmake/myword_650610841__rosidl_typesupport_cppExport.cmake
[1.464s] -- Up-to-date: /home/robot_ws/install/myword_650610841/share/myword_650610841/cmake/myword_650610841__rosidl_typesupport_cppExport-noconfig.cmake
[1.467s] -- Up-to-date: /home/robot_ws/install/myword_650610841/share/myword_650610841/cmake/export_myword_650610841__rosidl_generator_pyExport.cmake
[1.471s] -- Up-to-date: /home/robot_ws/install/myword_650610841/share/myword_650610841/cmake/export_myword_650610841__rosidl_generator_pyExport-noconfig.cmake
[1.473s] -- Up-to-date: /home/robot_ws/install/myword_650610841/share/myword_650610841/cmake/rosidl_cmake-extras.cmake
[1.474s] -- Up-to-date: /home/robot_ws/install/myword_650610841/share/myword_650610841/cmake/ament_cmake_export_include_directories-extras.cmake
[1.475s] -- Up-to-date: /home/robot_ws/install/myword_650610841/share/myword_650610841/cmake/ament_cmake_export_libraries-extras.cmake
[1.476s] -- Up-to-date: /home/robot_ws/install/myword_650610841/share/myword_650610841/cmake/ament_cmake_export_targets-extras.cmake
[1.476s] -- Up-to-date: /home/robot_ws/install/myword_650610841/share/myword_650610841/cmake/rosidl_cmake_export_typesupport_targets-extras.cmake
[1.477s] -- Up-to-date: /home/robot_ws/install/myword_650610841/share/myword_650610841/cmake/ament_cmake_export_dependencies-extras.cmake
[1.477s] -- Up-to-date: /home/robot_ws/install/myword_650610841/share/myword_650610841/cmake/rosidl_cmake_export_typesupport_libraries-extras.cmake
[1.478s] -- Up-to-date: /home/robot_ws/install/myword_650610841/share/myword_650610841/cmake/myword_650610841Config.cmake
[1.478s] -- Up-to-date: /home/robot_ws/install/myword_650610841/share/myword_650610841/cmake/myword_650610841Config-version.cmake
[1.479s] -- Up-to-date: /home/robot_ws/install/myword_650610841/share/myword_650610841/package.xml
[1.480s] Invoked command in '/home/robot_ws/build/myword_650610841' returned '0': CMAKE_PREFIX_PATH=${CMAKE_PREFIX_PATH}:/home/robot_ws/install/assign2_650610841:/home/robot_ws/install/assign4_650610841:/home/robot_ws/install/assign3_650610841:/home/robot_ws/install/assign1_650610841:/home/robot_ws/install/650610841_final:/opt/ros/humble /usr/bin/cmake --install /home/robot_ws/build/myword_650610841
