[0.010s] Invoking command in '/home/entity014/Ros-Major/650610841_final/build/lidar_interfaces': CMAKE_PREFIX_PATH=${CMAKE_PREFIX_PATH}:/home/entity014/Ros-Major/650610841_final/install/lidar_650610841:/home/entity014/turtlebot3_ws/install/turtlebot3_teleop:/home/entity014/turtlebot3_ws/install/turtlebot3_example:/opt/ros/humble /usr/bin/cmake --build /home/entity014/Ros-Major/650610841_final/build/lidar_interfaces -- -j16 -l16
[0.031s] [ 10%] Built target lidar_interfaces__rosidl_generator_c
[0.044s] [ 12%] Built target lidar_interfaces__cpp
[0.051s] [ 12%] Built target ament_cmake_python_symlink_lidar_interfaces
[0.059s] [ 23%] Built target lidar_interfaces__rosidl_typesupport_introspection_c
[0.061s] [ 33%] Built target lidar_interfaces__rosidl_typesupport_fastrtps_c
[0.062s] [ 43%] Built target lidar_interfaces__rosidl_typesupport_c
[0.062s] [ 53%] Built target lidar_interfaces__rosidl_typesupport_cpp
[0.067s] [ 64%] Built target lidar_interfaces__rosidl_typesupport_introspection_cpp
[0.077s] [ 74%] Built target lidar_interfaces__rosidl_typesupport_fastrtps_cpp
[0.091s] [ 74%] Built target lidar_interfaces
[0.138s] [ 76%] Built target lidar_interfaces__py
[0.205s] [ 84%] Built target lidar_interfaces__rosidl_generator_py
[0.272s] [ 89%] Built target lidar_interfaces__rosidl_typesupport_introspection_c__pyext
[0.274s] [ 97%] Built target lidar_interfaces__rosidl_typesupport_c__pyext
[0.275s] [100%] Built target lidar_interfaces__rosidl_typesupport_fastrtps_c__pyext
[0.398s] running egg_info
[0.399s] writing lidar_interfaces.egg-info/PKG-INFO
[0.399s] writing dependency_links to lidar_interfaces.egg-info/dependency_links.txt
[0.399s] writing top-level names to lidar_interfaces.egg-info/top_level.txt
[0.400s] reading manifest file 'lidar_interfaces.egg-info/SOURCES.txt'
[0.401s] writing manifest file 'lidar_interfaces.egg-info/SOURCES.txt'
[0.416s] [100%] Built target ament_cmake_python_build_lidar_interfaces_egg
[0.420s] Invoked command in '/home/entity014/Ros-Major/650610841_final/build/lidar_interfaces' returned '0': CMAKE_PREFIX_PATH=${CMAKE_PREFIX_PATH}:/home/entity014/Ros-Major/650610841_final/install/lidar_650610841:/home/entity014/turtlebot3_ws/install/turtlebot3_teleop:/home/entity014/turtlebot3_ws/install/turtlebot3_example:/opt/ros/humble /usr/bin/cmake --build /home/entity014/Ros-Major/650610841_final/build/lidar_interfaces -- -j16 -l16
[0.421s] Invoking command in '/home/entity014/Ros-Major/650610841_final/build/lidar_interfaces': CMAKE_PREFIX_PATH=${CMAKE_PREFIX_PATH}:/home/entity014/Ros-Major/650610841_final/install/lidar_650610841:/home/entity014/turtlebot3_ws/install/turtlebot3_teleop:/home/entity014/turtlebot3_ws/install/turtlebot3_example:/opt/ros/humble /usr/bin/cmake --install /home/entity014/Ros-Major/650610841_final/build/lidar_interfaces
[0.425s] -- Install configuration: ""
[0.425s] -- Execute custom install script
[0.425s] -- Up-to-date symlink: /home/entity014/Ros-Major/650610841_final/install/lidar_interfaces/share/ament_index/resource_index/rosidl_interfaces/lidar_interfaces
[0.426s] -- Up-to-date symlink: /home/entity014/Ros-Major/650610841_final/install/lidar_interfaces/include/lidar_interfaces/lidar_interfaces/msg/detail/scan__functions.h
[0.426s] -- Up-to-date symlink: /home/entity014/Ros-Major/650610841_final/install/lidar_interfaces/include/lidar_interfaces/lidar_interfaces/msg/detail/scan__struct.h
[0.426s] -- Up-to-date symlink: /home/entity014/Ros-Major/650610841_final/install/lidar_interfaces/include/lidar_interfaces/lidar_interfaces/msg/detail/scan__type_support.h
[0.426s] -- Up-to-date symlink: /home/entity014/Ros-Major/650610841_final/install/lidar_interfaces/include/lidar_interfaces/lidar_interfaces/msg/rosidl_generator_c__visibility_control.h
[0.426s] -- Up-to-date symlink: /home/entity014/Ros-Major/650610841_final/install/lidar_interfaces/include/lidar_interfaces/lidar_interfaces/msg/scan.h
[0.426s] -- Up-to-date symlink: /home/entity014/Ros-Major/650610841_final/install/lidar_interfaces/include/lidar_interfaces/lidar_interfaces/srv/break.h
[0.426s] -- Up-to-date symlink: /home/entity014/Ros-Major/650610841_final/install/lidar_interfaces/include/lidar_interfaces/lidar_interfaces/srv/detail/break__functions.h
[0.426s] -- Up-to-date symlink: /home/entity014/Ros-Major/650610841_final/install/lidar_interfaces/include/lidar_interfaces/lidar_interfaces/srv/detail/break__struct.h
[0.427s] -- Up-to-date symlink: /home/entity014/Ros-Major/650610841_final/install/lidar_interfaces/include/lidar_interfaces/lidar_interfaces/srv/detail/break__type_support.h
[0.427s] -- Up-to-date symlink: /home/entity014/Ros-Major/650610841_final/install/lidar_interfaces/share/lidar_interfaces/environment/library_path.sh
[0.427s] -- Up-to-date symlink: /home/entity014/Ros-Major/650610841_final/install/lidar_interfaces/share/lidar_interfaces/environment/library_path.dsv
[0.429s] -- Up-to-date symlink: /home/entity014/Ros-Major/650610841_final/install/lidar_interfaces/include/lidar_interfaces/lidar_interfaces/msg/detail/scan__rosidl_typesupport_fastrtps_c.h
[0.430s] -- Up-to-date symlink: /home/entity014/Ros-Major/650610841_final/install/lidar_interfaces/include/lidar_interfaces/lidar_interfaces/msg/rosidl_typesupport_fastrtps_c__visibility_control.h
[0.431s] -- Up-to-date symlink: /home/entity014/Ros-Major/650610841_final/install/lidar_interfaces/include/lidar_interfaces/lidar_interfaces/srv/detail/break__rosidl_typesupport_fastrtps_c.h
[0.434s] -- Up-to-date symlink: /home/entity014/Ros-Major/650610841_final/install/lidar_interfaces/include/lidar_interfaces/lidar_interfaces/msg/detail/scan__builder.hpp
[0.436s] -- Up-to-date symlink: /home/entity014/Ros-Major/650610841_final/install/lidar_interfaces/include/lidar_interfaces/lidar_interfaces/msg/detail/scan__struct.hpp
[0.437s] -- Up-to-date symlink: /home/entity014/Ros-Major/650610841_final/install/lidar_interfaces/include/lidar_interfaces/lidar_interfaces/msg/detail/scan__traits.hpp
[0.438s] -- Up-to-date symlink: /home/entity014/Ros-Major/650610841_final/install/lidar_interfaces/include/lidar_interfaces/lidar_interfaces/msg/detail/scan__type_support.hpp
[0.438s] -- Up-to-date symlink: /home/entity014/Ros-Major/650610841_final/install/lidar_interfaces/include/lidar_interfaces/lidar_interfaces/msg/rosidl_generator_cpp__visibility_control.hpp
[0.439s] -- Up-to-date symlink: /home/entity014/Ros-Major/650610841_final/install/lidar_interfaces/include/lidar_interfaces/lidar_interfaces/msg/scan.hpp
[0.439s] -- Up-to-date symlink: /home/entity014/Ros-Major/650610841_final/install/lidar_interfaces/include/lidar_interfaces/lidar_interfaces/srv/break.hpp
[0.439s] -- Up-to-date symlink: /home/entity014/Ros-Major/650610841_final/install/lidar_interfaces/include/lidar_interfaces/lidar_interfaces/srv/detail/break__builder.hpp
[0.440s] -- Up-to-date symlink: /home/entity014/Ros-Major/650610841_final/install/lidar_interfaces/include/lidar_interfaces/lidar_interfaces/srv/detail/break__struct.hpp
[0.442s] -- Up-to-date symlink: /home/entity014/Ros-Major/650610841_final/install/lidar_interfaces/include/lidar_interfaces/lidar_interfaces/srv/detail/break__traits.hpp
[0.444s] -- Up-to-date symlink: /home/entity014/Ros-Major/650610841_final/install/lidar_interfaces/include/lidar_interfaces/lidar_interfaces/srv/detail/break__type_support.hpp
[0.447s] -- Up-to-date symlink: /home/entity014/Ros-Major/650610841_final/install/lidar_interfaces/include/lidar_interfaces/lidar_interfaces/msg/detail/scan__rosidl_typesupport_fastrtps_cpp.hpp
[0.454s] -- Up-to-date symlink: /home/entity014/Ros-Major/650610841_final/install/lidar_interfaces/include/lidar_interfaces/lidar_interfaces/msg/rosidl_typesupport_fastrtps_cpp__visibility_control.h
[0.454s] -- Up-to-date symlink: /home/entity014/Ros-Major/650610841_final/install/lidar_interfaces/include/lidar_interfaces/lidar_interfaces/srv/detail/break__rosidl_typesupport_fastrtps_cpp.hpp
[0.455s] -- Up-to-date symlink: /home/entity014/Ros-Major/650610841_final/install/lidar_interfaces/include/lidar_interfaces/lidar_interfaces/msg/detail/scan__rosidl_typesupport_introspection_c.h
[0.460s] -- Up-to-date symlink: /home/entity014/Ros-Major/650610841_final/install/lidar_interfaces/include/lidar_interfaces/lidar_interfaces/msg/rosidl_typesupport_introspection_c__visibility_control.h
[0.461s] -- Up-to-date symlink: /home/entity014/Ros-Major/650610841_final/install/lidar_interfaces/include/lidar_interfaces/lidar_interfaces/srv/detail/break__rosidl_typesupport_introspection_c.h
[0.462s] -- Up-to-date symlink: /home/entity014/Ros-Major/650610841_final/install/lidar_interfaces/include/lidar_interfaces/lidar_interfaces/msg/detail/scan__rosidl_typesupport_introspection_cpp.hpp
[0.462s] -- Up-to-date symlink: /home/entity014/Ros-Major/650610841_final/install/lidar_interfaces/include/lidar_interfaces/lidar_interfaces/srv/detail/break__rosidl_typesupport_introspection_cpp.hpp
[0.463s] -- Up-to-date symlink: /home/entity014/Ros-Major/650610841_final/install/lidar_interfaces/share/lidar_interfaces/environment/pythonpath.sh
[0.464s] -- Up-to-date symlink: /home/entity014/Ros-Major/650610841_final/install/lidar_interfaces/share/lidar_interfaces/environment/pythonpath.dsv
[0.467s] -- Up-to-date symlink: /home/entity014/Ros-Major/650610841_final/install/lidar_interfaces/local/lib/python3.10/dist-packages/lidar_interfaces-0.0.0-py3.10.egg-info/PKG-INFO
[0.468s] -- Up-to-date symlink: /home/entity014/Ros-Major/650610841_final/install/lidar_interfaces/local/lib/python3.10/dist-packages/lidar_interfaces-0.0.0-py3.10.egg-info/SOURCES.txt
[0.468s] -- Up-to-date symlink: /home/entity014/Ros-Major/650610841_final/install/lidar_interfaces/local/lib/python3.10/dist-packages/lidar_interfaces-0.0.0-py3.10.egg-info/dependency_links.txt
[0.469s] -- Up-to-date symlink: /home/entity014/Ros-Major/650610841_final/install/lidar_interfaces/local/lib/python3.10/dist-packages/lidar_interfaces-0.0.0-py3.10.egg-info/top_level.txt
[0.471s] -- Up-to-date symlink: /home/entity014/Ros-Major/650610841_final/install/lidar_interfaces/local/lib/python3.10/dist-packages/lidar_interfaces/__init__.py
[0.472s] -- Up-to-date symlink: /home/entity014/Ros-Major/650610841_final/install/lidar_interfaces/local/lib/python3.10/dist-packages/lidar_interfaces/_lidar_interfaces_s.ep.rosidl_typesupport_c.c
[0.473s] -- Up-to-date symlink: /home/entity014/Ros-Major/650610841_final/install/lidar_interfaces/local/lib/python3.10/dist-packages/lidar_interfaces/_lidar_interfaces_s.ep.rosidl_typesupport_fastrtps_c.c
[0.473s] -- Up-to-date symlink: /home/entity014/Ros-Major/650610841_final/install/lidar_interfaces/local/lib/python3.10/dist-packages/lidar_interfaces/_lidar_interfaces_s.ep.rosidl_typesupport_introspection_c.c
[0.474s] -- Up-to-date symlink: /home/entity014/Ros-Major/650610841_final/install/lidar_interfaces/local/lib/python3.10/dist-packages/lidar_interfaces/liblidar_interfaces__rosidl_generator_py.so
[0.475s] -- Up-to-date symlink: /home/entity014/Ros-Major/650610841_final/install/lidar_interfaces/local/lib/python3.10/dist-packages/lidar_interfaces/lidar_interfaces_s__rosidl_typesupport_c.cpython-310-x86_64-linux-gnu.so
[0.476s] -- Up-to-date symlink: /home/entity014/Ros-Major/650610841_final/install/lidar_interfaces/local/lib/python3.10/dist-packages/lidar_interfaces/lidar_interfaces_s__rosidl_typesupport_fastrtps_c.cpython-310-x86_64-linux-gnu.so
[0.476s] -- Up-to-date symlink: /home/entity014/Ros-Major/650610841_final/install/lidar_interfaces/local/lib/python3.10/dist-packages/lidar_interfaces/lidar_interfaces_s__rosidl_typesupport_introspection_c.cpython-310-x86_64-linux-gnu.so
[0.478s] -- Up-to-date symlink: /home/entity014/Ros-Major/650610841_final/install/lidar_interfaces/local/lib/python3.10/dist-packages/lidar_interfaces/msg/__init__.py
[0.478s] -- Up-to-date symlink: /home/entity014/Ros-Major/650610841_final/install/lidar_interfaces/local/lib/python3.10/dist-packages/lidar_interfaces/msg/_scan.py
[0.479s] -- Up-to-date symlink: /home/entity014/Ros-Major/650610841_final/install/lidar_interfaces/local/lib/python3.10/dist-packages/lidar_interfaces/msg/_scan_s.c
[0.479s] -- Up-to-date symlink: /home/entity014/Ros-Major/650610841_final/install/lidar_interfaces/local/lib/python3.10/dist-packages/lidar_interfaces/srv/__init__.py
[0.480s] -- Up-to-date symlink: /home/entity014/Ros-Major/650610841_final/install/lidar_interfaces/local/lib/python3.10/dist-packages/lidar_interfaces/srv/_break.py
[0.482s] -- Up-to-date symlink: /home/entity014/Ros-Major/650610841_final/install/lidar_interfaces/local/lib/python3.10/dist-packages/lidar_interfaces/srv/_break_s.c
[0.485s] -- Up-to-date symlink: /home/entity014/Ros-Major/650610841_final/install/lidar_interfaces/local/lib/python3.10/dist-packages/lidar_interfaces/lidar_interfaces_s__rosidl_typesupport_fastrtps_c.cpython-310-x86_64-linux-gnu.so
[0.489s] -- Up-to-date symlink: /home/entity014/Ros-Major/650610841_final/install/lidar_interfaces/local/lib/python3.10/dist-packages/lidar_interfaces/lidar_interfaces_s__rosidl_typesupport_introspection_c.cpython-310-x86_64-linux-gnu.so
[0.491s] -- Up-to-date symlink: /home/entity014/Ros-Major/650610841_final/install/lidar_interfaces/local/lib/python3.10/dist-packages/lidar_interfaces/lidar_interfaces_s__rosidl_typesupport_c.cpython-310-x86_64-linux-gnu.so
[0.492s] -- Up-to-date symlink: /home/entity014/Ros-Major/650610841_final/install/lidar_interfaces/share/lidar_interfaces/msg/Scan.idl
[0.493s] -- Up-to-date symlink: /home/entity014/Ros-Major/650610841_final/install/lidar_interfaces/share/lidar_interfaces/srv/Break.idl
[0.494s] -- Up-to-date symlink: /home/entity014/Ros-Major/650610841_final/install/lidar_interfaces/share/lidar_interfaces/msg/Scan.msg
[0.495s] -- Up-to-date symlink: /home/entity014/Ros-Major/650610841_final/install/lidar_interfaces/share/lidar_interfaces/srv/Break.srv
[0.496s] -- Up-to-date symlink: /home/entity014/Ros-Major/650610841_final/install/lidar_interfaces/share/lidar_interfaces/srv/Break_Request.msg
[0.497s] -- Up-to-date symlink: /home/entity014/Ros-Major/650610841_final/install/lidar_interfaces/share/lidar_interfaces/srv/Break_Response.msg
[0.498s] -- Up-to-date symlink: /home/entity014/Ros-Major/650610841_final/install/lidar_interfaces/share/ament_index/resource_index/package_run_dependencies/lidar_interfaces
[0.500s] -- Up-to-date symlink: /home/entity014/Ros-Major/650610841_final/install/lidar_interfaces/share/ament_index/resource_index/parent_prefix_path/lidar_interfaces
[0.501s] -- Up-to-date symlink: /home/entity014/Ros-Major/650610841_final/install/lidar_interfaces/share/lidar_interfaces/environment/ament_prefix_path.sh
[0.504s] -- Up-to-date symlink: /home/entity014/Ros-Major/650610841_final/install/lidar_interfaces/share/lidar_interfaces/environment/ament_prefix_path.dsv
[0.505s] -- Up-to-date symlink: /home/entity014/Ros-Major/650610841_final/install/lidar_interfaces/share/lidar_interfaces/environment/path.sh
[0.506s] -- Up-to-date symlink: /home/entity014/Ros-Major/650610841_final/install/lidar_interfaces/share/lidar_interfaces/environment/path.dsv
[0.506s] -- Up-to-date symlink: /home/entity014/Ros-Major/650610841_final/install/lidar_interfaces/share/lidar_interfaces/local_setup.bash
[0.507s] -- Up-to-date symlink: /home/entity014/Ros-Major/650610841_final/install/lidar_interfaces/share/lidar_interfaces/local_setup.sh
[0.508s] -- Up-to-date symlink: /home/entity014/Ros-Major/650610841_final/install/lidar_interfaces/share/lidar_interfaces/local_setup.zsh
[0.509s] -- Up-to-date symlink: /home/entity014/Ros-Major/650610841_final/install/lidar_interfaces/share/lidar_interfaces/local_setup.dsv
[0.510s] -- Symlinking: /home/entity014/Ros-Major/650610841_final/install/lidar_interfaces/share/lidar_interfaces/package.dsv
[0.536s] -- Up-to-date symlink: /home/entity014/Ros-Major/650610841_final/install/lidar_interfaces/share/ament_index/resource_index/packages/lidar_interfaces
[0.537s] -- Up-to-date symlink: /home/entity014/Ros-Major/650610841_final/install/lidar_interfaces/share/lidar_interfaces/cmake/rosidl_cmake-extras.cmake
[0.539s] -- Up-to-date symlink: /home/entity014/Ros-Major/650610841_final/install/lidar_interfaces/share/lidar_interfaces/cmake/ament_cmake_export_dependencies-extras.cmake
[0.540s] -- Up-to-date symlink: /home/entity014/Ros-Major/650610841_final/install/lidar_interfaces/share/lidar_interfaces/cmake/ament_cmake_export_include_directories-extras.cmake
[0.541s] -- Up-to-date symlink: /home/entity014/Ros-Major/650610841_final/install/lidar_interfaces/share/lidar_interfaces/cmake/ament_cmake_export_libraries-extras.cmake
[0.543s] -- Up-to-date symlink: /home/entity014/Ros-Major/650610841_final/install/lidar_interfaces/share/lidar_interfaces/cmake/ament_cmake_export_targets-extras.cmake
[0.544s] -- Up-to-date symlink: /home/entity014/Ros-Major/650610841_final/install/lidar_interfaces/share/lidar_interfaces/cmake/rosidl_cmake_export_typesupport_targets-extras.cmake
[0.545s] -- Up-to-date symlink: /home/entity014/Ros-Major/650610841_final/install/lidar_interfaces/share/lidar_interfaces/cmake/rosidl_cmake_export_typesupport_libraries-extras.cmake
[0.546s] -- Up-to-date symlink: /home/entity014/Ros-Major/650610841_final/install/lidar_interfaces/share/lidar_interfaces/cmake/lidar_interfacesConfig.cmake
[0.547s] -- Up-to-date symlink: /home/entity014/Ros-Major/650610841_final/install/lidar_interfaces/share/lidar_interfaces/cmake/lidar_interfacesConfig-version.cmake
[0.549s] -- Up-to-date symlink: /home/entity014/Ros-Major/650610841_final/install/lidar_interfaces/share/lidar_interfaces/package.xml
[0.550s] -- Up-to-date: /home/entity014/Ros-Major/650610841_final/install/lidar_interfaces/lib/liblidar_interfaces__rosidl_generator_c.so
[0.552s] -- Up-to-date: /home/entity014/Ros-Major/650610841_final/install/lidar_interfaces/lib/liblidar_interfaces__rosidl_typesupport_fastrtps_c.so
[0.555s] -- Up-to-date: /home/entity014/Ros-Major/650610841_final/install/lidar_interfaces/lib/liblidar_interfaces__rosidl_typesupport_fastrtps_cpp.so
[0.559s] -- Up-to-date: /home/entity014/Ros-Major/650610841_final/install/lidar_interfaces/lib/liblidar_interfaces__rosidl_typesupport_introspection_c.so
[0.560s] -- Up-to-date: /home/entity014/Ros-Major/650610841_final/install/lidar_interfaces/lib/liblidar_interfaces__rosidl_typesupport_c.so
[0.561s] -- Up-to-date: /home/entity014/Ros-Major/650610841_final/install/lidar_interfaces/lib/liblidar_interfaces__rosidl_typesupport_introspection_cpp.so
[0.563s] -- Up-to-date: /home/entity014/Ros-Major/650610841_final/install/lidar_interfaces/lib/liblidar_interfaces__rosidl_typesupport_cpp.so
[0.644s] Listing '/home/entity014/Ros-Major/650610841_final/install/lidar_interfaces/local/lib/python3.10/dist-packages/lidar_interfaces'...
[0.644s] Listing '/home/entity014/Ros-Major/650610841_final/install/lidar_interfaces/local/lib/python3.10/dist-packages/lidar_interfaces/msg'...
[0.644s] Listing '/home/entity014/Ros-Major/650610841_final/install/lidar_interfaces/local/lib/python3.10/dist-packages/lidar_interfaces/srv'...
[0.647s] -- Up-to-date: /home/entity014/Ros-Major/650610841_final/install/lidar_interfaces/lib/liblidar_interfaces__rosidl_generator_py.so
[0.647s] -- Up-to-date: /home/entity014/Ros-Major/650610841_final/install/lidar_interfaces/share/lidar_interfaces/cmake/export_lidar_interfaces__rosidl_generator_cExport.cmake
[0.647s] -- Up-to-date: /home/entity014/Ros-Major/650610841_final/install/lidar_interfaces/share/lidar_interfaces/cmake/export_lidar_interfaces__rosidl_generator_cExport-noconfig.cmake
[0.647s] -- Up-to-date: /home/entity014/Ros-Major/650610841_final/install/lidar_interfaces/share/lidar_interfaces/cmake/export_lidar_interfaces__rosidl_typesupport_fastrtps_cExport.cmake
[0.647s] -- Up-to-date: /home/entity014/Ros-Major/650610841_final/install/lidar_interfaces/share/lidar_interfaces/cmake/export_lidar_interfaces__rosidl_typesupport_fastrtps_cExport-noconfig.cmake
[0.647s] -- Up-to-date: /home/entity014/Ros-Major/650610841_final/install/lidar_interfaces/share/lidar_interfaces/cmake/export_lidar_interfaces__rosidl_generator_cppExport.cmake
[0.647s] -- Up-to-date: /home/entity014/Ros-Major/650610841_final/install/lidar_interfaces/share/lidar_interfaces/cmake/export_lidar_interfaces__rosidl_typesupport_fastrtps_cppExport.cmake
[0.647s] -- Up-to-date: /home/entity014/Ros-Major/650610841_final/install/lidar_interfaces/share/lidar_interfaces/cmake/export_lidar_interfaces__rosidl_typesupport_fastrtps_cppExport-noconfig.cmake
[0.647s] -- Up-to-date: /home/entity014/Ros-Major/650610841_final/install/lidar_interfaces/share/lidar_interfaces/cmake/lidar_interfaces__rosidl_typesupport_introspection_cExport.cmake
[0.647s] -- Up-to-date: /home/entity014/Ros-Major/650610841_final/install/lidar_interfaces/share/lidar_interfaces/cmake/lidar_interfaces__rosidl_typesupport_introspection_cExport-noconfig.cmake
[0.647s] -- Up-to-date: /home/entity014/Ros-Major/650610841_final/install/lidar_interfaces/share/lidar_interfaces/cmake/lidar_interfaces__rosidl_typesupport_cExport.cmake
[0.647s] -- Up-to-date: /home/entity014/Ros-Major/650610841_final/install/lidar_interfaces/share/lidar_interfaces/cmake/lidar_interfaces__rosidl_typesupport_cExport-noconfig.cmake
[0.647s] -- Up-to-date: /home/entity014/Ros-Major/650610841_final/install/lidar_interfaces/share/lidar_interfaces/cmake/lidar_interfaces__rosidl_typesupport_introspection_cppExport.cmake
[0.647s] -- Up-to-date: /home/entity014/Ros-Major/650610841_final/install/lidar_interfaces/share/lidar_interfaces/cmake/lidar_interfaces__rosidl_typesupport_introspection_cppExport-noconfig.cmake
[0.647s] -- Up-to-date: /home/entity014/Ros-Major/650610841_final/install/lidar_interfaces/share/lidar_interfaces/cmake/lidar_interfaces__rosidl_typesupport_cppExport.cmake
[0.648s] -- Up-to-date: /home/entity014/Ros-Major/650610841_final/install/lidar_interfaces/share/lidar_interfaces/cmake/lidar_interfaces__rosidl_typesupport_cppExport-noconfig.cmake
[0.648s] -- Up-to-date: /home/entity014/Ros-Major/650610841_final/install/lidar_interfaces/share/lidar_interfaces/cmake/export_lidar_interfaces__rosidl_generator_pyExport.cmake
[0.648s] -- Up-to-date: /home/entity014/Ros-Major/650610841_final/install/lidar_interfaces/share/lidar_interfaces/cmake/export_lidar_interfaces__rosidl_generator_pyExport-noconfig.cmake
[0.649s] Invoked command in '/home/entity014/Ros-Major/650610841_final/build/lidar_interfaces' returned '0': CMAKE_PREFIX_PATH=${CMAKE_PREFIX_PATH}:/home/entity014/Ros-Major/650610841_final/install/lidar_650610841:/home/entity014/turtlebot3_ws/install/turtlebot3_teleop:/home/entity014/turtlebot3_ws/install/turtlebot3_example:/opt/ros/humble /usr/bin/cmake --install /home/entity014/Ros-Major/650610841_final/build/lidar_interfaces
