[3.494s] Invoking command in '/home/robot_ws/src/650610841_final': PYTHONPATH=/home/robot_ws/build/650610841_final/prefix_override:/usr/lib/python3/dist-packages/colcon_core/task/python/colcon_distutils_commands:/home/robot_ws/install/650610841_final/lib/python3.10/site-packages:${PYTHONPATH} /usr/bin/python3 -W ignore:setup.py install is deprecated -W ignore:easy_install command is deprecated setup.py egg_info --egg-base ../../build/650610841_final build --build-base /home/robot_ws/build/650610841_final/build install --record /home/robot_ws/build/650610841_final/install.log --single-version-externally-managed install_data
[3.671s] running egg_info
[3.673s] writing ../../build/650610841_final/650610841_final.egg-info/PKG-INFO
[3.673s] writing dependency_links to ../../build/650610841_final/650610841_final.egg-info/dependency_links.txt
[3.673s] writing entry points to ../../build/650610841_final/650610841_final.egg-info/entry_points.txt
[3.673s] writing requirements to ../../build/650610841_final/650610841_final.egg-info/requires.txt
[3.673s] writing top-level names to ../../build/650610841_final/650610841_final.egg-info/top_level.txt
[3.675s] reading manifest file '../../build/650610841_final/650610841_final.egg-info/SOURCES.txt'
[3.675s] adding license file 'LICENSE'
[3.675s] writing manifest file '../../build/650610841_final/650610841_final.egg-info/SOURCES.txt'
[3.675s] running build
[3.676s] running build_py
[3.676s] copying 650610841_final/lidar_collision.py -> /home/robot_ws/build/650610841_final/build/lib/650610841_final
[3.676s] running install
[3.676s] running install_lib
[3.677s] copying /home/robot_ws/build/650610841_final/build/lib/650610841_final/lidar_collision.py -> /home/robot_ws/install/650610841_final/lib/python3.10/site-packages/650610841_final
[3.677s] byte-compiling /home/robot_ws/install/650610841_final/lib/python3.10/site-packages/650610841_final/lidar_collision.py to lidar_collision.cpython-310.pyc
[3.678s] running install_data
[3.678s] running install_egg_info
[3.680s] removing '/home/robot_ws/install/650610841_final/lib/python3.10/site-packages/650610841_final-0.0.0-py3.10.egg-info' (and everything under it)
[3.680s] Copying ../../build/650610841_final/650610841_final.egg-info to /home/robot_ws/install/650610841_final/lib/python3.10/site-packages/650610841_final-0.0.0-py3.10.egg-info
[3.680s] running install_scripts
[3.699s] Installing lidar_collision script to /home/robot_ws/install/650610841_final/lib/650610841_final
[3.699s] Installing lidar_controller script to /home/robot_ws/install/650610841_final/lib/650610841_final
[3.700s] writing list of installed files to '/home/robot_ws/build/650610841_final/install.log'
[3.729s] Invoked command in '/home/robot_ws/src/650610841_final' returned '0': PYTHONPATH=/home/robot_ws/build/650610841_final/prefix_override:/usr/lib/python3/dist-packages/colcon_core/task/python/colcon_distutils_commands:/home/robot_ws/install/650610841_final/lib/python3.10/site-packages:${PYTHONPATH} /usr/bin/python3 -W ignore:setup.py install is deprecated -W ignore:easy_install command is deprecated setup.py egg_info --egg-base ../../build/650610841_final build --build-base /home/robot_ws/build/650610841_final/build install --record /home/robot_ws/build/650610841_final/install.log --single-version-externally-managed install_data
