[1.891s] Invoking command in '/home/robot_ws/src/assign4_650610841': PYTHONPATH=/home/robot_ws/build/assign4_650610841/prefix_override:/usr/lib/python3/dist-packages/colcon_core/task/python/colcon_distutils_commands:/home/robot_ws/install/assign4_650610841/lib/python3.10/site-packages:${PYTHONPATH} /usr/bin/python3 -W ignore:setup.py install is deprecated -W ignore:easy_install command is deprecated setup.py egg_info --egg-base ../../build/assign4_650610841 build --build-base /home/robot_ws/build/assign4_650610841/build install --record /home/robot_ws/build/assign4_650610841/install.log --single-version-externally-managed install_data
[2.076s] running egg_info
[2.076s] writing ../../build/assign4_650610841/assign4_650610841.egg-info/PKG-INFO
[2.076s] writing dependency_links to ../../build/assign4_650610841/assign4_650610841.egg-info/dependency_links.txt
[2.076s] writing entry points to ../../build/assign4_650610841/assign4_650610841.egg-info/entry_points.txt
[2.077s] writing requirements to ../../build/assign4_650610841/assign4_650610841.egg-info/requires.txt
[2.077s] writing top-level names to ../../build/assign4_650610841/assign4_650610841.egg-info/top_level.txt
[2.078s] reading manifest file '../../build/assign4_650610841/assign4_650610841.egg-info/SOURCES.txt'
[2.078s] adding license file 'LICENSE'
[2.078s] writing manifest file '../../build/assign4_650610841/assign4_650610841.egg-info/SOURCES.txt'
[2.079s] running build
[2.079s] running build_py
[2.079s] running install
[2.079s] running install_lib
[2.080s] running install_data
[2.080s] running install_egg_info
[2.081s] removing '/home/robot_ws/install/assign4_650610841/lib/python3.10/site-packages/assign4_650610841-0.0.0-py3.10.egg-info' (and everything under it)
[2.081s] Copying ../../build/assign4_650610841/assign4_650610841.egg-info to /home/robot_ws/install/assign4_650610841/lib/python3.10/site-packages/assign4_650610841-0.0.0-py3.10.egg-info
[2.082s] running install_scripts
[2.098s] Installing lidar script to /home/robot_ws/install/assign4_650610841/lib/650610841_final
[2.099s] writing list of installed files to '/home/robot_ws/build/assign4_650610841/install.log'
[2.118s] Invoked command in '/home/robot_ws/src/assign4_650610841' returned '0': PYTHONPATH=/home/robot_ws/build/assign4_650610841/prefix_override:/usr/lib/python3/dist-packages/colcon_core/task/python/colcon_distutils_commands:/home/robot_ws/install/assign4_650610841/lib/python3.10/site-packages:${PYTHONPATH} /usr/bin/python3 -W ignore:setup.py install is deprecated -W ignore:easy_install command is deprecated setup.py egg_info --egg-base ../../build/assign4_650610841 build --build-base /home/robot_ws/build/assign4_650610841/build install --record /home/robot_ws/build/assign4_650610841/install.log --single-version-externally-managed install_data
