[0.000000] (-) TimerEvent: {}
[0.000414] (650610841_final) JobQueued: {'identifier': '650610841_final', 'dependencies': OrderedDict()}
[0.000594] (assign1_650610841) JobQueued: {'identifier': 'assign1_650610841', 'dependencies': OrderedDict()}
[0.000846] (assign3_650610841) JobQueued: {'identifier': 'assign3_650610841', 'dependencies': OrderedDict()}
[0.000878] (assign4_650610841) JobQueued: {'identifier': 'assign4_650610841', 'dependencies': OrderedDict()}
[0.000900] (myword_650610841) JobQueued: {'identifier': 'myword_650610841', 'dependencies': OrderedDict()}
[0.001009] (sllidar_ros2) JobQueued: {'identifier': 'sllidar_ros2', 'dependencies': OrderedDict()}
[0.001038] (assign2_650610841) JobQueued: {'identifier': 'assign2_650610841', 'dependencies': OrderedDict([('myword_650610841', '/home/robot_ws/install/myword_650610841')])}
[0.001063] (myword_650610841) JobStarted: {'identifier': 'myword_650610841'}
[0.013633] (650610841_final) JobStarted: {'identifier': '650610841_final'}
[0.018217] (assign1_650610841) JobStarted: {'identifier': 'assign1_650610841'}
[0.021507] (assign3_650610841) JobStarted: {'identifier': 'assign3_650610841'}
[0.025294] (assign4_650610841) JobStarted: {'identifier': 'assign4_650610841'}
[0.029094] (sllidar_ros2) JobStarted: {'identifier': 'sllidar_ros2'}
[0.033112] (myword_650610841) JobProgress: {'identifier': 'myword_650610841', 'progress': 'cmake'}
[0.033486] (myword_650610841) JobProgress: {'identifier': 'myword_650610841', 'progress': 'build'}
[0.034171] (myword_650610841) Command: {'cmd': ['/usr/bin/cmake', '--build', '/home/robot_ws/build/myword_650610841', '--', '-j16', '-l16'], 'cwd': '/home/robot_ws/build/myword_650610841', 'env': OrderedDict([('HOSTNAME', 'entity014'), ('SHLVL', '1'), ('LD_LIBRARY_PATH', '/home/robot_ws/install/myword_650610841/lib:/usr/lib/x86_64-linux-gnu/gazebo-11/plugins:/opt/ros/humble/opt/rviz_ogre_vendor/lib:/opt/ros/humble/lib/x86_64-linux-gnu:/opt/ros/humble/lib:/usr/lib/x86_64-linux-gnu/gazebo-11/plugins:'), ('HOME', '/home'), ('GAZEBO_MASTER_URI', 'http://localhost:11345'), ('ROS_PYTHON_VERSION', '3'), ('_colcon_cd_root', '/opt/ros/humble/'), ('COLCON_PREFIX_PATH', '/home/robot_ws/install'), ('ROS_DISTRO', 'humble'), ('_', '/usr/bin/colcon'), ('ROS_VERSION', '2'), ('NVIDIA_DRIVER_CAPABILITIES', 'all'), ('TERM', 'xterm'), ('GAZEBO_MODEL_PATH', '/usr/share/gazebo-11/models:'), ('ROS_LOCALHOST_ONLY', '0'), ('QT_X11_NO_MITSHM', '1'), ('OGRE_RESOURCE_PATH', '/usr/lib/x86_64-linux-gnu/OGRE-1.9.0'), ('PATH', '/opt/ros/humble/bin:/usr/local/sbin:/usr/local/bin:/usr/sbin:/usr/bin:/sbin:/bin'), ('XDG_RUNTIME_DIR', '/tmp/runtime-root'), ('DISPLAY', ':0'), ('LANG', 'C.UTF-8'), ('RMW_IMPLEMENTATION', 'rmw_cyclonedds_cpp'), ('ROS_DOMAIN_ID', '15'), ('AMENT_PREFIX_PATH', '/home/robot_ws/install/sllidar_ros2:/home/robot_ws/install/assign2_650610841:/home/robot_ws/install/myword_650610841:/home/robot_ws/install/assign4_650610841:/home/robot_ws/install/assign3_650610841:/home/robot_ws/install/assign1_650610841:/home/robot_ws/install/650610841_final:/opt/ros/humble'), ('NO_AT_BRIDGE', '1'), ('GAZEBO_RESOURCE_PATH', '/usr/share/gazebo-11:'), ('GAZEBO_MODEL_DATABASE_URI', 'http://models.gazebosim.org'), ('PWD', '/home/robot_ws/build/myword_650610841'), ('LC_ALL', 'C.UTF-8'), ('GAZEBO_PLUGIN_PATH', '/usr/lib/x86_64-linux-gnu/gazebo-11/plugins:'), ('PYTHONPATH', '/home/robot_ws/install/assign2_650610841/lib/python3.10/site-packages:/home/robot_ws/install/myword_650610841/local/lib/python3.10/dist-packages:/home/robot_ws/install/assign4_650610841/lib/python3.10/site-packages:/home/robot_ws/install/assign3_650610841/lib/python3.10/site-packages:/home/robot_ws/install/assign1_650610841/lib/python3.10/site-packages:/home/robot_ws/install/650610841_final/lib/python3.10/site-packages:/opt/ros/humble/lib/python3.10/site-packages:/opt/ros/humble/local/lib/python3.10/dist-packages'), ('COLCON', '1'), ('CMAKE_PREFIX_PATH', '/home/robot_ws/install/sllidar_ros2:/home/robot_ws/install/myword_650610841:/home/robot_ws/install/assign2_650610841:/home/robot_ws/install/assign4_650610841:/home/robot_ws/install/assign3_650610841:/home/robot_ws/install/assign1_650610841:/home/robot_ws/install/650610841_final:/opt/ros/humble')]), 'shell': False}
[0.099870] (-) TimerEvent: {}
[0.203369] (-) TimerEvent: {}
[0.304767] (-) TimerEvent: {}
[0.406403] (-) TimerEvent: {}
[0.506958] (-) TimerEvent: {}
[0.608571] (-) TimerEvent: {}
[0.710675] (-) TimerEvent: {}
[0.812014] (-) TimerEvent: {}
[0.912405] (-) TimerEvent: {}
[1.012818] (-) TimerEvent: {}
[1.113131] (-) TimerEvent: {}
[1.213457] (-) TimerEvent: {}
[1.239954] (myword_650610841) StdoutLine: {'line': b'[  2%] Built target myword_650610841__cpp\n'}
[1.240471] (myword_650610841) StdoutLine: {'line': b'[ 12%] Built target myword_650610841__rosidl_generator_c\n'}
[1.240743] (myword_650610841) StdoutLine: {'line': b'[ 12%] Built target ament_cmake_python_copy_myword_650610841\n'}
[1.241986] (myword_650610841) StdoutLine: {'line': b'[ 23%] Built target myword_650610841__rosidl_typesupport_introspection_cpp\n'}
[1.242481] (myword_650610841) StdoutLine: {'line': b'[ 33%] Built target myword_650610841__rosidl_typesupport_cpp\n'}
[1.242824] (myword_650610841) StdoutLine: {'line': b'[ 43%] Built target myword_650610841__rosidl_typesupport_fastrtps_cpp\n'}
[1.244066] (myword_650610841) StdoutLine: {'line': b'[ 61%] Built target myword_650610841__rosidl_typesupport_fastrtps_c\n'}
[1.244552] (myword_650610841) StdoutLine: {'line': b'[ 64%] Built target myword_650610841__rosidl_typesupport_introspection_c\n'}
[1.244944] (myword_650610841) StdoutLine: {'line': b'[ 74%] Built target myword_650610841__rosidl_typesupport_c\n'}
[1.247402] (myword_650610841) StdoutLine: {'line': b'[ 74%] Built target myword_650610841\n'}
[1.250734] (myword_650610841) StdoutLine: {'line': b'[ 76%] Built target myword_650610841__py\n'}
[1.252437] (myword_650610841) StdoutLine: {'line': b'[ 84%] Built target myword_650610841__rosidl_generator_py\n'}
[1.253063] (myword_650610841) StdoutLine: {'line': b'[ 94%] Built target myword_650610841__rosidl_typesupport_c__pyext\n'}
[1.254743] (myword_650610841) StdoutLine: {'line': b'[ 94%] Built target myword_650610841__rosidl_typesupport_fastrtps_c__pyext\n'}
[1.260963] (myword_650610841) StdoutLine: {'line': b'[100%] Built target myword_650610841__rosidl_typesupport_introspection_c__pyext\n'}
[1.261917] (myword_650610841) StdoutLine: {'line': b'running egg_info\n'}
[1.262374] (myword_650610841) StdoutLine: {'line': b'writing myword_650610841.egg-info/PKG-INFO\n'}
[1.262726] (myword_650610841) StdoutLine: {'line': b'writing dependency_links to myword_650610841.egg-info/dependency_links.txt\n'}
[1.263120] (myword_650610841) StdoutLine: {'line': b'writing top-level names to myword_650610841.egg-info/top_level.txt\n'}
[1.263694] (myword_650610841) StdoutLine: {'line': b"reading manifest file 'myword_650610841.egg-info/SOURCES.txt'\n"}
[1.264108] (myword_650610841) StdoutLine: {'line': b"writing manifest file 'myword_650610841.egg-info/SOURCES.txt'\n"}
[1.264991] (myword_650610841) StdoutLine: {'line': b'[100%] Built target ament_cmake_python_build_myword_650610841_egg\n'}
[1.266312] (myword_650610841) CommandEnded: {'returncode': 0}
[1.271969] (myword_650610841) JobProgress: {'identifier': 'myword_650610841', 'progress': 'install'}
[1.285555] (myword_650610841) Command: {'cmd': ['/usr/bin/cmake', '--install', '/home/robot_ws/build/myword_650610841'], 'cwd': '/home/robot_ws/build/myword_650610841', 'env': OrderedDict([('HOSTNAME', 'entity014'), ('SHLVL', '1'), ('LD_LIBRARY_PATH', '/home/robot_ws/install/myword_650610841/lib:/usr/lib/x86_64-linux-gnu/gazebo-11/plugins:/opt/ros/humble/opt/rviz_ogre_vendor/lib:/opt/ros/humble/lib/x86_64-linux-gnu:/opt/ros/humble/lib:/usr/lib/x86_64-linux-gnu/gazebo-11/plugins:'), ('HOME', '/home'), ('GAZEBO_MASTER_URI', 'http://localhost:11345'), ('ROS_PYTHON_VERSION', '3'), ('_colcon_cd_root', '/opt/ros/humble/'), ('COLCON_PREFIX_PATH', '/home/robot_ws/install'), ('ROS_DISTRO', 'humble'), ('_', '/usr/bin/colcon'), ('ROS_VERSION', '2'), ('NVIDIA_DRIVER_CAPABILITIES', 'all'), ('TERM', 'xterm'), ('GAZEBO_MODEL_PATH', '/usr/share/gazebo-11/models:'), ('ROS_LOCALHOST_ONLY', '0'), ('QT_X11_NO_MITSHM', '1'), ('OGRE_RESOURCE_PATH', '/usr/lib/x86_64-linux-gnu/OGRE-1.9.0'), ('PATH', '/opt/ros/humble/bin:/usr/local/sbin:/usr/local/bin:/usr/sbin:/usr/bin:/sbin:/bin'), ('XDG_RUNTIME_DIR', '/tmp/runtime-root'), ('DISPLAY', ':0'), ('LANG', 'C.UTF-8'), ('RMW_IMPLEMENTATION', 'rmw_cyclonedds_cpp'), ('ROS_DOMAIN_ID', '15'), ('AMENT_PREFIX_PATH', '/home/robot_ws/install/sllidar_ros2:/home/robot_ws/install/assign2_650610841:/home/robot_ws/install/myword_650610841:/home/robot_ws/install/assign4_650610841:/home/robot_ws/install/assign3_650610841:/home/robot_ws/install/assign1_650610841:/home/robot_ws/install/650610841_final:/opt/ros/humble'), ('NO_AT_BRIDGE', '1'), ('GAZEBO_RESOURCE_PATH', '/usr/share/gazebo-11:'), ('GAZEBO_MODEL_DATABASE_URI', 'http://models.gazebosim.org'), ('PWD', '/home/robot_ws/build/myword_650610841'), ('LC_ALL', 'C.UTF-8'), ('GAZEBO_PLUGIN_PATH', '/usr/lib/x86_64-linux-gnu/gazebo-11/plugins:'), ('PYTHONPATH', '/home/robot_ws/install/assign2_650610841/lib/python3.10/site-packages:/home/robot_ws/install/myword_650610841/local/lib/python3.10/dist-packages:/home/robot_ws/install/assign4_650610841/lib/python3.10/site-packages:/home/robot_ws/install/assign3_650610841/lib/python3.10/site-packages:/home/robot_ws/install/assign1_650610841/lib/python3.10/site-packages:/home/robot_ws/install/650610841_final/lib/python3.10/site-packages:/opt/ros/humble/lib/python3.10/site-packages:/opt/ros/humble/local/lib/python3.10/dist-packages'), ('COLCON', '1'), ('CMAKE_PREFIX_PATH', '/home/robot_ws/install/sllidar_ros2:/home/robot_ws/install/myword_650610841:/home/robot_ws/install/assign2_650610841:/home/robot_ws/install/assign4_650610841:/home/robot_ws/install/assign3_650610841:/home/robot_ws/install/assign1_650610841:/home/robot_ws/install/650610841_final:/opt/ros/humble')]), 'shell': False}
[1.287216] (sllidar_ros2) JobProgress: {'identifier': 'sllidar_ros2', 'progress': 'cmake'}
[1.287542] (sllidar_ros2) JobProgress: {'identifier': 'sllidar_ros2', 'progress': 'build'}
[1.287795] (sllidar_ros2) Command: {'cmd': ['/usr/bin/cmake', '--build', '/home/robot_ws/build/sllidar_ros2', '--', '-j16', '-l16'], 'cwd': '/home/robot_ws/build/sllidar_ros2', 'env': OrderedDict([('HOSTNAME', 'entity014'), ('SHLVL', '1'), ('LD_LIBRARY_PATH', '/home/robot_ws/install/myword_650610841/lib:/usr/lib/x86_64-linux-gnu/gazebo-11/plugins:/opt/ros/humble/opt/rviz_ogre_vendor/lib:/opt/ros/humble/lib/x86_64-linux-gnu:/opt/ros/humble/lib:/usr/lib/x86_64-linux-gnu/gazebo-11/plugins:'), ('HOME', '/home'), ('GAZEBO_MASTER_URI', 'http://localhost:11345'), ('ROS_PYTHON_VERSION', '3'), ('_colcon_cd_root', '/opt/ros/humble/'), ('COLCON_PREFIX_PATH', '/home/robot_ws/install'), ('ROS_DISTRO', 'humble'), ('_', '/usr/bin/colcon'), ('ROS_VERSION', '2'), ('NVIDIA_DRIVER_CAPABILITIES', 'all'), ('TERM', 'xterm'), ('GAZEBO_MODEL_PATH', '/usr/share/gazebo-11/models:'), ('ROS_LOCALHOST_ONLY', '0'), ('QT_X11_NO_MITSHM', '1'), ('OGRE_RESOURCE_PATH', '/usr/lib/x86_64-linux-gnu/OGRE-1.9.0'), ('PATH', '/opt/ros/humble/bin:/usr/local/sbin:/usr/local/bin:/usr/sbin:/usr/bin:/sbin:/bin'), ('XDG_RUNTIME_DIR', '/tmp/runtime-root'), ('DISPLAY', ':0'), ('LANG', 'C.UTF-8'), ('RMW_IMPLEMENTATION', 'rmw_cyclonedds_cpp'), ('ROS_DOMAIN_ID', '15'), ('AMENT_PREFIX_PATH', '/home/robot_ws/install/sllidar_ros2:/home/robot_ws/install/assign2_650610841:/home/robot_ws/install/myword_650610841:/home/robot_ws/install/assign4_650610841:/home/robot_ws/install/assign3_650610841:/home/robot_ws/install/assign1_650610841:/home/robot_ws/install/650610841_final:/opt/ros/humble'), ('NO_AT_BRIDGE', '1'), ('GAZEBO_RESOURCE_PATH', '/usr/share/gazebo-11:'), ('GAZEBO_MODEL_DATABASE_URI', 'http://models.gazebosim.org'), ('PWD', '/home/robot_ws/build/sllidar_ros2'), ('LC_ALL', 'C.UTF-8'), ('GAZEBO_PLUGIN_PATH', '/usr/lib/x86_64-linux-gnu/gazebo-11/plugins:'), ('PYTHONPATH', '/home/robot_ws/install/assign2_650610841/lib/python3.10/site-packages:/home/robot_ws/install/myword_650610841/local/lib/python3.10/dist-packages:/home/robot_ws/install/assign4_650610841/lib/python3.10/site-packages:/home/robot_ws/install/assign3_650610841/lib/python3.10/site-packages:/home/robot_ws/install/assign1_650610841/lib/python3.10/site-packages:/home/robot_ws/install/650610841_final/lib/python3.10/site-packages:/opt/ros/humble/lib/python3.10/site-packages:/opt/ros/humble/local/lib/python3.10/dist-packages'), ('COLCON', '1'), ('CMAKE_PREFIX_PATH', '/home/robot_ws/install/sllidar_ros2:/home/robot_ws/install/myword_650610841:/home/robot_ws/install/assign2_650610841:/home/robot_ws/install/assign4_650610841:/home/robot_ws/install/assign3_650610841:/home/robot_ws/install/assign1_650610841:/home/robot_ws/install/650610841_final:/opt/ros/humble')]), 'shell': False}
[1.316899] (-) TimerEvent: {}
[1.318051] (myword_650610841) StdoutLine: {'line': b'-- Install configuration: ""\n'}
[1.326039] (myword_650610841) StdoutLine: {'line': b'-- Up-to-date: /home/robot_ws/install/myword_650610841/share/ament_index/resource_index/rosidl_interfaces/myword_650610841\n'}
[1.327566] (myword_650610841) StdoutLine: {'line': b'-- Up-to-date: /home/robot_ws/install/myword_650610841/include/myword_650610841/myword_650610841\n'}
[1.331069] (myword_650610841) StdoutLine: {'line': b'-- Up-to-date: /home/robot_ws/install/myword_650610841/include/myword_650610841/myword_650610841/msg\n'}
[1.334706] (myword_650610841) StdoutLine: {'line': b'-- Up-to-date: /home/robot_ws/install/myword_650610841/include/myword_650610841/myword_650610841/msg/rosidl_generator_c__visibility_control.h\n'}
[1.339337] (myword_650610841) StdoutLine: {'line': b'-- Up-to-date: /home/robot_ws/install/myword_650610841/include/myword_650610841/myword_650610841/msg/detail\n'}
[1.343951] (myword_650610841) StdoutLine: {'line': b'-- Up-to-date: /home/robot_ws/install/myword_650610841/include/myword_650610841/myword_650610841/msg/detail/num__type_support.h\n'}
[1.350709] (myword_650610841) StdoutLine: {'line': b'-- Up-to-date: /home/robot_ws/install/myword_650610841/include/myword_650610841/myword_650610841/msg/detail/num__functions.h\n'}
[1.356767] (myword_650610841) StdoutLine: {'line': b'-- Up-to-date: /home/robot_ws/install/myword_650610841/include/myword_650610841/myword_650610841/msg/detail/num__functions.c\n'}
[1.358559] (myword_650610841) StdoutLine: {'line': b'-- Up-to-date: /home/robot_ws/install/myword_650610841/include/myword_650610841/myword_650610841/msg/detail/num__struct.h\n'}
[1.359270] (myword_650610841) StdoutLine: {'line': b'-- Up-to-date: /home/robot_ws/install/myword_650610841/include/myword_650610841/myword_650610841/msg/num.h\n'}
[1.359769] (myword_650610841) StdoutLine: {'line': b'-- Up-to-date: /home/robot_ws/install/myword_650610841/include/myword_650610841/myword_650610841/srv\n'}
[1.360375] (myword_650610841) StdoutLine: {'line': b'-- Up-to-date: /home/robot_ws/install/myword_650610841/include/myword_650610841/myword_650610841/srv/sum_four_int.h\n'}
[1.361756] (myword_650610841) StdoutLine: {'line': b'-- Up-to-date: /home/robot_ws/install/myword_650610841/include/myword_650610841/myword_650610841/srv/detail\n'}
[1.362368] (myword_650610841) StdoutLine: {'line': b'-- Up-to-date: /home/robot_ws/install/myword_650610841/include/myword_650610841/myword_650610841/srv/detail/sum_four_int__functions.c\n'}
[1.366208] (myword_650610841) StdoutLine: {'line': b'-- Up-to-date: /home/robot_ws/install/myword_650610841/include/myword_650610841/myword_650610841/srv/detail/sum_four_int__struct.h\n'}
[1.366874] (myword_650610841) StdoutLine: {'line': b'-- Up-to-date: /home/robot_ws/install/myword_650610841/include/myword_650610841/myword_650610841/srv/detail/sum_four_int__functions.h\n'}
[1.367520] (myword_650610841) StdoutLine: {'line': b'-- Up-to-date: /home/robot_ws/install/myword_650610841/include/myword_650610841/myword_650610841/srv/detail/sum_four_int__type_support.h\n'}
[1.369829] (myword_650610841) StdoutLine: {'line': b'-- Up-to-date: /home/robot_ws/install/myword_650610841/share/myword_650610841/environment/library_path.sh\n'}
[1.380449] (myword_650610841) StdoutLine: {'line': b'-- Up-to-date: /home/robot_ws/install/myword_650610841/share/myword_650610841/environment/library_path.dsv\n'}
[1.381708] (myword_650610841) StdoutLine: {'line': b'-- Up-to-date: /home/robot_ws/install/myword_650610841/lib/libmyword_650610841__rosidl_generator_c.so\n'}
[1.382479] (myword_650610841) StdoutLine: {'line': b'-- Up-to-date: /home/robot_ws/install/myword_650610841/include/myword_650610841/myword_650610841\n'}
[1.382680] (myword_650610841) StdoutLine: {'line': b'-- Up-to-date: /home/robot_ws/install/myword_650610841/include/myword_650610841/myword_650610841/msg\n'}
[1.382758] (myword_650610841) StdoutLine: {'line': b'-- Up-to-date: /home/robot_ws/install/myword_650610841/include/myword_650610841/myword_650610841/msg/rosidl_typesupport_fastrtps_c__visibility_control.h\n'}
[1.383339] (myword_650610841) StdoutLine: {'line': b'-- Up-to-date: /home/robot_ws/install/myword_650610841/include/myword_650610841/myword_650610841/msg/detail\n'}
[1.384185] (myword_650610841) StdoutLine: {'line': b'-- Up-to-date: /home/robot_ws/install/myword_650610841/include/myword_650610841/myword_650610841/msg/detail/num__rosidl_typesupport_fastrtps_c.h\n'}
[1.384900] (myword_650610841) StdoutLine: {'line': b'-- Up-to-date: /home/robot_ws/install/myword_650610841/include/myword_650610841/myword_650610841/srv\n'}
[1.385627] (myword_650610841) StdoutLine: {'line': b'-- Up-to-date: /home/robot_ws/install/myword_650610841/include/myword_650610841/myword_650610841/srv/detail\n'}
[1.386358] (myword_650610841) StdoutLine: {'line': b'-- Up-to-date: /home/robot_ws/install/myword_650610841/include/myword_650610841/myword_650610841/srv/detail/sum_four_int__rosidl_typesupport_fastrtps_c.h\n'}
[1.386983] (myword_650610841) StdoutLine: {'line': b'-- Up-to-date: /home/robot_ws/install/myword_650610841/lib/libmyword_650610841__rosidl_typesupport_fastrtps_c.so\n'}
[1.387638] (myword_650610841) StdoutLine: {'line': b'-- Up-to-date: /home/robot_ws/install/myword_650610841/include/myword_650610841/myword_650610841\n'}
[1.388275] (myword_650610841) StdoutLine: {'line': b'-- Up-to-date: /home/robot_ws/install/myword_650610841/include/myword_650610841/myword_650610841/msg\n'}
[1.388921] (myword_650610841) StdoutLine: {'line': b'-- Up-to-date: /home/robot_ws/install/myword_650610841/include/myword_650610841/myword_650610841/msg/detail\n'}
[1.389604] (myword_650610841) StdoutLine: {'line': b'-- Up-to-date: /home/robot_ws/install/myword_650610841/include/myword_650610841/myword_650610841/msg/detail/num__type_support.c\n'}
[1.390231] (myword_650610841) StdoutLine: {'line': b'-- Up-to-date: /home/robot_ws/install/myword_650610841/include/myword_650610841/myword_650610841/msg/detail/num__rosidl_typesupport_introspection_c.h\n'}
[1.390873] (myword_650610841) StdoutLine: {'line': b'-- Up-to-date: /home/robot_ws/install/myword_650610841/include/myword_650610841/myword_650610841/msg/rosidl_typesupport_introspection_c__visibility_control.h\n'}
[1.391520] (myword_650610841) StdoutLine: {'line': b'-- Up-to-date: /home/robot_ws/install/myword_650610841/include/myword_650610841/myword_650610841/srv\n'}
[1.392127] (myword_650610841) StdoutLine: {'line': b'-- Up-to-date: /home/robot_ws/install/myword_650610841/include/myword_650610841/myword_650610841/srv/detail\n'}
[1.392744] (myword_650610841) StdoutLine: {'line': b'-- Up-to-date: /home/robot_ws/install/myword_650610841/include/myword_650610841/myword_650610841/srv/detail/sum_four_int__rosidl_typesupport_introspection_c.h\n'}
[1.393369] (myword_650610841) StdoutLine: {'line': b'-- Up-to-date: /home/robot_ws/install/myword_650610841/include/myword_650610841/myword_650610841/srv/detail/sum_four_int__type_support.c\n'}
[1.393965] (myword_650610841) StdoutLine: {'line': b'-- Up-to-date: /home/robot_ws/install/myword_650610841/lib/libmyword_650610841__rosidl_typesupport_introspection_c.so\n'}
[1.394614] (myword_650610841) StdoutLine: {'line': b'-- Up-to-date: /home/robot_ws/install/myword_650610841/lib/libmyword_650610841__rosidl_typesupport_c.so\n'}
[1.395199] (myword_650610841) StdoutLine: {'line': b'-- Up-to-date: /home/robot_ws/install/myword_650610841/include/myword_650610841/myword_650610841\n'}
[1.395756] (myword_650610841) StdoutLine: {'line': b'-- Up-to-date: /home/robot_ws/install/myword_650610841/include/myword_650610841/myword_650610841/msg\n'}
[1.395853] (myword_650610841) StdoutLine: {'line': b'-- Up-to-date: /home/robot_ws/install/myword_650610841/include/myword_650610841/myword_650610841/msg/num.hpp\n'}
[1.396179] (myword_650610841) StdoutLine: {'line': b'-- Up-to-date: /home/robot_ws/install/myword_650610841/include/myword_650610841/myword_650610841/msg/rosidl_generator_cpp__visibility_control.hpp\n'}
[1.396770] (myword_650610841) StdoutLine: {'line': b'-- Up-to-date: /home/robot_ws/install/myword_650610841/include/myword_650610841/myword_650610841/msg/detail\n'}
[1.397369] (myword_650610841) StdoutLine: {'line': b'-- Up-to-date: /home/robot_ws/install/myword_650610841/include/myword_650610841/myword_650610841/msg/detail/num__traits.hpp\n'}
[1.397912] (myword_650610841) StdoutLine: {'line': b'-- Up-to-date: /home/robot_ws/install/myword_650610841/include/myword_650610841/myword_650610841/msg/detail/num__struct.hpp\n'}
[1.398503] (myword_650610841) StdoutLine: {'line': b'-- Up-to-date: /home/robot_ws/install/myword_650610841/include/myword_650610841/myword_650610841/msg/detail/num__builder.hpp\n'}
[1.399073] (myword_650610841) StdoutLine: {'line': b'-- Up-to-date: /home/robot_ws/install/myword_650610841/include/myword_650610841/myword_650610841/msg/detail/num__type_support.hpp\n'}
[1.399749] (myword_650610841) StdoutLine: {'line': b'-- Up-to-date: /home/robot_ws/install/myword_650610841/include/myword_650610841/myword_650610841/srv\n'}
[1.400433] (myword_650610841) StdoutLine: {'line': b'-- Up-to-date: /home/robot_ws/install/myword_650610841/include/myword_650610841/myword_650610841/srv/detail\n'}
[1.401108] (myword_650610841) StdoutLine: {'line': b'-- Up-to-date: /home/robot_ws/install/myword_650610841/include/myword_650610841/myword_650610841/srv/detail/sum_four_int__type_support.hpp\n'}
[1.401776] (myword_650610841) StdoutLine: {'line': b'-- Up-to-date: /home/robot_ws/install/myword_650610841/include/myword_650610841/myword_650610841/srv/detail/sum_four_int__struct.hpp\n'}
[1.402461] (myword_650610841) StdoutLine: {'line': b'-- Up-to-date: /home/robot_ws/install/myword_650610841/include/myword_650610841/myword_650610841/srv/detail/sum_four_int__builder.hpp\n'}
[1.403072] (myword_650610841) StdoutLine: {'line': b'-- Up-to-date: /home/robot_ws/install/myword_650610841/include/myword_650610841/myword_650610841/srv/detail/sum_four_int__traits.hpp\n'}
[1.403724] (myword_650610841) StdoutLine: {'line': b'-- Up-to-date: /home/robot_ws/install/myword_650610841/include/myword_650610841/myword_650610841/srv/sum_four_int.hpp\n'}
[1.404335] (myword_650610841) StdoutLine: {'line': b'-- Up-to-date: /home/robot_ws/install/myword_650610841/include/myword_650610841/myword_650610841\n'}
[1.404979] (myword_650610841) StdoutLine: {'line': b'-- Up-to-date: /home/robot_ws/install/myword_650610841/include/myword_650610841/myword_650610841/msg\n'}
[1.405608] (myword_650610841) StdoutLine: {'line': b'-- Up-to-date: /home/robot_ws/install/myword_650610841/include/myword_650610841/myword_650610841/msg/detail\n'}
[1.406202] (myword_650610841) StdoutLine: {'line': b'-- Up-to-date: /home/robot_ws/install/myword_650610841/include/myword_650610841/myword_650610841/msg/detail/dds_fastrtps\n'}
[1.406770] (myword_650610841) StdoutLine: {'line': b'-- Up-to-date: /home/robot_ws/install/myword_650610841/include/myword_650610841/myword_650610841/msg/detail/num__rosidl_typesupport_fastrtps_cpp.hpp\n'}
[1.407374] (myword_650610841) StdoutLine: {'line': b'-- Up-to-date: /home/robot_ws/install/myword_650610841/include/myword_650610841/myword_650610841/msg/rosidl_typesupport_fastrtps_cpp__visibility_control.h\n'}
[1.407954] (myword_650610841) StdoutLine: {'line': b'-- Up-to-date: /home/robot_ws/install/myword_650610841/include/myword_650610841/myword_650610841/srv\n'}
[1.408556] (myword_650610841) StdoutLine: {'line': b'-- Up-to-date: /home/robot_ws/install/myword_650610841/include/myword_650610841/myword_650610841/srv/detail\n'}
[1.408882] (myword_650610841) StdoutLine: {'line': b'-- Up-to-date: /home/robot_ws/install/myword_650610841/include/myword_650610841/myword_650610841/srv/detail/sum_four_int__rosidl_typesupport_fastrtps_cpp.hpp\n'}
[1.408963] (myword_650610841) StdoutLine: {'line': b'-- Up-to-date: /home/robot_ws/install/myword_650610841/include/myword_650610841/myword_650610841/srv/detail/dds_fastrtps\n'}
[1.409453] (myword_650610841) StdoutLine: {'line': b'-- Up-to-date: /home/robot_ws/install/myword_650610841/lib/libmyword_650610841__rosidl_typesupport_fastrtps_cpp.so\n'}
[1.410556] (myword_650610841) StdoutLine: {'line': b'-- Up-to-date: /home/robot_ws/install/myword_650610841/include/myword_650610841/myword_650610841\n'}
[1.411137] (myword_650610841) StdoutLine: {'line': b'-- Up-to-date: /home/robot_ws/install/myword_650610841/include/myword_650610841/myword_650610841/msg\n'}
[1.411628] (myword_650610841) StdoutLine: {'line': b'-- Up-to-date: /home/robot_ws/install/myword_650610841/include/myword_650610841/myword_650610841/msg/detail\n'}
[1.412111] (myword_650610841) StdoutLine: {'line': b'-- Up-to-date: /home/robot_ws/install/myword_650610841/include/myword_650610841/myword_650610841/msg/detail/num__type_support.cpp\n'}
[1.412584] (myword_650610841) StdoutLine: {'line': b'-- Up-to-date: /home/robot_ws/install/myword_650610841/include/myword_650610841/myword_650610841/msg/detail/num__rosidl_typesupport_introspection_cpp.hpp\n'}
[1.413058] (myword_650610841) StdoutLine: {'line': b'-- Up-to-date: /home/robot_ws/install/myword_650610841/include/myword_650610841/myword_650610841/srv\n'}
[1.413573] (myword_650610841) StdoutLine: {'line': b'-- Up-to-date: /home/robot_ws/install/myword_650610841/include/myword_650610841/myword_650610841/srv/detail\n'}
[1.414130] (myword_650610841) StdoutLine: {'line': b'-- Up-to-date: /home/robot_ws/install/myword_650610841/include/myword_650610841/myword_650610841/srv/detail/sum_four_int__rosidl_typesupport_introspection_cpp.hpp\n'}
[1.414672] (myword_650610841) StdoutLine: {'line': b'-- Up-to-date: /home/robot_ws/install/myword_650610841/include/myword_650610841/myword_650610841/srv/detail/sum_four_int__type_support.cpp\n'}
[1.415161] (myword_650610841) StdoutLine: {'line': b'-- Up-to-date: /home/robot_ws/install/myword_650610841/lib/libmyword_650610841__rosidl_typesupport_introspection_cpp.so\n'}
[1.415571] (myword_650610841) StdoutLine: {'line': b'-- Up-to-date: /home/robot_ws/install/myword_650610841/lib/libmyword_650610841__rosidl_typesupport_cpp.so\n'}
[1.415850] (myword_650610841) StdoutLine: {'line': b'-- Up-to-date: /home/robot_ws/install/myword_650610841/share/myword_650610841/environment/pythonpath.sh\n'}
[1.416170] (myword_650610841) StdoutLine: {'line': b'-- Up-to-date: /home/robot_ws/install/myword_650610841/share/myword_650610841/environment/pythonpath.dsv\n'}
[1.416531] (myword_650610841) StdoutLine: {'line': b'-- Up-to-date: /home/robot_ws/install/myword_650610841/local/lib/python3.10/dist-packages/myword_650610841-0.0.0-py3.10.egg-info\n'}
[1.416900] (-) TimerEvent: {}
[1.417811] (myword_650610841) StdoutLine: {'line': b'-- Installing: /home/robot_ws/install/myword_650610841/local/lib/python3.10/dist-packages/myword_650610841-0.0.0-py3.10.egg-info/SOURCES.txt\n'}
[1.418502] (myword_650610841) StdoutLine: {'line': b'-- Installing: /home/robot_ws/install/myword_650610841/local/lib/python3.10/dist-packages/myword_650610841-0.0.0-py3.10.egg-info/PKG-INFO\n'}
[1.419452] (myword_650610841) StdoutLine: {'line': b'-- Installing: /home/robot_ws/install/myword_650610841/local/lib/python3.10/dist-packages/myword_650610841-0.0.0-py3.10.egg-info/top_level.txt\n'}
[1.419909] (myword_650610841) StdoutLine: {'line': b'-- Installing: /home/robot_ws/install/myword_650610841/local/lib/python3.10/dist-packages/myword_650610841-0.0.0-py3.10.egg-info/dependency_links.txt\n'}
[1.420370] (myword_650610841) StdoutLine: {'line': b'-- Up-to-date: /home/robot_ws/install/myword_650610841/local/lib/python3.10/dist-packages/myword_650610841\n'}
[1.420820] (myword_650610841) StdoutLine: {'line': b'-- Up-to-date: /home/robot_ws/install/myword_650610841/local/lib/python3.10/dist-packages/myword_650610841/myword_650610841_s__rosidl_typesupport_introspection_c.cpython-310-x86_64-linux-gnu.so\n'}
[1.421385] (myword_650610841) StdoutLine: {'line': b'-- Up-to-date: /home/robot_ws/install/myword_650610841/local/lib/python3.10/dist-packages/myword_650610841/msg\n'}
[1.421892] (myword_650610841) StdoutLine: {'line': b'-- Up-to-date: /home/robot_ws/install/myword_650610841/local/lib/python3.10/dist-packages/myword_650610841/msg/_num.py\n'}
[1.422011] (myword_650610841) StdoutLine: {'line': b'-- Up-to-date: /home/robot_ws/install/myword_650610841/local/lib/python3.10/dist-packages/myword_650610841/msg/_num_s.c\n'}
[1.422074] (myword_650610841) StdoutLine: {'line': b'-- Up-to-date: /home/robot_ws/install/myword_650610841/local/lib/python3.10/dist-packages/myword_650610841/msg/__init__.py\n'}
[1.422134] (myword_650610841) StdoutLine: {'line': b'-- Up-to-date: /home/robot_ws/install/myword_650610841/local/lib/python3.10/dist-packages/myword_650610841/_myword_650610841_s.ep.rosidl_typesupport_fastrtps_c.c\n'}
[1.422425] (myword_650610841) StdoutLine: {'line': b'-- Up-to-date: /home/robot_ws/install/myword_650610841/local/lib/python3.10/dist-packages/myword_650610841/libmyword_650610841__rosidl_generator_py.so\n'}
[1.422845] (myword_650610841) StdoutLine: {'line': b'-- Up-to-date: /home/robot_ws/install/myword_650610841/local/lib/python3.10/dist-packages/myword_650610841/_myword_650610841_s.ep.rosidl_typesupport_c.c\n'}
[1.423340] (myword_650610841) StdoutLine: {'line': b'-- Up-to-date: /home/robot_ws/install/myword_650610841/local/lib/python3.10/dist-packages/myword_650610841/srv\n'}
[1.423791] (myword_650610841) StdoutLine: {'line': b'-- Up-to-date: /home/robot_ws/install/myword_650610841/local/lib/python3.10/dist-packages/myword_650610841/srv/_sum_four_int_s.c\n'}
[1.424132] (myword_650610841) StdoutLine: {'line': b'-- Up-to-date: /home/robot_ws/install/myword_650610841/local/lib/python3.10/dist-packages/myword_650610841/srv/__init__.py\n'}
[1.424550] (myword_650610841) StdoutLine: {'line': b'-- Up-to-date: /home/robot_ws/install/myword_650610841/local/lib/python3.10/dist-packages/myword_650610841/srv/_sum_four_int.py\n'}
[1.424881] (myword_650610841) StdoutLine: {'line': b'-- Up-to-date: /home/robot_ws/install/myword_650610841/local/lib/python3.10/dist-packages/myword_650610841/myword_650610841_s__rosidl_typesupport_c.cpython-310-x86_64-linux-gnu.so\n'}
[1.425186] (myword_650610841) StdoutLine: {'line': b'-- Up-to-date: /home/robot_ws/install/myword_650610841/local/lib/python3.10/dist-packages/myword_650610841/myword_650610841_s__rosidl_typesupport_fastrtps_c.cpython-310-x86_64-linux-gnu.so\n'}
[1.425538] (myword_650610841) StdoutLine: {'line': b'-- Up-to-date: /home/robot_ws/install/myword_650610841/local/lib/python3.10/dist-packages/myword_650610841/_myword_650610841_s.ep.rosidl_typesupport_introspection_c.c\n'}
[1.425838] (myword_650610841) StdoutLine: {'line': b'-- Up-to-date: /home/robot_ws/install/myword_650610841/local/lib/python3.10/dist-packages/myword_650610841/__init__.py\n'}
[1.517225] (-) TimerEvent: {}
[1.618989] (-) TimerEvent: {}
[1.635830] (myword_650610841) StdoutLine: {'line': b"Listing '/home/robot_ws/install/myword_650610841/local/lib/python3.10/dist-packages/myword_650610841'...\n"}
[1.639659] (myword_650610841) StdoutLine: {'line': b"Listing '/home/robot_ws/install/myword_650610841/local/lib/python3.10/dist-packages/myword_650610841/msg'...\n"}
[1.641362] (myword_650610841) StdoutLine: {'line': b"Listing '/home/robot_ws/install/myword_650610841/local/lib/python3.10/dist-packages/myword_650610841/srv'...\n"}
[1.644767] (sllidar_ros2) StdoutLine: {'line': b'[ 10%] Built target sllidar_client\n'}
[1.671467] (myword_650610841) StdoutLine: {'line': b'-- Up-to-date: /home/robot_ws/install/myword_650610841/local/lib/python3.10/dist-packages/myword_650610841/myword_650610841_s__rosidl_typesupport_fastrtps_c.cpython-310-x86_64-linux-gnu.so\n'}
[1.673031] (myword_650610841) StdoutLine: {'line': b'-- Up-to-date: /home/robot_ws/install/myword_650610841/local/lib/python3.10/dist-packages/myword_650610841/myword_650610841_s__rosidl_typesupport_introspection_c.cpython-310-x86_64-linux-gnu.so\n'}
[1.674628] (myword_650610841) StdoutLine: {'line': b'-- Up-to-date: /home/robot_ws/install/myword_650610841/local/lib/python3.10/dist-packages/myword_650610841/myword_650610841_s__rosidl_typesupport_c.cpython-310-x86_64-linux-gnu.so\n'}
[1.676191] (myword_650610841) StdoutLine: {'line': b'-- Up-to-date: /home/robot_ws/install/myword_650610841/lib/libmyword_650610841__rosidl_generator_py.so\n'}
[1.677735] (myword_650610841) StdoutLine: {'line': b'-- Up-to-date: /home/robot_ws/install/myword_650610841/share/myword_650610841/msg/Num.idl\n'}
[1.678437] (myword_650610841) StdoutLine: {'line': b'-- Up-to-date: /home/robot_ws/install/myword_650610841/share/myword_650610841/srv/SumFourInt.idl\n'}
[1.680794] (myword_650610841) StdoutLine: {'line': b'-- Up-to-date: /home/robot_ws/install/myword_650610841/share/myword_650610841/msg/Num.msg\n'}
[1.682259] (myword_650610841) StdoutLine: {'line': b'-- Up-to-date: /home/robot_ws/install/myword_650610841/share/myword_650610841/srv/SumFourInt.srv\n'}
[1.682945] (myword_650610841) StdoutLine: {'line': b'-- Up-to-date: /home/robot_ws/install/myword_650610841/share/myword_650610841/srv/SumFourInt_Request.msg\n'}
[1.683525] (myword_650610841) StdoutLine: {'line': b'-- Up-to-date: /home/robot_ws/install/myword_650610841/share/myword_650610841/srv/SumFourInt_Response.msg\n'}
[1.684059] (myword_650610841) StdoutLine: {'line': b'-- Up-to-date: /home/robot_ws/install/myword_650610841/share/ament_index/resource_index/package_run_dependencies/myword_650610841\n'}
[1.685652] (myword_650610841) StdoutLine: {'line': b'-- Up-to-date: /home/robot_ws/install/myword_650610841/share/ament_index/resource_index/parent_prefix_path/myword_650610841\n'}
[1.686119] (myword_650610841) StdoutLine: {'line': b'-- Up-to-date: /home/robot_ws/install/myword_650610841/share/myword_650610841/environment/ament_prefix_path.sh\n'}
[1.686256] (myword_650610841) StdoutLine: {'line': b'-- Up-to-date: /home/robot_ws/install/myword_650610841/share/myword_650610841/environment/ament_prefix_path.dsv\n'}
[1.692007] (myword_650610841) StdoutLine: {'line': b'-- Up-to-date: /home/robot_ws/install/myword_650610841/share/myword_650610841/environment/path.sh\n'}
[1.693651] (myword_650610841) StdoutLine: {'line': b'-- Up-to-date: /home/robot_ws/install/myword_650610841/share/myword_650610841/environment/path.dsv\n'}
[1.694990] (myword_650610841) StdoutLine: {'line': b'-- Up-to-date: /home/robot_ws/install/myword_650610841/share/myword_650610841/local_setup.bash\n'}
[1.695744] (myword_650610841) StdoutLine: {'line': b'-- Up-to-date: /home/robot_ws/install/myword_650610841/share/myword_650610841/local_setup.sh\n'}
[1.696367] (myword_650610841) StdoutLine: {'line': b'-- Up-to-date: /home/robot_ws/install/myword_650610841/share/myword_650610841/local_setup.zsh\n'}
[1.698537] (myword_650610841) StdoutLine: {'line': b'-- Up-to-date: /home/robot_ws/install/myword_650610841/share/myword_650610841/local_setup.dsv\n'}
[1.699099] (myword_650610841) StdoutLine: {'line': b'-- Installing: /home/robot_ws/install/myword_650610841/share/myword_650610841/package.dsv\n'}
[1.699229] (myword_650610841) StdoutLine: {'line': b'-- Up-to-date: /home/robot_ws/install/myword_650610841/share/ament_index/resource_index/packages/myword_650610841\n'}
[1.699282] (myword_650610841) StdoutLine: {'line': b'-- Up-to-date: /home/robot_ws/install/myword_650610841/share/myword_650610841/cmake/export_myword_650610841__rosidl_generator_cExport.cmake\n'}
[1.699333] (myword_650610841) StdoutLine: {'line': b'-- Up-to-date: /home/robot_ws/install/myword_650610841/share/myword_650610841/cmake/export_myword_650610841__rosidl_generator_cExport-noconfig.cmake\n'}
[1.699729] (myword_650610841) StdoutLine: {'line': b'-- Up-to-date: /home/robot_ws/install/myword_650610841/share/myword_650610841/cmake/export_myword_650610841__rosidl_typesupport_fastrtps_cExport.cmake\n'}
[1.700197] (myword_650610841) StdoutLine: {'line': b'-- Up-to-date: /home/robot_ws/install/myword_650610841/share/myword_650610841/cmake/export_myword_650610841__rosidl_typesupport_fastrtps_cExport-noconfig.cmake\n'}
[1.700743] (sllidar_ros2) StdoutLine: {'line': b'[100%] Built target sllidar_node\n'}
[1.701299] (myword_650610841) StdoutLine: {'line': b'-- Up-to-date: /home/robot_ws/install/myword_650610841/share/myword_650610841/cmake/myword_650610841__rosidl_typesupport_introspection_cExport.cmake\n'}
[1.701834] (myword_650610841) StdoutLine: {'line': b'-- Up-to-date: /home/robot_ws/install/myword_650610841/share/myword_650610841/cmake/myword_650610841__rosidl_typesupport_introspection_cExport-noconfig.cmake\n'}
[1.705914] (myword_650610841) StdoutLine: {'line': b'-- Up-to-date: /home/robot_ws/install/myword_650610841/share/myword_650610841/cmake/myword_650610841__rosidl_typesupport_cExport.cmake\n'}
[1.706586] (myword_650610841) StdoutLine: {'line': b'-- Up-to-date: /home/robot_ws/install/myword_650610841/share/myword_650610841/cmake/myword_650610841__rosidl_typesupport_cExport-noconfig.cmake\n'}
[1.707109] (myword_650610841) StdoutLine: {'line': b'-- Up-to-date: /home/robot_ws/install/myword_650610841/share/myword_650610841/cmake/export_myword_650610841__rosidl_generator_cppExport.cmake\n'}
[1.707634] (myword_650610841) StdoutLine: {'line': b'-- Up-to-date: /home/robot_ws/install/myword_650610841/share/myword_650610841/cmake/export_myword_650610841__rosidl_typesupport_fastrtps_cppExport.cmake\n'}
[1.708217] (myword_650610841) StdoutLine: {'line': b'-- Up-to-date: /home/robot_ws/install/myword_650610841/share/myword_650610841/cmake/export_myword_650610841__rosidl_typesupport_fastrtps_cppExport-noconfig.cmake\n'}
[1.708801] (myword_650610841) StdoutLine: {'line': b'-- Up-to-date: /home/robot_ws/install/myword_650610841/share/myword_650610841/cmake/myword_650610841__rosidl_typesupport_introspection_cppExport.cmake\n'}
[1.712330] (myword_650610841) StdoutLine: {'line': b'-- Up-to-date: /home/robot_ws/install/myword_650610841/share/myword_650610841/cmake/myword_650610841__rosidl_typesupport_introspection_cppExport-noconfig.cmake\n'}
[1.717388] (myword_650610841) StdoutLine: {'line': b'-- Up-to-date: /home/robot_ws/install/myword_650610841/share/myword_650610841/cmake/myword_650610841__rosidl_typesupport_cppExport.cmake\n'}
[1.718430] (myword_650610841) StdoutLine: {'line': b'-- Up-to-date: /home/robot_ws/install/myword_650610841/share/myword_650610841/cmake/myword_650610841__rosidl_typesupport_cppExport-noconfig.cmake\n'}
[1.719249] (-) TimerEvent: {}
[1.721487] (myword_650610841) StdoutLine: {'line': b'-- Up-to-date: /home/robot_ws/install/myword_650610841/share/myword_650610841/cmake/export_myword_650610841__rosidl_generator_pyExport.cmake\n'}
[1.725278] (myword_650610841) StdoutLine: {'line': b'-- Up-to-date: /home/robot_ws/install/myword_650610841/share/myword_650610841/cmake/export_myword_650610841__rosidl_generator_pyExport-noconfig.cmake\n'}
[1.725554] (myword_650610841) StdoutLine: {'line': b'-- Up-to-date: /home/robot_ws/install/myword_650610841/share/myword_650610841/cmake/rosidl_cmake-extras.cmake\n'}
[1.726061] (myword_650610841) StdoutLine: {'line': b'-- Up-to-date: /home/robot_ws/install/myword_650610841/share/myword_650610841/cmake/ament_cmake_export_include_directories-extras.cmake\n'}
[1.726852] (myword_650610841) StdoutLine: {'line': b'-- Up-to-date: /home/robot_ws/install/myword_650610841/share/myword_650610841/cmake/ament_cmake_export_libraries-extras.cmake\n'}
[1.727625] (myword_650610841) StdoutLine: {'line': b'-- Up-to-date: /home/robot_ws/install/myword_650610841/share/myword_650610841/cmake/ament_cmake_export_targets-extras.cmake\n'}
[1.735586] (myword_650610841) StdoutLine: {'line': b'-- Up-to-date: /home/robot_ws/install/myword_650610841/share/myword_650610841/cmake/rosidl_cmake_export_typesupport_targets-extras.cmake\n'}
[1.736914] (myword_650610841) StdoutLine: {'line': b'-- Up-to-date: /home/robot_ws/install/myword_650610841/share/myword_650610841/cmake/ament_cmake_export_dependencies-extras.cmake\n'}
[1.737788] (myword_650610841) StdoutLine: {'line': b'-- Up-to-date: /home/robot_ws/install/myword_650610841/share/myword_650610841/cmake/rosidl_cmake_export_typesupport_libraries-extras.cmake\n'}
[1.738598] (myword_650610841) StdoutLine: {'line': b'-- Up-to-date: /home/robot_ws/install/myword_650610841/share/myword_650610841/cmake/myword_650610841Config.cmake\n'}
[1.738708] (myword_650610841) StdoutLine: {'line': b'-- Up-to-date: /home/robot_ws/install/myword_650610841/share/myword_650610841/cmake/myword_650610841Config-version.cmake\n'}
[1.739215] (myword_650610841) StdoutLine: {'line': b'-- Up-to-date: /home/robot_ws/install/myword_650610841/share/myword_650610841/package.xml\n'}
[1.740055] (myword_650610841) CommandEnded: {'returncode': 0}
[1.828343] (-) TimerEvent: {}
[1.932588] (-) TimerEvent: {}
[1.956225] (myword_650610841) JobEnded: {'identifier': 'myword_650610841', 'rc': 0}
[1.959068] (assign2_650610841) JobStarted: {'identifier': 'assign2_650610841'}
[2.014982] (sllidar_ros2) CommandEnded: {'returncode': 0}
[2.023687] (sllidar_ros2) JobProgress: {'identifier': 'sllidar_ros2', 'progress': 'install'}
[2.024971] (sllidar_ros2) Command: {'cmd': ['/usr/bin/cmake', '--install', '/home/robot_ws/build/sllidar_ros2'], 'cwd': '/home/robot_ws/build/sllidar_ros2', 'env': OrderedDict([('HOSTNAME', 'entity014'), ('SHLVL', '1'), ('LD_LIBRARY_PATH', '/home/robot_ws/install/myword_650610841/lib:/usr/lib/x86_64-linux-gnu/gazebo-11/plugins:/opt/ros/humble/opt/rviz_ogre_vendor/lib:/opt/ros/humble/lib/x86_64-linux-gnu:/opt/ros/humble/lib:/usr/lib/x86_64-linux-gnu/gazebo-11/plugins:'), ('HOME', '/home'), ('GAZEBO_MASTER_URI', 'http://localhost:11345'), ('ROS_PYTHON_VERSION', '3'), ('_colcon_cd_root', '/opt/ros/humble/'), ('COLCON_PREFIX_PATH', '/home/robot_ws/install'), ('ROS_DISTRO', 'humble'), ('_', '/usr/bin/colcon'), ('ROS_VERSION', '2'), ('NVIDIA_DRIVER_CAPABILITIES', 'all'), ('TERM', 'xterm'), ('GAZEBO_MODEL_PATH', '/usr/share/gazebo-11/models:'), ('ROS_LOCALHOST_ONLY', '0'), ('QT_X11_NO_MITSHM', '1'), ('OGRE_RESOURCE_PATH', '/usr/lib/x86_64-linux-gnu/OGRE-1.9.0'), ('PATH', '/opt/ros/humble/bin:/usr/local/sbin:/usr/local/bin:/usr/sbin:/usr/bin:/sbin:/bin'), ('XDG_RUNTIME_DIR', '/tmp/runtime-root'), ('DISPLAY', ':0'), ('LANG', 'C.UTF-8'), ('RMW_IMPLEMENTATION', 'rmw_cyclonedds_cpp'), ('ROS_DOMAIN_ID', '15'), ('AMENT_PREFIX_PATH', '/home/robot_ws/install/sllidar_ros2:/home/robot_ws/install/assign2_650610841:/home/robot_ws/install/myword_650610841:/home/robot_ws/install/assign4_650610841:/home/robot_ws/install/assign3_650610841:/home/robot_ws/install/assign1_650610841:/home/robot_ws/install/650610841_final:/opt/ros/humble'), ('NO_AT_BRIDGE', '1'), ('GAZEBO_RESOURCE_PATH', '/usr/share/gazebo-11:'), ('GAZEBO_MODEL_DATABASE_URI', 'http://models.gazebosim.org'), ('PWD', '/home/robot_ws/build/sllidar_ros2'), ('LC_ALL', 'C.UTF-8'), ('GAZEBO_PLUGIN_PATH', '/usr/lib/x86_64-linux-gnu/gazebo-11/plugins:'), ('PYTHONPATH', '/home/robot_ws/install/assign2_650610841/lib/python3.10/site-packages:/home/robot_ws/install/myword_650610841/local/lib/python3.10/dist-packages:/home/robot_ws/install/assign4_650610841/lib/python3.10/site-packages:/home/robot_ws/install/assign3_650610841/lib/python3.10/site-packages:/home/robot_ws/install/assign1_650610841/lib/python3.10/site-packages:/home/robot_ws/install/650610841_final/lib/python3.10/site-packages:/opt/ros/humble/lib/python3.10/site-packages:/opt/ros/humble/local/lib/python3.10/dist-packages'), ('COLCON', '1'), ('CMAKE_PREFIX_PATH', '/home/robot_ws/install/sllidar_ros2:/home/robot_ws/install/myword_650610841:/home/robot_ws/install/assign2_650610841:/home/robot_ws/install/assign4_650610841:/home/robot_ws/install/assign3_650610841:/home/robot_ws/install/assign1_650610841:/home/robot_ws/install/650610841_final:/opt/ros/humble')]), 'shell': False}
[2.033121] (-) TimerEvent: {}
[2.079969] (sllidar_ros2) StdoutLine: {'line': b'-- Install configuration: ""\n'}
[2.081820] (sllidar_ros2) StdoutLine: {'line': b'-- Up-to-date: /home/robot_ws/install/sllidar_ros2/share/sllidar_ros2/launch\n'}
[2.082637] (sllidar_ros2) StdoutLine: {'line': b'-- Up-to-date: /home/robot_ws/install/sllidar_ros2/share/sllidar_ros2/launch/sllidar_s1_tcp_launch.py\n'}
[2.083606] (sllidar_ros2) StdoutLine: {'line': b'-- Up-to-date: /home/robot_ws/install/sllidar_ros2/share/sllidar_ros2/launch/sllidar_s1_launch.py\n'}
[2.084163] (sllidar_ros2) StdoutLine: {'line': b'-- Up-to-date: /home/robot_ws/install/sllidar_ros2/share/sllidar_ros2/launch/view_sllidar_a1_launch.py\n'}
[2.084676] (sllidar_ros2) StdoutLine: {'line': b'-- Up-to-date: /home/robot_ws/install/sllidar_ros2/share/sllidar_ros2/launch/view_sllidar_s3_launch.py\n'}
[2.085161] (sllidar_ros2) StdoutLine: {'line': b'-- Up-to-date: /home/robot_ws/install/sllidar_ros2/share/sllidar_ros2/launch/sllidar_a3_launch.py\n'}
[2.086707] (sllidar_ros2) StdoutLine: {'line': b'-- Up-to-date: /home/robot_ws/install/sllidar_ros2/share/sllidar_ros2/launch/sllidar_s3_launch.py\n'}
[2.087887] (sllidar_ros2) StdoutLine: {'line': b'-- Up-to-date: /home/robot_ws/install/sllidar_ros2/share/sllidar_ros2/launch/view_sllidar_s1_tcp_launch.py\n'}
[2.088423] (sllidar_ros2) StdoutLine: {'line': b'-- Up-to-date: /home/robot_ws/install/sllidar_ros2/share/sllidar_ros2/launch/view_sllidar_a2m12_launch.py\n'}
[2.088916] (sllidar_ros2) StdoutLine: {'line': b'-- Up-to-date: /home/robot_ws/install/sllidar_ros2/share/sllidar_ros2/launch/sllidar_t1_launch.py\n'}
[2.089467] (sllidar_ros2) StdoutLine: {'line': b'-- Up-to-date: /home/robot_ws/install/sllidar_ros2/share/sllidar_ros2/launch/view_sllidar_s1_launch.py\n'}
[2.089794] (sllidar_ros2) StdoutLine: {'line': b'-- Up-to-date: /home/robot_ws/install/sllidar_ros2/share/sllidar_ros2/launch/view_sllidar_s2_launch.py\n'}
[2.090513] (sllidar_ros2) StdoutLine: {'line': b'-- Up-to-date: /home/robot_ws/install/sllidar_ros2/share/sllidar_ros2/launch/sllidar_a2m8_launch.py\n'}
[2.091028] (sllidar_ros2) StdoutLine: {'line': b'-- Up-to-date: /home/robot_ws/install/sllidar_ros2/share/sllidar_ros2/launch/view_sllidar_a2m7_launch.py\n'}
[2.092235] (sllidar_ros2) StdoutLine: {'line': b'-- Up-to-date: /home/robot_ws/install/sllidar_ros2/share/sllidar_ros2/launch/sllidar_a2m12_launch .py\n'}
[2.092894] (sllidar_ros2) StdoutLine: {'line': b'-- Up-to-date: /home/robot_ws/install/sllidar_ros2/share/sllidar_ros2/launch/view_sllidar_t1_launch.py\n'}
[2.092946] (sllidar_ros2) StdoutLine: {'line': b'-- Up-to-date: /home/robot_ws/install/sllidar_ros2/share/sllidar_ros2/launch/sllidar_a2m7_launch.py\n'}
[2.093273] (sllidar_ros2) StdoutLine: {'line': b'-- Up-to-date: /home/robot_ws/install/sllidar_ros2/share/sllidar_ros2/launch/view_sllidar_c1_launch.py\n'}
[2.093692] (sllidar_ros2) StdoutLine: {'line': b'-- Up-to-date: /home/robot_ws/install/sllidar_ros2/share/sllidar_ros2/launch/view_sllidar_a3_launch.py\n'}
[2.093982] (sllidar_ros2) StdoutLine: {'line': b'-- Up-to-date: /home/robot_ws/install/sllidar_ros2/share/sllidar_ros2/launch/view_sllidar_a2m8_launch.py\n'}
[2.094381] (sllidar_ros2) StdoutLine: {'line': b'-- Up-to-date: /home/robot_ws/install/sllidar_ros2/share/sllidar_ros2/launch/sllidar_s2e_launch.py\n'}
[2.094786] (sllidar_ros2) StdoutLine: {'line': b'-- Up-to-date: /home/robot_ws/install/sllidar_ros2/share/sllidar_ros2/launch/sllidar_s2_launch.py\n'}
[2.095697] (sllidar_ros2) StdoutLine: {'line': b'-- Up-to-date: /home/robot_ws/install/sllidar_ros2/share/sllidar_ros2/launch/sllidar_a1_launch.py\n'}
[2.096872] (sllidar_ros2) StdoutLine: {'line': b'-- Up-to-date: /home/robot_ws/install/sllidar_ros2/share/sllidar_ros2/launch/view_sllidar_s2e_launch.py\n'}
[2.098055] (sllidar_ros2) StdoutLine: {'line': b'-- Up-to-date: /home/robot_ws/install/sllidar_ros2/share/sllidar_ros2/launch/sllidar_c1_launch.py\n'}
[2.099115] (sllidar_ros2) StdoutLine: {'line': b'-- Up-to-date: /home/robot_ws/install/sllidar_ros2/share/sllidar_ros2/rviz\n'}
[2.099916] (sllidar_ros2) StdoutLine: {'line': b'-- Up-to-date: /home/robot_ws/install/sllidar_ros2/share/sllidar_ros2/rviz/sllidar_ros2.rviz\n'}
[2.100595] (sllidar_ros2) StdoutLine: {'line': b'-- Up-to-date: /home/robot_ws/install/sllidar_ros2/lib/sllidar_ros2/sllidar_node\n'}
[2.102048] (sllidar_ros2) StdoutLine: {'line': b'-- Up-to-date: /home/robot_ws/install/sllidar_ros2/lib/sllidar_ros2/sllidar_client\n'}
[2.103368] (sllidar_ros2) StdoutLine: {'line': b'-- Up-to-date: /home/robot_ws/install/sllidar_ros2/share/ament_index/resource_index/package_run_dependencies/sllidar_ros2\n'}
[2.104038] (sllidar_ros2) StdoutLine: {'line': b'-- Up-to-date: /home/robot_ws/install/sllidar_ros2/share/ament_index/resource_index/parent_prefix_path/sllidar_ros2\n'}
[2.104674] (sllidar_ros2) StdoutLine: {'line': b'-- Up-to-date: /home/robot_ws/install/sllidar_ros2/share/sllidar_ros2/environment/ament_prefix_path.sh\n'}
[2.105297] (sllidar_ros2) StdoutLine: {'line': b'-- Up-to-date: /home/robot_ws/install/sllidar_ros2/share/sllidar_ros2/environment/ament_prefix_path.dsv\n'}
[2.105892] (sllidar_ros2) StdoutLine: {'line': b'-- Up-to-date: /home/robot_ws/install/sllidar_ros2/share/sllidar_ros2/environment/path.sh\n'}
[2.106042] (sllidar_ros2) StdoutLine: {'line': b'-- Up-to-date: /home/robot_ws/install/sllidar_ros2/share/sllidar_ros2/environment/path.dsv\n'}
[2.106211] (sllidar_ros2) StdoutLine: {'line': b'-- Up-to-date: /home/robot_ws/install/sllidar_ros2/share/sllidar_ros2/local_setup.bash\n'}
[2.106776] (sllidar_ros2) StdoutLine: {'line': b'-- Up-to-date: /home/robot_ws/install/sllidar_ros2/share/sllidar_ros2/local_setup.sh\n'}
[2.107353] (sllidar_ros2) StdoutLine: {'line': b'-- Up-to-date: /home/robot_ws/install/sllidar_ros2/share/sllidar_ros2/local_setup.zsh\n'}
[2.107907] (sllidar_ros2) StdoutLine: {'line': b'-- Up-to-date: /home/robot_ws/install/sllidar_ros2/share/sllidar_ros2/local_setup.dsv\n'}
[2.108501] (sllidar_ros2) StdoutLine: {'line': b'-- Installing: /home/robot_ws/install/sllidar_ros2/share/sllidar_ros2/package.dsv\n'}
[2.109024] (sllidar_ros2) StdoutLine: {'line': b'-- Up-to-date: /home/robot_ws/install/sllidar_ros2/share/ament_index/resource_index/packages/sllidar_ros2\n'}
[2.109712] (sllidar_ros2) StdoutLine: {'line': b'-- Up-to-date: /home/robot_ws/install/sllidar_ros2/share/sllidar_ros2/cmake/ament_cmake_export_dependencies-extras.cmake\n'}
[2.110297] (sllidar_ros2) StdoutLine: {'line': b'-- Up-to-date: /home/robot_ws/install/sllidar_ros2/share/sllidar_ros2/cmake/ament_cmake_export_include_directories-extras.cmake\n'}
[2.110837] (sllidar_ros2) StdoutLine: {'line': b'-- Up-to-date: /home/robot_ws/install/sllidar_ros2/share/sllidar_ros2/cmake/sllidar_ros2Config.cmake\n'}
[2.111405] (sllidar_ros2) StdoutLine: {'line': b'-- Up-to-date: /home/robot_ws/install/sllidar_ros2/share/sllidar_ros2/cmake/sllidar_ros2Config-version.cmake\n'}
[2.111947] (sllidar_ros2) StdoutLine: {'line': b'-- Up-to-date: /home/robot_ws/install/sllidar_ros2/share/sllidar_ros2/package.xml\n'}
[2.133326] (-) TimerEvent: {}
[2.234738] (-) TimerEvent: {}
[2.336416] (-) TimerEvent: {}
[2.438529] (-) TimerEvent: {}
[2.540778] (-) TimerEvent: {}
[2.642635] (-) TimerEvent: {}
[2.745125] (-) TimerEvent: {}
[2.846644] (-) TimerEvent: {}
[2.948323] (-) TimerEvent: {}
[3.050164] (-) TimerEvent: {}
[3.151656] (-) TimerEvent: {}
[3.253689] (-) TimerEvent: {}
[3.254829] (assign3_650610841) Command: {'cmd': ['/usr/bin/python3', '-W', 'ignore:setup.py install is deprecated', '-W', 'ignore:easy_install command is deprecated', 'setup.py', 'egg_info', '--egg-base', '../../build/assign3_650610841', 'build', '--build-base', '/home/robot_ws/build/assign3_650610841/build', 'install', '--record', '/home/robot_ws/build/assign3_650610841/install.log', '--single-version-externally-managed', 'install_data'], 'cwd': '/home/robot_ws/src/assign3_650610841', 'env': {'HOSTNAME': 'entity014', 'SHLVL': '1', 'LD_LIBRARY_PATH': '/home/robot_ws/install/myword_650610841/lib:/usr/lib/x86_64-linux-gnu/gazebo-11/plugins:/opt/ros/humble/opt/rviz_ogre_vendor/lib:/opt/ros/humble/lib/x86_64-linux-gnu:/opt/ros/humble/lib:/usr/lib/x86_64-linux-gnu/gazebo-11/plugins:', 'HOME': '/home', 'GAZEBO_MASTER_URI': 'http://localhost:11345', 'ROS_PYTHON_VERSION': '3', '_colcon_cd_root': '/opt/ros/humble/', 'COLCON_PREFIX_PATH': '/home/robot_ws/install', 'ROS_DISTRO': 'humble', '_': '/usr/bin/colcon', 'ROS_VERSION': '2', 'NVIDIA_DRIVER_CAPABILITIES': 'all', 'TERM': 'xterm', 'GAZEBO_MODEL_PATH': '/usr/share/gazebo-11/models:', 'ROS_LOCALHOST_ONLY': '0', 'QT_X11_NO_MITSHM': '1', 'OGRE_RESOURCE_PATH': '/usr/lib/x86_64-linux-gnu/OGRE-1.9.0', 'PATH': '/opt/ros/humble/bin:/usr/local/sbin:/usr/local/bin:/usr/sbin:/usr/bin:/sbin:/bin', 'XDG_RUNTIME_DIR': '/tmp/runtime-root', 'DISPLAY': ':0', 'LANG': 'C.UTF-8', 'RMW_IMPLEMENTATION': 'rmw_cyclonedds_cpp', 'ROS_DOMAIN_ID': '15', 'AMENT_PREFIX_PATH': '/home/robot_ws/install/sllidar_ros2:/home/robot_ws/install/assign2_650610841:/home/robot_ws/install/myword_650610841:/home/robot_ws/install/assign4_650610841:/home/robot_ws/install/assign3_650610841:/home/robot_ws/install/assign1_650610841:/home/robot_ws/install/650610841_final:/opt/ros/humble', 'NO_AT_BRIDGE': '1', 'GAZEBO_RESOURCE_PATH': '/usr/share/gazebo-11:', 'GAZEBO_MODEL_DATABASE_URI': 'http://models.gazebosim.org', 'PWD': '/home/robot_ws/build/assign3_650610841', 'LC_ALL': 'C.UTF-8', 'GAZEBO_PLUGIN_PATH': '/usr/lib/x86_64-linux-gnu/gazebo-11/plugins:', 'PYTHONPATH': '/home/robot_ws/build/assign3_650610841/prefix_override:/usr/lib/python3/dist-packages/colcon_core/task/python/colcon_distutils_commands:/home/robot_ws/install/assign3_650610841/lib/python3.10/site-packages:/home/robot_ws/install/assign2_650610841/lib/python3.10/site-packages:/home/robot_ws/install/myword_650610841/local/lib/python3.10/dist-packages:/home/robot_ws/install/assign4_650610841/lib/python3.10/site-packages:/home/robot_ws/install/assign3_650610841/lib/python3.10/site-packages:/home/robot_ws/install/assign1_650610841/lib/python3.10/site-packages:/home/robot_ws/install/650610841_final/lib/python3.10/site-packages:/opt/ros/humble/lib/python3.10/site-packages:/opt/ros/humble/local/lib/python3.10/dist-packages', 'COLCON': '1', 'CMAKE_PREFIX_PATH': '/home/robot_ws/install/sllidar_ros2:/home/robot_ws/install/myword_650610841'}, 'shell': False}
[3.258001] (650610841_final) Command: {'cmd': ['/usr/bin/python3', '-W', 'ignore:setup.py install is deprecated', '-W', 'ignore:easy_install command is deprecated', 'setup.py', 'egg_info', '--egg-base', '../../build/650610841_final', 'build', '--build-base', '/home/robot_ws/build/650610841_final/build', 'install', '--record', '/home/robot_ws/build/650610841_final/install.log', '--single-version-externally-managed', 'install_data'], 'cwd': '/home/robot_ws/src/650610841_final', 'env': {'HOSTNAME': 'entity014', 'SHLVL': '1', 'LD_LIBRARY_PATH': '/home/robot_ws/install/myword_650610841/lib:/usr/lib/x86_64-linux-gnu/gazebo-11/plugins:/opt/ros/humble/opt/rviz_ogre_vendor/lib:/opt/ros/humble/lib/x86_64-linux-gnu:/opt/ros/humble/lib:/usr/lib/x86_64-linux-gnu/gazebo-11/plugins:', 'HOME': '/home', 'GAZEBO_MASTER_URI': 'http://localhost:11345', 'ROS_PYTHON_VERSION': '3', '_colcon_cd_root': '/opt/ros/humble/', 'COLCON_PREFIX_PATH': '/home/robot_ws/install', 'ROS_DISTRO': 'humble', '_': '/usr/bin/colcon', 'ROS_VERSION': '2', 'NVIDIA_DRIVER_CAPABILITIES': 'all', 'TERM': 'xterm', 'GAZEBO_MODEL_PATH': '/usr/share/gazebo-11/models:', 'ROS_LOCALHOST_ONLY': '0', 'QT_X11_NO_MITSHM': '1', 'OGRE_RESOURCE_PATH': '/usr/lib/x86_64-linux-gnu/OGRE-1.9.0', 'PATH': '/opt/ros/humble/bin:/usr/local/sbin:/usr/local/bin:/usr/sbin:/usr/bin:/sbin:/bin', 'XDG_RUNTIME_DIR': '/tmp/runtime-root', 'DISPLAY': ':0', 'LANG': 'C.UTF-8', 'RMW_IMPLEMENTATION': 'rmw_cyclonedds_cpp', 'ROS_DOMAIN_ID': '15', 'AMENT_PREFIX_PATH': '/home/robot_ws/install/sllidar_ros2:/home/robot_ws/install/assign2_650610841:/home/robot_ws/install/myword_650610841:/home/robot_ws/install/assign4_650610841:/home/robot_ws/install/assign3_650610841:/home/robot_ws/install/assign1_650610841:/home/robot_ws/install/650610841_final:/opt/ros/humble', 'NO_AT_BRIDGE': '1', 'GAZEBO_RESOURCE_PATH': '/usr/share/gazebo-11:', 'GAZEBO_MODEL_DATABASE_URI': 'http://models.gazebosim.org', 'PWD': '/home/robot_ws/build/650610841_final', 'LC_ALL': 'C.UTF-8', 'GAZEBO_PLUGIN_PATH': '/usr/lib/x86_64-linux-gnu/gazebo-11/plugins:', 'PYTHONPATH': '/home/robot_ws/build/650610841_final/prefix_override:/usr/lib/python3/dist-packages/colcon_core/task/python/colcon_distutils_commands:/home/robot_ws/install/650610841_final/lib/python3.10/site-packages:/home/robot_ws/install/assign2_650610841/lib/python3.10/site-packages:/home/robot_ws/install/myword_650610841/local/lib/python3.10/dist-packages:/home/robot_ws/install/assign4_650610841/lib/python3.10/site-packages:/home/robot_ws/install/assign3_650610841/lib/python3.10/site-packages:/home/robot_ws/install/assign1_650610841/lib/python3.10/site-packages:/home/robot_ws/install/650610841_final/lib/python3.10/site-packages:/opt/ros/humble/lib/python3.10/site-packages:/opt/ros/humble/local/lib/python3.10/dist-packages', 'COLCON': '1', 'CMAKE_PREFIX_PATH': '/home/robot_ws/install/sllidar_ros2:/home/robot_ws/install/myword_650610841'}, 'shell': False}
[3.272625] (assign4_650610841) Command: {'cmd': ['/usr/bin/python3', '-W', 'ignore:setup.py install is deprecated', '-W', 'ignore:easy_install command is deprecated', 'setup.py', 'egg_info', '--egg-base', '../../build/assign4_650610841', 'build', '--build-base', '/home/robot_ws/build/assign4_650610841/build', 'install', '--record', '/home/robot_ws/build/assign4_650610841/install.log', '--single-version-externally-managed', 'install_data'], 'cwd': '/home/robot_ws/src/assign4_650610841', 'env': {'HOSTNAME': 'entity014', 'SHLVL': '1', 'LD_LIBRARY_PATH': '/home/robot_ws/install/myword_650610841/lib:/usr/lib/x86_64-linux-gnu/gazebo-11/plugins:/opt/ros/humble/opt/rviz_ogre_vendor/lib:/opt/ros/humble/lib/x86_64-linux-gnu:/opt/ros/humble/lib:/usr/lib/x86_64-linux-gnu/gazebo-11/plugins:', 'HOME': '/home', 'GAZEBO_MASTER_URI': 'http://localhost:11345', 'ROS_PYTHON_VERSION': '3', '_colcon_cd_root': '/opt/ros/humble/', 'COLCON_PREFIX_PATH': '/home/robot_ws/install', 'ROS_DISTRO': 'humble', '_': '/usr/bin/colcon', 'ROS_VERSION': '2', 'NVIDIA_DRIVER_CAPABILITIES': 'all', 'TERM': 'xterm', 'GAZEBO_MODEL_PATH': '/usr/share/gazebo-11/models:', 'ROS_LOCALHOST_ONLY': '0', 'QT_X11_NO_MITSHM': '1', 'OGRE_RESOURCE_PATH': '/usr/lib/x86_64-linux-gnu/OGRE-1.9.0', 'PATH': '/opt/ros/humble/bin:/usr/local/sbin:/usr/local/bin:/usr/sbin:/usr/bin:/sbin:/bin', 'XDG_RUNTIME_DIR': '/tmp/runtime-root', 'DISPLAY': ':0', 'LANG': 'C.UTF-8', 'RMW_IMPLEMENTATION': 'rmw_cyclonedds_cpp', 'ROS_DOMAIN_ID': '15', 'AMENT_PREFIX_PATH': '/home/robot_ws/install/sllidar_ros2:/home/robot_ws/install/assign2_650610841:/home/robot_ws/install/myword_650610841:/home/robot_ws/install/assign4_650610841:/home/robot_ws/install/assign3_650610841:/home/robot_ws/install/assign1_650610841:/home/robot_ws/install/650610841_final:/opt/ros/humble', 'NO_AT_BRIDGE': '1', 'GAZEBO_RESOURCE_PATH': '/usr/share/gazebo-11:', 'GAZEBO_MODEL_DATABASE_URI': 'http://models.gazebosim.org', 'PWD': '/home/robot_ws/build/assign4_650610841', 'LC_ALL': 'C.UTF-8', 'GAZEBO_PLUGIN_PATH': '/usr/lib/x86_64-linux-gnu/gazebo-11/plugins:', 'PYTHONPATH': '/home/robot_ws/build/assign4_650610841/prefix_override:/usr/lib/python3/dist-packages/colcon_core/task/python/colcon_distutils_commands:/home/robot_ws/install/assign4_650610841/lib/python3.10/site-packages:/home/robot_ws/install/assign2_650610841/lib/python3.10/site-packages:/home/robot_ws/install/myword_650610841/local/lib/python3.10/dist-packages:/home/robot_ws/install/assign4_650610841/lib/python3.10/site-packages:/home/robot_ws/install/assign3_650610841/lib/python3.10/site-packages:/home/robot_ws/install/assign1_650610841/lib/python3.10/site-packages:/home/robot_ws/install/650610841_final/lib/python3.10/site-packages:/opt/ros/humble/lib/python3.10/site-packages:/opt/ros/humble/local/lib/python3.10/dist-packages', 'COLCON': '1', 'CMAKE_PREFIX_PATH': '/home/robot_ws/install/sllidar_ros2:/home/robot_ws/install/myword_650610841'}, 'shell': False}
[3.277458] (sllidar_ros2) CommandEnded: {'returncode': 0}
[3.317537] (sllidar_ros2) JobEnded: {'identifier': 'sllidar_ros2', 'rc': 0}
[3.330366] (assign1_650610841) Command: {'cmd': ['/usr/bin/python3', '-W', 'ignore:setup.py install is deprecated', '-W', 'ignore:easy_install command is deprecated', 'setup.py', 'egg_info', '--egg-base', '../../build/assign1_650610841', 'build', '--build-base', '/home/robot_ws/build/assign1_650610841/build', 'install', '--record', '/home/robot_ws/build/assign1_650610841/install.log', '--single-version-externally-managed', 'install_data'], 'cwd': '/home/robot_ws/src/assign1_650610841', 'env': {'HOSTNAME': 'entity014', 'SHLVL': '1', 'LD_LIBRARY_PATH': '/home/robot_ws/install/myword_650610841/lib:/usr/lib/x86_64-linux-gnu/gazebo-11/plugins:/opt/ros/humble/opt/rviz_ogre_vendor/lib:/opt/ros/humble/lib/x86_64-linux-gnu:/opt/ros/humble/lib:/usr/lib/x86_64-linux-gnu/gazebo-11/plugins:', 'HOME': '/home', 'GAZEBO_MASTER_URI': 'http://localhost:11345', 'ROS_PYTHON_VERSION': '3', '_colcon_cd_root': '/opt/ros/humble/', 'COLCON_PREFIX_PATH': '/home/robot_ws/install', 'ROS_DISTRO': 'humble', '_': '/usr/bin/colcon', 'ROS_VERSION': '2', 'NVIDIA_DRIVER_CAPABILITIES': 'all', 'TERM': 'xterm', 'GAZEBO_MODEL_PATH': '/usr/share/gazebo-11/models:', 'ROS_LOCALHOST_ONLY': '0', 'QT_X11_NO_MITSHM': '1', 'OGRE_RESOURCE_PATH': '/usr/lib/x86_64-linux-gnu/OGRE-1.9.0', 'PATH': '/opt/ros/humble/bin:/usr/local/sbin:/usr/local/bin:/usr/sbin:/usr/bin:/sbin:/bin', 'XDG_RUNTIME_DIR': '/tmp/runtime-root', 'DISPLAY': ':0', 'LANG': 'C.UTF-8', 'RMW_IMPLEMENTATION': 'rmw_cyclonedds_cpp', 'ROS_DOMAIN_ID': '15', 'AMENT_PREFIX_PATH': '/home/robot_ws/install/sllidar_ros2:/home/robot_ws/install/assign2_650610841:/home/robot_ws/install/myword_650610841:/home/robot_ws/install/assign4_650610841:/home/robot_ws/install/assign3_650610841:/home/robot_ws/install/assign1_650610841:/home/robot_ws/install/650610841_final:/opt/ros/humble', 'NO_AT_BRIDGE': '1', 'GAZEBO_RESOURCE_PATH': '/usr/share/gazebo-11:', 'GAZEBO_MODEL_DATABASE_URI': 'http://models.gazebosim.org', 'PWD': '/home/robot_ws/build/assign1_650610841', 'LC_ALL': 'C.UTF-8', 'GAZEBO_PLUGIN_PATH': '/usr/lib/x86_64-linux-gnu/gazebo-11/plugins:', 'PYTHONPATH': '/home/robot_ws/build/assign1_650610841/prefix_override:/usr/lib/python3/dist-packages/colcon_core/task/python/colcon_distutils_commands:/home/robot_ws/install/assign1_650610841/lib/python3.10/site-packages:/home/robot_ws/install/assign2_650610841/lib/python3.10/site-packages:/home/robot_ws/install/myword_650610841/local/lib/python3.10/dist-packages:/home/robot_ws/install/assign4_650610841/lib/python3.10/site-packages:/home/robot_ws/install/assign3_650610841/lib/python3.10/site-packages:/home/robot_ws/install/assign1_650610841/lib/python3.10/site-packages:/home/robot_ws/install/650610841_final/lib/python3.10/site-packages:/opt/ros/humble/lib/python3.10/site-packages:/opt/ros/humble/local/lib/python3.10/dist-packages', 'COLCON': '1', 'CMAKE_PREFIX_PATH': '/home/robot_ws/install/sllidar_ros2:/home/robot_ws/install/myword_650610841'}, 'shell': False}
[3.353810] (-) TimerEvent: {}
[3.454134] (-) TimerEvent: {}
[3.524368] (assign4_650610841) StdoutLine: {'line': b'running egg_info\n'}
[3.524935] (assign4_650610841) StdoutLine: {'line': b'writing ../../build/assign4_650610841/assign4_650610841.egg-info/PKG-INFO\n'}
[3.525293] (assign4_650610841) StdoutLine: {'line': b'writing dependency_links to ../../build/assign4_650610841/assign4_650610841.egg-info/dependency_links.txt\n'}
[3.525429] (assign4_650610841) StdoutLine: {'line': b'writing entry points to ../../build/assign4_650610841/assign4_650610841.egg-info/entry_points.txt\n'}
[3.525505] (assign4_650610841) StdoutLine: {'line': b'writing requirements to ../../build/assign4_650610841/assign4_650610841.egg-info/requires.txt\n'}
[3.525586] (assign4_650610841) StdoutLine: {'line': b'writing top-level names to ../../build/assign4_650610841/assign4_650610841.egg-info/top_level.txt\n'}
[3.527799] (assign4_650610841) StdoutLine: {'line': b"reading manifest file '../../build/assign4_650610841/assign4_650610841.egg-info/SOURCES.txt'\n"}
[3.528174] (assign4_650610841) StdoutLine: {'line': b"adding license file 'LICENSE'\n"}
[3.528646] (assign4_650610841) StdoutLine: {'line': b"writing manifest file '../../build/assign4_650610841/assign4_650610841.egg-info/SOURCES.txt'\n"}
[3.528799] (assign4_650610841) StdoutLine: {'line': b'running build\n'}
[3.528841] (assign4_650610841) StdoutLine: {'line': b'running build_py\n'}
[3.528996] (assign4_650610841) StdoutLine: {'line': b'running install\n'}
[3.529258] (assign4_650610841) StdoutLine: {'line': b'running install_lib\n'}
[3.530296] (assign4_650610841) StdoutLine: {'line': b'running install_data\n'}
[3.530412] (assign4_650610841) StdoutLine: {'line': b'running install_egg_info\n'}
[3.531865] (assign4_650610841) StdoutLine: {'line': b"removing '/home/robot_ws/install/assign4_650610841/lib/python3.10/site-packages/assign4_650610841-0.0.0-py3.10.egg-info' (and everything under it)\n"}
[3.532094] (assign4_650610841) StdoutLine: {'line': b'Copying ../../build/assign4_650610841/assign4_650610841.egg-info to /home/robot_ws/install/assign4_650610841/lib/python3.10/site-packages/assign4_650610841-0.0.0-py3.10.egg-info\n'}
[3.532598] (assign4_650610841) StdoutLine: {'line': b'running install_scripts\n'}
[3.550797] (assign4_650610841) StdoutLine: {'line': b'Installing lidar script to /home/robot_ws/install/assign4_650610841/lib/650610841_final\n'}
[3.551070] (assign4_650610841) StdoutLine: {'line': b"writing list of installed files to '/home/robot_ws/build/assign4_650610841/install.log'\n"}
[3.554223] (-) TimerEvent: {}
[3.576576] (assign3_650610841) StdoutLine: {'line': b'running egg_info\n'}
[3.577361] (assign3_650610841) StdoutLine: {'line': b'writing ../../build/assign3_650610841/assign3_650610841.egg-info/PKG-INFO\n'}
[3.577666] (assign3_650610841) StdoutLine: {'line': b'writing dependency_links to ../../build/assign3_650610841/assign3_650610841.egg-info/dependency_links.txt\n'}
[3.577910] (assign3_650610841) StdoutLine: {'line': b'writing entry points to ../../build/assign3_650610841/assign3_650610841.egg-info/entry_points.txt\n'}
[3.578031] (assign3_650610841) StdoutLine: {'line': b'writing requirements to ../../build/assign3_650610841/assign3_650610841.egg-info/requires.txt\n'}
[3.578250] (assign3_650610841) StdoutLine: {'line': b'writing top-level names to ../../build/assign3_650610841/assign3_650610841.egg-info/top_level.txt\n'}
[3.580023] (assign4_650610841) CommandEnded: {'returncode': 0}
[3.581124] (assign3_650610841) StdoutLine: {'line': b"reading manifest file '../../build/assign3_650610841/assign3_650610841.egg-info/SOURCES.txt'\n"}
[3.581392] (assign3_650610841) StdoutLine: {'line': b"adding license file 'LICENSE'\n"}
[3.581657] (assign3_650610841) StdoutLine: {'line': b"writing manifest file '../../build/assign3_650610841/assign3_650610841.egg-info/SOURCES.txt'\n"}
[3.581880] (assign3_650610841) StdoutLine: {'line': b'running build\n'}
[3.582044] (assign3_650610841) StdoutLine: {'line': b'running build_py\n'}
[3.582182] (assign3_650610841) StdoutLine: {'line': b'running install\n'}
[3.582323] (assign3_650610841) StdoutLine: {'line': b'running install_lib\n'}
[3.583487] (assign3_650610841) StdoutLine: {'line': b'running install_data\n'}
[3.584150] (assign3_650610841) StdoutLine: {'line': b'running install_egg_info\n'}
[3.584823] (assign3_650610841) StdoutLine: {'line': b"removing '/home/robot_ws/install/assign3_650610841/lib/python3.10/site-packages/assign3_650610841-0.0.0-py3.10.egg-info' (and everything under it)\n"}
[3.585205] (assign3_650610841) StdoutLine: {'line': b'Copying ../../build/assign3_650610841/assign3_650610841.egg-info to /home/robot_ws/install/assign3_650610841/lib/python3.10/site-packages/assign3_650610841-0.0.0-py3.10.egg-info\n'}
[3.585597] (assign3_650610841) StdoutLine: {'line': b'running install_scripts\n'}
[3.589001] (assign4_650610841) JobEnded: {'identifier': 'assign4_650610841', 'rc': 0}
[3.600908] (assign1_650610841) StdoutLine: {'line': b'running egg_info\n'}
[3.601903] (assign1_650610841) StdoutLine: {'line': b'writing ../../build/assign1_650610841/assign1_650610841.egg-info/PKG-INFO\n'}
[3.602178] (assign1_650610841) StdoutLine: {'line': b'writing dependency_links to ../../build/assign1_650610841/assign1_650610841.egg-info/dependency_links.txt\n'}
[3.602402] (assign1_650610841) StdoutLine: {'line': b'writing entry points to ../../build/assign1_650610841/assign1_650610841.egg-info/entry_points.txt\n'}
[3.602558] (assign1_650610841) StdoutLine: {'line': b'writing requirements to ../../build/assign1_650610841/assign1_650610841.egg-info/requires.txt\n'}
[3.602722] (assign1_650610841) StdoutLine: {'line': b'writing top-level names to ../../build/assign1_650610841/assign1_650610841.egg-info/top_level.txt\n'}
[3.605873] (assign3_650610841) StdoutLine: {'line': b"writing list of installed files to '/home/robot_ws/build/assign3_650610841/install.log'\n"}
[3.606129] (assign1_650610841) StdoutLine: {'line': b"reading manifest file '../../build/assign1_650610841/assign1_650610841.egg-info/SOURCES.txt'\n"}
[3.606205] (assign1_650610841) StdoutLine: {'line': b"adding license file 'LICENSE'\n"}
[3.607053] (assign1_650610841) StdoutLine: {'line': b"writing manifest file '../../build/assign1_650610841/assign1_650610841.egg-info/SOURCES.txt'\n"}
[3.607226] (assign1_650610841) StdoutLine: {'line': b'running build\n'}
[3.607319] (assign1_650610841) StdoutLine: {'line': b'running build_py\n'}
[3.607616] (assign1_650610841) StdoutLine: {'line': b'running install\n'}
[3.607940] (assign1_650610841) StdoutLine: {'line': b'running install_lib\n'}
[3.609089] (assign1_650610841) StdoutLine: {'line': b'running install_data\n'}
[3.609254] (assign1_650610841) StdoutLine: {'line': b'running install_egg_info\n'}
[3.611608] (assign1_650610841) StdoutLine: {'line': b"removing '/home/robot_ws/install/assign1_650610841/lib/python3.10/site-packages/assign1_650610841-0.0.0-py3.10.egg-info' (and everything under it)\n"}
[3.611871] (assign1_650610841) StdoutLine: {'line': b'Copying ../../build/assign1_650610841/assign1_650610841.egg-info to /home/robot_ws/install/assign1_650610841/lib/python3.10/site-packages/assign1_650610841-0.0.0-py3.10.egg-info\n'}
[3.612610] (assign1_650610841) StdoutLine: {'line': b'running install_scripts\n'}
[3.630403] (assign3_650610841) CommandEnded: {'returncode': 0}
[3.633080] (assign1_650610841) StdoutLine: {'line': b'Installing hearer1 script to /home/robot_ws/install/assign1_650610841/lib/assign1_650610841\n'}
[3.633279] (assign1_650610841) StdoutLine: {'line': b'Installing hearer2 script to /home/robot_ws/install/assign1_650610841/lib/assign1_650610841\n'}
[3.633647] (assign1_650610841) StdoutLine: {'line': b'Installing whisper script to /home/robot_ws/install/assign1_650610841/lib/assign1_650610841\n'}
[3.633754] (assign1_650610841) StdoutLine: {'line': b"writing list of installed files to '/home/robot_ws/build/assign1_650610841/install.log'\n"}
[3.634608] (650610841_final) StdoutLine: {'line': b'running egg_info\n'}
[3.635780] (650610841_final) StdoutLine: {'line': b'writing ../../build/650610841_final/650610841_final.egg-info/PKG-INFO\n'}
[3.635898] (650610841_final) StdoutLine: {'line': b'writing dependency_links to ../../build/650610841_final/650610841_final.egg-info/dependency_links.txt\n'}
[3.636051] (650610841_final) StdoutLine: {'line': b'writing entry points to ../../build/650610841_final/650610841_final.egg-info/entry_points.txt\n'}
[3.636355] (650610841_final) StdoutLine: {'line': b'writing requirements to ../../build/650610841_final/650610841_final.egg-info/requires.txt\n'}
[3.636908] (650610841_final) StdoutLine: {'line': b'writing top-level names to ../../build/650610841_final/650610841_final.egg-info/top_level.txt\n'}
[3.649195] (assign3_650610841) JobEnded: {'identifier': 'assign3_650610841', 'rc': 0}
[3.649651] (650610841_final) StdoutLine: {'line': b"reading manifest file '../../build/650610841_final/650610841_final.egg-info/SOURCES.txt'\n"}
[3.649766] (650610841_final) StdoutLine: {'line': b"adding license file 'LICENSE'\n"}
[3.650250] (650610841_final) StdoutLine: {'line': b"writing manifest file '../../build/650610841_final/650610841_final.egg-info/SOURCES.txt'\n"}
[3.650380] (650610841_final) StdoutLine: {'line': b'running build\n'}
[3.650472] (650610841_final) StdoutLine: {'line': b'running build_py\n'}
[3.650602] (650610841_final) StdoutLine: {'line': b'copying 650610841_final/lidar_collision.py -> /home/robot_ws/build/650610841_final/build/lib/650610841_final\n'}
[3.650855] (650610841_final) StdoutLine: {'line': b'copying 650610841_final/lidar_controller.py -> /home/robot_ws/build/650610841_final/build/lib/650610841_final\n'}
[3.651259] (650610841_final) StdoutLine: {'line': b'running install\n'}
[3.651729] (650610841_final) StdoutLine: {'line': b'running install_lib\n'}
[3.652696] (650610841_final) StdoutLine: {'line': b'copying /home/robot_ws/build/650610841_final/build/lib/650610841_final/lidar_collision.py -> /home/robot_ws/install/650610841_final/lib/python3.10/site-packages/650610841_final\n'}
[3.652887] (650610841_final) StdoutLine: {'line': b'copying /home/robot_ws/build/650610841_final/build/lib/650610841_final/lidar_controller.py -> /home/robot_ws/install/650610841_final/lib/python3.10/site-packages/650610841_final\n'}
[3.653697] (650610841_final) StdoutLine: {'line': b'byte-compiling /home/robot_ws/install/650610841_final/lib/python3.10/site-packages/650610841_final/lidar_collision.py to lidar_collision.cpython-310.pyc\n'}
[3.654293] (-) TimerEvent: {}
[3.655413] (650610841_final) StdoutLine: {'line': b'byte-compiling /home/robot_ws/install/650610841_final/lib/python3.10/site-packages/650610841_final/lidar_controller.py to lidar_controller.cpython-310.pyc\n'}
[3.657193] (650610841_final) StdoutLine: {'line': b'running install_data\n'}
[3.657623] (650610841_final) StdoutLine: {'line': b'running install_egg_info\n'}
[3.660725] (650610841_final) StdoutLine: {'line': b"removing '/home/robot_ws/install/650610841_final/lib/python3.10/site-packages/650610841_final-0.0.0-py3.10.egg-info' (and everything under it)\n"}
[3.661099] (650610841_final) StdoutLine: {'line': b'Copying ../../build/650610841_final/650610841_final.egg-info to /home/robot_ws/install/650610841_final/lib/python3.10/site-packages/650610841_final-0.0.0-py3.10.egg-info\n'}
[3.666071] (650610841_final) StdoutLine: {'line': b'running install_scripts\n'}
[3.690761] (assign1_650610841) CommandEnded: {'returncode': 0}
[3.697471] (650610841_final) StdoutLine: {'line': b'Installing lidar_collision script to /home/robot_ws/install/650610841_final/lib/650610841_final\n'}
[3.697654] (650610841_final) StdoutLine: {'line': b'Installing lidar_controller script to /home/robot_ws/install/650610841_final/lib/650610841_final\n'}
[3.697760] (650610841_final) StdoutLine: {'line': b"writing list of installed files to '/home/robot_ws/build/650610841_final/install.log'\n"}
[3.700846] (assign1_650610841) JobEnded: {'identifier': 'assign1_650610841', 'rc': 0}
[3.735485] (650610841_final) CommandEnded: {'returncode': 0}
[3.741493] (650610841_final) JobEnded: {'identifier': '650610841_final', 'rc': 0}
[3.754388] (-) TimerEvent: {}
[3.795758] (assign2_650610841) Command: {'cmd': ['/usr/bin/python3', '-W', 'ignore:setup.py install is deprecated', '-W', 'ignore:easy_install command is deprecated', 'setup.py', 'egg_info', '--egg-base', '../../build/assign2_650610841', 'build', '--build-base', '/home/robot_ws/build/assign2_650610841/build', 'install', '--record', '/home/robot_ws/build/assign2_650610841/install.log', '--single-version-externally-managed', 'install_data'], 'cwd': '/home/robot_ws/src/assign2_650610841', 'env': {'HOSTNAME': 'entity014', 'SHLVL': '1', 'LD_LIBRARY_PATH': '/home/robot_ws/install/myword_650610841/lib:/usr/lib/x86_64-linux-gnu/gazebo-11/plugins:/opt/ros/humble/opt/rviz_ogre_vendor/lib:/opt/ros/humble/lib/x86_64-linux-gnu:/opt/ros/humble/lib:/usr/lib/x86_64-linux-gnu/gazebo-11/plugins', 'HOME': '/home', 'GAZEBO_MASTER_URI': 'http://localhost:11345', 'ROS_PYTHON_VERSION': '3', '_colcon_cd_root': '/opt/ros/humble/', 'COLCON_PREFIX_PATH': '/home/robot_ws/install', 'ROS_DISTRO': 'humble', '_': '/usr/bin/colcon', 'ROS_VERSION': '2', 'NVIDIA_DRIVER_CAPABILITIES': 'all', 'TERM': 'xterm', 'GAZEBO_MODEL_PATH': '/usr/share/gazebo-11/models:', 'ROS_LOCALHOST_ONLY': '0', 'QT_X11_NO_MITSHM': '1', 'OGRE_RESOURCE_PATH': '/usr/lib/x86_64-linux-gnu/OGRE-1.9.0', 'PATH': '/opt/ros/humble/bin:/usr/local/sbin:/usr/local/bin:/usr/sbin:/usr/bin:/sbin:/bin', 'XDG_RUNTIME_DIR': '/tmp/runtime-root', 'DISPLAY': ':0', 'LANG': 'C.UTF-8', 'RMW_IMPLEMENTATION': 'rmw_cyclonedds_cpp', 'ROS_DOMAIN_ID': '15', 'AMENT_PREFIX_PATH': '/home/robot_ws/install/sllidar_ros2:/home/robot_ws/install/assign2_650610841:/home/robot_ws/install/myword_650610841:/home/robot_ws/install/assign4_650610841:/home/robot_ws/install/assign3_650610841:/home/robot_ws/install/assign1_650610841:/home/robot_ws/install/650610841_final:/opt/ros/humble', 'NO_AT_BRIDGE': '1', 'GAZEBO_RESOURCE_PATH': '/usr/share/gazebo-11:', 'GAZEBO_MODEL_DATABASE_URI': 'http://models.gazebosim.org', 'PWD': '/home/robot_ws/build/assign2_650610841', 'LC_ALL': 'C.UTF-8', 'GAZEBO_PLUGIN_PATH': '/usr/lib/x86_64-linux-gnu/gazebo-11/plugins:', 'PYTHONPATH': '/home/robot_ws/build/assign2_650610841/prefix_override:/usr/lib/python3/dist-packages/colcon_core/task/python/colcon_distutils_commands:/home/robot_ws/install/assign2_650610841/lib/python3.10/site-packages:/home/robot_ws/install/assign2_650610841/lib/python3.10/site-packages:/home/robot_ws/install/myword_650610841/local/lib/python3.10/dist-packages:/home/robot_ws/install/assign4_650610841/lib/python3.10/site-packages:/home/robot_ws/install/assign3_650610841/lib/python3.10/site-packages:/home/robot_ws/install/assign1_650610841/lib/python3.10/site-packages:/home/robot_ws/install/650610841_final/lib/python3.10/site-packages:/opt/ros/humble/lib/python3.10/site-packages:/opt/ros/humble/local/lib/python3.10/dist-packages', 'COLCON': '1', 'CMAKE_PREFIX_PATH': '/home/robot_ws/install/myword_650610841:/home/robot_ws/install/sllidar_ros2'}, 'shell': False}
[3.854492] (-) TimerEvent: {}
[3.952721] (assign2_650610841) StdoutLine: {'line': b'running egg_info\n'}
[3.953163] (assign2_650610841) StdoutLine: {'line': b'writing ../../build/assign2_650610841/assign2_650610841.egg-info/PKG-INFO\n'}
[3.953350] (assign2_650610841) StdoutLine: {'line': b'writing dependency_links to ../../build/assign2_650610841/assign2_650610841.egg-info/dependency_links.txt\n'}
[3.953511] (assign2_650610841) StdoutLine: {'line': b'writing entry points to ../../build/assign2_650610841/assign2_650610841.egg-info/entry_points.txt\n'}
[3.953597] (assign2_650610841) StdoutLine: {'line': b'writing requirements to ../../build/assign2_650610841/assign2_650610841.egg-info/requires.txt\n'}
[3.953677] (assign2_650610841) StdoutLine: {'line': b'writing top-level names to ../../build/assign2_650610841/assign2_650610841.egg-info/top_level.txt\n'}
[3.954556] (-) TimerEvent: {}
[3.954776] (assign2_650610841) StdoutLine: {'line': b"reading manifest file '../../build/assign2_650610841/assign2_650610841.egg-info/SOURCES.txt'\n"}
[3.954975] (assign2_650610841) StdoutLine: {'line': b"adding license file 'LICENSE'\n"}
[3.955268] (assign2_650610841) StdoutLine: {'line': b"writing manifest file '../../build/assign2_650610841/assign2_650610841.egg-info/SOURCES.txt'\n"}
[3.955430] (assign2_650610841) StdoutLine: {'line': b'running build\n'}
[3.955516] (assign2_650610841) StdoutLine: {'line': b'running build_py\n'}
[3.955638] (assign2_650610841) StdoutLine: {'line': b'running install\n'}
[3.955790] (assign2_650610841) StdoutLine: {'line': b'running install_lib\n'}
[3.962989] (assign2_650610841) StdoutLine: {'line': b'running install_data\n'}
[3.964714] (assign2_650610841) StdoutLine: {'line': b'running install_egg_info\n'}
[3.970466] (assign2_650610841) StdoutLine: {'line': b"removing '/home/robot_ws/install/assign2_650610841/lib/python3.10/site-packages/assign2_650610841-0.0.0-py3.10.egg-info' (and everything under it)\n"}
[3.970790] (assign2_650610841) StdoutLine: {'line': b'Copying ../../build/assign2_650610841/assign2_650610841.egg-info to /home/robot_ws/install/assign2_650610841/lib/python3.10/site-packages/assign2_650610841-0.0.0-py3.10.egg-info\n'}
[3.971634] (assign2_650610841) StdoutLine: {'line': b'running install_scripts\n'}
[3.991588] (assign2_650610841) StdoutLine: {'line': b'Installing client script to /home/robot_ws/install/assign2_650610841/lib/assign2_650610841\n'}
[3.991874] (assign2_650610841) StdoutLine: {'line': b'Installing server script to /home/robot_ws/install/assign2_650610841/lib/assign2_650610841\n'}
[3.991981] (assign2_650610841) StdoutLine: {'line': b'Installing subscriber script to /home/robot_ws/install/assign2_650610841/lib/assign2_650610841\n'}
[3.992182] (assign2_650610841) StdoutLine: {'line': b"writing list of installed files to '/home/robot_ws/build/assign2_650610841/install.log'\n"}
[4.014924] (assign2_650610841) CommandEnded: {'returncode': 0}
[4.024247] (assign2_650610841) JobEnded: {'identifier': 'assign2_650610841', 'rc': 0}
[4.025326] (-) EventReactorShutdown: {}
