[1.934s] Invoking command in '/home/robot_ws/src/assign4_650610841': PYTHONPATH=/home/robot_ws/build/assign4_650610841/prefix_override:/usr/lib/python3/dist-packages/colcon_core/task/python/colcon_distutils_commands:/home/robot_ws/install/assign4_650610841/lib/python3.10/site-packages:${PYTHONPATH} /usr/bin/python3 -W ignore:setup.py install is deprecated -W ignore:easy_install command is deprecated setup.py egg_info --egg-base ../../build/assign4_650610841 build --build-base /home/robot_ws/build/assign4_650610841/build install --record /home/robot_ws/build/assign4_650610841/install.log --single-version-externally-managed install_data
[2.715s] running egg_info
[2.720s] writing ../../build/assign4_650610841/assign4_650610841.egg-info/PKG-INFO
[2.721s] writing dependency_links to ../../build/assign4_650610841/assign4_650610841.egg-info/dependency_links.txt
[2.724s] writing entry points to ../../build/assign4_650610841/assign4_650610841.egg-info/entry_points.txt
[2.725s] writing requirements to ../../build/assign4_650610841/assign4_650610841.egg-info/requires.txt
[2.726s] writing top-level names to ../../build/assign4_650610841/assign4_650610841.egg-info/top_level.txt
[2.739s] reading manifest file '../../build/assign4_650610841/assign4_650610841.egg-info/SOURCES.txt'
[2.742s] adding license file 'LICENSE'
[2.747s] writing manifest file '../../build/assign4_650610841/assign4_650610841.egg-info/SOURCES.txt'
[2.747s] running build
[2.747s] running build_py
[2.749s] running install
[2.751s] running install_lib
[2.761s] running install_data
[2.762s] running install_egg_info
[2.775s] removing '/home/robot_ws/install/assign4_650610841/lib/python3.10/site-packages/assign4_650610841-0.0.0-py3.10.egg-info' (and everything under it)
[2.777s] Copying ../../build/assign4_650610841/assign4_650610841.egg-info to /home/robot_ws/install/assign4_650610841/lib/python3.10/site-packages/assign4_650610841-0.0.0-py3.10.egg-info
[2.785s] running install_scripts
[2.907s] Installing lidar script to /home/robot_ws/install/assign4_650610841/lib/650610841_final
[2.909s] writing list of installed files to '/home/robot_ws/build/assign4_650610841/install.log'
[2.940s] Invoked command in '/home/robot_ws/src/assign4_650610841' returned '0': PYTHONPATH=/home/robot_ws/build/assign4_650610841/prefix_override:/usr/lib/python3/dist-packages/colcon_core/task/python/colcon_distutils_commands:/home/robot_ws/install/assign4_650610841/lib/python3.10/site-packages:${PYTHONPATH} /usr/bin/python3 -W ignore:setup.py install is deprecated -W ignore:easy_install command is deprecated setup.py egg_info --egg-base ../../build/assign4_650610841 build --build-base /home/robot_ws/build/assign4_650610841/build install --record /home/robot_ws/build/assign4_650610841/install.log --single-version-externally-managed install_data
