[1.147s] Invoking command in '/home/robot_ws/build/sllidar_ros2': CMAKE_PREFIX_PATH=${CMAKE_PREFIX_PATH}:/home/robot_ws/install/assign2_650610841:/home/robot_ws/install/assign4_650610841:/home/robot_ws/install/assign3_650610841:/home/robot_ws/install/assign1_650610841:/home/robot_ws/install/650610841_final:/opt/ros/humble /usr/bin/cmake --build /home/robot_ws/build/sllidar_ros2 -- -j16 -l16
[1.434s] [ 10%] Built target sllidar_client
[1.476s] [100%] Built target sllidar_node
[1.572s] Invoked command in '/home/robot_ws/build/sllidar_ros2' returned '0': CMAKE_PREFIX_PATH=${CMAKE_PREFIX_PATH}:/home/robot_ws/install/assign2_650610841:/home/robot_ws/install/assign4_650610841:/home/robot_ws/install/assign3_650610841:/home/robot_ws/install/assign1_650610841:/home/robot_ws/install/650610841_final:/opt/ros/humble /usr/bin/cmake --build /home/robot_ws/build/sllidar_ros2 -- -j16 -l16
[1.583s] Invoking command in '/home/robot_ws/build/sllidar_ros2': CMAKE_PREFIX_PATH=${CMAKE_PREFIX_PATH}:/home/robot_ws/install/assign2_650610841:/home/robot_ws/install/assign4_650610841:/home/robot_ws/install/assign3_650610841:/home/robot_ws/install/assign1_650610841:/home/robot_ws/install/650610841_final:/opt/ros/humble /usr/bin/cmake --install /home/robot_ws/build/sllidar_ros2
[1.625s] -- Install configuration: ""
[1.629s] -- Up-to-date: /home/robot_ws/install/sllidar_ros2/share/sllidar_ros2/launch
[1.634s] -- Up-to-date: /home/robot_ws/install/sllidar_ros2/share/sllidar_ros2/launch/sllidar_s1_tcp_launch.py
[1.635s] -- Up-to-date: /home/robot_ws/install/sllidar_ros2/share/sllidar_ros2/launch/sllidar_s1_launch.py
[1.636s] -- Up-to-date: /home/robot_ws/install/sllidar_ros2/share/sllidar_ros2/launch/view_sllidar_a1_launch.py
[1.637s] -- Up-to-date: /home/robot_ws/install/sllidar_ros2/share/sllidar_ros2/launch/view_sllidar_s3_launch.py
[1.638s] -- Up-to-date: /home/robot_ws/install/sllidar_ros2/share/sllidar_ros2/launch/sllidar_a3_launch.py
[1.639s] -- Up-to-date: /home/robot_ws/install/sllidar_ros2/share/sllidar_ros2/launch/sllidar_s3_launch.py
[1.641s] -- Up-to-date: /home/robot_ws/install/sllidar_ros2/share/sllidar_ros2/launch/view_sllidar_s1_tcp_launch.py
[1.644s] -- Up-to-date: /home/robot_ws/install/sllidar_ros2/share/sllidar_ros2/launch/view_sllidar_a2m12_launch.py
[1.646s] -- Up-to-date: /home/robot_ws/install/sllidar_ros2/share/sllidar_ros2/launch/sllidar_t1_launch.py
[1.650s] -- Up-to-date: /home/robot_ws/install/sllidar_ros2/share/sllidar_ros2/launch/view_sllidar_s1_launch.py
[1.655s] -- Up-to-date: /home/robot_ws/install/sllidar_ros2/share/sllidar_ros2/launch/view_sllidar_s2_launch.py
[1.656s] -- Up-to-date: /home/robot_ws/install/sllidar_ros2/share/sllidar_ros2/launch/sllidar_a2m8_launch.py
[1.657s] -- Up-to-date: /home/robot_ws/install/sllidar_ros2/share/sllidar_ros2/launch/view_sllidar_a2m7_launch.py
[1.657s] -- Up-to-date: /home/robot_ws/install/sllidar_ros2/share/sllidar_ros2/launch/sllidar_a2m12_launch .py
[1.658s] -- Up-to-date: /home/robot_ws/install/sllidar_ros2/share/sllidar_ros2/launch/view_sllidar_t1_launch.py
[1.658s] -- Up-to-date: /home/robot_ws/install/sllidar_ros2/share/sllidar_ros2/launch/sllidar_a2m7_launch.py
[1.658s] -- Up-to-date: /home/robot_ws/install/sllidar_ros2/share/sllidar_ros2/launch/view_sllidar_c1_launch.py
[1.659s] -- Up-to-date: /home/robot_ws/install/sllidar_ros2/share/sllidar_ros2/launch/view_sllidar_a3_launch.py
[1.659s] -- Up-to-date: /home/robot_ws/install/sllidar_ros2/share/sllidar_ros2/launch/view_sllidar_a2m8_launch.py
[1.659s] -- Up-to-date: /home/robot_ws/install/sllidar_ros2/share/sllidar_ros2/launch/sllidar_s2e_launch.py
[1.660s] -- Up-to-date: /home/robot_ws/install/sllidar_ros2/share/sllidar_ros2/launch/sllidar_s2_launch.py
[1.660s] -- Up-to-date: /home/robot_ws/install/sllidar_ros2/share/sllidar_ros2/launch/sllidar_a1_launch.py
[1.661s] -- Up-to-date: /home/robot_ws/install/sllidar_ros2/share/sllidar_ros2/launch/view_sllidar_s2e_launch.py
[1.663s] -- Up-to-date: /home/robot_ws/install/sllidar_ros2/share/sllidar_ros2/launch/sllidar_c1_launch.py
[1.664s] -- Up-to-date: /home/robot_ws/install/sllidar_ros2/share/sllidar_ros2/rviz
[1.665s] -- Up-to-date: /home/robot_ws/install/sllidar_ros2/share/sllidar_ros2/rviz/sllidar_ros2.rviz
[1.666s] -- Up-to-date: /home/robot_ws/install/sllidar_ros2/lib/sllidar_ros2/sllidar_node
[1.671s] -- Up-to-date: /home/robot_ws/install/sllidar_ros2/lib/sllidar_ros2/sllidar_client
[1.685s] -- Up-to-date: /home/robot_ws/install/sllidar_ros2/share/ament_index/resource_index/package_run_dependencies/sllidar_ros2
[1.686s] -- Up-to-date: /home/robot_ws/install/sllidar_ros2/share/ament_index/resource_index/parent_prefix_path/sllidar_ros2
[1.691s] -- Up-to-date: /home/robot_ws/install/sllidar_ros2/share/sllidar_ros2/environment/ament_prefix_path.sh
[1.693s] -- Up-to-date: /home/robot_ws/install/sllidar_ros2/share/sllidar_ros2/environment/ament_prefix_path.dsv
[1.695s] -- Up-to-date: /home/robot_ws/install/sllidar_ros2/share/sllidar_ros2/environment/path.sh
[1.696s] -- Up-to-date: /home/robot_ws/install/sllidar_ros2/share/sllidar_ros2/environment/path.dsv
[1.700s] -- Up-to-date: /home/robot_ws/install/sllidar_ros2/share/sllidar_ros2/local_setup.bash
[1.700s] -- Up-to-date: /home/robot_ws/install/sllidar_ros2/share/sllidar_ros2/local_setup.sh
[1.701s] -- Up-to-date: /home/robot_ws/install/sllidar_ros2/share/sllidar_ros2/local_setup.zsh
[1.702s] -- Up-to-date: /home/robot_ws/install/sllidar_ros2/share/sllidar_ros2/local_setup.dsv
[1.702s] -- Installing: /home/robot_ws/install/sllidar_ros2/share/sllidar_ros2/package.dsv
[1.705s] -- Up-to-date: /home/robot_ws/install/sllidar_ros2/share/ament_index/resource_index/packages/sllidar_ros2
[1.707s] -- Up-to-date: /home/robot_ws/install/sllidar_ros2/share/sllidar_ros2/cmake/ament_cmake_export_dependencies-extras.cmake
[1.708s] -- Up-to-date: /home/robot_ws/install/sllidar_ros2/share/sllidar_ros2/cmake/ament_cmake_export_include_directories-extras.cmake
[1.709s] -- Up-to-date: /home/robot_ws/install/sllidar_ros2/share/sllidar_ros2/cmake/sllidar_ros2Config.cmake
[1.710s] -- Up-to-date: /home/robot_ws/install/sllidar_ros2/share/sllidar_ros2/cmake/sllidar_ros2Config-version.cmake
[1.711s] -- Up-to-date: /home/robot_ws/install/sllidar_ros2/share/sllidar_ros2/package.xml
[1.743s] Invoked command in '/home/robot_ws/build/sllidar_ros2' returned '0': CMAKE_PREFIX_PATH=${CMAKE_PREFIX_PATH}:/home/robot_ws/install/assign2_650610841:/home/robot_ws/install/assign4_650610841:/home/robot_ws/install/assign3_650610841:/home/robot_ws/install/assign1_650610841:/home/robot_ws/install/650610841_final:/opt/ros/humble /usr/bin/cmake --install /home/robot_ws/build/sllidar_ros2
