[0.011s] Invoking command in '/home/entity014/Ros-Major/650610841_final/build/lidar_interfaces': CMAKE_PREFIX_PATH=${CMAKE_PREFIX_PATH}:/home/entity014/Ros-Major/650610841_final/install/lidar_650610841:/home/entity014/turtlebot3_ws/install/turtlebot3_teleop:/home/entity014/turtlebot3_ws/install/turtlebot3_example:/opt/ros/humble /usr/bin/cmake --build /home/entity014/Ros-Major/650610841_final/build/lidar_interfaces -- -j16 -l16
[0.034s] [ 10%] Built target lidar_interfaces__rosidl_generator_c
[0.034s] [ 12%] Built target lidar_interfaces__cpp
[0.039s] [ 12%] Built target ament_cmake_python_symlink_lidar_interfaces
[0.048s] [ 23%] Built target lidar_interfaces__rosidl_typesupport_c
[0.053s] [ 33%] Built target lidar_interfaces__rosidl_typesupport_cpp
[0.053s] [ 43%] Built target lidar_interfaces__rosidl_typesupport_introspection_c
[0.055s] [ 53%] Built target lidar_interfaces__rosidl_typesupport_introspection_cpp
[0.055s] [ 64%] Built target lidar_interfaces__rosidl_typesupport_fastrtps_cpp
[0.057s] [ 74%] Built target lidar_interfaces__rosidl_typesupport_fastrtps_c
[0.065s] [ 74%] Built target lidar_interfaces
[0.076s] [ 76%] Built target lidar_interfaces__py
[0.090s] [ 84%] Built target lidar_interfaces__rosidl_generator_py
[0.102s] [ 89%] Built target lidar_interfaces__rosidl_typesupport_c__pyext
[0.102s] [ 94%] Built target lidar_interfaces__rosidl_typesupport_introspection_c__pyext
[0.103s] [100%] Built target lidar_interfaces__rosidl_typesupport_fastrtps_c__pyext
[0.205s] running egg_info
[0.205s] writing lidar_interfaces.egg-info/PKG-INFO
[0.205s] writing dependency_links to lidar_interfaces.egg-info/dependency_links.txt
[0.205s] writing top-level names to lidar_interfaces.egg-info/top_level.txt
[0.207s] reading manifest file 'lidar_interfaces.egg-info/SOURCES.txt'
[0.207s] writing manifest file 'lidar_interfaces.egg-info/SOURCES.txt'
[0.221s] [100%] Built target ament_cmake_python_build_lidar_interfaces_egg
[0.226s] Invoked command in '/home/entity014/Ros-Major/650610841_final/build/lidar_interfaces' returned '0': CMAKE_PREFIX_PATH=${CMAKE_PREFIX_PATH}:/home/entity014/Ros-Major/650610841_final/install/lidar_650610841:/home/entity014/turtlebot3_ws/install/turtlebot3_teleop:/home/entity014/turtlebot3_ws/install/turtlebot3_example:/opt/ros/humble /usr/bin/cmake --build /home/entity014/Ros-Major/650610841_final/build/lidar_interfaces -- -j16 -l16
[0.227s] Invoking command in '/home/entity014/Ros-Major/650610841_final/build/lidar_interfaces': CMAKE_PREFIX_PATH=${CMAKE_PREFIX_PATH}:/home/entity014/Ros-Major/650610841_final/install/lidar_650610841:/home/entity014/turtlebot3_ws/install/turtlebot3_teleop:/home/entity014/turtlebot3_ws/install/turtlebot3_example:/opt/ros/humble /usr/bin/cmake --install /home/entity014/Ros-Major/650610841_final/build/lidar_interfaces
[0.230s] -- Install configuration: ""
[0.231s] -- Execute custom install script
[0.231s] -- Up-to-date symlink: /home/entity014/Ros-Major/650610841_final/install/lidar_interfaces/share/ament_index/resource_index/rosidl_interfaces/lidar_interfaces
[0.232s] -- Up-to-date symlink: /home/entity014/Ros-Major/650610841_final/install/lidar_interfaces/include/lidar_interfaces/lidar_interfaces/msg/detail/scan__functions.h
[0.232s] -- Up-to-date symlink: /home/entity014/Ros-Major/650610841_final/install/lidar_interfaces/include/lidar_interfaces/lidar_interfaces/msg/detail/scan__struct.h
[0.232s] -- Up-to-date symlink: /home/entity014/Ros-Major/650610841_final/install/lidar_interfaces/include/lidar_interfaces/lidar_interfaces/msg/detail/scan__type_support.h
[0.232s] -- Up-to-date symlink: /home/entity014/Ros-Major/650610841_final/install/lidar_interfaces/include/lidar_interfaces/lidar_interfaces/msg/rosidl_generator_c__visibility_control.h
[0.232s] -- Up-to-date symlink: /home/entity014/Ros-Major/650610841_final/install/lidar_interfaces/include/lidar_interfaces/lidar_interfaces/msg/scan.h
[0.232s] -- Up-to-date symlink: /home/entity014/Ros-Major/650610841_final/install/lidar_interfaces/include/lidar_interfaces/lidar_interfaces/srv/break.h
[0.232s] -- Up-to-date symlink: /home/entity014/Ros-Major/650610841_final/install/lidar_interfaces/include/lidar_interfaces/lidar_interfaces/srv/detail/break__functions.h
[0.232s] -- Up-to-date symlink: /home/entity014/Ros-Major/650610841_final/install/lidar_interfaces/include/lidar_interfaces/lidar_interfaces/srv/detail/break__struct.h
[0.232s] -- Up-to-date symlink: /home/entity014/Ros-Major/650610841_final/install/lidar_interfaces/include/lidar_interfaces/lidar_interfaces/srv/detail/break__type_support.h
[0.233s] -- Up-to-date symlink: /home/entity014/Ros-Major/650610841_final/install/lidar_interfaces/share/lidar_interfaces/environment/library_path.sh
[0.233s] -- Up-to-date symlink: /home/entity014/Ros-Major/650610841_final/install/lidar_interfaces/share/lidar_interfaces/environment/library_path.dsv
[0.233s] -- Up-to-date symlink: /home/entity014/Ros-Major/650610841_final/install/lidar_interfaces/include/lidar_interfaces/lidar_interfaces/msg/detail/scan__rosidl_typesupport_fastrtps_c.h
[0.233s] -- Up-to-date symlink: /home/entity014/Ros-Major/650610841_final/install/lidar_interfaces/include/lidar_interfaces/lidar_interfaces/msg/rosidl_typesupport_fastrtps_c__visibility_control.h
[0.234s] -- Up-to-date symlink: /home/entity014/Ros-Major/650610841_final/install/lidar_interfaces/include/lidar_interfaces/lidar_interfaces/srv/detail/break__rosidl_typesupport_fastrtps_c.h
[0.234s] -- Up-to-date symlink: /home/entity014/Ros-Major/650610841_final/install/lidar_interfaces/include/lidar_interfaces/lidar_interfaces/msg/detail/scan__builder.hpp
[0.234s] -- Up-to-date symlink: /home/entity014/Ros-Major/650610841_final/install/lidar_interfaces/include/lidar_interfaces/lidar_interfaces/msg/detail/scan__struct.hpp
[0.234s] -- Up-to-date symlink: /home/entity014/Ros-Major/650610841_final/install/lidar_interfaces/include/lidar_interfaces/lidar_interfaces/msg/detail/scan__traits.hpp
[0.234s] -- Up-to-date symlink: /home/entity014/Ros-Major/650610841_final/install/lidar_interfaces/include/lidar_interfaces/lidar_interfaces/msg/detail/scan__type_support.hpp
[0.234s] -- Up-to-date symlink: /home/entity014/Ros-Major/650610841_final/install/lidar_interfaces/include/lidar_interfaces/lidar_interfaces/msg/rosidl_generator_cpp__visibility_control.hpp
[0.234s] -- Up-to-date symlink: /home/entity014/Ros-Major/650610841_final/install/lidar_interfaces/include/lidar_interfaces/lidar_interfaces/msg/scan.hpp
[0.235s] -- Up-to-date symlink: /home/entity014/Ros-Major/650610841_final/install/lidar_interfaces/include/lidar_interfaces/lidar_interfaces/srv/break.hpp
[0.235s] -- Up-to-date symlink: /home/entity014/Ros-Major/650610841_final/install/lidar_interfaces/include/lidar_interfaces/lidar_interfaces/srv/detail/break__builder.hpp
[0.235s] -- Up-to-date symlink: /home/entity014/Ros-Major/650610841_final/install/lidar_interfaces/include/lidar_interfaces/lidar_interfaces/srv/detail/break__struct.hpp
[0.235s] -- Up-to-date symlink: /home/entity014/Ros-Major/650610841_final/install/lidar_interfaces/include/lidar_interfaces/lidar_interfaces/srv/detail/break__traits.hpp
[0.235s] -- Up-to-date symlink: /home/entity014/Ros-Major/650610841_final/install/lidar_interfaces/include/lidar_interfaces/lidar_interfaces/srv/detail/break__type_support.hpp
[0.236s] -- Up-to-date symlink: /home/entity014/Ros-Major/650610841_final/install/lidar_interfaces/include/lidar_interfaces/lidar_interfaces/msg/detail/scan__rosidl_typesupport_fastrtps_cpp.hpp
[0.236s] -- Up-to-date symlink: /home/entity014/Ros-Major/650610841_final/install/lidar_interfaces/include/lidar_interfaces/lidar_interfaces/msg/rosidl_typesupport_fastrtps_cpp__visibility_control.h
[0.236s] -- Up-to-date symlink: /home/entity014/Ros-Major/650610841_final/install/lidar_interfaces/include/lidar_interfaces/lidar_interfaces/srv/detail/break__rosidl_typesupport_fastrtps_cpp.hpp
[0.236s] -- Up-to-date symlink: /home/entity014/Ros-Major/650610841_final/install/lidar_interfaces/include/lidar_interfaces/lidar_interfaces/msg/detail/scan__rosidl_typesupport_introspection_c.h
[0.236s] -- Up-to-date symlink: /home/entity014/Ros-Major/650610841_final/install/lidar_interfaces/include/lidar_interfaces/lidar_interfaces/msg/rosidl_typesupport_introspection_c__visibility_control.h
[0.236s] -- Up-to-date symlink: /home/entity014/Ros-Major/650610841_final/install/lidar_interfaces/include/lidar_interfaces/lidar_interfaces/srv/detail/break__rosidl_typesupport_introspection_c.h
[0.236s] -- Up-to-date symlink: /home/entity014/Ros-Major/650610841_final/install/lidar_interfaces/include/lidar_interfaces/lidar_interfaces/msg/detail/scan__rosidl_typesupport_introspection_cpp.hpp
[0.236s] -- Up-to-date symlink: /home/entity014/Ros-Major/650610841_final/install/lidar_interfaces/include/lidar_interfaces/lidar_interfaces/srv/detail/break__rosidl_typesupport_introspection_cpp.hpp
[0.236s] -- Up-to-date symlink: /home/entity014/Ros-Major/650610841_final/install/lidar_interfaces/share/lidar_interfaces/environment/pythonpath.sh
[0.236s] -- Up-to-date symlink: /home/entity014/Ros-Major/650610841_final/install/lidar_interfaces/share/lidar_interfaces/environment/pythonpath.dsv
[0.237s] -- Up-to-date symlink: /home/entity014/Ros-Major/650610841_final/install/lidar_interfaces/local/lib/python3.10/dist-packages/lidar_interfaces-0.0.0-py3.10.egg-info/PKG-INFO
[0.237s] -- Up-to-date symlink: /home/entity014/Ros-Major/650610841_final/install/lidar_interfaces/local/lib/python3.10/dist-packages/lidar_interfaces-0.0.0-py3.10.egg-info/SOURCES.txt
[0.237s] -- Up-to-date symlink: /home/entity014/Ros-Major/650610841_final/install/lidar_interfaces/local/lib/python3.10/dist-packages/lidar_interfaces-0.0.0-py3.10.egg-info/dependency_links.txt
[0.237s] -- Up-to-date symlink: /home/entity014/Ros-Major/650610841_final/install/lidar_interfaces/local/lib/python3.10/dist-packages/lidar_interfaces-0.0.0-py3.10.egg-info/top_level.txt
[0.237s] -- Up-to-date symlink: /home/entity014/Ros-Major/650610841_final/install/lidar_interfaces/local/lib/python3.10/dist-packages/lidar_interfaces/__init__.py
[0.237s] -- Up-to-date symlink: /home/entity014/Ros-Major/650610841_final/install/lidar_interfaces/local/lib/python3.10/dist-packages/lidar_interfaces/_lidar_interfaces_s.ep.rosidl_typesupport_c.c
[0.237s] -- Up-to-date symlink: /home/entity014/Ros-Major/650610841_final/install/lidar_interfaces/local/lib/python3.10/dist-packages/lidar_interfaces/_lidar_interfaces_s.ep.rosidl_typesupport_fastrtps_c.c
[0.237s] -- Up-to-date symlink: /home/entity014/Ros-Major/650610841_final/install/lidar_interfaces/local/lib/python3.10/dist-packages/lidar_interfaces/_lidar_interfaces_s.ep.rosidl_typesupport_introspection_c.c
[0.238s] -- Up-to-date symlink: /home/entity014/Ros-Major/650610841_final/install/lidar_interfaces/local/lib/python3.10/dist-packages/lidar_interfaces/liblidar_interfaces__rosidl_generator_py.so
[0.238s] -- Up-to-date symlink: /home/entity014/Ros-Major/650610841_final/install/lidar_interfaces/local/lib/python3.10/dist-packages/lidar_interfaces/lidar_interfaces_s__rosidl_typesupport_c.cpython-310-x86_64-linux-gnu.so
[0.238s] -- Up-to-date symlink: /home/entity014/Ros-Major/650610841_final/install/lidar_interfaces/local/lib/python3.10/dist-packages/lidar_interfaces/lidar_interfaces_s__rosidl_typesupport_fastrtps_c.cpython-310-x86_64-linux-gnu.so
[0.238s] -- Up-to-date symlink: /home/entity014/Ros-Major/650610841_final/install/lidar_interfaces/local/lib/python3.10/dist-packages/lidar_interfaces/lidar_interfaces_s__rosidl_typesupport_introspection_c.cpython-310-x86_64-linux-gnu.so
[0.238s] -- Up-to-date symlink: /home/entity014/Ros-Major/650610841_final/install/lidar_interfaces/local/lib/python3.10/dist-packages/lidar_interfaces/msg/__init__.py
[0.238s] -- Up-to-date symlink: /home/entity014/Ros-Major/650610841_final/install/lidar_interfaces/local/lib/python3.10/dist-packages/lidar_interfaces/msg/_scan.py
[0.238s] -- Up-to-date symlink: /home/entity014/Ros-Major/650610841_final/install/lidar_interfaces/local/lib/python3.10/dist-packages/lidar_interfaces/msg/_scan_s.c
[0.238s] -- Up-to-date symlink: /home/entity014/Ros-Major/650610841_final/install/lidar_interfaces/local/lib/python3.10/dist-packages/lidar_interfaces/srv/__init__.py
[0.238s] -- Up-to-date symlink: /home/entity014/Ros-Major/650610841_final/install/lidar_interfaces/local/lib/python3.10/dist-packages/lidar_interfaces/srv/_break.py
[0.238s] -- Up-to-date symlink: /home/entity014/Ros-Major/650610841_final/install/lidar_interfaces/local/lib/python3.10/dist-packages/lidar_interfaces/srv/_break_s.c
[0.238s] -- Up-to-date symlink: /home/entity014/Ros-Major/650610841_final/install/lidar_interfaces/local/lib/python3.10/dist-packages/lidar_interfaces/lidar_interfaces_s__rosidl_typesupport_fastrtps_c.cpython-310-x86_64-linux-gnu.so
[0.238s] -- Up-to-date symlink: /home/entity014/Ros-Major/650610841_final/install/lidar_interfaces/local/lib/python3.10/dist-packages/lidar_interfaces/lidar_interfaces_s__rosidl_typesupport_introspection_c.cpython-310-x86_64-linux-gnu.so
[0.238s] -- Up-to-date symlink: /home/entity014/Ros-Major/650610841_final/install/lidar_interfaces/local/lib/python3.10/dist-packages/lidar_interfaces/lidar_interfaces_s__rosidl_typesupport_c.cpython-310-x86_64-linux-gnu.so
[0.238s] -- Up-to-date symlink: /home/entity014/Ros-Major/650610841_final/install/lidar_interfaces/share/lidar_interfaces/msg/Scan.idl
[0.238s] -- Up-to-date symlink: /home/entity014/Ros-Major/650610841_final/install/lidar_interfaces/share/lidar_interfaces/srv/Break.idl
[0.238s] -- Up-to-date symlink: /home/entity014/Ros-Major/650610841_final/install/lidar_interfaces/share/lidar_interfaces/msg/Scan.msg
[0.238s] -- Up-to-date symlink: /home/entity014/Ros-Major/650610841_final/install/lidar_interfaces/share/lidar_interfaces/srv/Break.srv
[0.238s] -- Up-to-date symlink: /home/entity014/Ros-Major/650610841_final/install/lidar_interfaces/share/lidar_interfaces/srv/Break_Request.msg
[0.239s] -- Up-to-date symlink: /home/entity014/Ros-Major/650610841_final/install/lidar_interfaces/share/lidar_interfaces/srv/Break_Response.msg
[0.239s] -- Up-to-date symlink: /home/entity014/Ros-Major/650610841_final/install/lidar_interfaces/share/ament_index/resource_index/package_run_dependencies/lidar_interfaces
[0.239s] -- Up-to-date symlink: /home/entity014/Ros-Major/650610841_final/install/lidar_interfaces/share/ament_index/resource_index/parent_prefix_path/lidar_interfaces
[0.239s] -- Up-to-date symlink: /home/entity014/Ros-Major/650610841_final/install/lidar_interfaces/share/lidar_interfaces/environment/ament_prefix_path.sh
[0.239s] -- Up-to-date symlink: /home/entity014/Ros-Major/650610841_final/install/lidar_interfaces/share/lidar_interfaces/environment/ament_prefix_path.dsv
[0.239s] -- Up-to-date symlink: /home/entity014/Ros-Major/650610841_final/install/lidar_interfaces/share/lidar_interfaces/environment/path.sh
[0.239s] -- Up-to-date symlink: /home/entity014/Ros-Major/650610841_final/install/lidar_interfaces/share/lidar_interfaces/environment/path.dsv
[0.239s] -- Up-to-date symlink: /home/entity014/Ros-Major/650610841_final/install/lidar_interfaces/share/lidar_interfaces/local_setup.bash
[0.239s] -- Up-to-date symlink: /home/entity014/Ros-Major/650610841_final/install/lidar_interfaces/share/lidar_interfaces/local_setup.sh
[0.239s] -- Up-to-date symlink: /home/entity014/Ros-Major/650610841_final/install/lidar_interfaces/share/lidar_interfaces/local_setup.zsh
[0.239s] -- Up-to-date symlink: /home/entity014/Ros-Major/650610841_final/install/lidar_interfaces/share/lidar_interfaces/local_setup.dsv
[0.239s] -- Symlinking: /home/entity014/Ros-Major/650610841_final/install/lidar_interfaces/share/lidar_interfaces/package.dsv
[0.243s] -- Up-to-date symlink: /home/entity014/Ros-Major/650610841_final/install/lidar_interfaces/share/ament_index/resource_index/packages/lidar_interfaces
[0.243s] -- Up-to-date symlink: /home/entity014/Ros-Major/650610841_final/install/lidar_interfaces/share/lidar_interfaces/cmake/rosidl_cmake-extras.cmake
[0.243s] -- Up-to-date symlink: /home/entity014/Ros-Major/650610841_final/install/lidar_interfaces/share/lidar_interfaces/cmake/ament_cmake_export_dependencies-extras.cmake
[0.243s] -- Up-to-date symlink: /home/entity014/Ros-Major/650610841_final/install/lidar_interfaces/share/lidar_interfaces/cmake/ament_cmake_export_include_directories-extras.cmake
[0.243s] -- Up-to-date symlink: /home/entity014/Ros-Major/650610841_final/install/lidar_interfaces/share/lidar_interfaces/cmake/ament_cmake_export_libraries-extras.cmake
[0.243s] -- Up-to-date symlink: /home/entity014/Ros-Major/650610841_final/install/lidar_interfaces/share/lidar_interfaces/cmake/ament_cmake_export_targets-extras.cmake
[0.243s] -- Up-to-date symlink: /home/entity014/Ros-Major/650610841_final/install/lidar_interfaces/share/lidar_interfaces/cmake/rosidl_cmake_export_typesupport_targets-extras.cmake
[0.243s] -- Up-to-date symlink: /home/entity014/Ros-Major/650610841_final/install/lidar_interfaces/share/lidar_interfaces/cmake/rosidl_cmake_export_typesupport_libraries-extras.cmake
[0.243s] -- Up-to-date symlink: /home/entity014/Ros-Major/650610841_final/install/lidar_interfaces/share/lidar_interfaces/cmake/lidar_interfacesConfig.cmake
[0.243s] -- Up-to-date symlink: /home/entity014/Ros-Major/650610841_final/install/lidar_interfaces/share/lidar_interfaces/cmake/lidar_interfacesConfig-version.cmake
[0.243s] -- Up-to-date symlink: /home/entity014/Ros-Major/650610841_final/install/lidar_interfaces/share/lidar_interfaces/package.xml
[0.243s] -- Up-to-date: /home/entity014/Ros-Major/650610841_final/install/lidar_interfaces/lib/liblidar_interfaces__rosidl_generator_c.so
[0.244s] -- Up-to-date: /home/entity014/Ros-Major/650610841_final/install/lidar_interfaces/lib/liblidar_interfaces__rosidl_typesupport_fastrtps_c.so
[0.244s] -- Up-to-date: /home/entity014/Ros-Major/650610841_final/install/lidar_interfaces/lib/liblidar_interfaces__rosidl_typesupport_fastrtps_cpp.so
[0.244s] -- Up-to-date: /home/entity014/Ros-Major/650610841_final/install/lidar_interfaces/lib/liblidar_interfaces__rosidl_typesupport_introspection_c.so
[0.244s] -- Up-to-date: /home/entity014/Ros-Major/650610841_final/install/lidar_interfaces/lib/liblidar_interfaces__rosidl_typesupport_c.so
[0.244s] -- Up-to-date: /home/entity014/Ros-Major/650610841_final/install/lidar_interfaces/lib/liblidar_interfaces__rosidl_typesupport_introspection_cpp.so
[0.244s] -- Up-to-date: /home/entity014/Ros-Major/650610841_final/install/lidar_interfaces/lib/liblidar_interfaces__rosidl_typesupport_cpp.so
[0.267s] Listing '/home/entity014/Ros-Major/650610841_final/install/lidar_interfaces/local/lib/python3.10/dist-packages/lidar_interfaces'...
[0.267s] Listing '/home/entity014/Ros-Major/650610841_final/install/lidar_interfaces/local/lib/python3.10/dist-packages/lidar_interfaces/msg'...
[0.267s] Listing '/home/entity014/Ros-Major/650610841_final/install/lidar_interfaces/local/lib/python3.10/dist-packages/lidar_interfaces/srv'...
[0.269s] -- Up-to-date: /home/entity014/Ros-Major/650610841_final/install/lidar_interfaces/lib/liblidar_interfaces__rosidl_generator_py.so
[0.269s] -- Up-to-date: /home/entity014/Ros-Major/650610841_final/install/lidar_interfaces/share/lidar_interfaces/cmake/export_lidar_interfaces__rosidl_generator_cExport.cmake
[0.269s] -- Up-to-date: /home/entity014/Ros-Major/650610841_final/install/lidar_interfaces/share/lidar_interfaces/cmake/export_lidar_interfaces__rosidl_generator_cExport-noconfig.cmake
[0.269s] -- Up-to-date: /home/entity014/Ros-Major/650610841_final/install/lidar_interfaces/share/lidar_interfaces/cmake/export_lidar_interfaces__rosidl_typesupport_fastrtps_cExport.cmake
[0.269s] -- Up-to-date: /home/entity014/Ros-Major/650610841_final/install/lidar_interfaces/share/lidar_interfaces/cmake/export_lidar_interfaces__rosidl_typesupport_fastrtps_cExport-noconfig.cmake
[0.269s] -- Up-to-date: /home/entity014/Ros-Major/650610841_final/install/lidar_interfaces/share/lidar_interfaces/cmake/export_lidar_interfaces__rosidl_generator_cppExport.cmake
[0.269s] -- Up-to-date: /home/entity014/Ros-Major/650610841_final/install/lidar_interfaces/share/lidar_interfaces/cmake/export_lidar_interfaces__rosidl_typesupport_fastrtps_cppExport.cmake
[0.270s] -- Up-to-date: /home/entity014/Ros-Major/650610841_final/install/lidar_interfaces/share/lidar_interfaces/cmake/export_lidar_interfaces__rosidl_typesupport_fastrtps_cppExport-noconfig.cmake
[0.270s] -- Up-to-date: /home/entity014/Ros-Major/650610841_final/install/lidar_interfaces/share/lidar_interfaces/cmake/lidar_interfaces__rosidl_typesupport_introspection_cExport.cmake
[0.270s] -- Up-to-date: /home/entity014/Ros-Major/650610841_final/install/lidar_interfaces/share/lidar_interfaces/cmake/lidar_interfaces__rosidl_typesupport_introspection_cExport-noconfig.cmake
[0.270s] -- Up-to-date: /home/entity014/Ros-Major/650610841_final/install/lidar_interfaces/share/lidar_interfaces/cmake/lidar_interfaces__rosidl_typesupport_cExport.cmake
[0.270s] -- Up-to-date: /home/entity014/Ros-Major/650610841_final/install/lidar_interfaces/share/lidar_interfaces/cmake/lidar_interfaces__rosidl_typesupport_cExport-noconfig.cmake
[0.270s] -- Up-to-date: /home/entity014/Ros-Major/650610841_final/install/lidar_interfaces/share/lidar_interfaces/cmake/lidar_interfaces__rosidl_typesupport_introspection_cppExport.cmake
[0.270s] -- Up-to-date: /home/entity014/Ros-Major/650610841_final/install/lidar_interfaces/share/lidar_interfaces/cmake/lidar_interfaces__rosidl_typesupport_introspection_cppExport-noconfig.cmake
[0.270s] -- Up-to-date: /home/entity014/Ros-Major/650610841_final/install/lidar_interfaces/share/lidar_interfaces/cmake/lidar_interfaces__rosidl_typesupport_cppExport.cmake
[0.270s] -- Up-to-date: /home/entity014/Ros-Major/650610841_final/install/lidar_interfaces/share/lidar_interfaces/cmake/lidar_interfaces__rosidl_typesupport_cppExport-noconfig.cmake
[0.270s] -- Up-to-date: /home/entity014/Ros-Major/650610841_final/install/lidar_interfaces/share/lidar_interfaces/cmake/export_lidar_interfaces__rosidl_generator_pyExport.cmake
[0.270s] -- Up-to-date: /home/entity014/Ros-Major/650610841_final/install/lidar_interfaces/share/lidar_interfaces/cmake/export_lidar_interfaces__rosidl_generator_pyExport-noconfig.cmake
[0.271s] Invoked command in '/home/entity014/Ros-Major/650610841_final/build/lidar_interfaces' returned '0': CMAKE_PREFIX_PATH=${CMAKE_PREFIX_PATH}:/home/entity014/Ros-Major/650610841_final/install/lidar_650610841:/home/entity014/turtlebot3_ws/install/turtlebot3_teleop:/home/entity014/turtlebot3_ws/install/turtlebot3_example:/opt/ros/humble /usr/bin/cmake --install /home/entity014/Ros-Major/650610841_final/build/lidar_interfaces
