[0.647s] DEBUG:colcon:Command line arguments: ['/usr/bin/colcon', 'build', '--packages-select', 'assign2_650610841']
[0.648s] DEBUG:colcon:Parsed command line arguments: Namespace(log_base=None, log_level=None, verb_name='build', build_base='build', install_base='install', merge_install=False, symlink_install=False, test_result_base=None, continue_on_error=False, executor='parallel', parallel_workers=16, event_handlers=None, ignore_user_meta=False, metas=['./colcon.meta'], base_paths=['.'], packages_ignore=None, packages_ignore_regex=None, paths=None, packages_up_to=None, packages_up_to_regex=None, packages_above=None, packages_above_and_dependencies=None, packages_above_depth=None, packages_select_by_dep=None, packages_skip_by_dep=None, packages_skip_up_to=None, packages_select_build_failed=False, packages_skip_build_finished=False, packages_select_test_failures=False, packages_skip_test_passed=False, packages_select=['assign2_650610841'], packages_skip=None, packages_select_regex=None, packages_skip_regex=None, packages_start=None, packages_end=None, cmake_args=None, cmake_target=None, cmake_target_skip_unavailable=False, cmake_clean_cache=False, cmake_clean_first=False, cmake_force_configure=False, ament_cmake_args=None, catkin_cmake_args=None, catkin_skip_building_tests=False, mixin_files=None, mixin=None, verb_parser=<colcon_mixin.mixin.mixin_argument.MixinArgumentDecorator object at 0x7f1fa6599720>, verb_extension=<colcon_core.verb.build.BuildVerb object at 0x7f1fa6599210>, main=<bound method BuildVerb.main of <colcon_core.verb.build.BuildVerb object at 0x7f1fa6599210>>, mixin_verb=('build',))
[1.254s] Level 1:colcon.colcon_core.package_discovery:discover_packages(colcon_meta) check parameters
[1.255s] Level 1:colcon.colcon_core.package_discovery:discover_packages(recursive) check parameters
[1.256s] Level 1:colcon.colcon_core.package_discovery:discover_packages(ignore) check parameters
[1.256s] Level 1:colcon.colcon_core.package_discovery:discover_packages(path) check parameters
[1.256s] Level 1:colcon.colcon_core.package_discovery:discover_packages(colcon_meta) discover
[1.256s] Level 1:colcon.colcon_core.package_discovery:discover_packages(recursive) discover
[1.257s] INFO:colcon.colcon_core.package_discovery:Crawling recursively for packages in '/home/robot_ws'
[1.259s] Level 1:colcon.colcon_core.package_identification:_identify(.) by extensions ['ignore', 'ignore_ament_install']
[1.259s] Level 1:colcon.colcon_core.package_identification:_identify(.) by extension 'ignore'
[1.259s] Level 1:colcon.colcon_core.package_identification:_identify(.) by extension 'ignore_ament_install'
[1.260s] Level 1:colcon.colcon_core.package_identification:_identify(.) by extensions ['colcon_pkg']
[1.260s] Level 1:colcon.colcon_core.package_identification:_identify(.) by extension 'colcon_pkg'
[1.260s] Level 1:colcon.colcon_core.package_identification:_identify(.) by extensions ['colcon_meta']
[1.261s] Level 1:colcon.colcon_core.package_identification:_identify(.) by extension 'colcon_meta'
[1.261s] Level 1:colcon.colcon_core.package_identification:_identify(.) by extensions ['ros']
[1.261s] Level 1:colcon.colcon_core.package_identification:_identify(.) by extension 'ros'
[1.295s] Level 1:colcon.colcon_core.package_identification:_identify(.) by extensions ['cmake', 'python']
[1.296s] Level 1:colcon.colcon_core.package_identification:_identify(.) by extension 'cmake'
[1.297s] Level 1:colcon.colcon_core.package_identification:_identify(.) by extension 'python'
[1.298s] Level 1:colcon.colcon_core.package_identification:_identify(.) by extensions ['python_setup_py']
[1.299s] Level 1:colcon.colcon_core.package_identification:_identify(.) by extension 'python_setup_py'
[1.309s] Level 1:colcon.colcon_core.package_identification:_identify(build) by extensions ['ignore', 'ignore_ament_install']
[1.310s] Level 1:colcon.colcon_core.package_identification:_identify(build) by extension 'ignore'
[1.314s] Level 1:colcon.colcon_core.package_identification:_identify(build) ignored
[1.322s] Level 1:colcon.colcon_core.package_identification:_identify(install) by extensions ['ignore', 'ignore_ament_install']
[1.323s] Level 1:colcon.colcon_core.package_identification:_identify(install) by extension 'ignore'
[1.328s] Level 1:colcon.colcon_core.package_identification:_identify(install) ignored
[1.342s] Level 1:colcon.colcon_core.package_identification:_identify(log) by extensions ['ignore', 'ignore_ament_install']
[1.343s] Level 1:colcon.colcon_core.package_identification:_identify(log) by extension 'ignore'
[1.346s] Level 1:colcon.colcon_core.package_identification:_identify(log) ignored
[1.355s] Level 1:colcon.colcon_core.package_identification:_identify(src) by extensions ['ignore', 'ignore_ament_install']
[1.356s] Level 1:colcon.colcon_core.package_identification:_identify(src) by extension 'ignore'
[1.359s] Level 1:colcon.colcon_core.package_identification:_identify(src) by extension 'ignore_ament_install'
[1.365s] Level 1:colcon.colcon_core.package_identification:_identify(src) by extensions ['colcon_pkg']
[1.366s] Level 1:colcon.colcon_core.package_identification:_identify(src) by extension 'colcon_pkg'
[1.370s] Level 1:colcon.colcon_core.package_identification:_identify(src) by extensions ['colcon_meta']
[1.371s] Level 1:colcon.colcon_core.package_identification:_identify(src) by extension 'colcon_meta'
[1.375s] Level 1:colcon.colcon_core.package_identification:_identify(src) by extensions ['ros']
[1.376s] Level 1:colcon.colcon_core.package_identification:_identify(src) by extension 'ros'
[1.388s] Level 1:colcon.colcon_core.package_identification:_identify(src) by extensions ['cmake', 'python']
[1.389s] Level 1:colcon.colcon_core.package_identification:_identify(src) by extension 'cmake'
[1.392s] Level 1:colcon.colcon_core.package_identification:_identify(src) by extension 'python'
[1.395s] Level 1:colcon.colcon_core.package_identification:_identify(src) by extensions ['python_setup_py']
[1.396s] Level 1:colcon.colcon_core.package_identification:_identify(src) by extension 'python_setup_py'
[1.409s] Level 1:colcon.colcon_core.package_identification:_identify(src/assign1_650610832) by extensions ['ignore', 'ignore_ament_install']
[1.410s] Level 1:colcon.colcon_core.package_identification:_identify(src/assign1_650610832) by extension 'ignore'
[1.413s] Level 1:colcon.colcon_core.package_identification:_identify(src/assign1_650610832) by extension 'ignore_ament_install'
[1.420s] Level 1:colcon.colcon_core.package_identification:_identify(src/assign1_650610832) by extensions ['colcon_pkg']
[1.420s] Level 1:colcon.colcon_core.package_identification:_identify(src/assign1_650610832) by extension 'colcon_pkg'
[1.424s] Level 1:colcon.colcon_core.package_identification:_identify(src/assign1_650610832) by extensions ['colcon_meta']
[1.425s] Level 1:colcon.colcon_core.package_identification:_identify(src/assign1_650610832) by extension 'colcon_meta'
[1.429s] Level 1:colcon.colcon_core.package_identification:_identify(src/assign1_650610832) by extensions ['ros']
[1.430s] Level 1:colcon.colcon_core.package_identification:_identify(src/assign1_650610832) by extension 'ros'
[1.460s] DEBUG:colcon.colcon_core.package_identification:Package 'src/assign1_650610832' with type 'ros.ament_python' and name 'assign1_650610832'
[1.472s] Level 1:colcon.colcon_core.package_identification:_identify(src/assign1_650610841) by extensions ['ignore', 'ignore_ament_install']
[1.473s] Level 1:colcon.colcon_core.package_identification:_identify(src/assign1_650610841) by extension 'ignore'
[1.477s] Level 1:colcon.colcon_core.package_identification:_identify(src/assign1_650610841) by extension 'ignore_ament_install'
[1.483s] Level 1:colcon.colcon_core.package_identification:_identify(src/assign1_650610841) by extensions ['colcon_pkg']
[1.484s] Level 1:colcon.colcon_core.package_identification:_identify(src/assign1_650610841) by extension 'colcon_pkg'
[1.487s] Level 1:colcon.colcon_core.package_identification:_identify(src/assign1_650610841) by extensions ['colcon_meta']
[1.487s] Level 1:colcon.colcon_core.package_identification:_identify(src/assign1_650610841) by extension 'colcon_meta'
[1.490s] Level 1:colcon.colcon_core.package_identification:_identify(src/assign1_650610841) by extensions ['ros']
[1.491s] Level 1:colcon.colcon_core.package_identification:_identify(src/assign1_650610841) by extension 'ros'
[1.513s] DEBUG:colcon.colcon_core.package_identification:Package 'src/assign1_650610841' with type 'ros.ament_python' and name 'assign1_650610841'
[1.522s] Level 1:colcon.colcon_core.package_identification:_identify(src/assign2_650610841) by extensions ['ignore', 'ignore_ament_install']
[1.523s] Level 1:colcon.colcon_core.package_identification:_identify(src/assign2_650610841) by extension 'ignore'
[1.527s] Level 1:colcon.colcon_core.package_identification:_identify(src/assign2_650610841) by extension 'ignore_ament_install'
[1.533s] Level 1:colcon.colcon_core.package_identification:_identify(src/assign2_650610841) by extensions ['colcon_pkg']
[1.533s] Level 1:colcon.colcon_core.package_identification:_identify(src/assign2_650610841) by extension 'colcon_pkg'
[1.536s] Level 1:colcon.colcon_core.package_identification:_identify(src/assign2_650610841) by extensions ['colcon_meta']
[1.537s] Level 1:colcon.colcon_core.package_identification:_identify(src/assign2_650610841) by extension 'colcon_meta'
[1.540s] Level 1:colcon.colcon_core.package_identification:_identify(src/assign2_650610841) by extensions ['ros']
[1.541s] Level 1:colcon.colcon_core.package_identification:_identify(src/assign2_650610841) by extension 'ros'
[1.581s] DEBUG:colcon.colcon_core.package_identification:Package 'src/assign2_650610841' with type 'ros.ament_python' and name 'assign2_650610841'
[1.601s] Level 1:colcon.colcon_core.package_identification:_identify(src/myword_650610841) by extensions ['ignore', 'ignore_ament_install']
[1.602s] Level 1:colcon.colcon_core.package_identification:_identify(src/myword_650610841) by extension 'ignore'
[1.608s] Level 1:colcon.colcon_core.package_identification:_identify(src/myword_650610841) by extension 'ignore_ament_install'
[1.619s] Level 1:colcon.colcon_core.package_identification:_identify(src/myword_650610841) by extensions ['colcon_pkg']
[1.620s] Level 1:colcon.colcon_core.package_identification:_identify(src/myword_650610841) by extension 'colcon_pkg'
[1.625s] Level 1:colcon.colcon_core.package_identification:_identify(src/myword_650610841) by extensions ['colcon_meta']
[1.626s] Level 1:colcon.colcon_core.package_identification:_identify(src/myword_650610841) by extension 'colcon_meta'
[1.634s] Level 1:colcon.colcon_core.package_identification:_identify(src/myword_650610841) by extensions ['ros']
[1.634s] Level 1:colcon.colcon_core.package_identification:_identify(src/myword_650610841) by extension 'ros'
[1.661s] DEBUG:colcon.colcon_core.package_identification:Package 'src/myword_650610841' with type 'ros.ament_cmake' and name 'myword_650610841'
[1.661s] Level 1:colcon.colcon_core.package_discovery:discover_packages(recursive) using defaults
[1.662s] Level 1:colcon.colcon_core.package_discovery:discover_packages(ignore) discover
[1.662s] Level 1:colcon.colcon_core.package_discovery:discover_packages(ignore) using defaults
[1.662s] Level 1:colcon.colcon_core.package_discovery:discover_packages(path) discover
[1.663s] Level 1:colcon.colcon_core.package_discovery:discover_packages(path) using defaults
[1.818s] INFO:colcon.colcon_core.package_selection:Skipping not selected package 'assign1_650610832' in 'src/assign1_650610832'
[1.819s] INFO:colcon.colcon_core.package_selection:Skipping not selected package 'assign1_650610841' in 'src/assign1_650610841'
[1.820s] INFO:colcon.colcon_core.package_selection:Skipping not selected package 'myword_650610841' in 'src/myword_650610841'
[1.822s] Level 5:colcon.colcon_core.verb:set package 'assign2_650610841' build argument 'cmake_args' from command line to 'None'
[1.823s] Level 5:colcon.colcon_core.verb:set package 'assign2_650610841' build argument 'cmake_target' from command line to 'None'
[1.824s] Level 5:colcon.colcon_core.verb:set package 'assign2_650610841' build argument 'cmake_target_skip_unavailable' from command line to 'False'
[1.825s] Level 5:colcon.colcon_core.verb:set package 'assign2_650610841' build argument 'cmake_clean_cache' from command line to 'False'
[1.826s] Level 5:colcon.colcon_core.verb:set package 'assign2_650610841' build argument 'cmake_clean_first' from command line to 'False'
[1.827s] Level 5:colcon.colcon_core.verb:set package 'assign2_650610841' build argument 'cmake_force_configure' from command line to 'False'
[1.828s] Level 5:colcon.colcon_core.verb:set package 'assign2_650610841' build argument 'ament_cmake_args' from command line to 'None'
[1.829s] Level 5:colcon.colcon_core.verb:set package 'assign2_650610841' build argument 'catkin_cmake_args' from command line to 'None'
[1.830s] Level 5:colcon.colcon_core.verb:set package 'assign2_650610841' build argument 'catkin_skip_building_tests' from command line to 'False'
[1.831s] DEBUG:colcon.colcon_core.verb:Building package 'assign2_650610841' with the following arguments: {'ament_cmake_args': None, 'build_base': '/home/robot_ws/build/assign2_650610841', 'catkin_cmake_args': None, 'catkin_skip_building_tests': False, 'cmake_args': None, 'cmake_clean_cache': False, 'cmake_clean_first': False, 'cmake_force_configure': False, 'cmake_target': None, 'cmake_target_skip_unavailable': False, 'install_base': '/home/robot_ws/install/assign2_650610841', 'merge_install': False, 'path': '/home/robot_ws/src/assign2_650610841', 'symlink_install': False, 'test_result_base': None}
[1.832s] INFO:colcon.colcon_core.executor:Executing jobs using 'parallel' executor
[1.834s] DEBUG:colcon.colcon_parallel_executor.executor.parallel:run_until_complete
[1.835s] INFO:colcon.colcon_ros.task.ament_python.build:Building ROS package in '/home/robot_ws/src/assign2_650610841' with build type 'ament_python'
[1.836s] Level 1:colcon.colcon_core.shell:create_environment_hook('assign2_650610841', 'ament_prefix_path')
[1.863s] INFO:colcon.colcon_core.plugin_system:Skipping extension 'colcon_core.shell.bat': Not used on non-Windows systems
[1.864s] INFO:colcon.colcon_core.shell:Creating environment hook '/home/robot_ws/install/assign2_650610841/share/assign2_650610841/hook/ament_prefix_path.ps1'
[1.891s] INFO:colcon.colcon_core.shell:Creating environment descriptor '/home/robot_ws/install/assign2_650610841/share/assign2_650610841/hook/ament_prefix_path.dsv'
[1.915s] INFO:colcon.colcon_core.shell:Creating environment hook '/home/robot_ws/install/assign2_650610841/share/assign2_650610841/hook/ament_prefix_path.sh'
[1.935s] INFO:colcon.colcon_core.shell:Skip shell extension 'powershell' for command environment: Not usable outside of PowerShell
[1.936s] DEBUG:colcon.colcon_core.shell:Skip shell extension 'dsv' for command environment
[3.794s] INFO:colcon.colcon_core.task.python.build:Building Python package in '/home/robot_ws/src/assign2_650610841'
[3.795s] INFO:colcon.colcon_core.shell:Skip shell extension 'powershell' for command environment: Not usable outside of PowerShell
[3.796s] DEBUG:colcon.colcon_core.shell:Skip shell extension 'dsv' for command environment
[7.087s] DEBUG:colcon.colcon_core.event_handler.log_command:Invoking command in '/home/robot_ws/src/assign2_650610841': AMENT_PREFIX_PATH=/home/robot_ws/install/myword_650610841:${AMENT_PREFIX_PATH} CMAKE_PREFIX_PATH=/home/robot_ws/install/myword_650610841 LD_LIBRARY_PATH=/home/robot_ws/install/myword_650610841/lib:${LD_LIBRARY_PATH} PYTHONPATH=/home/robot_ws/build/assign2_650610841/prefix_override:/usr/lib/python3/dist-packages/colcon_core/task/python/colcon_distutils_commands:/home/robot_ws/install/assign2_650610841/lib/python3.10/site-packages:/home/robot_ws/install/myword_650610841/local/lib/python3.10/dist-packages:${PYTHONPATH} /usr/bin/python3 -W ignore:setup.py install is deprecated -W ignore:easy_install command is deprecated setup.py egg_info --egg-base ../../build/assign2_650610841 build --build-base /home/robot_ws/build/assign2_650610841/build install --record /home/robot_ws/build/assign2_650610841/install.log --single-version-externally-managed install_data
[10.882s] DEBUG:colcon.colcon_core.event_handler.log_command:Invoked command in '/home/robot_ws/src/assign2_650610841' returned '0': AMENT_PREFIX_PATH=/home/robot_ws/install/myword_650610841:${AMENT_PREFIX_PATH} CMAKE_PREFIX_PATH=/home/robot_ws/install/myword_650610841 LD_LIBRARY_PATH=/home/robot_ws/install/myword_650610841/lib:${LD_LIBRARY_PATH} PYTHONPATH=/home/robot_ws/build/assign2_650610841/prefix_override:/usr/lib/python3/dist-packages/colcon_core/task/python/colcon_distutils_commands:/home/robot_ws/install/assign2_650610841/lib/python3.10/site-packages:/home/robot_ws/install/myword_650610841/local/lib/python3.10/dist-packages:${PYTHONPATH} /usr/bin/python3 -W ignore:setup.py install is deprecated -W ignore:easy_install command is deprecated setup.py egg_info --egg-base ../../build/assign2_650610841 build --build-base /home/robot_ws/build/assign2_650610841/build install --record /home/robot_ws/build/assign2_650610841/install.log --single-version-externally-managed install_data
[10.907s] Level 1:colcon.colcon_core.environment:checking '/home/robot_ws/install/assign2_650610841' for CMake module files
[10.957s] Level 1:colcon.colcon_core.environment:checking '/home/robot_ws/install/assign2_650610841' for CMake config files
[11.037s] Level 1:colcon.colcon_core.environment:checking '/home/robot_ws/install/assign2_650610841/lib'
[11.043s] Level 1:colcon.colcon_core.environment:checking '/home/robot_ws/install/assign2_650610841/bin'
[11.046s] Level 1:colcon.colcon_core.environment:checking '/home/robot_ws/install/assign2_650610841/lib/pkgconfig/assign2_650610841.pc'
[11.049s] Level 1:colcon.colcon_core.environment:checking '/home/robot_ws/install/assign2_650610841/lib/python3.10/site-packages'
[11.052s] Level 1:colcon.colcon_core.shell:create_environment_hook('assign2_650610841', 'pythonpath')
[11.053s] INFO:colcon.colcon_core.shell:Creating environment hook '/home/robot_ws/install/assign2_650610841/share/assign2_650610841/hook/pythonpath.ps1'
[11.068s] INFO:colcon.colcon_core.shell:Creating environment descriptor '/home/robot_ws/install/assign2_650610841/share/assign2_650610841/hook/pythonpath.dsv'
[11.084s] INFO:colcon.colcon_core.shell:Creating environment hook '/home/robot_ws/install/assign2_650610841/share/assign2_650610841/hook/pythonpath.sh'
[11.104s] Level 1:colcon.colcon_core.environment:checking '/home/robot_ws/install/assign2_650610841/bin'
[11.108s] Level 1:colcon.colcon_core.environment:create_environment_scripts_only(assign2_650610841)
[11.109s] INFO:colcon.colcon_core.shell:Creating package script '/home/robot_ws/install/assign2_650610841/share/assign2_650610841/package.ps1'
[11.130s] INFO:colcon.colcon_core.shell:Creating package descriptor '/home/robot_ws/install/assign2_650610841/share/assign2_650610841/package.dsv'
[11.148s] INFO:colcon.colcon_core.shell:Creating package script '/home/robot_ws/install/assign2_650610841/share/assign2_650610841/package.sh'
[11.165s] INFO:colcon.colcon_core.shell:Creating package script '/home/robot_ws/install/assign2_650610841/share/assign2_650610841/package.bash'
[11.185s] INFO:colcon.colcon_core.shell:Creating package script '/home/robot_ws/install/assign2_650610841/share/assign2_650610841/package.zsh'
[11.206s] Level 1:colcon.colcon_core.environment:create_file_with_runtime_dependencies(/home/robot_ws/install/assign2_650610841/share/colcon-core/packages/assign2_650610841)
[11.228s] DEBUG:colcon.colcon_parallel_executor.executor.parallel:closing loop
[11.229s] DEBUG:colcon.colcon_parallel_executor.executor.parallel:loop closed
[11.230s] DEBUG:colcon.colcon_parallel_executor.executor.parallel:run_until_complete finished with '0'
[11.231s] DEBUG:colcon.colcon_core.event_reactor:joining thread
[11.306s] INFO:colcon.colcon_core.plugin_system:Skipping extension 'colcon_notification.desktop_notification.notify_send': Could not find 'notify-send'
[11.306s] INFO:colcon.colcon_core.plugin_system:Skipping extension 'colcon_notification.desktop_notification.terminal_notifier': Not used on non-Darwin systems
[11.307s] INFO:colcon.colcon_core.plugin_system:Skipping extension 'colcon_notification.desktop_notification.win32': Not used on non-Windows systems
[11.308s] INFO:colcon.colcon_notification.desktop_notification:Sending desktop notification using 'notify2'
[11.310s] DEBUG:colcon.colcon_notification.desktop_notification.notify2:Failed to initialize notify2: org.freedesktop.DBus.Error.Spawn.ExecFailed: /usr/bin/dbus-launch terminated abnormally without any error message
[11.311s] DEBUG:colcon.colcon_core.event_reactor:joined thread
[11.312s] INFO:colcon.colcon_core.shell:Creating prefix script '/home/robot_ws/install/local_setup.ps1'
[11.326s] INFO:colcon.colcon_core.shell:Creating prefix util module '/home/robot_ws/install/_local_setup_util_ps1.py'
[11.339s] INFO:colcon.colcon_core.shell:Creating prefix chain script '/home/robot_ws/install/setup.ps1'
[11.375s] INFO:colcon.colcon_core.shell:Creating prefix script '/home/robot_ws/install/local_setup.sh'
[11.387s] INFO:colcon.colcon_core.shell:Creating prefix util module '/home/robot_ws/install/_local_setup_util_sh.py'
[11.396s] INFO:colcon.colcon_core.shell:Creating prefix chain script '/home/robot_ws/install/setup.sh'
[11.425s] INFO:colcon.colcon_core.shell:Creating prefix script '/home/robot_ws/install/local_setup.bash'
[11.436s] INFO:colcon.colcon_core.shell:Creating prefix chain script '/home/robot_ws/install/setup.bash'
[11.472s] INFO:colcon.colcon_core.shell:Creating prefix script '/home/robot_ws/install/local_setup.zsh'
[11.483s] INFO:colcon.colcon_core.shell:Creating prefix chain script '/home/robot_ws/install/setup.zsh'
