[1.252s] Invoking command in '/home/robot_ws/src/assign3_650610841': PYTHONPATH=/home/robot_ws/build/assign3_650610841/prefix_override:/usr/lib/python3/dist-packages/colcon_core/task/python/colcon_distutils_commands:/home/robot_ws/install/assign3_650610841/lib/python3.10/site-packages:${PYTHONPATH} /usr/bin/python3 -W ignore:setup.py install is deprecated -W ignore:easy_install command is deprecated setup.py egg_info --egg-base ../../build/assign3_650610841 build --build-base /home/robot_ws/build/assign3_650610841/build install --record /home/robot_ws/build/assign3_650610841/install.log --single-version-externally-managed install_data
[1.573s] running egg_info
[1.573s] writing ../../build/assign3_650610841/assign3_650610841.egg-info/PKG-INFO
[1.574s] writing dependency_links to ../../build/assign3_650610841/assign3_650610841.egg-info/dependency_links.txt
[1.574s] writing entry points to ../../build/assign3_650610841/assign3_650610841.egg-info/entry_points.txt
[1.574s] writing requirements to ../../build/assign3_650610841/assign3_650610841.egg-info/requires.txt
[1.574s] writing top-level names to ../../build/assign3_650610841/assign3_650610841.egg-info/top_level.txt
[1.576s] reading manifest file '../../build/assign3_650610841/assign3_650610841.egg-info/SOURCES.txt'
[1.576s] adding license file 'LICENSE'
[1.576s] writing manifest file '../../build/assign3_650610841/assign3_650610841.egg-info/SOURCES.txt'
[1.576s] running build
[1.577s] running build_py
[1.577s] running install
[1.577s] running install_lib
[1.578s] running install_data
[1.578s] running install_egg_info
[1.580s] removing '/home/robot_ws/install/assign3_650610841/lib/python3.10/site-packages/assign3_650610841-0.0.0-py3.10.egg-info' (and everything under it)
[1.580s] Copying ../../build/assign3_650610841/assign3_650610841.egg-info to /home/robot_ws/install/assign3_650610841/lib/python3.10/site-packages/assign3_650610841-0.0.0-py3.10.egg-info
[1.581s] running install_scripts
[1.603s] writing list of installed files to '/home/robot_ws/build/assign3_650610841/install.log'
[1.632s] Invoked command in '/home/robot_ws/src/assign3_650610841' returned '0': PYTHONPATH=/home/robot_ws/build/assign3_650610841/prefix_override:/usr/lib/python3/dist-packages/colcon_core/task/python/colcon_distutils_commands:/home/robot_ws/install/assign3_650610841/lib/python3.10/site-packages:${PYTHONPATH} /usr/bin/python3 -W ignore:setup.py install is deprecated -W ignore:easy_install command is deprecated setup.py egg_info --egg-base ../../build/assign3_650610841 build --build-base /home/robot_ws/build/assign3_650610841/build install --record /home/robot_ws/build/assign3_650610841/install.log --single-version-externally-managed install_data
