[3.015s] Invoking command in '/home/robot_ws/src/assign1_650610841': PYTHONPATH=/home/robot_ws/build/assign1_650610841/prefix_override:/usr/lib/python3/dist-packages/colcon_core/task/python/colcon_distutils_commands:/home/robot_ws/install/assign1_650610841/lib/python3.10/site-packages:${PYTHONPATH} /usr/bin/python3 -W ignore:setup.py install is deprecated -W ignore:easy_install command is deprecated setup.py egg_info --egg-base ../../build/assign1_650610841 build --build-base /home/robot_ws/build/assign1_650610841/build install --record /home/robot_ws/build/assign1_650610841/install.log --single-version-externally-managed install_data
[3.247s] running egg_info
[3.248s] writing ../../build/assign1_650610841/assign1_650610841.egg-info/PKG-INFO
[3.248s] writing dependency_links to ../../build/assign1_650610841/assign1_650610841.egg-info/dependency_links.txt
[3.248s] writing entry points to ../../build/assign1_650610841/assign1_650610841.egg-info/entry_points.txt
[3.248s] writing requirements to ../../build/assign1_650610841/assign1_650610841.egg-info/requires.txt
[3.248s] writing top-level names to ../../build/assign1_650610841/assign1_650610841.egg-info/top_level.txt
[3.250s] reading manifest file '../../build/assign1_650610841/assign1_650610841.egg-info/SOURCES.txt'
[3.250s] adding license file 'LICENSE'
[3.250s] writing manifest file '../../build/assign1_650610841/assign1_650610841.egg-info/SOURCES.txt'
[3.250s] running build
[3.251s] running build_py
[3.251s] running install
[3.251s] running install_lib
[3.252s] running install_data
[3.252s] running install_egg_info
[3.253s] removing '/home/robot_ws/install/assign1_650610841/lib/python3.10/site-packages/assign1_650610841-0.0.0-py3.10.egg-info' (and everything under it)
[3.254s] Copying ../../build/assign1_650610841/assign1_650610841.egg-info to /home/robot_ws/install/assign1_650610841/lib/python3.10/site-packages/assign1_650610841-0.0.0-py3.10.egg-info
[3.254s] running install_scripts
[3.270s] Installing hearer1 script to /home/robot_ws/install/assign1_650610841/lib/assign1_650610841
[3.270s] Installing hearer2 script to /home/robot_ws/install/assign1_650610841/lib/assign1_650610841
[3.271s] Installing whisper script to /home/robot_ws/install/assign1_650610841/lib/assign1_650610841
[3.271s] writing list of installed files to '/home/robot_ws/build/assign1_650610841/install.log'
[3.291s] Invoked command in '/home/robot_ws/src/assign1_650610841' returned '0': PYTHONPATH=/home/robot_ws/build/assign1_650610841/prefix_override:/usr/lib/python3/dist-packages/colcon_core/task/python/colcon_distutils_commands:/home/robot_ws/install/assign1_650610841/lib/python3.10/site-packages:${PYTHONPATH} /usr/bin/python3 -W ignore:setup.py install is deprecated -W ignore:easy_install command is deprecated setup.py egg_info --egg-base ../../build/assign1_650610841 build --build-base /home/robot_ws/build/assign1_650610841/build install --record /home/robot_ws/build/assign1_650610841/install.log --single-version-externally-managed install_data
