[0.068s] DEBUG:colcon:Command line arguments: ['/usr/bin/colcon', 'build']
[0.068s] DEBUG:colcon:Parsed command line arguments: Namespace(log_base=None, log_level=None, verb_name='build', build_base='build', install_base='install', merge_install=False, symlink_install=False, test_result_base=None, continue_on_error=False, executor='parallel', parallel_workers=16, event_handlers=None, ignore_user_meta=False, metas=['./colcon.meta'], base_paths=['.'], packages_ignore=None, packages_ignore_regex=None, paths=None, packages_up_to=None, packages_up_to_regex=None, packages_above=None, packages_above_and_dependencies=None, packages_above_depth=None, packages_select_by_dep=None, packages_skip_by_dep=None, packages_skip_up_to=None, packages_select_build_failed=False, packages_skip_build_finished=False, packages_select_test_failures=False, packages_skip_test_passed=False, packages_select=None, packages_skip=None, packages_select_regex=None, packages_skip_regex=None, packages_start=None, packages_end=None, cmake_args=None, cmake_target=None, cmake_target_skip_unavailable=False, cmake_clean_cache=False, cmake_clean_first=False, cmake_force_configure=False, ament_cmake_args=None, catkin_cmake_args=None, catkin_skip_building_tests=False, mixin_files=None, mixin=None, verb_parser=<colcon_mixin.mixin.mixin_argument.MixinArgumentDecorator object at 0x7d85b8309480>, verb_extension=<colcon_core.verb.build.BuildVerb object at 0x7d85b8503640>, main=<bound method BuildVerb.main of <colcon_core.verb.build.BuildVerb object at 0x7d85b8503640>>, mixin_verb=('build',))
[0.169s] Level 1:colcon.colcon_core.package_discovery:discover_packages(colcon_meta) check parameters
[0.169s] Level 1:colcon.colcon_core.package_discovery:discover_packages(recursive) check parameters
[0.169s] Level 1:colcon.colcon_core.package_discovery:discover_packages(ignore) check parameters
[0.169s] Level 1:colcon.colcon_core.package_discovery:discover_packages(path) check parameters
[0.170s] Level 1:colcon.colcon_core.package_discovery:discover_packages(colcon_meta) discover
[0.170s] Level 1:colcon.colcon_core.package_discovery:discover_packages(recursive) discover
[0.170s] INFO:colcon.colcon_core.package_discovery:Crawling recursively for packages in '/home/robot_ws'
[0.170s] Level 1:colcon.colcon_core.package_identification:_identify(.) by extensions ['ignore', 'ignore_ament_install']
[0.170s] Level 1:colcon.colcon_core.package_identification:_identify(.) by extension 'ignore'
[0.170s] Level 1:colcon.colcon_core.package_identification:_identify(.) by extension 'ignore_ament_install'
[0.170s] Level 1:colcon.colcon_core.package_identification:_identify(.) by extensions ['colcon_pkg']
[0.170s] Level 1:colcon.colcon_core.package_identification:_identify(.) by extension 'colcon_pkg'
[0.170s] Level 1:colcon.colcon_core.package_identification:_identify(.) by extensions ['colcon_meta']
[0.170s] Level 1:colcon.colcon_core.package_identification:_identify(.) by extension 'colcon_meta'
[0.170s] Level 1:colcon.colcon_core.package_identification:_identify(.) by extensions ['ros']
[0.170s] Level 1:colcon.colcon_core.package_identification:_identify(.) by extension 'ros'
[0.180s] Level 1:colcon.colcon_core.package_identification:_identify(.) by extensions ['cmake', 'python']
[0.180s] Level 1:colcon.colcon_core.package_identification:_identify(.) by extension 'cmake'
[0.180s] Level 1:colcon.colcon_core.package_identification:_identify(.) by extension 'python'
[0.180s] Level 1:colcon.colcon_core.package_identification:_identify(.) by extensions ['python_setup_py']
[0.180s] Level 1:colcon.colcon_core.package_identification:_identify(.) by extension 'python_setup_py'
[0.180s] Level 1:colcon.colcon_core.package_identification:_identify(build) by extensions ['ignore', 'ignore_ament_install']
[0.180s] Level 1:colcon.colcon_core.package_identification:_identify(build) by extension 'ignore'
[0.180s] Level 1:colcon.colcon_core.package_identification:_identify(build) ignored
[0.180s] Level 1:colcon.colcon_core.package_identification:_identify(install) by extensions ['ignore', 'ignore_ament_install']
[0.180s] Level 1:colcon.colcon_core.package_identification:_identify(install) by extension 'ignore'
[0.180s] Level 1:colcon.colcon_core.package_identification:_identify(install) ignored
[0.180s] Level 1:colcon.colcon_core.package_identification:_identify(log) by extensions ['ignore', 'ignore_ament_install']
[0.180s] Level 1:colcon.colcon_core.package_identification:_identify(log) by extension 'ignore'
[0.180s] Level 1:colcon.colcon_core.package_identification:_identify(log) ignored
[0.180s] Level 1:colcon.colcon_core.package_identification:_identify(src) by extensions ['ignore', 'ignore_ament_install']
[0.180s] Level 1:colcon.colcon_core.package_identification:_identify(src) by extension 'ignore'
[0.180s] Level 1:colcon.colcon_core.package_identification:_identify(src) by extension 'ignore_ament_install'
[0.180s] Level 1:colcon.colcon_core.package_identification:_identify(src) by extensions ['colcon_pkg']
[0.180s] Level 1:colcon.colcon_core.package_identification:_identify(src) by extension 'colcon_pkg'
[0.180s] Level 1:colcon.colcon_core.package_identification:_identify(src) by extensions ['colcon_meta']
[0.181s] Level 1:colcon.colcon_core.package_identification:_identify(src) by extension 'colcon_meta'
[0.181s] Level 1:colcon.colcon_core.package_identification:_identify(src) by extensions ['ros']
[0.181s] Level 1:colcon.colcon_core.package_identification:_identify(src) by extension 'ros'
[0.181s] Level 1:colcon.colcon_core.package_identification:_identify(src) by extensions ['cmake', 'python']
[0.181s] Level 1:colcon.colcon_core.package_identification:_identify(src) by extension 'cmake'
[0.181s] Level 1:colcon.colcon_core.package_identification:_identify(src) by extension 'python'
[0.181s] Level 1:colcon.colcon_core.package_identification:_identify(src) by extensions ['python_setup_py']
[0.181s] Level 1:colcon.colcon_core.package_identification:_identify(src) by extension 'python_setup_py'
[0.181s] Level 1:colcon.colcon_core.package_identification:_identify(src/650610841_final) by extensions ['ignore', 'ignore_ament_install']
[0.181s] Level 1:colcon.colcon_core.package_identification:_identify(src/650610841_final) by extension 'ignore'
[0.181s] Level 1:colcon.colcon_core.package_identification:_identify(src/650610841_final) by extension 'ignore_ament_install'
[0.181s] Level 1:colcon.colcon_core.package_identification:_identify(src/650610841_final) by extensions ['colcon_pkg']
[0.181s] Level 1:colcon.colcon_core.package_identification:_identify(src/650610841_final) by extension 'colcon_pkg'
[0.181s] Level 1:colcon.colcon_core.package_identification:_identify(src/650610841_final) by extensions ['colcon_meta']
[0.181s] Level 1:colcon.colcon_core.package_identification:_identify(src/650610841_final) by extension 'colcon_meta'
[0.181s] Level 1:colcon.colcon_core.package_identification:_identify(src/650610841_final) by extensions ['ros']
[0.181s] Level 1:colcon.colcon_core.package_identification:_identify(src/650610841_final) by extension 'ros'
[0.183s] DEBUG:colcon.colcon_core.package_identification:Package 'src/650610841_final' with type 'ros.ament_python' and name '650610841_final'
[0.183s] Level 1:colcon.colcon_core.package_identification:_identify(src/assign1_650610841) by extensions ['ignore', 'ignore_ament_install']
[0.183s] Level 1:colcon.colcon_core.package_identification:_identify(src/assign1_650610841) by extension 'ignore'
[0.183s] Level 1:colcon.colcon_core.package_identification:_identify(src/assign1_650610841) by extension 'ignore_ament_install'
[0.183s] Level 1:colcon.colcon_core.package_identification:_identify(src/assign1_650610841) by extensions ['colcon_pkg']
[0.183s] Level 1:colcon.colcon_core.package_identification:_identify(src/assign1_650610841) by extension 'colcon_pkg'
[0.183s] Level 1:colcon.colcon_core.package_identification:_identify(src/assign1_650610841) by extensions ['colcon_meta']
[0.183s] Level 1:colcon.colcon_core.package_identification:_identify(src/assign1_650610841) by extension 'colcon_meta'
[0.183s] Level 1:colcon.colcon_core.package_identification:_identify(src/assign1_650610841) by extensions ['ros']
[0.183s] Level 1:colcon.colcon_core.package_identification:_identify(src/assign1_650610841) by extension 'ros'
[0.184s] DEBUG:colcon.colcon_core.package_identification:Package 'src/assign1_650610841' with type 'ros.ament_python' and name 'assign1_650610841'
[0.184s] Level 1:colcon.colcon_core.package_identification:_identify(src/assign2_650610841) by extensions ['ignore', 'ignore_ament_install']
[0.184s] Level 1:colcon.colcon_core.package_identification:_identify(src/assign2_650610841) by extension 'ignore'
[0.184s] Level 1:colcon.colcon_core.package_identification:_identify(src/assign2_650610841) by extension 'ignore_ament_install'
[0.184s] Level 1:colcon.colcon_core.package_identification:_identify(src/assign2_650610841) by extensions ['colcon_pkg']
[0.184s] Level 1:colcon.colcon_core.package_identification:_identify(src/assign2_650610841) by extension 'colcon_pkg'
[0.184s] Level 1:colcon.colcon_core.package_identification:_identify(src/assign2_650610841) by extensions ['colcon_meta']
[0.184s] Level 1:colcon.colcon_core.package_identification:_identify(src/assign2_650610841) by extension 'colcon_meta'
[0.184s] Level 1:colcon.colcon_core.package_identification:_identify(src/assign2_650610841) by extensions ['ros']
[0.184s] Level 1:colcon.colcon_core.package_identification:_identify(src/assign2_650610841) by extension 'ros'
[0.184s] DEBUG:colcon.colcon_core.package_identification:Package 'src/assign2_650610841' with type 'ros.ament_python' and name 'assign2_650610841'
[0.185s] Level 1:colcon.colcon_core.package_identification:_identify(src/assign3_650610841) by extensions ['ignore', 'ignore_ament_install']
[0.185s] Level 1:colcon.colcon_core.package_identification:_identify(src/assign3_650610841) by extension 'ignore'
[0.185s] Level 1:colcon.colcon_core.package_identification:_identify(src/assign3_650610841) by extension 'ignore_ament_install'
[0.185s] Level 1:colcon.colcon_core.package_identification:_identify(src/assign3_650610841) by extensions ['colcon_pkg']
[0.185s] Level 1:colcon.colcon_core.package_identification:_identify(src/assign3_650610841) by extension 'colcon_pkg'
[0.185s] Level 1:colcon.colcon_core.package_identification:_identify(src/assign3_650610841) by extensions ['colcon_meta']
[0.185s] Level 1:colcon.colcon_core.package_identification:_identify(src/assign3_650610841) by extension 'colcon_meta'
[0.185s] Level 1:colcon.colcon_core.package_identification:_identify(src/assign3_650610841) by extensions ['ros']
[0.185s] Level 1:colcon.colcon_core.package_identification:_identify(src/assign3_650610841) by extension 'ros'
[0.185s] DEBUG:colcon.colcon_core.package_identification:Package 'src/assign3_650610841' with type 'ros.ament_python' and name 'assign3_650610841'
[0.185s] Level 1:colcon.colcon_core.package_identification:_identify(src/assign4_650610841) by extensions ['ignore', 'ignore_ament_install']
[0.185s] Level 1:colcon.colcon_core.package_identification:_identify(src/assign4_650610841) by extension 'ignore'
[0.185s] Level 1:colcon.colcon_core.package_identification:_identify(src/assign4_650610841) by extension 'ignore_ament_install'
[0.185s] Level 1:colcon.colcon_core.package_identification:_identify(src/assign4_650610841) by extensions ['colcon_pkg']
[0.185s] Level 1:colcon.colcon_core.package_identification:_identify(src/assign4_650610841) by extension 'colcon_pkg'
[0.185s] Level 1:colcon.colcon_core.package_identification:_identify(src/assign4_650610841) by extensions ['colcon_meta']
[0.185s] Level 1:colcon.colcon_core.package_identification:_identify(src/assign4_650610841) by extension 'colcon_meta'
[0.185s] Level 1:colcon.colcon_core.package_identification:_identify(src/assign4_650610841) by extensions ['ros']
[0.185s] Level 1:colcon.colcon_core.package_identification:_identify(src/assign4_650610841) by extension 'ros'
[0.186s] DEBUG:colcon.colcon_core.package_identification:Package 'src/assign4_650610841' with type 'ros.ament_python' and name 'assign4_650610841'
[0.186s] Level 1:colcon.colcon_core.package_identification:_identify(src/myword_650610841) by extensions ['ignore', 'ignore_ament_install']
[0.186s] Level 1:colcon.colcon_core.package_identification:_identify(src/myword_650610841) by extension 'ignore'
[0.186s] Level 1:colcon.colcon_core.package_identification:_identify(src/myword_650610841) by extension 'ignore_ament_install'
[0.186s] Level 1:colcon.colcon_core.package_identification:_identify(src/myword_650610841) by extensions ['colcon_pkg']
[0.186s] Level 1:colcon.colcon_core.package_identification:_identify(src/myword_650610841) by extension 'colcon_pkg'
[0.186s] Level 1:colcon.colcon_core.package_identification:_identify(src/myword_650610841) by extensions ['colcon_meta']
[0.186s] Level 1:colcon.colcon_core.package_identification:_identify(src/myword_650610841) by extension 'colcon_meta'
[0.186s] Level 1:colcon.colcon_core.package_identification:_identify(src/myword_650610841) by extensions ['ros']
[0.186s] Level 1:colcon.colcon_core.package_identification:_identify(src/myword_650610841) by extension 'ros'
[0.186s] DEBUG:colcon.colcon_core.package_identification:Package 'src/myword_650610841' with type 'ros.ament_cmake' and name 'myword_650610841'
[0.187s] Level 1:colcon.colcon_core.package_identification:_identify(src/sllidar_ros2) by extensions ['ignore', 'ignore_ament_install']
[0.187s] Level 1:colcon.colcon_core.package_identification:_identify(src/sllidar_ros2) by extension 'ignore'
[0.187s] Level 1:colcon.colcon_core.package_identification:_identify(src/sllidar_ros2) by extension 'ignore_ament_install'
[0.187s] Level 1:colcon.colcon_core.package_identification:_identify(src/sllidar_ros2) by extensions ['colcon_pkg']
[0.187s] Level 1:colcon.colcon_core.package_identification:_identify(src/sllidar_ros2) by extension 'colcon_pkg'
[0.187s] Level 1:colcon.colcon_core.package_identification:_identify(src/sllidar_ros2) by extensions ['colcon_meta']
[0.187s] Level 1:colcon.colcon_core.package_identification:_identify(src/sllidar_ros2) by extension 'colcon_meta'
[0.187s] Level 1:colcon.colcon_core.package_identification:_identify(src/sllidar_ros2) by extensions ['ros']
[0.187s] Level 1:colcon.colcon_core.package_identification:_identify(src/sllidar_ros2) by extension 'ros'
[0.187s] DEBUG:colcon.colcon_core.package_identification:Package 'src/sllidar_ros2' with type 'ros.ament_cmake' and name 'sllidar_ros2'
[0.187s] Level 1:colcon.colcon_core.package_discovery:discover_packages(recursive) using defaults
[0.187s] Level 1:colcon.colcon_core.package_discovery:discover_packages(ignore) discover
[0.187s] Level 1:colcon.colcon_core.package_discovery:discover_packages(ignore) using defaults
[0.187s] Level 1:colcon.colcon_core.package_discovery:discover_packages(path) discover
[0.187s] Level 1:colcon.colcon_core.package_discovery:discover_packages(path) using defaults
[0.204s] Level 5:colcon.colcon_core.verb:set package '650610841_final' build argument 'cmake_args' from command line to 'None'
[0.204s] Level 5:colcon.colcon_core.verb:set package '650610841_final' build argument 'cmake_target' from command line to 'None'
[0.204s] Level 5:colcon.colcon_core.verb:set package '650610841_final' build argument 'cmake_target_skip_unavailable' from command line to 'False'
[0.204s] Level 5:colcon.colcon_core.verb:set package '650610841_final' build argument 'cmake_clean_cache' from command line to 'False'
[0.204s] Level 5:colcon.colcon_core.verb:set package '650610841_final' build argument 'cmake_clean_first' from command line to 'False'
[0.204s] Level 5:colcon.colcon_core.verb:set package '650610841_final' build argument 'cmake_force_configure' from command line to 'False'
[0.204s] Level 5:colcon.colcon_core.verb:set package '650610841_final' build argument 'ament_cmake_args' from command line to 'None'
[0.204s] Level 5:colcon.colcon_core.verb:set package '650610841_final' build argument 'catkin_cmake_args' from command line to 'None'
[0.204s] Level 5:colcon.colcon_core.verb:set package '650610841_final' build argument 'catkin_skip_building_tests' from command line to 'False'
[0.204s] DEBUG:colcon.colcon_core.verb:Building package '650610841_final' with the following arguments: {'ament_cmake_args': None, 'build_base': '/home/robot_ws/build/650610841_final', 'catkin_cmake_args': None, 'catkin_skip_building_tests': False, 'cmake_args': None, 'cmake_clean_cache': False, 'cmake_clean_first': False, 'cmake_force_configure': False, 'cmake_target': None, 'cmake_target_skip_unavailable': False, 'install_base': '/home/robot_ws/install/650610841_final', 'merge_install': False, 'path': '/home/robot_ws/src/650610841_final', 'symlink_install': False, 'test_result_base': None}
[0.204s] Level 5:colcon.colcon_core.verb:set package 'assign1_650610841' build argument 'cmake_args' from command line to 'None'
[0.205s] Level 5:colcon.colcon_core.verb:set package 'assign1_650610841' build argument 'cmake_target' from command line to 'None'
[0.205s] Level 5:colcon.colcon_core.verb:set package 'assign1_650610841' build argument 'cmake_target_skip_unavailable' from command line to 'False'
[0.205s] Level 5:colcon.colcon_core.verb:set package 'assign1_650610841' build argument 'cmake_clean_cache' from command line to 'False'
[0.205s] Level 5:colcon.colcon_core.verb:set package 'assign1_650610841' build argument 'cmake_clean_first' from command line to 'False'
[0.205s] Level 5:colcon.colcon_core.verb:set package 'assign1_650610841' build argument 'cmake_force_configure' from command line to 'False'
[0.205s] Level 5:colcon.colcon_core.verb:set package 'assign1_650610841' build argument 'ament_cmake_args' from command line to 'None'
[0.205s] Level 5:colcon.colcon_core.verb:set package 'assign1_650610841' build argument 'catkin_cmake_args' from command line to 'None'
[0.205s] Level 5:colcon.colcon_core.verb:set package 'assign1_650610841' build argument 'catkin_skip_building_tests' from command line to 'False'
[0.205s] DEBUG:colcon.colcon_core.verb:Building package 'assign1_650610841' with the following arguments: {'ament_cmake_args': None, 'build_base': '/home/robot_ws/build/assign1_650610841', 'catkin_cmake_args': None, 'catkin_skip_building_tests': False, 'cmake_args': None, 'cmake_clean_cache': False, 'cmake_clean_first': False, 'cmake_force_configure': False, 'cmake_target': None, 'cmake_target_skip_unavailable': False, 'install_base': '/home/robot_ws/install/assign1_650610841', 'merge_install': False, 'path': '/home/robot_ws/src/assign1_650610841', 'symlink_install': False, 'test_result_base': None}
[0.205s] Level 5:colcon.colcon_core.verb:set package 'assign3_650610841' build argument 'cmake_args' from command line to 'None'
[0.205s] Level 5:colcon.colcon_core.verb:set package 'assign3_650610841' build argument 'cmake_target' from command line to 'None'
[0.205s] Level 5:colcon.colcon_core.verb:set package 'assign3_650610841' build argument 'cmake_target_skip_unavailable' from command line to 'False'
[0.205s] Level 5:colcon.colcon_core.verb:set package 'assign3_650610841' build argument 'cmake_clean_cache' from command line to 'False'
[0.205s] Level 5:colcon.colcon_core.verb:set package 'assign3_650610841' build argument 'cmake_clean_first' from command line to 'False'
[0.205s] Level 5:colcon.colcon_core.verb:set package 'assign3_650610841' build argument 'cmake_force_configure' from command line to 'False'
[0.205s] Level 5:colcon.colcon_core.verb:set package 'assign3_650610841' build argument 'ament_cmake_args' from command line to 'None'
[0.205s] Level 5:colcon.colcon_core.verb:set package 'assign3_650610841' build argument 'catkin_cmake_args' from command line to 'None'
[0.205s] Level 5:colcon.colcon_core.verb:set package 'assign3_650610841' build argument 'catkin_skip_building_tests' from command line to 'False'
[0.205s] DEBUG:colcon.colcon_core.verb:Building package 'assign3_650610841' with the following arguments: {'ament_cmake_args': None, 'build_base': '/home/robot_ws/build/assign3_650610841', 'catkin_cmake_args': None, 'catkin_skip_building_tests': False, 'cmake_args': None, 'cmake_clean_cache': False, 'cmake_clean_first': False, 'cmake_force_configure': False, 'cmake_target': None, 'cmake_target_skip_unavailable': False, 'install_base': '/home/robot_ws/install/assign3_650610841', 'merge_install': False, 'path': '/home/robot_ws/src/assign3_650610841', 'symlink_install': False, 'test_result_base': None}
[0.205s] Level 5:colcon.colcon_core.verb:set package 'assign4_650610841' build argument 'cmake_args' from command line to 'None'
[0.205s] Level 5:colcon.colcon_core.verb:set package 'assign4_650610841' build argument 'cmake_target' from command line to 'None'
[0.205s] Level 5:colcon.colcon_core.verb:set package 'assign4_650610841' build argument 'cmake_target_skip_unavailable' from command line to 'False'
[0.205s] Level 5:colcon.colcon_core.verb:set package 'assign4_650610841' build argument 'cmake_clean_cache' from command line to 'False'
[0.205s] Level 5:colcon.colcon_core.verb:set package 'assign4_650610841' build argument 'cmake_clean_first' from command line to 'False'
[0.205s] Level 5:colcon.colcon_core.verb:set package 'assign4_650610841' build argument 'cmake_force_configure' from command line to 'False'
[0.205s] Level 5:colcon.colcon_core.verb:set package 'assign4_650610841' build argument 'ament_cmake_args' from command line to 'None'
[0.205s] Level 5:colcon.colcon_core.verb:set package 'assign4_650610841' build argument 'catkin_cmake_args' from command line to 'None'
[0.205s] Level 5:colcon.colcon_core.verb:set package 'assign4_650610841' build argument 'catkin_skip_building_tests' from command line to 'False'
[0.205s] DEBUG:colcon.colcon_core.verb:Building package 'assign4_650610841' with the following arguments: {'ament_cmake_args': None, 'build_base': '/home/robot_ws/build/assign4_650610841', 'catkin_cmake_args': None, 'catkin_skip_building_tests': False, 'cmake_args': None, 'cmake_clean_cache': False, 'cmake_clean_first': False, 'cmake_force_configure': False, 'cmake_target': None, 'cmake_target_skip_unavailable': False, 'install_base': '/home/robot_ws/install/assign4_650610841', 'merge_install': False, 'path': '/home/robot_ws/src/assign4_650610841', 'symlink_install': False, 'test_result_base': None}
[0.206s] Level 5:colcon.colcon_core.verb:set package 'myword_650610841' build argument 'cmake_args' from command line to 'None'
[0.206s] Level 5:colcon.colcon_core.verb:set package 'myword_650610841' build argument 'cmake_target' from command line to 'None'
[0.206s] Level 5:colcon.colcon_core.verb:set package 'myword_650610841' build argument 'cmake_target_skip_unavailable' from command line to 'False'
[0.206s] Level 5:colcon.colcon_core.verb:set package 'myword_650610841' build argument 'cmake_clean_cache' from command line to 'False'
[0.206s] Level 5:colcon.colcon_core.verb:set package 'myword_650610841' build argument 'cmake_clean_first' from command line to 'False'
[0.206s] Level 5:colcon.colcon_core.verb:set package 'myword_650610841' build argument 'cmake_force_configure' from command line to 'False'
[0.206s] Level 5:colcon.colcon_core.verb:set package 'myword_650610841' build argument 'ament_cmake_args' from command line to 'None'
[0.206s] Level 5:colcon.colcon_core.verb:set package 'myword_650610841' build argument 'catkin_cmake_args' from command line to 'None'
[0.206s] Level 5:colcon.colcon_core.verb:set package 'myword_650610841' build argument 'catkin_skip_building_tests' from command line to 'False'
[0.206s] DEBUG:colcon.colcon_core.verb:Building package 'myword_650610841' with the following arguments: {'ament_cmake_args': None, 'build_base': '/home/robot_ws/build/myword_650610841', 'catkin_cmake_args': None, 'catkin_skip_building_tests': False, 'cmake_args': None, 'cmake_clean_cache': False, 'cmake_clean_first': False, 'cmake_force_configure': False, 'cmake_target': None, 'cmake_target_skip_unavailable': False, 'install_base': '/home/robot_ws/install/myword_650610841', 'merge_install': False, 'path': '/home/robot_ws/src/myword_650610841', 'symlink_install': False, 'test_result_base': None}
[0.206s] Level 5:colcon.colcon_core.verb:set package 'sllidar_ros2' build argument 'cmake_args' from command line to 'None'
[0.206s] Level 5:colcon.colcon_core.verb:set package 'sllidar_ros2' build argument 'cmake_target' from command line to 'None'
[0.206s] Level 5:colcon.colcon_core.verb:set package 'sllidar_ros2' build argument 'cmake_target_skip_unavailable' from command line to 'False'
[0.206s] Level 5:colcon.colcon_core.verb:set package 'sllidar_ros2' build argument 'cmake_clean_cache' from command line to 'False'
[0.206s] Level 5:colcon.colcon_core.verb:set package 'sllidar_ros2' build argument 'cmake_clean_first' from command line to 'False'
[0.206s] Level 5:colcon.colcon_core.verb:set package 'sllidar_ros2' build argument 'cmake_force_configure' from command line to 'False'
[0.206s] Level 5:colcon.colcon_core.verb:set package 'sllidar_ros2' build argument 'ament_cmake_args' from command line to 'None'
[0.206s] Level 5:colcon.colcon_core.verb:set package 'sllidar_ros2' build argument 'catkin_cmake_args' from command line to 'None'
[0.206s] Level 5:colcon.colcon_core.verb:set package 'sllidar_ros2' build argument 'catkin_skip_building_tests' from command line to 'False'
[0.206s] DEBUG:colcon.colcon_core.verb:Building package 'sllidar_ros2' with the following arguments: {'ament_cmake_args': None, 'build_base': '/home/robot_ws/build/sllidar_ros2', 'catkin_cmake_args': None, 'catkin_skip_building_tests': False, 'cmake_args': None, 'cmake_clean_cache': False, 'cmake_clean_first': False, 'cmake_force_configure': False, 'cmake_target': None, 'cmake_target_skip_unavailable': False, 'install_base': '/home/robot_ws/install/sllidar_ros2', 'merge_install': False, 'path': '/home/robot_ws/src/sllidar_ros2', 'symlink_install': False, 'test_result_base': None}
[0.206s] Level 5:colcon.colcon_core.verb:set package 'assign2_650610841' build argument 'cmake_args' from command line to 'None'
[0.206s] Level 5:colcon.colcon_core.verb:set package 'assign2_650610841' build argument 'cmake_target' from command line to 'None'
[0.206s] Level 5:colcon.colcon_core.verb:set package 'assign2_650610841' build argument 'cmake_target_skip_unavailable' from command line to 'False'
[0.206s] Level 5:colcon.colcon_core.verb:set package 'assign2_650610841' build argument 'cmake_clean_cache' from command line to 'False'
[0.206s] Level 5:colcon.colcon_core.verb:set package 'assign2_650610841' build argument 'cmake_clean_first' from command line to 'False'
[0.206s] Level 5:colcon.colcon_core.verb:set package 'assign2_650610841' build argument 'cmake_force_configure' from command line to 'False'
[0.206s] Level 5:colcon.colcon_core.verb:set package 'assign2_650610841' build argument 'ament_cmake_args' from command line to 'None'
[0.206s] Level 5:colcon.colcon_core.verb:set package 'assign2_650610841' build argument 'catkin_cmake_args' from command line to 'None'
[0.206s] Level 5:colcon.colcon_core.verb:set package 'assign2_650610841' build argument 'catkin_skip_building_tests' from command line to 'False'
[0.207s] DEBUG:colcon.colcon_core.verb:Building package 'assign2_650610841' with the following arguments: {'ament_cmake_args': None, 'build_base': '/home/robot_ws/build/assign2_650610841', 'catkin_cmake_args': None, 'catkin_skip_building_tests': False, 'cmake_args': None, 'cmake_clean_cache': False, 'cmake_clean_first': False, 'cmake_force_configure': False, 'cmake_target': None, 'cmake_target_skip_unavailable': False, 'install_base': '/home/robot_ws/install/assign2_650610841', 'merge_install': False, 'path': '/home/robot_ws/src/assign2_650610841', 'symlink_install': False, 'test_result_base': None}
[0.207s] INFO:colcon.colcon_core.executor:Executing jobs using 'parallel' executor
[0.208s] DEBUG:colcon.colcon_parallel_executor.executor.parallel:run_until_complete
[0.208s] INFO:colcon.colcon_ros.task.ament_cmake.build:Building ROS package in '/home/robot_ws/src/myword_650610841' with build type 'ament_cmake'
[0.209s] INFO:colcon.colcon_cmake.task.cmake.build:Building CMake package in '/home/robot_ws/src/myword_650610841'
[0.210s] INFO:colcon.colcon_core.plugin_system:Skipping extension 'colcon_core.shell.bat': Not used on non-Windows systems
[0.210s] INFO:colcon.colcon_core.shell:Skip shell extension 'powershell' for command environment: Not usable outside of PowerShell
[0.210s] DEBUG:colcon.colcon_core.shell:Skip shell extension 'dsv' for command environment
[0.221s] INFO:colcon.colcon_ros.task.ament_python.build:Building ROS package in '/home/robot_ws/src/650610841_final' with build type 'ament_python'
[0.221s] Level 1:colcon.colcon_core.shell:create_environment_hook('650610841_final', 'ament_prefix_path')
[0.221s] INFO:colcon.colcon_core.shell:Creating environment hook '/home/robot_ws/install/650610841_final/share/650610841_final/hook/ament_prefix_path.ps1'
[0.222s] INFO:colcon.colcon_core.shell:Creating environment descriptor '/home/robot_ws/install/650610841_final/share/650610841_final/hook/ament_prefix_path.dsv'
[0.222s] INFO:colcon.colcon_core.shell:Creating environment hook '/home/robot_ws/install/650610841_final/share/650610841_final/hook/ament_prefix_path.sh'
[0.223s] INFO:colcon.colcon_core.shell:Skip shell extension 'powershell' for command environment: Not usable outside of PowerShell
[0.223s] DEBUG:colcon.colcon_core.shell:Skip shell extension 'dsv' for command environment
[0.225s] INFO:colcon.colcon_ros.task.ament_python.build:Building ROS package in '/home/robot_ws/src/assign1_650610841' with build type 'ament_python'
[0.226s] Level 1:colcon.colcon_core.shell:create_environment_hook('assign1_650610841', 'ament_prefix_path')
[0.226s] INFO:colcon.colcon_core.shell:Creating environment hook '/home/robot_ws/install/assign1_650610841/share/assign1_650610841/hook/ament_prefix_path.ps1'
[0.226s] INFO:colcon.colcon_core.shell:Creating environment descriptor '/home/robot_ws/install/assign1_650610841/share/assign1_650610841/hook/ament_prefix_path.dsv'
[0.227s] INFO:colcon.colcon_core.shell:Creating environment hook '/home/robot_ws/install/assign1_650610841/share/assign1_650610841/hook/ament_prefix_path.sh'
[0.227s] INFO:colcon.colcon_core.shell:Skip shell extension 'powershell' for command environment: Not usable outside of PowerShell
[0.227s] DEBUG:colcon.colcon_core.shell:Skip shell extension 'dsv' for command environment
[0.230s] INFO:colcon.colcon_ros.task.ament_python.build:Building ROS package in '/home/robot_ws/src/assign3_650610841' with build type 'ament_python'
[0.230s] Level 1:colcon.colcon_core.shell:create_environment_hook('assign3_650610841', 'ament_prefix_path')
[0.230s] INFO:colcon.colcon_core.shell:Creating environment hook '/home/robot_ws/install/assign3_650610841/share/assign3_650610841/hook/ament_prefix_path.ps1'
[0.230s] INFO:colcon.colcon_core.shell:Creating environment descriptor '/home/robot_ws/install/assign3_650610841/share/assign3_650610841/hook/ament_prefix_path.dsv'
[0.231s] INFO:colcon.colcon_core.shell:Creating environment hook '/home/robot_ws/install/assign3_650610841/share/assign3_650610841/hook/ament_prefix_path.sh'
[0.231s] INFO:colcon.colcon_core.shell:Skip shell extension 'powershell' for command environment: Not usable outside of PowerShell
[0.231s] DEBUG:colcon.colcon_core.shell:Skip shell extension 'dsv' for command environment
[0.233s] INFO:colcon.colcon_ros.task.ament_python.build:Building ROS package in '/home/robot_ws/src/assign4_650610841' with build type 'ament_python'
[0.233s] Level 1:colcon.colcon_core.shell:create_environment_hook('assign4_650610841', 'ament_prefix_path')
[0.234s] INFO:colcon.colcon_core.shell:Creating environment hook '/home/robot_ws/install/assign4_650610841/share/assign4_650610841/hook/ament_prefix_path.ps1'
[0.234s] INFO:colcon.colcon_core.shell:Creating environment descriptor '/home/robot_ws/install/assign4_650610841/share/assign4_650610841/hook/ament_prefix_path.dsv'
[0.235s] INFO:colcon.colcon_core.shell:Creating environment hook '/home/robot_ws/install/assign4_650610841/share/assign4_650610841/hook/ament_prefix_path.sh'
[0.239s] INFO:colcon.colcon_core.shell:Skip shell extension 'powershell' for command environment: Not usable outside of PowerShell
[0.239s] DEBUG:colcon.colcon_core.shell:Skip shell extension 'dsv' for command environment
[0.248s] INFO:colcon.colcon_ros.task.ament_cmake.build:Building ROS package in '/home/robot_ws/src/sllidar_ros2' with build type 'ament_cmake'
[0.248s] INFO:colcon.colcon_cmake.task.cmake.build:Building CMake package in '/home/robot_ws/src/sllidar_ros2'
[0.248s] INFO:colcon.colcon_core.shell:Skip shell extension 'powershell' for command environment: Not usable outside of PowerShell
[0.249s] DEBUG:colcon.colcon_core.shell:Skip shell extension 'dsv' for command environment
[0.255s] DEBUG:colcon.colcon_core.event_handler.log_command:Invoking command in '/home/robot_ws/build/myword_650610841': CMAKE_PREFIX_PATH=${CMAKE_PREFIX_PATH}:/home/robot_ws/install/assign2_650610841:/home/robot_ws/install/assign4_650610841:/home/robot_ws/install/assign3_650610841:/home/robot_ws/install/assign1_650610841:/home/robot_ws/install/650610841_final:/opt/ros/humble /usr/bin/cmake --build /home/robot_ws/build/myword_650610841 -- -j16 -l16
[1.017s] INFO:colcon.colcon_core.task.python.build:Building Python package in '/home/robot_ws/src/650610841_final'
[1.018s] INFO:colcon.colcon_core.shell:Skip shell extension 'powershell' for command environment: Not usable outside of PowerShell
[1.018s] DEBUG:colcon.colcon_core.shell:Skip shell extension 'dsv' for command environment
[1.182s] INFO:colcon.colcon_core.task.python.build:Building Python package in '/home/robot_ws/src/assign1_650610841'
[1.182s] INFO:colcon.colcon_core.shell:Skip shell extension 'powershell' for command environment: Not usable outside of PowerShell
[1.182s] DEBUG:colcon.colcon_core.shell:Skip shell extension 'dsv' for command environment
[1.355s] INFO:colcon.colcon_core.task.python.build:Building Python package in '/home/robot_ws/src/assign3_650610841'
[1.355s] INFO:colcon.colcon_core.shell:Skip shell extension 'powershell' for command environment: Not usable outside of PowerShell
[1.355s] DEBUG:colcon.colcon_core.shell:Skip shell extension 'dsv' for command environment
[1.525s] INFO:colcon.colcon_core.task.python.build:Building Python package in '/home/robot_ws/src/assign4_650610841'
[1.525s] INFO:colcon.colcon_core.shell:Skip shell extension 'powershell' for command environment: Not usable outside of PowerShell
[1.525s] DEBUG:colcon.colcon_core.shell:Skip shell extension 'dsv' for command environment
[1.540s] DEBUG:colcon.colcon_core.event_handler.log_command:Invoking command in '/home/robot_ws/build/sllidar_ros2': CMAKE_PREFIX_PATH=${CMAKE_PREFIX_PATH}:/home/robot_ws/install/assign2_650610841:/home/robot_ws/install/assign4_650610841:/home/robot_ws/install/assign3_650610841:/home/robot_ws/install/assign1_650610841:/home/robot_ws/install/650610841_final:/opt/ros/humble /usr/bin/cmake --build /home/robot_ws/build/sllidar_ros2 -- -j16 -l16
[1.542s] DEBUG:colcon.colcon_core.event_handler.log_command:Invoked command in '/home/robot_ws/build/myword_650610841' returned '0': CMAKE_PREFIX_PATH=${CMAKE_PREFIX_PATH}:/home/robot_ws/install/assign2_650610841:/home/robot_ws/install/assign4_650610841:/home/robot_ws/install/assign3_650610841:/home/robot_ws/install/assign1_650610841:/home/robot_ws/install/650610841_final:/opt/ros/humble /usr/bin/cmake --build /home/robot_ws/build/myword_650610841 -- -j16 -l16
[1.576s] DEBUG:colcon.colcon_core.event_handler.log_command:Invoking command in '/home/robot_ws/build/myword_650610841': CMAKE_PREFIX_PATH=${CMAKE_PREFIX_PATH}:/home/robot_ws/install/assign2_650610841:/home/robot_ws/install/assign4_650610841:/home/robot_ws/install/assign3_650610841:/home/robot_ws/install/assign1_650610841:/home/robot_ws/install/650610841_final:/opt/ros/humble /usr/bin/cmake --install /home/robot_ws/build/myword_650610841
[1.990s] Level 1:colcon.colcon_core.environment:create_environment_scripts_only(myword_650610841)
[2.012s] DEBUG:colcon.colcon_core.event_handler.log_command:Invoked command in '/home/robot_ws/build/myword_650610841' returned '0': CMAKE_PREFIX_PATH=${CMAKE_PREFIX_PATH}:/home/robot_ws/install/assign2_650610841:/home/robot_ws/install/assign4_650610841:/home/robot_ws/install/assign3_650610841:/home/robot_ws/install/assign1_650610841:/home/robot_ws/install/650610841_final:/opt/ros/humble /usr/bin/cmake --install /home/robot_ws/build/myword_650610841
[2.028s] Level 1:colcon.colcon_core.environment:checking '/home/robot_ws/install/myword_650610841' for CMake module files
[2.034s] Level 1:colcon.colcon_core.environment:checking '/home/robot_ws/install/myword_650610841' for CMake config files
[2.038s] Level 1:colcon.colcon_core.shell:create_environment_hook('myword_650610841', 'cmake_prefix_path')
[2.041s] INFO:colcon.colcon_core.shell:Creating environment hook '/home/robot_ws/install/myword_650610841/share/myword_650610841/hook/cmake_prefix_path.ps1'
[2.045s] INFO:colcon.colcon_core.shell:Creating environment descriptor '/home/robot_ws/install/myword_650610841/share/myword_650610841/hook/cmake_prefix_path.dsv'
[2.049s] INFO:colcon.colcon_core.shell:Creating environment hook '/home/robot_ws/install/myword_650610841/share/myword_650610841/hook/cmake_prefix_path.sh'
[2.056s] Level 1:colcon.colcon_core.environment:checking '/home/robot_ws/install/myword_650610841/lib'
[2.058s] Level 1:colcon.colcon_core.shell:create_environment_hook('myword_650610841', 'ld_library_path_lib')
[2.059s] INFO:colcon.colcon_core.shell:Creating environment hook '/home/robot_ws/install/myword_650610841/share/myword_650610841/hook/ld_library_path_lib.ps1'
[2.064s] INFO:colcon.colcon_core.shell:Creating environment descriptor '/home/robot_ws/install/myword_650610841/share/myword_650610841/hook/ld_library_path_lib.dsv'
[2.068s] INFO:colcon.colcon_core.shell:Creating environment hook '/home/robot_ws/install/myword_650610841/share/myword_650610841/hook/ld_library_path_lib.sh'
[2.071s] Level 1:colcon.colcon_core.environment:checking '/home/robot_ws/install/myword_650610841/bin'
[2.071s] Level 1:colcon.colcon_core.environment:checking '/home/robot_ws/install/myword_650610841/lib/pkgconfig/myword_650610841.pc'
[2.072s] Level 1:colcon.colcon_core.environment:checking '/home/robot_ws/install/myword_650610841/lib/python3.10/site-packages'
[2.074s] Level 1:colcon.colcon_core.environment:checking '/home/robot_ws/install/myword_650610841/bin'
[2.076s] INFO:colcon.colcon_core.shell:Creating package script '/home/robot_ws/install/myword_650610841/share/myword_650610841/package.ps1'
[2.082s] INFO:colcon.colcon_core.shell:Creating package descriptor '/home/robot_ws/install/myword_650610841/share/myword_650610841/package.dsv'
[2.086s] INFO:colcon.colcon_core.shell:Creating package script '/home/robot_ws/install/myword_650610841/share/myword_650610841/package.sh'
[2.093s] INFO:colcon.colcon_core.shell:Creating package script '/home/robot_ws/install/myword_650610841/share/myword_650610841/package.bash'
[2.097s] INFO:colcon.colcon_core.shell:Creating package script '/home/robot_ws/install/myword_650610841/share/myword_650610841/package.zsh'
[2.101s] Level 1:colcon.colcon_core.environment:create_file_with_runtime_dependencies(/home/robot_ws/install/myword_650610841/share/colcon-core/packages/myword_650610841)
[2.105s] Level 1:colcon.colcon_core.environment:create_environment_scripts_only(myword_650610841)
[2.107s] Level 1:colcon.colcon_core.environment:checking '/home/robot_ws/install/myword_650610841' for CMake module files
[2.110s] Level 1:colcon.colcon_core.environment:checking '/home/robot_ws/install/myword_650610841' for CMake config files
[2.110s] Level 1:colcon.colcon_core.shell:create_environment_hook('myword_650610841', 'cmake_prefix_path')
[2.112s] INFO:colcon.colcon_core.shell:Creating environment hook '/home/robot_ws/install/myword_650610841/share/myword_650610841/hook/cmake_prefix_path.ps1'
[2.116s] INFO:colcon.colcon_core.shell:Creating environment descriptor '/home/robot_ws/install/myword_650610841/share/myword_650610841/hook/cmake_prefix_path.dsv'
[2.119s] INFO:colcon.colcon_core.shell:Creating environment hook '/home/robot_ws/install/myword_650610841/share/myword_650610841/hook/cmake_prefix_path.sh'
[2.125s] Level 1:colcon.colcon_core.environment:checking '/home/robot_ws/install/myword_650610841/lib'
[2.126s] Level 1:colcon.colcon_core.shell:create_environment_hook('myword_650610841', 'ld_library_path_lib')
[2.128s] INFO:colcon.colcon_core.shell:Creating environment hook '/home/robot_ws/install/myword_650610841/share/myword_650610841/hook/ld_library_path_lib.ps1'
[2.132s] INFO:colcon.colcon_core.shell:Creating environment descriptor '/home/robot_ws/install/myword_650610841/share/myword_650610841/hook/ld_library_path_lib.dsv'
[2.136s] INFO:colcon.colcon_core.shell:Creating environment hook '/home/robot_ws/install/myword_650610841/share/myword_650610841/hook/ld_library_path_lib.sh'
[2.139s] Level 1:colcon.colcon_core.environment:checking '/home/robot_ws/install/myword_650610841/bin'
[2.139s] Level 1:colcon.colcon_core.environment:checking '/home/robot_ws/install/myword_650610841/lib/pkgconfig/myword_650610841.pc'
[2.143s] Level 1:colcon.colcon_core.environment:checking '/home/robot_ws/install/myword_650610841/lib/python3.10/site-packages'
[2.146s] Level 1:colcon.colcon_core.environment:checking '/home/robot_ws/install/myword_650610841/bin'
[2.149s] INFO:colcon.colcon_core.shell:Creating package script '/home/robot_ws/install/myword_650610841/share/myword_650610841/package.ps1'
[2.154s] INFO:colcon.colcon_core.shell:Creating package descriptor '/home/robot_ws/install/myword_650610841/share/myword_650610841/package.dsv'
[2.158s] INFO:colcon.colcon_core.shell:Creating package script '/home/robot_ws/install/myword_650610841/share/myword_650610841/package.sh'
[2.161s] INFO:colcon.colcon_core.shell:Creating package script '/home/robot_ws/install/myword_650610841/share/myword_650610841/package.bash'
[2.168s] INFO:colcon.colcon_core.shell:Creating package script '/home/robot_ws/install/myword_650610841/share/myword_650610841/package.zsh'
[2.176s] Level 1:colcon.colcon_core.environment:create_file_with_runtime_dependencies(/home/robot_ws/install/myword_650610841/share/colcon-core/packages/myword_650610841)
[2.180s] INFO:colcon.colcon_ros.task.ament_python.build:Building ROS package in '/home/robot_ws/src/assign2_650610841' with build type 'ament_python'
[2.182s] Level 1:colcon.colcon_core.shell:create_environment_hook('assign2_650610841', 'ament_prefix_path')
[2.184s] INFO:colcon.colcon_core.shell:Creating environment hook '/home/robot_ws/install/assign2_650610841/share/assign2_650610841/hook/ament_prefix_path.ps1'
[2.189s] INFO:colcon.colcon_core.shell:Creating environment descriptor '/home/robot_ws/install/assign2_650610841/share/assign2_650610841/hook/ament_prefix_path.dsv'
[2.197s] INFO:colcon.colcon_core.shell:Creating environment hook '/home/robot_ws/install/assign2_650610841/share/assign2_650610841/hook/ament_prefix_path.sh'
[2.204s] INFO:colcon.colcon_core.shell:Skip shell extension 'powershell' for command environment: Not usable outside of PowerShell
[2.204s] DEBUG:colcon.colcon_core.shell:Skip shell extension 'dsv' for command environment
[2.250s] DEBUG:colcon.colcon_core.event_handler.log_command:Invoked command in '/home/robot_ws/build/sllidar_ros2' returned '0': CMAKE_PREFIX_PATH=${CMAKE_PREFIX_PATH}:/home/robot_ws/install/assign2_650610841:/home/robot_ws/install/assign4_650610841:/home/robot_ws/install/assign3_650610841:/home/robot_ws/install/assign1_650610841:/home/robot_ws/install/650610841_final:/opt/ros/humble /usr/bin/cmake --build /home/robot_ws/build/sllidar_ros2 -- -j16 -l16
[2.263s] DEBUG:colcon.colcon_core.event_handler.log_command:Invoking command in '/home/robot_ws/build/sllidar_ros2': CMAKE_PREFIX_PATH=${CMAKE_PREFIX_PATH}:/home/robot_ws/install/assign2_650610841:/home/robot_ws/install/assign4_650610841:/home/robot_ws/install/assign3_650610841:/home/robot_ws/install/assign1_650610841:/home/robot_ws/install/650610841_final:/opt/ros/humble /usr/bin/cmake --install /home/robot_ws/build/sllidar_ros2
[3.312s] INFO:colcon.colcon_core.task.python.build:Building Python package in '/home/robot_ws/src/assign2_650610841'
[3.313s] INFO:colcon.colcon_core.shell:Skip shell extension 'powershell' for command environment: Not usable outside of PowerShell
[3.313s] DEBUG:colcon.colcon_core.shell:Skip shell extension 'dsv' for command environment
[3.318s] Level 1:colcon.colcon_core.environment:create_environment_scripts_only(sllidar_ros2)
[3.324s] Level 1:colcon.colcon_core.environment:checking '/home/robot_ws/install/sllidar_ros2' for CMake module files
[3.335s] DEBUG:colcon.colcon_core.event_handler.log_command:Invoking command in '/home/robot_ws/src/assign3_650610841': PYTHONPATH=/home/robot_ws/build/assign3_650610841/prefix_override:/usr/lib/python3/dist-packages/colcon_core/task/python/colcon_distutils_commands:/home/robot_ws/install/assign3_650610841/lib/python3.10/site-packages:${PYTHONPATH} /usr/bin/python3 -W ignore:setup.py install is deprecated -W ignore:easy_install command is deprecated setup.py egg_info --egg-base ../../build/assign3_650610841 build --build-base /home/robot_ws/build/assign3_650610841/build install --record /home/robot_ws/build/assign3_650610841/install.log --single-version-externally-managed install_data
[3.336s] Level 1:colcon.colcon_core.environment:checking '/home/robot_ws/install/sllidar_ros2' for CMake config files
[3.339s] DEBUG:colcon.colcon_core.event_handler.log_command:Invoked command in '/home/robot_ws/build/sllidar_ros2' returned '0': CMAKE_PREFIX_PATH=${CMAKE_PREFIX_PATH}:/home/robot_ws/install/assign2_650610841:/home/robot_ws/install/assign4_650610841:/home/robot_ws/install/assign3_650610841:/home/robot_ws/install/assign1_650610841:/home/robot_ws/install/650610841_final:/opt/ros/humble /usr/bin/cmake --install /home/robot_ws/build/sllidar_ros2
[3.341s] Level 1:colcon.colcon_core.shell:create_environment_hook('sllidar_ros2', 'cmake_prefix_path')
[3.342s] INFO:colcon.colcon_core.shell:Creating environment hook '/home/robot_ws/install/sllidar_ros2/share/sllidar_ros2/hook/cmake_prefix_path.ps1'
[3.344s] INFO:colcon.colcon_core.shell:Creating environment descriptor '/home/robot_ws/install/sllidar_ros2/share/sllidar_ros2/hook/cmake_prefix_path.dsv'
[3.345s] INFO:colcon.colcon_core.shell:Creating environment hook '/home/robot_ws/install/sllidar_ros2/share/sllidar_ros2/hook/cmake_prefix_path.sh'
[3.348s] Level 1:colcon.colcon_core.environment:checking '/home/robot_ws/install/sllidar_ros2/lib'
[3.349s] Level 1:colcon.colcon_core.environment:checking '/home/robot_ws/install/sllidar_ros2/bin'
[3.349s] Level 1:colcon.colcon_core.environment:checking '/home/robot_ws/install/sllidar_ros2/lib/pkgconfig/sllidar_ros2.pc'
[3.351s] Level 1:colcon.colcon_core.environment:checking '/home/robot_ws/install/sllidar_ros2/lib/python3.10/site-packages'
[3.352s] Level 1:colcon.colcon_core.environment:checking '/home/robot_ws/install/sllidar_ros2/bin'
[3.354s] INFO:colcon.colcon_core.shell:Creating package script '/home/robot_ws/install/sllidar_ros2/share/sllidar_ros2/package.ps1'
[3.357s] INFO:colcon.colcon_core.shell:Creating package descriptor '/home/robot_ws/install/sllidar_ros2/share/sllidar_ros2/package.dsv'
[3.357s] INFO:colcon.colcon_core.shell:Creating package script '/home/robot_ws/install/sllidar_ros2/share/sllidar_ros2/package.sh'
[3.357s] INFO:colcon.colcon_core.shell:Creating package script '/home/robot_ws/install/sllidar_ros2/share/sllidar_ros2/package.bash'
[3.358s] INFO:colcon.colcon_core.shell:Creating package script '/home/robot_ws/install/sllidar_ros2/share/sllidar_ros2/package.zsh'
[3.358s] Level 1:colcon.colcon_core.environment:create_file_with_runtime_dependencies(/home/robot_ws/install/sllidar_ros2/share/colcon-core/packages/sllidar_ros2)
[3.358s] Level 1:colcon.colcon_core.environment:create_environment_scripts_only(sllidar_ros2)
[3.359s] Level 1:colcon.colcon_core.environment:checking '/home/robot_ws/install/sllidar_ros2' for CMake module files
[3.359s] Level 1:colcon.colcon_core.environment:checking '/home/robot_ws/install/sllidar_ros2' for CMake config files
[3.359s] Level 1:colcon.colcon_core.shell:create_environment_hook('sllidar_ros2', 'cmake_prefix_path')
[3.359s] INFO:colcon.colcon_core.shell:Creating environment hook '/home/robot_ws/install/sllidar_ros2/share/sllidar_ros2/hook/cmake_prefix_path.ps1'
[3.360s] INFO:colcon.colcon_core.shell:Creating environment descriptor '/home/robot_ws/install/sllidar_ros2/share/sllidar_ros2/hook/cmake_prefix_path.dsv'
[3.360s] INFO:colcon.colcon_core.shell:Creating environment hook '/home/robot_ws/install/sllidar_ros2/share/sllidar_ros2/hook/cmake_prefix_path.sh'
[3.363s] Level 1:colcon.colcon_core.environment:checking '/home/robot_ws/install/sllidar_ros2/lib'
[3.363s] Level 1:colcon.colcon_core.environment:checking '/home/robot_ws/install/sllidar_ros2/bin'
[3.364s] Level 1:colcon.colcon_core.environment:checking '/home/robot_ws/install/sllidar_ros2/lib/pkgconfig/sllidar_ros2.pc'
[3.365s] Level 1:colcon.colcon_core.environment:checking '/home/robot_ws/install/sllidar_ros2/lib/python3.10/site-packages'
[3.367s] Level 1:colcon.colcon_core.environment:checking '/home/robot_ws/install/sllidar_ros2/bin'
[3.369s] INFO:colcon.colcon_core.shell:Creating package script '/home/robot_ws/install/sllidar_ros2/share/sllidar_ros2/package.ps1'
[3.372s] INFO:colcon.colcon_core.shell:Creating package descriptor '/home/robot_ws/install/sllidar_ros2/share/sllidar_ros2/package.dsv'
[3.373s] INFO:colcon.colcon_core.shell:Creating package script '/home/robot_ws/install/sllidar_ros2/share/sllidar_ros2/package.sh'
[3.374s] INFO:colcon.colcon_core.shell:Creating package script '/home/robot_ws/install/sllidar_ros2/share/sllidar_ros2/package.bash'
[3.374s] INFO:colcon.colcon_core.shell:Creating package script '/home/robot_ws/install/sllidar_ros2/share/sllidar_ros2/package.zsh'
[3.374s] Level 1:colcon.colcon_core.environment:create_file_with_runtime_dependencies(/home/robot_ws/install/sllidar_ros2/share/colcon-core/packages/sllidar_ros2)
[3.397s] DEBUG:colcon.colcon_core.event_handler.log_command:Invoking command in '/home/robot_ws/src/assign4_650610841': PYTHONPATH=/home/robot_ws/build/assign4_650610841/prefix_override:/usr/lib/python3/dist-packages/colcon_core/task/python/colcon_distutils_commands:/home/robot_ws/install/assign4_650610841/lib/python3.10/site-packages:${PYTHONPATH} /usr/bin/python3 -W ignore:setup.py install is deprecated -W ignore:easy_install command is deprecated setup.py egg_info --egg-base ../../build/assign4_650610841 build --build-base /home/robot_ws/build/assign4_650610841/build install --record /home/robot_ws/build/assign4_650610841/install.log --single-version-externally-managed install_data
[3.423s] DEBUG:colcon.colcon_core.event_handler.log_command:Invoking command in '/home/robot_ws/src/650610841_final': PYTHONPATH=/home/robot_ws/build/650610841_final/prefix_override:/usr/lib/python3/dist-packages/colcon_core/task/python/colcon_distutils_commands:/home/robot_ws/install/650610841_final/lib/python3.10/site-packages:${PYTHONPATH} /usr/bin/python3 -W ignore:setup.py install is deprecated -W ignore:easy_install command is deprecated setup.py egg_info --egg-base ../../build/650610841_final build --build-base /home/robot_ws/build/650610841_final/build install --record /home/robot_ws/build/650610841_final/install.log --single-version-externally-managed install_data
[3.458s] DEBUG:colcon.colcon_core.event_handler.log_command:Invoking command in '/home/robot_ws/src/assign1_650610841': PYTHONPATH=/home/robot_ws/build/assign1_650610841/prefix_override:/usr/lib/python3/dist-packages/colcon_core/task/python/colcon_distutils_commands:/home/robot_ws/install/assign1_650610841/lib/python3.10/site-packages:${PYTHONPATH} /usr/bin/python3 -W ignore:setup.py install is deprecated -W ignore:easy_install command is deprecated setup.py egg_info --egg-base ../../build/assign1_650610841 build --build-base /home/robot_ws/build/assign1_650610841/build install --record /home/robot_ws/build/assign1_650610841/install.log --single-version-externally-managed install_data
[3.633s] Level 1:colcon.colcon_core.environment:checking '/home/robot_ws/install/assign3_650610841' for CMake module files
[3.634s] DEBUG:colcon.colcon_core.event_handler.log_command:Invoked command in '/home/robot_ws/src/assign3_650610841' returned '0': PYTHONPATH=/home/robot_ws/build/assign3_650610841/prefix_override:/usr/lib/python3/dist-packages/colcon_core/task/python/colcon_distutils_commands:/home/robot_ws/install/assign3_650610841/lib/python3.10/site-packages:${PYTHONPATH} /usr/bin/python3 -W ignore:setup.py install is deprecated -W ignore:easy_install command is deprecated setup.py egg_info --egg-base ../../build/assign3_650610841 build --build-base /home/robot_ws/build/assign3_650610841/build install --record /home/robot_ws/build/assign3_650610841/install.log --single-version-externally-managed install_data
[3.634s] Level 1:colcon.colcon_core.environment:checking '/home/robot_ws/install/assign3_650610841' for CMake config files
[3.635s] Level 1:colcon.colcon_core.environment:checking '/home/robot_ws/install/assign3_650610841/lib'
[3.635s] Level 1:colcon.colcon_core.environment:checking '/home/robot_ws/install/assign3_650610841/bin'
[3.635s] Level 1:colcon.colcon_core.environment:checking '/home/robot_ws/install/assign3_650610841/lib/pkgconfig/assign3_650610841.pc'
[3.635s] Level 1:colcon.colcon_core.environment:checking '/home/robot_ws/install/assign3_650610841/lib/python3.10/site-packages'
[3.636s] Level 1:colcon.colcon_core.shell:create_environment_hook('assign3_650610841', 'pythonpath')
[3.636s] INFO:colcon.colcon_core.shell:Creating environment hook '/home/robot_ws/install/assign3_650610841/share/assign3_650610841/hook/pythonpath.ps1'
[3.637s] INFO:colcon.colcon_core.shell:Creating environment descriptor '/home/robot_ws/install/assign3_650610841/share/assign3_650610841/hook/pythonpath.dsv'
[3.637s] INFO:colcon.colcon_core.shell:Creating environment hook '/home/robot_ws/install/assign3_650610841/share/assign3_650610841/hook/pythonpath.sh'
[3.638s] Level 1:colcon.colcon_core.environment:checking '/home/robot_ws/install/assign3_650610841/bin'
[3.638s] Level 1:colcon.colcon_core.environment:create_environment_scripts_only(assign3_650610841)
[3.639s] INFO:colcon.colcon_core.shell:Creating package script '/home/robot_ws/install/assign3_650610841/share/assign3_650610841/package.ps1'
[3.639s] INFO:colcon.colcon_core.shell:Creating package descriptor '/home/robot_ws/install/assign3_650610841/share/assign3_650610841/package.dsv'
[3.640s] INFO:colcon.colcon_core.shell:Creating package script '/home/robot_ws/install/assign3_650610841/share/assign3_650610841/package.sh'
[3.641s] INFO:colcon.colcon_core.shell:Creating package script '/home/robot_ws/install/assign3_650610841/share/assign3_650610841/package.bash'
[3.642s] INFO:colcon.colcon_core.shell:Creating package script '/home/robot_ws/install/assign3_650610841/share/assign3_650610841/package.zsh'
[3.642s] Level 1:colcon.colcon_core.environment:create_file_with_runtime_dependencies(/home/robot_ws/install/assign3_650610841/share/colcon-core/packages/assign3_650610841)
[3.675s] Level 1:colcon.colcon_core.environment:checking '/home/robot_ws/install/assign4_650610841' for CMake module files
[3.676s] DEBUG:colcon.colcon_core.event_handler.log_command:Invoked command in '/home/robot_ws/src/assign4_650610841' returned '0': PYTHONPATH=/home/robot_ws/build/assign4_650610841/prefix_override:/usr/lib/python3/dist-packages/colcon_core/task/python/colcon_distutils_commands:/home/robot_ws/install/assign4_650610841/lib/python3.10/site-packages:${PYTHONPATH} /usr/bin/python3 -W ignore:setup.py install is deprecated -W ignore:easy_install command is deprecated setup.py egg_info --egg-base ../../build/assign4_650610841 build --build-base /home/robot_ws/build/assign4_650610841/build install --record /home/robot_ws/build/assign4_650610841/install.log --single-version-externally-managed install_data
[3.676s] Level 1:colcon.colcon_core.environment:checking '/home/robot_ws/install/assign4_650610841' for CMake config files
[3.677s] Level 1:colcon.colcon_core.environment:checking '/home/robot_ws/install/assign4_650610841/lib'
[3.677s] Level 1:colcon.colcon_core.environment:checking '/home/robot_ws/install/assign4_650610841/bin'
[3.677s] Level 1:colcon.colcon_core.environment:checking '/home/robot_ws/install/assign4_650610841/lib/pkgconfig/assign4_650610841.pc'
[3.677s] Level 1:colcon.colcon_core.environment:checking '/home/robot_ws/install/assign4_650610841/lib/python3.10/site-packages'
[3.677s] Level 1:colcon.colcon_core.shell:create_environment_hook('assign4_650610841', 'pythonpath')
[3.678s] INFO:colcon.colcon_core.shell:Creating environment hook '/home/robot_ws/install/assign4_650610841/share/assign4_650610841/hook/pythonpath.ps1'
[3.678s] INFO:colcon.colcon_core.shell:Creating environment descriptor '/home/robot_ws/install/assign4_650610841/share/assign4_650610841/hook/pythonpath.dsv'
[3.679s] INFO:colcon.colcon_core.shell:Creating environment hook '/home/robot_ws/install/assign4_650610841/share/assign4_650610841/hook/pythonpath.sh'
[3.679s] Level 1:colcon.colcon_core.environment:checking '/home/robot_ws/install/assign4_650610841/bin'
[3.679s] Level 1:colcon.colcon_core.environment:create_environment_scripts_only(assign4_650610841)
[3.680s] INFO:colcon.colcon_core.shell:Creating package script '/home/robot_ws/install/assign4_650610841/share/assign4_650610841/package.ps1'
[3.680s] INFO:colcon.colcon_core.shell:Creating package descriptor '/home/robot_ws/install/assign4_650610841/share/assign4_650610841/package.dsv'
[3.680s] INFO:colcon.colcon_core.shell:Creating package script '/home/robot_ws/install/assign4_650610841/share/assign4_650610841/package.sh'
[3.681s] INFO:colcon.colcon_core.shell:Creating package script '/home/robot_ws/install/assign4_650610841/share/assign4_650610841/package.bash'
[3.681s] INFO:colcon.colcon_core.shell:Creating package script '/home/robot_ws/install/assign4_650610841/share/assign4_650610841/package.zsh'
[3.681s] Level 1:colcon.colcon_core.environment:create_file_with_runtime_dependencies(/home/robot_ws/install/assign4_650610841/share/colcon-core/packages/assign4_650610841)
[3.707s] DEBUG:colcon.colcon_core.event_handler.log_command:Invoking command in '/home/robot_ws/src/assign2_650610841': CMAKE_PREFIX_PATH=/home/robot_ws/install/myword_650610841:/home/robot_ws/install/sllidar_ros2 LD_LIBRARY_PATH=/home/robot_ws/install/myword_650610841/lib:/usr/lib/x86_64-linux-gnu/gazebo-11/plugins:/opt/ros/humble/opt/rviz_ogre_vendor/lib:/opt/ros/humble/lib/x86_64-linux-gnu:/opt/ros/humble/lib:/usr/lib/x86_64-linux-gnu/gazebo-11/plugins PYTHONPATH=/home/robot_ws/build/assign2_650610841/prefix_override:/usr/lib/python3/dist-packages/colcon_core/task/python/colcon_distutils_commands:/home/robot_ws/install/assign2_650610841/lib/python3.10/site-packages:${PYTHONPATH} /usr/bin/python3 -W ignore:setup.py install is deprecated -W ignore:easy_install command is deprecated setup.py egg_info --egg-base ../../build/assign2_650610841 build --build-base /home/robot_ws/build/assign2_650610841/build install --record /home/robot_ws/build/assign2_650610841/install.log --single-version-externally-managed install_data
[3.737s] Level 1:colcon.colcon_core.environment:checking '/home/robot_ws/install/assign1_650610841' for CMake module files
[3.737s] DEBUG:colcon.colcon_core.event_handler.log_command:Invoked command in '/home/robot_ws/src/assign1_650610841' returned '0': PYTHONPATH=/home/robot_ws/build/assign1_650610841/prefix_override:/usr/lib/python3/dist-packages/colcon_core/task/python/colcon_distutils_commands:/home/robot_ws/install/assign1_650610841/lib/python3.10/site-packages:${PYTHONPATH} /usr/bin/python3 -W ignore:setup.py install is deprecated -W ignore:easy_install command is deprecated setup.py egg_info --egg-base ../../build/assign1_650610841 build --build-base /home/robot_ws/build/assign1_650610841/build install --record /home/robot_ws/build/assign1_650610841/install.log --single-version-externally-managed install_data
[3.738s] Level 1:colcon.colcon_core.environment:checking '/home/robot_ws/install/assign1_650610841' for CMake config files
[3.738s] Level 1:colcon.colcon_core.environment:checking '/home/robot_ws/install/assign1_650610841/lib'
[3.738s] Level 1:colcon.colcon_core.environment:checking '/home/robot_ws/install/assign1_650610841/bin'
[3.738s] Level 1:colcon.colcon_core.environment:checking '/home/robot_ws/install/assign1_650610841/lib/pkgconfig/assign1_650610841.pc'
[3.738s] Level 1:colcon.colcon_core.environment:checking '/home/robot_ws/install/assign1_650610841/lib/python3.10/site-packages'
[3.738s] Level 1:colcon.colcon_core.shell:create_environment_hook('assign1_650610841', 'pythonpath')
[3.739s] INFO:colcon.colcon_core.shell:Creating environment hook '/home/robot_ws/install/assign1_650610841/share/assign1_650610841/hook/pythonpath.ps1'
[3.739s] INFO:colcon.colcon_core.shell:Creating environment descriptor '/home/robot_ws/install/assign1_650610841/share/assign1_650610841/hook/pythonpath.dsv'
[3.739s] INFO:colcon.colcon_core.shell:Creating environment hook '/home/robot_ws/install/assign1_650610841/share/assign1_650610841/hook/pythonpath.sh'
[3.740s] Level 1:colcon.colcon_core.environment:checking '/home/robot_ws/install/assign1_650610841/bin'
[3.740s] Level 1:colcon.colcon_core.environment:create_environment_scripts_only(assign1_650610841)
[3.740s] INFO:colcon.colcon_core.shell:Creating package script '/home/robot_ws/install/assign1_650610841/share/assign1_650610841/package.ps1'
[3.740s] INFO:colcon.colcon_core.shell:Creating package descriptor '/home/robot_ws/install/assign1_650610841/share/assign1_650610841/package.dsv'
[3.741s] INFO:colcon.colcon_core.shell:Creating package script '/home/robot_ws/install/assign1_650610841/share/assign1_650610841/package.sh'
[3.742s] INFO:colcon.colcon_core.shell:Creating package script '/home/robot_ws/install/assign1_650610841/share/assign1_650610841/package.bash'
[3.742s] INFO:colcon.colcon_core.shell:Creating package script '/home/robot_ws/install/assign1_650610841/share/assign1_650610841/package.zsh'
[3.742s] Level 1:colcon.colcon_core.environment:create_file_with_runtime_dependencies(/home/robot_ws/install/assign1_650610841/share/colcon-core/packages/assign1_650610841)
[3.760s] Level 1:colcon.colcon_core.environment:checking '/home/robot_ws/install/650610841_final' for CMake module files
[3.761s] DEBUG:colcon.colcon_core.event_handler.log_command:Invoked command in '/home/robot_ws/src/650610841_final' returned '0': PYTHONPATH=/home/robot_ws/build/650610841_final/prefix_override:/usr/lib/python3/dist-packages/colcon_core/task/python/colcon_distutils_commands:/home/robot_ws/install/650610841_final/lib/python3.10/site-packages:${PYTHONPATH} /usr/bin/python3 -W ignore:setup.py install is deprecated -W ignore:easy_install command is deprecated setup.py egg_info --egg-base ../../build/650610841_final build --build-base /home/robot_ws/build/650610841_final/build install --record /home/robot_ws/build/650610841_final/install.log --single-version-externally-managed install_data
[3.761s] Level 1:colcon.colcon_core.environment:checking '/home/robot_ws/install/650610841_final' for CMake config files
[3.761s] Level 1:colcon.colcon_core.environment:checking '/home/robot_ws/install/650610841_final/lib'
[3.761s] Level 1:colcon.colcon_core.environment:checking '/home/robot_ws/install/650610841_final/bin'
[3.761s] Level 1:colcon.colcon_core.environment:checking '/home/robot_ws/install/650610841_final/lib/pkgconfig/650610841_final.pc'
[3.762s] Level 1:colcon.colcon_core.environment:checking '/home/robot_ws/install/650610841_final/lib/python3.10/site-packages'
[3.762s] Level 1:colcon.colcon_core.shell:create_environment_hook('650610841_final', 'pythonpath')
[3.762s] INFO:colcon.colcon_core.shell:Creating environment hook '/home/robot_ws/install/650610841_final/share/650610841_final/hook/pythonpath.ps1'
[3.762s] INFO:colcon.colcon_core.shell:Creating environment descriptor '/home/robot_ws/install/650610841_final/share/650610841_final/hook/pythonpath.dsv'
[3.762s] INFO:colcon.colcon_core.shell:Creating environment hook '/home/robot_ws/install/650610841_final/share/650610841_final/hook/pythonpath.sh'
[3.763s] Level 1:colcon.colcon_core.environment:checking '/home/robot_ws/install/650610841_final/bin'
[3.763s] Level 1:colcon.colcon_core.environment:create_environment_scripts_only(650610841_final)
[3.763s] INFO:colcon.colcon_core.shell:Creating package script '/home/robot_ws/install/650610841_final/share/650610841_final/package.ps1'
[3.763s] INFO:colcon.colcon_core.shell:Creating package descriptor '/home/robot_ws/install/650610841_final/share/650610841_final/package.dsv'
[3.764s] INFO:colcon.colcon_core.shell:Creating package script '/home/robot_ws/install/650610841_final/share/650610841_final/package.sh'
[3.764s] INFO:colcon.colcon_core.shell:Creating package script '/home/robot_ws/install/650610841_final/share/650610841_final/package.bash'
[3.764s] INFO:colcon.colcon_core.shell:Creating package script '/home/robot_ws/install/650610841_final/share/650610841_final/package.zsh'
[3.764s] Level 1:colcon.colcon_core.environment:create_file_with_runtime_dependencies(/home/robot_ws/install/650610841_final/share/colcon-core/packages/650610841_final)
[3.913s] Level 1:colcon.colcon_core.environment:checking '/home/robot_ws/install/assign2_650610841' for CMake module files
[3.914s] DEBUG:colcon.colcon_core.event_handler.log_command:Invoked command in '/home/robot_ws/src/assign2_650610841' returned '0': CMAKE_PREFIX_PATH=/home/robot_ws/install/myword_650610841:/home/robot_ws/install/sllidar_ros2 LD_LIBRARY_PATH=/home/robot_ws/install/myword_650610841/lib:/usr/lib/x86_64-linux-gnu/gazebo-11/plugins:/opt/ros/humble/opt/rviz_ogre_vendor/lib:/opt/ros/humble/lib/x86_64-linux-gnu:/opt/ros/humble/lib:/usr/lib/x86_64-linux-gnu/gazebo-11/plugins PYTHONPATH=/home/robot_ws/build/assign2_650610841/prefix_override:/usr/lib/python3/dist-packages/colcon_core/task/python/colcon_distutils_commands:/home/robot_ws/install/assign2_650610841/lib/python3.10/site-packages:${PYTHONPATH} /usr/bin/python3 -W ignore:setup.py install is deprecated -W ignore:easy_install command is deprecated setup.py egg_info --egg-base ../../build/assign2_650610841 build --build-base /home/robot_ws/build/assign2_650610841/build install --record /home/robot_ws/build/assign2_650610841/install.log --single-version-externally-managed install_data
[3.914s] Level 1:colcon.colcon_core.environment:checking '/home/robot_ws/install/assign2_650610841' for CMake config files
[3.915s] Level 1:colcon.colcon_core.environment:checking '/home/robot_ws/install/assign2_650610841/lib'
[3.915s] Level 1:colcon.colcon_core.environment:checking '/home/robot_ws/install/assign2_650610841/bin'
[3.915s] Level 1:colcon.colcon_core.environment:checking '/home/robot_ws/install/assign2_650610841/lib/pkgconfig/assign2_650610841.pc'
[3.915s] Level 1:colcon.colcon_core.environment:checking '/home/robot_ws/install/assign2_650610841/lib/python3.10/site-packages'
[3.915s] Level 1:colcon.colcon_core.shell:create_environment_hook('assign2_650610841', 'pythonpath')
[3.915s] INFO:colcon.colcon_core.shell:Creating environment hook '/home/robot_ws/install/assign2_650610841/share/assign2_650610841/hook/pythonpath.ps1'
[3.916s] INFO:colcon.colcon_core.shell:Creating environment descriptor '/home/robot_ws/install/assign2_650610841/share/assign2_650610841/hook/pythonpath.dsv'
[3.916s] INFO:colcon.colcon_core.shell:Creating environment hook '/home/robot_ws/install/assign2_650610841/share/assign2_650610841/hook/pythonpath.sh'
[3.917s] Level 1:colcon.colcon_core.environment:checking '/home/robot_ws/install/assign2_650610841/bin'
[3.917s] Level 1:colcon.colcon_core.environment:create_environment_scripts_only(assign2_650610841)
[3.918s] INFO:colcon.colcon_core.shell:Creating package script '/home/robot_ws/install/assign2_650610841/share/assign2_650610841/package.ps1'
[3.918s] INFO:colcon.colcon_core.shell:Creating package descriptor '/home/robot_ws/install/assign2_650610841/share/assign2_650610841/package.dsv'
[3.919s] INFO:colcon.colcon_core.shell:Creating package script '/home/robot_ws/install/assign2_650610841/share/assign2_650610841/package.sh'
[3.919s] INFO:colcon.colcon_core.shell:Creating package script '/home/robot_ws/install/assign2_650610841/share/assign2_650610841/package.bash'
[3.920s] INFO:colcon.colcon_core.shell:Creating package script '/home/robot_ws/install/assign2_650610841/share/assign2_650610841/package.zsh'
[3.920s] Level 1:colcon.colcon_core.environment:create_file_with_runtime_dependencies(/home/robot_ws/install/assign2_650610841/share/colcon-core/packages/assign2_650610841)
[3.920s] DEBUG:colcon.colcon_parallel_executor.executor.parallel:closing loop
[3.921s] DEBUG:colcon.colcon_parallel_executor.executor.parallel:loop closed
[3.921s] DEBUG:colcon.colcon_parallel_executor.executor.parallel:run_until_complete finished with '0'
[3.921s] DEBUG:colcon.colcon_core.event_reactor:joining thread
[3.926s] INFO:colcon.colcon_core.plugin_system:Skipping extension 'colcon_notification.desktop_notification.notify_send': Could not find 'notify-send'
[3.926s] INFO:colcon.colcon_core.plugin_system:Skipping extension 'colcon_notification.desktop_notification.terminal_notifier': Not used on non-Darwin systems
[3.926s] INFO:colcon.colcon_core.plugin_system:Skipping extension 'colcon_notification.desktop_notification.win32': Not used on non-Windows systems
[3.926s] INFO:colcon.colcon_notification.desktop_notification:Sending desktop notification using 'notify2'
[3.928s] DEBUG:colcon.colcon_notification.desktop_notification.notify2:Failed to initialize notify2: org.freedesktop.DBus.Error.Spawn.ExecFailed: /usr/bin/dbus-launch terminated abnormally without any error message
[3.928s] DEBUG:colcon.colcon_core.event_reactor:joined thread
[3.929s] INFO:colcon.colcon_core.shell:Creating prefix script '/home/robot_ws/install/local_setup.ps1'
[3.930s] INFO:colcon.colcon_core.shell:Creating prefix util module '/home/robot_ws/install/_local_setup_util_ps1.py'
[3.931s] INFO:colcon.colcon_core.shell:Creating prefix chain script '/home/robot_ws/install/setup.ps1'
[3.932s] INFO:colcon.colcon_core.shell:Creating prefix script '/home/robot_ws/install/local_setup.sh'
[3.932s] INFO:colcon.colcon_core.shell:Creating prefix util module '/home/robot_ws/install/_local_setup_util_sh.py'
[3.933s] INFO:colcon.colcon_core.shell:Creating prefix chain script '/home/robot_ws/install/setup.sh'
[3.933s] INFO:colcon.colcon_core.shell:Creating prefix script '/home/robot_ws/install/local_setup.bash'
[3.934s] INFO:colcon.colcon_core.shell:Creating prefix chain script '/home/robot_ws/install/setup.bash'
[3.934s] INFO:colcon.colcon_core.shell:Creating prefix script '/home/robot_ws/install/local_setup.zsh'
[3.935s] INFO:colcon.colcon_core.shell:Creating prefix chain script '/home/robot_ws/install/setup.zsh'
