[0.000000] (-) TimerEvent: {}
[0.000205] (650610841_final) JobQueued: {'identifier': '650610841_final', 'dependencies': OrderedDict()}
[0.000413] (assign1_650610841) JobQueued: {'identifier': 'assign1_650610841', 'dependencies': OrderedDict()}
[0.000426] (assign3_650610841) JobQueued: {'identifier': 'assign3_650610841', 'dependencies': OrderedDict()}
[0.000437] (assign4_650610841) JobQueued: {'identifier': 'assign4_650610841', 'dependencies': OrderedDict()}
[0.000445] (myword_650610841) JobQueued: {'identifier': 'myword_650610841', 'dependencies': OrderedDict()}
[0.000470] (sllidar_ros2) JobQueued: {'identifier': 'sllidar_ros2', 'dependencies': OrderedDict()}
[0.000548] (assign2_650610841) JobQueued: {'identifier': 'assign2_650610841', 'dependencies': OrderedDict([('myword_650610841', '/home/robot_ws/install/myword_650610841')])}
[0.000560] (myword_650610841) JobStarted: {'identifier': 'myword_650610841'}
[0.011490] (650610841_final) JobStarted: {'identifier': '650610841_final'}
[0.015245] (assign1_650610841) JobStarted: {'identifier': 'assign1_650610841'}
[0.018507] (assign3_650610841) JobStarted: {'identifier': 'assign3_650610841'}
[0.022084] (assign4_650610841) JobStarted: {'identifier': 'assign4_650610841'}
[0.026475] (sllidar_ros2) JobStarted: {'identifier': 'sllidar_ros2'}
[0.030750] (myword_650610841) JobProgress: {'identifier': 'myword_650610841', 'progress': 'cmake'}
[0.031156] (myword_650610841) JobProgress: {'identifier': 'myword_650610841', 'progress': 'build'}
[0.031531] (myword_650610841) Command: {'cmd': ['/usr/bin/cmake', '--build', '/home/robot_ws/build/myword_650610841', '--', '-j16', '-l16'], 'cwd': '/home/robot_ws/build/myword_650610841', 'env': OrderedDict([('HOSTNAME', 'entity014'), ('SHLVL', '1'), ('LD_LIBRARY_PATH', '/home/robot_ws/install/myword_650610841/lib:/usr/lib/x86_64-linux-gnu/gazebo-11/plugins:/opt/ros/humble/opt/rviz_ogre_vendor/lib:/opt/ros/humble/lib/x86_64-linux-gnu:/opt/ros/humble/lib:/usr/lib/x86_64-linux-gnu/gazebo-11/plugins::/usr/lib/x86_64-linux-gnu/gazebo-11/plugins:/usr/lib/x86_64-linux-gnu/gazebo-11/plugins:'), ('HOME', '/home'), ('GAZEBO_MASTER_URI', 'http://localhost:11345'), ('ROS_PYTHON_VERSION', '3'), ('_colcon_cd_root', '/opt/ros/humble/'), ('COLCON_PREFIX_PATH', '/home/robot_ws/install'), ('ROS_DISTRO', 'humble'), ('_', '/usr/bin/colcon'), ('ROS_VERSION', '2'), ('NVIDIA_DRIVER_CAPABILITIES', 'all'), ('TERM', 'xterm'), ('GAZEBO_MODEL_PATH', '/usr/share/gazebo-11/models:/usr/share/gazebo-11/models:'), ('ROS_LOCALHOST_ONLY', '0'), ('QT_X11_NO_MITSHM', '1'), ('OGRE_RESOURCE_PATH', '/usr/lib/x86_64-linux-gnu/OGRE-1.9.0'), ('PATH', '/opt/ros/humble/bin:/usr/local/sbin:/usr/local/bin:/usr/sbin:/usr/bin:/sbin:/bin'), ('XDG_RUNTIME_DIR', '/tmp/runtime-root'), ('DISPLAY', ':0'), ('LANG', 'C.UTF-8'), ('RMW_IMPLEMENTATION', 'rmw_cyclonedds_cpp'), ('ROS_DOMAIN_ID', '15'), ('AMENT_PREFIX_PATH', '/home/robot_ws/install/sllidar_ros2:/home/robot_ws/install/assign2_650610841:/home/robot_ws/install/myword_650610841:/home/robot_ws/install/assign4_650610841:/home/robot_ws/install/assign3_650610841:/home/robot_ws/install/assign1_650610841:/home/robot_ws/install/650610841_final:/opt/ros/humble'), ('NO_AT_BRIDGE', '1'), ('GAZEBO_RESOURCE_PATH', '/usr/share/gazebo-11:/usr/share/gazebo-11:'), ('GAZEBO_MODEL_DATABASE_URI', 'http://models.gazebosim.org'), ('PWD', '/home/robot_ws/build/myword_650610841'), ('LC_ALL', 'C.UTF-8'), ('GAZEBO_PLUGIN_PATH', '/usr/lib/x86_64-linux-gnu/gazebo-11/plugins:/usr/lib/x86_64-linux-gnu/gazebo-11/plugins:'), ('PYTHONPATH', '/home/robot_ws/install/assign2_650610841/lib/python3.10/site-packages:/home/robot_ws/install/myword_650610841/local/lib/python3.10/dist-packages:/home/robot_ws/install/assign4_650610841/lib/python3.10/site-packages:/home/robot_ws/install/assign3_650610841/lib/python3.10/site-packages:/home/robot_ws/install/assign1_650610841/lib/python3.10/site-packages:/home/robot_ws/install/650610841_final/lib/python3.10/site-packages:/opt/ros/humble/lib/python3.10/site-packages:/opt/ros/humble/local/lib/python3.10/dist-packages'), ('COLCON', '1'), ('CMAKE_PREFIX_PATH', '/home/robot_ws/install/sllidar_ros2:/home/robot_ws/install/myword_650610841:/home/robot_ws/install/assign2_650610841:/home/robot_ws/install/assign4_650610841:/home/robot_ws/install/assign3_650610841:/home/robot_ws/install/assign1_650610841:/home/robot_ws/install/650610841_final:/opt/ros/humble')]), 'shell': False}
[0.100225] (-) TimerEvent: {}
[0.201904] (-) TimerEvent: {}
[0.303280] (-) TimerEvent: {}
[0.404016] (-) TimerEvent: {}
[0.505108] (-) TimerEvent: {}
[0.606380] (-) TimerEvent: {}
[0.706670] (-) TimerEvent: {}
[0.807077] (-) TimerEvent: {}
[0.907329] (-) TimerEvent: {}
[1.007602] (-) TimerEvent: {}
[1.024987] (sllidar_ros2) JobProgress: {'identifier': 'sllidar_ros2', 'progress': 'cmake'}
[1.025314] (sllidar_ros2) JobProgress: {'identifier': 'sllidar_ros2', 'progress': 'build'}
[1.026192] (sllidar_ros2) Command: {'cmd': ['/usr/bin/cmake', '--build', '/home/robot_ws/build/sllidar_ros2', '--', '-j16', '-l16'], 'cwd': '/home/robot_ws/build/sllidar_ros2', 'env': OrderedDict([('HOSTNAME', 'entity014'), ('SHLVL', '1'), ('LD_LIBRARY_PATH', '/home/robot_ws/install/myword_650610841/lib:/usr/lib/x86_64-linux-gnu/gazebo-11/plugins:/opt/ros/humble/opt/rviz_ogre_vendor/lib:/opt/ros/humble/lib/x86_64-linux-gnu:/opt/ros/humble/lib:/usr/lib/x86_64-linux-gnu/gazebo-11/plugins::/usr/lib/x86_64-linux-gnu/gazebo-11/plugins:/usr/lib/x86_64-linux-gnu/gazebo-11/plugins:'), ('HOME', '/home'), ('GAZEBO_MASTER_URI', 'http://localhost:11345'), ('ROS_PYTHON_VERSION', '3'), ('_colcon_cd_root', '/opt/ros/humble/'), ('COLCON_PREFIX_PATH', '/home/robot_ws/install'), ('ROS_DISTRO', 'humble'), ('_', '/usr/bin/colcon'), ('ROS_VERSION', '2'), ('NVIDIA_DRIVER_CAPABILITIES', 'all'), ('TERM', 'xterm'), ('GAZEBO_MODEL_PATH', '/usr/share/gazebo-11/models:/usr/share/gazebo-11/models:'), ('ROS_LOCALHOST_ONLY', '0'), ('QT_X11_NO_MITSHM', '1'), ('OGRE_RESOURCE_PATH', '/usr/lib/x86_64-linux-gnu/OGRE-1.9.0'), ('PATH', '/opt/ros/humble/bin:/usr/local/sbin:/usr/local/bin:/usr/sbin:/usr/bin:/sbin:/bin'), ('XDG_RUNTIME_DIR', '/tmp/runtime-root'), ('DISPLAY', ':0'), ('LANG', 'C.UTF-8'), ('RMW_IMPLEMENTATION', 'rmw_cyclonedds_cpp'), ('ROS_DOMAIN_ID', '15'), ('AMENT_PREFIX_PATH', '/home/robot_ws/install/sllidar_ros2:/home/robot_ws/install/assign2_650610841:/home/robot_ws/install/myword_650610841:/home/robot_ws/install/assign4_650610841:/home/robot_ws/install/assign3_650610841:/home/robot_ws/install/assign1_650610841:/home/robot_ws/install/650610841_final:/opt/ros/humble'), ('NO_AT_BRIDGE', '1'), ('GAZEBO_RESOURCE_PATH', '/usr/share/gazebo-11:/usr/share/gazebo-11:'), ('GAZEBO_MODEL_DATABASE_URI', 'http://models.gazebosim.org'), ('PWD', '/home/robot_ws/build/sllidar_ros2'), ('LC_ALL', 'C.UTF-8'), ('GAZEBO_PLUGIN_PATH', '/usr/lib/x86_64-linux-gnu/gazebo-11/plugins:/usr/lib/x86_64-linux-gnu/gazebo-11/plugins:'), ('PYTHONPATH', '/home/robot_ws/install/assign2_650610841/lib/python3.10/site-packages:/home/robot_ws/install/myword_650610841/local/lib/python3.10/dist-packages:/home/robot_ws/install/assign4_650610841/lib/python3.10/site-packages:/home/robot_ws/install/assign3_650610841/lib/python3.10/site-packages:/home/robot_ws/install/assign1_650610841/lib/python3.10/site-packages:/home/robot_ws/install/650610841_final/lib/python3.10/site-packages:/opt/ros/humble/lib/python3.10/site-packages:/opt/ros/humble/local/lib/python3.10/dist-packages'), ('COLCON', '1'), ('CMAKE_PREFIX_PATH', '/home/robot_ws/install/sllidar_ros2:/home/robot_ws/install/myword_650610841:/home/robot_ws/install/assign2_650610841:/home/robot_ws/install/assign4_650610841:/home/robot_ws/install/assign3_650610841:/home/robot_ws/install/assign1_650610841:/home/robot_ws/install/650610841_final:/opt/ros/humble')]), 'shell': False}
[1.027940] (myword_650610841) StdoutLine: {'line': b'[  2%] Built target myword_650610841__cpp\n'}
[1.028449] (myword_650610841) StdoutLine: {'line': b'[ 12%] Built target myword_650610841__rosidl_generator_c\n'}
[1.029117] (myword_650610841) StdoutLine: {'line': b'[ 12%] Built target ament_cmake_python_copy_myword_650610841\n'}
[1.029232] (myword_650610841) StdoutLine: {'line': b'[ 23%] Built target myword_650610841__rosidl_typesupport_introspection_cpp\n'}
[1.029352] (myword_650610841) StdoutLine: {'line': b'[ 33%] Built target myword_650610841__rosidl_typesupport_fastrtps_cpp\n'}
[1.029431] (myword_650610841) StdoutLine: {'line': b'[ 43%] Built target myword_650610841__rosidl_typesupport_introspection_c\n'}
[1.029620] (myword_650610841) StdoutLine: {'line': b'[ 53%] Built target myword_650610841__rosidl_typesupport_c\n'}
[1.029702] (myword_650610841) StdoutLine: {'line': b'[ 64%] Built target myword_650610841__rosidl_typesupport_fastrtps_c\n'}
[1.029909] (myword_650610841) StdoutLine: {'line': b'[ 74%] Built target myword_650610841__rosidl_typesupport_cpp\n'}
[1.029961] (myword_650610841) StdoutLine: {'line': b'[ 74%] Built target myword_650610841\n'}
[1.029999] (myword_650610841) StdoutLine: {'line': b'[ 76%] Built target myword_650610841__py\n'}
[1.030035] (myword_650610841) StdoutLine: {'line': b'[ 84%] Built target myword_650610841__rosidl_generator_py\n'}
[1.030069] (myword_650610841) StdoutLine: {'line': b'[ 94%] Built target myword_650610841__rosidl_typesupport_fastrtps_c__pyext\n'}
[1.030247] (myword_650610841) StdoutLine: {'line': b'[ 94%] Built target myword_650610841__rosidl_typesupport_introspection_c__pyext\n'}
[1.030628] (myword_650610841) StdoutLine: {'line': b'[100%] Built target myword_650610841__rosidl_typesupport_c__pyext\n'}
[1.030737] (myword_650610841) StdoutLine: {'line': b'running egg_info\n'}
[1.030817] (myword_650610841) StdoutLine: {'line': b'writing myword_650610841.egg-info/PKG-INFO\n'}
[1.030891] (myword_650610841) StdoutLine: {'line': b'writing dependency_links to myword_650610841.egg-info/dependency_links.txt\n'}
[1.030981] (myword_650610841) StdoutLine: {'line': b'writing top-level names to myword_650610841.egg-info/top_level.txt\n'}
[1.031069] (myword_650610841) StdoutLine: {'line': b"reading manifest file 'myword_650610841.egg-info/SOURCES.txt'\n"}
[1.031141] (myword_650610841) StdoutLine: {'line': b"writing manifest file 'myword_650610841.egg-info/SOURCES.txt'\n"}
[1.031228] (myword_650610841) StdoutLine: {'line': b'[100%] Built target ament_cmake_python_build_myword_650610841_egg\n'}
[1.031318] (myword_650610841) CommandEnded: {'returncode': 0}
[1.031596] (myword_650610841) JobProgress: {'identifier': 'myword_650610841', 'progress': 'install'}
[1.036736] (myword_650610841) Command: {'cmd': ['/usr/bin/cmake', '--install', '/home/robot_ws/build/myword_650610841'], 'cwd': '/home/robot_ws/build/myword_650610841', 'env': OrderedDict([('HOSTNAME', 'entity014'), ('SHLVL', '1'), ('LD_LIBRARY_PATH', '/home/robot_ws/install/myword_650610841/lib:/usr/lib/x86_64-linux-gnu/gazebo-11/plugins:/opt/ros/humble/opt/rviz_ogre_vendor/lib:/opt/ros/humble/lib/x86_64-linux-gnu:/opt/ros/humble/lib:/usr/lib/x86_64-linux-gnu/gazebo-11/plugins::/usr/lib/x86_64-linux-gnu/gazebo-11/plugins:/usr/lib/x86_64-linux-gnu/gazebo-11/plugins:'), ('HOME', '/home'), ('GAZEBO_MASTER_URI', 'http://localhost:11345'), ('ROS_PYTHON_VERSION', '3'), ('_colcon_cd_root', '/opt/ros/humble/'), ('COLCON_PREFIX_PATH', '/home/robot_ws/install'), ('ROS_DISTRO', 'humble'), ('_', '/usr/bin/colcon'), ('ROS_VERSION', '2'), ('NVIDIA_DRIVER_CAPABILITIES', 'all'), ('TERM', 'xterm'), ('GAZEBO_MODEL_PATH', '/usr/share/gazebo-11/models:/usr/share/gazebo-11/models:'), ('ROS_LOCALHOST_ONLY', '0'), ('QT_X11_NO_MITSHM', '1'), ('OGRE_RESOURCE_PATH', '/usr/lib/x86_64-linux-gnu/OGRE-1.9.0'), ('PATH', '/opt/ros/humble/bin:/usr/local/sbin:/usr/local/bin:/usr/sbin:/usr/bin:/sbin:/bin'), ('XDG_RUNTIME_DIR', '/tmp/runtime-root'), ('DISPLAY', ':0'), ('LANG', 'C.UTF-8'), ('RMW_IMPLEMENTATION', 'rmw_cyclonedds_cpp'), ('ROS_DOMAIN_ID', '15'), ('AMENT_PREFIX_PATH', '/home/robot_ws/install/sllidar_ros2:/home/robot_ws/install/assign2_650610841:/home/robot_ws/install/myword_650610841:/home/robot_ws/install/assign4_650610841:/home/robot_ws/install/assign3_650610841:/home/robot_ws/install/assign1_650610841:/home/robot_ws/install/650610841_final:/opt/ros/humble'), ('NO_AT_BRIDGE', '1'), ('GAZEBO_RESOURCE_PATH', '/usr/share/gazebo-11:/usr/share/gazebo-11:'), ('GAZEBO_MODEL_DATABASE_URI', 'http://models.gazebosim.org'), ('PWD', '/home/robot_ws/build/myword_650610841'), ('LC_ALL', 'C.UTF-8'), ('GAZEBO_PLUGIN_PATH', '/usr/lib/x86_64-linux-gnu/gazebo-11/plugins:/usr/lib/x86_64-linux-gnu/gazebo-11/plugins:'), ('PYTHONPATH', '/home/robot_ws/install/assign2_650610841/lib/python3.10/site-packages:/home/robot_ws/install/myword_650610841/local/lib/python3.10/dist-packages:/home/robot_ws/install/assign4_650610841/lib/python3.10/site-packages:/home/robot_ws/install/assign3_650610841/lib/python3.10/site-packages:/home/robot_ws/install/assign1_650610841/lib/python3.10/site-packages:/home/robot_ws/install/650610841_final/lib/python3.10/site-packages:/opt/ros/humble/lib/python3.10/site-packages:/opt/ros/humble/local/lib/python3.10/dist-packages'), ('COLCON', '1'), ('CMAKE_PREFIX_PATH', '/home/robot_ws/install/sllidar_ros2:/home/robot_ws/install/myword_650610841:/home/robot_ws/install/assign2_650610841:/home/robot_ws/install/assign4_650610841:/home/robot_ws/install/assign3_650610841:/home/robot_ws/install/assign1_650610841:/home/robot_ws/install/650610841_final:/opt/ros/humble')]), 'shell': False}
[1.082281] (myword_650610841) StdoutLine: {'line': b'-- Install configuration: ""\n'}
[1.086174] (myword_650610841) StdoutLine: {'line': b'-- Up-to-date: /home/robot_ws/install/myword_650610841/share/ament_index/resource_index/rosidl_interfaces/myword_650610841\n'}
[1.087169] (myword_650610841) StdoutLine: {'line': b'-- Up-to-date: /home/robot_ws/install/myword_650610841/include/myword_650610841/myword_650610841\n'}
[1.087888] (myword_650610841) StdoutLine: {'line': b'-- Up-to-date: /home/robot_ws/install/myword_650610841/include/myword_650610841/myword_650610841/msg\n'}
[1.088584] (myword_650610841) StdoutLine: {'line': b'-- Up-to-date: /home/robot_ws/install/myword_650610841/include/myword_650610841/myword_650610841/msg/rosidl_generator_c__visibility_control.h\n'}
[1.089323] (myword_650610841) StdoutLine: {'line': b'-- Up-to-date: /home/robot_ws/install/myword_650610841/include/myword_650610841/myword_650610841/msg/detail\n'}
[1.090102] (myword_650610841) StdoutLine: {'line': b'-- Up-to-date: /home/robot_ws/install/myword_650610841/include/myword_650610841/myword_650610841/msg/detail/num__type_support.h\n'}
[1.090782] (myword_650610841) StdoutLine: {'line': b'-- Up-to-date: /home/robot_ws/install/myword_650610841/include/myword_650610841/myword_650610841/msg/detail/num__functions.h\n'}
[1.091426] (myword_650610841) StdoutLine: {'line': b'-- Up-to-date: /home/robot_ws/install/myword_650610841/include/myword_650610841/myword_650610841/msg/detail/num__functions.c\n'}
[1.092153] (myword_650610841) StdoutLine: {'line': b'-- Up-to-date: /home/robot_ws/install/myword_650610841/include/myword_650610841/myword_650610841/msg/detail/num__struct.h\n'}
[1.092338] (myword_650610841) StdoutLine: {'line': b'-- Up-to-date: /home/robot_ws/install/myword_650610841/include/myword_650610841/myword_650610841/msg/num.h\n'}
[1.092414] (myword_650610841) StdoutLine: {'line': b'-- Up-to-date: /home/robot_ws/install/myword_650610841/include/myword_650610841/myword_650610841/srv\n'}
[1.092989] (myword_650610841) StdoutLine: {'line': b'-- Up-to-date: /home/robot_ws/install/myword_650610841/include/myword_650610841/myword_650610841/srv/sum_four_int.h\n'}
[1.093666] (myword_650610841) StdoutLine: {'line': b'-- Up-to-date: /home/robot_ws/install/myword_650610841/include/myword_650610841/myword_650610841/srv/detail\n'}
[1.094263] (myword_650610841) StdoutLine: {'line': b'-- Up-to-date: /home/robot_ws/install/myword_650610841/include/myword_650610841/myword_650610841/srv/detail/sum_four_int__functions.c\n'}
[1.094898] (myword_650610841) StdoutLine: {'line': b'-- Up-to-date: /home/robot_ws/install/myword_650610841/include/myword_650610841/myword_650610841/srv/detail/sum_four_int__struct.h\n'}
[1.095447] (myword_650610841) StdoutLine: {'line': b'-- Up-to-date: /home/robot_ws/install/myword_650610841/include/myword_650610841/myword_650610841/srv/detail/sum_four_int__functions.h\n'}
[1.096038] (myword_650610841) StdoutLine: {'line': b'-- Up-to-date: /home/robot_ws/install/myword_650610841/include/myword_650610841/myword_650610841/srv/detail/sum_four_int__type_support.h\n'}
[1.096694] (myword_650610841) StdoutLine: {'line': b'-- Up-to-date: /home/robot_ws/install/myword_650610841/share/myword_650610841/environment/library_path.sh\n'}
[1.097280] (myword_650610841) StdoutLine: {'line': b'-- Up-to-date: /home/robot_ws/install/myword_650610841/share/myword_650610841/environment/library_path.dsv\n'}
[1.097909] (myword_650610841) StdoutLine: {'line': b'-- Up-to-date: /home/robot_ws/install/myword_650610841/lib/libmyword_650610841__rosidl_generator_c.so\n'}
[1.098490] (myword_650610841) StdoutLine: {'line': b'-- Up-to-date: /home/robot_ws/install/myword_650610841/include/myword_650610841/myword_650610841\n'}
[1.099105] (myword_650610841) StdoutLine: {'line': b'-- Up-to-date: /home/robot_ws/install/myword_650610841/include/myword_650610841/myword_650610841/msg\n'}
[1.099741] (myword_650610841) StdoutLine: {'line': b'-- Up-to-date: /home/robot_ws/install/myword_650610841/include/myword_650610841/myword_650610841/msg/rosidl_typesupport_fastrtps_c__visibility_control.h\n'}
[1.100340] (myword_650610841) StdoutLine: {'line': b'-- Up-to-date: /home/robot_ws/install/myword_650610841/include/myword_650610841/myword_650610841/msg/detail\n'}
[1.101123] (myword_650610841) StdoutLine: {'line': b'-- Up-to-date: /home/robot_ws/install/myword_650610841/include/myword_650610841/myword_650610841/msg/detail/num__rosidl_typesupport_fastrtps_c.h\n'}
[1.101803] (myword_650610841) StdoutLine: {'line': b'-- Up-to-date: /home/robot_ws/install/myword_650610841/include/myword_650610841/myword_650610841/srv\n'}
[1.102389] (myword_650610841) StdoutLine: {'line': b'-- Up-to-date: /home/robot_ws/install/myword_650610841/include/myword_650610841/myword_650610841/srv/detail\n'}
[1.103016] (myword_650610841) StdoutLine: {'line': b'-- Up-to-date: /home/robot_ws/install/myword_650610841/include/myword_650610841/myword_650610841/srv/detail/sum_four_int__rosidl_typesupport_fastrtps_c.h\n'}
[1.103645] (myword_650610841) StdoutLine: {'line': b'-- Up-to-date: /home/robot_ws/install/myword_650610841/lib/libmyword_650610841__rosidl_typesupport_fastrtps_c.so\n'}
[1.104237] (myword_650610841) StdoutLine: {'line': b'-- Up-to-date: /home/robot_ws/install/myword_650610841/include/myword_650610841/myword_650610841\n'}
[1.104873] (myword_650610841) StdoutLine: {'line': b'-- Up-to-date: /home/robot_ws/install/myword_650610841/include/myword_650610841/myword_650610841/msg\n'}
[1.105400] (myword_650610841) StdoutLine: {'line': b'-- Up-to-date: /home/robot_ws/install/myword_650610841/include/myword_650610841/myword_650610841/msg/detail\n'}
[1.105473] (myword_650610841) StdoutLine: {'line': b'-- Up-to-date: /home/robot_ws/install/myword_650610841/include/myword_650610841/myword_650610841/msg/detail/num__type_support.c\n'}
[1.105551] (myword_650610841) StdoutLine: {'line': b'-- Up-to-date: /home/robot_ws/install/myword_650610841/include/myword_650610841/myword_650610841/msg/detail/num__rosidl_typesupport_introspection_c.h\n'}
[1.106086] (myword_650610841) StdoutLine: {'line': b'-- Up-to-date: /home/robot_ws/install/myword_650610841/include/myword_650610841/myword_650610841/msg/rosidl_typesupport_introspection_c__visibility_control.h\n'}
[1.106687] (myword_650610841) StdoutLine: {'line': b'-- Up-to-date: /home/robot_ws/install/myword_650610841/include/myword_650610841/myword_650610841/srv\n'}
[1.107268] (myword_650610841) StdoutLine: {'line': b'-- Up-to-date: /home/robot_ws/install/myword_650610841/include/myword_650610841/myword_650610841/srv/detail\n'}
[1.107844] (-) TimerEvent: {}
[1.108785] (myword_650610841) StdoutLine: {'line': b'-- Up-to-date: /home/robot_ws/install/myword_650610841/include/myword_650610841/myword_650610841/srv/detail/sum_four_int__rosidl_typesupport_introspection_c.h\n'}
[1.109610] (myword_650610841) StdoutLine: {'line': b'-- Up-to-date: /home/robot_ws/install/myword_650610841/include/myword_650610841/myword_650610841/srv/detail/sum_four_int__type_support.c\n'}
[1.110821] (myword_650610841) StdoutLine: {'line': b'-- Up-to-date: /home/robot_ws/install/myword_650610841/lib/libmyword_650610841__rosidl_typesupport_introspection_c.so\n'}
[1.111504] (myword_650610841) StdoutLine: {'line': b'-- Up-to-date: /home/robot_ws/install/myword_650610841/lib/libmyword_650610841__rosidl_typesupport_c.so\n'}
[1.112066] (myword_650610841) StdoutLine: {'line': b'-- Up-to-date: /home/robot_ws/install/myword_650610841/include/myword_650610841/myword_650610841\n'}
[1.112604] (myword_650610841) StdoutLine: {'line': b'-- Up-to-date: /home/robot_ws/install/myword_650610841/include/myword_650610841/myword_650610841/msg\n'}
[1.113562] (myword_650610841) StdoutLine: {'line': b'-- Up-to-date: /home/robot_ws/install/myword_650610841/include/myword_650610841/myword_650610841/msg/num.hpp\n'}
[1.114138] (myword_650610841) StdoutLine: {'line': b'-- Up-to-date: /home/robot_ws/install/myword_650610841/include/myword_650610841/myword_650610841/msg/rosidl_generator_cpp__visibility_control.hpp\n'}
[1.114703] (myword_650610841) StdoutLine: {'line': b'-- Up-to-date: /home/robot_ws/install/myword_650610841/include/myword_650610841/myword_650610841/msg/detail\n'}
[1.115250] (myword_650610841) StdoutLine: {'line': b'-- Up-to-date: /home/robot_ws/install/myword_650610841/include/myword_650610841/myword_650610841/msg/detail/num__traits.hpp\n'}
[1.115849] (myword_650610841) StdoutLine: {'line': b'-- Up-to-date: /home/robot_ws/install/myword_650610841/include/myword_650610841/myword_650610841/msg/detail/num__struct.hpp\n'}
[1.116440] (myword_650610841) StdoutLine: {'line': b'-- Up-to-date: /home/robot_ws/install/myword_650610841/include/myword_650610841/myword_650610841/msg/detail/num__builder.hpp\n'}
[1.117113] (myword_650610841) StdoutLine: {'line': b'-- Up-to-date: /home/robot_ws/install/myword_650610841/include/myword_650610841/myword_650610841/msg/detail/num__type_support.hpp\n'}
[1.117788] (myword_650610841) StdoutLine: {'line': b'-- Up-to-date: /home/robot_ws/install/myword_650610841/include/myword_650610841/myword_650610841/srv\n'}
[1.118420] (myword_650610841) StdoutLine: {'line': b'-- Up-to-date: /home/robot_ws/install/myword_650610841/include/myword_650610841/myword_650610841/srv/detail\n'}
[1.118594] (myword_650610841) StdoutLine: {'line': b'-- Up-to-date: /home/robot_ws/install/myword_650610841/include/myword_650610841/myword_650610841/srv/detail/sum_four_int__type_support.hpp\n'}
[1.118668] (myword_650610841) StdoutLine: {'line': b'-- Up-to-date: /home/robot_ws/install/myword_650610841/include/myword_650610841/myword_650610841/srv/detail/sum_four_int__struct.hpp\n'}
[1.119100] (myword_650610841) StdoutLine: {'line': b'-- Up-to-date: /home/robot_ws/install/myword_650610841/include/myword_650610841/myword_650610841/srv/detail/sum_four_int__builder.hpp\n'}
[1.119680] (myword_650610841) StdoutLine: {'line': b'-- Up-to-date: /home/robot_ws/install/myword_650610841/include/myword_650610841/myword_650610841/srv/detail/sum_four_int__traits.hpp\n'}
[1.122149] (myword_650610841) StdoutLine: {'line': b'-- Up-to-date: /home/robot_ws/install/myword_650610841/include/myword_650610841/myword_650610841/srv/sum_four_int.hpp\n'}
[1.123218] (myword_650610841) StdoutLine: {'line': b'-- Up-to-date: /home/robot_ws/install/myword_650610841/include/myword_650610841/myword_650610841\n'}
[1.124387] (myword_650610841) StdoutLine: {'line': b'-- Up-to-date: /home/robot_ws/install/myword_650610841/include/myword_650610841/myword_650610841/msg\n'}
[1.124959] (myword_650610841) StdoutLine: {'line': b'-- Up-to-date: /home/robot_ws/install/myword_650610841/include/myword_650610841/myword_650610841/msg/detail\n'}
[1.125366] (myword_650610841) StdoutLine: {'line': b'-- Up-to-date: /home/robot_ws/install/myword_650610841/include/myword_650610841/myword_650610841/msg/detail/dds_fastrtps\n'}
[1.125804] (myword_650610841) StdoutLine: {'line': b'-- Up-to-date: /home/robot_ws/install/myword_650610841/include/myword_650610841/myword_650610841/msg/detail/num__rosidl_typesupport_fastrtps_cpp.hpp\n'}
[1.126133] (myword_650610841) StdoutLine: {'line': b'-- Up-to-date: /home/robot_ws/install/myword_650610841/include/myword_650610841/myword_650610841/msg/rosidl_typesupport_fastrtps_cpp__visibility_control.h\n'}
[1.126597] (myword_650610841) StdoutLine: {'line': b'-- Up-to-date: /home/robot_ws/install/myword_650610841/include/myword_650610841/myword_650610841/srv\n'}
[1.126978] (myword_650610841) StdoutLine: {'line': b'-- Up-to-date: /home/robot_ws/install/myword_650610841/include/myword_650610841/myword_650610841/srv/detail\n'}
[1.127380] (myword_650610841) StdoutLine: {'line': b'-- Up-to-date: /home/robot_ws/install/myword_650610841/include/myword_650610841/myword_650610841/srv/detail/sum_four_int__rosidl_typesupport_fastrtps_cpp.hpp\n'}
[1.127743] (myword_650610841) StdoutLine: {'line': b'-- Up-to-date: /home/robot_ws/install/myword_650610841/include/myword_650610841/myword_650610841/srv/detail/dds_fastrtps\n'}
[1.128014] (myword_650610841) StdoutLine: {'line': b'-- Up-to-date: /home/robot_ws/install/myword_650610841/lib/libmyword_650610841__rosidl_typesupport_fastrtps_cpp.so\n'}
[1.128382] (myword_650610841) StdoutLine: {'line': b'-- Up-to-date: /home/robot_ws/install/myword_650610841/include/myword_650610841/myword_650610841\n'}
[1.128781] (myword_650610841) StdoutLine: {'line': b'-- Up-to-date: /home/robot_ws/install/myword_650610841/include/myword_650610841/myword_650610841/msg\n'}
[1.129168] (myword_650610841) StdoutLine: {'line': b'-- Up-to-date: /home/robot_ws/install/myword_650610841/include/myword_650610841/myword_650610841/msg/detail\n'}
[1.129584] (myword_650610841) StdoutLine: {'line': b'-- Up-to-date: /home/robot_ws/install/myword_650610841/include/myword_650610841/myword_650610841/msg/detail/num__type_support.cpp\n'}
[1.130004] (myword_650610841) StdoutLine: {'line': b'-- Up-to-date: /home/robot_ws/install/myword_650610841/include/myword_650610841/myword_650610841/msg/detail/num__rosidl_typesupport_introspection_cpp.hpp\n'}
[1.130357] (myword_650610841) StdoutLine: {'line': b'-- Up-to-date: /home/robot_ws/install/myword_650610841/include/myword_650610841/myword_650610841/srv\n'}
[1.130788] (myword_650610841) StdoutLine: {'line': b'-- Up-to-date: /home/robot_ws/install/myword_650610841/include/myword_650610841/myword_650610841/srv/detail\n'}
[1.131113] (myword_650610841) StdoutLine: {'line': b'-- Up-to-date: /home/robot_ws/install/myword_650610841/include/myword_650610841/myword_650610841/srv/detail/sum_four_int__rosidl_typesupport_introspection_cpp.hpp\n'}
[1.131508] (myword_650610841) StdoutLine: {'line': b'-- Up-to-date: /home/robot_ws/install/myword_650610841/include/myword_650610841/myword_650610841/srv/detail/sum_four_int__type_support.cpp\n'}
[1.131669] (myword_650610841) StdoutLine: {'line': b'-- Up-to-date: /home/robot_ws/install/myword_650610841/lib/libmyword_650610841__rosidl_typesupport_introspection_cpp.so\n'}
[1.131697] (myword_650610841) StdoutLine: {'line': b'-- Up-to-date: /home/robot_ws/install/myword_650610841/lib/libmyword_650610841__rosidl_typesupport_cpp.so\n'}
[1.131727] (myword_650610841) StdoutLine: {'line': b'-- Up-to-date: /home/robot_ws/install/myword_650610841/share/myword_650610841/environment/pythonpath.sh\n'}
[1.131755] (myword_650610841) StdoutLine: {'line': b'-- Up-to-date: /home/robot_ws/install/myword_650610841/share/myword_650610841/environment/pythonpath.dsv\n'}
[1.131786] (myword_650610841) StdoutLine: {'line': b'-- Up-to-date: /home/robot_ws/install/myword_650610841/local/lib/python3.10/dist-packages/myword_650610841-0.0.0-py3.10.egg-info\n'}
[1.131882] (myword_650610841) StdoutLine: {'line': b'-- Installing: /home/robot_ws/install/myword_650610841/local/lib/python3.10/dist-packages/myword_650610841-0.0.0-py3.10.egg-info/SOURCES.txt\n'}
[1.132172] (myword_650610841) StdoutLine: {'line': b'-- Installing: /home/robot_ws/install/myword_650610841/local/lib/python3.10/dist-packages/myword_650610841-0.0.0-py3.10.egg-info/PKG-INFO\n'}
[1.132509] (myword_650610841) StdoutLine: {'line': b'-- Installing: /home/robot_ws/install/myword_650610841/local/lib/python3.10/dist-packages/myword_650610841-0.0.0-py3.10.egg-info/top_level.txt\n'}
[1.132872] (myword_650610841) StdoutLine: {'line': b'-- Installing: /home/robot_ws/install/myword_650610841/local/lib/python3.10/dist-packages/myword_650610841-0.0.0-py3.10.egg-info/dependency_links.txt\n'}
[1.133275] (myword_650610841) StdoutLine: {'line': b'-- Up-to-date: /home/robot_ws/install/myword_650610841/local/lib/python3.10/dist-packages/myword_650610841\n'}
[1.134194] (myword_650610841) StdoutLine: {'line': b'-- Up-to-date: /home/robot_ws/install/myword_650610841/local/lib/python3.10/dist-packages/myword_650610841/myword_650610841_s__rosidl_typesupport_introspection_c.cpython-310-x86_64-linux-gnu.so\n'}
[1.134604] (myword_650610841) StdoutLine: {'line': b'-- Up-to-date: /home/robot_ws/install/myword_650610841/local/lib/python3.10/dist-packages/myword_650610841/msg\n'}
[1.134961] (myword_650610841) StdoutLine: {'line': b'-- Up-to-date: /home/robot_ws/install/myword_650610841/local/lib/python3.10/dist-packages/myword_650610841/msg/_num.py\n'}
[1.136257] (myword_650610841) StdoutLine: {'line': b'-- Up-to-date: /home/robot_ws/install/myword_650610841/local/lib/python3.10/dist-packages/myword_650610841/msg/_num_s.c\n'}
[1.137177] (myword_650610841) StdoutLine: {'line': b'-- Up-to-date: /home/robot_ws/install/myword_650610841/local/lib/python3.10/dist-packages/myword_650610841/msg/__init__.py\n'}
[1.137949] (myword_650610841) StdoutLine: {'line': b'-- Up-to-date: /home/robot_ws/install/myword_650610841/local/lib/python3.10/dist-packages/myword_650610841/_myword_650610841_s.ep.rosidl_typesupport_fastrtps_c.c\n'}
[1.138676] (myword_650610841) StdoutLine: {'line': b'-- Up-to-date: /home/robot_ws/install/myword_650610841/local/lib/python3.10/dist-packages/myword_650610841/libmyword_650610841__rosidl_generator_py.so\n'}
[1.139409] (myword_650610841) StdoutLine: {'line': b'-- Up-to-date: /home/robot_ws/install/myword_650610841/local/lib/python3.10/dist-packages/myword_650610841/_myword_650610841_s.ep.rosidl_typesupport_c.c\n'}
[1.140134] (myword_650610841) StdoutLine: {'line': b'-- Up-to-date: /home/robot_ws/install/myword_650610841/local/lib/python3.10/dist-packages/myword_650610841/srv\n'}
[1.140783] (myword_650610841) StdoutLine: {'line': b'-- Up-to-date: /home/robot_ws/install/myword_650610841/local/lib/python3.10/dist-packages/myword_650610841/srv/_sum_four_int_s.c\n'}
[1.141335] (myword_650610841) StdoutLine: {'line': b'-- Up-to-date: /home/robot_ws/install/myword_650610841/local/lib/python3.10/dist-packages/myword_650610841/srv/__init__.py\n'}
[1.141949] (myword_650610841) StdoutLine: {'line': b'-- Up-to-date: /home/robot_ws/install/myword_650610841/local/lib/python3.10/dist-packages/myword_650610841/srv/_sum_four_int.py\n'}
[1.142501] (myword_650610841) StdoutLine: {'line': b'-- Up-to-date: /home/robot_ws/install/myword_650610841/local/lib/python3.10/dist-packages/myword_650610841/myword_650610841_s__rosidl_typesupport_c.cpython-310-x86_64-linux-gnu.so\n'}
[1.143074] (myword_650610841) StdoutLine: {'line': b'-- Up-to-date: /home/robot_ws/install/myword_650610841/local/lib/python3.10/dist-packages/myword_650610841/myword_650610841_s__rosidl_typesupport_fastrtps_c.cpython-310-x86_64-linux-gnu.so\n'}
[1.143688] (myword_650610841) StdoutLine: {'line': b'-- Up-to-date: /home/robot_ws/install/myword_650610841/local/lib/python3.10/dist-packages/myword_650610841/_myword_650610841_s.ep.rosidl_typesupport_introspection_c.c\n'}
[1.144329] (myword_650610841) StdoutLine: {'line': b'-- Up-to-date: /home/robot_ws/install/myword_650610841/local/lib/python3.10/dist-packages/myword_650610841/__init__.py\n'}
[1.208178] (-) TimerEvent: {}
[1.304999] (sllidar_ros2) StdoutLine: {'line': b'[ 10%] Built target sllidar_client\n'}
[1.308408] (-) TimerEvent: {}
[1.329741] (myword_650610841) StdoutLine: {'line': b"Listing '/home/robot_ws/install/myword_650610841/local/lib/python3.10/dist-packages/myword_650610841'...\n"}
[1.331310] (myword_650610841) StdoutLine: {'line': b"Listing '/home/robot_ws/install/myword_650610841/local/lib/python3.10/dist-packages/myword_650610841/msg'...\n"}
[1.332868] (myword_650610841) StdoutLine: {'line': b"Listing '/home/robot_ws/install/myword_650610841/local/lib/python3.10/dist-packages/myword_650610841/srv'...\n"}
[1.356256] (sllidar_ros2) StdoutLine: {'line': b'[100%] Built target sllidar_node\n'}
[1.367690] (myword_650610841) StdoutLine: {'line': b'-- Up-to-date: /home/robot_ws/install/myword_650610841/local/lib/python3.10/dist-packages/myword_650610841/myword_650610841_s__rosidl_typesupport_fastrtps_c.cpython-310-x86_64-linux-gnu.so\n'}
[1.368403] (myword_650610841) StdoutLine: {'line': b'-- Up-to-date: /home/robot_ws/install/myword_650610841/local/lib/python3.10/dist-packages/myword_650610841/myword_650610841_s__rosidl_typesupport_introspection_c.cpython-310-x86_64-linux-gnu.so\n'}
[1.370793] (myword_650610841) StdoutLine: {'line': b'-- Up-to-date: /home/robot_ws/install/myword_650610841/local/lib/python3.10/dist-packages/myword_650610841/myword_650610841_s__rosidl_typesupport_c.cpython-310-x86_64-linux-gnu.so\n'}
[1.372744] (myword_650610841) StdoutLine: {'line': b'-- Up-to-date: /home/robot_ws/install/myword_650610841/lib/libmyword_650610841__rosidl_generator_py.so\n'}
[1.374366] (myword_650610841) StdoutLine: {'line': b'-- Up-to-date: /home/robot_ws/install/myword_650610841/share/myword_650610841/msg/Num.idl\n'}
[1.376898] (myword_650610841) StdoutLine: {'line': b'-- Up-to-date: /home/robot_ws/install/myword_650610841/share/myword_650610841/srv/SumFourInt.idl\n'}
[1.379402] (myword_650610841) StdoutLine: {'line': b'-- Up-to-date: /home/robot_ws/install/myword_650610841/share/myword_650610841/msg/Num.msg\n'}
[1.380544] (myword_650610841) StdoutLine: {'line': b'-- Up-to-date: /home/robot_ws/install/myword_650610841/share/myword_650610841/srv/SumFourInt.srv\n'}
[1.381039] (myword_650610841) StdoutLine: {'line': b'-- Up-to-date: /home/robot_ws/install/myword_650610841/share/myword_650610841/srv/SumFourInt_Request.msg\n'}
[1.381286] (myword_650610841) StdoutLine: {'line': b'-- Up-to-date: /home/robot_ws/install/myword_650610841/share/myword_650610841/srv/SumFourInt_Response.msg\n'}
[1.382181] (myword_650610841) StdoutLine: {'line': b'-- Up-to-date: /home/robot_ws/install/myword_650610841/share/ament_index/resource_index/package_run_dependencies/myword_650610841\n'}
[1.384511] (myword_650610841) StdoutLine: {'line': b'-- Up-to-date: /home/robot_ws/install/myword_650610841/share/ament_index/resource_index/parent_prefix_path/myword_650610841\n'}
[1.385813] (myword_650610841) StdoutLine: {'line': b'-- Up-to-date: /home/robot_ws/install/myword_650610841/share/myword_650610841/environment/ament_prefix_path.sh\n'}
[1.388244] (myword_650610841) StdoutLine: {'line': b'-- Up-to-date: /home/robot_ws/install/myword_650610841/share/myword_650610841/environment/ament_prefix_path.dsv\n'}
[1.390345] (myword_650610841) StdoutLine: {'line': b'-- Up-to-date: /home/robot_ws/install/myword_650610841/share/myword_650610841/environment/path.sh\n'}
[1.392537] (myword_650610841) StdoutLine: {'line': b'-- Up-to-date: /home/robot_ws/install/myword_650610841/share/myword_650610841/environment/path.dsv\n'}
[1.393272] (myword_650610841) StdoutLine: {'line': b'-- Up-to-date: /home/robot_ws/install/myword_650610841/share/myword_650610841/local_setup.bash\n'}
[1.394047] (myword_650610841) StdoutLine: {'line': b'-- Up-to-date: /home/robot_ws/install/myword_650610841/share/myword_650610841/local_setup.sh\n'}
[1.394229] (myword_650610841) StdoutLine: {'line': b'-- Up-to-date: /home/robot_ws/install/myword_650610841/share/myword_650610841/local_setup.zsh\n'}
[1.394428] (myword_650610841) StdoutLine: {'line': b'-- Up-to-date: /home/robot_ws/install/myword_650610841/share/myword_650610841/local_setup.dsv\n'}
[1.395078] (myword_650610841) StdoutLine: {'line': b'-- Installing: /home/robot_ws/install/myword_650610841/share/myword_650610841/package.dsv\n'}
[1.395663] (myword_650610841) StdoutLine: {'line': b'-- Up-to-date: /home/robot_ws/install/myword_650610841/share/ament_index/resource_index/packages/myword_650610841\n'}
[1.396253] (myword_650610841) StdoutLine: {'line': b'-- Up-to-date: /home/robot_ws/install/myword_650610841/share/myword_650610841/cmake/export_myword_650610841__rosidl_generator_cExport.cmake\n'}
[1.396979] (myword_650610841) StdoutLine: {'line': b'-- Up-to-date: /home/robot_ws/install/myword_650610841/share/myword_650610841/cmake/export_myword_650610841__rosidl_generator_cExport-noconfig.cmake\n'}
[1.397611] (myword_650610841) StdoutLine: {'line': b'-- Up-to-date: /home/robot_ws/install/myword_650610841/share/myword_650610841/cmake/export_myword_650610841__rosidl_typesupport_fastrtps_cExport.cmake\n'}
[1.398195] (myword_650610841) StdoutLine: {'line': b'-- Up-to-date: /home/robot_ws/install/myword_650610841/share/myword_650610841/cmake/export_myword_650610841__rosidl_typesupport_fastrtps_cExport-noconfig.cmake\n'}
[1.398786] (myword_650610841) StdoutLine: {'line': b'-- Up-to-date: /home/robot_ws/install/myword_650610841/share/myword_650610841/cmake/myword_650610841__rosidl_typesupport_introspection_cExport.cmake\n'}
[1.399347] (myword_650610841) StdoutLine: {'line': b'-- Up-to-date: /home/robot_ws/install/myword_650610841/share/myword_650610841/cmake/myword_650610841__rosidl_typesupport_introspection_cExport-noconfig.cmake\n'}
[1.399997] (myword_650610841) StdoutLine: {'line': b'-- Up-to-date: /home/robot_ws/install/myword_650610841/share/myword_650610841/cmake/myword_650610841__rosidl_typesupport_cExport.cmake\n'}
[1.401884] (myword_650610841) StdoutLine: {'line': b'-- Up-to-date: /home/robot_ws/install/myword_650610841/share/myword_650610841/cmake/myword_650610841__rosidl_typesupport_cExport-noconfig.cmake\n'}
[1.405491] (myword_650610841) StdoutLine: {'line': b'-- Up-to-date: /home/robot_ws/install/myword_650610841/share/myword_650610841/cmake/export_myword_650610841__rosidl_generator_cppExport.cmake\n'}
[1.409126] (-) TimerEvent: {}
[1.411083] (myword_650610841) StdoutLine: {'line': b'-- Up-to-date: /home/robot_ws/install/myword_650610841/share/myword_650610841/cmake/export_myword_650610841__rosidl_typesupport_fastrtps_cppExport.cmake\n'}
[1.413807] (myword_650610841) StdoutLine: {'line': b'-- Up-to-date: /home/robot_ws/install/myword_650610841/share/myword_650610841/cmake/export_myword_650610841__rosidl_typesupport_fastrtps_cppExport-noconfig.cmake\n'}
[1.415884] (myword_650610841) StdoutLine: {'line': b'-- Up-to-date: /home/robot_ws/install/myword_650610841/share/myword_650610841/cmake/myword_650610841__rosidl_typesupport_introspection_cppExport.cmake\n'}
[1.420434] (myword_650610841) StdoutLine: {'line': b'-- Up-to-date: /home/robot_ws/install/myword_650610841/share/myword_650610841/cmake/myword_650610841__rosidl_typesupport_introspection_cppExport-noconfig.cmake\n'}
[1.424194] (myword_650610841) StdoutLine: {'line': b'-- Up-to-date: /home/robot_ws/install/myword_650610841/share/myword_650610841/cmake/myword_650610841__rosidl_typesupport_cppExport.cmake\n'}
[1.426930] (myword_650610841) StdoutLine: {'line': b'-- Up-to-date: /home/robot_ws/install/myword_650610841/share/myword_650610841/cmake/myword_650610841__rosidl_typesupport_cppExport-noconfig.cmake\n'}
[1.427397] (myword_650610841) StdoutLine: {'line': b'-- Up-to-date: /home/robot_ws/install/myword_650610841/share/myword_650610841/cmake/export_myword_650610841__rosidl_generator_pyExport.cmake\n'}
[1.429016] (myword_650610841) StdoutLine: {'line': b'-- Up-to-date: /home/robot_ws/install/myword_650610841/share/myword_650610841/cmake/export_myword_650610841__rosidl_generator_pyExport-noconfig.cmake\n'}
[1.430736] (myword_650610841) StdoutLine: {'line': b'-- Up-to-date: /home/robot_ws/install/myword_650610841/share/myword_650610841/cmake/rosidl_cmake-extras.cmake\n'}
[1.431637] (myword_650610841) StdoutLine: {'line': b'-- Up-to-date: /home/robot_ws/install/myword_650610841/share/myword_650610841/cmake/ament_cmake_export_include_directories-extras.cmake\n'}
[1.432355] (myword_650610841) StdoutLine: {'line': b'-- Up-to-date: /home/robot_ws/install/myword_650610841/share/myword_650610841/cmake/ament_cmake_export_libraries-extras.cmake\n'}
[1.433535] (myword_650610841) StdoutLine: {'line': b'-- Up-to-date: /home/robot_ws/install/myword_650610841/share/myword_650610841/cmake/ament_cmake_export_targets-extras.cmake\n'}
[1.433608] (myword_650610841) StdoutLine: {'line': b'-- Up-to-date: /home/robot_ws/install/myword_650610841/share/myword_650610841/cmake/rosidl_cmake_export_typesupport_targets-extras.cmake\n'}
[1.433853] (myword_650610841) StdoutLine: {'line': b'-- Up-to-date: /home/robot_ws/install/myword_650610841/share/myword_650610841/cmake/ament_cmake_export_dependencies-extras.cmake\n'}
[1.435647] (myword_650610841) StdoutLine: {'line': b'-- Up-to-date: /home/robot_ws/install/myword_650610841/share/myword_650610841/cmake/rosidl_cmake_export_typesupport_libraries-extras.cmake\n'}
[1.438210] (myword_650610841) StdoutLine: {'line': b'-- Up-to-date: /home/robot_ws/install/myword_650610841/share/myword_650610841/cmake/myword_650610841Config.cmake\n'}
[1.442766] (myword_650610841) StdoutLine: {'line': b'-- Up-to-date: /home/robot_ws/install/myword_650610841/share/myword_650610841/cmake/myword_650610841Config-version.cmake\n'}
[1.444155] (myword_650610841) StdoutLine: {'line': b'-- Up-to-date: /home/robot_ws/install/myword_650610841/share/myword_650610841/package.xml\n'}
[1.445789] (myword_650610841) CommandEnded: {'returncode': 0}
[1.509687] (-) TimerEvent: {}
[1.554204] (myword_650610841) JobEnded: {'identifier': 'myword_650610841', 'rc': 0}
[1.563630] (assign2_650610841) JobStarted: {'identifier': 'assign2_650610841'}
[1.594530] (sllidar_ros2) CommandEnded: {'returncode': 0}
[1.598377] (sllidar_ros2) JobProgress: {'identifier': 'sllidar_ros2', 'progress': 'install'}
[1.604994] (sllidar_ros2) Command: {'cmd': ['/usr/bin/cmake', '--install', '/home/robot_ws/build/sllidar_ros2'], 'cwd': '/home/robot_ws/build/sllidar_ros2', 'env': OrderedDict([('HOSTNAME', 'entity014'), ('SHLVL', '1'), ('LD_LIBRARY_PATH', '/home/robot_ws/install/myword_650610841/lib:/usr/lib/x86_64-linux-gnu/gazebo-11/plugins:/opt/ros/humble/opt/rviz_ogre_vendor/lib:/opt/ros/humble/lib/x86_64-linux-gnu:/opt/ros/humble/lib:/usr/lib/x86_64-linux-gnu/gazebo-11/plugins::/usr/lib/x86_64-linux-gnu/gazebo-11/plugins:/usr/lib/x86_64-linux-gnu/gazebo-11/plugins:'), ('HOME', '/home'), ('GAZEBO_MASTER_URI', 'http://localhost:11345'), ('ROS_PYTHON_VERSION', '3'), ('_colcon_cd_root', '/opt/ros/humble/'), ('COLCON_PREFIX_PATH', '/home/robot_ws/install'), ('ROS_DISTRO', 'humble'), ('_', '/usr/bin/colcon'), ('ROS_VERSION', '2'), ('NVIDIA_DRIVER_CAPABILITIES', 'all'), ('TERM', 'xterm'), ('GAZEBO_MODEL_PATH', '/usr/share/gazebo-11/models:/usr/share/gazebo-11/models:'), ('ROS_LOCALHOST_ONLY', '0'), ('QT_X11_NO_MITSHM', '1'), ('OGRE_RESOURCE_PATH', '/usr/lib/x86_64-linux-gnu/OGRE-1.9.0'), ('PATH', '/opt/ros/humble/bin:/usr/local/sbin:/usr/local/bin:/usr/sbin:/usr/bin:/sbin:/bin'), ('XDG_RUNTIME_DIR', '/tmp/runtime-root'), ('DISPLAY', ':0'), ('LANG', 'C.UTF-8'), ('RMW_IMPLEMENTATION', 'rmw_cyclonedds_cpp'), ('ROS_DOMAIN_ID', '15'), ('AMENT_PREFIX_PATH', '/home/robot_ws/install/sllidar_ros2:/home/robot_ws/install/assign2_650610841:/home/robot_ws/install/myword_650610841:/home/robot_ws/install/assign4_650610841:/home/robot_ws/install/assign3_650610841:/home/robot_ws/install/assign1_650610841:/home/robot_ws/install/650610841_final:/opt/ros/humble'), ('NO_AT_BRIDGE', '1'), ('GAZEBO_RESOURCE_PATH', '/usr/share/gazebo-11:/usr/share/gazebo-11:'), ('GAZEBO_MODEL_DATABASE_URI', 'http://models.gazebosim.org'), ('PWD', '/home/robot_ws/build/sllidar_ros2'), ('LC_ALL', 'C.UTF-8'), ('GAZEBO_PLUGIN_PATH', '/usr/lib/x86_64-linux-gnu/gazebo-11/plugins:/usr/lib/x86_64-linux-gnu/gazebo-11/plugins:'), ('PYTHONPATH', '/home/robot_ws/install/assign2_650610841/lib/python3.10/site-packages:/home/robot_ws/install/myword_650610841/local/lib/python3.10/dist-packages:/home/robot_ws/install/assign4_650610841/lib/python3.10/site-packages:/home/robot_ws/install/assign3_650610841/lib/python3.10/site-packages:/home/robot_ws/install/assign1_650610841/lib/python3.10/site-packages:/home/robot_ws/install/650610841_final/lib/python3.10/site-packages:/opt/ros/humble/lib/python3.10/site-packages:/opt/ros/humble/local/lib/python3.10/dist-packages'), ('COLCON', '1'), ('CMAKE_PREFIX_PATH', '/home/robot_ws/install/sllidar_ros2:/home/robot_ws/install/myword_650610841:/home/robot_ws/install/assign2_650610841:/home/robot_ws/install/assign4_650610841:/home/robot_ws/install/assign3_650610841:/home/robot_ws/install/assign1_650610841:/home/robot_ws/install/650610841_final:/opt/ros/humble')]), 'shell': False}
[1.612284] (-) TimerEvent: {}
[1.650315] (sllidar_ros2) StdoutLine: {'line': b'-- Install configuration: ""\n'}
[1.654130] (sllidar_ros2) StdoutLine: {'line': b'-- Up-to-date: /home/robot_ws/install/sllidar_ros2/share/sllidar_ros2/launch\n'}
[1.656095] (sllidar_ros2) StdoutLine: {'line': b'-- Up-to-date: /home/robot_ws/install/sllidar_ros2/share/sllidar_ros2/launch/sllidar_s1_tcp_launch.py\n'}
[1.657512] (sllidar_ros2) StdoutLine: {'line': b'-- Up-to-date: /home/robot_ws/install/sllidar_ros2/share/sllidar_ros2/launch/sllidar_s1_launch.py\n'}
[1.658353] (sllidar_ros2) StdoutLine: {'line': b'-- Up-to-date: /home/robot_ws/install/sllidar_ros2/share/sllidar_ros2/launch/view_sllidar_a1_launch.py\n'}
[1.659121] (sllidar_ros2) StdoutLine: {'line': b'-- Up-to-date: /home/robot_ws/install/sllidar_ros2/share/sllidar_ros2/launch/view_sllidar_s3_launch.py\n'}
[1.659868] (sllidar_ros2) StdoutLine: {'line': b'-- Up-to-date: /home/robot_ws/install/sllidar_ros2/share/sllidar_ros2/launch/sllidar_a3_launch.py\n'}
[1.659951] (sllidar_ros2) StdoutLine: {'line': b'-- Up-to-date: /home/robot_ws/install/sllidar_ros2/share/sllidar_ros2/launch/sllidar_s3_launch.py\n'}
[1.659996] (sllidar_ros2) StdoutLine: {'line': b'-- Up-to-date: /home/robot_ws/install/sllidar_ros2/share/sllidar_ros2/launch/view_sllidar_s1_tcp_launch.py\n'}
[1.660298] (sllidar_ros2) StdoutLine: {'line': b'-- Up-to-date: /home/robot_ws/install/sllidar_ros2/share/sllidar_ros2/launch/view_sllidar_a2m12_launch.py\n'}
[1.661434] (sllidar_ros2) StdoutLine: {'line': b'-- Up-to-date: /home/robot_ws/install/sllidar_ros2/share/sllidar_ros2/launch/sllidar_t1_launch.py\n'}
[1.663276] (sllidar_ros2) StdoutLine: {'line': b'-- Up-to-date: /home/robot_ws/install/sllidar_ros2/share/sllidar_ros2/launch/view_sllidar_s1_launch.py\n'}
[1.663824] (sllidar_ros2) StdoutLine: {'line': b'-- Up-to-date: /home/robot_ws/install/sllidar_ros2/share/sllidar_ros2/launch/view_sllidar_s2_launch.py\n'}
[1.664307] (sllidar_ros2) StdoutLine: {'line': b'-- Up-to-date: /home/robot_ws/install/sllidar_ros2/share/sllidar_ros2/launch/sllidar_a2m8_launch.py\n'}
[1.664783] (sllidar_ros2) StdoutLine: {'line': b'-- Up-to-date: /home/robot_ws/install/sllidar_ros2/share/sllidar_ros2/launch/view_sllidar_a2m7_launch.py\n'}
[1.665213] (sllidar_ros2) StdoutLine: {'line': b'-- Up-to-date: /home/robot_ws/install/sllidar_ros2/share/sllidar_ros2/launch/sllidar_a2m12_launch .py\n'}
[1.665692] (sllidar_ros2) StdoutLine: {'line': b'-- Up-to-date: /home/robot_ws/install/sllidar_ros2/share/sllidar_ros2/launch/view_sllidar_t1_launch.py\n'}
[1.666147] (sllidar_ros2) StdoutLine: {'line': b'-- Up-to-date: /home/robot_ws/install/sllidar_ros2/share/sllidar_ros2/launch/sllidar_a2m7_launch.py\n'}
[1.666650] (sllidar_ros2) StdoutLine: {'line': b'-- Up-to-date: /home/robot_ws/install/sllidar_ros2/share/sllidar_ros2/launch/view_sllidar_c1_launch.py\n'}
[1.667049] (sllidar_ros2) StdoutLine: {'line': b'-- Up-to-date: /home/robot_ws/install/sllidar_ros2/share/sllidar_ros2/launch/view_sllidar_a3_launch.py\n'}
[1.668815] (sllidar_ros2) StdoutLine: {'line': b'-- Up-to-date: /home/robot_ws/install/sllidar_ros2/share/sllidar_ros2/launch/view_sllidar_a2m8_launch.py\n'}
[1.669546] (sllidar_ros2) StdoutLine: {'line': b'-- Up-to-date: /home/robot_ws/install/sllidar_ros2/share/sllidar_ros2/launch/sllidar_s2e_launch.py\n'}
[1.670190] (sllidar_ros2) StdoutLine: {'line': b'-- Up-to-date: /home/robot_ws/install/sllidar_ros2/share/sllidar_ros2/launch/sllidar_s2_launch.py\n'}
[1.670848] (sllidar_ros2) StdoutLine: {'line': b'-- Up-to-date: /home/robot_ws/install/sllidar_ros2/share/sllidar_ros2/launch/sllidar_a1_launch.py\n'}
[1.671495] (sllidar_ros2) StdoutLine: {'line': b'-- Up-to-date: /home/robot_ws/install/sllidar_ros2/share/sllidar_ros2/launch/view_sllidar_s2e_launch.py\n'}
[1.672136] (sllidar_ros2) StdoutLine: {'line': b'-- Up-to-date: /home/robot_ws/install/sllidar_ros2/share/sllidar_ros2/launch/sllidar_c1_launch.py\n'}
[1.672993] (sllidar_ros2) StdoutLine: {'line': b'-- Up-to-date: /home/robot_ws/install/sllidar_ros2/share/sllidar_ros2/rviz\n'}
[1.673083] (sllidar_ros2) StdoutLine: {'line': b'-- Up-to-date: /home/robot_ws/install/sllidar_ros2/share/sllidar_ros2/rviz/sllidar_ros2.rviz\n'}
[1.673163] (sllidar_ros2) StdoutLine: {'line': b'-- Up-to-date: /home/robot_ws/install/sllidar_ros2/lib/sllidar_ros2/sllidar_node\n'}
[1.673241] (sllidar_ros2) StdoutLine: {'line': b'-- Up-to-date: /home/robot_ws/install/sllidar_ros2/lib/sllidar_ros2/sllidar_client\n'}
[1.673802] (sllidar_ros2) StdoutLine: {'line': b'-- Up-to-date: /home/robot_ws/install/sllidar_ros2/share/ament_index/resource_index/package_run_dependencies/sllidar_ros2\n'}
[1.674391] (sllidar_ros2) StdoutLine: {'line': b'-- Up-to-date: /home/robot_ws/install/sllidar_ros2/share/ament_index/resource_index/parent_prefix_path/sllidar_ros2\n'}
[1.675033] (sllidar_ros2) StdoutLine: {'line': b'-- Up-to-date: /home/robot_ws/install/sllidar_ros2/share/sllidar_ros2/environment/ament_prefix_path.sh\n'}
[1.675810] (sllidar_ros2) StdoutLine: {'line': b'-- Up-to-date: /home/robot_ws/install/sllidar_ros2/share/sllidar_ros2/environment/ament_prefix_path.dsv\n'}
[1.676807] (sllidar_ros2) StdoutLine: {'line': b'-- Up-to-date: /home/robot_ws/install/sllidar_ros2/share/sllidar_ros2/environment/path.sh\n'}
[1.677209] (sllidar_ros2) StdoutLine: {'line': b'-- Up-to-date: /home/robot_ws/install/sllidar_ros2/share/sllidar_ros2/environment/path.dsv\n'}
[1.677546] (sllidar_ros2) StdoutLine: {'line': b'-- Up-to-date: /home/robot_ws/install/sllidar_ros2/share/sllidar_ros2/local_setup.bash\n'}
[1.677869] (sllidar_ros2) StdoutLine: {'line': b'-- Up-to-date: /home/robot_ws/install/sllidar_ros2/share/sllidar_ros2/local_setup.sh\n'}
[1.678229] (sllidar_ros2) StdoutLine: {'line': b'-- Up-to-date: /home/robot_ws/install/sllidar_ros2/share/sllidar_ros2/local_setup.zsh\n'}
[1.678634] (sllidar_ros2) StdoutLine: {'line': b'-- Up-to-date: /home/robot_ws/install/sllidar_ros2/share/sllidar_ros2/local_setup.dsv\n'}
[1.678918] (sllidar_ros2) StdoutLine: {'line': b'-- Installing: /home/robot_ws/install/sllidar_ros2/share/sllidar_ros2/package.dsv\n'}
[1.679186] (sllidar_ros2) StdoutLine: {'line': b'-- Up-to-date: /home/robot_ws/install/sllidar_ros2/share/ament_index/resource_index/packages/sllidar_ros2\n'}
[1.679563] (sllidar_ros2) StdoutLine: {'line': b'-- Up-to-date: /home/robot_ws/install/sllidar_ros2/share/sllidar_ros2/cmake/ament_cmake_export_dependencies-extras.cmake\n'}
[1.679988] (sllidar_ros2) StdoutLine: {'line': b'-- Up-to-date: /home/robot_ws/install/sllidar_ros2/share/sllidar_ros2/cmake/ament_cmake_export_include_directories-extras.cmake\n'}
[1.680360] (sllidar_ros2) StdoutLine: {'line': b'-- Up-to-date: /home/robot_ws/install/sllidar_ros2/share/sllidar_ros2/cmake/sllidar_ros2Config.cmake\n'}
[1.680761] (sllidar_ros2) StdoutLine: {'line': b'-- Up-to-date: /home/robot_ws/install/sllidar_ros2/share/sllidar_ros2/cmake/sllidar_ros2Config-version.cmake\n'}
[1.681090] (sllidar_ros2) StdoutLine: {'line': b'-- Up-to-date: /home/robot_ws/install/sllidar_ros2/share/sllidar_ros2/package.xml\n'}
[1.712361] (-) TimerEvent: {}
[1.813412] (-) TimerEvent: {}
[1.915024] (-) TimerEvent: {}
[2.016014] (-) TimerEvent: {}
[2.116320] (-) TimerEvent: {}
[2.216669] (-) TimerEvent: {}
[2.294960] (sllidar_ros2) CommandEnded: {'returncode': 0}
[2.317079] (-) TimerEvent: {}
[2.376410] (sllidar_ros2) JobEnded: {'identifier': 'sllidar_ros2', 'rc': 0}
[2.409023] (assign3_650610841) Command: {'cmd': ['/usr/bin/python3', '-W', 'ignore:setup.py install is deprecated', '-W', 'ignore:easy_install command is deprecated', 'setup.py', 'egg_info', '--egg-base', '../../build/assign3_650610841', 'build', '--build-base', '/home/robot_ws/build/assign3_650610841/build', 'install', '--record', '/home/robot_ws/build/assign3_650610841/install.log', '--single-version-externally-managed', 'install_data'], 'cwd': '/home/robot_ws/src/assign3_650610841', 'env': {'HOSTNAME': 'entity014', 'SHLVL': '1', 'LD_LIBRARY_PATH': '/home/robot_ws/install/myword_650610841/lib:/usr/lib/x86_64-linux-gnu/gazebo-11/plugins:/opt/ros/humble/opt/rviz_ogre_vendor/lib:/opt/ros/humble/lib/x86_64-linux-gnu:/opt/ros/humble/lib:/usr/lib/x86_64-linux-gnu/gazebo-11/plugins::/usr/lib/x86_64-linux-gnu/gazebo-11/plugins:/usr/lib/x86_64-linux-gnu/gazebo-11/plugins:', 'HOME': '/home', 'GAZEBO_MASTER_URI': 'http://localhost:11345', 'ROS_PYTHON_VERSION': '3', '_colcon_cd_root': '/opt/ros/humble/', 'COLCON_PREFIX_PATH': '/home/robot_ws/install', 'ROS_DISTRO': 'humble', '_': '/usr/bin/colcon', 'ROS_VERSION': '2', 'NVIDIA_DRIVER_CAPABILITIES': 'all', 'TERM': 'xterm', 'GAZEBO_MODEL_PATH': '/usr/share/gazebo-11/models:/usr/share/gazebo-11/models:', 'ROS_LOCALHOST_ONLY': '0', 'QT_X11_NO_MITSHM': '1', 'OGRE_RESOURCE_PATH': '/usr/lib/x86_64-linux-gnu/OGRE-1.9.0', 'PATH': '/opt/ros/humble/bin:/usr/local/sbin:/usr/local/bin:/usr/sbin:/usr/bin:/sbin:/bin', 'XDG_RUNTIME_DIR': '/tmp/runtime-root', 'DISPLAY': ':0', 'LANG': 'C.UTF-8', 'RMW_IMPLEMENTATION': 'rmw_cyclonedds_cpp', 'ROS_DOMAIN_ID': '15', 'AMENT_PREFIX_PATH': '/home/robot_ws/install/sllidar_ros2:/home/robot_ws/install/assign2_650610841:/home/robot_ws/install/myword_650610841:/home/robot_ws/install/assign4_650610841:/home/robot_ws/install/assign3_650610841:/home/robot_ws/install/assign1_650610841:/home/robot_ws/install/650610841_final:/opt/ros/humble', 'NO_AT_BRIDGE': '1', 'GAZEBO_RESOURCE_PATH': '/usr/share/gazebo-11:/usr/share/gazebo-11:', 'GAZEBO_MODEL_DATABASE_URI': 'http://models.gazebosim.org', 'PWD': '/home/robot_ws/build/assign3_650610841', 'LC_ALL': 'C.UTF-8', 'GAZEBO_PLUGIN_PATH': '/usr/lib/x86_64-linux-gnu/gazebo-11/plugins:/usr/lib/x86_64-linux-gnu/gazebo-11/plugins:', 'PYTHONPATH': '/home/robot_ws/build/assign3_650610841/prefix_override:/usr/lib/python3/dist-packages/colcon_core/task/python/colcon_distutils_commands:/home/robot_ws/install/assign3_650610841/lib/python3.10/site-packages:/home/robot_ws/install/assign2_650610841/lib/python3.10/site-packages:/home/robot_ws/install/myword_650610841/local/lib/python3.10/dist-packages:/home/robot_ws/install/assign4_650610841/lib/python3.10/site-packages:/home/robot_ws/install/assign3_650610841/lib/python3.10/site-packages:/home/robot_ws/install/assign1_650610841/lib/python3.10/site-packages:/home/robot_ws/install/650610841_final/lib/python3.10/site-packages:/opt/ros/humble/lib/python3.10/site-packages:/opt/ros/humble/local/lib/python3.10/dist-packages', 'COLCON': '1', 'CMAKE_PREFIX_PATH': '/home/robot_ws/install/sllidar_ros2:/home/robot_ws/install/myword_650610841'}, 'shell': False}
[2.417364] (-) TimerEvent: {}
[2.492920] (650610841_final) Command: {'cmd': ['/usr/bin/python3', '-W', 'ignore:setup.py install is deprecated', '-W', 'ignore:easy_install command is deprecated', 'setup.py', 'egg_info', '--egg-base', '../../build/650610841_final', 'build', '--build-base', '/home/robot_ws/build/650610841_final/build', 'install', '--record', '/home/robot_ws/build/650610841_final/install.log', '--single-version-externally-managed', 'install_data'], 'cwd': '/home/robot_ws/src/650610841_final', 'env': {'HOSTNAME': 'entity014', 'SHLVL': '1', 'LD_LIBRARY_PATH': '/home/robot_ws/install/myword_650610841/lib:/usr/lib/x86_64-linux-gnu/gazebo-11/plugins:/opt/ros/humble/opt/rviz_ogre_vendor/lib:/opt/ros/humble/lib/x86_64-linux-gnu:/opt/ros/humble/lib:/usr/lib/x86_64-linux-gnu/gazebo-11/plugins::/usr/lib/x86_64-linux-gnu/gazebo-11/plugins:/usr/lib/x86_64-linux-gnu/gazebo-11/plugins:', 'HOME': '/home', 'GAZEBO_MASTER_URI': 'http://localhost:11345', 'ROS_PYTHON_VERSION': '3', '_colcon_cd_root': '/opt/ros/humble/', 'COLCON_PREFIX_PATH': '/home/robot_ws/install', 'ROS_DISTRO': 'humble', '_': '/usr/bin/colcon', 'ROS_VERSION': '2', 'NVIDIA_DRIVER_CAPABILITIES': 'all', 'TERM': 'xterm', 'GAZEBO_MODEL_PATH': '/usr/share/gazebo-11/models:/usr/share/gazebo-11/models:', 'ROS_LOCALHOST_ONLY': '0', 'QT_X11_NO_MITSHM': '1', 'OGRE_RESOURCE_PATH': '/usr/lib/x86_64-linux-gnu/OGRE-1.9.0', 'PATH': '/opt/ros/humble/bin:/usr/local/sbin:/usr/local/bin:/usr/sbin:/usr/bin:/sbin:/bin', 'XDG_RUNTIME_DIR': '/tmp/runtime-root', 'DISPLAY': ':0', 'LANG': 'C.UTF-8', 'RMW_IMPLEMENTATION': 'rmw_cyclonedds_cpp', 'ROS_DOMAIN_ID': '15', 'AMENT_PREFIX_PATH': '/home/robot_ws/install/sllidar_ros2:/home/robot_ws/install/assign2_650610841:/home/robot_ws/install/myword_650610841:/home/robot_ws/install/assign4_650610841:/home/robot_ws/install/assign3_650610841:/home/robot_ws/install/assign1_650610841:/home/robot_ws/install/650610841_final:/opt/ros/humble', 'NO_AT_BRIDGE': '1', 'GAZEBO_RESOURCE_PATH': '/usr/share/gazebo-11:/usr/share/gazebo-11:', 'GAZEBO_MODEL_DATABASE_URI': 'http://models.gazebosim.org', 'PWD': '/home/robot_ws/build/650610841_final', 'LC_ALL': 'C.UTF-8', 'GAZEBO_PLUGIN_PATH': '/usr/lib/x86_64-linux-gnu/gazebo-11/plugins:/usr/lib/x86_64-linux-gnu/gazebo-11/plugins:', 'PYTHONPATH': '/home/robot_ws/build/650610841_final/prefix_override:/usr/lib/python3/dist-packages/colcon_core/task/python/colcon_distutils_commands:/home/robot_ws/install/650610841_final/lib/python3.10/site-packages:/home/robot_ws/install/assign2_650610841/lib/python3.10/site-packages:/home/robot_ws/install/myword_650610841/local/lib/python3.10/dist-packages:/home/robot_ws/install/assign4_650610841/lib/python3.10/site-packages:/home/robot_ws/install/assign3_650610841/lib/python3.10/site-packages:/home/robot_ws/install/assign1_650610841/lib/python3.10/site-packages:/home/robot_ws/install/650610841_final/lib/python3.10/site-packages:/opt/ros/humble/lib/python3.10/site-packages:/opt/ros/humble/local/lib/python3.10/dist-packages', 'COLCON': '1', 'CMAKE_PREFIX_PATH': '/home/robot_ws/install/sllidar_ros2:/home/robot_ws/install/myword_650610841'}, 'shell': False}
[2.517441] (-) TimerEvent: {}
[2.532862] (assign4_650610841) Command: {'cmd': ['/usr/bin/python3', '-W', 'ignore:setup.py install is deprecated', '-W', 'ignore:easy_install command is deprecated', 'setup.py', 'egg_info', '--egg-base', '../../build/assign4_650610841', 'build', '--build-base', '/home/robot_ws/build/assign4_650610841/build', 'install', '--record', '/home/robot_ws/build/assign4_650610841/install.log', '--single-version-externally-managed', 'install_data'], 'cwd': '/home/robot_ws/src/assign4_650610841', 'env': {'HOSTNAME': 'entity014', 'SHLVL': '1', 'LD_LIBRARY_PATH': '/home/robot_ws/install/myword_650610841/lib:/usr/lib/x86_64-linux-gnu/gazebo-11/plugins:/opt/ros/humble/opt/rviz_ogre_vendor/lib:/opt/ros/humble/lib/x86_64-linux-gnu:/opt/ros/humble/lib:/usr/lib/x86_64-linux-gnu/gazebo-11/plugins::/usr/lib/x86_64-linux-gnu/gazebo-11/plugins:/usr/lib/x86_64-linux-gnu/gazebo-11/plugins:', 'HOME': '/home', 'GAZEBO_MASTER_URI': 'http://localhost:11345', 'ROS_PYTHON_VERSION': '3', '_colcon_cd_root': '/opt/ros/humble/', 'COLCON_PREFIX_PATH': '/home/robot_ws/install', 'ROS_DISTRO': 'humble', '_': '/usr/bin/colcon', 'ROS_VERSION': '2', 'NVIDIA_DRIVER_CAPABILITIES': 'all', 'TERM': 'xterm', 'GAZEBO_MODEL_PATH': '/usr/share/gazebo-11/models:/usr/share/gazebo-11/models:', 'ROS_LOCALHOST_ONLY': '0', 'QT_X11_NO_MITSHM': '1', 'OGRE_RESOURCE_PATH': '/usr/lib/x86_64-linux-gnu/OGRE-1.9.0', 'PATH': '/opt/ros/humble/bin:/usr/local/sbin:/usr/local/bin:/usr/sbin:/usr/bin:/sbin:/bin', 'XDG_RUNTIME_DIR': '/tmp/runtime-root', 'DISPLAY': ':0', 'LANG': 'C.UTF-8', 'RMW_IMPLEMENTATION': 'rmw_cyclonedds_cpp', 'ROS_DOMAIN_ID': '15', 'AMENT_PREFIX_PATH': '/home/robot_ws/install/sllidar_ros2:/home/robot_ws/install/assign2_650610841:/home/robot_ws/install/myword_650610841:/home/robot_ws/install/assign4_650610841:/home/robot_ws/install/assign3_650610841:/home/robot_ws/install/assign1_650610841:/home/robot_ws/install/650610841_final:/opt/ros/humble', 'NO_AT_BRIDGE': '1', 'GAZEBO_RESOURCE_PATH': '/usr/share/gazebo-11:/usr/share/gazebo-11:', 'GAZEBO_MODEL_DATABASE_URI': 'http://models.gazebosim.org', 'PWD': '/home/robot_ws/build/assign4_650610841', 'LC_ALL': 'C.UTF-8', 'GAZEBO_PLUGIN_PATH': '/usr/lib/x86_64-linux-gnu/gazebo-11/plugins:/usr/lib/x86_64-linux-gnu/gazebo-11/plugins:', 'PYTHONPATH': '/home/robot_ws/build/assign4_650610841/prefix_override:/usr/lib/python3/dist-packages/colcon_core/task/python/colcon_distutils_commands:/home/robot_ws/install/assign4_650610841/lib/python3.10/site-packages:/home/robot_ws/install/assign2_650610841/lib/python3.10/site-packages:/home/robot_ws/install/myword_650610841/local/lib/python3.10/dist-packages:/home/robot_ws/install/assign4_650610841/lib/python3.10/site-packages:/home/robot_ws/install/assign3_650610841/lib/python3.10/site-packages:/home/robot_ws/install/assign1_650610841/lib/python3.10/site-packages:/home/robot_ws/install/650610841_final/lib/python3.10/site-packages:/opt/ros/humble/lib/python3.10/site-packages:/opt/ros/humble/local/lib/python3.10/dist-packages', 'COLCON': '1', 'CMAKE_PREFIX_PATH': '/home/robot_ws/install/sllidar_ros2:/home/robot_ws/install/myword_650610841'}, 'shell': False}
[2.617751] (-) TimerEvent: {}
[2.719267] (-) TimerEvent: {}
[2.759003] (assign1_650610841) Command: {'cmd': ['/usr/bin/python3', '-W', 'ignore:setup.py install is deprecated', '-W', 'ignore:easy_install command is deprecated', 'setup.py', 'egg_info', '--egg-base', '../../build/assign1_650610841', 'build', '--build-base', '/home/robot_ws/build/assign1_650610841/build', 'install', '--record', '/home/robot_ws/build/assign1_650610841/install.log', '--single-version-externally-managed', 'install_data'], 'cwd': '/home/robot_ws/src/assign1_650610841', 'env': {'HOSTNAME': 'entity014', 'SHLVL': '1', 'LD_LIBRARY_PATH': '/home/robot_ws/install/myword_650610841/lib:/usr/lib/x86_64-linux-gnu/gazebo-11/plugins:/opt/ros/humble/opt/rviz_ogre_vendor/lib:/opt/ros/humble/lib/x86_64-linux-gnu:/opt/ros/humble/lib:/usr/lib/x86_64-linux-gnu/gazebo-11/plugins::/usr/lib/x86_64-linux-gnu/gazebo-11/plugins:/usr/lib/x86_64-linux-gnu/gazebo-11/plugins:', 'HOME': '/home', 'GAZEBO_MASTER_URI': 'http://localhost:11345', 'ROS_PYTHON_VERSION': '3', '_colcon_cd_root': '/opt/ros/humble/', 'COLCON_PREFIX_PATH': '/home/robot_ws/install', 'ROS_DISTRO': 'humble', '_': '/usr/bin/colcon', 'ROS_VERSION': '2', 'NVIDIA_DRIVER_CAPABILITIES': 'all', 'TERM': 'xterm', 'GAZEBO_MODEL_PATH': '/usr/share/gazebo-11/models:/usr/share/gazebo-11/models:', 'ROS_LOCALHOST_ONLY': '0', 'QT_X11_NO_MITSHM': '1', 'OGRE_RESOURCE_PATH': '/usr/lib/x86_64-linux-gnu/OGRE-1.9.0', 'PATH': '/opt/ros/humble/bin:/usr/local/sbin:/usr/local/bin:/usr/sbin:/usr/bin:/sbin:/bin', 'XDG_RUNTIME_DIR': '/tmp/runtime-root', 'DISPLAY': ':0', 'LANG': 'C.UTF-8', 'RMW_IMPLEMENTATION': 'rmw_cyclonedds_cpp', 'ROS_DOMAIN_ID': '15', 'AMENT_PREFIX_PATH': '/home/robot_ws/install/sllidar_ros2:/home/robot_ws/install/assign2_650610841:/home/robot_ws/install/myword_650610841:/home/robot_ws/install/assign4_650610841:/home/robot_ws/install/assign3_650610841:/home/robot_ws/install/assign1_650610841:/home/robot_ws/install/650610841_final:/opt/ros/humble', 'NO_AT_BRIDGE': '1', 'GAZEBO_RESOURCE_PATH': '/usr/share/gazebo-11:/usr/share/gazebo-11:', 'GAZEBO_MODEL_DATABASE_URI': 'http://models.gazebosim.org', 'PWD': '/home/robot_ws/build/assign1_650610841', 'LC_ALL': 'C.UTF-8', 'GAZEBO_PLUGIN_PATH': '/usr/lib/x86_64-linux-gnu/gazebo-11/plugins:/usr/lib/x86_64-linux-gnu/gazebo-11/plugins:', 'PYTHONPATH': '/home/robot_ws/build/assign1_650610841/prefix_override:/usr/lib/python3/dist-packages/colcon_core/task/python/colcon_distutils_commands:/home/robot_ws/install/assign1_650610841/lib/python3.10/site-packages:/home/robot_ws/install/assign2_650610841/lib/python3.10/site-packages:/home/robot_ws/install/myword_650610841/local/lib/python3.10/dist-packages:/home/robot_ws/install/assign4_650610841/lib/python3.10/site-packages:/home/robot_ws/install/assign3_650610841/lib/python3.10/site-packages:/home/robot_ws/install/assign1_650610841/lib/python3.10/site-packages:/home/robot_ws/install/650610841_final/lib/python3.10/site-packages:/opt/ros/humble/lib/python3.10/site-packages:/opt/ros/humble/local/lib/python3.10/dist-packages', 'COLCON': '1', 'CMAKE_PREFIX_PATH': '/home/robot_ws/install/sllidar_ros2:/home/robot_ws/install/myword_650610841'}, 'shell': False}
[2.819634] (-) TimerEvent: {}
[2.915032] (assign3_650610841) StdoutLine: {'line': b'running egg_info\n'}
[2.918004] (assign3_650610841) StdoutLine: {'line': b'writing ../../build/assign3_650610841/assign3_650610841.egg-info/PKG-INFO\n'}
[2.918145] (assign3_650610841) StdoutLine: {'line': b'writing dependency_links to ../../build/assign3_650610841/assign3_650610841.egg-info/dependency_links.txt\n'}
[2.918610] (assign3_650610841) StdoutLine: {'line': b'writing entry points to ../../build/assign3_650610841/assign3_650610841.egg-info/entry_points.txt\n'}
[2.919400] (assign3_650610841) StdoutLine: {'line': b'writing requirements to ../../build/assign3_650610841/assign3_650610841.egg-info/requires.txt\n'}
[2.920074] (-) TimerEvent: {}
[2.920959] (assign3_650610841) StdoutLine: {'line': b'writing top-level names to ../../build/assign3_650610841/assign3_650610841.egg-info/top_level.txt\n'}
[2.931350] (assign3_650610841) StdoutLine: {'line': b"reading manifest file '../../build/assign3_650610841/assign3_650610841.egg-info/SOURCES.txt'\n"}
[2.931565] (assign3_650610841) StdoutLine: {'line': b"adding license file 'LICENSE'\n"}
[2.937404] (assign3_650610841) StdoutLine: {'line': b"writing manifest file '../../build/assign3_650610841/assign3_650610841.egg-info/SOURCES.txt'\n"}
[2.938948] (assign3_650610841) StdoutLine: {'line': b'running build\n'}
[2.939731] (assign3_650610841) StdoutLine: {'line': b'running build_py\n'}
[2.940971] (assign3_650610841) StdoutLine: {'line': b'running install\n'}
[2.943794] (assign3_650610841) StdoutLine: {'line': b'running install_lib\n'}
[2.953062] (assign3_650610841) StdoutLine: {'line': b'running install_data\n'}
[2.955486] (assign3_650610841) StdoutLine: {'line': b'running install_egg_info\n'}
[2.968089] (assign3_650610841) StdoutLine: {'line': b"removing '/home/robot_ws/install/assign3_650610841/lib/python3.10/site-packages/assign3_650610841-0.0.0-py3.10.egg-info' (and everything under it)\n"}
[2.970405] (assign3_650610841) StdoutLine: {'line': b'Copying ../../build/assign3_650610841/assign3_650610841.egg-info to /home/robot_ws/install/assign3_650610841/lib/python3.10/site-packages/assign3_650610841-0.0.0-py3.10.egg-info\n'}
[2.978334] (assign3_650610841) StdoutLine: {'line': b'running install_scripts\n'}
[3.004479] (assign3_650610841) StdoutLine: {'line': b"writing list of installed files to '/home/robot_ws/build/assign3_650610841/install.log'\n"}
[3.020245] (-) TimerEvent: {}
[3.048365] (assign3_650610841) CommandEnded: {'returncode': 0}
[3.073211] (assign4_650610841) StdoutLine: {'line': b'running egg_info\n'}
[3.079273] (assign4_650610841) StdoutLine: {'line': b'writing ../../build/assign4_650610841/assign4_650610841.egg-info/PKG-INFO\n'}
[3.084155] (assign4_650610841) StdoutLine: {'line': b'writing dependency_links to ../../build/assign4_650610841/assign4_650610841.egg-info/dependency_links.txt\n'}
[3.086359] (assign4_650610841) StdoutLine: {'line': b'writing entry points to ../../build/assign4_650610841/assign4_650610841.egg-info/entry_points.txt\n'}
[3.088670] (assign4_650610841) StdoutLine: {'line': b'writing requirements to ../../build/assign4_650610841/assign4_650610841.egg-info/requires.txt\n'}
[3.088830] (assign4_650610841) StdoutLine: {'line': b'writing top-level names to ../../build/assign4_650610841/assign4_650610841.egg-info/top_level.txt\n'}
[3.095073] (assign4_650610841) StdoutLine: {'line': b"reading manifest file '../../build/assign4_650610841/assign4_650610841.egg-info/SOURCES.txt'\n"}
[3.097515] (assign4_650610841) StdoutLine: {'line': b"adding license file 'LICENSE'\n"}
[3.101769] (assign4_650610841) StdoutLine: {'line': b"writing manifest file '../../build/assign4_650610841/assign4_650610841.egg-info/SOURCES.txt'\n"}
[3.104237] (assign4_650610841) StdoutLine: {'line': b'running build\n'}
[3.105295] (assign4_650610841) StdoutLine: {'line': b'running build_py\n'}
[3.105959] (assign3_650610841) JobEnded: {'identifier': 'assign3_650610841', 'rc': 0}
[3.108221] (assign4_650610841) StdoutLine: {'line': b'running install\n'}
[3.109979] (assign4_650610841) StdoutLine: {'line': b'running install_lib\n'}
[3.115306] (assign4_650610841) StdoutLine: {'line': b'running install_data\n'}
[3.115525] (assign4_650610841) StdoutLine: {'line': b'running install_egg_info\n'}
[3.120502] (-) TimerEvent: {}
[3.128278] (assign4_650610841) StdoutLine: {'line': b"removing '/home/robot_ws/install/assign4_650610841/lib/python3.10/site-packages/assign4_650610841-0.0.0-py3.10.egg-info' (and everything under it)\n"}
[3.128658] (assign4_650610841) StdoutLine: {'line': b'Copying ../../build/assign4_650610841/assign4_650610841.egg-info to /home/robot_ws/install/assign4_650610841/lib/python3.10/site-packages/assign4_650610841-0.0.0-py3.10.egg-info\n'}
[3.134859] (assign4_650610841) StdoutLine: {'line': b'running install_scripts\n'}
[3.149537] (assign2_650610841) Command: {'cmd': ['/usr/bin/python3', '-W', 'ignore:setup.py install is deprecated', '-W', 'ignore:easy_install command is deprecated', 'setup.py', 'egg_info', '--egg-base', '../../build/assign2_650610841', 'build', '--build-base', '/home/robot_ws/build/assign2_650610841/build', 'install', '--record', '/home/robot_ws/build/assign2_650610841/install.log', '--single-version-externally-managed', 'install_data'], 'cwd': '/home/robot_ws/src/assign2_650610841', 'env': {'HOSTNAME': 'entity014', 'SHLVL': '1', 'LD_LIBRARY_PATH': '/home/robot_ws/install/myword_650610841/lib:/usr/lib/x86_64-linux-gnu/gazebo-11/plugins:/opt/ros/humble/opt/rviz_ogre_vendor/lib:/opt/ros/humble/lib/x86_64-linux-gnu:/opt/ros/humble/lib:/usr/lib/x86_64-linux-gnu/gazebo-11/plugins:/usr/lib/x86_64-linux-gnu/gazebo-11/plugins:/usr/lib/x86_64-linux-gnu/gazebo-11/plugins', 'HOME': '/home', 'GAZEBO_MASTER_URI': 'http://localhost:11345', 'ROS_PYTHON_VERSION': '3', '_colcon_cd_root': '/opt/ros/humble/', 'COLCON_PREFIX_PATH': '/home/robot_ws/install', 'ROS_DISTRO': 'humble', '_': '/usr/bin/colcon', 'ROS_VERSION': '2', 'NVIDIA_DRIVER_CAPABILITIES': 'all', 'TERM': 'xterm', 'GAZEBO_MODEL_PATH': '/usr/share/gazebo-11/models:/usr/share/gazebo-11/models:', 'ROS_LOCALHOST_ONLY': '0', 'QT_X11_NO_MITSHM': '1', 'OGRE_RESOURCE_PATH': '/usr/lib/x86_64-linux-gnu/OGRE-1.9.0', 'PATH': '/opt/ros/humble/bin:/usr/local/sbin:/usr/local/bin:/usr/sbin:/usr/bin:/sbin:/bin', 'XDG_RUNTIME_DIR': '/tmp/runtime-root', 'DISPLAY': ':0', 'LANG': 'C.UTF-8', 'RMW_IMPLEMENTATION': 'rmw_cyclonedds_cpp', 'ROS_DOMAIN_ID': '15', 'AMENT_PREFIX_PATH': '/home/robot_ws/install/sllidar_ros2:/home/robot_ws/install/assign2_650610841:/home/robot_ws/install/myword_650610841:/home/robot_ws/install/assign4_650610841:/home/robot_ws/install/assign3_650610841:/home/robot_ws/install/assign1_650610841:/home/robot_ws/install/650610841_final:/opt/ros/humble', 'NO_AT_BRIDGE': '1', 'GAZEBO_RESOURCE_PATH': '/usr/share/gazebo-11:/usr/share/gazebo-11:', 'GAZEBO_MODEL_DATABASE_URI': 'http://models.gazebosim.org', 'PWD': '/home/robot_ws/build/assign2_650610841', 'LC_ALL': 'C.UTF-8', 'GAZEBO_PLUGIN_PATH': '/usr/lib/x86_64-linux-gnu/gazebo-11/plugins:/usr/lib/x86_64-linux-gnu/gazebo-11/plugins:', 'PYTHONPATH': '/home/robot_ws/build/assign2_650610841/prefix_override:/usr/lib/python3/dist-packages/colcon_core/task/python/colcon_distutils_commands:/home/robot_ws/install/assign2_650610841/lib/python3.10/site-packages:/home/robot_ws/install/assign2_650610841/lib/python3.10/site-packages:/home/robot_ws/install/myword_650610841/local/lib/python3.10/dist-packages:/home/robot_ws/install/assign4_650610841/lib/python3.10/site-packages:/home/robot_ws/install/assign3_650610841/lib/python3.10/site-packages:/home/robot_ws/install/assign1_650610841/lib/python3.10/site-packages:/home/robot_ws/install/650610841_final/lib/python3.10/site-packages:/opt/ros/humble/lib/python3.10/site-packages:/opt/ros/humble/local/lib/python3.10/dist-packages', 'COLCON': '1', 'CMAKE_PREFIX_PATH': '/home/robot_ws/install/myword_650610841:/home/robot_ws/install/sllidar_ros2'}, 'shell': False}
[3.179017] (assign4_650610841) StdoutLine: {'line': b'Installing lidar script to /home/robot_ws/install/assign4_650610841/lib/650610841_final\n'}
[3.179330] (assign4_650610841) StdoutLine: {'line': b"writing list of installed files to '/home/robot_ws/build/assign4_650610841/install.log'\n"}
[3.193032] (650610841_final) StdoutLine: {'line': b'running egg_info\n'}
[3.193717] (650610841_final) StdoutLine: {'line': b'writing ../../build/650610841_final/650610841_final.egg-info/PKG-INFO\n'}
[3.193979] (650610841_final) StdoutLine: {'line': b'writing dependency_links to ../../build/650610841_final/650610841_final.egg-info/dependency_links.txt\n'}
[3.194418] (650610841_final) StdoutLine: {'line': b'writing entry points to ../../build/650610841_final/650610841_final.egg-info/entry_points.txt\n'}
[3.196311] (650610841_final) StdoutLine: {'line': b'writing requirements to ../../build/650610841_final/650610841_final.egg-info/requires.txt\n'}
[3.198053] (650610841_final) StdoutLine: {'line': b'writing top-level names to ../../build/650610841_final/650610841_final.egg-info/top_level.txt\n'}
[3.207235] (650610841_final) StdoutLine: {'line': b"reading manifest file '../../build/650610841_final/650610841_final.egg-info/SOURCES.txt'\n"}
[3.207477] (650610841_final) StdoutLine: {'line': b"adding license file 'LICENSE'\n"}
[3.208152] (650610841_final) StdoutLine: {'line': b"writing manifest file '../../build/650610841_final/650610841_final.egg-info/SOURCES.txt'\n"}
[3.208294] (650610841_final) StdoutLine: {'line': b'running build\n'}
[3.208373] (650610841_final) StdoutLine: {'line': b'running build_py\n'}
[3.209660] (650610841_final) StdoutLine: {'line': b'copying 650610841_final/lidar_controller.py -> /home/robot_ws/build/650610841_final/build/lib/650610841_final\n'}
[3.212225] (650610841_final) StdoutLine: {'line': b'running install\n'}
[3.215583] (650610841_final) StdoutLine: {'line': b'running install_lib\n'}
[3.220679] (-) TimerEvent: {}
[3.221487] (650610841_final) StdoutLine: {'line': b'copying /home/robot_ws/build/650610841_final/build/lib/650610841_final/lidar_controller.py -> /home/robot_ws/install/650610841_final/lib/python3.10/site-packages/650610841_final\n'}
[3.221724] (assign1_650610841) StdoutLine: {'line': b'running egg_info\n'}
[3.223630] (650610841_final) StdoutLine: {'line': b'byte-compiling /home/robot_ws/install/650610841_final/lib/python3.10/site-packages/650610841_final/lidar_controller.py to lidar_controller.cpython-310.pyc\n'}
[3.225204] (assign1_650610841) StdoutLine: {'line': b'writing ../../build/assign1_650610841/assign1_650610841.egg-info/PKG-INFO\n'}
[3.226705] (assign1_650610841) StdoutLine: {'line': b'writing dependency_links to ../../build/assign1_650610841/assign1_650610841.egg-info/dependency_links.txt\n'}
[3.228188] (assign1_650610841) StdoutLine: {'line': b'writing entry points to ../../build/assign1_650610841/assign1_650610841.egg-info/entry_points.txt\n'}
[3.229949] (assign1_650610841) StdoutLine: {'line': b'writing requirements to ../../build/assign1_650610841/assign1_650610841.egg-info/requires.txt\n'}
[3.231903] (assign1_650610841) StdoutLine: {'line': b'writing top-level names to ../../build/assign1_650610841/assign1_650610841.egg-info/top_level.txt\n'}
[3.232680] (650610841_final) StdoutLine: {'line': b'running install_data\n'}
[3.233096] (650610841_final) StdoutLine: {'line': b'running install_egg_info\n'}
[3.237647] (assign1_650610841) StdoutLine: {'line': b"reading manifest file '../../build/assign1_650610841/assign1_650610841.egg-info/SOURCES.txt'\n"}
[3.239271] (assign1_650610841) StdoutLine: {'line': b"adding license file 'LICENSE'\n"}
[3.242925] (650610841_final) StdoutLine: {'line': b"removing '/home/robot_ws/install/650610841_final/lib/python3.10/site-packages/650610841_final-0.0.0-py3.10.egg-info' (and everything under it)\n"}
[3.244120] (assign1_650610841) StdoutLine: {'line': b"writing manifest file '../../build/assign1_650610841/assign1_650610841.egg-info/SOURCES.txt'\n"}
[3.245614] (assign1_650610841) StdoutLine: {'line': b'running build\n'}
[3.247126] (assign1_650610841) StdoutLine: {'line': b'running build_py\n'}
[3.247650] (650610841_final) StdoutLine: {'line': b'Copying ../../build/650610841_final/650610841_final.egg-info to /home/robot_ws/install/650610841_final/lib/python3.10/site-packages/650610841_final-0.0.0-py3.10.egg-info\n'}
[3.247716] (assign1_650610841) StdoutLine: {'line': b'running install\n'}
[3.247791] (assign1_650610841) StdoutLine: {'line': b'running install_lib\n'}
[3.248296] (650610841_final) StdoutLine: {'line': b'running install_scripts\n'}
[3.248929] (assign1_650610841) StdoutLine: {'line': b'running install_data\n'}
[3.249046] (assign1_650610841) StdoutLine: {'line': b'running install_egg_info\n'}
[3.261888] (assign1_650610841) StdoutLine: {'line': b"removing '/home/robot_ws/install/assign1_650610841/lib/python3.10/site-packages/assign1_650610841-0.0.0-py3.10.egg-info' (and everything under it)\n"}
[3.262508] (assign1_650610841) StdoutLine: {'line': b'Copying ../../build/assign1_650610841/assign1_650610841.egg-info to /home/robot_ws/install/assign1_650610841/lib/python3.10/site-packages/assign1_650610841-0.0.0-py3.10.egg-info\n'}
[3.263051] (assign1_650610841) StdoutLine: {'line': b'running install_scripts\n'}
[3.271051] (assign4_650610841) CommandEnded: {'returncode': 0}
[3.286317] (assign4_650610841) JobEnded: {'identifier': 'assign4_650610841', 'rc': 0}
[3.288759] (assign1_650610841) StdoutLine: {'line': b'Installing hearer1 script to /home/robot_ws/install/assign1_650610841/lib/assign1_650610841\n'}
[3.288906] (assign1_650610841) StdoutLine: {'line': b'Installing hearer2 script to /home/robot_ws/install/assign1_650610841/lib/assign1_650610841\n'}
[3.288997] (assign1_650610841) StdoutLine: {'line': b'Installing whisper script to /home/robot_ws/install/assign1_650610841/lib/assign1_650610841\n'}
[3.289134] (assign1_650610841) StdoutLine: {'line': b"writing list of installed files to '/home/robot_ws/build/assign1_650610841/install.log'\n"}
[3.291375] (650610841_final) StdoutLine: {'line': b'Installing lidar_controller script to /home/robot_ws/install/650610841_final/lib/650610841_final\n'}
[3.291621] (650610841_final) StdoutLine: {'line': b"writing list of installed files to '/home/robot_ws/build/650610841_final/install.log'\n"}
[3.311077] (assign1_650610841) CommandEnded: {'returncode': 0}
[3.316004] (assign1_650610841) JobEnded: {'identifier': 'assign1_650610841', 'rc': 0}
[3.316759] (650610841_final) CommandEnded: {'returncode': 0}
[3.320745] (-) TimerEvent: {}
[3.322080] (650610841_final) JobEnded: {'identifier': '650610841_final', 'rc': 0}
[3.388686] (assign2_650610841) StdoutLine: {'line': b'running egg_info\n'}
[3.389054] (assign2_650610841) StdoutLine: {'line': b'writing ../../build/assign2_650610841/assign2_650610841.egg-info/PKG-INFO\n'}
[3.389200] (assign2_650610841) StdoutLine: {'line': b'writing dependency_links to ../../build/assign2_650610841/assign2_650610841.egg-info/dependency_links.txt\n'}
[3.389451] (assign2_650610841) StdoutLine: {'line': b'writing entry points to ../../build/assign2_650610841/assign2_650610841.egg-info/entry_points.txt\n'}
[3.389538] (assign2_650610841) StdoutLine: {'line': b'writing requirements to ../../build/assign2_650610841/assign2_650610841.egg-info/requires.txt\n'}
[3.389584] (assign2_650610841) StdoutLine: {'line': b'writing top-level names to ../../build/assign2_650610841/assign2_650610841.egg-info/top_level.txt\n'}
[3.390542] (assign2_650610841) StdoutLine: {'line': b"reading manifest file '../../build/assign2_650610841/assign2_650610841.egg-info/SOURCES.txt'\n"}
[3.390589] (assign2_650610841) StdoutLine: {'line': b"adding license file 'LICENSE'\n"}
[3.390922] (assign2_650610841) StdoutLine: {'line': b"writing manifest file '../../build/assign2_650610841/assign2_650610841.egg-info/SOURCES.txt'\n"}
[3.390991] (assign2_650610841) StdoutLine: {'line': b'running build\n'}
[3.391053] (assign2_650610841) StdoutLine: {'line': b'running build_py\n'}
[3.391179] (assign2_650610841) StdoutLine: {'line': b'running install\n'}
[3.391368] (assign2_650610841) StdoutLine: {'line': b'running install_lib\n'}
[3.392065] (assign2_650610841) StdoutLine: {'line': b'running install_data\n'}
[3.392126] (assign2_650610841) StdoutLine: {'line': b'running install_egg_info\n'}
[3.393284] (assign2_650610841) StdoutLine: {'line': b"removing '/home/robot_ws/install/assign2_650610841/lib/python3.10/site-packages/assign2_650610841-0.0.0-py3.10.egg-info' (and everything under it)\n"}
[3.393411] (assign2_650610841) StdoutLine: {'line': b'Copying ../../build/assign2_650610841/assign2_650610841.egg-info to /home/robot_ws/install/assign2_650610841/lib/python3.10/site-packages/assign2_650610841-0.0.0-py3.10.egg-info\n'}
[3.393781] (assign2_650610841) StdoutLine: {'line': b'running install_scripts\n'}
[3.407155] (assign2_650610841) StdoutLine: {'line': b'Installing client script to /home/robot_ws/install/assign2_650610841/lib/assign2_650610841\n'}
[3.407311] (assign2_650610841) StdoutLine: {'line': b'Installing server script to /home/robot_ws/install/assign2_650610841/lib/assign2_650610841\n'}
[3.407352] (assign2_650610841) StdoutLine: {'line': b'Installing subscriber script to /home/robot_ws/install/assign2_650610841/lib/assign2_650610841\n'}
[3.407447] (assign2_650610841) StdoutLine: {'line': b"writing list of installed files to '/home/robot_ws/build/assign2_650610841/install.log'\n"}
[3.420820] (-) TimerEvent: {}
[3.421503] (assign2_650610841) CommandEnded: {'returncode': 0}
[3.425320] (assign2_650610841) JobEnded: {'identifier': 'assign2_650610841', 'rc': 0}
[3.425900] (-) EventReactorShutdown: {}
