[0.000000] (-) TimerEvent: {}
[0.000990] (650610841_final) JobQueued: {'identifier': '650610841_final', 'dependencies': OrderedDict()}
[0.001349] (assign1_650610841) JobQueued: {'identifier': 'assign1_650610841', 'dependencies': OrderedDict()}
[0.001384] (assign3_650610841) JobQueued: {'identifier': 'assign3_650610841', 'dependencies': OrderedDict()}
[0.001407] (assign4_650610841) JobQueued: {'identifier': 'assign4_650610841', 'dependencies': OrderedDict()}
[0.001432] (myword_650610841) JobQueued: {'identifier': 'myword_650610841', 'dependencies': OrderedDict()}
[0.001455] (sllidar_ros2) JobQueued: {'identifier': 'sllidar_ros2', 'dependencies': OrderedDict()}
[0.001477] (assign2_650610841) JobQueued: {'identifier': 'assign2_650610841', 'dependencies': OrderedDict([('myword_650610841', '/home/robot_ws/install/myword_650610841')])}
[0.001504] (myword_650610841) JobStarted: {'identifier': 'myword_650610841'}
[0.037378] (650610841_final) JobStarted: {'identifier': '650610841_final'}
[0.050788] (assign1_650610841) JobStarted: {'identifier': 'assign1_650610841'}
[0.062679] (assign3_650610841) JobStarted: {'identifier': 'assign3_650610841'}
[0.073550] (assign4_650610841) JobStarted: {'identifier': 'assign4_650610841'}
[0.088910] (sllidar_ros2) JobStarted: {'identifier': 'sllidar_ros2'}
[0.100150] (-) TimerEvent: {}
[0.101075] (myword_650610841) JobProgress: {'identifier': 'myword_650610841', 'progress': 'cmake'}
[0.101953] (myword_650610841) JobProgress: {'identifier': 'myword_650610841', 'progress': 'build'}
[0.103257] (myword_650610841) Command: {'cmd': ['/usr/bin/cmake', '--build', '/home/robot_ws/build/myword_650610841', '--', '-j16', '-l16'], 'cwd': '/home/robot_ws/build/myword_650610841', 'env': OrderedDict([('HOSTNAME', 'entity014'), ('SHLVL', '1'), ('LD_LIBRARY_PATH', '/home/robot_ws/install/myword_650610841/lib:/usr/lib/x86_64-linux-gnu/gazebo-11/plugins:/opt/ros/humble/opt/rviz_ogre_vendor/lib:/opt/ros/humble/lib/x86_64-linux-gnu:/opt/ros/humble/lib:/usr/lib/x86_64-linux-gnu/gazebo-11/plugins:'), ('HOME', '/home'), ('GAZEBO_MASTER_URI', 'http://localhost:11345'), ('ROS_PYTHON_VERSION', '3'), ('_colcon_cd_root', '/opt/ros/humble/'), ('COLCON_PREFIX_PATH', '/home/robot_ws/install'), ('ROS_DISTRO', 'humble'), ('_', '/usr/bin/colcon'), ('ROS_VERSION', '2'), ('NVIDIA_DRIVER_CAPABILITIES', 'all'), ('TERM', 'xterm'), ('GAZEBO_MODEL_PATH', '/usr/share/gazebo-11/models:'), ('ROS_LOCALHOST_ONLY', '0'), ('QT_X11_NO_MITSHM', '1'), ('OGRE_RESOURCE_PATH', '/usr/lib/x86_64-linux-gnu/OGRE-1.9.0'), ('PATH', '/opt/ros/humble/bin:/usr/local/sbin:/usr/local/bin:/usr/sbin:/usr/bin:/sbin:/bin'), ('XDG_RUNTIME_DIR', '/tmp/runtime-root'), ('DISPLAY', ':0'), ('LANG', 'C.UTF-8'), ('RMW_IMPLEMENTATION', 'rmw_cyclonedds_cpp'), ('ROS_DOMAIN_ID', '15'), ('AMENT_PREFIX_PATH', '/home/robot_ws/install/sllidar_ros2:/home/robot_ws/install/assign2_650610841:/home/robot_ws/install/myword_650610841:/home/robot_ws/install/assign4_650610841:/home/robot_ws/install/assign3_650610841:/home/robot_ws/install/assign1_650610841:/home/robot_ws/install/650610841_final:/opt/ros/humble'), ('NO_AT_BRIDGE', '1'), ('GAZEBO_RESOURCE_PATH', '/usr/share/gazebo-11:'), ('GAZEBO_MODEL_DATABASE_URI', 'http://models.gazebosim.org'), ('PWD', '/home/robot_ws/build/myword_650610841'), ('LC_ALL', 'C.UTF-8'), ('GAZEBO_PLUGIN_PATH', '/usr/lib/x86_64-linux-gnu/gazebo-11/plugins:'), ('PYTHONPATH', '/home/robot_ws/install/assign2_650610841/lib/python3.10/site-packages:/home/robot_ws/install/myword_650610841/local/lib/python3.10/dist-packages:/home/robot_ws/install/assign4_650610841/lib/python3.10/site-packages:/home/robot_ws/install/assign3_650610841/lib/python3.10/site-packages:/home/robot_ws/install/assign1_650610841/lib/python3.10/site-packages:/home/robot_ws/install/650610841_final/lib/python3.10/site-packages:/opt/ros/humble/lib/python3.10/site-packages:/opt/ros/humble/local/lib/python3.10/dist-packages'), ('COLCON', '1'), ('CMAKE_PREFIX_PATH', '/home/robot_ws/install/sllidar_ros2:/home/robot_ws/install/myword_650610841:/home/robot_ws/install/assign2_650610841:/home/robot_ws/install/assign4_650610841:/home/robot_ws/install/assign3_650610841:/home/robot_ws/install/assign1_650610841:/home/robot_ws/install/650610841_final:/opt/ros/humble')]), 'shell': False}
[0.200433] (-) TimerEvent: {}
[0.301154] (-) TimerEvent: {}
[0.402060] (-) TimerEvent: {}
[0.502749] (-) TimerEvent: {}
[0.603482] (-) TimerEvent: {}
[0.704368] (-) TimerEvent: {}
[0.805347] (-) TimerEvent: {}
[0.905900] (-) TimerEvent: {}
[1.006487] (-) TimerEvent: {}
[1.107133] (-) TimerEvent: {}
[1.207763] (-) TimerEvent: {}
[1.308395] (-) TimerEvent: {}
[1.409012] (-) TimerEvent: {}
[1.509507] (-) TimerEvent: {}
[1.610114] (-) TimerEvent: {}
[1.710697] (-) TimerEvent: {}
[1.772228] (myword_650610841) StdoutLine: {'line': b'[  2%] Built target myword_650610841__cpp\n'}
[1.772824] (myword_650610841) StdoutLine: {'line': b'[ 12%] Built target myword_650610841__rosidl_generator_c\n'}
[1.773798] (myword_650610841) StdoutLine: {'line': b'[ 12%] Built target ament_cmake_python_copy_myword_650610841\n'}
[1.774364] (myword_650610841) StdoutLine: {'line': b'[ 33%] Built target myword_650610841__rosidl_typesupport_introspection_cpp\n'}
[1.775010] (myword_650610841) StdoutLine: {'line': b'[ 33%] Built target myword_650610841__rosidl_typesupport_c\n'}
[1.775267] (myword_650610841) StdoutLine: {'line': b'[ 43%] Built target myword_650610841__rosidl_typesupport_fastrtps_c\n'}
[1.775365] (myword_650610841) StdoutLine: {'line': b'[ 53%] Built target myword_650610841__rosidl_typesupport_introspection_c\n'}
[1.775451] (myword_650610841) StdoutLine: {'line': b'[ 64%] Built target myword_650610841__rosidl_typesupport_fastrtps_cpp\n'}
[1.775537] (myword_650610841) StdoutLine: {'line': b'[ 74%] Built target myword_650610841__rosidl_typesupport_cpp\n'}
[1.775627] (myword_650610841) StdoutLine: {'line': b'[ 74%] Built target myword_650610841\n'}
[1.775712] (myword_650610841) StdoutLine: {'line': b'[ 76%] Built target myword_650610841__py\n'}
[1.775795] (myword_650610841) StdoutLine: {'line': b'[ 84%] Built target myword_650610841__rosidl_generator_py\n'}
[1.775877] (myword_650610841) StdoutLine: {'line': b'[ 89%] Built target myword_650610841__rosidl_typesupport_introspection_c__pyext\n'}
[1.775969] (myword_650610841) StdoutLine: {'line': b'[ 94%] Built target myword_650610841__rosidl_typesupport_c__pyext\n'}
[1.776068] (myword_650610841) StdoutLine: {'line': b'[100%] Built target myword_650610841__rosidl_typesupport_fastrtps_c__pyext\n'}
[1.776159] (myword_650610841) StdoutLine: {'line': b'running egg_info\n'}
[1.776244] (myword_650610841) StdoutLine: {'line': b'writing myword_650610841.egg-info/PKG-INFO\n'}
[1.776333] (myword_650610841) StdoutLine: {'line': b'writing dependency_links to myword_650610841.egg-info/dependency_links.txt\n'}
[1.776418] (myword_650610841) StdoutLine: {'line': b'writing top-level names to myword_650610841.egg-info/top_level.txt\n'}
[1.776500] (myword_650610841) StdoutLine: {'line': b"reading manifest file 'myword_650610841.egg-info/SOURCES.txt'\n"}
[1.776582] (myword_650610841) StdoutLine: {'line': b"writing manifest file 'myword_650610841.egg-info/SOURCES.txt'\n"}
[1.776663] (myword_650610841) StdoutLine: {'line': b'[100%] Built target ament_cmake_python_build_myword_650610841_egg\n'}
[1.777132] (sllidar_ros2) JobProgress: {'identifier': 'sllidar_ros2', 'progress': 'cmake'}
[1.778239] (sllidar_ros2) JobProgress: {'identifier': 'sllidar_ros2', 'progress': 'build'}
[1.778948] (sllidar_ros2) Command: {'cmd': ['/usr/bin/cmake', '--build', '/home/robot_ws/build/sllidar_ros2', '--', '-j16', '-l16'], 'cwd': '/home/robot_ws/build/sllidar_ros2', 'env': OrderedDict([('HOSTNAME', 'entity014'), ('SHLVL', '1'), ('LD_LIBRARY_PATH', '/home/robot_ws/install/myword_650610841/lib:/usr/lib/x86_64-linux-gnu/gazebo-11/plugins:/opt/ros/humble/opt/rviz_ogre_vendor/lib:/opt/ros/humble/lib/x86_64-linux-gnu:/opt/ros/humble/lib:/usr/lib/x86_64-linux-gnu/gazebo-11/plugins:'), ('HOME', '/home'), ('GAZEBO_MASTER_URI', 'http://localhost:11345'), ('ROS_PYTHON_VERSION', '3'), ('_colcon_cd_root', '/opt/ros/humble/'), ('COLCON_PREFIX_PATH', '/home/robot_ws/install'), ('ROS_DISTRO', 'humble'), ('_', '/usr/bin/colcon'), ('ROS_VERSION', '2'), ('NVIDIA_DRIVER_CAPABILITIES', 'all'), ('TERM', 'xterm'), ('GAZEBO_MODEL_PATH', '/usr/share/gazebo-11/models:'), ('ROS_LOCALHOST_ONLY', '0'), ('QT_X11_NO_MITSHM', '1'), ('OGRE_RESOURCE_PATH', '/usr/lib/x86_64-linux-gnu/OGRE-1.9.0'), ('PATH', '/opt/ros/humble/bin:/usr/local/sbin:/usr/local/bin:/usr/sbin:/usr/bin:/sbin:/bin'), ('XDG_RUNTIME_DIR', '/tmp/runtime-root'), ('DISPLAY', ':0'), ('LANG', 'C.UTF-8'), ('RMW_IMPLEMENTATION', 'rmw_cyclonedds_cpp'), ('ROS_DOMAIN_ID', '15'), ('AMENT_PREFIX_PATH', '/home/robot_ws/install/sllidar_ros2:/home/robot_ws/install/assign2_650610841:/home/robot_ws/install/myword_650610841:/home/robot_ws/install/assign4_650610841:/home/robot_ws/install/assign3_650610841:/home/robot_ws/install/assign1_650610841:/home/robot_ws/install/650610841_final:/opt/ros/humble'), ('NO_AT_BRIDGE', '1'), ('GAZEBO_RESOURCE_PATH', '/usr/share/gazebo-11:'), ('GAZEBO_MODEL_DATABASE_URI', 'http://models.gazebosim.org'), ('PWD', '/home/robot_ws/build/sllidar_ros2'), ('LC_ALL', 'C.UTF-8'), ('GAZEBO_PLUGIN_PATH', '/usr/lib/x86_64-linux-gnu/gazebo-11/plugins:'), ('PYTHONPATH', '/home/robot_ws/install/assign2_650610841/lib/python3.10/site-packages:/home/robot_ws/install/myword_650610841/local/lib/python3.10/dist-packages:/home/robot_ws/install/assign4_650610841/lib/python3.10/site-packages:/home/robot_ws/install/assign3_650610841/lib/python3.10/site-packages:/home/robot_ws/install/assign1_650610841/lib/python3.10/site-packages:/home/robot_ws/install/650610841_final/lib/python3.10/site-packages:/opt/ros/humble/lib/python3.10/site-packages:/opt/ros/humble/local/lib/python3.10/dist-packages'), ('COLCON', '1'), ('CMAKE_PREFIX_PATH', '/home/robot_ws/install/sllidar_ros2:/home/robot_ws/install/myword_650610841:/home/robot_ws/install/assign2_650610841:/home/robot_ws/install/assign4_650610841:/home/robot_ws/install/assign3_650610841:/home/robot_ws/install/assign1_650610841:/home/robot_ws/install/650610841_final:/opt/ros/humble')]), 'shell': False}
[1.782404] (myword_650610841) CommandEnded: {'returncode': 0}
[1.783509] (myword_650610841) JobProgress: {'identifier': 'myword_650610841', 'progress': 'install'}
[1.801491] (myword_650610841) Command: {'cmd': ['/usr/bin/cmake', '--install', '/home/robot_ws/build/myword_650610841'], 'cwd': '/home/robot_ws/build/myword_650610841', 'env': OrderedDict([('HOSTNAME', 'entity014'), ('SHLVL', '1'), ('LD_LIBRARY_PATH', '/home/robot_ws/install/myword_650610841/lib:/usr/lib/x86_64-linux-gnu/gazebo-11/plugins:/opt/ros/humble/opt/rviz_ogre_vendor/lib:/opt/ros/humble/lib/x86_64-linux-gnu:/opt/ros/humble/lib:/usr/lib/x86_64-linux-gnu/gazebo-11/plugins:'), ('HOME', '/home'), ('GAZEBO_MASTER_URI', 'http://localhost:11345'), ('ROS_PYTHON_VERSION', '3'), ('_colcon_cd_root', '/opt/ros/humble/'), ('COLCON_PREFIX_PATH', '/home/robot_ws/install'), ('ROS_DISTRO', 'humble'), ('_', '/usr/bin/colcon'), ('ROS_VERSION', '2'), ('NVIDIA_DRIVER_CAPABILITIES', 'all'), ('TERM', 'xterm'), ('GAZEBO_MODEL_PATH', '/usr/share/gazebo-11/models:'), ('ROS_LOCALHOST_ONLY', '0'), ('QT_X11_NO_MITSHM', '1'), ('OGRE_RESOURCE_PATH', '/usr/lib/x86_64-linux-gnu/OGRE-1.9.0'), ('PATH', '/opt/ros/humble/bin:/usr/local/sbin:/usr/local/bin:/usr/sbin:/usr/bin:/sbin:/bin'), ('XDG_RUNTIME_DIR', '/tmp/runtime-root'), ('DISPLAY', ':0'), ('LANG', 'C.UTF-8'), ('RMW_IMPLEMENTATION', 'rmw_cyclonedds_cpp'), ('ROS_DOMAIN_ID', '15'), ('AMENT_PREFIX_PATH', '/home/robot_ws/install/sllidar_ros2:/home/robot_ws/install/assign2_650610841:/home/robot_ws/install/myword_650610841:/home/robot_ws/install/assign4_650610841:/home/robot_ws/install/assign3_650610841:/home/robot_ws/install/assign1_650610841:/home/robot_ws/install/650610841_final:/opt/ros/humble'), ('NO_AT_BRIDGE', '1'), ('GAZEBO_RESOURCE_PATH', '/usr/share/gazebo-11:'), ('GAZEBO_MODEL_DATABASE_URI', 'http://models.gazebosim.org'), ('PWD', '/home/robot_ws/build/myword_650610841'), ('LC_ALL', 'C.UTF-8'), ('GAZEBO_PLUGIN_PATH', '/usr/lib/x86_64-linux-gnu/gazebo-11/plugins:'), ('PYTHONPATH', '/home/robot_ws/install/assign2_650610841/lib/python3.10/site-packages:/home/robot_ws/install/myword_650610841/local/lib/python3.10/dist-packages:/home/robot_ws/install/assign4_650610841/lib/python3.10/site-packages:/home/robot_ws/install/assign3_650610841/lib/python3.10/site-packages:/home/robot_ws/install/assign1_650610841/lib/python3.10/site-packages:/home/robot_ws/install/650610841_final/lib/python3.10/site-packages:/opt/ros/humble/lib/python3.10/site-packages:/opt/ros/humble/local/lib/python3.10/dist-packages'), ('COLCON', '1'), ('CMAKE_PREFIX_PATH', '/home/robot_ws/install/sllidar_ros2:/home/robot_ws/install/myword_650610841:/home/robot_ws/install/assign2_650610841:/home/robot_ws/install/assign4_650610841:/home/robot_ws/install/assign3_650610841:/home/robot_ws/install/assign1_650610841:/home/robot_ws/install/650610841_final:/opt/ros/humble')]), 'shell': False}
[1.810900] (-) TimerEvent: {}
[1.824466] (myword_650610841) StdoutLine: {'line': b'-- Install configuration: ""\n'}
[1.825710] (myword_650610841) StdoutLine: {'line': b'-- Up-to-date: /home/robot_ws/install/myword_650610841/share/ament_index/resource_index/rosidl_interfaces/myword_650610841\n'}
[1.826357] (myword_650610841) StdoutLine: {'line': b'-- Up-to-date: /home/robot_ws/install/myword_650610841/include/myword_650610841/myword_650610841\n'}
[1.827246] (myword_650610841) StdoutLine: {'line': b'-- Up-to-date: /home/robot_ws/install/myword_650610841/include/myword_650610841/myword_650610841/msg\n'}
[1.827580] (myword_650610841) StdoutLine: {'line': b'-- Up-to-date: /home/robot_ws/install/myword_650610841/include/myword_650610841/myword_650610841/msg/rosidl_generator_c__visibility_control.h\n'}
[1.828915] (myword_650610841) StdoutLine: {'line': b'-- Up-to-date: /home/robot_ws/install/myword_650610841/include/myword_650610841/myword_650610841/msg/detail\n'}
[1.830740] (myword_650610841) StdoutLine: {'line': b'-- Up-to-date: /home/robot_ws/install/myword_650610841/include/myword_650610841/myword_650610841/msg/detail/num__type_support.h\n'}
[1.832698] (myword_650610841) StdoutLine: {'line': b'-- Up-to-date: /home/robot_ws/install/myword_650610841/include/myword_650610841/myword_650610841/msg/detail/num__functions.h\n'}
[1.835680] (myword_650610841) StdoutLine: {'line': b'-- Up-to-date: /home/robot_ws/install/myword_650610841/include/myword_650610841/myword_650610841/msg/detail/num__functions.c\n'}
[1.835900] (myword_650610841) StdoutLine: {'line': b'-- Up-to-date: /home/robot_ws/install/myword_650610841/include/myword_650610841/myword_650610841/msg/detail/num__struct.h\n'}
[1.836041] (myword_650610841) StdoutLine: {'line': b'-- Up-to-date: /home/robot_ws/install/myword_650610841/include/myword_650610841/myword_650610841/msg/num.h\n'}
[1.836178] (myword_650610841) StdoutLine: {'line': b'-- Up-to-date: /home/robot_ws/install/myword_650610841/include/myword_650610841/myword_650610841/srv\n'}
[1.836337] (myword_650610841) StdoutLine: {'line': b'-- Up-to-date: /home/robot_ws/install/myword_650610841/include/myword_650610841/myword_650610841/srv/sum_four_int.h\n'}
[1.836472] (myword_650610841) StdoutLine: {'line': b'-- Up-to-date: /home/robot_ws/install/myword_650610841/include/myword_650610841/myword_650610841/srv/detail\n'}
[1.836611] (myword_650610841) StdoutLine: {'line': b'-- Up-to-date: /home/robot_ws/install/myword_650610841/include/myword_650610841/myword_650610841/srv/detail/sum_four_int__functions.c\n'}
[1.836874] (myword_650610841) StdoutLine: {'line': b'-- Up-to-date: /home/robot_ws/install/myword_650610841/include/myword_650610841/myword_650610841/srv/detail/sum_four_int__struct.h\n'}
[1.837268] (myword_650610841) StdoutLine: {'line': b'-- Up-to-date: /home/robot_ws/install/myword_650610841/include/myword_650610841/myword_650610841/srv/detail/sum_four_int__functions.h\n'}
[1.837510] (myword_650610841) StdoutLine: {'line': b'-- Up-to-date: /home/robot_ws/install/myword_650610841/include/myword_650610841/myword_650610841/srv/detail/sum_four_int__type_support.h\n'}
[1.837725] (myword_650610841) StdoutLine: {'line': b'-- Up-to-date: /home/robot_ws/install/myword_650610841/share/myword_650610841/environment/library_path.sh\n'}
[1.837960] (myword_650610841) StdoutLine: {'line': b'-- Up-to-date: /home/robot_ws/install/myword_650610841/share/myword_650610841/environment/library_path.dsv\n'}
[1.838189] (myword_650610841) StdoutLine: {'line': b'-- Up-to-date: /home/robot_ws/install/myword_650610841/lib/libmyword_650610841__rosidl_generator_c.so\n'}
[1.838591] (myword_650610841) StdoutLine: {'line': b'-- Up-to-date: /home/robot_ws/install/myword_650610841/include/myword_650610841/myword_650610841\n'}
[1.838794] (myword_650610841) StdoutLine: {'line': b'-- Up-to-date: /home/robot_ws/install/myword_650610841/include/myword_650610841/myword_650610841/msg\n'}
[1.838978] (myword_650610841) StdoutLine: {'line': b'-- Up-to-date: /home/robot_ws/install/myword_650610841/include/myword_650610841/myword_650610841/msg/rosidl_typesupport_fastrtps_c__visibility_control.h\n'}
[1.839215] (myword_650610841) StdoutLine: {'line': b'-- Up-to-date: /home/robot_ws/install/myword_650610841/include/myword_650610841/myword_650610841/msg/detail\n'}
[1.839468] (myword_650610841) StdoutLine: {'line': b'-- Up-to-date: /home/robot_ws/install/myword_650610841/include/myword_650610841/myword_650610841/msg/detail/num__rosidl_typesupport_fastrtps_c.h\n'}
[1.839671] (myword_650610841) StdoutLine: {'line': b'-- Up-to-date: /home/robot_ws/install/myword_650610841/include/myword_650610841/myword_650610841/srv\n'}
[1.839857] (myword_650610841) StdoutLine: {'line': b'-- Up-to-date: /home/robot_ws/install/myword_650610841/include/myword_650610841/myword_650610841/srv/detail\n'}
[1.840066] (myword_650610841) StdoutLine: {'line': b'-- Up-to-date: /home/robot_ws/install/myword_650610841/include/myword_650610841/myword_650610841/srv/detail/sum_four_int__rosidl_typesupport_fastrtps_c.h\n'}
[1.840281] (myword_650610841) StdoutLine: {'line': b'-- Up-to-date: /home/robot_ws/install/myword_650610841/lib/libmyword_650610841__rosidl_typesupport_fastrtps_c.so\n'}
[1.840461] (myword_650610841) StdoutLine: {'line': b'-- Up-to-date: /home/robot_ws/install/myword_650610841/include/myword_650610841/myword_650610841\n'}
[1.840642] (myword_650610841) StdoutLine: {'line': b'-- Up-to-date: /home/robot_ws/install/myword_650610841/include/myword_650610841/myword_650610841/msg\n'}
[1.840824] (myword_650610841) StdoutLine: {'line': b'-- Up-to-date: /home/robot_ws/install/myword_650610841/include/myword_650610841/myword_650610841/msg/detail\n'}
[1.841003] (myword_650610841) StdoutLine: {'line': b'-- Up-to-date: /home/robot_ws/install/myword_650610841/include/myword_650610841/myword_650610841/msg/detail/num__type_support.c\n'}
[1.841212] (myword_650610841) StdoutLine: {'line': b'-- Up-to-date: /home/robot_ws/install/myword_650610841/include/myword_650610841/myword_650610841/msg/detail/num__rosidl_typesupport_introspection_c.h\n'}
[1.841399] (myword_650610841) StdoutLine: {'line': b'-- Up-to-date: /home/robot_ws/install/myword_650610841/include/myword_650610841/myword_650610841/msg/rosidl_typesupport_introspection_c__visibility_control.h\n'}
[1.841581] (myword_650610841) StdoutLine: {'line': b'-- Up-to-date: /home/robot_ws/install/myword_650610841/include/myword_650610841/myword_650610841/srv\n'}
[1.841754] (myword_650610841) StdoutLine: {'line': b'-- Up-to-date: /home/robot_ws/install/myword_650610841/include/myword_650610841/myword_650610841/srv/detail\n'}
[1.841936] (myword_650610841) StdoutLine: {'line': b'-- Up-to-date: /home/robot_ws/install/myword_650610841/include/myword_650610841/myword_650610841/srv/detail/sum_four_int__rosidl_typesupport_introspection_c.h\n'}
[1.842146] (myword_650610841) StdoutLine: {'line': b'-- Up-to-date: /home/robot_ws/install/myword_650610841/include/myword_650610841/myword_650610841/srv/detail/sum_four_int__type_support.c\n'}
[1.842336] (myword_650610841) StdoutLine: {'line': b'-- Up-to-date: /home/robot_ws/install/myword_650610841/lib/libmyword_650610841__rosidl_typesupport_introspection_c.so\n'}
[1.842511] (myword_650610841) StdoutLine: {'line': b'-- Up-to-date: /home/robot_ws/install/myword_650610841/lib/libmyword_650610841__rosidl_typesupport_c.so\n'}
[1.842729] (myword_650610841) StdoutLine: {'line': b'-- Up-to-date: /home/robot_ws/install/myword_650610841/include/myword_650610841/myword_650610841\n'}
[1.842949] (myword_650610841) StdoutLine: {'line': b'-- Up-to-date: /home/robot_ws/install/myword_650610841/include/myword_650610841/myword_650610841/msg\n'}
[1.843181] (myword_650610841) StdoutLine: {'line': b'-- Up-to-date: /home/robot_ws/install/myword_650610841/include/myword_650610841/myword_650610841/msg/num.hpp\n'}
[1.843367] (myword_650610841) StdoutLine: {'line': b'-- Up-to-date: /home/robot_ws/install/myword_650610841/include/myword_650610841/myword_650610841/msg/rosidl_generator_cpp__visibility_control.hpp\n'}
[1.843548] (myword_650610841) StdoutLine: {'line': b'-- Up-to-date: /home/robot_ws/install/myword_650610841/include/myword_650610841/myword_650610841/msg/detail\n'}
[1.843761] (myword_650610841) StdoutLine: {'line': b'-- Up-to-date: /home/robot_ws/install/myword_650610841/include/myword_650610841/myword_650610841/msg/detail/num__traits.hpp\n'}
[1.843941] (myword_650610841) StdoutLine: {'line': b'-- Up-to-date: /home/robot_ws/install/myword_650610841/include/myword_650610841/myword_650610841/msg/detail/num__struct.hpp\n'}
[1.844142] (myword_650610841) StdoutLine: {'line': b'-- Up-to-date: /home/robot_ws/install/myword_650610841/include/myword_650610841/myword_650610841/msg/detail/num__builder.hpp\n'}
[1.844335] (myword_650610841) StdoutLine: {'line': b'-- Up-to-date: /home/robot_ws/install/myword_650610841/include/myword_650610841/myword_650610841/msg/detail/num__type_support.hpp\n'}
[1.844514] (myword_650610841) StdoutLine: {'line': b'-- Up-to-date: /home/robot_ws/install/myword_650610841/include/myword_650610841/myword_650610841/srv\n'}
[1.844690] (myword_650610841) StdoutLine: {'line': b'-- Up-to-date: /home/robot_ws/install/myword_650610841/include/myword_650610841/myword_650610841/srv/detail\n'}
[1.844869] (myword_650610841) StdoutLine: {'line': b'-- Up-to-date: /home/robot_ws/install/myword_650610841/include/myword_650610841/myword_650610841/srv/detail/sum_four_int__type_support.hpp\n'}
[1.845100] (myword_650610841) StdoutLine: {'line': b'-- Up-to-date: /home/robot_ws/install/myword_650610841/include/myword_650610841/myword_650610841/srv/detail/sum_four_int__struct.hpp\n'}
[1.845301] (myword_650610841) StdoutLine: {'line': b'-- Up-to-date: /home/robot_ws/install/myword_650610841/include/myword_650610841/myword_650610841/srv/detail/sum_four_int__builder.hpp\n'}
[1.845487] (myword_650610841) StdoutLine: {'line': b'-- Up-to-date: /home/robot_ws/install/myword_650610841/include/myword_650610841/myword_650610841/srv/detail/sum_four_int__traits.hpp\n'}
[1.845670] (myword_650610841) StdoutLine: {'line': b'-- Up-to-date: /home/robot_ws/install/myword_650610841/include/myword_650610841/myword_650610841/srv/sum_four_int.hpp\n'}
[1.845854] (myword_650610841) StdoutLine: {'line': b'-- Up-to-date: /home/robot_ws/install/myword_650610841/include/myword_650610841/myword_650610841\n'}
[1.846187] (myword_650610841) StdoutLine: {'line': b'-- Up-to-date: /home/robot_ws/install/myword_650610841/include/myword_650610841/myword_650610841/msg\n'}
[1.846388] (myword_650610841) StdoutLine: {'line': b'-- Up-to-date: /home/robot_ws/install/myword_650610841/include/myword_650610841/myword_650610841/msg/detail\n'}
[1.846561] (myword_650610841) StdoutLine: {'line': b'-- Up-to-date: /home/robot_ws/install/myword_650610841/include/myword_650610841/myword_650610841/msg/detail/dds_fastrtps\n'}
[1.846738] (myword_650610841) StdoutLine: {'line': b'-- Up-to-date: /home/robot_ws/install/myword_650610841/include/myword_650610841/myword_650610841/msg/detail/num__rosidl_typesupport_fastrtps_cpp.hpp\n'}
[1.846912] (myword_650610841) StdoutLine: {'line': b'-- Up-to-date: /home/robot_ws/install/myword_650610841/include/myword_650610841/myword_650610841/msg/rosidl_typesupport_fastrtps_cpp__visibility_control.h\n'}
[1.847111] (myword_650610841) StdoutLine: {'line': b'-- Up-to-date: /home/robot_ws/install/myword_650610841/include/myword_650610841/myword_650610841/srv\n'}
[1.847293] (myword_650610841) StdoutLine: {'line': b'-- Up-to-date: /home/robot_ws/install/myword_650610841/include/myword_650610841/myword_650610841/srv/detail\n'}
[1.847484] (myword_650610841) StdoutLine: {'line': b'-- Up-to-date: /home/robot_ws/install/myword_650610841/include/myword_650610841/myword_650610841/srv/detail/sum_four_int__rosidl_typesupport_fastrtps_cpp.hpp\n'}
[1.847659] (myword_650610841) StdoutLine: {'line': b'-- Up-to-date: /home/robot_ws/install/myword_650610841/include/myword_650610841/myword_650610841/srv/detail/dds_fastrtps\n'}
[1.847835] (myword_650610841) StdoutLine: {'line': b'-- Up-to-date: /home/robot_ws/install/myword_650610841/lib/libmyword_650610841__rosidl_typesupport_fastrtps_cpp.so\n'}
[1.848056] (myword_650610841) StdoutLine: {'line': b'-- Up-to-date: /home/robot_ws/install/myword_650610841/include/myword_650610841/myword_650610841\n'}
[1.848258] (myword_650610841) StdoutLine: {'line': b'-- Up-to-date: /home/robot_ws/install/myword_650610841/include/myword_650610841/myword_650610841/msg\n'}
[1.848442] (myword_650610841) StdoutLine: {'line': b'-- Up-to-date: /home/robot_ws/install/myword_650610841/include/myword_650610841/myword_650610841/msg/detail\n'}
[1.848617] (myword_650610841) StdoutLine: {'line': b'-- Up-to-date: /home/robot_ws/install/myword_650610841/include/myword_650610841/myword_650610841/msg/detail/num__type_support.cpp\n'}
[1.848832] (myword_650610841) StdoutLine: {'line': b'-- Up-to-date: /home/robot_ws/install/myword_650610841/include/myword_650610841/myword_650610841/msg/detail/num__rosidl_typesupport_introspection_cpp.hpp\n'}
[1.849025] (myword_650610841) StdoutLine: {'line': b'-- Up-to-date: /home/robot_ws/install/myword_650610841/include/myword_650610841/myword_650610841/srv\n'}
[1.849235] (myword_650610841) StdoutLine: {'line': b'-- Up-to-date: /home/robot_ws/install/myword_650610841/include/myword_650610841/myword_650610841/srv/detail\n'}
[1.849450] (myword_650610841) StdoutLine: {'line': b'-- Up-to-date: /home/robot_ws/install/myword_650610841/include/myword_650610841/myword_650610841/srv/detail/sum_four_int__rosidl_typesupport_introspection_cpp.hpp\n'}
[1.849662] (myword_650610841) StdoutLine: {'line': b'-- Up-to-date: /home/robot_ws/install/myword_650610841/include/myword_650610841/myword_650610841/srv/detail/sum_four_int__type_support.cpp\n'}
[1.849850] (myword_650610841) StdoutLine: {'line': b'-- Up-to-date: /home/robot_ws/install/myword_650610841/lib/libmyword_650610841__rosidl_typesupport_introspection_cpp.so\n'}
[1.850040] (myword_650610841) StdoutLine: {'line': b'-- Up-to-date: /home/robot_ws/install/myword_650610841/lib/libmyword_650610841__rosidl_typesupport_cpp.so\n'}
[1.850280] (myword_650610841) StdoutLine: {'line': b'-- Up-to-date: /home/robot_ws/install/myword_650610841/share/myword_650610841/environment/pythonpath.sh\n'}
[1.850474] (myword_650610841) StdoutLine: {'line': b'-- Up-to-date: /home/robot_ws/install/myword_650610841/share/myword_650610841/environment/pythonpath.dsv\n'}
[1.850663] (myword_650610841) StdoutLine: {'line': b'-- Up-to-date: /home/robot_ws/install/myword_650610841/local/lib/python3.10/dist-packages/myword_650610841-0.0.0-py3.10.egg-info\n'}
[1.850864] (myword_650610841) StdoutLine: {'line': b'-- Installing: /home/robot_ws/install/myword_650610841/local/lib/python3.10/dist-packages/myword_650610841-0.0.0-py3.10.egg-info/SOURCES.txt\n'}
[1.851087] (myword_650610841) StdoutLine: {'line': b'-- Installing: /home/robot_ws/install/myword_650610841/local/lib/python3.10/dist-packages/myword_650610841-0.0.0-py3.10.egg-info/PKG-INFO\n'}
[1.851492] (myword_650610841) StdoutLine: {'line': b'-- Installing: /home/robot_ws/install/myword_650610841/local/lib/python3.10/dist-packages/myword_650610841-0.0.0-py3.10.egg-info/top_level.txt\n'}
[1.851714] (myword_650610841) StdoutLine: {'line': b'-- Installing: /home/robot_ws/install/myword_650610841/local/lib/python3.10/dist-packages/myword_650610841-0.0.0-py3.10.egg-info/dependency_links.txt\n'}
[1.851859] (myword_650610841) StdoutLine: {'line': b'-- Up-to-date: /home/robot_ws/install/myword_650610841/local/lib/python3.10/dist-packages/myword_650610841\n'}
[1.852003] (myword_650610841) StdoutLine: {'line': b'-- Up-to-date: /home/robot_ws/install/myword_650610841/local/lib/python3.10/dist-packages/myword_650610841/myword_650610841_s__rosidl_typesupport_introspection_c.cpython-310-x86_64-linux-gnu.so\n'}
[1.852148] (myword_650610841) StdoutLine: {'line': b'-- Up-to-date: /home/robot_ws/install/myword_650610841/local/lib/python3.10/dist-packages/myword_650610841/msg\n'}
[1.852263] (myword_650610841) StdoutLine: {'line': b'-- Up-to-date: /home/robot_ws/install/myword_650610841/local/lib/python3.10/dist-packages/myword_650610841/msg/_num.py\n'}
[1.852377] (myword_650610841) StdoutLine: {'line': b'-- Up-to-date: /home/robot_ws/install/myword_650610841/local/lib/python3.10/dist-packages/myword_650610841/msg/_num_s.c\n'}
[1.852504] (myword_650610841) StdoutLine: {'line': b'-- Up-to-date: /home/robot_ws/install/myword_650610841/local/lib/python3.10/dist-packages/myword_650610841/msg/__init__.py\n'}
[1.852635] (myword_650610841) StdoutLine: {'line': b'-- Up-to-date: /home/robot_ws/install/myword_650610841/local/lib/python3.10/dist-packages/myword_650610841/_myword_650610841_s.ep.rosidl_typesupport_fastrtps_c.c\n'}
[1.852757] (myword_650610841) StdoutLine: {'line': b'-- Up-to-date: /home/robot_ws/install/myword_650610841/local/lib/python3.10/dist-packages/myword_650610841/libmyword_650610841__rosidl_generator_py.so\n'}
[1.852872] (myword_650610841) StdoutLine: {'line': b'-- Up-to-date: /home/robot_ws/install/myword_650610841/local/lib/python3.10/dist-packages/myword_650610841/_myword_650610841_s.ep.rosidl_typesupport_c.c\n'}
[1.852990] (myword_650610841) StdoutLine: {'line': b'-- Up-to-date: /home/robot_ws/install/myword_650610841/local/lib/python3.10/dist-packages/myword_650610841/srv\n'}
[1.853112] (myword_650610841) StdoutLine: {'line': b'-- Up-to-date: /home/robot_ws/install/myword_650610841/local/lib/python3.10/dist-packages/myword_650610841/srv/_sum_four_int_s.c\n'}
[1.853232] (myword_650610841) StdoutLine: {'line': b'-- Up-to-date: /home/robot_ws/install/myword_650610841/local/lib/python3.10/dist-packages/myword_650610841/srv/__init__.py\n'}
[1.853346] (myword_650610841) StdoutLine: {'line': b'-- Up-to-date: /home/robot_ws/install/myword_650610841/local/lib/python3.10/dist-packages/myword_650610841/srv/_sum_four_int.py\n'}
[1.853467] (myword_650610841) StdoutLine: {'line': b'-- Up-to-date: /home/robot_ws/install/myword_650610841/local/lib/python3.10/dist-packages/myword_650610841/myword_650610841_s__rosidl_typesupport_c.cpython-310-x86_64-linux-gnu.so\n'}
[1.853594] (myword_650610841) StdoutLine: {'line': b'-- Up-to-date: /home/robot_ws/install/myword_650610841/local/lib/python3.10/dist-packages/myword_650610841/myword_650610841_s__rosidl_typesupport_fastrtps_c.cpython-310-x86_64-linux-gnu.so\n'}
[1.853710] (myword_650610841) StdoutLine: {'line': b'-- Up-to-date: /home/robot_ws/install/myword_650610841/local/lib/python3.10/dist-packages/myword_650610841/_myword_650610841_s.ep.rosidl_typesupport_introspection_c.c\n'}
[1.853815] (myword_650610841) StdoutLine: {'line': b'-- Up-to-date: /home/robot_ws/install/myword_650610841/local/lib/python3.10/dist-packages/myword_650610841/__init__.py\n'}
[1.899113] (sllidar_ros2) StdoutLine: {'line': b'[ 10%] Built target sllidar_client\n'}
[1.906825] (sllidar_ros2) StdoutLine: {'line': b'[100%] Built target sllidar_node\n'}
[1.911035] (-) TimerEvent: {}
[1.927594] (myword_650610841) StdoutLine: {'line': b"Listing '/home/robot_ws/install/myword_650610841/local/lib/python3.10/dist-packages/myword_650610841'...\n"}
[1.928515] (myword_650610841) StdoutLine: {'line': b"Listing '/home/robot_ws/install/myword_650610841/local/lib/python3.10/dist-packages/myword_650610841/msg'...\n"}
[1.930332] (myword_650610841) StdoutLine: {'line': b"Listing '/home/robot_ws/install/myword_650610841/local/lib/python3.10/dist-packages/myword_650610841/srv'...\n"}
[1.930739] (sllidar_ros2) CommandEnded: {'returncode': 0}
[1.932150] (sllidar_ros2) JobProgress: {'identifier': 'sllidar_ros2', 'progress': 'install'}
[1.933127] (sllidar_ros2) Command: {'cmd': ['/usr/bin/cmake', '--install', '/home/robot_ws/build/sllidar_ros2'], 'cwd': '/home/robot_ws/build/sllidar_ros2', 'env': OrderedDict([('HOSTNAME', 'entity014'), ('SHLVL', '1'), ('LD_LIBRARY_PATH', '/home/robot_ws/install/myword_650610841/lib:/usr/lib/x86_64-linux-gnu/gazebo-11/plugins:/opt/ros/humble/opt/rviz_ogre_vendor/lib:/opt/ros/humble/lib/x86_64-linux-gnu:/opt/ros/humble/lib:/usr/lib/x86_64-linux-gnu/gazebo-11/plugins:'), ('HOME', '/home'), ('GAZEBO_MASTER_URI', 'http://localhost:11345'), ('ROS_PYTHON_VERSION', '3'), ('_colcon_cd_root', '/opt/ros/humble/'), ('COLCON_PREFIX_PATH', '/home/robot_ws/install'), ('ROS_DISTRO', 'humble'), ('_', '/usr/bin/colcon'), ('ROS_VERSION', '2'), ('NVIDIA_DRIVER_CAPABILITIES', 'all'), ('TERM', 'xterm'), ('GAZEBO_MODEL_PATH', '/usr/share/gazebo-11/models:'), ('ROS_LOCALHOST_ONLY', '0'), ('QT_X11_NO_MITSHM', '1'), ('OGRE_RESOURCE_PATH', '/usr/lib/x86_64-linux-gnu/OGRE-1.9.0'), ('PATH', '/opt/ros/humble/bin:/usr/local/sbin:/usr/local/bin:/usr/sbin:/usr/bin:/sbin:/bin'), ('XDG_RUNTIME_DIR', '/tmp/runtime-root'), ('DISPLAY', ':0'), ('LANG', 'C.UTF-8'), ('RMW_IMPLEMENTATION', 'rmw_cyclonedds_cpp'), ('ROS_DOMAIN_ID', '15'), ('AMENT_PREFIX_PATH', '/home/robot_ws/install/sllidar_ros2:/home/robot_ws/install/assign2_650610841:/home/robot_ws/install/myword_650610841:/home/robot_ws/install/assign4_650610841:/home/robot_ws/install/assign3_650610841:/home/robot_ws/install/assign1_650610841:/home/robot_ws/install/650610841_final:/opt/ros/humble'), ('NO_AT_BRIDGE', '1'), ('GAZEBO_RESOURCE_PATH', '/usr/share/gazebo-11:'), ('GAZEBO_MODEL_DATABASE_URI', 'http://models.gazebosim.org'), ('PWD', '/home/robot_ws/build/sllidar_ros2'), ('LC_ALL', 'C.UTF-8'), ('GAZEBO_PLUGIN_PATH', '/usr/lib/x86_64-linux-gnu/gazebo-11/plugins:'), ('PYTHONPATH', '/home/robot_ws/install/assign2_650610841/lib/python3.10/site-packages:/home/robot_ws/install/myword_650610841/local/lib/python3.10/dist-packages:/home/robot_ws/install/assign4_650610841/lib/python3.10/site-packages:/home/robot_ws/install/assign3_650610841/lib/python3.10/site-packages:/home/robot_ws/install/assign1_650610841/lib/python3.10/site-packages:/home/robot_ws/install/650610841_final/lib/python3.10/site-packages:/opt/ros/humble/lib/python3.10/site-packages:/opt/ros/humble/local/lib/python3.10/dist-packages'), ('COLCON', '1'), ('CMAKE_PREFIX_PATH', '/home/robot_ws/install/sllidar_ros2:/home/robot_ws/install/myword_650610841:/home/robot_ws/install/assign2_650610841:/home/robot_ws/install/assign4_650610841:/home/robot_ws/install/assign3_650610841:/home/robot_ws/install/assign1_650610841:/home/robot_ws/install/650610841_final:/opt/ros/humble')]), 'shell': False}
[1.939012] (myword_650610841) StdoutLine: {'line': b'-- Up-to-date: /home/robot_ws/install/myword_650610841/local/lib/python3.10/dist-packages/myword_650610841/myword_650610841_s__rosidl_typesupport_fastrtps_c.cpython-310-x86_64-linux-gnu.so\n'}
[1.939898] (myword_650610841) StdoutLine: {'line': b'-- Up-to-date: /home/robot_ws/install/myword_650610841/local/lib/python3.10/dist-packages/myword_650610841/myword_650610841_s__rosidl_typesupport_introspection_c.cpython-310-x86_64-linux-gnu.so\n'}
[1.940696] (myword_650610841) StdoutLine: {'line': b'-- Up-to-date: /home/robot_ws/install/myword_650610841/local/lib/python3.10/dist-packages/myword_650610841/myword_650610841_s__rosidl_typesupport_c.cpython-310-x86_64-linux-gnu.so\n'}
[1.941241] (myword_650610841) StdoutLine: {'line': b'-- Up-to-date: /home/robot_ws/install/myword_650610841/lib/libmyword_650610841__rosidl_generator_py.so\n'}
[1.941793] (myword_650610841) StdoutLine: {'line': b'-- Up-to-date: /home/robot_ws/install/myword_650610841/share/myword_650610841/msg/Num.idl\n'}
[1.942147] (myword_650610841) StdoutLine: {'line': b'-- Up-to-date: /home/robot_ws/install/myword_650610841/share/myword_650610841/srv/SumFourInt.idl\n'}
[1.942508] (myword_650610841) StdoutLine: {'line': b'-- Up-to-date: /home/robot_ws/install/myword_650610841/share/myword_650610841/msg/Num.msg\n'}
[1.942692] (myword_650610841) StdoutLine: {'line': b'-- Up-to-date: /home/robot_ws/install/myword_650610841/share/myword_650610841/srv/SumFourInt.srv\n'}
[1.943381] (myword_650610841) StdoutLine: {'line': b'-- Up-to-date: /home/robot_ws/install/myword_650610841/share/myword_650610841/srv/SumFourInt_Request.msg\n'}
[1.943838] (myword_650610841) StdoutLine: {'line': b'-- Up-to-date: /home/robot_ws/install/myword_650610841/share/myword_650610841/srv/SumFourInt_Response.msg\n'}
[1.944107] (myword_650610841) StdoutLine: {'line': b'-- Up-to-date: /home/robot_ws/install/myword_650610841/share/ament_index/resource_index/package_run_dependencies/myword_650610841\n'}
[1.944329] (myword_650610841) StdoutLine: {'line': b'-- Up-to-date: /home/robot_ws/install/myword_650610841/share/ament_index/resource_index/parent_prefix_path/myword_650610841\n'}
[1.944523] (myword_650610841) StdoutLine: {'line': b'-- Up-to-date: /home/robot_ws/install/myword_650610841/share/myword_650610841/environment/ament_prefix_path.sh\n'}
[1.945092] (myword_650610841) StdoutLine: {'line': b'-- Up-to-date: /home/robot_ws/install/myword_650610841/share/myword_650610841/environment/ament_prefix_path.dsv\n'}
[1.945796] (myword_650610841) StdoutLine: {'line': b'-- Up-to-date: /home/robot_ws/install/myword_650610841/share/myword_650610841/environment/path.sh\n'}
[1.946338] (myword_650610841) StdoutLine: {'line': b'-- Up-to-date: /home/robot_ws/install/myword_650610841/share/myword_650610841/environment/path.dsv\n'}
[1.946708] (myword_650610841) StdoutLine: {'line': b'-- Up-to-date: /home/robot_ws/install/myword_650610841/share/myword_650610841/local_setup.bash\n'}
[1.946970] (myword_650610841) StdoutLine: {'line': b'-- Up-to-date: /home/robot_ws/install/myword_650610841/share/myword_650610841/local_setup.sh\n'}
[1.947209] (myword_650610841) StdoutLine: {'line': b'-- Up-to-date: /home/robot_ws/install/myword_650610841/share/myword_650610841/local_setup.zsh\n'}
[1.947411] (myword_650610841) StdoutLine: {'line': b'-- Up-to-date: /home/robot_ws/install/myword_650610841/share/myword_650610841/local_setup.dsv\n'}
[1.947609] (myword_650610841) StdoutLine: {'line': b'-- Installing: /home/robot_ws/install/myword_650610841/share/myword_650610841/package.dsv\n'}
[1.947794] (myword_650610841) StdoutLine: {'line': b'-- Up-to-date: /home/robot_ws/install/myword_650610841/share/ament_index/resource_index/packages/myword_650610841\n'}
[1.947972] (myword_650610841) StdoutLine: {'line': b'-- Up-to-date: /home/robot_ws/install/myword_650610841/share/myword_650610841/cmake/export_myword_650610841__rosidl_generator_cExport.cmake\n'}
[1.948225] (myword_650610841) StdoutLine: {'line': b'-- Up-to-date: /home/robot_ws/install/myword_650610841/share/myword_650610841/cmake/export_myword_650610841__rosidl_generator_cExport-noconfig.cmake\n'}
[1.948425] (myword_650610841) StdoutLine: {'line': b'-- Up-to-date: /home/robot_ws/install/myword_650610841/share/myword_650610841/cmake/export_myword_650610841__rosidl_typesupport_fastrtps_cExport.cmake\n'}
[1.948614] (myword_650610841) StdoutLine: {'line': b'-- Up-to-date: /home/robot_ws/install/myword_650610841/share/myword_650610841/cmake/export_myword_650610841__rosidl_typesupport_fastrtps_cExport-noconfig.cmake\n'}
[1.948807] (myword_650610841) StdoutLine: {'line': b'-- Up-to-date: /home/robot_ws/install/myword_650610841/share/myword_650610841/cmake/myword_650610841__rosidl_typesupport_introspection_cExport.cmake\n'}
[1.948990] (myword_650610841) StdoutLine: {'line': b'-- Up-to-date: /home/robot_ws/install/myword_650610841/share/myword_650610841/cmake/myword_650610841__rosidl_typesupport_introspection_cExport-noconfig.cmake\n'}
[1.949237] (myword_650610841) StdoutLine: {'line': b'-- Up-to-date: /home/robot_ws/install/myword_650610841/share/myword_650610841/cmake/myword_650610841__rosidl_typesupport_cExport.cmake\n'}
[1.949428] (myword_650610841) StdoutLine: {'line': b'-- Up-to-date: /home/robot_ws/install/myword_650610841/share/myword_650610841/cmake/myword_650610841__rosidl_typesupport_cExport-noconfig.cmake\n'}
[1.949614] (myword_650610841) StdoutLine: {'line': b'-- Up-to-date: /home/robot_ws/install/myword_650610841/share/myword_650610841/cmake/export_myword_650610841__rosidl_generator_cppExport.cmake\n'}
[1.950014] (myword_650610841) StdoutLine: {'line': b'-- Up-to-date: /home/robot_ws/install/myword_650610841/share/myword_650610841/cmake/export_myword_650610841__rosidl_typesupport_fastrtps_cppExport.cmake\n'}
[1.950990] (myword_650610841) StdoutLine: {'line': b'-- Up-to-date: /home/robot_ws/install/myword_650610841/share/myword_650610841/cmake/export_myword_650610841__rosidl_typesupport_fastrtps_cppExport-noconfig.cmake\n'}
[1.952447] (myword_650610841) StdoutLine: {'line': b'-- Up-to-date: /home/robot_ws/install/myword_650610841/share/myword_650610841/cmake/myword_650610841__rosidl_typesupport_introspection_cppExport.cmake\n'}
[1.952994] (myword_650610841) StdoutLine: {'line': b'-- Up-to-date: /home/robot_ws/install/myword_650610841/share/myword_650610841/cmake/myword_650610841__rosidl_typesupport_introspection_cppExport-noconfig.cmake\n'}
[1.953693] (myword_650610841) StdoutLine: {'line': b'-- Up-to-date: /home/robot_ws/install/myword_650610841/share/myword_650610841/cmake/myword_650610841__rosidl_typesupport_cppExport.cmake\n'}
[1.953883] (myword_650610841) StdoutLine: {'line': b'-- Up-to-date: /home/robot_ws/install/myword_650610841/share/myword_650610841/cmake/myword_650610841__rosidl_typesupport_cppExport-noconfig.cmake\n'}
[1.954063] (myword_650610841) StdoutLine: {'line': b'-- Up-to-date: /home/robot_ws/install/myword_650610841/share/myword_650610841/cmake/export_myword_650610841__rosidl_generator_pyExport.cmake\n'}
[1.955022] (myword_650610841) StdoutLine: {'line': b'-- Up-to-date: /home/robot_ws/install/myword_650610841/share/myword_650610841/cmake/export_myword_650610841__rosidl_generator_pyExport-noconfig.cmake\n'}
[1.955773] (myword_650610841) StdoutLine: {'line': b'-- Up-to-date: /home/robot_ws/install/myword_650610841/share/myword_650610841/cmake/rosidl_cmake-extras.cmake\n'}
[1.956937] (myword_650610841) StdoutLine: {'line': b'-- Up-to-date: /home/robot_ws/install/myword_650610841/share/myword_650610841/cmake/ament_cmake_export_include_directories-extras.cmake\n'}
[1.958757] (myword_650610841) StdoutLine: {'line': b'-- Up-to-date: /home/robot_ws/install/myword_650610841/share/myword_650610841/cmake/ament_cmake_export_libraries-extras.cmake\n'}
[1.959003] (myword_650610841) StdoutLine: {'line': b'-- Up-to-date: /home/robot_ws/install/myword_650610841/share/myword_650610841/cmake/ament_cmake_export_targets-extras.cmake\n'}
[1.959457] (myword_650610841) StdoutLine: {'line': b'-- Up-to-date: /home/robot_ws/install/myword_650610841/share/myword_650610841/cmake/rosidl_cmake_export_typesupport_targets-extras.cmake\n'}
[1.959639] (myword_650610841) StdoutLine: {'line': b'-- Up-to-date: /home/robot_ws/install/myword_650610841/share/myword_650610841/cmake/ament_cmake_export_dependencies-extras.cmake\n'}
[1.959783] (myword_650610841) StdoutLine: {'line': b'-- Up-to-date: /home/robot_ws/install/myword_650610841/share/myword_650610841/cmake/rosidl_cmake_export_typesupport_libraries-extras.cmake\n'}
[1.959903] (myword_650610841) StdoutLine: {'line': b'-- Up-to-date: /home/robot_ws/install/myword_650610841/share/myword_650610841/cmake/myword_650610841Config.cmake\n'}
[1.960100] (myword_650610841) StdoutLine: {'line': b'-- Up-to-date: /home/robot_ws/install/myword_650610841/share/myword_650610841/cmake/myword_650610841Config-version.cmake\n'}
[1.960223] (myword_650610841) StdoutLine: {'line': b'-- Up-to-date: /home/robot_ws/install/myword_650610841/share/myword_650610841/package.xml\n'}
[1.960326] (sllidar_ros2) StdoutLine: {'line': b'-- Install configuration: ""\n'}
[1.960895] (sllidar_ros2) StdoutLine: {'line': b'-- Up-to-date: /home/robot_ws/install/sllidar_ros2/share/sllidar_ros2/launch\n'}
[1.961619] (sllidar_ros2) StdoutLine: {'line': b'-- Up-to-date: /home/robot_ws/install/sllidar_ros2/share/sllidar_ros2/launch/sllidar_s1_tcp_launch.py\n'}
[1.961886] (sllidar_ros2) StdoutLine: {'line': b'-- Up-to-date: /home/robot_ws/install/sllidar_ros2/share/sllidar_ros2/launch/sllidar_s1_launch.py\n'}
[1.962292] (sllidar_ros2) StdoutLine: {'line': b'-- Up-to-date: /home/robot_ws/install/sllidar_ros2/share/sllidar_ros2/launch/view_sllidar_a1_launch.py\n'}
[1.962625] (sllidar_ros2) StdoutLine: {'line': b'-- Up-to-date: /home/robot_ws/install/sllidar_ros2/share/sllidar_ros2/launch/view_sllidar_s3_launch.py\n'}
[1.962789] (sllidar_ros2) StdoutLine: {'line': b'-- Up-to-date: /home/robot_ws/install/sllidar_ros2/share/sllidar_ros2/launch/sllidar_a3_launch.py\n'}
[1.963153] (sllidar_ros2) StdoutLine: {'line': b'-- Up-to-date: /home/robot_ws/install/sllidar_ros2/share/sllidar_ros2/launch/sllidar_s3_launch.py\n'}
[1.964288] (sllidar_ros2) StdoutLine: {'line': b'-- Up-to-date: /home/robot_ws/install/sllidar_ros2/share/sllidar_ros2/launch/view_sllidar_s1_tcp_launch.py\n'}
[1.965691] (sllidar_ros2) StdoutLine: {'line': b'-- Up-to-date: /home/robot_ws/install/sllidar_ros2/share/sllidar_ros2/launch/view_sllidar_a2m12_launch.py\n'}
[1.966581] (sllidar_ros2) StdoutLine: {'line': b'-- Up-to-date: /home/robot_ws/install/sllidar_ros2/share/sllidar_ros2/launch/sllidar_t1_launch.py\n'}
[1.966851] (sllidar_ros2) StdoutLine: {'line': b'-- Up-to-date: /home/robot_ws/install/sllidar_ros2/share/sllidar_ros2/launch/view_sllidar_s1_launch.py\n'}
[1.966985] (sllidar_ros2) StdoutLine: {'line': b'-- Up-to-date: /home/robot_ws/install/sllidar_ros2/share/sllidar_ros2/launch/view_sllidar_s2_launch.py\n'}
[1.968235] (sllidar_ros2) StdoutLine: {'line': b'-- Up-to-date: /home/robot_ws/install/sllidar_ros2/share/sllidar_ros2/launch/sllidar_a2m8_launch.py\n'}
[1.968952] (sllidar_ros2) StdoutLine: {'line': b'-- Up-to-date: /home/robot_ws/install/sllidar_ros2/share/sllidar_ros2/launch/view_sllidar_a2m7_launch.py\n'}
[1.969281] (sllidar_ros2) StdoutLine: {'line': b'-- Up-to-date: /home/robot_ws/install/sllidar_ros2/share/sllidar_ros2/launch/sllidar_a2m12_launch .py\n'}
[1.970053] (sllidar_ros2) StdoutLine: {'line': b'-- Up-to-date: /home/robot_ws/install/sllidar_ros2/share/sllidar_ros2/launch/view_sllidar_t1_launch.py\n'}
[1.970783] (sllidar_ros2) StdoutLine: {'line': b'-- Up-to-date: /home/robot_ws/install/sllidar_ros2/share/sllidar_ros2/launch/sllidar_a2m7_launch.py\n'}
[1.970932] (sllidar_ros2) StdoutLine: {'line': b'-- Up-to-date: /home/robot_ws/install/sllidar_ros2/share/sllidar_ros2/launch/view_sllidar_c1_launch.py\n'}
[1.971078] (sllidar_ros2) StdoutLine: {'line': b'-- Up-to-date: /home/robot_ws/install/sllidar_ros2/share/sllidar_ros2/launch/view_sllidar_a3_launch.py\n'}
[1.971195] (sllidar_ros2) StdoutLine: {'line': b'-- Up-to-date: /home/robot_ws/install/sllidar_ros2/share/sllidar_ros2/launch/view_sllidar_a2m8_launch.py\n'}
[1.971314] (sllidar_ros2) StdoutLine: {'line': b'-- Up-to-date: /home/robot_ws/install/sllidar_ros2/share/sllidar_ros2/launch/sllidar_s2e_launch.py\n'}
[1.971417] (sllidar_ros2) StdoutLine: {'line': b'-- Up-to-date: /home/robot_ws/install/sllidar_ros2/share/sllidar_ros2/launch/sllidar_s2_launch.py\n'}
[1.971571] (sllidar_ros2) StdoutLine: {'line': b'-- Up-to-date: /home/robot_ws/install/sllidar_ros2/share/sllidar_ros2/launch/sllidar_a1_launch.py\n'}
[1.971677] (sllidar_ros2) StdoutLine: {'line': b'-- Up-to-date: /home/robot_ws/install/sllidar_ros2/share/sllidar_ros2/launch/view_sllidar_s2e_launch.py\n'}
[1.971777] (sllidar_ros2) StdoutLine: {'line': b'-- Up-to-date: /home/robot_ws/install/sllidar_ros2/share/sllidar_ros2/launch/sllidar_c1_launch.py\n'}
[1.971878] (sllidar_ros2) StdoutLine: {'line': b'-- Up-to-date: /home/robot_ws/install/sllidar_ros2/share/sllidar_ros2/rviz\n'}
[1.972039] (sllidar_ros2) StdoutLine: {'line': b'-- Up-to-date: /home/robot_ws/install/sllidar_ros2/share/sllidar_ros2/rviz/sllidar_ros2.rviz\n'}
[1.972209] (sllidar_ros2) StdoutLine: {'line': b'-- Up-to-date: /home/robot_ws/install/sllidar_ros2/lib/sllidar_ros2/sllidar_node\n'}
[1.972333] (sllidar_ros2) StdoutLine: {'line': b'-- Up-to-date: /home/robot_ws/install/sllidar_ros2/lib/sllidar_ros2/sllidar_client\n'}
[1.972844] (myword_650610841) CommandEnded: {'returncode': 0}
[1.973877] (sllidar_ros2) StdoutLine: {'line': b'-- Up-to-date: /home/robot_ws/install/sllidar_ros2/share/ament_index/resource_index/package_run_dependencies/sllidar_ros2\n'}
[1.974261] (sllidar_ros2) StdoutLine: {'line': b'-- Up-to-date: /home/robot_ws/install/sllidar_ros2/share/ament_index/resource_index/parent_prefix_path/sllidar_ros2\n'}
[1.974572] (sllidar_ros2) StdoutLine: {'line': b'-- Up-to-date: /home/robot_ws/install/sllidar_ros2/share/sllidar_ros2/environment/ament_prefix_path.sh\n'}
[1.975326] (sllidar_ros2) StdoutLine: {'line': b'-- Up-to-date: /home/robot_ws/install/sllidar_ros2/share/sllidar_ros2/environment/ament_prefix_path.dsv\n'}
[1.975521] (sllidar_ros2) StdoutLine: {'line': b'-- Up-to-date: /home/robot_ws/install/sllidar_ros2/share/sllidar_ros2/environment/path.sh\n'}
[1.975663] (sllidar_ros2) StdoutLine: {'line': b'-- Up-to-date: /home/robot_ws/install/sllidar_ros2/share/sllidar_ros2/environment/path.dsv\n'}
[1.975792] (sllidar_ros2) StdoutLine: {'line': b'-- Up-to-date: /home/robot_ws/install/sllidar_ros2/share/sllidar_ros2/local_setup.bash\n'}
[1.975945] (sllidar_ros2) StdoutLine: {'line': b'-- Up-to-date: /home/robot_ws/install/sllidar_ros2/share/sllidar_ros2/local_setup.sh\n'}
[1.976318] (sllidar_ros2) StdoutLine: {'line': b'-- Up-to-date: /home/robot_ws/install/sllidar_ros2/share/sllidar_ros2/local_setup.zsh\n'}
[1.976454] (sllidar_ros2) StdoutLine: {'line': b'-- Up-to-date: /home/robot_ws/install/sllidar_ros2/share/sllidar_ros2/local_setup.dsv\n'}
[1.976566] (sllidar_ros2) StdoutLine: {'line': b'-- Installing: /home/robot_ws/install/sllidar_ros2/share/sllidar_ros2/package.dsv\n'}
[1.976666] (sllidar_ros2) StdoutLine: {'line': b'-- Up-to-date: /home/robot_ws/install/sllidar_ros2/share/ament_index/resource_index/packages/sllidar_ros2\n'}
[1.976990] (sllidar_ros2) StdoutLine: {'line': b'-- Up-to-date: /home/robot_ws/install/sllidar_ros2/share/sllidar_ros2/cmake/ament_cmake_export_dependencies-extras.cmake\n'}
[1.977188] (sllidar_ros2) StdoutLine: {'line': b'-- Up-to-date: /home/robot_ws/install/sllidar_ros2/share/sllidar_ros2/cmake/ament_cmake_export_include_directories-extras.cmake\n'}
[1.977354] (sllidar_ros2) StdoutLine: {'line': b'-- Up-to-date: /home/robot_ws/install/sllidar_ros2/share/sllidar_ros2/cmake/sllidar_ros2Config.cmake\n'}
[1.977460] (sllidar_ros2) StdoutLine: {'line': b'-- Up-to-date: /home/robot_ws/install/sllidar_ros2/share/sllidar_ros2/cmake/sllidar_ros2Config-version.cmake\n'}
[1.979748] (sllidar_ros2) StdoutLine: {'line': b'-- Up-to-date: /home/robot_ws/install/sllidar_ros2/share/sllidar_ros2/package.xml\n'}
[2.011161] (-) TimerEvent: {}
[2.034186] (myword_650610841) JobEnded: {'identifier': 'myword_650610841', 'rc': 0}
[2.039019] (assign2_650610841) JobStarted: {'identifier': 'assign2_650610841'}
[2.056281] (sllidar_ros2) CommandEnded: {'returncode': 0}
[2.089271] (sllidar_ros2) JobEnded: {'identifier': 'sllidar_ros2', 'rc': 0}
[2.111334] (-) TimerEvent: {}
[2.212024] (-) TimerEvent: {}
[2.312715] (-) TimerEvent: {}
[2.413293] (-) TimerEvent: {}
[2.513848] (-) TimerEvent: {}
[2.599898] (650610841_final) Command: {'cmd': ['/usr/bin/python3', '-W', 'ignore:setup.py install is deprecated', '-W', 'ignore:easy_install command is deprecated', 'setup.py', 'egg_info', '--egg-base', '../../build/650610841_final', 'build', '--build-base', '/home/robot_ws/build/650610841_final/build', 'install', '--record', '/home/robot_ws/build/650610841_final/install.log', '--single-version-externally-managed', 'install_data'], 'cwd': '/home/robot_ws/src/650610841_final', 'env': {'HOSTNAME': 'entity014', 'SHLVL': '1', 'LD_LIBRARY_PATH': '/home/robot_ws/install/myword_650610841/lib:/usr/lib/x86_64-linux-gnu/gazebo-11/plugins:/opt/ros/humble/opt/rviz_ogre_vendor/lib:/opt/ros/humble/lib/x86_64-linux-gnu:/opt/ros/humble/lib:/usr/lib/x86_64-linux-gnu/gazebo-11/plugins:', 'HOME': '/home', 'GAZEBO_MASTER_URI': 'http://localhost:11345', 'ROS_PYTHON_VERSION': '3', '_colcon_cd_root': '/opt/ros/humble/', 'COLCON_PREFIX_PATH': '/home/robot_ws/install', 'ROS_DISTRO': 'humble', '_': '/usr/bin/colcon', 'ROS_VERSION': '2', 'NVIDIA_DRIVER_CAPABILITIES': 'all', 'TERM': 'xterm', 'GAZEBO_MODEL_PATH': '/usr/share/gazebo-11/models:', 'ROS_LOCALHOST_ONLY': '0', 'QT_X11_NO_MITSHM': '1', 'OGRE_RESOURCE_PATH': '/usr/lib/x86_64-linux-gnu/OGRE-1.9.0', 'PATH': '/opt/ros/humble/bin:/usr/local/sbin:/usr/local/bin:/usr/sbin:/usr/bin:/sbin:/bin', 'XDG_RUNTIME_DIR': '/tmp/runtime-root', 'DISPLAY': ':0', 'LANG': 'C.UTF-8', 'RMW_IMPLEMENTATION': 'rmw_cyclonedds_cpp', 'ROS_DOMAIN_ID': '15', 'AMENT_PREFIX_PATH': '/home/robot_ws/install/sllidar_ros2:/home/robot_ws/install/assign2_650610841:/home/robot_ws/install/myword_650610841:/home/robot_ws/install/assign4_650610841:/home/robot_ws/install/assign3_650610841:/home/robot_ws/install/assign1_650610841:/home/robot_ws/install/650610841_final:/opt/ros/humble', 'NO_AT_BRIDGE': '1', 'GAZEBO_RESOURCE_PATH': '/usr/share/gazebo-11:', 'GAZEBO_MODEL_DATABASE_URI': 'http://models.gazebosim.org', 'PWD': '/home/robot_ws/build/650610841_final', 'LC_ALL': 'C.UTF-8', 'GAZEBO_PLUGIN_PATH': '/usr/lib/x86_64-linux-gnu/gazebo-11/plugins:', 'PYTHONPATH': '/home/robot_ws/build/650610841_final/prefix_override:/usr/lib/python3/dist-packages/colcon_core/task/python/colcon_distutils_commands:/home/robot_ws/install/650610841_final/lib/python3.10/site-packages:/home/robot_ws/install/assign2_650610841/lib/python3.10/site-packages:/home/robot_ws/install/myword_650610841/local/lib/python3.10/dist-packages:/home/robot_ws/install/assign4_650610841/lib/python3.10/site-packages:/home/robot_ws/install/assign3_650610841/lib/python3.10/site-packages:/home/robot_ws/install/assign1_650610841/lib/python3.10/site-packages:/home/robot_ws/install/650610841_final/lib/python3.10/site-packages:/opt/ros/humble/lib/python3.10/site-packages:/opt/ros/humble/local/lib/python3.10/dist-packages', 'COLCON': '1', 'CMAKE_PREFIX_PATH': '/home/robot_ws/install/sllidar_ros2:/home/robot_ws/install/myword_650610841'}, 'shell': False}
[2.614040] (-) TimerEvent: {}
[2.687444] (assign1_650610841) Command: {'cmd': ['/usr/bin/python3', '-W', 'ignore:setup.py install is deprecated', '-W', 'ignore:easy_install command is deprecated', 'setup.py', 'egg_info', '--egg-base', '../../build/assign1_650610841', 'build', '--build-base', '/home/robot_ws/build/assign1_650610841/build', 'install', '--record', '/home/robot_ws/build/assign1_650610841/install.log', '--single-version-externally-managed', 'install_data'], 'cwd': '/home/robot_ws/src/assign1_650610841', 'env': {'HOSTNAME': 'entity014', 'SHLVL': '1', 'LD_LIBRARY_PATH': '/home/robot_ws/install/myword_650610841/lib:/usr/lib/x86_64-linux-gnu/gazebo-11/plugins:/opt/ros/humble/opt/rviz_ogre_vendor/lib:/opt/ros/humble/lib/x86_64-linux-gnu:/opt/ros/humble/lib:/usr/lib/x86_64-linux-gnu/gazebo-11/plugins:', 'HOME': '/home', 'GAZEBO_MASTER_URI': 'http://localhost:11345', 'ROS_PYTHON_VERSION': '3', '_colcon_cd_root': '/opt/ros/humble/', 'COLCON_PREFIX_PATH': '/home/robot_ws/install', 'ROS_DISTRO': 'humble', '_': '/usr/bin/colcon', 'ROS_VERSION': '2', 'NVIDIA_DRIVER_CAPABILITIES': 'all', 'TERM': 'xterm', 'GAZEBO_MODEL_PATH': '/usr/share/gazebo-11/models:', 'ROS_LOCALHOST_ONLY': '0', 'QT_X11_NO_MITSHM': '1', 'OGRE_RESOURCE_PATH': '/usr/lib/x86_64-linux-gnu/OGRE-1.9.0', 'PATH': '/opt/ros/humble/bin:/usr/local/sbin:/usr/local/bin:/usr/sbin:/usr/bin:/sbin:/bin', 'XDG_RUNTIME_DIR': '/tmp/runtime-root', 'DISPLAY': ':0', 'LANG': 'C.UTF-8', 'RMW_IMPLEMENTATION': 'rmw_cyclonedds_cpp', 'ROS_DOMAIN_ID': '15', 'AMENT_PREFIX_PATH': '/home/robot_ws/install/sllidar_ros2:/home/robot_ws/install/assign2_650610841:/home/robot_ws/install/myword_650610841:/home/robot_ws/install/assign4_650610841:/home/robot_ws/install/assign3_650610841:/home/robot_ws/install/assign1_650610841:/home/robot_ws/install/650610841_final:/opt/ros/humble', 'NO_AT_BRIDGE': '1', 'GAZEBO_RESOURCE_PATH': '/usr/share/gazebo-11:', 'GAZEBO_MODEL_DATABASE_URI': 'http://models.gazebosim.org', 'PWD': '/home/robot_ws/build/assign1_650610841', 'LC_ALL': 'C.UTF-8', 'GAZEBO_PLUGIN_PATH': '/usr/lib/x86_64-linux-gnu/gazebo-11/plugins:', 'PYTHONPATH': '/home/robot_ws/build/assign1_650610841/prefix_override:/usr/lib/python3/dist-packages/colcon_core/task/python/colcon_distutils_commands:/home/robot_ws/install/assign1_650610841/lib/python3.10/site-packages:/home/robot_ws/install/assign2_650610841/lib/python3.10/site-packages:/home/robot_ws/install/myword_650610841/local/lib/python3.10/dist-packages:/home/robot_ws/install/assign4_650610841/lib/python3.10/site-packages:/home/robot_ws/install/assign3_650610841/lib/python3.10/site-packages:/home/robot_ws/install/assign1_650610841/lib/python3.10/site-packages:/home/robot_ws/install/650610841_final/lib/python3.10/site-packages:/opt/ros/humble/lib/python3.10/site-packages:/opt/ros/humble/local/lib/python3.10/dist-packages', 'COLCON': '1', 'CMAKE_PREFIX_PATH': '/home/robot_ws/install/sllidar_ros2:/home/robot_ws/install/myword_650610841'}, 'shell': False}
[2.714226] (-) TimerEvent: {}
[2.815060] (assign4_650610841) Command: {'cmd': ['/usr/bin/python3', '-W', 'ignore:setup.py install is deprecated', '-W', 'ignore:easy_install command is deprecated', 'setup.py', 'egg_info', '--egg-base', '../../build/assign4_650610841', 'build', '--build-base', '/home/robot_ws/build/assign4_650610841/build', 'install', '--record', '/home/robot_ws/build/assign4_650610841/install.log', '--single-version-externally-managed', 'install_data'], 'cwd': '/home/robot_ws/src/assign4_650610841', 'env': {'HOSTNAME': 'entity014', 'SHLVL': '1', 'LD_LIBRARY_PATH': '/home/robot_ws/install/myword_650610841/lib:/usr/lib/x86_64-linux-gnu/gazebo-11/plugins:/opt/ros/humble/opt/rviz_ogre_vendor/lib:/opt/ros/humble/lib/x86_64-linux-gnu:/opt/ros/humble/lib:/usr/lib/x86_64-linux-gnu/gazebo-11/plugins:', 'HOME': '/home', 'GAZEBO_MASTER_URI': 'http://localhost:11345', 'ROS_PYTHON_VERSION': '3', '_colcon_cd_root': '/opt/ros/humble/', 'COLCON_PREFIX_PATH': '/home/robot_ws/install', 'ROS_DISTRO': 'humble', '_': '/usr/bin/colcon', 'ROS_VERSION': '2', 'NVIDIA_DRIVER_CAPABILITIES': 'all', 'TERM': 'xterm', 'GAZEBO_MODEL_PATH': '/usr/share/gazebo-11/models:', 'ROS_LOCALHOST_ONLY': '0', 'QT_X11_NO_MITSHM': '1', 'OGRE_RESOURCE_PATH': '/usr/lib/x86_64-linux-gnu/OGRE-1.9.0', 'PATH': '/opt/ros/humble/bin:/usr/local/sbin:/usr/local/bin:/usr/sbin:/usr/bin:/sbin:/bin', 'XDG_RUNTIME_DIR': '/tmp/runtime-root', 'DISPLAY': ':0', 'LANG': 'C.UTF-8', 'RMW_IMPLEMENTATION': 'rmw_cyclonedds_cpp', 'ROS_DOMAIN_ID': '15', 'AMENT_PREFIX_PATH': '/home/robot_ws/install/sllidar_ros2:/home/robot_ws/install/assign2_650610841:/home/robot_ws/install/myword_650610841:/home/robot_ws/install/assign4_650610841:/home/robot_ws/install/assign3_650610841:/home/robot_ws/install/assign1_650610841:/home/robot_ws/install/650610841_final:/opt/ros/humble', 'NO_AT_BRIDGE': '1', 'GAZEBO_RESOURCE_PATH': '/usr/share/gazebo-11:', 'GAZEBO_MODEL_DATABASE_URI': 'http://models.gazebosim.org', 'PWD': '/home/robot_ws/build/assign4_650610841', 'LC_ALL': 'C.UTF-8', 'GAZEBO_PLUGIN_PATH': '/usr/lib/x86_64-linux-gnu/gazebo-11/plugins:', 'PYTHONPATH': '/home/robot_ws/build/assign4_650610841/prefix_override:/usr/lib/python3/dist-packages/colcon_core/task/python/colcon_distutils_commands:/home/robot_ws/install/assign4_650610841/lib/python3.10/site-packages:/home/robot_ws/install/assign2_650610841/lib/python3.10/site-packages:/home/robot_ws/install/myword_650610841/local/lib/python3.10/dist-packages:/home/robot_ws/install/assign4_650610841/lib/python3.10/site-packages:/home/robot_ws/install/assign3_650610841/lib/python3.10/site-packages:/home/robot_ws/install/assign1_650610841/lib/python3.10/site-packages:/home/robot_ws/install/650610841_final/lib/python3.10/site-packages:/opt/ros/humble/lib/python3.10/site-packages:/opt/ros/humble/local/lib/python3.10/dist-packages', 'COLCON': '1', 'CMAKE_PREFIX_PATH': '/home/robot_ws/install/sllidar_ros2:/home/robot_ws/install/myword_650610841'}, 'shell': False}
[2.823509] (-) TimerEvent: {}
[2.824309] (assign3_650610841) Command: {'cmd': ['/usr/bin/python3', '-W', 'ignore:setup.py install is deprecated', '-W', 'ignore:easy_install command is deprecated', 'setup.py', 'egg_info', '--egg-base', '../../build/assign3_650610841', 'build', '--build-base', '/home/robot_ws/build/assign3_650610841/build', 'install', '--record', '/home/robot_ws/build/assign3_650610841/install.log', '--single-version-externally-managed', 'install_data'], 'cwd': '/home/robot_ws/src/assign3_650610841', 'env': {'HOSTNAME': 'entity014', 'SHLVL': '1', 'LD_LIBRARY_PATH': '/home/robot_ws/install/myword_650610841/lib:/usr/lib/x86_64-linux-gnu/gazebo-11/plugins:/opt/ros/humble/opt/rviz_ogre_vendor/lib:/opt/ros/humble/lib/x86_64-linux-gnu:/opt/ros/humble/lib:/usr/lib/x86_64-linux-gnu/gazebo-11/plugins:', 'HOME': '/home', 'GAZEBO_MASTER_URI': 'http://localhost:11345', 'ROS_PYTHON_VERSION': '3', '_colcon_cd_root': '/opt/ros/humble/', 'COLCON_PREFIX_PATH': '/home/robot_ws/install', 'ROS_DISTRO': 'humble', '_': '/usr/bin/colcon', 'ROS_VERSION': '2', 'NVIDIA_DRIVER_CAPABILITIES': 'all', 'TERM': 'xterm', 'GAZEBO_MODEL_PATH': '/usr/share/gazebo-11/models:', 'ROS_LOCALHOST_ONLY': '0', 'QT_X11_NO_MITSHM': '1', 'OGRE_RESOURCE_PATH': '/usr/lib/x86_64-linux-gnu/OGRE-1.9.0', 'PATH': '/opt/ros/humble/bin:/usr/local/sbin:/usr/local/bin:/usr/sbin:/usr/bin:/sbin:/bin', 'XDG_RUNTIME_DIR': '/tmp/runtime-root', 'DISPLAY': ':0', 'LANG': 'C.UTF-8', 'RMW_IMPLEMENTATION': 'rmw_cyclonedds_cpp', 'ROS_DOMAIN_ID': '15', 'AMENT_PREFIX_PATH': '/home/robot_ws/install/sllidar_ros2:/home/robot_ws/install/assign2_650610841:/home/robot_ws/install/myword_650610841:/home/robot_ws/install/assign4_650610841:/home/robot_ws/install/assign3_650610841:/home/robot_ws/install/assign1_650610841:/home/robot_ws/install/650610841_final:/opt/ros/humble', 'NO_AT_BRIDGE': '1', 'GAZEBO_RESOURCE_PATH': '/usr/share/gazebo-11:', 'GAZEBO_MODEL_DATABASE_URI': 'http://models.gazebosim.org', 'PWD': '/home/robot_ws/build/assign3_650610841', 'LC_ALL': 'C.UTF-8', 'GAZEBO_PLUGIN_PATH': '/usr/lib/x86_64-linux-gnu/gazebo-11/plugins:', 'PYTHONPATH': '/home/robot_ws/build/assign3_650610841/prefix_override:/usr/lib/python3/dist-packages/colcon_core/task/python/colcon_distutils_commands:/home/robot_ws/install/assign3_650610841/lib/python3.10/site-packages:/home/robot_ws/install/assign2_650610841/lib/python3.10/site-packages:/home/robot_ws/install/myword_650610841/local/lib/python3.10/dist-packages:/home/robot_ws/install/assign4_650610841/lib/python3.10/site-packages:/home/robot_ws/install/assign3_650610841/lib/python3.10/site-packages:/home/robot_ws/install/assign1_650610841/lib/python3.10/site-packages:/home/robot_ws/install/650610841_final/lib/python3.10/site-packages:/opt/ros/humble/lib/python3.10/site-packages:/opt/ros/humble/local/lib/python3.10/dist-packages', 'COLCON': '1', 'CMAKE_PREFIX_PATH': '/home/robot_ws/install/sllidar_ros2:/home/robot_ws/install/myword_650610841'}, 'shell': False}
[2.923660] (-) TimerEvent: {}
[3.024249] (-) TimerEvent: {}
[3.124784] (-) TimerEvent: {}
[3.225383] (-) TimerEvent: {}
[3.231090] (assign4_650610841) StdoutLine: {'line': b'running egg_info\n'}
[3.232000] (assign1_650610841) StdoutLine: {'line': b'running egg_info\n'}
[3.232494] (assign4_650610841) StdoutLine: {'line': b'writing ../../build/assign4_650610841/assign4_650610841.egg-info/PKG-INFO\n'}
[3.232921] (assign4_650610841) StdoutLine: {'line': b'writing dependency_links to ../../build/assign4_650610841/assign4_650610841.egg-info/dependency_links.txt\n'}
[3.233479] (assign4_650610841) StdoutLine: {'line': b'writing entry points to ../../build/assign4_650610841/assign4_650610841.egg-info/entry_points.txt\n'}
[3.233661] (assign4_650610841) StdoutLine: {'line': b'writing requirements to ../../build/assign4_650610841/assign4_650610841.egg-info/requires.txt\n'}
[3.233806] (assign4_650610841) StdoutLine: {'line': b'writing top-level names to ../../build/assign4_650610841/assign4_650610841.egg-info/top_level.txt\n'}
[3.233979] (assign1_650610841) StdoutLine: {'line': b'writing ../../build/assign1_650610841/assign1_650610841.egg-info/PKG-INFO\n'}
[3.234165] (assign1_650610841) StdoutLine: {'line': b'writing dependency_links to ../../build/assign1_650610841/assign1_650610841.egg-info/dependency_links.txt\n'}
[3.234557] (assign1_650610841) StdoutLine: {'line': b'writing entry points to ../../build/assign1_650610841/assign1_650610841.egg-info/entry_points.txt\n'}
[3.235003] (assign1_650610841) StdoutLine: {'line': b'writing requirements to ../../build/assign1_650610841/assign1_650610841.egg-info/requires.txt\n'}
[3.235548] (assign1_650610841) StdoutLine: {'line': b'writing top-level names to ../../build/assign1_650610841/assign1_650610841.egg-info/top_level.txt\n'}
[3.235777] (assign3_650610841) StdoutLine: {'line': b'running egg_info\n'}
[3.236690] (assign3_650610841) StdoutLine: {'line': b'writing ../../build/assign3_650610841/assign3_650610841.egg-info/PKG-INFO\n'}
[3.237138] (assign3_650610841) StdoutLine: {'line': b'writing dependency_links to ../../build/assign3_650610841/assign3_650610841.egg-info/dependency_links.txt\n'}
[3.237719] (assign4_650610841) StdoutLine: {'line': b"reading manifest file '../../build/assign4_650610841/assign4_650610841.egg-info/SOURCES.txt'\n"}
[3.238097] (assign3_650610841) StdoutLine: {'line': b'writing entry points to ../../build/assign3_650610841/assign3_650610841.egg-info/entry_points.txt\n'}
[3.238320] (assign3_650610841) StdoutLine: {'line': b'writing requirements to ../../build/assign3_650610841/assign3_650610841.egg-info/requires.txt\n'}
[3.238506] (assign3_650610841) StdoutLine: {'line': b'writing top-level names to ../../build/assign3_650610841/assign3_650610841.egg-info/top_level.txt\n'}
[3.238689] (assign4_650610841) StdoutLine: {'line': b"adding license file 'LICENSE'\n"}
[3.239074] (assign4_650610841) StdoutLine: {'line': b"writing manifest file '../../build/assign4_650610841/assign4_650610841.egg-info/SOURCES.txt'\n"}
[3.239475] (assign4_650610841) StdoutLine: {'line': b'running build\n'}
[3.239801] (assign4_650610841) StdoutLine: {'line': b'running build_py\n'}
[3.240093] (assign4_650610841) StdoutLine: {'line': b'running install\n'}
[3.240834] (assign1_650610841) StdoutLine: {'line': b"reading manifest file '../../build/assign1_650610841/assign1_650610841.egg-info/SOURCES.txt'\n"}
[3.241405] (assign4_650610841) StdoutLine: {'line': b'running install_lib\n'}
[3.241647] (assign1_650610841) StdoutLine: {'line': b"adding license file 'LICENSE'\n"}
[3.242001] (assign3_650610841) StdoutLine: {'line': b"reading manifest file '../../build/assign3_650610841/assign3_650610841.egg-info/SOURCES.txt'\n"}
[3.242266] (assign3_650610841) StdoutLine: {'line': b"adding license file 'LICENSE'\n"}
[3.243135] (assign1_650610841) StdoutLine: {'line': b"writing manifest file '../../build/assign1_650610841/assign1_650610841.egg-info/SOURCES.txt'\n"}
[3.243554] (assign3_650610841) StdoutLine: {'line': b"writing manifest file '../../build/assign3_650610841/assign3_650610841.egg-info/SOURCES.txt'\n"}
[3.243894] (assign3_650610841) StdoutLine: {'line': b'running build\n'}
[3.244175] (assign3_650610841) StdoutLine: {'line': b'running build_py\n'}
[3.244640] (assign1_650610841) StdoutLine: {'line': b'running build\n'}
[3.244801] (assign4_650610841) StdoutLine: {'line': b'running install_data\n'}
[3.244950] (assign1_650610841) StdoutLine: {'line': b'running build_py\n'}
[3.245107] (assign4_650610841) StdoutLine: {'line': b'running install_egg_info\n'}
[3.245298] (assign3_650610841) StdoutLine: {'line': b'running install\n'}
[3.245480] (assign1_650610841) StdoutLine: {'line': b'running install\n'}
[3.245591] (assign3_650610841) StdoutLine: {'line': b'running install_lib\n'}
[3.245698] (assign1_650610841) StdoutLine: {'line': b'running install_lib\n'}
[3.247255] (assign3_650610841) StdoutLine: {'line': b'running install_data\n'}
[3.247616] (assign3_650610841) StdoutLine: {'line': b'running install_egg_info\n'}
[3.248463] (assign1_650610841) StdoutLine: {'line': b'running install_data\n'}
[3.248954] (assign4_650610841) StdoutLine: {'line': b"removing '/home/robot_ws/install/assign4_650610841/lib/python3.10/site-packages/assign4_650610841-0.0.0-py3.10.egg-info' (and everything under it)\n"}
[3.249337] (assign1_650610841) StdoutLine: {'line': b'running install_egg_info\n'}
[3.249499] (assign4_650610841) StdoutLine: {'line': b'Copying ../../build/assign4_650610841/assign4_650610841.egg-info to /home/robot_ws/install/assign4_650610841/lib/python3.10/site-packages/assign4_650610841-0.0.0-py3.10.egg-info\n'}
[3.250492] (assign4_650610841) StdoutLine: {'line': b'running install_scripts\n'}
[3.251265] (assign3_650610841) StdoutLine: {'line': b"removing '/home/robot_ws/install/assign3_650610841/lib/python3.10/site-packages/assign3_650610841-0.0.0-py3.10.egg-info' (and everything under it)\n"}
[3.251899] (assign3_650610841) StdoutLine: {'line': b'Copying ../../build/assign3_650610841/assign3_650610841.egg-info to /home/robot_ws/install/assign3_650610841/lib/python3.10/site-packages/assign3_650610841-0.0.0-py3.10.egg-info\n'}
[3.253358] (assign3_650610841) StdoutLine: {'line': b'running install_scripts\n'}
[3.253879] (assign1_650610841) StdoutLine: {'line': b"removing '/home/robot_ws/install/assign1_650610841/lib/python3.10/site-packages/assign1_650610841-0.0.0-py3.10.egg-info' (and everything under it)\n"}
[3.254714] (assign1_650610841) StdoutLine: {'line': b'Copying ../../build/assign1_650610841/assign1_650610841.egg-info to /home/robot_ws/install/assign1_650610841/lib/python3.10/site-packages/assign1_650610841-0.0.0-py3.10.egg-info\n'}
[3.256347] (assign1_650610841) StdoutLine: {'line': b'running install_scripts\n'}
[3.291858] (assign2_650610841) Command: {'cmd': ['/usr/bin/python3', '-W', 'ignore:setup.py install is deprecated', '-W', 'ignore:easy_install command is deprecated', 'setup.py', 'egg_info', '--egg-base', '../../build/assign2_650610841', 'build', '--build-base', '/home/robot_ws/build/assign2_650610841/build', 'install', '--record', '/home/robot_ws/build/assign2_650610841/install.log', '--single-version-externally-managed', 'install_data'], 'cwd': '/home/robot_ws/src/assign2_650610841', 'env': {'HOSTNAME': 'entity014', 'SHLVL': '1', 'LD_LIBRARY_PATH': '/home/robot_ws/install/myword_650610841/lib:/usr/lib/x86_64-linux-gnu/gazebo-11/plugins:/opt/ros/humble/opt/rviz_ogre_vendor/lib:/opt/ros/humble/lib/x86_64-linux-gnu:/opt/ros/humble/lib:/usr/lib/x86_64-linux-gnu/gazebo-11/plugins', 'HOME': '/home', 'GAZEBO_MASTER_URI': 'http://localhost:11345', 'ROS_PYTHON_VERSION': '3', '_colcon_cd_root': '/opt/ros/humble/', 'COLCON_PREFIX_PATH': '/home/robot_ws/install', 'ROS_DISTRO': 'humble', '_': '/usr/bin/colcon', 'ROS_VERSION': '2', 'NVIDIA_DRIVER_CAPABILITIES': 'all', 'TERM': 'xterm', 'GAZEBO_MODEL_PATH': '/usr/share/gazebo-11/models:', 'ROS_LOCALHOST_ONLY': '0', 'QT_X11_NO_MITSHM': '1', 'OGRE_RESOURCE_PATH': '/usr/lib/x86_64-linux-gnu/OGRE-1.9.0', 'PATH': '/opt/ros/humble/bin:/usr/local/sbin:/usr/local/bin:/usr/sbin:/usr/bin:/sbin:/bin', 'XDG_RUNTIME_DIR': '/tmp/runtime-root', 'DISPLAY': ':0', 'LANG': 'C.UTF-8', 'RMW_IMPLEMENTATION': 'rmw_cyclonedds_cpp', 'ROS_DOMAIN_ID': '15', 'AMENT_PREFIX_PATH': '/home/robot_ws/install/sllidar_ros2:/home/robot_ws/install/assign2_650610841:/home/robot_ws/install/myword_650610841:/home/robot_ws/install/assign4_650610841:/home/robot_ws/install/assign3_650610841:/home/robot_ws/install/assign1_650610841:/home/robot_ws/install/650610841_final:/opt/ros/humble', 'NO_AT_BRIDGE': '1', 'GAZEBO_RESOURCE_PATH': '/usr/share/gazebo-11:', 'GAZEBO_MODEL_DATABASE_URI': 'http://models.gazebosim.org', 'PWD': '/home/robot_ws/build/assign2_650610841', 'LC_ALL': 'C.UTF-8', 'GAZEBO_PLUGIN_PATH': '/usr/lib/x86_64-linux-gnu/gazebo-11/plugins:', 'PYTHONPATH': '/home/robot_ws/build/assign2_650610841/prefix_override:/usr/lib/python3/dist-packages/colcon_core/task/python/colcon_distutils_commands:/home/robot_ws/install/assign2_650610841/lib/python3.10/site-packages:/home/robot_ws/install/assign2_650610841/lib/python3.10/site-packages:/home/robot_ws/install/myword_650610841/local/lib/python3.10/dist-packages:/home/robot_ws/install/assign4_650610841/lib/python3.10/site-packages:/home/robot_ws/install/assign3_650610841/lib/python3.10/site-packages:/home/robot_ws/install/assign1_650610841/lib/python3.10/site-packages:/home/robot_ws/install/650610841_final/lib/python3.10/site-packages:/opt/ros/humble/lib/python3.10/site-packages:/opt/ros/humble/local/lib/python3.10/dist-packages', 'COLCON': '1', 'CMAKE_PREFIX_PATH': '/home/robot_ws/install/myword_650610841:/home/robot_ws/install/sllidar_ros2'}, 'shell': False}
[3.297244] (650610841_final) StdoutLine: {'line': b'running egg_info\n'}
[3.297861] (assign4_650610841) StdoutLine: {'line': b'Installing lidar script to /home/robot_ws/install/assign4_650610841/lib/650610841_final\n'}
[3.298189] (assign4_650610841) StdoutLine: {'line': b"writing list of installed files to '/home/robot_ws/build/assign4_650610841/install.log'\n"}
[3.298763] (assign3_650610841) StdoutLine: {'line': b"writing list of installed files to '/home/robot_ws/build/assign3_650610841/install.log'\n"}
[3.299302] (650610841_final) StdoutLine: {'line': b'writing ../../build/650610841_final/650610841_final.egg-info/PKG-INFO\n'}
[3.299743] (650610841_final) StdoutLine: {'line': b'writing dependency_links to ../../build/650610841_final/650610841_final.egg-info/dependency_links.txt\n'}
[3.300359] (650610841_final) StdoutLine: {'line': b'writing entry points to ../../build/650610841_final/650610841_final.egg-info/entry_points.txt\n'}
[3.301001] (650610841_final) StdoutLine: {'line': b'writing requirements to ../../build/650610841_final/650610841_final.egg-info/requires.txt\n'}
[3.301433] (650610841_final) StdoutLine: {'line': b'writing top-level names to ../../build/650610841_final/650610841_final.egg-info/top_level.txt\n'}
[3.307652] (650610841_final) StdoutLine: {'line': b"reading manifest file '../../build/650610841_final/650610841_final.egg-info/SOURCES.txt'\n"}
[3.308359] (650610841_final) StdoutLine: {'line': b"adding license file 'LICENSE'\n"}
[3.310568] (650610841_final) StdoutLine: {'line': b"writing manifest file '../../build/650610841_final/650610841_final.egg-info/SOURCES.txt'\n"}
[3.311076] (650610841_final) StdoutLine: {'line': b'running build\n'}
[3.311555] (650610841_final) StdoutLine: {'line': b'running build_py\n'}
[3.311798] (assign1_650610841) StdoutLine: {'line': b'Installing hearer1 script to /home/robot_ws/install/assign1_650610841/lib/assign1_650610841\n'}
[3.312262] (assign1_650610841) StdoutLine: {'line': b'Installing hearer2 script to /home/robot_ws/install/assign1_650610841/lib/assign1_650610841\n'}
[3.312491] (650610841_final) StdoutLine: {'line': b'copying 650610841_final/lidar_controller.py -> /home/robot_ws/build/650610841_final/build/lib/650610841_final\n'}
[3.312712] (assign1_650610841) StdoutLine: {'line': b'Installing whisper script to /home/robot_ws/install/assign1_650610841/lib/assign1_650610841\n'}
[3.313090] (assign1_650610841) StdoutLine: {'line': b"writing list of installed files to '/home/robot_ws/build/assign1_650610841/install.log'\n"}
[3.313504] (650610841_final) StdoutLine: {'line': b'running install\n'}
[3.314078] (650610841_final) StdoutLine: {'line': b'running install_lib\n'}
[3.317028] (650610841_final) StdoutLine: {'line': b'copying /home/robot_ws/build/650610841_final/build/lib/650610841_final/lidar_controller.py -> /home/robot_ws/install/650610841_final/lib/python3.10/site-packages/650610841_final\n'}
[3.319386] (650610841_final) StdoutLine: {'line': b'byte-compiling /home/robot_ws/install/650610841_final/lib/python3.10/site-packages/650610841_final/lidar_controller.py to lidar_controller.cpython-310.pyc\n'}
[3.323096] (650610841_final) StdoutLine: {'line': b'running install_data\n'}
[3.323745] (650610841_final) StdoutLine: {'line': b'running install_egg_info\n'}
[3.325479] (-) TimerEvent: {}
[3.330470] (650610841_final) StdoutLine: {'line': b"removing '/home/robot_ws/install/650610841_final/lib/python3.10/site-packages/650610841_final-0.0.0-py3.10.egg-info' (and everything under it)\n"}
[3.331843] (650610841_final) StdoutLine: {'line': b'Copying ../../build/650610841_final/650610841_final.egg-info to /home/robot_ws/install/650610841_final/lib/python3.10/site-packages/650610841_final-0.0.0-py3.10.egg-info\n'}
[3.336030] (650610841_final) StdoutLine: {'line': b'running install_scripts\n'}
[3.353415] (assign3_650610841) CommandEnded: {'returncode': 0}
[3.368664] (assign3_650610841) JobEnded: {'identifier': 'assign3_650610841', 'rc': 0}
[3.373627] (assign4_650610841) CommandEnded: {'returncode': 0}
[3.389596] (assign4_650610841) JobEnded: {'identifier': 'assign4_650610841', 'rc': 0}
[3.394355] (assign1_650610841) CommandEnded: {'returncode': 0}
[3.408826] (650610841_final) StdoutLine: {'line': b'Installing lidar_controller script to /home/robot_ws/install/650610841_final/lib/650610841_final\n'}
[3.409997] (650610841_final) StdoutLine: {'line': b"writing list of installed files to '/home/robot_ws/build/650610841_final/install.log'\n"}
[3.416768] (assign1_650610841) JobEnded: {'identifier': 'assign1_650610841', 'rc': 0}
[3.425744] (-) TimerEvent: {}
[3.473406] (650610841_final) CommandEnded: {'returncode': 0}
[3.485040] (650610841_final) JobEnded: {'identifier': '650610841_final', 'rc': 0}
[3.526028] (-) TimerEvent: {}
[3.626653] (-) TimerEvent: {}
[3.727148] (-) TimerEvent: {}
[3.751672] (assign2_650610841) StdoutLine: {'line': b'running egg_info\n'}
[3.752860] (assign2_650610841) StdoutLine: {'line': b'writing ../../build/assign2_650610841/assign2_650610841.egg-info/PKG-INFO\n'}
[3.753310] (assign2_650610841) StdoutLine: {'line': b'writing dependency_links to ../../build/assign2_650610841/assign2_650610841.egg-info/dependency_links.txt\n'}
[3.754072] (assign2_650610841) StdoutLine: {'line': b'writing entry points to ../../build/assign2_650610841/assign2_650610841.egg-info/entry_points.txt\n'}
[3.754345] (assign2_650610841) StdoutLine: {'line': b'writing requirements to ../../build/assign2_650610841/assign2_650610841.egg-info/requires.txt\n'}
[3.754552] (assign2_650610841) StdoutLine: {'line': b'writing top-level names to ../../build/assign2_650610841/assign2_650610841.egg-info/top_level.txt\n'}
[3.758163] (assign2_650610841) StdoutLine: {'line': b"reading manifest file '../../build/assign2_650610841/assign2_650610841.egg-info/SOURCES.txt'\n"}
[3.758609] (assign2_650610841) StdoutLine: {'line': b"adding license file 'LICENSE'\n"}
[3.759715] (assign2_650610841) StdoutLine: {'line': b"writing manifest file '../../build/assign2_650610841/assign2_650610841.egg-info/SOURCES.txt'\n"}
[3.760252] (assign2_650610841) StdoutLine: {'line': b'running build\n'}
[3.760397] (assign2_650610841) StdoutLine: {'line': b'running build_py\n'}
[3.760662] (assign2_650610841) StdoutLine: {'line': b'running install\n'}
[3.761230] (assign2_650610841) StdoutLine: {'line': b'running install_lib\n'}
[3.763327] (assign2_650610841) StdoutLine: {'line': b'running install_data\n'}
[3.763602] (assign2_650610841) StdoutLine: {'line': b'running install_egg_info\n'}
[3.766830] (assign2_650610841) StdoutLine: {'line': b"removing '/home/robot_ws/install/assign2_650610841/lib/python3.10/site-packages/assign2_650610841-0.0.0-py3.10.egg-info' (and everything under it)\n"}
[3.767300] (assign2_650610841) StdoutLine: {'line': b'Copying ../../build/assign2_650610841/assign2_650610841.egg-info to /home/robot_ws/install/assign2_650610841/lib/python3.10/site-packages/assign2_650610841-0.0.0-py3.10.egg-info\n'}
[3.768344] (assign2_650610841) StdoutLine: {'line': b'running install_scripts\n'}
[3.808192] (assign2_650610841) StdoutLine: {'line': b'Installing client script to /home/robot_ws/install/assign2_650610841/lib/assign2_650610841\n'}
[3.808729] (assign2_650610841) StdoutLine: {'line': b'Installing server script to /home/robot_ws/install/assign2_650610841/lib/assign2_650610841\n'}
[3.809092] (assign2_650610841) StdoutLine: {'line': b'Installing subscriber script to /home/robot_ws/install/assign2_650610841/lib/assign2_650610841\n'}
[3.809341] (assign2_650610841) StdoutLine: {'line': b"writing list of installed files to '/home/robot_ws/build/assign2_650610841/install.log'\n"}
[3.827277] (-) TimerEvent: {}
[3.849022] (assign2_650610841) CommandEnded: {'returncode': 0}
[3.863353] (assign2_650610841) JobEnded: {'identifier': 'assign2_650610841', 'rc': 0}
[3.866179] (-) EventReactorShutdown: {}
