/home/robot_ws/install/assign1_650610832/lib/python3.10/site-packages/assign1_650610832/hearer1_650610832.py
/home/robot_ws/install/assign1_650610832/lib/python3.10/site-packages/assign1_650610832/hearer2_650610832.py
/home/robot_ws/install/assign1_650610832/lib/python3.10/site-packages/assign1_650610832/whisper_650610832.py
/home/robot_ws/install/assign1_650610832/lib/python3.10/site-packages/assign1_650610832/__init__.py
/home/robot_ws/install/assign1_650610832/lib/python3.10/site-packages/assign1_650610832/__pycache__/hearer1_650610832.cpython-310.pyc
/home/robot_ws/install/assign1_650610832/lib/python3.10/site-packages/assign1_650610832/__pycache__/hearer2_650610832.cpython-310.pyc
/home/robot_ws/install/assign1_650610832/lib/python3.10/site-packages/assign1_650610832/__pycache__/whisper_650610832.cpython-310.pyc
/home/robot_ws/install/assign1_650610832/lib/python3.10/site-packages/assign1_650610832/__pycache__/__init__.cpython-310.pyc
/home/robot_ws/install/assign1_650610832/share/ament_index/resource_index/packages/assign1_650610832
/home/robot_ws/install/assign1_650610832/share/assign1_650610832/package.xml
/home/robot_ws/install/assign1_650610832/lib/python3.10/site-packages/assign1_650610832-0.0.0-py3.10.egg-info/dependency_links.txt
/home/robot_ws/install/assign1_650610832/lib/python3.10/site-packages/assign1_650610832-0.0.0-py3.10.egg-info/entry_points.txt
/home/robot_ws/install/assign1_650610832/lib/python3.10/site-packages/assign1_650610832-0.0.0-py3.10.egg-info/PKG-INFO
/home/robot_ws/install/assign1_650610832/lib/python3.10/site-packages/assign1_650610832-0.0.0-py3.10.egg-info/requires.txt
/home/robot_ws/install/assign1_650610832/lib/python3.10/site-packages/assign1_650610832-0.0.0-py3.10.egg-info/SOURCES.txt
/home/robot_ws/install/assign1_650610832/lib/python3.10/site-packages/assign1_650610832-0.0.0-py3.10.egg-info/top_level.txt
/home/robot_ws/install/assign1_650610832/lib/python3.10/site-packages/assign1_650610832-0.0.0-py3.10.egg-info/zip-safe
/home/robot_ws/install/assign1_650610832/lib/assign1_650610832/Pnode
/home/robot_ws/install/assign1_650610832/lib/assign1_650610832/S1node
/home/robot_ws/install/assign1_650610832/lib/assign1_650610832/S2node
