[0.044s] Invoking command in '/home/robot_ws/build/myword_650610841': CMAKE_PREFIX_PATH=${CMAKE_PREFIX_PATH}:/home/robot_ws/install/assign2_650610841:/home/robot_ws/install/assign4_650610841:/home/robot_ws/install/assign3_650610841:/home/robot_ws/install/assign1_650610841:/home/robot_ws/install/650610841_final:/opt/ros/humble /usr/bin/cmake --build /home/robot_ws/build/myword_650610841 -- -j16 -l16
[0.776s] [ 10%] Built target myword_650610841__rosidl_generator_c
[0.776s] [ 12%] Built target myword_650610841__cpp
[0.776s] [ 12%] Built target ament_cmake_python_copy_myword_650610841
[0.776s] [ 23%] Built target myword_650610841__rosidl_typesupport_introspection_c
[0.776s] [ 33%] Built target myword_650610841__rosidl_typesupport_c
[0.776s] [ 43%] Built target myword_650610841__rosidl_typesupport_introspection_cpp
[0.776s] [ 53%] Built target myword_650610841__rosidl_typesupport_fastrtps_cpp
[0.777s] [ 64%] Built target myword_650610841__rosidl_typesupport_fastrtps_c
[0.778s] [ 74%] Built target myword_650610841__rosidl_typesupport_cpp
[0.778s] [ 74%] Built target myword_650610841
[0.778s] [ 76%] Built target myword_650610841__py
[0.778s] [ 84%] Built target myword_650610841__rosidl_generator_py
[0.778s] [ 89%] Built target myword_650610841__rosidl_typesupport_introspection_c__pyext
[0.779s] [ 94%] Built target myword_650610841__rosidl_typesupport_fastrtps_c__pyext
[0.779s] [100%] Built target myword_650610841__rosidl_typesupport_c__pyext
[0.779s] running egg_info
[0.779s] writing myword_650610841.egg-info/PKG-INFO
[0.779s] writing dependency_links to myword_650610841.egg-info/dependency_links.txt
[0.779s] writing top-level names to myword_650610841.egg-info/top_level.txt
[0.779s] reading manifest file 'myword_650610841.egg-info/SOURCES.txt'
[0.779s] writing manifest file 'myword_650610841.egg-info/SOURCES.txt'
[0.779s] [100%] Built target ament_cmake_python_build_myword_650610841_egg
[0.779s] Invoked command in '/home/robot_ws/build/myword_650610841' returned '0': CMAKE_PREFIX_PATH=${CMAKE_PREFIX_PATH}:/home/robot_ws/install/assign2_650610841:/home/robot_ws/install/assign4_650610841:/home/robot_ws/install/assign3_650610841:/home/robot_ws/install/assign1_650610841:/home/robot_ws/install/650610841_final:/opt/ros/humble /usr/bin/cmake --build /home/robot_ws/build/myword_650610841 -- -j16 -l16
[0.785s] Invoking command in '/home/robot_ws/build/myword_650610841': CMAKE_PREFIX_PATH=${CMAKE_PREFIX_PATH}:/home/robot_ws/install/assign2_650610841:/home/robot_ws/install/assign4_650610841:/home/robot_ws/install/assign3_650610841:/home/robot_ws/install/assign1_650610841:/home/robot_ws/install/650610841_final:/opt/ros/humble /usr/bin/cmake --install /home/robot_ws/build/myword_650610841
[0.792s] -- Install configuration: ""
[0.793s] -- Up-to-date: /home/robot_ws/install/myword_650610841/share/ament_index/resource_index/rosidl_interfaces/myword_650610841
[0.793s] -- Up-to-date: /home/robot_ws/install/myword_650610841/include/myword_650610841/myword_650610841
[0.793s] -- Up-to-date: /home/robot_ws/install/myword_650610841/include/myword_650610841/myword_650610841/msg
[0.793s] -- Up-to-date: /home/robot_ws/install/myword_650610841/include/myword_650610841/myword_650610841/msg/rosidl_generator_c__visibility_control.h
[0.793s] -- Up-to-date: /home/robot_ws/install/myword_650610841/include/myword_650610841/myword_650610841/msg/detail
[0.793s] -- Up-to-date: /home/robot_ws/install/myword_650610841/include/myword_650610841/myword_650610841/msg/detail/num__type_support.h
[0.793s] -- Up-to-date: /home/robot_ws/install/myword_650610841/include/myword_650610841/myword_650610841/msg/detail/num__functions.h
[0.793s] -- Up-to-date: /home/robot_ws/install/myword_650610841/include/myword_650610841/myword_650610841/msg/detail/num__functions.c
[0.794s] -- Up-to-date: /home/robot_ws/install/myword_650610841/include/myword_650610841/myword_650610841/msg/detail/num__struct.h
[0.794s] -- Up-to-date: /home/robot_ws/install/myword_650610841/include/myword_650610841/myword_650610841/msg/num.h
[0.794s] -- Up-to-date: /home/robot_ws/install/myword_650610841/include/myword_650610841/myword_650610841/srv
[0.794s] -- Up-to-date: /home/robot_ws/install/myword_650610841/include/myword_650610841/myword_650610841/srv/sum_four_int.h
[0.794s] -- Up-to-date: /home/robot_ws/install/myword_650610841/include/myword_650610841/myword_650610841/srv/detail
[0.794s] -- Up-to-date: /home/robot_ws/install/myword_650610841/include/myword_650610841/myword_650610841/srv/detail/sum_four_int__functions.c
[0.794s] -- Up-to-date: /home/robot_ws/install/myword_650610841/include/myword_650610841/myword_650610841/srv/detail/sum_four_int__struct.h
[0.794s] -- Up-to-date: /home/robot_ws/install/myword_650610841/include/myword_650610841/myword_650610841/srv/detail/sum_four_int__functions.h
[0.797s] -- Up-to-date: /home/robot_ws/install/myword_650610841/include/myword_650610841/myword_650610841/srv/detail/sum_four_int__type_support.h
[0.799s] -- Up-to-date: /home/robot_ws/install/myword_650610841/share/myword_650610841/environment/library_path.sh
[0.800s] -- Up-to-date: /home/robot_ws/install/myword_650610841/share/myword_650610841/environment/library_path.dsv
[0.803s] -- Up-to-date: /home/robot_ws/install/myword_650610841/lib/libmyword_650610841__rosidl_generator_c.so
[0.805s] -- Up-to-date: /home/robot_ws/install/myword_650610841/include/myword_650610841/myword_650610841
[0.805s] -- Up-to-date: /home/robot_ws/install/myword_650610841/include/myword_650610841/myword_650610841/msg
[0.807s] -- Up-to-date: /home/robot_ws/install/myword_650610841/include/myword_650610841/myword_650610841/msg/rosidl_typesupport_fastrtps_c__visibility_control.h
[0.816s] -- Up-to-date: /home/robot_ws/install/myword_650610841/include/myword_650610841/myword_650610841/msg/detail
[0.820s] -- Up-to-date: /home/robot_ws/install/myword_650610841/include/myword_650610841/myword_650610841/msg/detail/num__rosidl_typesupport_fastrtps_c.h
[0.826s] -- Up-to-date: /home/robot_ws/install/myword_650610841/include/myword_650610841/myword_650610841/srv
[0.827s] -- Up-to-date: /home/robot_ws/install/myword_650610841/include/myword_650610841/myword_650610841/srv/detail
[0.828s] -- Up-to-date: /home/robot_ws/install/myword_650610841/include/myword_650610841/myword_650610841/srv/detail/sum_four_int__rosidl_typesupport_fastrtps_c.h
[0.830s] -- Up-to-date: /home/robot_ws/install/myword_650610841/lib/libmyword_650610841__rosidl_typesupport_fastrtps_c.so
[0.831s] -- Up-to-date: /home/robot_ws/install/myword_650610841/include/myword_650610841/myword_650610841
[0.832s] -- Up-to-date: /home/robot_ws/install/myword_650610841/include/myword_650610841/myword_650610841/msg
[0.833s] -- Up-to-date: /home/robot_ws/install/myword_650610841/include/myword_650610841/myword_650610841/msg/detail
[0.836s] -- Up-to-date: /home/robot_ws/install/myword_650610841/include/myword_650610841/myword_650610841/msg/detail/num__type_support.c
[0.837s] -- Up-to-date: /home/robot_ws/install/myword_650610841/include/myword_650610841/myword_650610841/msg/detail/num__rosidl_typesupport_introspection_c.h
[0.841s] -- Up-to-date: /home/robot_ws/install/myword_650610841/include/myword_650610841/myword_650610841/msg/rosidl_typesupport_introspection_c__visibility_control.h
[0.842s] -- Up-to-date: /home/robot_ws/install/myword_650610841/include/myword_650610841/myword_650610841/srv
[0.843s] -- Up-to-date: /home/robot_ws/install/myword_650610841/include/myword_650610841/myword_650610841/srv/detail
[0.849s] -- Up-to-date: /home/robot_ws/install/myword_650610841/include/myword_650610841/myword_650610841/srv/detail/sum_four_int__rosidl_typesupport_introspection_c.h
[0.849s] -- Up-to-date: /home/robot_ws/install/myword_650610841/include/myword_650610841/myword_650610841/srv/detail/sum_four_int__type_support.c
[0.850s] -- Up-to-date: /home/robot_ws/install/myword_650610841/lib/libmyword_650610841__rosidl_typesupport_introspection_c.so
[0.850s] -- Up-to-date: /home/robot_ws/install/myword_650610841/lib/libmyword_650610841__rosidl_typesupport_c.so
[0.851s] -- Up-to-date: /home/robot_ws/install/myword_650610841/include/myword_650610841/myword_650610841
[0.858s] -- Up-to-date: /home/robot_ws/install/myword_650610841/include/myword_650610841/myword_650610841/msg
[0.858s] -- Up-to-date: /home/robot_ws/install/myword_650610841/include/myword_650610841/myword_650610841/msg/num.hpp
[0.859s] -- Up-to-date: /home/robot_ws/install/myword_650610841/include/myword_650610841/myword_650610841/msg/rosidl_generator_cpp__visibility_control.hpp
[0.859s] -- Up-to-date: /home/robot_ws/install/myword_650610841/include/myword_650610841/myword_650610841/msg/detail
[0.859s] -- Up-to-date: /home/robot_ws/install/myword_650610841/include/myword_650610841/myword_650610841/msg/detail/num__traits.hpp
[0.859s] -- Up-to-date: /home/robot_ws/install/myword_650610841/include/myword_650610841/myword_650610841/msg/detail/num__struct.hpp
[0.859s] -- Up-to-date: /home/robot_ws/install/myword_650610841/include/myword_650610841/myword_650610841/msg/detail/num__builder.hpp
[0.859s] -- Up-to-date: /home/robot_ws/install/myword_650610841/include/myword_650610841/myword_650610841/msg/detail/num__type_support.hpp
[0.859s] -- Up-to-date: /home/robot_ws/install/myword_650610841/include/myword_650610841/myword_650610841/srv
[0.860s] -- Up-to-date: /home/robot_ws/install/myword_650610841/include/myword_650610841/myword_650610841/srv/detail
[0.860s] -- Up-to-date: /home/robot_ws/install/myword_650610841/include/myword_650610841/myword_650610841/srv/detail/sum_four_int__type_support.hpp
[0.861s] -- Up-to-date: /home/robot_ws/install/myword_650610841/include/myword_650610841/myword_650610841/srv/detail/sum_four_int__struct.hpp
[0.861s] -- Up-to-date: /home/robot_ws/install/myword_650610841/include/myword_650610841/myword_650610841/srv/detail/sum_four_int__builder.hpp
[0.861s] -- Up-to-date: /home/robot_ws/install/myword_650610841/include/myword_650610841/myword_650610841/srv/detail/sum_four_int__traits.hpp
[0.862s] -- Up-to-date: /home/robot_ws/install/myword_650610841/include/myword_650610841/myword_650610841/srv/sum_four_int.hpp
[0.862s] -- Up-to-date: /home/robot_ws/install/myword_650610841/include/myword_650610841/myword_650610841
[0.863s] -- Up-to-date: /home/robot_ws/install/myword_650610841/include/myword_650610841/myword_650610841/msg
[0.863s] -- Up-to-date: /home/robot_ws/install/myword_650610841/include/myword_650610841/myword_650610841/msg/detail
[0.864s] -- Up-to-date: /home/robot_ws/install/myword_650610841/include/myword_650610841/myword_650610841/msg/detail/dds_fastrtps
[0.864s] -- Up-to-date: /home/robot_ws/install/myword_650610841/include/myword_650610841/myword_650610841/msg/detail/num__rosidl_typesupport_fastrtps_cpp.hpp
[0.865s] -- Up-to-date: /home/robot_ws/install/myword_650610841/include/myword_650610841/myword_650610841/msg/rosidl_typesupport_fastrtps_cpp__visibility_control.h
[0.866s] -- Up-to-date: /home/robot_ws/install/myword_650610841/include/myword_650610841/myword_650610841/srv
[0.867s] -- Up-to-date: /home/robot_ws/install/myword_650610841/include/myword_650610841/myword_650610841/srv/detail
[0.867s] -- Up-to-date: /home/robot_ws/install/myword_650610841/include/myword_650610841/myword_650610841/srv/detail/sum_four_int__rosidl_typesupport_fastrtps_cpp.hpp
[0.868s] -- Up-to-date: /home/robot_ws/install/myword_650610841/include/myword_650610841/myword_650610841/srv/detail/dds_fastrtps
[0.869s] -- Up-to-date: /home/robot_ws/install/myword_650610841/lib/libmyword_650610841__rosidl_typesupport_fastrtps_cpp.so
[0.869s] -- Up-to-date: /home/robot_ws/install/myword_650610841/include/myword_650610841/myword_650610841
[0.870s] -- Up-to-date: /home/robot_ws/install/myword_650610841/include/myword_650610841/myword_650610841/msg
[0.871s] -- Up-to-date: /home/robot_ws/install/myword_650610841/include/myword_650610841/myword_650610841/msg/detail
[0.871s] -- Up-to-date: /home/robot_ws/install/myword_650610841/include/myword_650610841/myword_650610841/msg/detail/num__type_support.cpp
[0.872s] -- Up-to-date: /home/robot_ws/install/myword_650610841/include/myword_650610841/myword_650610841/msg/detail/num__rosidl_typesupport_introspection_cpp.hpp
[0.872s] -- Up-to-date: /home/robot_ws/install/myword_650610841/include/myword_650610841/myword_650610841/srv
[0.872s] -- Up-to-date: /home/robot_ws/install/myword_650610841/include/myword_650610841/myword_650610841/srv/detail
[0.873s] -- Up-to-date: /home/robot_ws/install/myword_650610841/include/myword_650610841/myword_650610841/srv/detail/sum_four_int__rosidl_typesupport_introspection_cpp.hpp
[0.874s] -- Up-to-date: /home/robot_ws/install/myword_650610841/include/myword_650610841/myword_650610841/srv/detail/sum_four_int__type_support.cpp
[0.874s] -- Up-to-date: /home/robot_ws/install/myword_650610841/lib/libmyword_650610841__rosidl_typesupport_introspection_cpp.so
[0.875s] -- Up-to-date: /home/robot_ws/install/myword_650610841/lib/libmyword_650610841__rosidl_typesupport_cpp.so
[0.875s] -- Up-to-date: /home/robot_ws/install/myword_650610841/share/myword_650610841/environment/pythonpath.sh
[0.875s] -- Up-to-date: /home/robot_ws/install/myword_650610841/share/myword_650610841/environment/pythonpath.dsv
[0.876s] -- Up-to-date: /home/robot_ws/install/myword_650610841/local/lib/python3.10/dist-packages/myword_650610841-0.0.0-py3.10.egg-info
[0.876s] -- Installing: /home/robot_ws/install/myword_650610841/local/lib/python3.10/dist-packages/myword_650610841-0.0.0-py3.10.egg-info/SOURCES.txt
[0.877s] -- Installing: /home/robot_ws/install/myword_650610841/local/lib/python3.10/dist-packages/myword_650610841-0.0.0-py3.10.egg-info/PKG-INFO
[0.877s] -- Installing: /home/robot_ws/install/myword_650610841/local/lib/python3.10/dist-packages/myword_650610841-0.0.0-py3.10.egg-info/top_level.txt
[0.878s] -- Installing: /home/robot_ws/install/myword_650610841/local/lib/python3.10/dist-packages/myword_650610841-0.0.0-py3.10.egg-info/dependency_links.txt
[0.878s] -- Up-to-date: /home/robot_ws/install/myword_650610841/local/lib/python3.10/dist-packages/myword_650610841
[0.878s] -- Up-to-date: /home/robot_ws/install/myword_650610841/local/lib/python3.10/dist-packages/myword_650610841/myword_650610841_s__rosidl_typesupport_introspection_c.cpython-310-x86_64-linux-gnu.so
[0.879s] -- Up-to-date: /home/robot_ws/install/myword_650610841/local/lib/python3.10/dist-packages/myword_650610841/msg
[0.879s] -- Up-to-date: /home/robot_ws/install/myword_650610841/local/lib/python3.10/dist-packages/myword_650610841/msg/_num.py
[0.880s] -- Up-to-date: /home/robot_ws/install/myword_650610841/local/lib/python3.10/dist-packages/myword_650610841/msg/_num_s.c
[0.880s] -- Up-to-date: /home/robot_ws/install/myword_650610841/local/lib/python3.10/dist-packages/myword_650610841/msg/__init__.py
[0.881s] -- Up-to-date: /home/robot_ws/install/myword_650610841/local/lib/python3.10/dist-packages/myword_650610841/_myword_650610841_s.ep.rosidl_typesupport_fastrtps_c.c
[0.881s] -- Up-to-date: /home/robot_ws/install/myword_650610841/local/lib/python3.10/dist-packages/myword_650610841/libmyword_650610841__rosidl_generator_py.so
[0.883s] -- Up-to-date: /home/robot_ws/install/myword_650610841/local/lib/python3.10/dist-packages/myword_650610841/_myword_650610841_s.ep.rosidl_typesupport_c.c
[0.884s] -- Up-to-date: /home/robot_ws/install/myword_650610841/local/lib/python3.10/dist-packages/myword_650610841/srv
[0.885s] -- Up-to-date: /home/robot_ws/install/myword_650610841/local/lib/python3.10/dist-packages/myword_650610841/srv/_sum_four_int_s.c
[0.885s] -- Up-to-date: /home/robot_ws/install/myword_650610841/local/lib/python3.10/dist-packages/myword_650610841/srv/__init__.py
[0.885s] -- Up-to-date: /home/robot_ws/install/myword_650610841/local/lib/python3.10/dist-packages/myword_650610841/srv/_sum_four_int.py
[0.885s] -- Up-to-date: /home/robot_ws/install/myword_650610841/local/lib/python3.10/dist-packages/myword_650610841/myword_650610841_s__rosidl_typesupport_c.cpython-310-x86_64-linux-gnu.so
[0.885s] -- Up-to-date: /home/robot_ws/install/myword_650610841/local/lib/python3.10/dist-packages/myword_650610841/myword_650610841_s__rosidl_typesupport_fastrtps_c.cpython-310-x86_64-linux-gnu.so
[0.885s] -- Up-to-date: /home/robot_ws/install/myword_650610841/local/lib/python3.10/dist-packages/myword_650610841/_myword_650610841_s.ep.rosidl_typesupport_introspection_c.c
[0.885s] -- Up-to-date: /home/robot_ws/install/myword_650610841/local/lib/python3.10/dist-packages/myword_650610841/__init__.py
[1.088s] Listing '/home/robot_ws/install/myword_650610841/local/lib/python3.10/dist-packages/myword_650610841'...
[1.090s] Listing '/home/robot_ws/install/myword_650610841/local/lib/python3.10/dist-packages/myword_650610841/msg'...
[1.091s] Listing '/home/robot_ws/install/myword_650610841/local/lib/python3.10/dist-packages/myword_650610841/srv'...
[1.123s] -- Up-to-date: /home/robot_ws/install/myword_650610841/local/lib/python3.10/dist-packages/myword_650610841/myword_650610841_s__rosidl_typesupport_fastrtps_c.cpython-310-x86_64-linux-gnu.so
[1.125s] -- Up-to-date: /home/robot_ws/install/myword_650610841/local/lib/python3.10/dist-packages/myword_650610841/myword_650610841_s__rosidl_typesupport_introspection_c.cpython-310-x86_64-linux-gnu.so
[1.127s] -- Up-to-date: /home/robot_ws/install/myword_650610841/local/lib/python3.10/dist-packages/myword_650610841/myword_650610841_s__rosidl_typesupport_c.cpython-310-x86_64-linux-gnu.so
[1.129s] -- Up-to-date: /home/robot_ws/install/myword_650610841/lib/libmyword_650610841__rosidl_generator_py.so
[1.134s] -- Up-to-date: /home/robot_ws/install/myword_650610841/share/myword_650610841/msg/Num.idl
[1.135s] -- Up-to-date: /home/robot_ws/install/myword_650610841/share/myword_650610841/srv/SumFourInt.idl
[1.136s] -- Up-to-date: /home/robot_ws/install/myword_650610841/share/myword_650610841/msg/Num.msg
[1.137s] -- Up-to-date: /home/robot_ws/install/myword_650610841/share/myword_650610841/srv/SumFourInt.srv
[1.139s] -- Up-to-date: /home/robot_ws/install/myword_650610841/share/myword_650610841/srv/SumFourInt_Request.msg
[1.140s] -- Up-to-date: /home/robot_ws/install/myword_650610841/share/myword_650610841/srv/SumFourInt_Response.msg
[1.143s] -- Up-to-date: /home/robot_ws/install/myword_650610841/share/ament_index/resource_index/package_run_dependencies/myword_650610841
[1.145s] -- Up-to-date: /home/robot_ws/install/myword_650610841/share/ament_index/resource_index/parent_prefix_path/myword_650610841
[1.146s] -- Up-to-date: /home/robot_ws/install/myword_650610841/share/myword_650610841/environment/ament_prefix_path.sh
[1.147s] -- Up-to-date: /home/robot_ws/install/myword_650610841/share/myword_650610841/environment/ament_prefix_path.dsv
[1.147s] -- Up-to-date: /home/robot_ws/install/myword_650610841/share/myword_650610841/environment/path.sh
[1.147s] -- Up-to-date: /home/robot_ws/install/myword_650610841/share/myword_650610841/environment/path.dsv
[1.148s] -- Up-to-date: /home/robot_ws/install/myword_650610841/share/myword_650610841/local_setup.bash
[1.149s] -- Up-to-date: /home/robot_ws/install/myword_650610841/share/myword_650610841/local_setup.sh
[1.149s] -- Up-to-date: /home/robot_ws/install/myword_650610841/share/myword_650610841/local_setup.zsh
[1.150s] -- Up-to-date: /home/robot_ws/install/myword_650610841/share/myword_650610841/local_setup.dsv
[1.151s] -- Installing: /home/robot_ws/install/myword_650610841/share/myword_650610841/package.dsv
[1.151s] -- Up-to-date: /home/robot_ws/install/myword_650610841/share/ament_index/resource_index/packages/myword_650610841
[1.152s] -- Up-to-date: /home/robot_ws/install/myword_650610841/share/myword_650610841/cmake/export_myword_650610841__rosidl_generator_cExport.cmake
[1.156s] -- Up-to-date: /home/robot_ws/install/myword_650610841/share/myword_650610841/cmake/export_myword_650610841__rosidl_generator_cExport-noconfig.cmake
[1.161s] -- Up-to-date: /home/robot_ws/install/myword_650610841/share/myword_650610841/cmake/export_myword_650610841__rosidl_typesupport_fastrtps_cExport.cmake
[1.163s] -- Up-to-date: /home/robot_ws/install/myword_650610841/share/myword_650610841/cmake/export_myword_650610841__rosidl_typesupport_fastrtps_cExport-noconfig.cmake
[1.165s] -- Up-to-date: /home/robot_ws/install/myword_650610841/share/myword_650610841/cmake/myword_650610841__rosidl_typesupport_introspection_cExport.cmake
[1.166s] -- Up-to-date: /home/robot_ws/install/myword_650610841/share/myword_650610841/cmake/myword_650610841__rosidl_typesupport_introspection_cExport-noconfig.cmake
[1.166s] -- Up-to-date: /home/robot_ws/install/myword_650610841/share/myword_650610841/cmake/myword_650610841__rosidl_typesupport_cExport.cmake
[1.167s] -- Up-to-date: /home/robot_ws/install/myword_650610841/share/myword_650610841/cmake/myword_650610841__rosidl_typesupport_cExport-noconfig.cmake
[1.167s] -- Up-to-date: /home/robot_ws/install/myword_650610841/share/myword_650610841/cmake/export_myword_650610841__rosidl_generator_cppExport.cmake
[1.168s] -- Up-to-date: /home/robot_ws/install/myword_650610841/share/myword_650610841/cmake/export_myword_650610841__rosidl_typesupport_fastrtps_cppExport.cmake
[1.168s] -- Up-to-date: /home/robot_ws/install/myword_650610841/share/myword_650610841/cmake/export_myword_650610841__rosidl_typesupport_fastrtps_cppExport-noconfig.cmake
[1.169s] -- Up-to-date: /home/robot_ws/install/myword_650610841/share/myword_650610841/cmake/myword_650610841__rosidl_typesupport_introspection_cppExport.cmake
[1.171s] -- Up-to-date: /home/robot_ws/install/myword_650610841/share/myword_650610841/cmake/myword_650610841__rosidl_typesupport_introspection_cppExport-noconfig.cmake
[1.171s] -- Up-to-date: /home/robot_ws/install/myword_650610841/share/myword_650610841/cmake/myword_650610841__rosidl_typesupport_cppExport.cmake
[1.172s] -- Up-to-date: /home/robot_ws/install/myword_650610841/share/myword_650610841/cmake/myword_650610841__rosidl_typesupport_cppExport-noconfig.cmake
[1.174s] -- Up-to-date: /home/robot_ws/install/myword_650610841/share/myword_650610841/cmake/export_myword_650610841__rosidl_generator_pyExport.cmake
[1.174s] -- Up-to-date: /home/robot_ws/install/myword_650610841/share/myword_650610841/cmake/export_myword_650610841__rosidl_generator_pyExport-noconfig.cmake
[1.175s] -- Up-to-date: /home/robot_ws/install/myword_650610841/share/myword_650610841/cmake/rosidl_cmake-extras.cmake
[1.175s] -- Up-to-date: /home/robot_ws/install/myword_650610841/share/myword_650610841/cmake/ament_cmake_export_include_directories-extras.cmake
[1.176s] -- Up-to-date: /home/robot_ws/install/myword_650610841/share/myword_650610841/cmake/ament_cmake_export_libraries-extras.cmake
[1.176s] -- Up-to-date: /home/robot_ws/install/myword_650610841/share/myword_650610841/cmake/ament_cmake_export_targets-extras.cmake
[1.177s] -- Up-to-date: /home/robot_ws/install/myword_650610841/share/myword_650610841/cmake/rosidl_cmake_export_typesupport_targets-extras.cmake
[1.177s] -- Up-to-date: /home/robot_ws/install/myword_650610841/share/myword_650610841/cmake/ament_cmake_export_dependencies-extras.cmake
[1.178s] -- Up-to-date: /home/robot_ws/install/myword_650610841/share/myword_650610841/cmake/rosidl_cmake_export_typesupport_libraries-extras.cmake
[1.182s] -- Up-to-date: /home/robot_ws/install/myword_650610841/share/myword_650610841/cmake/myword_650610841Config.cmake
[1.184s] -- Up-to-date: /home/robot_ws/install/myword_650610841/share/myword_650610841/cmake/myword_650610841Config-version.cmake
[1.186s] -- Up-to-date: /home/robot_ws/install/myword_650610841/share/myword_650610841/package.xml
[1.187s] Invoked command in '/home/robot_ws/build/myword_650610841' returned '0': CMAKE_PREFIX_PATH=${CMAKE_PREFIX_PATH}:/home/robot_ws/install/assign2_650610841:/home/robot_ws/install/assign4_650610841:/home/robot_ws/install/assign3_650610841:/home/robot_ws/install/assign1_650610841:/home/robot_ws/install/650610841_final:/opt/ros/humble /usr/bin/cmake --install /home/robot_ws/build/myword_650610841
