[0.000000] (-) TimerEvent: {}
[0.000268] (650610841_final) JobQueued: {'identifier': '650610841_final', 'dependencies': OrderedDict()}
[0.000405] (assign1_650610841) JobQueued: {'identifier': 'assign1_650610841', 'dependencies': OrderedDict()}
[0.000420] (assign3_650610841) JobQueued: {'identifier': 'assign3_650610841', 'dependencies': OrderedDict()}
[0.000429] (assign4_650610841) JobQueued: {'identifier': 'assign4_650610841', 'dependencies': OrderedDict()}
[0.000438] (myword_650610841) JobQueued: {'identifier': 'myword_650610841', 'dependencies': OrderedDict()}
[0.000447] (sllidar_ros2) JobQueued: {'identifier': 'sllidar_ros2', 'dependencies': OrderedDict()}
[0.000455] (assign2_650610841) JobQueued: {'identifier': 'assign2_650610841', 'dependencies': OrderedDict([('myword_650610841', '/home/robot_ws/install/myword_650610841')])}
[0.000759] (myword_650610841) JobStarted: {'identifier': 'myword_650610841'}
[0.011938] (650610841_final) JobStarted: {'identifier': '650610841_final'}
[0.015603] (assign1_650610841) JobStarted: {'identifier': 'assign1_650610841'}
[0.018991] (assign3_650610841) JobStarted: {'identifier': 'assign3_650610841'}
[0.022816] (assign4_650610841) JobStarted: {'identifier': 'assign4_650610841'}
[0.025946] (sllidar_ros2) JobStarted: {'identifier': 'sllidar_ros2'}
[0.029499] (myword_650610841) JobProgress: {'identifier': 'myword_650610841', 'progress': 'cmake'}
[0.029891] (myword_650610841) JobProgress: {'identifier': 'myword_650610841', 'progress': 'build'}
[0.030280] (myword_650610841) Command: {'cmd': ['/usr/bin/cmake', '--build', '/home/robot_ws/build/myword_650610841', '--', '-j16', '-l16'], 'cwd': '/home/robot_ws/build/myword_650610841', 'env': OrderedDict([('HOSTNAME', 'entity014'), ('SHLVL', '1'), ('LD_LIBRARY_PATH', '/home/robot_ws/install/myword_650610841/lib:/usr/lib/x86_64-linux-gnu/gazebo-11/plugins:/opt/ros/humble/opt/rviz_ogre_vendor/lib:/opt/ros/humble/lib/x86_64-linux-gnu:/opt/ros/humble/lib:/usr/lib/x86_64-linux-gnu/gazebo-11/plugins::/usr/lib/x86_64-linux-gnu/gazebo-11/plugins:/usr/lib/x86_64-linux-gnu/gazebo-11/plugins:'), ('HOME', '/home'), ('GAZEBO_MASTER_URI', 'http://localhost:11345'), ('ROS_PYTHON_VERSION', '3'), ('_colcon_cd_root', '/opt/ros/humble/'), ('COLCON_PREFIX_PATH', '/home/robot_ws/install'), ('ROS_DISTRO', 'humble'), ('_', '/usr/bin/colcon'), ('ROS_VERSION', '2'), ('NVIDIA_DRIVER_CAPABILITIES', 'all'), ('TERM', 'xterm'), ('GAZEBO_MODEL_PATH', '/usr/share/gazebo-11/models:/usr/share/gazebo-11/models:'), ('ROS_LOCALHOST_ONLY', '0'), ('QT_X11_NO_MITSHM', '1'), ('OGRE_RESOURCE_PATH', '/usr/lib/x86_64-linux-gnu/OGRE-1.9.0'), ('PATH', '/opt/ros/humble/bin:/usr/local/sbin:/usr/local/bin:/usr/sbin:/usr/bin:/sbin:/bin'), ('XDG_RUNTIME_DIR', '/tmp/runtime-root'), ('DISPLAY', ':0'), ('LANG', 'C.UTF-8'), ('RMW_IMPLEMENTATION', 'rmw_cyclonedds_cpp'), ('ROS_DOMAIN_ID', '15'), ('AMENT_PREFIX_PATH', '/home/robot_ws/install/sllidar_ros2:/home/robot_ws/install/assign2_650610841:/home/robot_ws/install/myword_650610841:/home/robot_ws/install/assign4_650610841:/home/robot_ws/install/assign3_650610841:/home/robot_ws/install/assign1_650610841:/home/robot_ws/install/650610841_final:/opt/ros/humble'), ('NO_AT_BRIDGE', '1'), ('GAZEBO_RESOURCE_PATH', '/usr/share/gazebo-11:/usr/share/gazebo-11:'), ('GAZEBO_MODEL_DATABASE_URI', 'http://models.gazebosim.org'), ('PWD', '/home/robot_ws/build/myword_650610841'), ('LC_ALL', 'C.UTF-8'), ('GAZEBO_PLUGIN_PATH', '/usr/lib/x86_64-linux-gnu/gazebo-11/plugins:/usr/lib/x86_64-linux-gnu/gazebo-11/plugins:'), ('PYTHONPATH', '/home/robot_ws/install/assign2_650610841/lib/python3.10/site-packages:/home/robot_ws/install/myword_650610841/local/lib/python3.10/dist-packages:/home/robot_ws/install/assign4_650610841/lib/python3.10/site-packages:/home/robot_ws/install/assign3_650610841/lib/python3.10/site-packages:/home/robot_ws/install/assign1_650610841/lib/python3.10/site-packages:/home/robot_ws/install/650610841_final/lib/python3.10/site-packages:/opt/ros/humble/lib/python3.10/site-packages:/opt/ros/humble/local/lib/python3.10/dist-packages'), ('COLCON', '1'), ('CMAKE_PREFIX_PATH', '/home/robot_ws/install/sllidar_ros2:/home/robot_ws/install/myword_650610841:/home/robot_ws/install/assign2_650610841:/home/robot_ws/install/assign4_650610841:/home/robot_ws/install/assign3_650610841:/home/robot_ws/install/assign1_650610841:/home/robot_ws/install/650610841_final:/opt/ros/humble')]), 'shell': False}
[0.099930] (-) TimerEvent: {}
[0.202574] (-) TimerEvent: {}
[0.303979] (-) TimerEvent: {}
[0.404291] (-) TimerEvent: {}
[0.504612] (-) TimerEvent: {}
[0.604906] (-) TimerEvent: {}
[0.705233] (-) TimerEvent: {}
[0.801045] (myword_650610841) StdoutLine: {'line': b'[  2%] Built target myword_650610841__cpp\n'}
[0.801350] (myword_650610841) StdoutLine: {'line': b'[ 12%] Built target myword_650610841__rosidl_generator_c\n'}
[0.801616] (myword_650610841) StdoutLine: {'line': b'[ 12%] Built target ament_cmake_python_copy_myword_650610841\n'}
[0.802179] (myword_650610841) StdoutLine: {'line': b'[ 23%] Built target myword_650610841__rosidl_typesupport_introspection_cpp\n'}
[0.802291] (myword_650610841) StdoutLine: {'line': b'[ 33%] Built target myword_650610841__rosidl_typesupport_cpp\n'}
[0.802683] (myword_650610841) StdoutLine: {'line': b'[ 43%] Built target myword_650610841__rosidl_typesupport_fastrtps_cpp\n'}
[0.802849] (myword_650610841) StdoutLine: {'line': b'[ 53%] Built target myword_650610841__rosidl_typesupport_introspection_c\n'}
[0.802940] (myword_650610841) StdoutLine: {'line': b'[ 64%] Built target myword_650610841__rosidl_typesupport_c\n'}
[0.803062] (myword_650610841) StdoutLine: {'line': b'[ 74%] Built target myword_650610841__rosidl_typesupport_fastrtps_c\n'}
[0.803166] (myword_650610841) StdoutLine: {'line': b'[ 74%] Built target myword_650610841\n'}
[0.803241] (myword_650610841) StdoutLine: {'line': b'[ 76%] Built target myword_650610841__py\n'}
[0.803313] (myword_650610841) StdoutLine: {'line': b'[ 84%] Built target myword_650610841__rosidl_generator_py\n'}
[0.803417] (myword_650610841) StdoutLine: {'line': b'[ 89%] Built target myword_650610841__rosidl_typesupport_c__pyext\n'}
[0.803505] (myword_650610841) StdoutLine: {'line': b'[ 94%] Built target myword_650610841__rosidl_typesupport_introspection_c__pyext\n'}
[0.803575] (myword_650610841) StdoutLine: {'line': b'[100%] Built target myword_650610841__rosidl_typesupport_fastrtps_c__pyext\n'}
[0.803674] (myword_650610841) StdoutLine: {'line': b'running egg_info\n'}
[0.803743] (myword_650610841) StdoutLine: {'line': b'writing myword_650610841.egg-info/PKG-INFO\n'}
[0.803828] (myword_650610841) StdoutLine: {'line': b'writing dependency_links to myword_650610841.egg-info/dependency_links.txt\n'}
[0.803911] (myword_650610841) StdoutLine: {'line': b'writing top-level names to myword_650610841.egg-info/top_level.txt\n'}
[0.803995] (myword_650610841) StdoutLine: {'line': b"reading manifest file 'myword_650610841.egg-info/SOURCES.txt'\n"}
[0.804092] (myword_650610841) StdoutLine: {'line': b"writing manifest file 'myword_650610841.egg-info/SOURCES.txt'\n"}
[0.804160] (myword_650610841) StdoutLine: {'line': b'[100%] Built target ament_cmake_python_build_myword_650610841_egg\n'}
[0.804230] (myword_650610841) CommandEnded: {'returncode': 0}
[0.804487] (myword_650610841) JobProgress: {'identifier': 'myword_650610841', 'progress': 'install'}
[0.805293] (-) TimerEvent: {}
[0.808135] (myword_650610841) Command: {'cmd': ['/usr/bin/cmake', '--install', '/home/robot_ws/build/myword_650610841'], 'cwd': '/home/robot_ws/build/myword_650610841', 'env': OrderedDict([('HOSTNAME', 'entity014'), ('SHLVL', '1'), ('LD_LIBRARY_PATH', '/home/robot_ws/install/myword_650610841/lib:/usr/lib/x86_64-linux-gnu/gazebo-11/plugins:/opt/ros/humble/opt/rviz_ogre_vendor/lib:/opt/ros/humble/lib/x86_64-linux-gnu:/opt/ros/humble/lib:/usr/lib/x86_64-linux-gnu/gazebo-11/plugins::/usr/lib/x86_64-linux-gnu/gazebo-11/plugins:/usr/lib/x86_64-linux-gnu/gazebo-11/plugins:'), ('HOME', '/home'), ('GAZEBO_MASTER_URI', 'http://localhost:11345'), ('ROS_PYTHON_VERSION', '3'), ('_colcon_cd_root', '/opt/ros/humble/'), ('COLCON_PREFIX_PATH', '/home/robot_ws/install'), ('ROS_DISTRO', 'humble'), ('_', '/usr/bin/colcon'), ('ROS_VERSION', '2'), ('NVIDIA_DRIVER_CAPABILITIES', 'all'), ('TERM', 'xterm'), ('GAZEBO_MODEL_PATH', '/usr/share/gazebo-11/models:/usr/share/gazebo-11/models:'), ('ROS_LOCALHOST_ONLY', '0'), ('QT_X11_NO_MITSHM', '1'), ('OGRE_RESOURCE_PATH', '/usr/lib/x86_64-linux-gnu/OGRE-1.9.0'), ('PATH', '/opt/ros/humble/bin:/usr/local/sbin:/usr/local/bin:/usr/sbin:/usr/bin:/sbin:/bin'), ('XDG_RUNTIME_DIR', '/tmp/runtime-root'), ('DISPLAY', ':0'), ('LANG', 'C.UTF-8'), ('RMW_IMPLEMENTATION', 'rmw_cyclonedds_cpp'), ('ROS_DOMAIN_ID', '15'), ('AMENT_PREFIX_PATH', '/home/robot_ws/install/sllidar_ros2:/home/robot_ws/install/assign2_650610841:/home/robot_ws/install/myword_650610841:/home/robot_ws/install/assign4_650610841:/home/robot_ws/install/assign3_650610841:/home/robot_ws/install/assign1_650610841:/home/robot_ws/install/650610841_final:/opt/ros/humble'), ('NO_AT_BRIDGE', '1'), ('GAZEBO_RESOURCE_PATH', '/usr/share/gazebo-11:/usr/share/gazebo-11:'), ('GAZEBO_MODEL_DATABASE_URI', 'http://models.gazebosim.org'), ('PWD', '/home/robot_ws/build/myword_650610841'), ('LC_ALL', 'C.UTF-8'), ('GAZEBO_PLUGIN_PATH', '/usr/lib/x86_64-linux-gnu/gazebo-11/plugins:/usr/lib/x86_64-linux-gnu/gazebo-11/plugins:'), ('PYTHONPATH', '/home/robot_ws/install/assign2_650610841/lib/python3.10/site-packages:/home/robot_ws/install/myword_650610841/local/lib/python3.10/dist-packages:/home/robot_ws/install/assign4_650610841/lib/python3.10/site-packages:/home/robot_ws/install/assign3_650610841/lib/python3.10/site-packages:/home/robot_ws/install/assign1_650610841/lib/python3.10/site-packages:/home/robot_ws/install/650610841_final/lib/python3.10/site-packages:/opt/ros/humble/lib/python3.10/site-packages:/opt/ros/humble/local/lib/python3.10/dist-packages'), ('COLCON', '1'), ('CMAKE_PREFIX_PATH', '/home/robot_ws/install/sllidar_ros2:/home/robot_ws/install/myword_650610841:/home/robot_ws/install/assign2_650610841:/home/robot_ws/install/assign4_650610841:/home/robot_ws/install/assign3_650610841:/home/robot_ws/install/assign1_650610841:/home/robot_ws/install/650610841_final:/opt/ros/humble')]), 'shell': False}
[0.809001] (sllidar_ros2) JobProgress: {'identifier': 'sllidar_ros2', 'progress': 'cmake'}
[0.809304] (sllidar_ros2) JobProgress: {'identifier': 'sllidar_ros2', 'progress': 'build'}
[0.809643] (sllidar_ros2) Command: {'cmd': ['/usr/bin/cmake', '--build', '/home/robot_ws/build/sllidar_ros2', '--', '-j16', '-l16'], 'cwd': '/home/robot_ws/build/sllidar_ros2', 'env': OrderedDict([('HOSTNAME', 'entity014'), ('SHLVL', '1'), ('LD_LIBRARY_PATH', '/home/robot_ws/install/myword_650610841/lib:/usr/lib/x86_64-linux-gnu/gazebo-11/plugins:/opt/ros/humble/opt/rviz_ogre_vendor/lib:/opt/ros/humble/lib/x86_64-linux-gnu:/opt/ros/humble/lib:/usr/lib/x86_64-linux-gnu/gazebo-11/plugins::/usr/lib/x86_64-linux-gnu/gazebo-11/plugins:/usr/lib/x86_64-linux-gnu/gazebo-11/plugins:'), ('HOME', '/home'), ('GAZEBO_MASTER_URI', 'http://localhost:11345'), ('ROS_PYTHON_VERSION', '3'), ('_colcon_cd_root', '/opt/ros/humble/'), ('COLCON_PREFIX_PATH', '/home/robot_ws/install'), ('ROS_DISTRO', 'humble'), ('_', '/usr/bin/colcon'), ('ROS_VERSION', '2'), ('NVIDIA_DRIVER_CAPABILITIES', 'all'), ('TERM', 'xterm'), ('GAZEBO_MODEL_PATH', '/usr/share/gazebo-11/models:/usr/share/gazebo-11/models:'), ('ROS_LOCALHOST_ONLY', '0'), ('QT_X11_NO_MITSHM', '1'), ('OGRE_RESOURCE_PATH', '/usr/lib/x86_64-linux-gnu/OGRE-1.9.0'), ('PATH', '/opt/ros/humble/bin:/usr/local/sbin:/usr/local/bin:/usr/sbin:/usr/bin:/sbin:/bin'), ('XDG_RUNTIME_DIR', '/tmp/runtime-root'), ('DISPLAY', ':0'), ('LANG', 'C.UTF-8'), ('RMW_IMPLEMENTATION', 'rmw_cyclonedds_cpp'), ('ROS_DOMAIN_ID', '15'), ('AMENT_PREFIX_PATH', '/home/robot_ws/install/sllidar_ros2:/home/robot_ws/install/assign2_650610841:/home/robot_ws/install/myword_650610841:/home/robot_ws/install/assign4_650610841:/home/robot_ws/install/assign3_650610841:/home/robot_ws/install/assign1_650610841:/home/robot_ws/install/650610841_final:/opt/ros/humble'), ('NO_AT_BRIDGE', '1'), ('GAZEBO_RESOURCE_PATH', '/usr/share/gazebo-11:/usr/share/gazebo-11:'), ('GAZEBO_MODEL_DATABASE_URI', 'http://models.gazebosim.org'), ('PWD', '/home/robot_ws/build/sllidar_ros2'), ('LC_ALL', 'C.UTF-8'), ('GAZEBO_PLUGIN_PATH', '/usr/lib/x86_64-linux-gnu/gazebo-11/plugins:/usr/lib/x86_64-linux-gnu/gazebo-11/plugins:'), ('PYTHONPATH', '/home/robot_ws/install/assign2_650610841/lib/python3.10/site-packages:/home/robot_ws/install/myword_650610841/local/lib/python3.10/dist-packages:/home/robot_ws/install/assign4_650610841/lib/python3.10/site-packages:/home/robot_ws/install/assign3_650610841/lib/python3.10/site-packages:/home/robot_ws/install/assign1_650610841/lib/python3.10/site-packages:/home/robot_ws/install/650610841_final/lib/python3.10/site-packages:/opt/ros/humble/lib/python3.10/site-packages:/opt/ros/humble/local/lib/python3.10/dist-packages'), ('COLCON', '1'), ('CMAKE_PREFIX_PATH', '/home/robot_ws/install/sllidar_ros2:/home/robot_ws/install/myword_650610841:/home/robot_ws/install/assign2_650610841:/home/robot_ws/install/assign4_650610841:/home/robot_ws/install/assign3_650610841:/home/robot_ws/install/assign1_650610841:/home/robot_ws/install/650610841_final:/opt/ros/humble')]), 'shell': False}
[0.813731] (myword_650610841) StdoutLine: {'line': b'-- Install configuration: ""\n'}
[0.814664] (myword_650610841) StdoutLine: {'line': b'-- Up-to-date: /home/robot_ws/install/myword_650610841/share/ament_index/resource_index/rosidl_interfaces/myword_650610841\n'}
[0.818248] (myword_650610841) StdoutLine: {'line': b'-- Up-to-date: /home/robot_ws/install/myword_650610841/include/myword_650610841/myword_650610841\n'}
[0.822524] (myword_650610841) StdoutLine: {'line': b'-- Up-to-date: /home/robot_ws/install/myword_650610841/include/myword_650610841/myword_650610841/msg\n'}
[0.826650] (myword_650610841) StdoutLine: {'line': b'-- Up-to-date: /home/robot_ws/install/myword_650610841/include/myword_650610841/myword_650610841/msg/rosidl_generator_c__visibility_control.h\n'}
[0.826806] (myword_650610841) StdoutLine: {'line': b'-- Up-to-date: /home/robot_ws/install/myword_650610841/include/myword_650610841/myword_650610841/msg/detail\n'}
[0.826872] (myword_650610841) StdoutLine: {'line': b'-- Up-to-date: /home/robot_ws/install/myword_650610841/include/myword_650610841/myword_650610841/msg/detail/num__type_support.h\n'}
[0.826924] (myword_650610841) StdoutLine: {'line': b'-- Up-to-date: /home/robot_ws/install/myword_650610841/include/myword_650610841/myword_650610841/msg/detail/num__functions.h\n'}
[0.826955] (myword_650610841) StdoutLine: {'line': b'-- Up-to-date: /home/robot_ws/install/myword_650610841/include/myword_650610841/myword_650610841/msg/detail/num__functions.c\n'}
[0.826984] (myword_650610841) StdoutLine: {'line': b'-- Up-to-date: /home/robot_ws/install/myword_650610841/include/myword_650610841/myword_650610841/msg/detail/num__struct.h\n'}
[0.827019] (myword_650610841) StdoutLine: {'line': b'-- Up-to-date: /home/robot_ws/install/myword_650610841/include/myword_650610841/myword_650610841/msg/num.h\n'}
[0.827069] (myword_650610841) StdoutLine: {'line': b'-- Up-to-date: /home/robot_ws/install/myword_650610841/include/myword_650610841/myword_650610841/srv\n'}
[0.827404] (myword_650610841) StdoutLine: {'line': b'-- Up-to-date: /home/robot_ws/install/myword_650610841/include/myword_650610841/myword_650610841/srv/sum_four_int.h\n'}
[0.827435] (myword_650610841) StdoutLine: {'line': b'-- Up-to-date: /home/robot_ws/install/myword_650610841/include/myword_650610841/myword_650610841/srv/detail\n'}
[0.827462] (myword_650610841) StdoutLine: {'line': b'-- Up-to-date: /home/robot_ws/install/myword_650610841/include/myword_650610841/myword_650610841/srv/detail/sum_four_int__functions.c\n'}
[0.827490] (myword_650610841) StdoutLine: {'line': b'-- Up-to-date: /home/robot_ws/install/myword_650610841/include/myword_650610841/myword_650610841/srv/detail/sum_four_int__struct.h\n'}
[0.827517] (myword_650610841) StdoutLine: {'line': b'-- Up-to-date: /home/robot_ws/install/myword_650610841/include/myword_650610841/myword_650610841/srv/detail/sum_four_int__functions.h\n'}
[0.827543] (myword_650610841) StdoutLine: {'line': b'-- Up-to-date: /home/robot_ws/install/myword_650610841/include/myword_650610841/myword_650610841/srv/detail/sum_four_int__type_support.h\n'}
[0.833728] (myword_650610841) StdoutLine: {'line': b'-- Up-to-date: /home/robot_ws/install/myword_650610841/share/myword_650610841/environment/library_path.sh\n'}
[0.836282] (myword_650610841) StdoutLine: {'line': b'-- Up-to-date: /home/robot_ws/install/myword_650610841/share/myword_650610841/environment/library_path.dsv\n'}
[0.838953] (myword_650610841) StdoutLine: {'line': b'-- Up-to-date: /home/robot_ws/install/myword_650610841/lib/libmyword_650610841__rosidl_generator_c.so\n'}
[0.842112] (myword_650610841) StdoutLine: {'line': b'-- Up-to-date: /home/robot_ws/install/myword_650610841/include/myword_650610841/myword_650610841\n'}
[0.843523] (myword_650610841) StdoutLine: {'line': b'-- Up-to-date: /home/robot_ws/install/myword_650610841/include/myword_650610841/myword_650610841/msg\n'}
[0.844194] (myword_650610841) StdoutLine: {'line': b'-- Up-to-date: /home/robot_ws/install/myword_650610841/include/myword_650610841/myword_650610841/msg/rosidl_typesupport_fastrtps_c__visibility_control.h\n'}
[0.845681] (myword_650610841) StdoutLine: {'line': b'-- Up-to-date: /home/robot_ws/install/myword_650610841/include/myword_650610841/myword_650610841/msg/detail\n'}
[0.850791] (myword_650610841) StdoutLine: {'line': b'-- Up-to-date: /home/robot_ws/install/myword_650610841/include/myword_650610841/myword_650610841/msg/detail/num__rosidl_typesupport_fastrtps_c.h\n'}
[0.855378] (myword_650610841) StdoutLine: {'line': b'-- Up-to-date: /home/robot_ws/install/myword_650610841/include/myword_650610841/myword_650610841/srv\n'}
[0.861484] (myword_650610841) StdoutLine: {'line': b'-- Up-to-date: /home/robot_ws/install/myword_650610841/include/myword_650610841/myword_650610841/srv/detail\n'}
[0.867762] (myword_650610841) StdoutLine: {'line': b'-- Up-to-date: /home/robot_ws/install/myword_650610841/include/myword_650610841/myword_650610841/srv/detail/sum_four_int__rosidl_typesupport_fastrtps_c.h\n'}
[0.874160] (myword_650610841) StdoutLine: {'line': b'-- Up-to-date: /home/robot_ws/install/myword_650610841/lib/libmyword_650610841__rosidl_typesupport_fastrtps_c.so\n'}
[0.875923] (myword_650610841) StdoutLine: {'line': b'-- Up-to-date: /home/robot_ws/install/myword_650610841/include/myword_650610841/myword_650610841\n'}
[0.878118] (myword_650610841) StdoutLine: {'line': b'-- Up-to-date: /home/robot_ws/install/myword_650610841/include/myword_650610841/myword_650610841/msg\n'}
[0.882609] (myword_650610841) StdoutLine: {'line': b'-- Up-to-date: /home/robot_ws/install/myword_650610841/include/myword_650610841/myword_650610841/msg/detail\n'}
[0.886851] (myword_650610841) StdoutLine: {'line': b'-- Up-to-date: /home/robot_ws/install/myword_650610841/include/myword_650610841/myword_650610841/msg/detail/num__type_support.c\n'}
[0.891129] (myword_650610841) StdoutLine: {'line': b'-- Up-to-date: /home/robot_ws/install/myword_650610841/include/myword_650610841/myword_650610841/msg/detail/num__rosidl_typesupport_introspection_c.h\n'}
[0.895753] (myword_650610841) StdoutLine: {'line': b'-- Up-to-date: /home/robot_ws/install/myword_650610841/include/myword_650610841/myword_650610841/msg/rosidl_typesupport_introspection_c__visibility_control.h\n'}
[0.896825] (myword_650610841) StdoutLine: {'line': b'-- Up-to-date: /home/robot_ws/install/myword_650610841/include/myword_650610841/myword_650610841/srv\n'}
[0.897695] (myword_650610841) StdoutLine: {'line': b'-- Up-to-date: /home/robot_ws/install/myword_650610841/include/myword_650610841/myword_650610841/srv/detail\n'}
[0.898486] (myword_650610841) StdoutLine: {'line': b'-- Up-to-date: /home/robot_ws/install/myword_650610841/include/myword_650610841/myword_650610841/srv/detail/sum_four_int__rosidl_typesupport_introspection_c.h\n'}
[0.899166] (myword_650610841) StdoutLine: {'line': b'-- Up-to-date: /home/robot_ws/install/myword_650610841/include/myword_650610841/myword_650610841/srv/detail/sum_four_int__type_support.c\n'}
[0.899787] (myword_650610841) StdoutLine: {'line': b'-- Up-to-date: /home/robot_ws/install/myword_650610841/lib/libmyword_650610841__rosidl_typesupport_introspection_c.so\n'}
[0.901203] (myword_650610841) StdoutLine: {'line': b'-- Up-to-date: /home/robot_ws/install/myword_650610841/lib/libmyword_650610841__rosidl_typesupport_c.so\n'}
[0.901813] (myword_650610841) StdoutLine: {'line': b'-- Up-to-date: /home/robot_ws/install/myword_650610841/include/myword_650610841/myword_650610841\n'}
[0.902318] (myword_650610841) StdoutLine: {'line': b'-- Up-to-date: /home/robot_ws/install/myword_650610841/include/myword_650610841/myword_650610841/msg\n'}
[0.902705] (myword_650610841) StdoutLine: {'line': b'-- Up-to-date: /home/robot_ws/install/myword_650610841/include/myword_650610841/myword_650610841/msg/num.hpp\n'}
[0.903121] (myword_650610841) StdoutLine: {'line': b'-- Up-to-date: /home/robot_ws/install/myword_650610841/include/myword_650610841/myword_650610841/msg/rosidl_generator_cpp__visibility_control.hpp\n'}
[0.903588] (myword_650610841) StdoutLine: {'line': b'-- Up-to-date: /home/robot_ws/install/myword_650610841/include/myword_650610841/myword_650610841/msg/detail\n'}
[0.904045] (myword_650610841) StdoutLine: {'line': b'-- Up-to-date: /home/robot_ws/install/myword_650610841/include/myword_650610841/myword_650610841/msg/detail/num__traits.hpp\n'}
[0.904386] (myword_650610841) StdoutLine: {'line': b'-- Up-to-date: /home/robot_ws/install/myword_650610841/include/myword_650610841/myword_650610841/msg/detail/num__struct.hpp\n'}
[0.904687] (myword_650610841) StdoutLine: {'line': b'-- Up-to-date: /home/robot_ws/install/myword_650610841/include/myword_650610841/myword_650610841/msg/detail/num__builder.hpp\n'}
[0.904937] (myword_650610841) StdoutLine: {'line': b'-- Up-to-date: /home/robot_ws/install/myword_650610841/include/myword_650610841/myword_650610841/msg/detail/num__type_support.hpp\n'}
[0.904978] (myword_650610841) StdoutLine: {'line': b'-- Up-to-date: /home/robot_ws/install/myword_650610841/include/myword_650610841/myword_650610841/srv\n'}
[0.905012] (myword_650610841) StdoutLine: {'line': b'-- Up-to-date: /home/robot_ws/install/myword_650610841/include/myword_650610841/myword_650610841/srv/detail\n'}
[0.905048] (myword_650610841) StdoutLine: {'line': b'-- Up-to-date: /home/robot_ws/install/myword_650610841/include/myword_650610841/myword_650610841/srv/detail/sum_four_int__type_support.hpp\n'}
[0.905079] (myword_650610841) StdoutLine: {'line': b'-- Up-to-date: /home/robot_ws/install/myword_650610841/include/myword_650610841/myword_650610841/srv/detail/sum_four_int__struct.hpp\n'}
[0.905337] (-) TimerEvent: {}
[0.906166] (myword_650610841) StdoutLine: {'line': b'-- Up-to-date: /home/robot_ws/install/myword_650610841/include/myword_650610841/myword_650610841/srv/detail/sum_four_int__builder.hpp\n'}
[0.906710] (myword_650610841) StdoutLine: {'line': b'-- Up-to-date: /home/robot_ws/install/myword_650610841/include/myword_650610841/myword_650610841/srv/detail/sum_four_int__traits.hpp\n'}
[0.907170] (myword_650610841) StdoutLine: {'line': b'-- Up-to-date: /home/robot_ws/install/myword_650610841/include/myword_650610841/myword_650610841/srv/sum_four_int.hpp\n'}
[0.907604] (myword_650610841) StdoutLine: {'line': b'-- Up-to-date: /home/robot_ws/install/myword_650610841/include/myword_650610841/myword_650610841\n'}
[0.908064] (myword_650610841) StdoutLine: {'line': b'-- Up-to-date: /home/robot_ws/install/myword_650610841/include/myword_650610841/myword_650610841/msg\n'}
[0.908494] (myword_650610841) StdoutLine: {'line': b'-- Up-to-date: /home/robot_ws/install/myword_650610841/include/myword_650610841/myword_650610841/msg/detail\n'}
[0.908780] (myword_650610841) StdoutLine: {'line': b'-- Up-to-date: /home/robot_ws/install/myword_650610841/include/myword_650610841/myword_650610841/msg/detail/dds_fastrtps\n'}
[0.909176] (myword_650610841) StdoutLine: {'line': b'-- Up-to-date: /home/robot_ws/install/myword_650610841/include/myword_650610841/myword_650610841/msg/detail/num__rosidl_typesupport_fastrtps_cpp.hpp\n'}
[0.909574] (myword_650610841) StdoutLine: {'line': b'-- Up-to-date: /home/robot_ws/install/myword_650610841/include/myword_650610841/myword_650610841/msg/rosidl_typesupport_fastrtps_cpp__visibility_control.h\n'}
[0.910133] (myword_650610841) StdoutLine: {'line': b'-- Up-to-date: /home/robot_ws/install/myword_650610841/include/myword_650610841/myword_650610841/srv\n'}
[0.910568] (myword_650610841) StdoutLine: {'line': b'-- Up-to-date: /home/robot_ws/install/myword_650610841/include/myword_650610841/myword_650610841/srv/detail\n'}
[0.910921] (myword_650610841) StdoutLine: {'line': b'-- Up-to-date: /home/robot_ws/install/myword_650610841/include/myword_650610841/myword_650610841/srv/detail/sum_four_int__rosidl_typesupport_fastrtps_cpp.hpp\n'}
[0.911317] (myword_650610841) StdoutLine: {'line': b'-- Up-to-date: /home/robot_ws/install/myword_650610841/include/myword_650610841/myword_650610841/srv/detail/dds_fastrtps\n'}
[0.911618] (myword_650610841) StdoutLine: {'line': b'-- Up-to-date: /home/robot_ws/install/myword_650610841/lib/libmyword_650610841__rosidl_typesupport_fastrtps_cpp.so\n'}
[0.912532] (myword_650610841) StdoutLine: {'line': b'-- Up-to-date: /home/robot_ws/install/myword_650610841/include/myword_650610841/myword_650610841\n'}
[0.913462] (myword_650610841) StdoutLine: {'line': b'-- Up-to-date: /home/robot_ws/install/myword_650610841/include/myword_650610841/myword_650610841/msg\n'}
[0.913865] (myword_650610841) StdoutLine: {'line': b'-- Up-to-date: /home/robot_ws/install/myword_650610841/include/myword_650610841/myword_650610841/msg/detail\n'}
[0.914346] (myword_650610841) StdoutLine: {'line': b'-- Up-to-date: /home/robot_ws/install/myword_650610841/include/myword_650610841/myword_650610841/msg/detail/num__type_support.cpp\n'}
[0.914728] (myword_650610841) StdoutLine: {'line': b'-- Up-to-date: /home/robot_ws/install/myword_650610841/include/myword_650610841/myword_650610841/msg/detail/num__rosidl_typesupport_introspection_cpp.hpp\n'}
[0.915040] (myword_650610841) StdoutLine: {'line': b'-- Up-to-date: /home/robot_ws/install/myword_650610841/include/myword_650610841/myword_650610841/srv\n'}
[0.916340] (myword_650610841) StdoutLine: {'line': b'-- Up-to-date: /home/robot_ws/install/myword_650610841/include/myword_650610841/myword_650610841/srv/detail\n'}
[0.918075] (myword_650610841) StdoutLine: {'line': b'-- Up-to-date: /home/robot_ws/install/myword_650610841/include/myword_650610841/myword_650610841/srv/detail/sum_four_int__rosidl_typesupport_introspection_cpp.hpp\n'}
[0.918121] (myword_650610841) StdoutLine: {'line': b'-- Up-to-date: /home/robot_ws/install/myword_650610841/include/myword_650610841/myword_650610841/srv/detail/sum_four_int__type_support.cpp\n'}
[0.918162] (myword_650610841) StdoutLine: {'line': b'-- Up-to-date: /home/robot_ws/install/myword_650610841/lib/libmyword_650610841__rosidl_typesupport_introspection_cpp.so\n'}
[0.918196] (myword_650610841) StdoutLine: {'line': b'-- Up-to-date: /home/robot_ws/install/myword_650610841/lib/libmyword_650610841__rosidl_typesupport_cpp.so\n'}
[0.918699] (myword_650610841) StdoutLine: {'line': b'-- Up-to-date: /home/robot_ws/install/myword_650610841/share/myword_650610841/environment/pythonpath.sh\n'}
[0.919111] (myword_650610841) StdoutLine: {'line': b'-- Up-to-date: /home/robot_ws/install/myword_650610841/share/myword_650610841/environment/pythonpath.dsv\n'}
[0.919465] (myword_650610841) StdoutLine: {'line': b'-- Up-to-date: /home/robot_ws/install/myword_650610841/local/lib/python3.10/dist-packages/myword_650610841-0.0.0-py3.10.egg-info\n'}
[0.919867] (myword_650610841) StdoutLine: {'line': b'-- Installing: /home/robot_ws/install/myword_650610841/local/lib/python3.10/dist-packages/myword_650610841-0.0.0-py3.10.egg-info/SOURCES.txt\n'}
[0.920467] (myword_650610841) StdoutLine: {'line': b'-- Installing: /home/robot_ws/install/myword_650610841/local/lib/python3.10/dist-packages/myword_650610841-0.0.0-py3.10.egg-info/PKG-INFO\n'}
[0.921001] (myword_650610841) StdoutLine: {'line': b'-- Installing: /home/robot_ws/install/myword_650610841/local/lib/python3.10/dist-packages/myword_650610841-0.0.0-py3.10.egg-info/top_level.txt\n'}
[0.921740] (myword_650610841) StdoutLine: {'line': b'-- Installing: /home/robot_ws/install/myword_650610841/local/lib/python3.10/dist-packages/myword_650610841-0.0.0-py3.10.egg-info/dependency_links.txt\n'}
[0.922439] (myword_650610841) StdoutLine: {'line': b'-- Up-to-date: /home/robot_ws/install/myword_650610841/local/lib/python3.10/dist-packages/myword_650610841\n'}
[0.923092] (myword_650610841) StdoutLine: {'line': b'-- Up-to-date: /home/robot_ws/install/myword_650610841/local/lib/python3.10/dist-packages/myword_650610841/myword_650610841_s__rosidl_typesupport_introspection_c.cpython-310-x86_64-linux-gnu.so\n'}
[0.923828] (myword_650610841) StdoutLine: {'line': b'-- Up-to-date: /home/robot_ws/install/myword_650610841/local/lib/python3.10/dist-packages/myword_650610841/msg\n'}
[0.924563] (myword_650610841) StdoutLine: {'line': b'-- Up-to-date: /home/robot_ws/install/myword_650610841/local/lib/python3.10/dist-packages/myword_650610841/msg/_num.py\n'}
[0.924961] (myword_650610841) StdoutLine: {'line': b'-- Up-to-date: /home/robot_ws/install/myword_650610841/local/lib/python3.10/dist-packages/myword_650610841/msg/_num_s.c\n'}
[0.925357] (myword_650610841) StdoutLine: {'line': b'-- Up-to-date: /home/robot_ws/install/myword_650610841/local/lib/python3.10/dist-packages/myword_650610841/msg/__init__.py\n'}
[0.925660] (myword_650610841) StdoutLine: {'line': b'-- Up-to-date: /home/robot_ws/install/myword_650610841/local/lib/python3.10/dist-packages/myword_650610841/_myword_650610841_s.ep.rosidl_typesupport_fastrtps_c.c\n'}
[0.926528] (myword_650610841) StdoutLine: {'line': b'-- Up-to-date: /home/robot_ws/install/myword_650610841/local/lib/python3.10/dist-packages/myword_650610841/libmyword_650610841__rosidl_generator_py.so\n'}
[0.926994] (myword_650610841) StdoutLine: {'line': b'-- Up-to-date: /home/robot_ws/install/myword_650610841/local/lib/python3.10/dist-packages/myword_650610841/_myword_650610841_s.ep.rosidl_typesupport_c.c\n'}
[0.927794] (myword_650610841) StdoutLine: {'line': b'-- Up-to-date: /home/robot_ws/install/myword_650610841/local/lib/python3.10/dist-packages/myword_650610841/srv\n'}
[0.928691] (myword_650610841) StdoutLine: {'line': b'-- Up-to-date: /home/robot_ws/install/myword_650610841/local/lib/python3.10/dist-packages/myword_650610841/srv/_sum_four_int_s.c\n'}
[0.929687] (myword_650610841) StdoutLine: {'line': b'-- Up-to-date: /home/robot_ws/install/myword_650610841/local/lib/python3.10/dist-packages/myword_650610841/srv/__init__.py\n'}
[0.931048] (myword_650610841) StdoutLine: {'line': b'-- Up-to-date: /home/robot_ws/install/myword_650610841/local/lib/python3.10/dist-packages/myword_650610841/srv/_sum_four_int.py\n'}
[0.931195] (myword_650610841) StdoutLine: {'line': b'-- Up-to-date: /home/robot_ws/install/myword_650610841/local/lib/python3.10/dist-packages/myword_650610841/myword_650610841_s__rosidl_typesupport_c.cpython-310-x86_64-linux-gnu.so\n'}
[0.931240] (myword_650610841) StdoutLine: {'line': b'-- Up-to-date: /home/robot_ws/install/myword_650610841/local/lib/python3.10/dist-packages/myword_650610841/myword_650610841_s__rosidl_typesupport_fastrtps_c.cpython-310-x86_64-linux-gnu.so\n'}
[0.931275] (myword_650610841) StdoutLine: {'line': b'-- Up-to-date: /home/robot_ws/install/myword_650610841/local/lib/python3.10/dist-packages/myword_650610841/_myword_650610841_s.ep.rosidl_typesupport_introspection_c.c\n'}
[0.931306] (myword_650610841) StdoutLine: {'line': b'-- Up-to-date: /home/robot_ws/install/myword_650610841/local/lib/python3.10/dist-packages/myword_650610841/__init__.py\n'}
[1.005622] (-) TimerEvent: {}
[1.105565] (myword_650610841) StdoutLine: {'line': b"Listing '/home/robot_ws/install/myword_650610841/local/lib/python3.10/dist-packages/myword_650610841'...\n"}
[1.106650] (-) TimerEvent: {}
[1.108296] (myword_650610841) StdoutLine: {'line': b"Listing '/home/robot_ws/install/myword_650610841/local/lib/python3.10/dist-packages/myword_650610841/msg'...\n"}
[1.109980] (myword_650610841) StdoutLine: {'line': b"Listing '/home/robot_ws/install/myword_650610841/local/lib/python3.10/dist-packages/myword_650610841/srv'...\n"}
[1.111160] (sllidar_ros2) StdoutLine: {'line': b'[ 10%] Built target sllidar_client\n'}
[1.128720] (myword_650610841) StdoutLine: {'line': b'-- Up-to-date: /home/robot_ws/install/myword_650610841/local/lib/python3.10/dist-packages/myword_650610841/myword_650610841_s__rosidl_typesupport_fastrtps_c.cpython-310-x86_64-linux-gnu.so\n'}
[1.130765] (myword_650610841) StdoutLine: {'line': b'-- Up-to-date: /home/robot_ws/install/myword_650610841/local/lib/python3.10/dist-packages/myword_650610841/myword_650610841_s__rosidl_typesupport_introspection_c.cpython-310-x86_64-linux-gnu.so\n'}
[1.133294] (myword_650610841) StdoutLine: {'line': b'-- Up-to-date: /home/robot_ws/install/myword_650610841/local/lib/python3.10/dist-packages/myword_650610841/myword_650610841_s__rosidl_typesupport_c.cpython-310-x86_64-linux-gnu.so\n'}
[1.134975] (myword_650610841) StdoutLine: {'line': b'-- Up-to-date: /home/robot_ws/install/myword_650610841/lib/libmyword_650610841__rosidl_generator_py.so\n'}
[1.137411] (myword_650610841) StdoutLine: {'line': b'-- Up-to-date: /home/robot_ws/install/myword_650610841/share/myword_650610841/msg/Num.idl\n'}
[1.141492] (myword_650610841) StdoutLine: {'line': b'-- Up-to-date: /home/robot_ws/install/myword_650610841/share/myword_650610841/srv/SumFourInt.idl\n'}
[1.142729] (myword_650610841) StdoutLine: {'line': b'-- Up-to-date: /home/robot_ws/install/myword_650610841/share/myword_650610841/msg/Num.msg\n'}
[1.142837] (myword_650610841) StdoutLine: {'line': b'-- Up-to-date: /home/robot_ws/install/myword_650610841/share/myword_650610841/srv/SumFourInt.srv\n'}
[1.143448] (myword_650610841) StdoutLine: {'line': b'-- Up-to-date: /home/robot_ws/install/myword_650610841/share/myword_650610841/srv/SumFourInt_Request.msg\n'}
[1.144056] (myword_650610841) StdoutLine: {'line': b'-- Up-to-date: /home/robot_ws/install/myword_650610841/share/myword_650610841/srv/SumFourInt_Response.msg\n'}
[1.145358] (myword_650610841) StdoutLine: {'line': b'-- Up-to-date: /home/robot_ws/install/myword_650610841/share/ament_index/resource_index/package_run_dependencies/myword_650610841\n'}
[1.146682] (myword_650610841) StdoutLine: {'line': b'-- Up-to-date: /home/robot_ws/install/myword_650610841/share/ament_index/resource_index/parent_prefix_path/myword_650610841\n'}
[1.148341] (myword_650610841) StdoutLine: {'line': b'-- Up-to-date: /home/robot_ws/install/myword_650610841/share/myword_650610841/environment/ament_prefix_path.sh\n'}
[1.151328] (myword_650610841) StdoutLine: {'line': b'-- Up-to-date: /home/robot_ws/install/myword_650610841/share/myword_650610841/environment/ament_prefix_path.dsv\n'}
[1.155793] (myword_650610841) StdoutLine: {'line': b'-- Up-to-date: /home/robot_ws/install/myword_650610841/share/myword_650610841/environment/path.sh\n'}
[1.155923] (myword_650610841) StdoutLine: {'line': b'-- Up-to-date: /home/robot_ws/install/myword_650610841/share/myword_650610841/environment/path.dsv\n'}
[1.156572] (myword_650610841) StdoutLine: {'line': b'-- Up-to-date: /home/robot_ws/install/myword_650610841/share/myword_650610841/local_setup.bash\n'}
[1.157351] (myword_650610841) StdoutLine: {'line': b'-- Up-to-date: /home/robot_ws/install/myword_650610841/share/myword_650610841/local_setup.sh\n'}
[1.158660] (myword_650610841) StdoutLine: {'line': b'-- Up-to-date: /home/robot_ws/install/myword_650610841/share/myword_650610841/local_setup.zsh\n'}
[1.159379] (myword_650610841) StdoutLine: {'line': b'-- Up-to-date: /home/robot_ws/install/myword_650610841/share/myword_650610841/local_setup.dsv\n'}
[1.160565] (myword_650610841) StdoutLine: {'line': b'-- Installing: /home/robot_ws/install/myword_650610841/share/myword_650610841/package.dsv\n'}
[1.161483] (myword_650610841) StdoutLine: {'line': b'-- Up-to-date: /home/robot_ws/install/myword_650610841/share/ament_index/resource_index/packages/myword_650610841\n'}
[1.162315] (myword_650610841) StdoutLine: {'line': b'-- Up-to-date: /home/robot_ws/install/myword_650610841/share/myword_650610841/cmake/export_myword_650610841__rosidl_generator_cExport.cmake\n'}
[1.162966] (myword_650610841) StdoutLine: {'line': b'-- Up-to-date: /home/robot_ws/install/myword_650610841/share/myword_650610841/cmake/export_myword_650610841__rosidl_generator_cExport-noconfig.cmake\n'}
[1.164687] (myword_650610841) StdoutLine: {'line': b'-- Up-to-date: /home/robot_ws/install/myword_650610841/share/myword_650610841/cmake/export_myword_650610841__rosidl_typesupport_fastrtps_cExport.cmake\n'}
[1.165399] (myword_650610841) StdoutLine: {'line': b'-- Up-to-date: /home/robot_ws/install/myword_650610841/share/myword_650610841/cmake/export_myword_650610841__rosidl_typesupport_fastrtps_cExport-noconfig.cmake\n'}
[1.166293] (myword_650610841) StdoutLine: {'line': b'-- Up-to-date: /home/robot_ws/install/myword_650610841/share/myword_650610841/cmake/myword_650610841__rosidl_typesupport_introspection_cExport.cmake\n'}
[1.166830] (myword_650610841) StdoutLine: {'line': b'-- Up-to-date: /home/robot_ws/install/myword_650610841/share/myword_650610841/cmake/myword_650610841__rosidl_typesupport_introspection_cExport-noconfig.cmake\n'}
[1.169487] (myword_650610841) StdoutLine: {'line': b'-- Up-to-date: /home/robot_ws/install/myword_650610841/share/myword_650610841/cmake/myword_650610841__rosidl_typesupport_cExport.cmake\n'}
[1.170864] (myword_650610841) StdoutLine: {'line': b'-- Up-to-date: /home/robot_ws/install/myword_650610841/share/myword_650610841/cmake/myword_650610841__rosidl_typesupport_cExport-noconfig.cmake\n'}
[1.171571] (myword_650610841) StdoutLine: {'line': b'-- Up-to-date: /home/robot_ws/install/myword_650610841/share/myword_650610841/cmake/export_myword_650610841__rosidl_generator_cppExport.cmake\n'}
[1.172046] (sllidar_ros2) StdoutLine: {'line': b'[100%] Built target sllidar_node\n'}
[1.172480] (myword_650610841) StdoutLine: {'line': b'-- Up-to-date: /home/robot_ws/install/myword_650610841/share/myword_650610841/cmake/export_myword_650610841__rosidl_typesupport_fastrtps_cppExport.cmake\n'}
[1.175264] (myword_650610841) StdoutLine: {'line': b'-- Up-to-date: /home/robot_ws/install/myword_650610841/share/myword_650610841/cmake/export_myword_650610841__rosidl_typesupport_fastrtps_cppExport-noconfig.cmake\n'}
[1.175761] (myword_650610841) StdoutLine: {'line': b'-- Up-to-date: /home/robot_ws/install/myword_650610841/share/myword_650610841/cmake/myword_650610841__rosidl_typesupport_introspection_cppExport.cmake\n'}
[1.176180] (myword_650610841) StdoutLine: {'line': b'-- Up-to-date: /home/robot_ws/install/myword_650610841/share/myword_650610841/cmake/myword_650610841__rosidl_typesupport_introspection_cppExport-noconfig.cmake\n'}
[1.176591] (myword_650610841) StdoutLine: {'line': b'-- Up-to-date: /home/robot_ws/install/myword_650610841/share/myword_650610841/cmake/myword_650610841__rosidl_typesupport_cppExport.cmake\n'}
[1.176904] (myword_650610841) StdoutLine: {'line': b'-- Up-to-date: /home/robot_ws/install/myword_650610841/share/myword_650610841/cmake/myword_650610841__rosidl_typesupport_cppExport-noconfig.cmake\n'}
[1.177267] (myword_650610841) StdoutLine: {'line': b'-- Up-to-date: /home/robot_ws/install/myword_650610841/share/myword_650610841/cmake/export_myword_650610841__rosidl_generator_pyExport.cmake\n'}
[1.177576] (myword_650610841) StdoutLine: {'line': b'-- Up-to-date: /home/robot_ws/install/myword_650610841/share/myword_650610841/cmake/export_myword_650610841__rosidl_generator_pyExport-noconfig.cmake\n'}
[1.177970] (myword_650610841) StdoutLine: {'line': b'-- Up-to-date: /home/robot_ws/install/myword_650610841/share/myword_650610841/cmake/rosidl_cmake-extras.cmake\n'}
[1.178403] (myword_650610841) StdoutLine: {'line': b'-- Up-to-date: /home/robot_ws/install/myword_650610841/share/myword_650610841/cmake/ament_cmake_export_include_directories-extras.cmake\n'}
[1.178736] (myword_650610841) StdoutLine: {'line': b'-- Up-to-date: /home/robot_ws/install/myword_650610841/share/myword_650610841/cmake/ament_cmake_export_libraries-extras.cmake\n'}
[1.179187] (myword_650610841) StdoutLine: {'line': b'-- Up-to-date: /home/robot_ws/install/myword_650610841/share/myword_650610841/cmake/ament_cmake_export_targets-extras.cmake\n'}
[1.179653] (myword_650610841) StdoutLine: {'line': b'-- Up-to-date: /home/robot_ws/install/myword_650610841/share/myword_650610841/cmake/rosidl_cmake_export_typesupport_targets-extras.cmake\n'}
[1.180115] (myword_650610841) StdoutLine: {'line': b'-- Up-to-date: /home/robot_ws/install/myword_650610841/share/myword_650610841/cmake/ament_cmake_export_dependencies-extras.cmake\n'}
[1.181123] (myword_650610841) StdoutLine: {'line': b'-- Up-to-date: /home/robot_ws/install/myword_650610841/share/myword_650610841/cmake/rosidl_cmake_export_typesupport_libraries-extras.cmake\n'}
[1.181601] (myword_650610841) StdoutLine: {'line': b'-- Up-to-date: /home/robot_ws/install/myword_650610841/share/myword_650610841/cmake/myword_650610841Config.cmake\n'}
[1.182167] (myword_650610841) StdoutLine: {'line': b'-- Up-to-date: /home/robot_ws/install/myword_650610841/share/myword_650610841/cmake/myword_650610841Config-version.cmake\n'}
[1.184749] (myword_650610841) StdoutLine: {'line': b'-- Up-to-date: /home/robot_ws/install/myword_650610841/share/myword_650610841/package.xml\n'}
[1.185153] (myword_650610841) CommandEnded: {'returncode': 0}
[1.207268] (-) TimerEvent: {}
[1.303978] (myword_650610841) JobEnded: {'identifier': 'myword_650610841', 'rc': 0}
[1.313276] (-) TimerEvent: {}
[1.313782] (assign2_650610841) JobStarted: {'identifier': 'assign2_650610841'}
[1.366752] (sllidar_ros2) CommandEnded: {'returncode': 0}
[1.371010] (sllidar_ros2) JobProgress: {'identifier': 'sllidar_ros2', 'progress': 'install'}
[1.374159] (sllidar_ros2) Command: {'cmd': ['/usr/bin/cmake', '--install', '/home/robot_ws/build/sllidar_ros2'], 'cwd': '/home/robot_ws/build/sllidar_ros2', 'env': OrderedDict([('HOSTNAME', 'entity014'), ('SHLVL', '1'), ('LD_LIBRARY_PATH', '/home/robot_ws/install/myword_650610841/lib:/usr/lib/x86_64-linux-gnu/gazebo-11/plugins:/opt/ros/humble/opt/rviz_ogre_vendor/lib:/opt/ros/humble/lib/x86_64-linux-gnu:/opt/ros/humble/lib:/usr/lib/x86_64-linux-gnu/gazebo-11/plugins::/usr/lib/x86_64-linux-gnu/gazebo-11/plugins:/usr/lib/x86_64-linux-gnu/gazebo-11/plugins:'), ('HOME', '/home'), ('GAZEBO_MASTER_URI', 'http://localhost:11345'), ('ROS_PYTHON_VERSION', '3'), ('_colcon_cd_root', '/opt/ros/humble/'), ('COLCON_PREFIX_PATH', '/home/robot_ws/install'), ('ROS_DISTRO', 'humble'), ('_', '/usr/bin/colcon'), ('ROS_VERSION', '2'), ('NVIDIA_DRIVER_CAPABILITIES', 'all'), ('TERM', 'xterm'), ('GAZEBO_MODEL_PATH', '/usr/share/gazebo-11/models:/usr/share/gazebo-11/models:'), ('ROS_LOCALHOST_ONLY', '0'), ('QT_X11_NO_MITSHM', '1'), ('OGRE_RESOURCE_PATH', '/usr/lib/x86_64-linux-gnu/OGRE-1.9.0'), ('PATH', '/opt/ros/humble/bin:/usr/local/sbin:/usr/local/bin:/usr/sbin:/usr/bin:/sbin:/bin'), ('XDG_RUNTIME_DIR', '/tmp/runtime-root'), ('DISPLAY', ':0'), ('LANG', 'C.UTF-8'), ('RMW_IMPLEMENTATION', 'rmw_cyclonedds_cpp'), ('ROS_DOMAIN_ID', '15'), ('AMENT_PREFIX_PATH', '/home/robot_ws/install/sllidar_ros2:/home/robot_ws/install/assign2_650610841:/home/robot_ws/install/myword_650610841:/home/robot_ws/install/assign4_650610841:/home/robot_ws/install/assign3_650610841:/home/robot_ws/install/assign1_650610841:/home/robot_ws/install/650610841_final:/opt/ros/humble'), ('NO_AT_BRIDGE', '1'), ('GAZEBO_RESOURCE_PATH', '/usr/share/gazebo-11:/usr/share/gazebo-11:'), ('GAZEBO_MODEL_DATABASE_URI', 'http://models.gazebosim.org'), ('PWD', '/home/robot_ws/build/sllidar_ros2'), ('LC_ALL', 'C.UTF-8'), ('GAZEBO_PLUGIN_PATH', '/usr/lib/x86_64-linux-gnu/gazebo-11/plugins:/usr/lib/x86_64-linux-gnu/gazebo-11/plugins:'), ('PYTHONPATH', '/home/robot_ws/install/assign2_650610841/lib/python3.10/site-packages:/home/robot_ws/install/myword_650610841/local/lib/python3.10/dist-packages:/home/robot_ws/install/assign4_650610841/lib/python3.10/site-packages:/home/robot_ws/install/assign3_650610841/lib/python3.10/site-packages:/home/robot_ws/install/assign1_650610841/lib/python3.10/site-packages:/home/robot_ws/install/650610841_final/lib/python3.10/site-packages:/opt/ros/humble/lib/python3.10/site-packages:/opt/ros/humble/local/lib/python3.10/dist-packages'), ('COLCON', '1'), ('CMAKE_PREFIX_PATH', '/home/robot_ws/install/sllidar_ros2:/home/robot_ws/install/myword_650610841:/home/robot_ws/install/assign2_650610841:/home/robot_ws/install/assign4_650610841:/home/robot_ws/install/assign3_650610841:/home/robot_ws/install/assign1_650610841:/home/robot_ws/install/650610841_final:/opt/ros/humble')]), 'shell': False}
[1.405986] (sllidar_ros2) StdoutLine: {'line': b'-- Install configuration: ""\n'}
[1.406893] (sllidar_ros2) StdoutLine: {'line': b'-- Up-to-date: /home/robot_ws/install/sllidar_ros2/share/sllidar_ros2/launch\n'}
[1.409676] (sllidar_ros2) StdoutLine: {'line': b'-- Up-to-date: /home/robot_ws/install/sllidar_ros2/share/sllidar_ros2/launch/sllidar_s1_tcp_launch.py\n'}
[1.411656] (sllidar_ros2) StdoutLine: {'line': b'-- Up-to-date: /home/robot_ws/install/sllidar_ros2/share/sllidar_ros2/launch/sllidar_s1_launch.py\n'}
[1.413192] (sllidar_ros2) StdoutLine: {'line': b'-- Up-to-date: /home/robot_ws/install/sllidar_ros2/share/sllidar_ros2/launch/view_sllidar_a1_launch.py\n'}
[1.413695] (-) TimerEvent: {}
[1.415223] (sllidar_ros2) StdoutLine: {'line': b'-- Up-to-date: /home/robot_ws/install/sllidar_ros2/share/sllidar_ros2/launch/view_sllidar_s3_launch.py\n'}
[1.416458] (sllidar_ros2) StdoutLine: {'line': b'-- Up-to-date: /home/robot_ws/install/sllidar_ros2/share/sllidar_ros2/launch/sllidar_a3_launch.py\n'}
[1.417998] (sllidar_ros2) StdoutLine: {'line': b'-- Up-to-date: /home/robot_ws/install/sllidar_ros2/share/sllidar_ros2/launch/sllidar_s3_launch.py\n'}
[1.418506] (sllidar_ros2) StdoutLine: {'line': b'-- Up-to-date: /home/robot_ws/install/sllidar_ros2/share/sllidar_ros2/launch/view_sllidar_s1_tcp_launch.py\n'}
[1.419854] (sllidar_ros2) StdoutLine: {'line': b'-- Up-to-date: /home/robot_ws/install/sllidar_ros2/share/sllidar_ros2/launch/view_sllidar_a2m12_launch.py\n'}
[1.421507] (sllidar_ros2) StdoutLine: {'line': b'-- Up-to-date: /home/robot_ws/install/sllidar_ros2/share/sllidar_ros2/launch/sllidar_t1_launch.py\n'}
[1.421954] (sllidar_ros2) StdoutLine: {'line': b'-- Up-to-date: /home/robot_ws/install/sllidar_ros2/share/sllidar_ros2/launch/view_sllidar_s1_launch.py\n'}
[1.422412] (sllidar_ros2) StdoutLine: {'line': b'-- Up-to-date: /home/robot_ws/install/sllidar_ros2/share/sllidar_ros2/launch/view_sllidar_s2_launch.py\n'}
[1.422723] (sllidar_ros2) StdoutLine: {'line': b'-- Up-to-date: /home/robot_ws/install/sllidar_ros2/share/sllidar_ros2/launch/sllidar_a2m8_launch.py\n'}
[1.422998] (sllidar_ros2) StdoutLine: {'line': b'-- Up-to-date: /home/robot_ws/install/sllidar_ros2/share/sllidar_ros2/launch/view_sllidar_a2m7_launch.py\n'}
[1.423341] (sllidar_ros2) StdoutLine: {'line': b'-- Up-to-date: /home/robot_ws/install/sllidar_ros2/share/sllidar_ros2/launch/sllidar_a2m12_launch .py\n'}
[1.423613] (sllidar_ros2) StdoutLine: {'line': b'-- Up-to-date: /home/robot_ws/install/sllidar_ros2/share/sllidar_ros2/launch/view_sllidar_t1_launch.py\n'}
[1.423881] (sllidar_ros2) StdoutLine: {'line': b'-- Up-to-date: /home/robot_ws/install/sllidar_ros2/share/sllidar_ros2/launch/sllidar_a2m7_launch.py\n'}
[1.424224] (sllidar_ros2) StdoutLine: {'line': b'-- Up-to-date: /home/robot_ws/install/sllidar_ros2/share/sllidar_ros2/launch/view_sllidar_c1_launch.py\n'}
[1.424598] (sllidar_ros2) StdoutLine: {'line': b'-- Up-to-date: /home/robot_ws/install/sllidar_ros2/share/sllidar_ros2/launch/view_sllidar_a3_launch.py\n'}
[1.424875] (sllidar_ros2) StdoutLine: {'line': b'-- Up-to-date: /home/robot_ws/install/sllidar_ros2/share/sllidar_ros2/launch/view_sllidar_a2m8_launch.py\n'}
[1.425201] (sllidar_ros2) StdoutLine: {'line': b'-- Up-to-date: /home/robot_ws/install/sllidar_ros2/share/sllidar_ros2/launch/sllidar_s2e_launch.py\n'}
[1.425483] (sllidar_ros2) StdoutLine: {'line': b'-- Up-to-date: /home/robot_ws/install/sllidar_ros2/share/sllidar_ros2/launch/sllidar_s2_launch.py\n'}
[1.425762] (sllidar_ros2) StdoutLine: {'line': b'-- Up-to-date: /home/robot_ws/install/sllidar_ros2/share/sllidar_ros2/launch/sllidar_a1_launch.py\n'}
[1.426165] (sllidar_ros2) StdoutLine: {'line': b'-- Up-to-date: /home/robot_ws/install/sllidar_ros2/share/sllidar_ros2/launch/view_sllidar_s2e_launch.py\n'}
[1.426588] (sllidar_ros2) StdoutLine: {'line': b'-- Up-to-date: /home/robot_ws/install/sllidar_ros2/share/sllidar_ros2/launch/sllidar_c1_launch.py\n'}
[1.426995] (sllidar_ros2) StdoutLine: {'line': b'-- Up-to-date: /home/robot_ws/install/sllidar_ros2/share/sllidar_ros2/rviz\n'}
[1.427365] (sllidar_ros2) StdoutLine: {'line': b'-- Up-to-date: /home/robot_ws/install/sllidar_ros2/share/sllidar_ros2/rviz/sllidar_ros2.rviz\n'}
[1.427653] (sllidar_ros2) StdoutLine: {'line': b'-- Up-to-date: /home/robot_ws/install/sllidar_ros2/lib/sllidar_ros2/sllidar_node\n'}
[1.428085] (sllidar_ros2) StdoutLine: {'line': b'-- Up-to-date: /home/robot_ws/install/sllidar_ros2/lib/sllidar_ros2/sllidar_client\n'}
[1.428840] (sllidar_ros2) StdoutLine: {'line': b'-- Up-to-date: /home/robot_ws/install/sllidar_ros2/share/ament_index/resource_index/package_run_dependencies/sllidar_ros2\n'}
[1.429602] (sllidar_ros2) StdoutLine: {'line': b'-- Up-to-date: /home/robot_ws/install/sllidar_ros2/share/ament_index/resource_index/parent_prefix_path/sllidar_ros2\n'}
[1.430092] (sllidar_ros2) StdoutLine: {'line': b'-- Up-to-date: /home/robot_ws/install/sllidar_ros2/share/sllidar_ros2/environment/ament_prefix_path.sh\n'}
[1.430419] (sllidar_ros2) StdoutLine: {'line': b'-- Up-to-date: /home/robot_ws/install/sllidar_ros2/share/sllidar_ros2/environment/ament_prefix_path.dsv\n'}
[1.430713] (sllidar_ros2) StdoutLine: {'line': b'-- Up-to-date: /home/robot_ws/install/sllidar_ros2/share/sllidar_ros2/environment/path.sh\n'}
[1.431102] (sllidar_ros2) StdoutLine: {'line': b'-- Up-to-date: /home/robot_ws/install/sllidar_ros2/share/sllidar_ros2/environment/path.dsv\n'}
[1.431214] (sllidar_ros2) StdoutLine: {'line': b'-- Up-to-date: /home/robot_ws/install/sllidar_ros2/share/sllidar_ros2/local_setup.bash\n'}
[1.431246] (sllidar_ros2) StdoutLine: {'line': b'-- Up-to-date: /home/robot_ws/install/sllidar_ros2/share/sllidar_ros2/local_setup.sh\n'}
[1.431296] (sllidar_ros2) StdoutLine: {'line': b'-- Up-to-date: /home/robot_ws/install/sllidar_ros2/share/sllidar_ros2/local_setup.zsh\n'}
[1.431341] (sllidar_ros2) StdoutLine: {'line': b'-- Up-to-date: /home/robot_ws/install/sllidar_ros2/share/sllidar_ros2/local_setup.dsv\n'}
[1.431872] (sllidar_ros2) StdoutLine: {'line': b'-- Installing: /home/robot_ws/install/sllidar_ros2/share/sllidar_ros2/package.dsv\n'}
[1.432345] (sllidar_ros2) StdoutLine: {'line': b'-- Up-to-date: /home/robot_ws/install/sllidar_ros2/share/ament_index/resource_index/packages/sllidar_ros2\n'}
[1.432765] (sllidar_ros2) StdoutLine: {'line': b'-- Up-to-date: /home/robot_ws/install/sllidar_ros2/share/sllidar_ros2/cmake/ament_cmake_export_dependencies-extras.cmake\n'}
[1.433118] (sllidar_ros2) StdoutLine: {'line': b'-- Up-to-date: /home/robot_ws/install/sllidar_ros2/share/sllidar_ros2/cmake/ament_cmake_export_include_directories-extras.cmake\n'}
[1.433423] (sllidar_ros2) StdoutLine: {'line': b'-- Up-to-date: /home/robot_ws/install/sllidar_ros2/share/sllidar_ros2/cmake/sllidar_ros2Config.cmake\n'}
[1.433697] (sllidar_ros2) StdoutLine: {'line': b'-- Up-to-date: /home/robot_ws/install/sllidar_ros2/share/sllidar_ros2/cmake/sllidar_ros2Config-version.cmake\n'}
[1.434070] (sllidar_ros2) StdoutLine: {'line': b'-- Up-to-date: /home/robot_ws/install/sllidar_ros2/share/sllidar_ros2/package.xml\n'}
[1.514154] (-) TimerEvent: {}
[1.615622] (-) TimerEvent: {}
[1.716850] (-) TimerEvent: {}
[1.818366] (-) TimerEvent: {}
[1.888671] (650610841_final) Command: {'cmd': ['/usr/bin/python3', '-W', 'ignore:setup.py install is deprecated', '-W', 'ignore:easy_install command is deprecated', 'setup.py', 'egg_info', '--egg-base', '../../build/650610841_final', 'build', '--build-base', '/home/robot_ws/build/650610841_final/build', 'install', '--record', '/home/robot_ws/build/650610841_final/install.log', '--single-version-externally-managed', 'install_data'], 'cwd': '/home/robot_ws/src/650610841_final', 'env': {'HOSTNAME': 'entity014', 'SHLVL': '1', 'LD_LIBRARY_PATH': '/home/robot_ws/install/myword_650610841/lib:/usr/lib/x86_64-linux-gnu/gazebo-11/plugins:/opt/ros/humble/opt/rviz_ogre_vendor/lib:/opt/ros/humble/lib/x86_64-linux-gnu:/opt/ros/humble/lib:/usr/lib/x86_64-linux-gnu/gazebo-11/plugins::/usr/lib/x86_64-linux-gnu/gazebo-11/plugins:/usr/lib/x86_64-linux-gnu/gazebo-11/plugins:', 'HOME': '/home', 'GAZEBO_MASTER_URI': 'http://localhost:11345', 'ROS_PYTHON_VERSION': '3', '_colcon_cd_root': '/opt/ros/humble/', 'COLCON_PREFIX_PATH': '/home/robot_ws/install', 'ROS_DISTRO': 'humble', '_': '/usr/bin/colcon', 'ROS_VERSION': '2', 'NVIDIA_DRIVER_CAPABILITIES': 'all', 'TERM': 'xterm', 'GAZEBO_MODEL_PATH': '/usr/share/gazebo-11/models:/usr/share/gazebo-11/models:', 'ROS_LOCALHOST_ONLY': '0', 'QT_X11_NO_MITSHM': '1', 'OGRE_RESOURCE_PATH': '/usr/lib/x86_64-linux-gnu/OGRE-1.9.0', 'PATH': '/opt/ros/humble/bin:/usr/local/sbin:/usr/local/bin:/usr/sbin:/usr/bin:/sbin:/bin', 'XDG_RUNTIME_DIR': '/tmp/runtime-root', 'DISPLAY': ':0', 'LANG': 'C.UTF-8', 'RMW_IMPLEMENTATION': 'rmw_cyclonedds_cpp', 'ROS_DOMAIN_ID': '15', 'AMENT_PREFIX_PATH': '/home/robot_ws/install/sllidar_ros2:/home/robot_ws/install/assign2_650610841:/home/robot_ws/install/myword_650610841:/home/robot_ws/install/assign4_650610841:/home/robot_ws/install/assign3_650610841:/home/robot_ws/install/assign1_650610841:/home/robot_ws/install/650610841_final:/opt/ros/humble', 'NO_AT_BRIDGE': '1', 'GAZEBO_RESOURCE_PATH': '/usr/share/gazebo-11:/usr/share/gazebo-11:', 'GAZEBO_MODEL_DATABASE_URI': 'http://models.gazebosim.org', 'PWD': '/home/robot_ws/build/650610841_final', 'LC_ALL': 'C.UTF-8', 'GAZEBO_PLUGIN_PATH': '/usr/lib/x86_64-linux-gnu/gazebo-11/plugins:/usr/lib/x86_64-linux-gnu/gazebo-11/plugins:', 'PYTHONPATH': '/home/robot_ws/build/650610841_final/prefix_override:/usr/lib/python3/dist-packages/colcon_core/task/python/colcon_distutils_commands:/home/robot_ws/install/650610841_final/lib/python3.10/site-packages:/home/robot_ws/install/assign2_650610841/lib/python3.10/site-packages:/home/robot_ws/install/myword_650610841/local/lib/python3.10/dist-packages:/home/robot_ws/install/assign4_650610841/lib/python3.10/site-packages:/home/robot_ws/install/assign3_650610841/lib/python3.10/site-packages:/home/robot_ws/install/assign1_650610841/lib/python3.10/site-packages:/home/robot_ws/install/650610841_final/lib/python3.10/site-packages:/opt/ros/humble/lib/python3.10/site-packages:/opt/ros/humble/local/lib/python3.10/dist-packages', 'COLCON': '1', 'CMAKE_PREFIX_PATH': '/home/robot_ws/install/sllidar_ros2:/home/robot_ws/install/myword_650610841'}, 'shell': False}
[1.894090] (sllidar_ros2) CommandEnded: {'returncode': 0}
[1.918657] (-) TimerEvent: {}
[1.962667] (sllidar_ros2) JobEnded: {'identifier': 'sllidar_ros2', 'rc': 0}
[1.977875] (assign4_650610841) Command: {'cmd': ['/usr/bin/python3', '-W', 'ignore:setup.py install is deprecated', '-W', 'ignore:easy_install command is deprecated', 'setup.py', 'egg_info', '--egg-base', '../../build/assign4_650610841', 'build', '--build-base', '/home/robot_ws/build/assign4_650610841/build', 'install', '--record', '/home/robot_ws/build/assign4_650610841/install.log', '--single-version-externally-managed', 'install_data'], 'cwd': '/home/robot_ws/src/assign4_650610841', 'env': {'HOSTNAME': 'entity014', 'SHLVL': '1', 'LD_LIBRARY_PATH': '/home/robot_ws/install/myword_650610841/lib:/usr/lib/x86_64-linux-gnu/gazebo-11/plugins:/opt/ros/humble/opt/rviz_ogre_vendor/lib:/opt/ros/humble/lib/x86_64-linux-gnu:/opt/ros/humble/lib:/usr/lib/x86_64-linux-gnu/gazebo-11/plugins::/usr/lib/x86_64-linux-gnu/gazebo-11/plugins:/usr/lib/x86_64-linux-gnu/gazebo-11/plugins:', 'HOME': '/home', 'GAZEBO_MASTER_URI': 'http://localhost:11345', 'ROS_PYTHON_VERSION': '3', '_colcon_cd_root': '/opt/ros/humble/', 'COLCON_PREFIX_PATH': '/home/robot_ws/install', 'ROS_DISTRO': 'humble', '_': '/usr/bin/colcon', 'ROS_VERSION': '2', 'NVIDIA_DRIVER_CAPABILITIES': 'all', 'TERM': 'xterm', 'GAZEBO_MODEL_PATH': '/usr/share/gazebo-11/models:/usr/share/gazebo-11/models:', 'ROS_LOCALHOST_ONLY': '0', 'QT_X11_NO_MITSHM': '1', 'OGRE_RESOURCE_PATH': '/usr/lib/x86_64-linux-gnu/OGRE-1.9.0', 'PATH': '/opt/ros/humble/bin:/usr/local/sbin:/usr/local/bin:/usr/sbin:/usr/bin:/sbin:/bin', 'XDG_RUNTIME_DIR': '/tmp/runtime-root', 'DISPLAY': ':0', 'LANG': 'C.UTF-8', 'RMW_IMPLEMENTATION': 'rmw_cyclonedds_cpp', 'ROS_DOMAIN_ID': '15', 'AMENT_PREFIX_PATH': '/home/robot_ws/install/sllidar_ros2:/home/robot_ws/install/assign2_650610841:/home/robot_ws/install/myword_650610841:/home/robot_ws/install/assign4_650610841:/home/robot_ws/install/assign3_650610841:/home/robot_ws/install/assign1_650610841:/home/robot_ws/install/650610841_final:/opt/ros/humble', 'NO_AT_BRIDGE': '1', 'GAZEBO_RESOURCE_PATH': '/usr/share/gazebo-11:/usr/share/gazebo-11:', 'GAZEBO_MODEL_DATABASE_URI': 'http://models.gazebosim.org', 'PWD': '/home/robot_ws/build/assign4_650610841', 'LC_ALL': 'C.UTF-8', 'GAZEBO_PLUGIN_PATH': '/usr/lib/x86_64-linux-gnu/gazebo-11/plugins:/usr/lib/x86_64-linux-gnu/gazebo-11/plugins:', 'PYTHONPATH': '/home/robot_ws/build/assign4_650610841/prefix_override:/usr/lib/python3/dist-packages/colcon_core/task/python/colcon_distutils_commands:/home/robot_ws/install/assign4_650610841/lib/python3.10/site-packages:/home/robot_ws/install/assign2_650610841/lib/python3.10/site-packages:/home/robot_ws/install/myword_650610841/local/lib/python3.10/dist-packages:/home/robot_ws/install/assign4_650610841/lib/python3.10/site-packages:/home/robot_ws/install/assign3_650610841/lib/python3.10/site-packages:/home/robot_ws/install/assign1_650610841/lib/python3.10/site-packages:/home/robot_ws/install/650610841_final/lib/python3.10/site-packages:/opt/ros/humble/lib/python3.10/site-packages:/opt/ros/humble/local/lib/python3.10/dist-packages', 'COLCON': '1', 'CMAKE_PREFIX_PATH': '/home/robot_ws/install/sllidar_ros2:/home/robot_ws/install/myword_650610841'}, 'shell': False}
[2.018958] (-) TimerEvent: {}
[2.095957] (assign3_650610841) Command: {'cmd': ['/usr/bin/python3', '-W', 'ignore:setup.py install is deprecated', '-W', 'ignore:easy_install command is deprecated', 'setup.py', 'egg_info', '--egg-base', '../../build/assign3_650610841', 'build', '--build-base', '/home/robot_ws/build/assign3_650610841/build', 'install', '--record', '/home/robot_ws/build/assign3_650610841/install.log', '--single-version-externally-managed', 'install_data'], 'cwd': '/home/robot_ws/src/assign3_650610841', 'env': {'HOSTNAME': 'entity014', 'SHLVL': '1', 'LD_LIBRARY_PATH': '/home/robot_ws/install/myword_650610841/lib:/usr/lib/x86_64-linux-gnu/gazebo-11/plugins:/opt/ros/humble/opt/rviz_ogre_vendor/lib:/opt/ros/humble/lib/x86_64-linux-gnu:/opt/ros/humble/lib:/usr/lib/x86_64-linux-gnu/gazebo-11/plugins::/usr/lib/x86_64-linux-gnu/gazebo-11/plugins:/usr/lib/x86_64-linux-gnu/gazebo-11/plugins:', 'HOME': '/home', 'GAZEBO_MASTER_URI': 'http://localhost:11345', 'ROS_PYTHON_VERSION': '3', '_colcon_cd_root': '/opt/ros/humble/', 'COLCON_PREFIX_PATH': '/home/robot_ws/install', 'ROS_DISTRO': 'humble', '_': '/usr/bin/colcon', 'ROS_VERSION': '2', 'NVIDIA_DRIVER_CAPABILITIES': 'all', 'TERM': 'xterm', 'GAZEBO_MODEL_PATH': '/usr/share/gazebo-11/models:/usr/share/gazebo-11/models:', 'ROS_LOCALHOST_ONLY': '0', 'QT_X11_NO_MITSHM': '1', 'OGRE_RESOURCE_PATH': '/usr/lib/x86_64-linux-gnu/OGRE-1.9.0', 'PATH': '/opt/ros/humble/bin:/usr/local/sbin:/usr/local/bin:/usr/sbin:/usr/bin:/sbin:/bin', 'XDG_RUNTIME_DIR': '/tmp/runtime-root', 'DISPLAY': ':0', 'LANG': 'C.UTF-8', 'RMW_IMPLEMENTATION': 'rmw_cyclonedds_cpp', 'ROS_DOMAIN_ID': '15', 'AMENT_PREFIX_PATH': '/home/robot_ws/install/sllidar_ros2:/home/robot_ws/install/assign2_650610841:/home/robot_ws/install/myword_650610841:/home/robot_ws/install/assign4_650610841:/home/robot_ws/install/assign3_650610841:/home/robot_ws/install/assign1_650610841:/home/robot_ws/install/650610841_final:/opt/ros/humble', 'NO_AT_BRIDGE': '1', 'GAZEBO_RESOURCE_PATH': '/usr/share/gazebo-11:/usr/share/gazebo-11:', 'GAZEBO_MODEL_DATABASE_URI': 'http://models.gazebosim.org', 'PWD': '/home/robot_ws/build/assign3_650610841', 'LC_ALL': 'C.UTF-8', 'GAZEBO_PLUGIN_PATH': '/usr/lib/x86_64-linux-gnu/gazebo-11/plugins:/usr/lib/x86_64-linux-gnu/gazebo-11/plugins:', 'PYTHONPATH': '/home/robot_ws/build/assign3_650610841/prefix_override:/usr/lib/python3/dist-packages/colcon_core/task/python/colcon_distutils_commands:/home/robot_ws/install/assign3_650610841/lib/python3.10/site-packages:/home/robot_ws/install/assign2_650610841/lib/python3.10/site-packages:/home/robot_ws/install/myword_650610841/local/lib/python3.10/dist-packages:/home/robot_ws/install/assign4_650610841/lib/python3.10/site-packages:/home/robot_ws/install/assign3_650610841/lib/python3.10/site-packages:/home/robot_ws/install/assign1_650610841/lib/python3.10/site-packages:/home/robot_ws/install/650610841_final/lib/python3.10/site-packages:/opt/ros/humble/lib/python3.10/site-packages:/opt/ros/humble/local/lib/python3.10/dist-packages', 'COLCON': '1', 'CMAKE_PREFIX_PATH': '/home/robot_ws/install/sllidar_ros2:/home/robot_ws/install/myword_650610841'}, 'shell': False}
[2.119262] (-) TimerEvent: {}
[2.219325] (assign1_650610841) Command: {'cmd': ['/usr/bin/python3', '-W', 'ignore:setup.py install is deprecated', '-W', 'ignore:easy_install command is deprecated', 'setup.py', 'egg_info', '--egg-base', '../../build/assign1_650610841', 'build', '--build-base', '/home/robot_ws/build/assign1_650610841/build', 'install', '--record', '/home/robot_ws/build/assign1_650610841/install.log', '--single-version-externally-managed', 'install_data'], 'cwd': '/home/robot_ws/src/assign1_650610841', 'env': {'HOSTNAME': 'entity014', 'SHLVL': '1', 'LD_LIBRARY_PATH': '/home/robot_ws/install/myword_650610841/lib:/usr/lib/x86_64-linux-gnu/gazebo-11/plugins:/opt/ros/humble/opt/rviz_ogre_vendor/lib:/opt/ros/humble/lib/x86_64-linux-gnu:/opt/ros/humble/lib:/usr/lib/x86_64-linux-gnu/gazebo-11/plugins::/usr/lib/x86_64-linux-gnu/gazebo-11/plugins:/usr/lib/x86_64-linux-gnu/gazebo-11/plugins:', 'HOME': '/home', 'GAZEBO_MASTER_URI': 'http://localhost:11345', 'ROS_PYTHON_VERSION': '3', '_colcon_cd_root': '/opt/ros/humble/', 'COLCON_PREFIX_PATH': '/home/robot_ws/install', 'ROS_DISTRO': 'humble', '_': '/usr/bin/colcon', 'ROS_VERSION': '2', 'NVIDIA_DRIVER_CAPABILITIES': 'all', 'TERM': 'xterm', 'GAZEBO_MODEL_PATH': '/usr/share/gazebo-11/models:/usr/share/gazebo-11/models:', 'ROS_LOCALHOST_ONLY': '0', 'QT_X11_NO_MITSHM': '1', 'OGRE_RESOURCE_PATH': '/usr/lib/x86_64-linux-gnu/OGRE-1.9.0', 'PATH': '/opt/ros/humble/bin:/usr/local/sbin:/usr/local/bin:/usr/sbin:/usr/bin:/sbin:/bin', 'XDG_RUNTIME_DIR': '/tmp/runtime-root', 'DISPLAY': ':0', 'LANG': 'C.UTF-8', 'RMW_IMPLEMENTATION': 'rmw_cyclonedds_cpp', 'ROS_DOMAIN_ID': '15', 'AMENT_PREFIX_PATH': '/home/robot_ws/install/sllidar_ros2:/home/robot_ws/install/assign2_650610841:/home/robot_ws/install/myword_650610841:/home/robot_ws/install/assign4_650610841:/home/robot_ws/install/assign3_650610841:/home/robot_ws/install/assign1_650610841:/home/robot_ws/install/650610841_final:/opt/ros/humble', 'NO_AT_BRIDGE': '1', 'GAZEBO_RESOURCE_PATH': '/usr/share/gazebo-11:/usr/share/gazebo-11:', 'GAZEBO_MODEL_DATABASE_URI': 'http://models.gazebosim.org', 'PWD': '/home/robot_ws/build/assign1_650610841', 'LC_ALL': 'C.UTF-8', 'GAZEBO_PLUGIN_PATH': '/usr/lib/x86_64-linux-gnu/gazebo-11/plugins:/usr/lib/x86_64-linux-gnu/gazebo-11/plugins:', 'PYTHONPATH': '/home/robot_ws/build/assign1_650610841/prefix_override:/usr/lib/python3/dist-packages/colcon_core/task/python/colcon_distutils_commands:/home/robot_ws/install/assign1_650610841/lib/python3.10/site-packages:/home/robot_ws/install/assign2_650610841/lib/python3.10/site-packages:/home/robot_ws/install/myword_650610841/local/lib/python3.10/dist-packages:/home/robot_ws/install/assign4_650610841/lib/python3.10/site-packages:/home/robot_ws/install/assign3_650610841/lib/python3.10/site-packages:/home/robot_ws/install/assign1_650610841/lib/python3.10/site-packages:/home/robot_ws/install/650610841_final/lib/python3.10/site-packages:/opt/ros/humble/lib/python3.10/site-packages:/opt/ros/humble/local/lib/python3.10/dist-packages', 'COLCON': '1', 'CMAKE_PREFIX_PATH': '/home/robot_ws/install/sllidar_ros2:/home/robot_ws/install/myword_650610841'}, 'shell': False}
[2.224141] (-) TimerEvent: {}
[2.325268] (-) TimerEvent: {}
[2.427091] (-) TimerEvent: {}
[2.528475] (-) TimerEvent: {}
[2.579959] (assign4_650610841) StdoutLine: {'line': b'running egg_info\n'}
[2.580440] (assign4_650610841) StdoutLine: {'line': b'writing ../../build/assign4_650610841/assign4_650610841.egg-info/PKG-INFO\n'}
[2.580623] (assign4_650610841) StdoutLine: {'line': b'writing dependency_links to ../../build/assign4_650610841/assign4_650610841.egg-info/dependency_links.txt\n'}
[2.581846] (assign4_650610841) StdoutLine: {'line': b'writing entry points to ../../build/assign4_650610841/assign4_650610841.egg-info/entry_points.txt\n'}
[2.583502] (assign4_650610841) StdoutLine: {'line': b'writing requirements to ../../build/assign4_650610841/assign4_650610841.egg-info/requires.txt\n'}
[2.584042] (assign4_650610841) StdoutLine: {'line': b'writing top-level names to ../../build/assign4_650610841/assign4_650610841.egg-info/top_level.txt\n'}
[2.594704] (assign4_650610841) StdoutLine: {'line': b"reading manifest file '../../build/assign4_650610841/assign4_650610841.egg-info/SOURCES.txt'\n"}
[2.596231] (assign4_650610841) StdoutLine: {'line': b"adding license file 'LICENSE'\n"}
[2.600529] (assign4_650610841) StdoutLine: {'line': b"writing manifest file '../../build/assign4_650610841/assign4_650610841.egg-info/SOURCES.txt'\n"}
[2.602348] (assign4_650610841) StdoutLine: {'line': b'running build\n'}
[2.604325] (assign4_650610841) StdoutLine: {'line': b'running build_py\n'}
[2.605642] (assign4_650610841) StdoutLine: {'line': b'running install\n'}
[2.605695] (assign4_650610841) StdoutLine: {'line': b'running install_lib\n'}
[2.611091] (assign4_650610841) StdoutLine: {'line': b'running install_data\n'}
[2.612904] (assign4_650610841) StdoutLine: {'line': b'running install_egg_info\n'}
[2.620510] (assign4_650610841) StdoutLine: {'line': b"removing '/home/robot_ws/install/assign4_650610841/lib/python3.10/site-packages/assign4_650610841-0.0.0-py3.10.egg-info' (and everything under it)\n"}
[2.622491] (assign4_650610841) StdoutLine: {'line': b'Copying ../../build/assign4_650610841/assign4_650610841.egg-info to /home/robot_ws/install/assign4_650610841/lib/python3.10/site-packages/assign4_650610841-0.0.0-py3.10.egg-info\n'}
[2.626593] (assign4_650610841) StdoutLine: {'line': b'running install_scripts\n'}
[2.629381] (-) TimerEvent: {}
[2.656892] (assign4_650610841) StdoutLine: {'line': b'Installing lidar script to /home/robot_ws/install/assign4_650610841/lib/650610841_final\n'}
[2.657325] (assign4_650610841) StdoutLine: {'line': b"writing list of installed files to '/home/robot_ws/build/assign4_650610841/install.log'\n"}
[2.669991] (assign3_650610841) StdoutLine: {'line': b'running egg_info\n'}
[2.675575] (assign3_650610841) StdoutLine: {'line': b'writing ../../build/assign3_650610841/assign3_650610841.egg-info/PKG-INFO\n'}
[2.678633] (assign3_650610841) StdoutLine: {'line': b'writing dependency_links to ../../build/assign3_650610841/assign3_650610841.egg-info/dependency_links.txt\n'}
[2.681309] (assign3_650610841) StdoutLine: {'line': b'writing entry points to ../../build/assign3_650610841/assign3_650610841.egg-info/entry_points.txt\n'}
[2.682720] (assign3_650610841) StdoutLine: {'line': b'writing requirements to ../../build/assign3_650610841/assign3_650610841.egg-info/requires.txt\n'}
[2.682766] (assign3_650610841) StdoutLine: {'line': b'writing top-level names to ../../build/assign3_650610841/assign3_650610841.egg-info/top_level.txt\n'}
[2.684523] (assign3_650610841) StdoutLine: {'line': b"reading manifest file '../../build/assign3_650610841/assign3_650610841.egg-info/SOURCES.txt'\n"}
[2.684612] (assign3_650610841) StdoutLine: {'line': b"adding license file 'LICENSE'\n"}
[2.685072] (assign3_650610841) StdoutLine: {'line': b"writing manifest file '../../build/assign3_650610841/assign3_650610841.egg-info/SOURCES.txt'\n"}
[2.685245] (assign3_650610841) StdoutLine: {'line': b'running build\n'}
[2.685902] (assign3_650610841) StdoutLine: {'line': b'running build_py\n'}
[2.687832] (assign3_650610841) StdoutLine: {'line': b'running install\n'}
[2.692106] (assign3_650610841) StdoutLine: {'line': b'running install_lib\n'}
[2.697825] (650610841_final) StdoutLine: {'line': b'running egg_info\n'}
[2.698586] (assign3_650610841) StdoutLine: {'line': b'running install_data\n'}
[2.698749] (assign3_650610841) StdoutLine: {'line': b'running install_egg_info\n'}
[2.699191] (650610841_final) StdoutLine: {'line': b'writing ../../build/650610841_final/650610841_final.egg-info/PKG-INFO\n'}
[2.700547] (650610841_final) StdoutLine: {'line': b'writing dependency_links to ../../build/650610841_final/650610841_final.egg-info/dependency_links.txt\n'}
[2.701882] (650610841_final) StdoutLine: {'line': b'writing entry points to ../../build/650610841_final/650610841_final.egg-info/entry_points.txt\n'}
[2.703281] (650610841_final) StdoutLine: {'line': b'writing requirements to ../../build/650610841_final/650610841_final.egg-info/requires.txt\n'}
[2.704950] (650610841_final) StdoutLine: {'line': b'writing top-level names to ../../build/650610841_final/650610841_final.egg-info/top_level.txt\n'}
[2.713787] (assign3_650610841) StdoutLine: {'line': b"removing '/home/robot_ws/install/assign3_650610841/lib/python3.10/site-packages/assign3_650610841-0.0.0-py3.10.egg-info' (and everything under it)\n"}
[2.717088] (assign3_650610841) StdoutLine: {'line': b'Copying ../../build/assign3_650610841/assign3_650610841.egg-info to /home/robot_ws/install/assign3_650610841/lib/python3.10/site-packages/assign3_650610841-0.0.0-py3.10.egg-info\n'}
[2.718558] (650610841_final) StdoutLine: {'line': b"reading manifest file '../../build/650610841_final/650610841_final.egg-info/SOURCES.txt'\n"}
[2.719798] (650610841_final) StdoutLine: {'line': b"adding license file 'LICENSE'\n"}
[2.723635] (assign3_650610841) StdoutLine: {'line': b'running install_scripts\n'}
[2.723832] (650610841_final) StdoutLine: {'line': b"writing manifest file '../../build/650610841_final/650610841_final.egg-info/SOURCES.txt'\n"}
[2.723970] (650610841_final) StdoutLine: {'line': b'running build\n'}
[2.724588] (650610841_final) StdoutLine: {'line': b'running build_py\n'}
[2.726009] (650610841_final) StdoutLine: {'line': b'copying 650610841_final/lidar_controller.py -> /home/robot_ws/build/650610841_final/build/lib/650610841_final\n'}
[2.728049] (650610841_final) StdoutLine: {'line': b'running install\n'}
[2.729448] (-) TimerEvent: {}
[2.730554] (650610841_final) StdoutLine: {'line': b'running install_lib\n'}
[2.736549] (650610841_final) StdoutLine: {'line': b'copying /home/robot_ws/build/650610841_final/build/lib/650610841_final/lidar_controller.py -> /home/robot_ws/install/650610841_final/lib/python3.10/site-packages/650610841_final\n'}
[2.737528] (650610841_final) StdoutLine: {'line': b'byte-compiling /home/robot_ws/install/650610841_final/lib/python3.10/site-packages/650610841_final/lidar_controller.py to lidar_controller.cpython-310.pyc\n'}
[2.743188] (650610841_final) StdoutLine: {'line': b'running install_data\n'}
[2.744411] (650610841_final) StdoutLine: {'line': b'running install_egg_info\n'}
[2.758607] (650610841_final) StdoutLine: {'line': b"removing '/home/robot_ws/install/650610841_final/lib/python3.10/site-packages/650610841_final-0.0.0-py3.10.egg-info' (and everything under it)\n"}
[2.761387] (650610841_final) StdoutLine: {'line': b'Copying ../../build/650610841_final/650610841_final.egg-info to /home/robot_ws/install/650610841_final/lib/python3.10/site-packages/650610841_final-0.0.0-py3.10.egg-info\n'}
[2.763970] (650610841_final) StdoutLine: {'line': b'running install_scripts\n'}
[2.777276] (assign4_650610841) CommandEnded: {'returncode': 0}
[2.792837] (assign4_650610841) JobEnded: {'identifier': 'assign4_650610841', 'rc': 0}
[2.811055] (assign3_650610841) StdoutLine: {'line': b"writing list of installed files to '/home/robot_ws/build/assign3_650610841/install.log'\n"}
[2.820204] (650610841_final) StdoutLine: {'line': b'Installing lidar_controller script to /home/robot_ws/install/650610841_final/lib/650610841_final\n'}
[2.822251] (650610841_final) StdoutLine: {'line': b"writing list of installed files to '/home/robot_ws/build/650610841_final/install.log'\n"}
[2.829813] (-) TimerEvent: {}
[2.838902] (assign2_650610841) Command: {'cmd': ['/usr/bin/python3', '-W', 'ignore:setup.py install is deprecated', '-W', 'ignore:easy_install command is deprecated', 'setup.py', 'egg_info', '--egg-base', '../../build/assign2_650610841', 'build', '--build-base', '/home/robot_ws/build/assign2_650610841/build', 'install', '--record', '/home/robot_ws/build/assign2_650610841/install.log', '--single-version-externally-managed', 'install_data'], 'cwd': '/home/robot_ws/src/assign2_650610841', 'env': {'HOSTNAME': 'entity014', 'SHLVL': '1', 'LD_LIBRARY_PATH': '/home/robot_ws/install/myword_650610841/lib:/usr/lib/x86_64-linux-gnu/gazebo-11/plugins:/opt/ros/humble/opt/rviz_ogre_vendor/lib:/opt/ros/humble/lib/x86_64-linux-gnu:/opt/ros/humble/lib:/usr/lib/x86_64-linux-gnu/gazebo-11/plugins:/usr/lib/x86_64-linux-gnu/gazebo-11/plugins:/usr/lib/x86_64-linux-gnu/gazebo-11/plugins', 'HOME': '/home', 'GAZEBO_MASTER_URI': 'http://localhost:11345', 'ROS_PYTHON_VERSION': '3', '_colcon_cd_root': '/opt/ros/humble/', 'COLCON_PREFIX_PATH': '/home/robot_ws/install', 'ROS_DISTRO': 'humble', '_': '/usr/bin/colcon', 'ROS_VERSION': '2', 'NVIDIA_DRIVER_CAPABILITIES': 'all', 'TERM': 'xterm', 'GAZEBO_MODEL_PATH': '/usr/share/gazebo-11/models:/usr/share/gazebo-11/models:', 'ROS_LOCALHOST_ONLY': '0', 'QT_X11_NO_MITSHM': '1', 'OGRE_RESOURCE_PATH': '/usr/lib/x86_64-linux-gnu/OGRE-1.9.0', 'PATH': '/opt/ros/humble/bin:/usr/local/sbin:/usr/local/bin:/usr/sbin:/usr/bin:/sbin:/bin', 'XDG_RUNTIME_DIR': '/tmp/runtime-root', 'DISPLAY': ':0', 'LANG': 'C.UTF-8', 'RMW_IMPLEMENTATION': 'rmw_cyclonedds_cpp', 'ROS_DOMAIN_ID': '15', 'AMENT_PREFIX_PATH': '/home/robot_ws/install/sllidar_ros2:/home/robot_ws/install/assign2_650610841:/home/robot_ws/install/myword_650610841:/home/robot_ws/install/assign4_650610841:/home/robot_ws/install/assign3_650610841:/home/robot_ws/install/assign1_650610841:/home/robot_ws/install/650610841_final:/opt/ros/humble', 'NO_AT_BRIDGE': '1', 'GAZEBO_RESOURCE_PATH': '/usr/share/gazebo-11:/usr/share/gazebo-11:', 'GAZEBO_MODEL_DATABASE_URI': 'http://models.gazebosim.org', 'PWD': '/home/robot_ws/build/assign2_650610841', 'LC_ALL': 'C.UTF-8', 'GAZEBO_PLUGIN_PATH': '/usr/lib/x86_64-linux-gnu/gazebo-11/plugins:/usr/lib/x86_64-linux-gnu/gazebo-11/plugins:', 'PYTHONPATH': '/home/robot_ws/build/assign2_650610841/prefix_override:/usr/lib/python3/dist-packages/colcon_core/task/python/colcon_distutils_commands:/home/robot_ws/install/assign2_650610841/lib/python3.10/site-packages:/home/robot_ws/install/assign2_650610841/lib/python3.10/site-packages:/home/robot_ws/install/myword_650610841/local/lib/python3.10/dist-packages:/home/robot_ws/install/assign4_650610841/lib/python3.10/site-packages:/home/robot_ws/install/assign3_650610841/lib/python3.10/site-packages:/home/robot_ws/install/assign1_650610841/lib/python3.10/site-packages:/home/robot_ws/install/650610841_final/lib/python3.10/site-packages:/opt/ros/humble/lib/python3.10/site-packages:/opt/ros/humble/local/lib/python3.10/dist-packages', 'COLCON': '1', 'CMAKE_PREFIX_PATH': '/home/robot_ws/install/myword_650610841:/home/robot_ws/install/sllidar_ros2'}, 'shell': False}
[2.860841] (assign3_650610841) CommandEnded: {'returncode': 0}
[2.893664] (assign3_650610841) JobEnded: {'identifier': 'assign3_650610841', 'rc': 0}
[2.899351] (assign1_650610841) StdoutLine: {'line': b'running egg_info\n'}
[2.905479] (assign1_650610841) StdoutLine: {'line': b'writing ../../build/assign1_650610841/assign1_650610841.egg-info/PKG-INFO\n'}
[2.907441] (assign1_650610841) StdoutLine: {'line': b'writing dependency_links to ../../build/assign1_650610841/assign1_650610841.egg-info/dependency_links.txt\n'}
[2.909242] (assign1_650610841) StdoutLine: {'line': b'writing entry points to ../../build/assign1_650610841/assign1_650610841.egg-info/entry_points.txt\n'}
[2.910373] (assign1_650610841) StdoutLine: {'line': b'writing requirements to ../../build/assign1_650610841/assign1_650610841.egg-info/requires.txt\n'}
[2.912575] (assign1_650610841) StdoutLine: {'line': b'writing top-level names to ../../build/assign1_650610841/assign1_650610841.egg-info/top_level.txt\n'}
[2.923142] (650610841_final) CommandEnded: {'returncode': 0}
[2.925789] (assign1_650610841) StdoutLine: {'line': b"reading manifest file '../../build/assign1_650610841/assign1_650610841.egg-info/SOURCES.txt'\n"}
[2.927778] (assign1_650610841) StdoutLine: {'line': b"adding license file 'LICENSE'\n"}
[2.932875] (-) TimerEvent: {}
[2.934792] (assign1_650610841) StdoutLine: {'line': b"writing manifest file '../../build/assign1_650610841/assign1_650610841.egg-info/SOURCES.txt'\n"}
[2.938344] (assign1_650610841) StdoutLine: {'line': b'running build\n'}
[2.939241] (assign1_650610841) StdoutLine: {'line': b'running build_py\n'}
[2.940484] (assign1_650610841) StdoutLine: {'line': b'running install\n'}
[2.941851] (assign1_650610841) StdoutLine: {'line': b'running install_lib\n'}
[2.945504] (assign1_650610841) StdoutLine: {'line': b'running install_data\n'}
[2.947873] (assign1_650610841) StdoutLine: {'line': b'running install_egg_info\n'}
[2.960634] (assign1_650610841) StdoutLine: {'line': b"removing '/home/robot_ws/install/assign1_650610841/lib/python3.10/site-packages/assign1_650610841-0.0.0-py3.10.egg-info' (and everything under it)\n"}
[2.967509] (assign1_650610841) StdoutLine: {'line': b'Copying ../../build/assign1_650610841/assign1_650610841.egg-info to /home/robot_ws/install/assign1_650610841/lib/python3.10/site-packages/assign1_650610841-0.0.0-py3.10.egg-info\n'}
[2.977550] (assign1_650610841) StdoutLine: {'line': b'running install_scripts\n'}
[2.990792] (650610841_final) JobEnded: {'identifier': '650610841_final', 'rc': 0}
[3.016772] (assign1_650610841) StdoutLine: {'line': b'Installing hearer1 script to /home/robot_ws/install/assign1_650610841/lib/assign1_650610841\n'}
[3.016934] (assign1_650610841) StdoutLine: {'line': b'Installing hearer2 script to /home/robot_ws/install/assign1_650610841/lib/assign1_650610841\n'}
[3.017000] (assign1_650610841) StdoutLine: {'line': b'Installing whisper script to /home/robot_ws/install/assign1_650610841/lib/assign1_650610841\n'}
[3.017161] (assign1_650610841) StdoutLine: {'line': b"writing list of installed files to '/home/robot_ws/build/assign1_650610841/install.log'\n"}
[3.033118] (assign1_650610841) CommandEnded: {'returncode': 0}
[3.033550] (-) TimerEvent: {}
[3.037694] (assign1_650610841) JobEnded: {'identifier': 'assign1_650610841', 'rc': 0}
[3.121749] (assign2_650610841) StdoutLine: {'line': b'running egg_info\n'}
[3.122019] (assign2_650610841) StdoutLine: {'line': b'writing ../../build/assign2_650610841/assign2_650610841.egg-info/PKG-INFO\n'}
[3.122150] (assign2_650610841) StdoutLine: {'line': b'writing dependency_links to ../../build/assign2_650610841/assign2_650610841.egg-info/dependency_links.txt\n'}
[3.122233] (assign2_650610841) StdoutLine: {'line': b'writing entry points to ../../build/assign2_650610841/assign2_650610841.egg-info/entry_points.txt\n'}
[3.122294] (assign2_650610841) StdoutLine: {'line': b'writing requirements to ../../build/assign2_650610841/assign2_650610841.egg-info/requires.txt\n'}
[3.122340] (assign2_650610841) StdoutLine: {'line': b'writing top-level names to ../../build/assign2_650610841/assign2_650610841.egg-info/top_level.txt\n'}
[3.123446] (assign2_650610841) StdoutLine: {'line': b"reading manifest file '../../build/assign2_650610841/assign2_650610841.egg-info/SOURCES.txt'\n"}
[3.123575] (assign2_650610841) StdoutLine: {'line': b"adding license file 'LICENSE'\n"}
[3.123896] (assign2_650610841) StdoutLine: {'line': b"writing manifest file '../../build/assign2_650610841/assign2_650610841.egg-info/SOURCES.txt'\n"}
[3.123975] (assign2_650610841) StdoutLine: {'line': b'running build\n'}
[3.124025] (assign2_650610841) StdoutLine: {'line': b'running build_py\n'}
[3.124233] (assign2_650610841) StdoutLine: {'line': b'running install\n'}
[3.124402] (assign2_650610841) StdoutLine: {'line': b'running install_lib\n'}
[3.125280] (assign2_650610841) StdoutLine: {'line': b'running install_data\n'}
[3.125373] (assign2_650610841) StdoutLine: {'line': b'running install_egg_info\n'}
[3.126759] (assign2_650610841) StdoutLine: {'line': b"removing '/home/robot_ws/install/assign2_650610841/lib/python3.10/site-packages/assign2_650610841-0.0.0-py3.10.egg-info' (and everything under it)\n"}
[3.126825] (assign2_650610841) StdoutLine: {'line': b'Copying ../../build/assign2_650610841/assign2_650610841.egg-info to /home/robot_ws/install/assign2_650610841/lib/python3.10/site-packages/assign2_650610841-0.0.0-py3.10.egg-info\n'}
[3.127203] (assign2_650610841) StdoutLine: {'line': b'running install_scripts\n'}
[3.133669] (-) TimerEvent: {}
[3.143728] (assign2_650610841) StdoutLine: {'line': b'Installing client script to /home/robot_ws/install/assign2_650610841/lib/assign2_650610841\n'}
[3.143961] (assign2_650610841) StdoutLine: {'line': b'Installing server script to /home/robot_ws/install/assign2_650610841/lib/assign2_650610841\n'}
[3.144075] (assign2_650610841) StdoutLine: {'line': b'Installing subscriber script to /home/robot_ws/install/assign2_650610841/lib/assign2_650610841\n'}
[3.144137] (assign2_650610841) StdoutLine: {'line': b"writing list of installed files to '/home/robot_ws/build/assign2_650610841/install.log'\n"}
[3.173387] (assign2_650610841) CommandEnded: {'returncode': 0}
[3.177636] (assign2_650610841) JobEnded: {'identifier': 'assign2_650610841', 'rc': 0}
[3.180196] (-) EventReactorShutdown: {}
