[0.065s] DEBUG:colcon:Command line arguments: ['/usr/bin/colcon', 'build']
[0.065s] DEBUG:colcon:Parsed command line arguments: Namespace(log_base=None, log_level=None, verb_name='build', build_base='build', install_base='install', merge_install=False, symlink_install=False, test_result_base=None, continue_on_error=False, executor='parallel', parallel_workers=16, event_handlers=None, ignore_user_meta=False, metas=['./colcon.meta'], base_paths=['.'], packages_ignore=None, packages_ignore_regex=None, paths=None, packages_up_to=None, packages_up_to_regex=None, packages_above=None, packages_above_and_dependencies=None, packages_above_depth=None, packages_select_by_dep=None, packages_skip_by_dep=None, packages_skip_up_to=None, packages_select_build_failed=False, packages_skip_build_finished=False, packages_select_test_failures=False, packages_skip_test_passed=False, packages_select=None, packages_skip=None, packages_select_regex=None, packages_skip_regex=None, packages_start=None, packages_end=None, cmake_args=None, cmake_target=None, cmake_target_skip_unavailable=False, cmake_clean_cache=False, cmake_clean_first=False, cmake_force_configure=False, ament_cmake_args=None, catkin_cmake_args=None, catkin_skip_building_tests=False, mixin_files=None, mixin=None, verb_parser=<colcon_mixin.mixin.mixin_argument.MixinArgumentDecorator object at 0x7db299ea9480>, verb_extension=<colcon_core.verb.build.BuildVerb object at 0x7db29a0a7640>, main=<bound method BuildVerb.main of <colcon_core.verb.build.BuildVerb object at 0x7db29a0a7640>>, mixin_verb=('build',))
[0.152s] Level 1:colcon.colcon_core.package_discovery:discover_packages(colcon_meta) check parameters
[0.152s] Level 1:colcon.colcon_core.package_discovery:discover_packages(recursive) check parameters
[0.152s] Level 1:colcon.colcon_core.package_discovery:discover_packages(ignore) check parameters
[0.152s] Level 1:colcon.colcon_core.package_discovery:discover_packages(path) check parameters
[0.152s] Level 1:colcon.colcon_core.package_discovery:discover_packages(colcon_meta) discover
[0.152s] Level 1:colcon.colcon_core.package_discovery:discover_packages(recursive) discover
[0.152s] INFO:colcon.colcon_core.package_discovery:Crawling recursively for packages in '/home/robot_ws'
[0.153s] Level 1:colcon.colcon_core.package_identification:_identify(.) by extensions ['ignore', 'ignore_ament_install']
[0.153s] Level 1:colcon.colcon_core.package_identification:_identify(.) by extension 'ignore'
[0.153s] Level 1:colcon.colcon_core.package_identification:_identify(.) by extension 'ignore_ament_install'
[0.153s] Level 1:colcon.colcon_core.package_identification:_identify(.) by extensions ['colcon_pkg']
[0.153s] Level 1:colcon.colcon_core.package_identification:_identify(.) by extension 'colcon_pkg'
[0.153s] Level 1:colcon.colcon_core.package_identification:_identify(.) by extensions ['colcon_meta']
[0.153s] Level 1:colcon.colcon_core.package_identification:_identify(.) by extension 'colcon_meta'
[0.153s] Level 1:colcon.colcon_core.package_identification:_identify(.) by extensions ['ros']
[0.153s] Level 1:colcon.colcon_core.package_identification:_identify(.) by extension 'ros'
[0.161s] Level 1:colcon.colcon_core.package_identification:_identify(.) by extensions ['cmake', 'python']
[0.161s] Level 1:colcon.colcon_core.package_identification:_identify(.) by extension 'cmake'
[0.161s] Level 1:colcon.colcon_core.package_identification:_identify(.) by extension 'python'
[0.161s] Level 1:colcon.colcon_core.package_identification:_identify(.) by extensions ['python_setup_py']
[0.161s] Level 1:colcon.colcon_core.package_identification:_identify(.) by extension 'python_setup_py'
[0.161s] Level 1:colcon.colcon_core.package_identification:_identify(build) by extensions ['ignore', 'ignore_ament_install']
[0.161s] Level 1:colcon.colcon_core.package_identification:_identify(build) by extension 'ignore'
[0.161s] Level 1:colcon.colcon_core.package_identification:_identify(build) ignored
[0.161s] Level 1:colcon.colcon_core.package_identification:_identify(install) by extensions ['ignore', 'ignore_ament_install']
[0.161s] Level 1:colcon.colcon_core.package_identification:_identify(install) by extension 'ignore'
[0.161s] Level 1:colcon.colcon_core.package_identification:_identify(install) ignored
[0.161s] Level 1:colcon.colcon_core.package_identification:_identify(log) by extensions ['ignore', 'ignore_ament_install']
[0.161s] Level 1:colcon.colcon_core.package_identification:_identify(log) by extension 'ignore'
[0.161s] Level 1:colcon.colcon_core.package_identification:_identify(log) ignored
[0.161s] Level 1:colcon.colcon_core.package_identification:_identify(src) by extensions ['ignore', 'ignore_ament_install']
[0.162s] Level 1:colcon.colcon_core.package_identification:_identify(src) by extension 'ignore'
[0.162s] Level 1:colcon.colcon_core.package_identification:_identify(src) by extension 'ignore_ament_install'
[0.162s] Level 1:colcon.colcon_core.package_identification:_identify(src) by extensions ['colcon_pkg']
[0.162s] Level 1:colcon.colcon_core.package_identification:_identify(src) by extension 'colcon_pkg'
[0.162s] Level 1:colcon.colcon_core.package_identification:_identify(src) by extensions ['colcon_meta']
[0.162s] Level 1:colcon.colcon_core.package_identification:_identify(src) by extension 'colcon_meta'
[0.162s] Level 1:colcon.colcon_core.package_identification:_identify(src) by extensions ['ros']
[0.162s] Level 1:colcon.colcon_core.package_identification:_identify(src) by extension 'ros'
[0.162s] Level 1:colcon.colcon_core.package_identification:_identify(src) by extensions ['cmake', 'python']
[0.162s] Level 1:colcon.colcon_core.package_identification:_identify(src) by extension 'cmake'
[0.162s] Level 1:colcon.colcon_core.package_identification:_identify(src) by extension 'python'
[0.162s] Level 1:colcon.colcon_core.package_identification:_identify(src) by extensions ['python_setup_py']
[0.162s] Level 1:colcon.colcon_core.package_identification:_identify(src) by extension 'python_setup_py'
[0.162s] Level 1:colcon.colcon_core.package_identification:_identify(src/650610841_final) by extensions ['ignore', 'ignore_ament_install']
[0.162s] Level 1:colcon.colcon_core.package_identification:_identify(src/650610841_final) by extension 'ignore'
[0.162s] Level 1:colcon.colcon_core.package_identification:_identify(src/650610841_final) by extension 'ignore_ament_install'
[0.162s] Level 1:colcon.colcon_core.package_identification:_identify(src/650610841_final) by extensions ['colcon_pkg']
[0.162s] Level 1:colcon.colcon_core.package_identification:_identify(src/650610841_final) by extension 'colcon_pkg'
[0.162s] Level 1:colcon.colcon_core.package_identification:_identify(src/650610841_final) by extensions ['colcon_meta']
[0.162s] Level 1:colcon.colcon_core.package_identification:_identify(src/650610841_final) by extension 'colcon_meta'
[0.162s] Level 1:colcon.colcon_core.package_identification:_identify(src/650610841_final) by extensions ['ros']
[0.162s] Level 1:colcon.colcon_core.package_identification:_identify(src/650610841_final) by extension 'ros'
[0.164s] DEBUG:colcon.colcon_core.package_identification:Package 'src/650610841_final' with type 'ros.ament_python' and name '650610841_final'
[0.164s] Level 1:colcon.colcon_core.package_identification:_identify(src/assign1_650610841) by extensions ['ignore', 'ignore_ament_install']
[0.164s] Level 1:colcon.colcon_core.package_identification:_identify(src/assign1_650610841) by extension 'ignore'
[0.164s] Level 1:colcon.colcon_core.package_identification:_identify(src/assign1_650610841) by extension 'ignore_ament_install'
[0.164s] Level 1:colcon.colcon_core.package_identification:_identify(src/assign1_650610841) by extensions ['colcon_pkg']
[0.164s] Level 1:colcon.colcon_core.package_identification:_identify(src/assign1_650610841) by extension 'colcon_pkg'
[0.164s] Level 1:colcon.colcon_core.package_identification:_identify(src/assign1_650610841) by extensions ['colcon_meta']
[0.164s] Level 1:colcon.colcon_core.package_identification:_identify(src/assign1_650610841) by extension 'colcon_meta'
[0.164s] Level 1:colcon.colcon_core.package_identification:_identify(src/assign1_650610841) by extensions ['ros']
[0.164s] Level 1:colcon.colcon_core.package_identification:_identify(src/assign1_650610841) by extension 'ros'
[0.164s] DEBUG:colcon.colcon_core.package_identification:Package 'src/assign1_650610841' with type 'ros.ament_python' and name 'assign1_650610841'
[0.165s] Level 1:colcon.colcon_core.package_identification:_identify(src/assign2_650610841) by extensions ['ignore', 'ignore_ament_install']
[0.165s] Level 1:colcon.colcon_core.package_identification:_identify(src/assign2_650610841) by extension 'ignore'
[0.165s] Level 1:colcon.colcon_core.package_identification:_identify(src/assign2_650610841) by extension 'ignore_ament_install'
[0.165s] Level 1:colcon.colcon_core.package_identification:_identify(src/assign2_650610841) by extensions ['colcon_pkg']
[0.165s] Level 1:colcon.colcon_core.package_identification:_identify(src/assign2_650610841) by extension 'colcon_pkg'
[0.165s] Level 1:colcon.colcon_core.package_identification:_identify(src/assign2_650610841) by extensions ['colcon_meta']
[0.165s] Level 1:colcon.colcon_core.package_identification:_identify(src/assign2_650610841) by extension 'colcon_meta'
[0.165s] Level 1:colcon.colcon_core.package_identification:_identify(src/assign2_650610841) by extensions ['ros']
[0.165s] Level 1:colcon.colcon_core.package_identification:_identify(src/assign2_650610841) by extension 'ros'
[0.165s] DEBUG:colcon.colcon_core.package_identification:Package 'src/assign2_650610841' with type 'ros.ament_python' and name 'assign2_650610841'
[0.165s] Level 1:colcon.colcon_core.package_identification:_identify(src/assign3_650610841) by extensions ['ignore', 'ignore_ament_install']
[0.165s] Level 1:colcon.colcon_core.package_identification:_identify(src/assign3_650610841) by extension 'ignore'
[0.165s] Level 1:colcon.colcon_core.package_identification:_identify(src/assign3_650610841) by extension 'ignore_ament_install'
[0.165s] Level 1:colcon.colcon_core.package_identification:_identify(src/assign3_650610841) by extensions ['colcon_pkg']
[0.165s] Level 1:colcon.colcon_core.package_identification:_identify(src/assign3_650610841) by extension 'colcon_pkg'
[0.165s] Level 1:colcon.colcon_core.package_identification:_identify(src/assign3_650610841) by extensions ['colcon_meta']
[0.165s] Level 1:colcon.colcon_core.package_identification:_identify(src/assign3_650610841) by extension 'colcon_meta'
[0.165s] Level 1:colcon.colcon_core.package_identification:_identify(src/assign3_650610841) by extensions ['ros']
[0.165s] Level 1:colcon.colcon_core.package_identification:_identify(src/assign3_650610841) by extension 'ros'
[0.166s] DEBUG:colcon.colcon_core.package_identification:Package 'src/assign3_650610841' with type 'ros.ament_python' and name 'assign3_650610841'
[0.166s] Level 1:colcon.colcon_core.package_identification:_identify(src/assign4_650610841) by extensions ['ignore', 'ignore_ament_install']
[0.166s] Level 1:colcon.colcon_core.package_identification:_identify(src/assign4_650610841) by extension 'ignore'
[0.166s] Level 1:colcon.colcon_core.package_identification:_identify(src/assign4_650610841) by extension 'ignore_ament_install'
[0.166s] Level 1:colcon.colcon_core.package_identification:_identify(src/assign4_650610841) by extensions ['colcon_pkg']
[0.166s] Level 1:colcon.colcon_core.package_identification:_identify(src/assign4_650610841) by extension 'colcon_pkg'
[0.166s] Level 1:colcon.colcon_core.package_identification:_identify(src/assign4_650610841) by extensions ['colcon_meta']
[0.166s] Level 1:colcon.colcon_core.package_identification:_identify(src/assign4_650610841) by extension 'colcon_meta'
[0.166s] Level 1:colcon.colcon_core.package_identification:_identify(src/assign4_650610841) by extensions ['ros']
[0.166s] Level 1:colcon.colcon_core.package_identification:_identify(src/assign4_650610841) by extension 'ros'
[0.166s] DEBUG:colcon.colcon_core.package_identification:Package 'src/assign4_650610841' with type 'ros.ament_python' and name 'assign4_650610841'
[0.166s] Level 1:colcon.colcon_core.package_identification:_identify(src/myword_650610841) by extensions ['ignore', 'ignore_ament_install']
[0.166s] Level 1:colcon.colcon_core.package_identification:_identify(src/myword_650610841) by extension 'ignore'
[0.166s] Level 1:colcon.colcon_core.package_identification:_identify(src/myword_650610841) by extension 'ignore_ament_install'
[0.167s] Level 1:colcon.colcon_core.package_identification:_identify(src/myword_650610841) by extensions ['colcon_pkg']
[0.167s] Level 1:colcon.colcon_core.package_identification:_identify(src/myword_650610841) by extension 'colcon_pkg'
[0.167s] Level 1:colcon.colcon_core.package_identification:_identify(src/myword_650610841) by extensions ['colcon_meta']
[0.167s] Level 1:colcon.colcon_core.package_identification:_identify(src/myword_650610841) by extension 'colcon_meta'
[0.167s] Level 1:colcon.colcon_core.package_identification:_identify(src/myword_650610841) by extensions ['ros']
[0.167s] Level 1:colcon.colcon_core.package_identification:_identify(src/myword_650610841) by extension 'ros'
[0.167s] DEBUG:colcon.colcon_core.package_identification:Package 'src/myword_650610841' with type 'ros.ament_cmake' and name 'myword_650610841'
[0.167s] Level 1:colcon.colcon_core.package_identification:_identify(src/sllidar_ros2) by extensions ['ignore', 'ignore_ament_install']
[0.167s] Level 1:colcon.colcon_core.package_identification:_identify(src/sllidar_ros2) by extension 'ignore'
[0.167s] Level 1:colcon.colcon_core.package_identification:_identify(src/sllidar_ros2) by extension 'ignore_ament_install'
[0.167s] Level 1:colcon.colcon_core.package_identification:_identify(src/sllidar_ros2) by extensions ['colcon_pkg']
[0.167s] Level 1:colcon.colcon_core.package_identification:_identify(src/sllidar_ros2) by extension 'colcon_pkg'
[0.167s] Level 1:colcon.colcon_core.package_identification:_identify(src/sllidar_ros2) by extensions ['colcon_meta']
[0.167s] Level 1:colcon.colcon_core.package_identification:_identify(src/sllidar_ros2) by extension 'colcon_meta'
[0.167s] Level 1:colcon.colcon_core.package_identification:_identify(src/sllidar_ros2) by extensions ['ros']
[0.167s] Level 1:colcon.colcon_core.package_identification:_identify(src/sllidar_ros2) by extension 'ros'
[0.168s] DEBUG:colcon.colcon_core.package_identification:Package 'src/sllidar_ros2' with type 'ros.ament_cmake' and name 'sllidar_ros2'
[0.168s] Level 1:colcon.colcon_core.package_discovery:discover_packages(recursive) using defaults
[0.168s] Level 1:colcon.colcon_core.package_discovery:discover_packages(ignore) discover
[0.168s] Level 1:colcon.colcon_core.package_discovery:discover_packages(ignore) using defaults
[0.168s] Level 1:colcon.colcon_core.package_discovery:discover_packages(path) discover
[0.168s] Level 1:colcon.colcon_core.package_discovery:discover_packages(path) using defaults
[0.181s] Level 5:colcon.colcon_core.verb:set package '650610841_final' build argument 'cmake_args' from command line to 'None'
[0.182s] Level 5:colcon.colcon_core.verb:set package '650610841_final' build argument 'cmake_target' from command line to 'None'
[0.182s] Level 5:colcon.colcon_core.verb:set package '650610841_final' build argument 'cmake_target_skip_unavailable' from command line to 'False'
[0.182s] Level 5:colcon.colcon_core.verb:set package '650610841_final' build argument 'cmake_clean_cache' from command line to 'False'
[0.182s] Level 5:colcon.colcon_core.verb:set package '650610841_final' build argument 'cmake_clean_first' from command line to 'False'
[0.182s] Level 5:colcon.colcon_core.verb:set package '650610841_final' build argument 'cmake_force_configure' from command line to 'False'
[0.182s] Level 5:colcon.colcon_core.verb:set package '650610841_final' build argument 'ament_cmake_args' from command line to 'None'
[0.182s] Level 5:colcon.colcon_core.verb:set package '650610841_final' build argument 'catkin_cmake_args' from command line to 'None'
[0.182s] Level 5:colcon.colcon_core.verb:set package '650610841_final' build argument 'catkin_skip_building_tests' from command line to 'False'
[0.182s] DEBUG:colcon.colcon_core.verb:Building package '650610841_final' with the following arguments: {'ament_cmake_args': None, 'build_base': '/home/robot_ws/build/650610841_final', 'catkin_cmake_args': None, 'catkin_skip_building_tests': False, 'cmake_args': None, 'cmake_clean_cache': False, 'cmake_clean_first': False, 'cmake_force_configure': False, 'cmake_target': None, 'cmake_target_skip_unavailable': False, 'install_base': '/home/robot_ws/install/650610841_final', 'merge_install': False, 'path': '/home/robot_ws/src/650610841_final', 'symlink_install': False, 'test_result_base': None}
[0.182s] Level 5:colcon.colcon_core.verb:set package 'assign1_650610841' build argument 'cmake_args' from command line to 'None'
[0.182s] Level 5:colcon.colcon_core.verb:set package 'assign1_650610841' build argument 'cmake_target' from command line to 'None'
[0.182s] Level 5:colcon.colcon_core.verb:set package 'assign1_650610841' build argument 'cmake_target_skip_unavailable' from command line to 'False'
[0.182s] Level 5:colcon.colcon_core.verb:set package 'assign1_650610841' build argument 'cmake_clean_cache' from command line to 'False'
[0.182s] Level 5:colcon.colcon_core.verb:set package 'assign1_650610841' build argument 'cmake_clean_first' from command line to 'False'
[0.182s] Level 5:colcon.colcon_core.verb:set package 'assign1_650610841' build argument 'cmake_force_configure' from command line to 'False'
[0.182s] Level 5:colcon.colcon_core.verb:set package 'assign1_650610841' build argument 'ament_cmake_args' from command line to 'None'
[0.182s] Level 5:colcon.colcon_core.verb:set package 'assign1_650610841' build argument 'catkin_cmake_args' from command line to 'None'
[0.182s] Level 5:colcon.colcon_core.verb:set package 'assign1_650610841' build argument 'catkin_skip_building_tests' from command line to 'False'
[0.182s] DEBUG:colcon.colcon_core.verb:Building package 'assign1_650610841' with the following arguments: {'ament_cmake_args': None, 'build_base': '/home/robot_ws/build/assign1_650610841', 'catkin_cmake_args': None, 'catkin_skip_building_tests': False, 'cmake_args': None, 'cmake_clean_cache': False, 'cmake_clean_first': False, 'cmake_force_configure': False, 'cmake_target': None, 'cmake_target_skip_unavailable': False, 'install_base': '/home/robot_ws/install/assign1_650610841', 'merge_install': False, 'path': '/home/robot_ws/src/assign1_650610841', 'symlink_install': False, 'test_result_base': None}
[0.182s] Level 5:colcon.colcon_core.verb:set package 'assign3_650610841' build argument 'cmake_args' from command line to 'None'
[0.182s] Level 5:colcon.colcon_core.verb:set package 'assign3_650610841' build argument 'cmake_target' from command line to 'None'
[0.182s] Level 5:colcon.colcon_core.verb:set package 'assign3_650610841' build argument 'cmake_target_skip_unavailable' from command line to 'False'
[0.182s] Level 5:colcon.colcon_core.verb:set package 'assign3_650610841' build argument 'cmake_clean_cache' from command line to 'False'
[0.182s] Level 5:colcon.colcon_core.verb:set package 'assign3_650610841' build argument 'cmake_clean_first' from command line to 'False'
[0.182s] Level 5:colcon.colcon_core.verb:set package 'assign3_650610841' build argument 'cmake_force_configure' from command line to 'False'
[0.182s] Level 5:colcon.colcon_core.verb:set package 'assign3_650610841' build argument 'ament_cmake_args' from command line to 'None'
[0.182s] Level 5:colcon.colcon_core.verb:set package 'assign3_650610841' build argument 'catkin_cmake_args' from command line to 'None'
[0.182s] Level 5:colcon.colcon_core.verb:set package 'assign3_650610841' build argument 'catkin_skip_building_tests' from command line to 'False'
[0.182s] DEBUG:colcon.colcon_core.verb:Building package 'assign3_650610841' with the following arguments: {'ament_cmake_args': None, 'build_base': '/home/robot_ws/build/assign3_650610841', 'catkin_cmake_args': None, 'catkin_skip_building_tests': False, 'cmake_args': None, 'cmake_clean_cache': False, 'cmake_clean_first': False, 'cmake_force_configure': False, 'cmake_target': None, 'cmake_target_skip_unavailable': False, 'install_base': '/home/robot_ws/install/assign3_650610841', 'merge_install': False, 'path': '/home/robot_ws/src/assign3_650610841', 'symlink_install': False, 'test_result_base': None}
[0.183s] Level 5:colcon.colcon_core.verb:set package 'assign4_650610841' build argument 'cmake_args' from command line to 'None'
[0.183s] Level 5:colcon.colcon_core.verb:set package 'assign4_650610841' build argument 'cmake_target' from command line to 'None'
[0.183s] Level 5:colcon.colcon_core.verb:set package 'assign4_650610841' build argument 'cmake_target_skip_unavailable' from command line to 'False'
[0.183s] Level 5:colcon.colcon_core.verb:set package 'assign4_650610841' build argument 'cmake_clean_cache' from command line to 'False'
[0.183s] Level 5:colcon.colcon_core.verb:set package 'assign4_650610841' build argument 'cmake_clean_first' from command line to 'False'
[0.183s] Level 5:colcon.colcon_core.verb:set package 'assign4_650610841' build argument 'cmake_force_configure' from command line to 'False'
[0.183s] Level 5:colcon.colcon_core.verb:set package 'assign4_650610841' build argument 'ament_cmake_args' from command line to 'None'
[0.183s] Level 5:colcon.colcon_core.verb:set package 'assign4_650610841' build argument 'catkin_cmake_args' from command line to 'None'
[0.183s] Level 5:colcon.colcon_core.verb:set package 'assign4_650610841' build argument 'catkin_skip_building_tests' from command line to 'False'
[0.183s] DEBUG:colcon.colcon_core.verb:Building package 'assign4_650610841' with the following arguments: {'ament_cmake_args': None, 'build_base': '/home/robot_ws/build/assign4_650610841', 'catkin_cmake_args': None, 'catkin_skip_building_tests': False, 'cmake_args': None, 'cmake_clean_cache': False, 'cmake_clean_first': False, 'cmake_force_configure': False, 'cmake_target': None, 'cmake_target_skip_unavailable': False, 'install_base': '/home/robot_ws/install/assign4_650610841', 'merge_install': False, 'path': '/home/robot_ws/src/assign4_650610841', 'symlink_install': False, 'test_result_base': None}
[0.183s] Level 5:colcon.colcon_core.verb:set package 'myword_650610841' build argument 'cmake_args' from command line to 'None'
[0.183s] Level 5:colcon.colcon_core.verb:set package 'myword_650610841' build argument 'cmake_target' from command line to 'None'
[0.183s] Level 5:colcon.colcon_core.verb:set package 'myword_650610841' build argument 'cmake_target_skip_unavailable' from command line to 'False'
[0.183s] Level 5:colcon.colcon_core.verb:set package 'myword_650610841' build argument 'cmake_clean_cache' from command line to 'False'
[0.183s] Level 5:colcon.colcon_core.verb:set package 'myword_650610841' build argument 'cmake_clean_first' from command line to 'False'
[0.183s] Level 5:colcon.colcon_core.verb:set package 'myword_650610841' build argument 'cmake_force_configure' from command line to 'False'
[0.183s] Level 5:colcon.colcon_core.verb:set package 'myword_650610841' build argument 'ament_cmake_args' from command line to 'None'
[0.183s] Level 5:colcon.colcon_core.verb:set package 'myword_650610841' build argument 'catkin_cmake_args' from command line to 'None'
[0.183s] Level 5:colcon.colcon_core.verb:set package 'myword_650610841' build argument 'catkin_skip_building_tests' from command line to 'False'
[0.183s] DEBUG:colcon.colcon_core.verb:Building package 'myword_650610841' with the following arguments: {'ament_cmake_args': None, 'build_base': '/home/robot_ws/build/myword_650610841', 'catkin_cmake_args': None, 'catkin_skip_building_tests': False, 'cmake_args': None, 'cmake_clean_cache': False, 'cmake_clean_first': False, 'cmake_force_configure': False, 'cmake_target': None, 'cmake_target_skip_unavailable': False, 'install_base': '/home/robot_ws/install/myword_650610841', 'merge_install': False, 'path': '/home/robot_ws/src/myword_650610841', 'symlink_install': False, 'test_result_base': None}
[0.183s] Level 5:colcon.colcon_core.verb:set package 'sllidar_ros2' build argument 'cmake_args' from command line to 'None'
[0.183s] Level 5:colcon.colcon_core.verb:set package 'sllidar_ros2' build argument 'cmake_target' from command line to 'None'
[0.183s] Level 5:colcon.colcon_core.verb:set package 'sllidar_ros2' build argument 'cmake_target_skip_unavailable' from command line to 'False'
[0.183s] Level 5:colcon.colcon_core.verb:set package 'sllidar_ros2' build argument 'cmake_clean_cache' from command line to 'False'
[0.183s] Level 5:colcon.colcon_core.verb:set package 'sllidar_ros2' build argument 'cmake_clean_first' from command line to 'False'
[0.183s] Level 5:colcon.colcon_core.verb:set package 'sllidar_ros2' build argument 'cmake_force_configure' from command line to 'False'
[0.183s] Level 5:colcon.colcon_core.verb:set package 'sllidar_ros2' build argument 'ament_cmake_args' from command line to 'None'
[0.183s] Level 5:colcon.colcon_core.verb:set package 'sllidar_ros2' build argument 'catkin_cmake_args' from command line to 'None'
[0.183s] Level 5:colcon.colcon_core.verb:set package 'sllidar_ros2' build argument 'catkin_skip_building_tests' from command line to 'False'
[0.183s] DEBUG:colcon.colcon_core.verb:Building package 'sllidar_ros2' with the following arguments: {'ament_cmake_args': None, 'build_base': '/home/robot_ws/build/sllidar_ros2', 'catkin_cmake_args': None, 'catkin_skip_building_tests': False, 'cmake_args': None, 'cmake_clean_cache': False, 'cmake_clean_first': False, 'cmake_force_configure': False, 'cmake_target': None, 'cmake_target_skip_unavailable': False, 'install_base': '/home/robot_ws/install/sllidar_ros2', 'merge_install': False, 'path': '/home/robot_ws/src/sllidar_ros2', 'symlink_install': False, 'test_result_base': None}
[0.184s] Level 5:colcon.colcon_core.verb:set package 'assign2_650610841' build argument 'cmake_args' from command line to 'None'
[0.184s] Level 5:colcon.colcon_core.verb:set package 'assign2_650610841' build argument 'cmake_target' from command line to 'None'
[0.184s] Level 5:colcon.colcon_core.verb:set package 'assign2_650610841' build argument 'cmake_target_skip_unavailable' from command line to 'False'
[0.184s] Level 5:colcon.colcon_core.verb:set package 'assign2_650610841' build argument 'cmake_clean_cache' from command line to 'False'
[0.184s] Level 5:colcon.colcon_core.verb:set package 'assign2_650610841' build argument 'cmake_clean_first' from command line to 'False'
[0.184s] Level 5:colcon.colcon_core.verb:set package 'assign2_650610841' build argument 'cmake_force_configure' from command line to 'False'
[0.184s] Level 5:colcon.colcon_core.verb:set package 'assign2_650610841' build argument 'ament_cmake_args' from command line to 'None'
[0.184s] Level 5:colcon.colcon_core.verb:set package 'assign2_650610841' build argument 'catkin_cmake_args' from command line to 'None'
[0.184s] Level 5:colcon.colcon_core.verb:set package 'assign2_650610841' build argument 'catkin_skip_building_tests' from command line to 'False'
[0.184s] DEBUG:colcon.colcon_core.verb:Building package 'assign2_650610841' with the following arguments: {'ament_cmake_args': None, 'build_base': '/home/robot_ws/build/assign2_650610841', 'catkin_cmake_args': None, 'catkin_skip_building_tests': False, 'cmake_args': None, 'cmake_clean_cache': False, 'cmake_clean_first': False, 'cmake_force_configure': False, 'cmake_target': None, 'cmake_target_skip_unavailable': False, 'install_base': '/home/robot_ws/install/assign2_650610841', 'merge_install': False, 'path': '/home/robot_ws/src/assign2_650610841', 'symlink_install': False, 'test_result_base': None}
[0.184s] INFO:colcon.colcon_core.executor:Executing jobs using 'parallel' executor
[0.186s] DEBUG:colcon.colcon_parallel_executor.executor.parallel:run_until_complete
[0.186s] INFO:colcon.colcon_ros.task.ament_cmake.build:Building ROS package in '/home/robot_ws/src/myword_650610841' with build type 'ament_cmake'
[0.186s] INFO:colcon.colcon_cmake.task.cmake.build:Building CMake package in '/home/robot_ws/src/myword_650610841'
[0.187s] INFO:colcon.colcon_core.plugin_system:Skipping extension 'colcon_core.shell.bat': Not used on non-Windows systems
[0.187s] INFO:colcon.colcon_core.shell:Skip shell extension 'powershell' for command environment: Not usable outside of PowerShell
[0.187s] DEBUG:colcon.colcon_core.shell:Skip shell extension 'dsv' for command environment
[0.197s] INFO:colcon.colcon_ros.task.ament_python.build:Building ROS package in '/home/robot_ws/src/650610841_final' with build type 'ament_python'
[0.197s] Level 1:colcon.colcon_core.shell:create_environment_hook('650610841_final', 'ament_prefix_path')
[0.197s] INFO:colcon.colcon_core.shell:Creating environment hook '/home/robot_ws/install/650610841_final/share/650610841_final/hook/ament_prefix_path.ps1'
[0.198s] INFO:colcon.colcon_core.shell:Creating environment descriptor '/home/robot_ws/install/650610841_final/share/650610841_final/hook/ament_prefix_path.dsv'
[0.198s] INFO:colcon.colcon_core.shell:Creating environment hook '/home/robot_ws/install/650610841_final/share/650610841_final/hook/ament_prefix_path.sh'
[0.199s] INFO:colcon.colcon_core.shell:Skip shell extension 'powershell' for command environment: Not usable outside of PowerShell
[0.199s] DEBUG:colcon.colcon_core.shell:Skip shell extension 'dsv' for command environment
[0.201s] INFO:colcon.colcon_ros.task.ament_python.build:Building ROS package in '/home/robot_ws/src/assign1_650610841' with build type 'ament_python'
[0.201s] Level 1:colcon.colcon_core.shell:create_environment_hook('assign1_650610841', 'ament_prefix_path')
[0.201s] INFO:colcon.colcon_core.shell:Creating environment hook '/home/robot_ws/install/assign1_650610841/share/assign1_650610841/hook/ament_prefix_path.ps1'
[0.202s] INFO:colcon.colcon_core.shell:Creating environment descriptor '/home/robot_ws/install/assign1_650610841/share/assign1_650610841/hook/ament_prefix_path.dsv'
[0.202s] INFO:colcon.colcon_core.shell:Creating environment hook '/home/robot_ws/install/assign1_650610841/share/assign1_650610841/hook/ament_prefix_path.sh'
[0.202s] INFO:colcon.colcon_core.shell:Skip shell extension 'powershell' for command environment: Not usable outside of PowerShell
[0.202s] DEBUG:colcon.colcon_core.shell:Skip shell extension 'dsv' for command environment
[0.204s] INFO:colcon.colcon_ros.task.ament_python.build:Building ROS package in '/home/robot_ws/src/assign3_650610841' with build type 'ament_python'
[0.205s] Level 1:colcon.colcon_core.shell:create_environment_hook('assign3_650610841', 'ament_prefix_path')
[0.205s] INFO:colcon.colcon_core.shell:Creating environment hook '/home/robot_ws/install/assign3_650610841/share/assign3_650610841/hook/ament_prefix_path.ps1'
[0.205s] INFO:colcon.colcon_core.shell:Creating environment descriptor '/home/robot_ws/install/assign3_650610841/share/assign3_650610841/hook/ament_prefix_path.dsv'
[0.205s] INFO:colcon.colcon_core.shell:Creating environment hook '/home/robot_ws/install/assign3_650610841/share/assign3_650610841/hook/ament_prefix_path.sh'
[0.213s] INFO:colcon.colcon_core.shell:Skip shell extension 'powershell' for command environment: Not usable outside of PowerShell
[0.214s] DEBUG:colcon.colcon_core.shell:Skip shell extension 'dsv' for command environment
[0.219s] INFO:colcon.colcon_ros.task.ament_python.build:Building ROS package in '/home/robot_ws/src/assign4_650610841' with build type 'ament_python'
[0.220s] Level 1:colcon.colcon_core.shell:create_environment_hook('assign4_650610841', 'ament_prefix_path')
[0.220s] INFO:colcon.colcon_core.shell:Creating environment hook '/home/robot_ws/install/assign4_650610841/share/assign4_650610841/hook/ament_prefix_path.ps1'
[0.220s] INFO:colcon.colcon_core.shell:Creating environment descriptor '/home/robot_ws/install/assign4_650610841/share/assign4_650610841/hook/ament_prefix_path.dsv'
[0.220s] INFO:colcon.colcon_core.shell:Creating environment hook '/home/robot_ws/install/assign4_650610841/share/assign4_650610841/hook/ament_prefix_path.sh'
[0.224s] INFO:colcon.colcon_core.shell:Skip shell extension 'powershell' for command environment: Not usable outside of PowerShell
[0.225s] DEBUG:colcon.colcon_core.shell:Skip shell extension 'dsv' for command environment
[0.235s] INFO:colcon.colcon_ros.task.ament_cmake.build:Building ROS package in '/home/robot_ws/src/sllidar_ros2' with build type 'ament_cmake'
[0.236s] INFO:colcon.colcon_cmake.task.cmake.build:Building CMake package in '/home/robot_ws/src/sllidar_ros2'
[0.236s] INFO:colcon.colcon_core.shell:Skip shell extension 'powershell' for command environment: Not usable outside of PowerShell
[0.236s] DEBUG:colcon.colcon_core.shell:Skip shell extension 'dsv' for command environment
[0.242s] DEBUG:colcon.colcon_core.event_handler.log_command:Invoking command in '/home/robot_ws/build/myword_650610841': CMAKE_PREFIX_PATH=${CMAKE_PREFIX_PATH}:/home/robot_ws/install/assign2_650610841:/home/robot_ws/install/assign4_650610841:/home/robot_ws/install/assign3_650610841:/home/robot_ws/install/assign1_650610841:/home/robot_ws/install/650610841_final:/opt/ros/humble /usr/bin/cmake --build /home/robot_ws/build/myword_650610841 -- -j16 -l16
[0.893s] INFO:colcon.colcon_core.task.python.build:Building Python package in '/home/robot_ws/src/650610841_final'
[0.894s] INFO:colcon.colcon_core.shell:Skip shell extension 'powershell' for command environment: Not usable outside of PowerShell
[0.894s] DEBUG:colcon.colcon_core.shell:Skip shell extension 'dsv' for command environment
[1.066s] INFO:colcon.colcon_core.task.python.build:Building Python package in '/home/robot_ws/src/assign1_650610841'
[1.066s] INFO:colcon.colcon_core.shell:Skip shell extension 'powershell' for command environment: Not usable outside of PowerShell
[1.066s] DEBUG:colcon.colcon_core.shell:Skip shell extension 'dsv' for command environment
[1.227s] INFO:colcon.colcon_core.task.python.build:Building Python package in '/home/robot_ws/src/assign3_650610841'
[1.228s] INFO:colcon.colcon_core.shell:Skip shell extension 'powershell' for command environment: Not usable outside of PowerShell
[1.228s] DEBUG:colcon.colcon_core.shell:Skip shell extension 'dsv' for command environment
[1.405s] INFO:colcon.colcon_core.task.python.build:Building Python package in '/home/robot_ws/src/assign4_650610841'
[1.405s] INFO:colcon.colcon_core.shell:Skip shell extension 'powershell' for command environment: Not usable outside of PowerShell
[1.405s] DEBUG:colcon.colcon_core.shell:Skip shell extension 'dsv' for command environment
[1.414s] DEBUG:colcon.colcon_core.event_handler.log_command:Invoking command in '/home/robot_ws/build/sllidar_ros2': CMAKE_PREFIX_PATH=${CMAKE_PREFIX_PATH}:/home/robot_ws/install/assign2_650610841:/home/robot_ws/install/assign4_650610841:/home/robot_ws/install/assign3_650610841:/home/robot_ws/install/assign1_650610841:/home/robot_ws/install/650610841_final:/opt/ros/humble /usr/bin/cmake --build /home/robot_ws/build/sllidar_ros2 -- -j16 -l16
[1.415s] DEBUG:colcon.colcon_core.event_handler.log_command:Invoked command in '/home/robot_ws/build/myword_650610841' returned '0': CMAKE_PREFIX_PATH=${CMAKE_PREFIX_PATH}:/home/robot_ws/install/assign2_650610841:/home/robot_ws/install/assign4_650610841:/home/robot_ws/install/assign3_650610841:/home/robot_ws/install/assign1_650610841:/home/robot_ws/install/650610841_final:/opt/ros/humble /usr/bin/cmake --build /home/robot_ws/build/myword_650610841 -- -j16 -l16
[1.423s] DEBUG:colcon.colcon_core.event_handler.log_command:Invoking command in '/home/robot_ws/build/myword_650610841': CMAKE_PREFIX_PATH=${CMAKE_PREFIX_PATH}:/home/robot_ws/install/assign2_650610841:/home/robot_ws/install/assign4_650610841:/home/robot_ws/install/assign3_650610841:/home/robot_ws/install/assign1_650610841:/home/robot_ws/install/650610841_final:/opt/ros/humble /usr/bin/cmake --install /home/robot_ws/build/myword_650610841
[1.727s] DEBUG:colcon.colcon_core.event_handler.log_command:Invoked command in '/home/robot_ws/build/sllidar_ros2' returned '0': CMAKE_PREFIX_PATH=${CMAKE_PREFIX_PATH}:/home/robot_ws/install/assign2_650610841:/home/robot_ws/install/assign4_650610841:/home/robot_ws/install/assign3_650610841:/home/robot_ws/install/assign1_650610841:/home/robot_ws/install/650610841_final:/opt/ros/humble /usr/bin/cmake --build /home/robot_ws/build/sllidar_ros2 -- -j16 -l16
[1.743s] DEBUG:colcon.colcon_core.event_handler.log_command:Invoking command in '/home/robot_ws/build/sllidar_ros2': CMAKE_PREFIX_PATH=${CMAKE_PREFIX_PATH}:/home/robot_ws/install/assign2_650610841:/home/robot_ws/install/assign4_650610841:/home/robot_ws/install/assign3_650610841:/home/robot_ws/install/assign1_650610841:/home/robot_ws/install/650610841_final:/opt/ros/humble /usr/bin/cmake --install /home/robot_ws/build/sllidar_ros2
[1.823s] Level 1:colcon.colcon_core.environment:create_environment_scripts_only(sllidar_ros2)
[1.880s] DEBUG:colcon.colcon_core.event_handler.log_command:Invoked command in '/home/robot_ws/build/sllidar_ros2' returned '0': CMAKE_PREFIX_PATH=${CMAKE_PREFIX_PATH}:/home/robot_ws/install/assign2_650610841:/home/robot_ws/install/assign4_650610841:/home/robot_ws/install/assign3_650610841:/home/robot_ws/install/assign1_650610841:/home/robot_ws/install/650610841_final:/opt/ros/humble /usr/bin/cmake --install /home/robot_ws/build/sllidar_ros2
[1.918s] Level 1:colcon.colcon_core.environment:checking '/home/robot_ws/install/sllidar_ros2' for CMake module files
[1.930s] Level 1:colcon.colcon_core.environment:checking '/home/robot_ws/install/sllidar_ros2' for CMake config files
[1.944s] Level 1:colcon.colcon_core.shell:create_environment_hook('sllidar_ros2', 'cmake_prefix_path')
[1.947s] INFO:colcon.colcon_core.shell:Creating environment hook '/home/robot_ws/install/sllidar_ros2/share/sllidar_ros2/hook/cmake_prefix_path.ps1'
[1.953s] INFO:colcon.colcon_core.shell:Creating environment descriptor '/home/robot_ws/install/sllidar_ros2/share/sllidar_ros2/hook/cmake_prefix_path.dsv'
[1.958s] INFO:colcon.colcon_core.shell:Creating environment hook '/home/robot_ws/install/sllidar_ros2/share/sllidar_ros2/hook/cmake_prefix_path.sh'
[1.975s] Level 1:colcon.colcon_core.environment:checking '/home/robot_ws/install/sllidar_ros2/lib'
[1.978s] Level 1:colcon.colcon_core.environment:checking '/home/robot_ws/install/sllidar_ros2/bin'
[1.979s] Level 1:colcon.colcon_core.environment:checking '/home/robot_ws/install/sllidar_ros2/lib/pkgconfig/sllidar_ros2.pc'
[1.982s] Level 1:colcon.colcon_core.environment:checking '/home/robot_ws/install/sllidar_ros2/lib/python3.10/site-packages'
[1.985s] Level 1:colcon.colcon_core.environment:checking '/home/robot_ws/install/sllidar_ros2/bin'
[1.988s] INFO:colcon.colcon_core.shell:Creating package script '/home/robot_ws/install/sllidar_ros2/share/sllidar_ros2/package.ps1'
[1.996s] INFO:colcon.colcon_core.shell:Creating package descriptor '/home/robot_ws/install/sllidar_ros2/share/sllidar_ros2/package.dsv'
[2.005s] INFO:colcon.colcon_core.shell:Creating package script '/home/robot_ws/install/sllidar_ros2/share/sllidar_ros2/package.sh'
[2.012s] INFO:colcon.colcon_core.shell:Creating package script '/home/robot_ws/install/sllidar_ros2/share/sllidar_ros2/package.bash'
[2.018s] INFO:colcon.colcon_core.shell:Creating package script '/home/robot_ws/install/sllidar_ros2/share/sllidar_ros2/package.zsh'
[2.023s] Level 1:colcon.colcon_core.environment:create_file_with_runtime_dependencies(/home/robot_ws/install/sllidar_ros2/share/colcon-core/packages/sllidar_ros2)
[2.028s] Level 1:colcon.colcon_core.environment:create_environment_scripts_only(sllidar_ros2)
[2.030s] Level 1:colcon.colcon_core.environment:checking '/home/robot_ws/install/sllidar_ros2' for CMake module files
[2.035s] Level 1:colcon.colcon_core.environment:checking '/home/robot_ws/install/sllidar_ros2' for CMake config files
[2.039s] Level 1:colcon.colcon_core.shell:create_environment_hook('sllidar_ros2', 'cmake_prefix_path')
[2.041s] INFO:colcon.colcon_core.shell:Creating environment hook '/home/robot_ws/install/sllidar_ros2/share/sllidar_ros2/hook/cmake_prefix_path.ps1'
[2.044s] INFO:colcon.colcon_core.shell:Creating environment descriptor '/home/robot_ws/install/sllidar_ros2/share/sllidar_ros2/hook/cmake_prefix_path.dsv'
[2.048s] INFO:colcon.colcon_core.shell:Creating environment hook '/home/robot_ws/install/sllidar_ros2/share/sllidar_ros2/hook/cmake_prefix_path.sh'
[2.053s] Level 1:colcon.colcon_core.environment:checking '/home/robot_ws/install/sllidar_ros2/lib'
[2.054s] Level 1:colcon.colcon_core.environment:checking '/home/robot_ws/install/sllidar_ros2/bin'
[2.054s] Level 1:colcon.colcon_core.environment:checking '/home/robot_ws/install/sllidar_ros2/lib/pkgconfig/sllidar_ros2.pc'
[2.057s] Level 1:colcon.colcon_core.environment:checking '/home/robot_ws/install/sllidar_ros2/lib/python3.10/site-packages'
[2.059s] Level 1:colcon.colcon_core.environment:checking '/home/robot_ws/install/sllidar_ros2/bin'
[2.062s] INFO:colcon.colcon_core.shell:Creating package script '/home/robot_ws/install/sllidar_ros2/share/sllidar_ros2/package.ps1'
[2.067s] INFO:colcon.colcon_core.shell:Creating package descriptor '/home/robot_ws/install/sllidar_ros2/share/sllidar_ros2/package.dsv'
[2.070s] INFO:colcon.colcon_core.shell:Creating package script '/home/robot_ws/install/sllidar_ros2/share/sllidar_ros2/package.sh'
[2.074s] INFO:colcon.colcon_core.shell:Creating package script '/home/robot_ws/install/sllidar_ros2/share/sllidar_ros2/package.bash'
[2.078s] INFO:colcon.colcon_core.shell:Creating package script '/home/robot_ws/install/sllidar_ros2/share/sllidar_ros2/package.zsh'
[2.082s] Level 1:colcon.colcon_core.environment:create_file_with_runtime_dependencies(/home/robot_ws/install/sllidar_ros2/share/colcon-core/packages/sllidar_ros2)
[2.090s] Level 1:colcon.colcon_core.environment:create_environment_scripts_only(myword_650610841)
[2.093s] Level 1:colcon.colcon_core.environment:checking '/home/robot_ws/install/myword_650610841' for CMake module files
[2.100s] DEBUG:colcon.colcon_core.event_handler.log_command:Invoked command in '/home/robot_ws/build/myword_650610841' returned '0': CMAKE_PREFIX_PATH=${CMAKE_PREFIX_PATH}:/home/robot_ws/install/assign2_650610841:/home/robot_ws/install/assign4_650610841:/home/robot_ws/install/assign3_650610841:/home/robot_ws/install/assign1_650610841:/home/robot_ws/install/650610841_final:/opt/ros/humble /usr/bin/cmake --install /home/robot_ws/build/myword_650610841
[2.105s] Level 1:colcon.colcon_core.environment:checking '/home/robot_ws/install/myword_650610841' for CMake config files
[2.108s] Level 1:colcon.colcon_core.shell:create_environment_hook('myword_650610841', 'cmake_prefix_path')
[2.111s] INFO:colcon.colcon_core.shell:Creating environment hook '/home/robot_ws/install/myword_650610841/share/myword_650610841/hook/cmake_prefix_path.ps1'
[2.116s] INFO:colcon.colcon_core.shell:Creating environment descriptor '/home/robot_ws/install/myword_650610841/share/myword_650610841/hook/cmake_prefix_path.dsv'
[2.119s] INFO:colcon.colcon_core.shell:Creating environment hook '/home/robot_ws/install/myword_650610841/share/myword_650610841/hook/cmake_prefix_path.sh'
[2.125s] Level 1:colcon.colcon_core.environment:checking '/home/robot_ws/install/myword_650610841/lib'
[2.126s] Level 1:colcon.colcon_core.shell:create_environment_hook('myword_650610841', 'ld_library_path_lib')
[2.129s] INFO:colcon.colcon_core.shell:Creating environment hook '/home/robot_ws/install/myword_650610841/share/myword_650610841/hook/ld_library_path_lib.ps1'
[2.132s] INFO:colcon.colcon_core.shell:Creating environment descriptor '/home/robot_ws/install/myword_650610841/share/myword_650610841/hook/ld_library_path_lib.dsv'
[2.136s] INFO:colcon.colcon_core.shell:Creating environment hook '/home/robot_ws/install/myword_650610841/share/myword_650610841/hook/ld_library_path_lib.sh'
[2.142s] Level 1:colcon.colcon_core.environment:checking '/home/robot_ws/install/myword_650610841/bin'
[2.142s] Level 1:colcon.colcon_core.environment:checking '/home/robot_ws/install/myword_650610841/lib/pkgconfig/myword_650610841.pc'
[2.145s] Level 1:colcon.colcon_core.environment:checking '/home/robot_ws/install/myword_650610841/lib/python3.10/site-packages'
[2.146s] Level 1:colcon.colcon_core.environment:checking '/home/robot_ws/install/myword_650610841/bin'
[2.149s] INFO:colcon.colcon_core.shell:Creating package script '/home/robot_ws/install/myword_650610841/share/myword_650610841/package.ps1'
[2.154s] INFO:colcon.colcon_core.shell:Creating package descriptor '/home/robot_ws/install/myword_650610841/share/myword_650610841/package.dsv'
[2.157s] INFO:colcon.colcon_core.shell:Creating package script '/home/robot_ws/install/myword_650610841/share/myword_650610841/package.sh'
[2.159s] INFO:colcon.colcon_core.shell:Creating package script '/home/robot_ws/install/myword_650610841/share/myword_650610841/package.bash'
[2.163s] INFO:colcon.colcon_core.shell:Creating package script '/home/robot_ws/install/myword_650610841/share/myword_650610841/package.zsh'
[2.167s] Level 1:colcon.colcon_core.environment:create_file_with_runtime_dependencies(/home/robot_ws/install/myword_650610841/share/colcon-core/packages/myword_650610841)
[2.172s] Level 1:colcon.colcon_core.environment:create_environment_scripts_only(myword_650610841)
[2.174s] Level 1:colcon.colcon_core.environment:checking '/home/robot_ws/install/myword_650610841' for CMake module files
[2.178s] Level 1:colcon.colcon_core.environment:checking '/home/robot_ws/install/myword_650610841' for CMake config files
[2.181s] Level 1:colcon.colcon_core.shell:create_environment_hook('myword_650610841', 'cmake_prefix_path')
[2.182s] INFO:colcon.colcon_core.shell:Creating environment hook '/home/robot_ws/install/myword_650610841/share/myword_650610841/hook/cmake_prefix_path.ps1'
[2.185s] INFO:colcon.colcon_core.shell:Creating environment descriptor '/home/robot_ws/install/myword_650610841/share/myword_650610841/hook/cmake_prefix_path.dsv'
[2.187s] INFO:colcon.colcon_core.shell:Creating environment hook '/home/robot_ws/install/myword_650610841/share/myword_650610841/hook/cmake_prefix_path.sh'
[2.191s] Level 1:colcon.colcon_core.environment:checking '/home/robot_ws/install/myword_650610841/lib'
[2.192s] Level 1:colcon.colcon_core.shell:create_environment_hook('myword_650610841', 'ld_library_path_lib')
[2.194s] INFO:colcon.colcon_core.shell:Creating environment hook '/home/robot_ws/install/myword_650610841/share/myword_650610841/hook/ld_library_path_lib.ps1'
[2.196s] INFO:colcon.colcon_core.shell:Creating environment descriptor '/home/robot_ws/install/myword_650610841/share/myword_650610841/hook/ld_library_path_lib.dsv'
[2.198s] INFO:colcon.colcon_core.shell:Creating environment hook '/home/robot_ws/install/myword_650610841/share/myword_650610841/hook/ld_library_path_lib.sh'
[2.200s] Level 1:colcon.colcon_core.environment:checking '/home/robot_ws/install/myword_650610841/bin'
[2.201s] Level 1:colcon.colcon_core.environment:checking '/home/robot_ws/install/myword_650610841/lib/pkgconfig/myword_650610841.pc'
[2.202s] Level 1:colcon.colcon_core.environment:checking '/home/robot_ws/install/myword_650610841/lib/python3.10/site-packages'
[2.204s] Level 1:colcon.colcon_core.environment:checking '/home/robot_ws/install/myword_650610841/bin'
[2.207s] INFO:colcon.colcon_core.shell:Creating package script '/home/robot_ws/install/myword_650610841/share/myword_650610841/package.ps1'
[2.212s] INFO:colcon.colcon_core.shell:Creating package descriptor '/home/robot_ws/install/myword_650610841/share/myword_650610841/package.dsv'
[2.219s] INFO:colcon.colcon_core.shell:Creating package script '/home/robot_ws/install/myword_650610841/share/myword_650610841/package.sh'
[2.222s] INFO:colcon.colcon_core.shell:Creating package script '/home/robot_ws/install/myword_650610841/share/myword_650610841/package.bash'
[2.224s] INFO:colcon.colcon_core.shell:Creating package script '/home/robot_ws/install/myword_650610841/share/myword_650610841/package.zsh'
[2.228s] Level 1:colcon.colcon_core.environment:create_file_with_runtime_dependencies(/home/robot_ws/install/myword_650610841/share/colcon-core/packages/myword_650610841)
[2.236s] INFO:colcon.colcon_ros.task.ament_python.build:Building ROS package in '/home/robot_ws/src/assign2_650610841' with build type 'ament_python'
[2.237s] Level 1:colcon.colcon_core.shell:create_environment_hook('assign2_650610841', 'ament_prefix_path')
[2.241s] INFO:colcon.colcon_core.shell:Creating environment hook '/home/robot_ws/install/assign2_650610841/share/assign2_650610841/hook/ament_prefix_path.ps1'
[2.250s] INFO:colcon.colcon_core.shell:Creating environment descriptor '/home/robot_ws/install/assign2_650610841/share/assign2_650610841/hook/ament_prefix_path.dsv'
[2.254s] INFO:colcon.colcon_core.shell:Creating environment hook '/home/robot_ws/install/assign2_650610841/share/assign2_650610841/hook/ament_prefix_path.sh'
[2.260s] INFO:colcon.colcon_core.shell:Skip shell extension 'powershell' for command environment: Not usable outside of PowerShell
[2.261s] DEBUG:colcon.colcon_core.shell:Skip shell extension 'dsv' for command environment
[3.002s] INFO:colcon.colcon_core.task.python.build:Building Python package in '/home/robot_ws/src/assign2_650610841'
[3.002s] INFO:colcon.colcon_core.shell:Skip shell extension 'powershell' for command environment: Not usable outside of PowerShell
[3.002s] DEBUG:colcon.colcon_core.shell:Skip shell extension 'dsv' for command environment
[3.010s] DEBUG:colcon.colcon_core.event_handler.log_command:Invoking command in '/home/robot_ws/src/assign3_650610841': PYTHONPATH=/home/robot_ws/build/assign3_650610841/prefix_override:/usr/lib/python3/dist-packages/colcon_core/task/python/colcon_distutils_commands:/home/robot_ws/install/assign3_650610841/lib/python3.10/site-packages:${PYTHONPATH} /usr/bin/python3 -W ignore:setup.py install is deprecated -W ignore:easy_install command is deprecated setup.py egg_info --egg-base ../../build/assign3_650610841 build --build-base /home/robot_ws/build/assign3_650610841/build install --record /home/robot_ws/build/assign3_650610841/install.log --single-version-externally-managed install_data
[3.025s] DEBUG:colcon.colcon_core.event_handler.log_command:Invoking command in '/home/robot_ws/src/assign4_650610841': PYTHONPATH=/home/robot_ws/build/assign4_650610841/prefix_override:/usr/lib/python3/dist-packages/colcon_core/task/python/colcon_distutils_commands:/home/robot_ws/install/assign4_650610841/lib/python3.10/site-packages:${PYTHONPATH} /usr/bin/python3 -W ignore:setup.py install is deprecated -W ignore:easy_install command is deprecated setup.py egg_info --egg-base ../../build/assign4_650610841 build --build-base /home/robot_ws/build/assign4_650610841/build install --record /home/robot_ws/build/assign4_650610841/install.log --single-version-externally-managed install_data
[3.066s] DEBUG:colcon.colcon_core.event_handler.log_command:Invoking command in '/home/robot_ws/src/assign1_650610841': PYTHONPATH=/home/robot_ws/build/assign1_650610841/prefix_override:/usr/lib/python3/dist-packages/colcon_core/task/python/colcon_distutils_commands:/home/robot_ws/install/assign1_650610841/lib/python3.10/site-packages:${PYTHONPATH} /usr/bin/python3 -W ignore:setup.py install is deprecated -W ignore:easy_install command is deprecated setup.py egg_info --egg-base ../../build/assign1_650610841 build --build-base /home/robot_ws/build/assign1_650610841/build install --record /home/robot_ws/build/assign1_650610841/install.log --single-version-externally-managed install_data
[3.089s] DEBUG:colcon.colcon_core.event_handler.log_command:Invoking command in '/home/robot_ws/src/650610841_final': PYTHONPATH=/home/robot_ws/build/650610841_final/prefix_override:/usr/lib/python3/dist-packages/colcon_core/task/python/colcon_distutils_commands:/home/robot_ws/install/650610841_final/lib/python3.10/site-packages:${PYTHONPATH} /usr/bin/python3 -W ignore:setup.py install is deprecated -W ignore:easy_install command is deprecated setup.py egg_info --egg-base ../../build/650610841_final build --build-base /home/robot_ws/build/650610841_final/build install --record /home/robot_ws/build/650610841_final/install.log --single-version-externally-managed install_data
[3.255s] Level 1:colcon.colcon_core.environment:checking '/home/robot_ws/install/assign4_650610841' for CMake module files
[3.255s] DEBUG:colcon.colcon_core.event_handler.log_command:Invoked command in '/home/robot_ws/src/assign4_650610841' returned '0': PYTHONPATH=/home/robot_ws/build/assign4_650610841/prefix_override:/usr/lib/python3/dist-packages/colcon_core/task/python/colcon_distutils_commands:/home/robot_ws/install/assign4_650610841/lib/python3.10/site-packages:${PYTHONPATH} /usr/bin/python3 -W ignore:setup.py install is deprecated -W ignore:easy_install command is deprecated setup.py egg_info --egg-base ../../build/assign4_650610841 build --build-base /home/robot_ws/build/assign4_650610841/build install --record /home/robot_ws/build/assign4_650610841/install.log --single-version-externally-managed install_data
[3.256s] Level 1:colcon.colcon_core.environment:checking '/home/robot_ws/install/assign4_650610841' for CMake config files
[3.256s] Level 1:colcon.colcon_core.environment:checking '/home/robot_ws/install/assign4_650610841/lib'
[3.257s] Level 1:colcon.colcon_core.environment:checking '/home/robot_ws/install/assign4_650610841/bin'
[3.257s] Level 1:colcon.colcon_core.environment:checking '/home/robot_ws/install/assign4_650610841/lib/pkgconfig/assign4_650610841.pc'
[3.257s] Level 1:colcon.colcon_core.environment:checking '/home/robot_ws/install/assign4_650610841/lib/python3.10/site-packages'
[3.257s] Level 1:colcon.colcon_core.shell:create_environment_hook('assign4_650610841', 'pythonpath')
[3.257s] INFO:colcon.colcon_core.shell:Creating environment hook '/home/robot_ws/install/assign4_650610841/share/assign4_650610841/hook/pythonpath.ps1'
[3.258s] INFO:colcon.colcon_core.shell:Creating environment descriptor '/home/robot_ws/install/assign4_650610841/share/assign4_650610841/hook/pythonpath.dsv'
[3.258s] INFO:colcon.colcon_core.shell:Creating environment hook '/home/robot_ws/install/assign4_650610841/share/assign4_650610841/hook/pythonpath.sh'
[3.259s] Level 1:colcon.colcon_core.environment:checking '/home/robot_ws/install/assign4_650610841/bin'
[3.259s] Level 1:colcon.colcon_core.environment:create_environment_scripts_only(assign4_650610841)
[3.259s] INFO:colcon.colcon_core.shell:Creating package script '/home/robot_ws/install/assign4_650610841/share/assign4_650610841/package.ps1'
[3.260s] INFO:colcon.colcon_core.shell:Creating package descriptor '/home/robot_ws/install/assign4_650610841/share/assign4_650610841/package.dsv'
[3.261s] INFO:colcon.colcon_core.shell:Creating package script '/home/robot_ws/install/assign4_650610841/share/assign4_650610841/package.sh'
[3.261s] INFO:colcon.colcon_core.shell:Creating package script '/home/robot_ws/install/assign4_650610841/share/assign4_650610841/package.bash'
[3.262s] INFO:colcon.colcon_core.shell:Creating package script '/home/robot_ws/install/assign4_650610841/share/assign4_650610841/package.zsh'
[3.262s] Level 1:colcon.colcon_core.environment:create_file_with_runtime_dependencies(/home/robot_ws/install/assign4_650610841/share/colcon-core/packages/assign4_650610841)
[3.277s] Level 1:colcon.colcon_core.environment:checking '/home/robot_ws/install/assign1_650610841' for CMake module files
[3.277s] DEBUG:colcon.colcon_core.event_handler.log_command:Invoked command in '/home/robot_ws/src/assign1_650610841' returned '0': PYTHONPATH=/home/robot_ws/build/assign1_650610841/prefix_override:/usr/lib/python3/dist-packages/colcon_core/task/python/colcon_distutils_commands:/home/robot_ws/install/assign1_650610841/lib/python3.10/site-packages:${PYTHONPATH} /usr/bin/python3 -W ignore:setup.py install is deprecated -W ignore:easy_install command is deprecated setup.py egg_info --egg-base ../../build/assign1_650610841 build --build-base /home/robot_ws/build/assign1_650610841/build install --record /home/robot_ws/build/assign1_650610841/install.log --single-version-externally-managed install_data
[3.278s] Level 1:colcon.colcon_core.environment:checking '/home/robot_ws/install/assign1_650610841' for CMake config files
[3.279s] Level 1:colcon.colcon_core.environment:checking '/home/robot_ws/install/assign1_650610841/lib'
[3.279s] Level 1:colcon.colcon_core.environment:checking '/home/robot_ws/install/assign1_650610841/bin'
[3.279s] Level 1:colcon.colcon_core.environment:checking '/home/robot_ws/install/assign1_650610841/lib/pkgconfig/assign1_650610841.pc'
[3.279s] Level 1:colcon.colcon_core.environment:checking '/home/robot_ws/install/assign1_650610841/lib/python3.10/site-packages'
[3.279s] Level 1:colcon.colcon_core.shell:create_environment_hook('assign1_650610841', 'pythonpath')
[3.280s] INFO:colcon.colcon_core.shell:Creating environment hook '/home/robot_ws/install/assign1_650610841/share/assign1_650610841/hook/pythonpath.ps1'
[3.280s] INFO:colcon.colcon_core.shell:Creating environment descriptor '/home/robot_ws/install/assign1_650610841/share/assign1_650610841/hook/pythonpath.dsv'
[3.280s] INFO:colcon.colcon_core.shell:Creating environment hook '/home/robot_ws/install/assign1_650610841/share/assign1_650610841/hook/pythonpath.sh'
[3.281s] Level 1:colcon.colcon_core.environment:checking '/home/robot_ws/install/assign1_650610841/bin'
[3.281s] Level 1:colcon.colcon_core.environment:create_environment_scripts_only(assign1_650610841)
[3.281s] INFO:colcon.colcon_core.shell:Creating package script '/home/robot_ws/install/assign1_650610841/share/assign1_650610841/package.ps1'
[3.282s] INFO:colcon.colcon_core.shell:Creating package descriptor '/home/robot_ws/install/assign1_650610841/share/assign1_650610841/package.dsv'
[3.282s] INFO:colcon.colcon_core.shell:Creating package script '/home/robot_ws/install/assign1_650610841/share/assign1_650610841/package.sh'
[3.282s] INFO:colcon.colcon_core.shell:Creating package script '/home/robot_ws/install/assign1_650610841/share/assign1_650610841/package.bash'
[3.283s] INFO:colcon.colcon_core.shell:Creating package script '/home/robot_ws/install/assign1_650610841/share/assign1_650610841/package.zsh'
[3.283s] Level 1:colcon.colcon_core.environment:create_file_with_runtime_dependencies(/home/robot_ws/install/assign1_650610841/share/colcon-core/packages/assign1_650610841)
[3.301s] Level 1:colcon.colcon_core.environment:checking '/home/robot_ws/install/650610841_final' for CMake module files
[3.301s] DEBUG:colcon.colcon_core.event_handler.log_command:Invoked command in '/home/robot_ws/src/650610841_final' returned '0': PYTHONPATH=/home/robot_ws/build/650610841_final/prefix_override:/usr/lib/python3/dist-packages/colcon_core/task/python/colcon_distutils_commands:/home/robot_ws/install/650610841_final/lib/python3.10/site-packages:${PYTHONPATH} /usr/bin/python3 -W ignore:setup.py install is deprecated -W ignore:easy_install command is deprecated setup.py egg_info --egg-base ../../build/650610841_final build --build-base /home/robot_ws/build/650610841_final/build install --record /home/robot_ws/build/650610841_final/install.log --single-version-externally-managed install_data
[3.302s] Level 1:colcon.colcon_core.environment:checking '/home/robot_ws/install/650610841_final' for CMake config files
[3.302s] Level 1:colcon.colcon_core.environment:checking '/home/robot_ws/install/650610841_final/lib'
[3.302s] Level 1:colcon.colcon_core.environment:checking '/home/robot_ws/install/650610841_final/bin'
[3.302s] Level 1:colcon.colcon_core.environment:checking '/home/robot_ws/install/650610841_final/lib/pkgconfig/650610841_final.pc'
[3.303s] Level 1:colcon.colcon_core.environment:checking '/home/robot_ws/install/650610841_final/lib/python3.10/site-packages'
[3.303s] Level 1:colcon.colcon_core.shell:create_environment_hook('650610841_final', 'pythonpath')
[3.303s] INFO:colcon.colcon_core.shell:Creating environment hook '/home/robot_ws/install/650610841_final/share/650610841_final/hook/pythonpath.ps1'
[3.303s] INFO:colcon.colcon_core.shell:Creating environment descriptor '/home/robot_ws/install/650610841_final/share/650610841_final/hook/pythonpath.dsv'
[3.303s] INFO:colcon.colcon_core.shell:Creating environment hook '/home/robot_ws/install/650610841_final/share/650610841_final/hook/pythonpath.sh'
[3.304s] Level 1:colcon.colcon_core.environment:checking '/home/robot_ws/install/650610841_final/bin'
[3.304s] Level 1:colcon.colcon_core.environment:create_environment_scripts_only(650610841_final)
[3.304s] INFO:colcon.colcon_core.shell:Creating package script '/home/robot_ws/install/650610841_final/share/650610841_final/package.ps1'
[3.304s] INFO:colcon.colcon_core.shell:Creating package descriptor '/home/robot_ws/install/650610841_final/share/650610841_final/package.dsv'
[3.305s] INFO:colcon.colcon_core.shell:Creating package script '/home/robot_ws/install/650610841_final/share/650610841_final/package.sh'
[3.305s] INFO:colcon.colcon_core.shell:Creating package script '/home/robot_ws/install/650610841_final/share/650610841_final/package.bash'
[3.305s] INFO:colcon.colcon_core.shell:Creating package script '/home/robot_ws/install/650610841_final/share/650610841_final/package.zsh'
[3.305s] Level 1:colcon.colcon_core.environment:create_file_with_runtime_dependencies(/home/robot_ws/install/650610841_final/share/colcon-core/packages/650610841_final)
[3.334s] Level 1:colcon.colcon_core.environment:checking '/home/robot_ws/install/assign3_650610841' for CMake module files
[3.334s] DEBUG:colcon.colcon_core.event_handler.log_command:Invoked command in '/home/robot_ws/src/assign3_650610841' returned '0': PYTHONPATH=/home/robot_ws/build/assign3_650610841/prefix_override:/usr/lib/python3/dist-packages/colcon_core/task/python/colcon_distutils_commands:/home/robot_ws/install/assign3_650610841/lib/python3.10/site-packages:${PYTHONPATH} /usr/bin/python3 -W ignore:setup.py install is deprecated -W ignore:easy_install command is deprecated setup.py egg_info --egg-base ../../build/assign3_650610841 build --build-base /home/robot_ws/build/assign3_650610841/build install --record /home/robot_ws/build/assign3_650610841/install.log --single-version-externally-managed install_data
[3.334s] Level 1:colcon.colcon_core.environment:checking '/home/robot_ws/install/assign3_650610841' for CMake config files
[3.335s] Level 1:colcon.colcon_core.environment:checking '/home/robot_ws/install/assign3_650610841/lib'
[3.335s] Level 1:colcon.colcon_core.environment:checking '/home/robot_ws/install/assign3_650610841/bin'
[3.335s] Level 1:colcon.colcon_core.environment:checking '/home/robot_ws/install/assign3_650610841/lib/pkgconfig/assign3_650610841.pc'
[3.335s] Level 1:colcon.colcon_core.environment:checking '/home/robot_ws/install/assign3_650610841/lib/python3.10/site-packages'
[3.335s] Level 1:colcon.colcon_core.shell:create_environment_hook('assign3_650610841', 'pythonpath')
[3.336s] INFO:colcon.colcon_core.shell:Creating environment hook '/home/robot_ws/install/assign3_650610841/share/assign3_650610841/hook/pythonpath.ps1'
[3.336s] INFO:colcon.colcon_core.shell:Creating environment descriptor '/home/robot_ws/install/assign3_650610841/share/assign3_650610841/hook/pythonpath.dsv'
[3.337s] INFO:colcon.colcon_core.shell:Creating environment hook '/home/robot_ws/install/assign3_650610841/share/assign3_650610841/hook/pythonpath.sh'
[3.338s] Level 1:colcon.colcon_core.environment:checking '/home/robot_ws/install/assign3_650610841/bin'
[3.338s] Level 1:colcon.colcon_core.environment:create_environment_scripts_only(assign3_650610841)
[3.338s] INFO:colcon.colcon_core.shell:Creating package script '/home/robot_ws/install/assign3_650610841/share/assign3_650610841/package.ps1'
[3.339s] INFO:colcon.colcon_core.shell:Creating package descriptor '/home/robot_ws/install/assign3_650610841/share/assign3_650610841/package.dsv'
[3.339s] INFO:colcon.colcon_core.shell:Creating package script '/home/robot_ws/install/assign3_650610841/share/assign3_650610841/package.sh'
[3.340s] INFO:colcon.colcon_core.shell:Creating package script '/home/robot_ws/install/assign3_650610841/share/assign3_650610841/package.bash'
[3.340s] INFO:colcon.colcon_core.shell:Creating package script '/home/robot_ws/install/assign3_650610841/share/assign3_650610841/package.zsh'
[3.341s] Level 1:colcon.colcon_core.environment:create_file_with_runtime_dependencies(/home/robot_ws/install/assign3_650610841/share/colcon-core/packages/assign3_650610841)
[3.374s] DEBUG:colcon.colcon_core.event_handler.log_command:Invoking command in '/home/robot_ws/src/assign2_650610841': CMAKE_PREFIX_PATH=/home/robot_ws/install/myword_650610841:/home/robot_ws/install/sllidar_ros2 LD_LIBRARY_PATH=/home/robot_ws/install/myword_650610841/lib:/usr/lib/x86_64-linux-gnu/gazebo-11/plugins:/opt/ros/humble/opt/rviz_ogre_vendor/lib:/opt/ros/humble/lib/x86_64-linux-gnu:/opt/ros/humble/lib:/usr/lib/x86_64-linux-gnu/gazebo-11/plugins PYTHONPATH=/home/robot_ws/build/assign2_650610841/prefix_override:/usr/lib/python3/dist-packages/colcon_core/task/python/colcon_distutils_commands:/home/robot_ws/install/assign2_650610841/lib/python3.10/site-packages:${PYTHONPATH} /usr/bin/python3 -W ignore:setup.py install is deprecated -W ignore:easy_install command is deprecated setup.py egg_info --egg-base ../../build/assign2_650610841 build --build-base /home/robot_ws/build/assign2_650610841/build install --record /home/robot_ws/build/assign2_650610841/install.log --single-version-externally-managed install_data
[3.591s] Level 1:colcon.colcon_core.environment:checking '/home/robot_ws/install/assign2_650610841' for CMake module files
[3.592s] DEBUG:colcon.colcon_core.event_handler.log_command:Invoked command in '/home/robot_ws/src/assign2_650610841' returned '0': CMAKE_PREFIX_PATH=/home/robot_ws/install/myword_650610841:/home/robot_ws/install/sllidar_ros2 LD_LIBRARY_PATH=/home/robot_ws/install/myword_650610841/lib:/usr/lib/x86_64-linux-gnu/gazebo-11/plugins:/opt/ros/humble/opt/rviz_ogre_vendor/lib:/opt/ros/humble/lib/x86_64-linux-gnu:/opt/ros/humble/lib:/usr/lib/x86_64-linux-gnu/gazebo-11/plugins PYTHONPATH=/home/robot_ws/build/assign2_650610841/prefix_override:/usr/lib/python3/dist-packages/colcon_core/task/python/colcon_distutils_commands:/home/robot_ws/install/assign2_650610841/lib/python3.10/site-packages:${PYTHONPATH} /usr/bin/python3 -W ignore:setup.py install is deprecated -W ignore:easy_install command is deprecated setup.py egg_info --egg-base ../../build/assign2_650610841 build --build-base /home/robot_ws/build/assign2_650610841/build install --record /home/robot_ws/build/assign2_650610841/install.log --single-version-externally-managed install_data
[3.592s] Level 1:colcon.colcon_core.environment:checking '/home/robot_ws/install/assign2_650610841' for CMake config files
[3.593s] Level 1:colcon.colcon_core.environment:checking '/home/robot_ws/install/assign2_650610841/lib'
[3.593s] Level 1:colcon.colcon_core.environment:checking '/home/robot_ws/install/assign2_650610841/bin'
[3.593s] Level 1:colcon.colcon_core.environment:checking '/home/robot_ws/install/assign2_650610841/lib/pkgconfig/assign2_650610841.pc'
[3.593s] Level 1:colcon.colcon_core.environment:checking '/home/robot_ws/install/assign2_650610841/lib/python3.10/site-packages'
[3.593s] Level 1:colcon.colcon_core.shell:create_environment_hook('assign2_650610841', 'pythonpath')
[3.593s] INFO:colcon.colcon_core.shell:Creating environment hook '/home/robot_ws/install/assign2_650610841/share/assign2_650610841/hook/pythonpath.ps1'
[3.594s] INFO:colcon.colcon_core.shell:Creating environment descriptor '/home/robot_ws/install/assign2_650610841/share/assign2_650610841/hook/pythonpath.dsv'
[3.594s] INFO:colcon.colcon_core.shell:Creating environment hook '/home/robot_ws/install/assign2_650610841/share/assign2_650610841/hook/pythonpath.sh'
[3.594s] Level 1:colcon.colcon_core.environment:checking '/home/robot_ws/install/assign2_650610841/bin'
[3.594s] Level 1:colcon.colcon_core.environment:create_environment_scripts_only(assign2_650610841)
[3.595s] INFO:colcon.colcon_core.shell:Creating package script '/home/robot_ws/install/assign2_650610841/share/assign2_650610841/package.ps1'
[3.595s] INFO:colcon.colcon_core.shell:Creating package descriptor '/home/robot_ws/install/assign2_650610841/share/assign2_650610841/package.dsv'
[3.595s] INFO:colcon.colcon_core.shell:Creating package script '/home/robot_ws/install/assign2_650610841/share/assign2_650610841/package.sh'
[3.596s] INFO:colcon.colcon_core.shell:Creating package script '/home/robot_ws/install/assign2_650610841/share/assign2_650610841/package.bash'
[3.596s] INFO:colcon.colcon_core.shell:Creating package script '/home/robot_ws/install/assign2_650610841/share/assign2_650610841/package.zsh'
[3.597s] Level 1:colcon.colcon_core.environment:create_file_with_runtime_dependencies(/home/robot_ws/install/assign2_650610841/share/colcon-core/packages/assign2_650610841)
[3.598s] DEBUG:colcon.colcon_parallel_executor.executor.parallel:closing loop
[3.601s] DEBUG:colcon.colcon_parallel_executor.executor.parallel:loop closed
[3.603s] DEBUG:colcon.colcon_parallel_executor.executor.parallel:run_until_complete finished with '0'
[3.604s] DEBUG:colcon.colcon_core.event_reactor:joining thread
[3.614s] INFO:colcon.colcon_core.plugin_system:Skipping extension 'colcon_notification.desktop_notification.notify_send': Could not find 'notify-send'
[3.614s] INFO:colcon.colcon_core.plugin_system:Skipping extension 'colcon_notification.desktop_notification.terminal_notifier': Not used on non-Darwin systems
[3.614s] INFO:colcon.colcon_core.plugin_system:Skipping extension 'colcon_notification.desktop_notification.win32': Not used on non-Windows systems
[3.614s] INFO:colcon.colcon_notification.desktop_notification:Sending desktop notification using 'notify2'
[3.626s] DEBUG:colcon.colcon_notification.desktop_notification.notify2:Failed to initialize notify2: org.freedesktop.DBus.Error.Spawn.ExecFailed: /usr/bin/dbus-launch terminated abnormally without any error message
[3.626s] DEBUG:colcon.colcon_core.event_reactor:joined thread
[3.627s] INFO:colcon.colcon_core.shell:Creating prefix script '/home/robot_ws/install/local_setup.ps1'
[3.628s] INFO:colcon.colcon_core.shell:Creating prefix util module '/home/robot_ws/install/_local_setup_util_ps1.py'
[3.629s] INFO:colcon.colcon_core.shell:Creating prefix chain script '/home/robot_ws/install/setup.ps1'
[3.635s] INFO:colcon.colcon_core.shell:Creating prefix script '/home/robot_ws/install/local_setup.sh'
[3.640s] INFO:colcon.colcon_core.shell:Creating prefix util module '/home/robot_ws/install/_local_setup_util_sh.py'
[3.641s] INFO:colcon.colcon_core.shell:Creating prefix chain script '/home/robot_ws/install/setup.sh'
[3.642s] INFO:colcon.colcon_core.shell:Creating prefix script '/home/robot_ws/install/local_setup.bash'
[3.645s] INFO:colcon.colcon_core.shell:Creating prefix chain script '/home/robot_ws/install/setup.bash'
[3.652s] INFO:colcon.colcon_core.shell:Creating prefix script '/home/robot_ws/install/local_setup.zsh'
[3.656s] INFO:colcon.colcon_core.shell:Creating prefix chain script '/home/robot_ws/install/setup.zsh'
