[1.981s] Invoking command in '/home/robot_ws/src/assign4_650610841': PYTHONPATH=/home/robot_ws/build/assign4_650610841/prefix_override:/usr/lib/python3/dist-packages/colcon_core/task/python/colcon_distutils_commands:/home/robot_ws/install/assign4_650610841/lib/python3.10/site-packages:${PYTHONPATH} /usr/bin/python3 -W ignore:setup.py install is deprecated -W ignore:easy_install command is deprecated setup.py egg_info --egg-base ../../build/assign4_650610841 build --build-base /home/robot_ws/build/assign4_650610841/build install --record /home/robot_ws/build/assign4_650610841/install.log --single-version-externally-managed install_data
[2.139s] running egg_info
[2.139s] writing ../../build/assign4_650610841/assign4_650610841.egg-info/PKG-INFO
[2.139s] writing dependency_links to ../../build/assign4_650610841/assign4_650610841.egg-info/dependency_links.txt
[2.140s] writing entry points to ../../build/assign4_650610841/assign4_650610841.egg-info/entry_points.txt
[2.140s] writing requirements to ../../build/assign4_650610841/assign4_650610841.egg-info/requires.txt
[2.140s] writing top-level names to ../../build/assign4_650610841/assign4_650610841.egg-info/top_level.txt
[2.141s] reading manifest file '../../build/assign4_650610841/assign4_650610841.egg-info/SOURCES.txt'
[2.141s] adding license file 'LICENSE'
[2.141s] writing manifest file '../../build/assign4_650610841/assign4_650610841.egg-info/SOURCES.txt'
[2.142s] running build
[2.142s] running build_py
[2.142s] running install
[2.142s] running install_lib
[2.143s] running install_data
[2.143s] running install_egg_info
[2.144s] removing '/home/robot_ws/install/assign4_650610841/lib/python3.10/site-packages/assign4_650610841-0.0.0-py3.10.egg-info' (and everything under it)
[2.145s] Copying ../../build/assign4_650610841/assign4_650610841.egg-info to /home/robot_ws/install/assign4_650610841/lib/python3.10/site-packages/assign4_650610841-0.0.0-py3.10.egg-info
[2.145s] running install_scripts
[2.162s] Installing lidar script to /home/robot_ws/install/assign4_650610841/lib/650610841_final
[2.162s] writing list of installed files to '/home/robot_ws/build/assign4_650610841/install.log'
[2.183s] Invoked command in '/home/robot_ws/src/assign4_650610841' returned '0': PYTHONPATH=/home/robot_ws/build/assign4_650610841/prefix_override:/usr/lib/python3/dist-packages/colcon_core/task/python/colcon_distutils_commands:/home/robot_ws/install/assign4_650610841/lib/python3.10/site-packages:${PYTHONPATH} /usr/bin/python3 -W ignore:setup.py install is deprecated -W ignore:easy_install command is deprecated setup.py egg_info --egg-base ../../build/assign4_650610841 build --build-base /home/robot_ws/build/assign4_650610841/build install --record /home/robot_ws/build/assign4_650610841/install.log --single-version-externally-managed install_data
