[0.064s] DEBUG:colcon:Command line arguments: ['/usr/bin/colcon', 'build']
[0.064s] DEBUG:colcon:Parsed command line arguments: Namespace(log_base=None, log_level=None, verb_name='build', build_base='build', install_base='install', merge_install=False, symlink_install=False, test_result_base=None, continue_on_error=False, executor='parallel', parallel_workers=16, event_handlers=None, ignore_user_meta=False, metas=['./colcon.meta'], base_paths=['.'], packages_ignore=None, packages_ignore_regex=None, paths=None, packages_up_to=None, packages_up_to_regex=None, packages_above=None, packages_above_and_dependencies=None, packages_above_depth=None, packages_select_by_dep=None, packages_skip_by_dep=None, packages_skip_up_to=None, packages_select_build_failed=False, packages_skip_build_finished=False, packages_select_test_failures=False, packages_skip_test_passed=False, packages_select=None, packages_skip=None, packages_select_regex=None, packages_skip_regex=None, packages_start=None, packages_end=None, cmake_args=None, cmake_target=None, cmake_target_skip_unavailable=False, cmake_clean_cache=False, cmake_clean_first=False, cmake_force_configure=False, ament_cmake_args=None, catkin_cmake_args=None, catkin_skip_building_tests=False, mixin_files=None, mixin=None, verb_parser=<colcon_mixin.mixin.mixin_argument.MixinArgumentDecorator object at 0x7b4fb46fd480>, verb_extension=<colcon_core.verb.build.BuildVerb object at 0x7b4fb48f7640>, main=<bound method BuildVerb.main of <colcon_core.verb.build.BuildVerb object at 0x7b4fb48f7640>>, mixin_verb=('build',))
[0.150s] Level 1:colcon.colcon_core.package_discovery:discover_packages(colcon_meta) check parameters
[0.151s] Level 1:colcon.colcon_core.package_discovery:discover_packages(recursive) check parameters
[0.151s] Level 1:colcon.colcon_core.package_discovery:discover_packages(ignore) check parameters
[0.151s] Level 1:colcon.colcon_core.package_discovery:discover_packages(path) check parameters
[0.151s] Level 1:colcon.colcon_core.package_discovery:discover_packages(colcon_meta) discover
[0.151s] Level 1:colcon.colcon_core.package_discovery:discover_packages(recursive) discover
[0.151s] INFO:colcon.colcon_core.package_discovery:Crawling recursively for packages in '/home/robot_ws'
[0.151s] Level 1:colcon.colcon_core.package_identification:_identify(.) by extensions ['ignore', 'ignore_ament_install']
[0.151s] Level 1:colcon.colcon_core.package_identification:_identify(.) by extension 'ignore'
[0.151s] Level 1:colcon.colcon_core.package_identification:_identify(.) by extension 'ignore_ament_install'
[0.151s] Level 1:colcon.colcon_core.package_identification:_identify(.) by extensions ['colcon_pkg']
[0.151s] Level 1:colcon.colcon_core.package_identification:_identify(.) by extension 'colcon_pkg'
[0.151s] Level 1:colcon.colcon_core.package_identification:_identify(.) by extensions ['colcon_meta']
[0.151s] Level 1:colcon.colcon_core.package_identification:_identify(.) by extension 'colcon_meta'
[0.151s] Level 1:colcon.colcon_core.package_identification:_identify(.) by extensions ['ros']
[0.151s] Level 1:colcon.colcon_core.package_identification:_identify(.) by extension 'ros'
[0.158s] Level 1:colcon.colcon_core.package_identification:_identify(.) by extensions ['cmake', 'python']
[0.158s] Level 1:colcon.colcon_core.package_identification:_identify(.) by extension 'cmake'
[0.158s] Level 1:colcon.colcon_core.package_identification:_identify(.) by extension 'python'
[0.159s] Level 1:colcon.colcon_core.package_identification:_identify(.) by extensions ['python_setup_py']
[0.159s] Level 1:colcon.colcon_core.package_identification:_identify(.) by extension 'python_setup_py'
[0.159s] Level 1:colcon.colcon_core.package_identification:_identify(build) by extensions ['ignore', 'ignore_ament_install']
[0.159s] Level 1:colcon.colcon_core.package_identification:_identify(build) by extension 'ignore'
[0.159s] Level 1:colcon.colcon_core.package_identification:_identify(build) ignored
[0.159s] Level 1:colcon.colcon_core.package_identification:_identify(install) by extensions ['ignore', 'ignore_ament_install']
[0.159s] Level 1:colcon.colcon_core.package_identification:_identify(install) by extension 'ignore'
[0.159s] Level 1:colcon.colcon_core.package_identification:_identify(install) ignored
[0.159s] Level 1:colcon.colcon_core.package_identification:_identify(log) by extensions ['ignore', 'ignore_ament_install']
[0.159s] Level 1:colcon.colcon_core.package_identification:_identify(log) by extension 'ignore'
[0.159s] Level 1:colcon.colcon_core.package_identification:_identify(log) ignored
[0.159s] Level 1:colcon.colcon_core.package_identification:_identify(src) by extensions ['ignore', 'ignore_ament_install']
[0.159s] Level 1:colcon.colcon_core.package_identification:_identify(src) by extension 'ignore'
[0.159s] Level 1:colcon.colcon_core.package_identification:_identify(src) by extension 'ignore_ament_install'
[0.159s] Level 1:colcon.colcon_core.package_identification:_identify(src) by extensions ['colcon_pkg']
[0.159s] Level 1:colcon.colcon_core.package_identification:_identify(src) by extension 'colcon_pkg'
[0.159s] Level 1:colcon.colcon_core.package_identification:_identify(src) by extensions ['colcon_meta']
[0.159s] Level 1:colcon.colcon_core.package_identification:_identify(src) by extension 'colcon_meta'
[0.159s] Level 1:colcon.colcon_core.package_identification:_identify(src) by extensions ['ros']
[0.159s] Level 1:colcon.colcon_core.package_identification:_identify(src) by extension 'ros'
[0.159s] Level 1:colcon.colcon_core.package_identification:_identify(src) by extensions ['cmake', 'python']
[0.159s] Level 1:colcon.colcon_core.package_identification:_identify(src) by extension 'cmake'
[0.159s] Level 1:colcon.colcon_core.package_identification:_identify(src) by extension 'python'
[0.159s] Level 1:colcon.colcon_core.package_identification:_identify(src) by extensions ['python_setup_py']
[0.159s] Level 1:colcon.colcon_core.package_identification:_identify(src) by extension 'python_setup_py'
[0.159s] Level 1:colcon.colcon_core.package_identification:_identify(src/650610841_final) by extensions ['ignore', 'ignore_ament_install']
[0.159s] Level 1:colcon.colcon_core.package_identification:_identify(src/650610841_final) by extension 'ignore'
[0.159s] Level 1:colcon.colcon_core.package_identification:_identify(src/650610841_final) by extension 'ignore_ament_install'
[0.159s] Level 1:colcon.colcon_core.package_identification:_identify(src/650610841_final) by extensions ['colcon_pkg']
[0.159s] Level 1:colcon.colcon_core.package_identification:_identify(src/650610841_final) by extension 'colcon_pkg'
[0.159s] Level 1:colcon.colcon_core.package_identification:_identify(src/650610841_final) by extensions ['colcon_meta']
[0.159s] Level 1:colcon.colcon_core.package_identification:_identify(src/650610841_final) by extension 'colcon_meta'
[0.159s] Level 1:colcon.colcon_core.package_identification:_identify(src/650610841_final) by extensions ['ros']
[0.160s] Level 1:colcon.colcon_core.package_identification:_identify(src/650610841_final) by extension 'ros'
[0.161s] DEBUG:colcon.colcon_core.package_identification:Package 'src/650610841_final' with type 'ros.ament_python' and name '650610841_final'
[0.161s] Level 1:colcon.colcon_core.package_identification:_identify(src/assign1_650610841) by extensions ['ignore', 'ignore_ament_install']
[0.161s] Level 1:colcon.colcon_core.package_identification:_identify(src/assign1_650610841) by extension 'ignore'
[0.161s] Level 1:colcon.colcon_core.package_identification:_identify(src/assign1_650610841) by extension 'ignore_ament_install'
[0.161s] Level 1:colcon.colcon_core.package_identification:_identify(src/assign1_650610841) by extensions ['colcon_pkg']
[0.161s] Level 1:colcon.colcon_core.package_identification:_identify(src/assign1_650610841) by extension 'colcon_pkg'
[0.161s] Level 1:colcon.colcon_core.package_identification:_identify(src/assign1_650610841) by extensions ['colcon_meta']
[0.161s] Level 1:colcon.colcon_core.package_identification:_identify(src/assign1_650610841) by extension 'colcon_meta'
[0.161s] Level 1:colcon.colcon_core.package_identification:_identify(src/assign1_650610841) by extensions ['ros']
[0.161s] Level 1:colcon.colcon_core.package_identification:_identify(src/assign1_650610841) by extension 'ros'
[0.162s] DEBUG:colcon.colcon_core.package_identification:Package 'src/assign1_650610841' with type 'ros.ament_python' and name 'assign1_650610841'
[0.162s] Level 1:colcon.colcon_core.package_identification:_identify(src/assign2_650610841) by extensions ['ignore', 'ignore_ament_install']
[0.162s] Level 1:colcon.colcon_core.package_identification:_identify(src/assign2_650610841) by extension 'ignore'
[0.162s] Level 1:colcon.colcon_core.package_identification:_identify(src/assign2_650610841) by extension 'ignore_ament_install'
[0.162s] Level 1:colcon.colcon_core.package_identification:_identify(src/assign2_650610841) by extensions ['colcon_pkg']
[0.162s] Level 1:colcon.colcon_core.package_identification:_identify(src/assign2_650610841) by extension 'colcon_pkg'
[0.162s] Level 1:colcon.colcon_core.package_identification:_identify(src/assign2_650610841) by extensions ['colcon_meta']
[0.162s] Level 1:colcon.colcon_core.package_identification:_identify(src/assign2_650610841) by extension 'colcon_meta'
[0.162s] Level 1:colcon.colcon_core.package_identification:_identify(src/assign2_650610841) by extensions ['ros']
[0.162s] Level 1:colcon.colcon_core.package_identification:_identify(src/assign2_650610841) by extension 'ros'
[0.162s] DEBUG:colcon.colcon_core.package_identification:Package 'src/assign2_650610841' with type 'ros.ament_python' and name 'assign2_650610841'
[0.162s] Level 1:colcon.colcon_core.package_identification:_identify(src/assign3_650610841) by extensions ['ignore', 'ignore_ament_install']
[0.162s] Level 1:colcon.colcon_core.package_identification:_identify(src/assign3_650610841) by extension 'ignore'
[0.162s] Level 1:colcon.colcon_core.package_identification:_identify(src/assign3_650610841) by extension 'ignore_ament_install'
[0.162s] Level 1:colcon.colcon_core.package_identification:_identify(src/assign3_650610841) by extensions ['colcon_pkg']
[0.162s] Level 1:colcon.colcon_core.package_identification:_identify(src/assign3_650610841) by extension 'colcon_pkg'
[0.163s] Level 1:colcon.colcon_core.package_identification:_identify(src/assign3_650610841) by extensions ['colcon_meta']
[0.163s] Level 1:colcon.colcon_core.package_identification:_identify(src/assign3_650610841) by extension 'colcon_meta'
[0.163s] Level 1:colcon.colcon_core.package_identification:_identify(src/assign3_650610841) by extensions ['ros']
[0.163s] Level 1:colcon.colcon_core.package_identification:_identify(src/assign3_650610841) by extension 'ros'
[0.163s] DEBUG:colcon.colcon_core.package_identification:Package 'src/assign3_650610841' with type 'ros.ament_python' and name 'assign3_650610841'
[0.163s] Level 1:colcon.colcon_core.package_identification:_identify(src/assign4_650610841) by extensions ['ignore', 'ignore_ament_install']
[0.163s] Level 1:colcon.colcon_core.package_identification:_identify(src/assign4_650610841) by extension 'ignore'
[0.163s] Level 1:colcon.colcon_core.package_identification:_identify(src/assign4_650610841) by extension 'ignore_ament_install'
[0.163s] Level 1:colcon.colcon_core.package_identification:_identify(src/assign4_650610841) by extensions ['colcon_pkg']
[0.163s] Level 1:colcon.colcon_core.package_identification:_identify(src/assign4_650610841) by extension 'colcon_pkg'
[0.163s] Level 1:colcon.colcon_core.package_identification:_identify(src/assign4_650610841) by extensions ['colcon_meta']
[0.163s] Level 1:colcon.colcon_core.package_identification:_identify(src/assign4_650610841) by extension 'colcon_meta'
[0.163s] Level 1:colcon.colcon_core.package_identification:_identify(src/assign4_650610841) by extensions ['ros']
[0.163s] Level 1:colcon.colcon_core.package_identification:_identify(src/assign4_650610841) by extension 'ros'
[0.163s] DEBUG:colcon.colcon_core.package_identification:Package 'src/assign4_650610841' with type 'ros.ament_python' and name 'assign4_650610841'
[0.164s] Level 1:colcon.colcon_core.package_identification:_identify(src/myword_650610841) by extensions ['ignore', 'ignore_ament_install']
[0.164s] Level 1:colcon.colcon_core.package_identification:_identify(src/myword_650610841) by extension 'ignore'
[0.164s] Level 1:colcon.colcon_core.package_identification:_identify(src/myword_650610841) by extension 'ignore_ament_install'
[0.164s] Level 1:colcon.colcon_core.package_identification:_identify(src/myword_650610841) by extensions ['colcon_pkg']
[0.164s] Level 1:colcon.colcon_core.package_identification:_identify(src/myword_650610841) by extension 'colcon_pkg'
[0.164s] Level 1:colcon.colcon_core.package_identification:_identify(src/myword_650610841) by extensions ['colcon_meta']
[0.164s] Level 1:colcon.colcon_core.package_identification:_identify(src/myword_650610841) by extension 'colcon_meta'
[0.164s] Level 1:colcon.colcon_core.package_identification:_identify(src/myword_650610841) by extensions ['ros']
[0.164s] Level 1:colcon.colcon_core.package_identification:_identify(src/myword_650610841) by extension 'ros'
[0.164s] DEBUG:colcon.colcon_core.package_identification:Package 'src/myword_650610841' with type 'ros.ament_cmake' and name 'myword_650610841'
[0.164s] Level 1:colcon.colcon_core.package_identification:_identify(src/sllidar_ros2) by extensions ['ignore', 'ignore_ament_install']
[0.164s] Level 1:colcon.colcon_core.package_identification:_identify(src/sllidar_ros2) by extension 'ignore'
[0.164s] Level 1:colcon.colcon_core.package_identification:_identify(src/sllidar_ros2) by extension 'ignore_ament_install'
[0.164s] Level 1:colcon.colcon_core.package_identification:_identify(src/sllidar_ros2) by extensions ['colcon_pkg']
[0.164s] Level 1:colcon.colcon_core.package_identification:_identify(src/sllidar_ros2) by extension 'colcon_pkg'
[0.164s] Level 1:colcon.colcon_core.package_identification:_identify(src/sllidar_ros2) by extensions ['colcon_meta']
[0.164s] Level 1:colcon.colcon_core.package_identification:_identify(src/sllidar_ros2) by extension 'colcon_meta'
[0.164s] Level 1:colcon.colcon_core.package_identification:_identify(src/sllidar_ros2) by extensions ['ros']
[0.164s] Level 1:colcon.colcon_core.package_identification:_identify(src/sllidar_ros2) by extension 'ros'
[0.165s] DEBUG:colcon.colcon_core.package_identification:Package 'src/sllidar_ros2' with type 'ros.ament_cmake' and name 'sllidar_ros2'
[0.165s] Level 1:colcon.colcon_core.package_discovery:discover_packages(recursive) using defaults
[0.165s] Level 1:colcon.colcon_core.package_discovery:discover_packages(ignore) discover
[0.165s] Level 1:colcon.colcon_core.package_discovery:discover_packages(ignore) using defaults
[0.165s] Level 1:colcon.colcon_core.package_discovery:discover_packages(path) discover
[0.165s] Level 1:colcon.colcon_core.package_discovery:discover_packages(path) using defaults
[0.179s] Level 5:colcon.colcon_core.verb:set package '650610841_final' build argument 'cmake_args' from command line to 'None'
[0.179s] Level 5:colcon.colcon_core.verb:set package '650610841_final' build argument 'cmake_target' from command line to 'None'
[0.179s] Level 5:colcon.colcon_core.verb:set package '650610841_final' build argument 'cmake_target_skip_unavailable' from command line to 'False'
[0.179s] Level 5:colcon.colcon_core.verb:set package '650610841_final' build argument 'cmake_clean_cache' from command line to 'False'
[0.179s] Level 5:colcon.colcon_core.verb:set package '650610841_final' build argument 'cmake_clean_first' from command line to 'False'
[0.179s] Level 5:colcon.colcon_core.verb:set package '650610841_final' build argument 'cmake_force_configure' from command line to 'False'
[0.179s] Level 5:colcon.colcon_core.verb:set package '650610841_final' build argument 'ament_cmake_args' from command line to 'None'
[0.179s] Level 5:colcon.colcon_core.verb:set package '650610841_final' build argument 'catkin_cmake_args' from command line to 'None'
[0.179s] Level 5:colcon.colcon_core.verb:set package '650610841_final' build argument 'catkin_skip_building_tests' from command line to 'False'
[0.179s] DEBUG:colcon.colcon_core.verb:Building package '650610841_final' with the following arguments: {'ament_cmake_args': None, 'build_base': '/home/robot_ws/build/650610841_final', 'catkin_cmake_args': None, 'catkin_skip_building_tests': False, 'cmake_args': None, 'cmake_clean_cache': False, 'cmake_clean_first': False, 'cmake_force_configure': False, 'cmake_target': None, 'cmake_target_skip_unavailable': False, 'install_base': '/home/robot_ws/install/650610841_final', 'merge_install': False, 'path': '/home/robot_ws/src/650610841_final', 'symlink_install': False, 'test_result_base': None}
[0.179s] Level 5:colcon.colcon_core.verb:set package 'assign1_650610841' build argument 'cmake_args' from command line to 'None'
[0.179s] Level 5:colcon.colcon_core.verb:set package 'assign1_650610841' build argument 'cmake_target' from command line to 'None'
[0.179s] Level 5:colcon.colcon_core.verb:set package 'assign1_650610841' build argument 'cmake_target_skip_unavailable' from command line to 'False'
[0.179s] Level 5:colcon.colcon_core.verb:set package 'assign1_650610841' build argument 'cmake_clean_cache' from command line to 'False'
[0.179s] Level 5:colcon.colcon_core.verb:set package 'assign1_650610841' build argument 'cmake_clean_first' from command line to 'False'
[0.179s] Level 5:colcon.colcon_core.verb:set package 'assign1_650610841' build argument 'cmake_force_configure' from command line to 'False'
[0.179s] Level 5:colcon.colcon_core.verb:set package 'assign1_650610841' build argument 'ament_cmake_args' from command line to 'None'
[0.179s] Level 5:colcon.colcon_core.verb:set package 'assign1_650610841' build argument 'catkin_cmake_args' from command line to 'None'
[0.179s] Level 5:colcon.colcon_core.verb:set package 'assign1_650610841' build argument 'catkin_skip_building_tests' from command line to 'False'
[0.179s] DEBUG:colcon.colcon_core.verb:Building package 'assign1_650610841' with the following arguments: {'ament_cmake_args': None, 'build_base': '/home/robot_ws/build/assign1_650610841', 'catkin_cmake_args': None, 'catkin_skip_building_tests': False, 'cmake_args': None, 'cmake_clean_cache': False, 'cmake_clean_first': False, 'cmake_force_configure': False, 'cmake_target': None, 'cmake_target_skip_unavailable': False, 'install_base': '/home/robot_ws/install/assign1_650610841', 'merge_install': False, 'path': '/home/robot_ws/src/assign1_650610841', 'symlink_install': False, 'test_result_base': None}
[0.179s] Level 5:colcon.colcon_core.verb:set package 'assign3_650610841' build argument 'cmake_args' from command line to 'None'
[0.179s] Level 5:colcon.colcon_core.verb:set package 'assign3_650610841' build argument 'cmake_target' from command line to 'None'
[0.179s] Level 5:colcon.colcon_core.verb:set package 'assign3_650610841' build argument 'cmake_target_skip_unavailable' from command line to 'False'
[0.179s] Level 5:colcon.colcon_core.verb:set package 'assign3_650610841' build argument 'cmake_clean_cache' from command line to 'False'
[0.179s] Level 5:colcon.colcon_core.verb:set package 'assign3_650610841' build argument 'cmake_clean_first' from command line to 'False'
[0.179s] Level 5:colcon.colcon_core.verb:set package 'assign3_650610841' build argument 'cmake_force_configure' from command line to 'False'
[0.180s] Level 5:colcon.colcon_core.verb:set package 'assign3_650610841' build argument 'ament_cmake_args' from command line to 'None'
[0.180s] Level 5:colcon.colcon_core.verb:set package 'assign3_650610841' build argument 'catkin_cmake_args' from command line to 'None'
[0.180s] Level 5:colcon.colcon_core.verb:set package 'assign3_650610841' build argument 'catkin_skip_building_tests' from command line to 'False'
[0.180s] DEBUG:colcon.colcon_core.verb:Building package 'assign3_650610841' with the following arguments: {'ament_cmake_args': None, 'build_base': '/home/robot_ws/build/assign3_650610841', 'catkin_cmake_args': None, 'catkin_skip_building_tests': False, 'cmake_args': None, 'cmake_clean_cache': False, 'cmake_clean_first': False, 'cmake_force_configure': False, 'cmake_target': None, 'cmake_target_skip_unavailable': False, 'install_base': '/home/robot_ws/install/assign3_650610841', 'merge_install': False, 'path': '/home/robot_ws/src/assign3_650610841', 'symlink_install': False, 'test_result_base': None}
[0.180s] Level 5:colcon.colcon_core.verb:set package 'assign4_650610841' build argument 'cmake_args' from command line to 'None'
[0.180s] Level 5:colcon.colcon_core.verb:set package 'assign4_650610841' build argument 'cmake_target' from command line to 'None'
[0.180s] Level 5:colcon.colcon_core.verb:set package 'assign4_650610841' build argument 'cmake_target_skip_unavailable' from command line to 'False'
[0.180s] Level 5:colcon.colcon_core.verb:set package 'assign4_650610841' build argument 'cmake_clean_cache' from command line to 'False'
[0.180s] Level 5:colcon.colcon_core.verb:set package 'assign4_650610841' build argument 'cmake_clean_first' from command line to 'False'
[0.180s] Level 5:colcon.colcon_core.verb:set package 'assign4_650610841' build argument 'cmake_force_configure' from command line to 'False'
[0.180s] Level 5:colcon.colcon_core.verb:set package 'assign4_650610841' build argument 'ament_cmake_args' from command line to 'None'
[0.180s] Level 5:colcon.colcon_core.verb:set package 'assign4_650610841' build argument 'catkin_cmake_args' from command line to 'None'
[0.180s] Level 5:colcon.colcon_core.verb:set package 'assign4_650610841' build argument 'catkin_skip_building_tests' from command line to 'False'
[0.180s] DEBUG:colcon.colcon_core.verb:Building package 'assign4_650610841' with the following arguments: {'ament_cmake_args': None, 'build_base': '/home/robot_ws/build/assign4_650610841', 'catkin_cmake_args': None, 'catkin_skip_building_tests': False, 'cmake_args': None, 'cmake_clean_cache': False, 'cmake_clean_first': False, 'cmake_force_configure': False, 'cmake_target': None, 'cmake_target_skip_unavailable': False, 'install_base': '/home/robot_ws/install/assign4_650610841', 'merge_install': False, 'path': '/home/robot_ws/src/assign4_650610841', 'symlink_install': False, 'test_result_base': None}
[0.180s] Level 5:colcon.colcon_core.verb:set package 'myword_650610841' build argument 'cmake_args' from command line to 'None'
[0.180s] Level 5:colcon.colcon_core.verb:set package 'myword_650610841' build argument 'cmake_target' from command line to 'None'
[0.180s] Level 5:colcon.colcon_core.verb:set package 'myword_650610841' build argument 'cmake_target_skip_unavailable' from command line to 'False'
[0.180s] Level 5:colcon.colcon_core.verb:set package 'myword_650610841' build argument 'cmake_clean_cache' from command line to 'False'
[0.180s] Level 5:colcon.colcon_core.verb:set package 'myword_650610841' build argument 'cmake_clean_first' from command line to 'False'
[0.180s] Level 5:colcon.colcon_core.verb:set package 'myword_650610841' build argument 'cmake_force_configure' from command line to 'False'
[0.180s] Level 5:colcon.colcon_core.verb:set package 'myword_650610841' build argument 'ament_cmake_args' from command line to 'None'
[0.180s] Level 5:colcon.colcon_core.verb:set package 'myword_650610841' build argument 'catkin_cmake_args' from command line to 'None'
[0.180s] Level 5:colcon.colcon_core.verb:set package 'myword_650610841' build argument 'catkin_skip_building_tests' from command line to 'False'
[0.180s] DEBUG:colcon.colcon_core.verb:Building package 'myword_650610841' with the following arguments: {'ament_cmake_args': None, 'build_base': '/home/robot_ws/build/myword_650610841', 'catkin_cmake_args': None, 'catkin_skip_building_tests': False, 'cmake_args': None, 'cmake_clean_cache': False, 'cmake_clean_first': False, 'cmake_force_configure': False, 'cmake_target': None, 'cmake_target_skip_unavailable': False, 'install_base': '/home/robot_ws/install/myword_650610841', 'merge_install': False, 'path': '/home/robot_ws/src/myword_650610841', 'symlink_install': False, 'test_result_base': None}
[0.180s] Level 5:colcon.colcon_core.verb:set package 'sllidar_ros2' build argument 'cmake_args' from command line to 'None'
[0.180s] Level 5:colcon.colcon_core.verb:set package 'sllidar_ros2' build argument 'cmake_target' from command line to 'None'
[0.180s] Level 5:colcon.colcon_core.verb:set package 'sllidar_ros2' build argument 'cmake_target_skip_unavailable' from command line to 'False'
[0.180s] Level 5:colcon.colcon_core.verb:set package 'sllidar_ros2' build argument 'cmake_clean_cache' from command line to 'False'
[0.180s] Level 5:colcon.colcon_core.verb:set package 'sllidar_ros2' build argument 'cmake_clean_first' from command line to 'False'
[0.180s] Level 5:colcon.colcon_core.verb:set package 'sllidar_ros2' build argument 'cmake_force_configure' from command line to 'False'
[0.180s] Level 5:colcon.colcon_core.verb:set package 'sllidar_ros2' build argument 'ament_cmake_args' from command line to 'None'
[0.180s] Level 5:colcon.colcon_core.verb:set package 'sllidar_ros2' build argument 'catkin_cmake_args' from command line to 'None'
[0.180s] Level 5:colcon.colcon_core.verb:set package 'sllidar_ros2' build argument 'catkin_skip_building_tests' from command line to 'False'
[0.180s] DEBUG:colcon.colcon_core.verb:Building package 'sllidar_ros2' with the following arguments: {'ament_cmake_args': None, 'build_base': '/home/robot_ws/build/sllidar_ros2', 'catkin_cmake_args': None, 'catkin_skip_building_tests': False, 'cmake_args': None, 'cmake_clean_cache': False, 'cmake_clean_first': False, 'cmake_force_configure': False, 'cmake_target': None, 'cmake_target_skip_unavailable': False, 'install_base': '/home/robot_ws/install/sllidar_ros2', 'merge_install': False, 'path': '/home/robot_ws/src/sllidar_ros2', 'symlink_install': False, 'test_result_base': None}
[0.181s] Level 5:colcon.colcon_core.verb:set package 'assign2_650610841' build argument 'cmake_args' from command line to 'None'
[0.181s] Level 5:colcon.colcon_core.verb:set package 'assign2_650610841' build argument 'cmake_target' from command line to 'None'
[0.181s] Level 5:colcon.colcon_core.verb:set package 'assign2_650610841' build argument 'cmake_target_skip_unavailable' from command line to 'False'
[0.181s] Level 5:colcon.colcon_core.verb:set package 'assign2_650610841' build argument 'cmake_clean_cache' from command line to 'False'
[0.181s] Level 5:colcon.colcon_core.verb:set package 'assign2_650610841' build argument 'cmake_clean_first' from command line to 'False'
[0.181s] Level 5:colcon.colcon_core.verb:set package 'assign2_650610841' build argument 'cmake_force_configure' from command line to 'False'
[0.181s] Level 5:colcon.colcon_core.verb:set package 'assign2_650610841' build argument 'ament_cmake_args' from command line to 'None'
[0.181s] Level 5:colcon.colcon_core.verb:set package 'assign2_650610841' build argument 'catkin_cmake_args' from command line to 'None'
[0.181s] Level 5:colcon.colcon_core.verb:set package 'assign2_650610841' build argument 'catkin_skip_building_tests' from command line to 'False'
[0.181s] DEBUG:colcon.colcon_core.verb:Building package 'assign2_650610841' with the following arguments: {'ament_cmake_args': None, 'build_base': '/home/robot_ws/build/assign2_650610841', 'catkin_cmake_args': None, 'catkin_skip_building_tests': False, 'cmake_args': None, 'cmake_clean_cache': False, 'cmake_clean_first': False, 'cmake_force_configure': False, 'cmake_target': None, 'cmake_target_skip_unavailable': False, 'install_base': '/home/robot_ws/install/assign2_650610841', 'merge_install': False, 'path': '/home/robot_ws/src/assign2_650610841', 'symlink_install': False, 'test_result_base': None}
[0.181s] INFO:colcon.colcon_core.executor:Executing jobs using 'parallel' executor
[0.182s] DEBUG:colcon.colcon_parallel_executor.executor.parallel:run_until_complete
[0.183s] INFO:colcon.colcon_ros.task.ament_cmake.build:Building ROS package in '/home/robot_ws/src/myword_650610841' with build type 'ament_cmake'
[0.183s] INFO:colcon.colcon_cmake.task.cmake.build:Building CMake package in '/home/robot_ws/src/myword_650610841'
[0.185s] INFO:colcon.colcon_core.plugin_system:Skipping extension 'colcon_core.shell.bat': Not used on non-Windows systems
[0.185s] INFO:colcon.colcon_core.shell:Skip shell extension 'powershell' for command environment: Not usable outside of PowerShell
[0.185s] DEBUG:colcon.colcon_core.shell:Skip shell extension 'dsv' for command environment
[0.195s] INFO:colcon.colcon_ros.task.ament_python.build:Building ROS package in '/home/robot_ws/src/650610841_final' with build type 'ament_python'
[0.195s] Level 1:colcon.colcon_core.shell:create_environment_hook('650610841_final', 'ament_prefix_path')
[0.195s] INFO:colcon.colcon_core.shell:Creating environment hook '/home/robot_ws/install/650610841_final/share/650610841_final/hook/ament_prefix_path.ps1'
[0.196s] INFO:colcon.colcon_core.shell:Creating environment descriptor '/home/robot_ws/install/650610841_final/share/650610841_final/hook/ament_prefix_path.dsv'
[0.196s] INFO:colcon.colcon_core.shell:Creating environment hook '/home/robot_ws/install/650610841_final/share/650610841_final/hook/ament_prefix_path.sh'
[0.197s] INFO:colcon.colcon_core.shell:Skip shell extension 'powershell' for command environment: Not usable outside of PowerShell
[0.197s] DEBUG:colcon.colcon_core.shell:Skip shell extension 'dsv' for command environment
[0.199s] INFO:colcon.colcon_ros.task.ament_python.build:Building ROS package in '/home/robot_ws/src/assign1_650610841' with build type 'ament_python'
[0.199s] Level 1:colcon.colcon_core.shell:create_environment_hook('assign1_650610841', 'ament_prefix_path')
[0.199s] INFO:colcon.colcon_core.shell:Creating environment hook '/home/robot_ws/install/assign1_650610841/share/assign1_650610841/hook/ament_prefix_path.ps1'
[0.199s] INFO:colcon.colcon_core.shell:Creating environment descriptor '/home/robot_ws/install/assign1_650610841/share/assign1_650610841/hook/ament_prefix_path.dsv'
[0.200s] INFO:colcon.colcon_core.shell:Creating environment hook '/home/robot_ws/install/assign1_650610841/share/assign1_650610841/hook/ament_prefix_path.sh'
[0.200s] INFO:colcon.colcon_core.shell:Skip shell extension 'powershell' for command environment: Not usable outside of PowerShell
[0.201s] DEBUG:colcon.colcon_core.shell:Skip shell extension 'dsv' for command environment
[0.204s] INFO:colcon.colcon_ros.task.ament_python.build:Building ROS package in '/home/robot_ws/src/assign3_650610841' with build type 'ament_python'
[0.204s] Level 1:colcon.colcon_core.shell:create_environment_hook('assign3_650610841', 'ament_prefix_path')
[0.205s] INFO:colcon.colcon_core.shell:Creating environment hook '/home/robot_ws/install/assign3_650610841/share/assign3_650610841/hook/ament_prefix_path.ps1'
[0.208s] INFO:colcon.colcon_core.shell:Creating environment descriptor '/home/robot_ws/install/assign3_650610841/share/assign3_650610841/hook/ament_prefix_path.dsv'
[0.210s] INFO:colcon.colcon_core.shell:Creating environment hook '/home/robot_ws/install/assign3_650610841/share/assign3_650610841/hook/ament_prefix_path.sh'
[0.216s] INFO:colcon.colcon_core.shell:Skip shell extension 'powershell' for command environment: Not usable outside of PowerShell
[0.217s] DEBUG:colcon.colcon_core.shell:Skip shell extension 'dsv' for command environment
[0.220s] INFO:colcon.colcon_ros.task.ament_python.build:Building ROS package in '/home/robot_ws/src/assign4_650610841' with build type 'ament_python'
[0.220s] Level 1:colcon.colcon_core.shell:create_environment_hook('assign4_650610841', 'ament_prefix_path')
[0.220s] INFO:colcon.colcon_core.shell:Creating environment hook '/home/robot_ws/install/assign4_650610841/share/assign4_650610841/hook/ament_prefix_path.ps1'
[0.220s] INFO:colcon.colcon_core.shell:Creating environment descriptor '/home/robot_ws/install/assign4_650610841/share/assign4_650610841/hook/ament_prefix_path.dsv'
[0.221s] INFO:colcon.colcon_core.shell:Creating environment hook '/home/robot_ws/install/assign4_650610841/share/assign4_650610841/hook/ament_prefix_path.sh'
[0.221s] INFO:colcon.colcon_core.shell:Skip shell extension 'powershell' for command environment: Not usable outside of PowerShell
[0.221s] DEBUG:colcon.colcon_core.shell:Skip shell extension 'dsv' for command environment
[0.223s] INFO:colcon.colcon_ros.task.ament_cmake.build:Building ROS package in '/home/robot_ws/src/sllidar_ros2' with build type 'ament_cmake'
[0.223s] INFO:colcon.colcon_cmake.task.cmake.build:Building CMake package in '/home/robot_ws/src/sllidar_ros2'
[0.224s] INFO:colcon.colcon_core.shell:Skip shell extension 'powershell' for command environment: Not usable outside of PowerShell
[0.224s] DEBUG:colcon.colcon_core.shell:Skip shell extension 'dsv' for command environment
[0.229s] DEBUG:colcon.colcon_core.event_handler.log_command:Invoking command in '/home/robot_ws/build/myword_650610841': CMAKE_PREFIX_PATH=${CMAKE_PREFIX_PATH}:/home/robot_ws/install/assign2_650610841:/home/robot_ws/install/assign4_650610841:/home/robot_ws/install/assign3_650610841:/home/robot_ws/install/assign1_650610841:/home/robot_ws/install/650610841_final:/opt/ros/humble /usr/bin/cmake --build /home/robot_ws/build/myword_650610841 -- -j16 -l16
[0.776s] INFO:colcon.colcon_core.task.python.build:Building Python package in '/home/robot_ws/src/650610841_final'
[0.776s] INFO:colcon.colcon_core.shell:Skip shell extension 'powershell' for command environment: Not usable outside of PowerShell
[0.776s] DEBUG:colcon.colcon_core.shell:Skip shell extension 'dsv' for command environment
[0.930s] INFO:colcon.colcon_core.task.python.build:Building Python package in '/home/robot_ws/src/assign1_650610841'
[0.930s] INFO:colcon.colcon_core.shell:Skip shell extension 'powershell' for command environment: Not usable outside of PowerShell
[0.930s] DEBUG:colcon.colcon_core.shell:Skip shell extension 'dsv' for command environment
[1.081s] INFO:colcon.colcon_core.task.python.build:Building Python package in '/home/robot_ws/src/assign3_650610841'
[1.082s] INFO:colcon.colcon_core.shell:Skip shell extension 'powershell' for command environment: Not usable outside of PowerShell
[1.082s] DEBUG:colcon.colcon_core.shell:Skip shell extension 'dsv' for command environment
[1.228s] INFO:colcon.colcon_core.task.python.build:Building Python package in '/home/robot_ws/src/assign4_650610841'
[1.229s] INFO:colcon.colcon_core.shell:Skip shell extension 'powershell' for command environment: Not usable outside of PowerShell
[1.229s] DEBUG:colcon.colcon_core.shell:Skip shell extension 'dsv' for command environment
[1.236s] DEBUG:colcon.colcon_core.event_handler.log_command:Invoked command in '/home/robot_ws/build/myword_650610841' returned '0': CMAKE_PREFIX_PATH=${CMAKE_PREFIX_PATH}:/home/robot_ws/install/assign2_650610841:/home/robot_ws/install/assign4_650610841:/home/robot_ws/install/assign3_650610841:/home/robot_ws/install/assign1_650610841:/home/robot_ws/install/650610841_final:/opt/ros/humble /usr/bin/cmake --build /home/robot_ws/build/myword_650610841 -- -j16 -l16
[1.243s] DEBUG:colcon.colcon_core.event_handler.log_command:Invoking command in '/home/robot_ws/build/myword_650610841': CMAKE_PREFIX_PATH=${CMAKE_PREFIX_PATH}:/home/robot_ws/install/assign2_650610841:/home/robot_ws/install/assign4_650610841:/home/robot_ws/install/assign3_650610841:/home/robot_ws/install/assign1_650610841:/home/robot_ws/install/650610841_final:/opt/ros/humble /usr/bin/cmake --install /home/robot_ws/build/myword_650610841
[1.249s] DEBUG:colcon.colcon_core.event_handler.log_command:Invoking command in '/home/robot_ws/build/sllidar_ros2': CMAKE_PREFIX_PATH=${CMAKE_PREFIX_PATH}:/home/robot_ws/install/assign2_650610841:/home/robot_ws/install/assign4_650610841:/home/robot_ws/install/assign3_650610841:/home/robot_ws/install/assign1_650610841:/home/robot_ws/install/650610841_final:/opt/ros/humble /usr/bin/cmake --build /home/robot_ws/build/sllidar_ros2 -- -j16 -l16
[1.608s] Level 1:colcon.colcon_core.environment:create_environment_scripts_only(myword_650610841)
[1.623s] DEBUG:colcon.colcon_core.event_handler.log_command:Invoked command in '/home/robot_ws/build/myword_650610841' returned '0': CMAKE_PREFIX_PATH=${CMAKE_PREFIX_PATH}:/home/robot_ws/install/assign2_650610841:/home/robot_ws/install/assign4_650610841:/home/robot_ws/install/assign3_650610841:/home/robot_ws/install/assign1_650610841:/home/robot_ws/install/650610841_final:/opt/ros/humble /usr/bin/cmake --install /home/robot_ws/build/myword_650610841
[1.639s] Level 1:colcon.colcon_core.environment:checking '/home/robot_ws/install/myword_650610841' for CMake module files
[1.641s] Level 1:colcon.colcon_core.environment:checking '/home/robot_ws/install/myword_650610841' for CMake config files
[1.644s] Level 1:colcon.colcon_core.shell:create_environment_hook('myword_650610841', 'cmake_prefix_path')
[1.646s] INFO:colcon.colcon_core.shell:Creating environment hook '/home/robot_ws/install/myword_650610841/share/myword_650610841/hook/cmake_prefix_path.ps1'
[1.650s] INFO:colcon.colcon_core.shell:Creating environment descriptor '/home/robot_ws/install/myword_650610841/share/myword_650610841/hook/cmake_prefix_path.dsv'
[1.652s] INFO:colcon.colcon_core.shell:Creating environment hook '/home/robot_ws/install/myword_650610841/share/myword_650610841/hook/cmake_prefix_path.sh'
[1.659s] Level 1:colcon.colcon_core.environment:checking '/home/robot_ws/install/myword_650610841/lib'
[1.663s] Level 1:colcon.colcon_core.shell:create_environment_hook('myword_650610841', 'ld_library_path_lib')
[1.665s] INFO:colcon.colcon_core.shell:Creating environment hook '/home/robot_ws/install/myword_650610841/share/myword_650610841/hook/ld_library_path_lib.ps1'
[1.669s] INFO:colcon.colcon_core.shell:Creating environment descriptor '/home/robot_ws/install/myword_650610841/share/myword_650610841/hook/ld_library_path_lib.dsv'
[1.672s] INFO:colcon.colcon_core.shell:Creating environment hook '/home/robot_ws/install/myword_650610841/share/myword_650610841/hook/ld_library_path_lib.sh'
[1.676s] Level 1:colcon.colcon_core.environment:checking '/home/robot_ws/install/myword_650610841/bin'
[1.676s] Level 1:colcon.colcon_core.environment:checking '/home/robot_ws/install/myword_650610841/lib/pkgconfig/myword_650610841.pc'
[1.678s] Level 1:colcon.colcon_core.environment:checking '/home/robot_ws/install/myword_650610841/lib/python3.10/site-packages'
[1.678s] Level 1:colcon.colcon_core.environment:checking '/home/robot_ws/install/myword_650610841/bin'
[1.679s] INFO:colcon.colcon_core.shell:Creating package script '/home/robot_ws/install/myword_650610841/share/myword_650610841/package.ps1'
[1.685s] INFO:colcon.colcon_core.shell:Creating package descriptor '/home/robot_ws/install/myword_650610841/share/myword_650610841/package.dsv'
[1.689s] INFO:colcon.colcon_core.shell:Creating package script '/home/robot_ws/install/myword_650610841/share/myword_650610841/package.sh'
[1.692s] INFO:colcon.colcon_core.shell:Creating package script '/home/robot_ws/install/myword_650610841/share/myword_650610841/package.bash'
[1.699s] INFO:colcon.colcon_core.shell:Creating package script '/home/robot_ws/install/myword_650610841/share/myword_650610841/package.zsh'
[1.704s] Level 1:colcon.colcon_core.environment:create_file_with_runtime_dependencies(/home/robot_ws/install/myword_650610841/share/colcon-core/packages/myword_650610841)
[1.709s] Level 1:colcon.colcon_core.environment:create_environment_scripts_only(myword_650610841)
[1.710s] Level 1:colcon.colcon_core.environment:checking '/home/robot_ws/install/myword_650610841' for CMake module files
[1.715s] Level 1:colcon.colcon_core.environment:checking '/home/robot_ws/install/myword_650610841' for CMake config files
[1.717s] Level 1:colcon.colcon_core.shell:create_environment_hook('myword_650610841', 'cmake_prefix_path')
[1.718s] INFO:colcon.colcon_core.shell:Creating environment hook '/home/robot_ws/install/myword_650610841/share/myword_650610841/hook/cmake_prefix_path.ps1'
[1.721s] INFO:colcon.colcon_core.shell:Creating environment descriptor '/home/robot_ws/install/myword_650610841/share/myword_650610841/hook/cmake_prefix_path.dsv'
[1.723s] INFO:colcon.colcon_core.shell:Creating environment hook '/home/robot_ws/install/myword_650610841/share/myword_650610841/hook/cmake_prefix_path.sh'
[1.729s] Level 1:colcon.colcon_core.environment:checking '/home/robot_ws/install/myword_650610841/lib'
[1.730s] Level 1:colcon.colcon_core.shell:create_environment_hook('myword_650610841', 'ld_library_path_lib')
[1.731s] INFO:colcon.colcon_core.shell:Creating environment hook '/home/robot_ws/install/myword_650610841/share/myword_650610841/hook/ld_library_path_lib.ps1'
[1.735s] INFO:colcon.colcon_core.shell:Creating environment descriptor '/home/robot_ws/install/myword_650610841/share/myword_650610841/hook/ld_library_path_lib.dsv'
[1.738s] INFO:colcon.colcon_core.shell:Creating environment hook '/home/robot_ws/install/myword_650610841/share/myword_650610841/hook/ld_library_path_lib.sh'
[1.742s] Level 1:colcon.colcon_core.environment:checking '/home/robot_ws/install/myword_650610841/bin'
[1.743s] Level 1:colcon.colcon_core.environment:checking '/home/robot_ws/install/myword_650610841/lib/pkgconfig/myword_650610841.pc'
[1.744s] Level 1:colcon.colcon_core.environment:checking '/home/robot_ws/install/myword_650610841/lib/python3.10/site-packages'
[1.746s] Level 1:colcon.colcon_core.environment:checking '/home/robot_ws/install/myword_650610841/bin'
[1.749s] INFO:colcon.colcon_core.shell:Creating package script '/home/robot_ws/install/myword_650610841/share/myword_650610841/package.ps1'
[1.754s] INFO:colcon.colcon_core.shell:Creating package descriptor '/home/robot_ws/install/myword_650610841/share/myword_650610841/package.dsv'
[1.758s] INFO:colcon.colcon_core.shell:Creating package script '/home/robot_ws/install/myword_650610841/share/myword_650610841/package.sh'
[1.762s] INFO:colcon.colcon_core.shell:Creating package script '/home/robot_ws/install/myword_650610841/share/myword_650610841/package.bash'
[1.767s] INFO:colcon.colcon_core.shell:Creating package script '/home/robot_ws/install/myword_650610841/share/myword_650610841/package.zsh'
[1.770s] Level 1:colcon.colcon_core.environment:create_file_with_runtime_dependencies(/home/robot_ws/install/myword_650610841/share/colcon-core/packages/myword_650610841)
[1.774s] INFO:colcon.colcon_ros.task.ament_python.build:Building ROS package in '/home/robot_ws/src/assign2_650610841' with build type 'ament_python'
[1.776s] Level 1:colcon.colcon_core.shell:create_environment_hook('assign2_650610841', 'ament_prefix_path')
[1.780s] INFO:colcon.colcon_core.shell:Creating environment hook '/home/robot_ws/install/assign2_650610841/share/assign2_650610841/hook/ament_prefix_path.ps1'
[1.785s] INFO:colcon.colcon_core.shell:Creating environment descriptor '/home/robot_ws/install/assign2_650610841/share/assign2_650610841/hook/ament_prefix_path.dsv'
[1.789s] INFO:colcon.colcon_core.shell:Creating environment hook '/home/robot_ws/install/assign2_650610841/share/assign2_650610841/hook/ament_prefix_path.sh'
[1.793s] INFO:colcon.colcon_core.shell:Skip shell extension 'powershell' for command environment: Not usable outside of PowerShell
[1.794s] DEBUG:colcon.colcon_core.shell:Skip shell extension 'dsv' for command environment
[1.831s] DEBUG:colcon.colcon_core.event_handler.log_command:Invoked command in '/home/robot_ws/build/sllidar_ros2' returned '0': CMAKE_PREFIX_PATH=${CMAKE_PREFIX_PATH}:/home/robot_ws/install/assign2_650610841:/home/robot_ws/install/assign4_650610841:/home/robot_ws/install/assign3_650610841:/home/robot_ws/install/assign1_650610841:/home/robot_ws/install/650610841_final:/opt/ros/humble /usr/bin/cmake --build /home/robot_ws/build/sllidar_ros2 -- -j16 -l16
[1.839s] DEBUG:colcon.colcon_core.event_handler.log_command:Invoking command in '/home/robot_ws/build/sllidar_ros2': CMAKE_PREFIX_PATH=${CMAKE_PREFIX_PATH}:/home/robot_ws/install/assign2_650610841:/home/robot_ws/install/assign4_650610841:/home/robot_ws/install/assign3_650610841:/home/robot_ws/install/assign1_650610841:/home/robot_ws/install/650610841_final:/opt/ros/humble /usr/bin/cmake --install /home/robot_ws/build/sllidar_ros2
[2.897s] INFO:colcon.colcon_core.task.python.build:Building Python package in '/home/robot_ws/src/assign2_650610841'
[2.899s] INFO:colcon.colcon_core.shell:Skip shell extension 'powershell' for command environment: Not usable outside of PowerShell
[2.899s] DEBUG:colcon.colcon_core.shell:Skip shell extension 'dsv' for command environment
[2.918s] Level 1:colcon.colcon_core.environment:create_environment_scripts_only(sllidar_ros2)
[2.920s] Level 1:colcon.colcon_core.environment:checking '/home/robot_ws/install/sllidar_ros2' for CMake module files
[2.924s] DEBUG:colcon.colcon_core.event_handler.log_command:Invoked command in '/home/robot_ws/build/sllidar_ros2' returned '0': CMAKE_PREFIX_PATH=${CMAKE_PREFIX_PATH}:/home/robot_ws/install/assign2_650610841:/home/robot_ws/install/assign4_650610841:/home/robot_ws/install/assign3_650610841:/home/robot_ws/install/assign1_650610841:/home/robot_ws/install/650610841_final:/opt/ros/humble /usr/bin/cmake --install /home/robot_ws/build/sllidar_ros2
[2.927s] Level 1:colcon.colcon_core.environment:checking '/home/robot_ws/install/sllidar_ros2' for CMake config files
[2.929s] Level 1:colcon.colcon_core.shell:create_environment_hook('sllidar_ros2', 'cmake_prefix_path')
[2.931s] INFO:colcon.colcon_core.shell:Creating environment hook '/home/robot_ws/install/sllidar_ros2/share/sllidar_ros2/hook/cmake_prefix_path.ps1'
[2.932s] INFO:colcon.colcon_core.shell:Creating environment descriptor '/home/robot_ws/install/sllidar_ros2/share/sllidar_ros2/hook/cmake_prefix_path.dsv'
[2.934s] INFO:colcon.colcon_core.shell:Creating environment hook '/home/robot_ws/install/sllidar_ros2/share/sllidar_ros2/hook/cmake_prefix_path.sh'
[2.938s] Level 1:colcon.colcon_core.environment:checking '/home/robot_ws/install/sllidar_ros2/lib'
[2.940s] Level 1:colcon.colcon_core.environment:checking '/home/robot_ws/install/sllidar_ros2/bin'
[2.941s] Level 1:colcon.colcon_core.environment:checking '/home/robot_ws/install/sllidar_ros2/lib/pkgconfig/sllidar_ros2.pc'
[2.944s] Level 1:colcon.colcon_core.environment:checking '/home/robot_ws/install/sllidar_ros2/lib/python3.10/site-packages'
[2.946s] Level 1:colcon.colcon_core.environment:checking '/home/robot_ws/install/sllidar_ros2/bin'
[2.949s] INFO:colcon.colcon_core.shell:Creating package script '/home/robot_ws/install/sllidar_ros2/share/sllidar_ros2/package.ps1'
[2.954s] INFO:colcon.colcon_core.shell:Creating package descriptor '/home/robot_ws/install/sllidar_ros2/share/sllidar_ros2/package.dsv'
[2.958s] INFO:colcon.colcon_core.shell:Creating package script '/home/robot_ws/install/sllidar_ros2/share/sllidar_ros2/package.sh'
[2.959s] INFO:colcon.colcon_core.shell:Creating package script '/home/robot_ws/install/sllidar_ros2/share/sllidar_ros2/package.bash'
[2.962s] INFO:colcon.colcon_core.shell:Creating package script '/home/robot_ws/install/sllidar_ros2/share/sllidar_ros2/package.zsh'
[2.964s] Level 1:colcon.colcon_core.environment:create_file_with_runtime_dependencies(/home/robot_ws/install/sllidar_ros2/share/colcon-core/packages/sllidar_ros2)
[2.967s] Level 1:colcon.colcon_core.environment:create_environment_scripts_only(sllidar_ros2)
[2.969s] Level 1:colcon.colcon_core.environment:checking '/home/robot_ws/install/sllidar_ros2' for CMake module files
[2.971s] Level 1:colcon.colcon_core.environment:checking '/home/robot_ws/install/sllidar_ros2' for CMake config files
[2.972s] Level 1:colcon.colcon_core.shell:create_environment_hook('sllidar_ros2', 'cmake_prefix_path')
[2.973s] INFO:colcon.colcon_core.shell:Creating environment hook '/home/robot_ws/install/sllidar_ros2/share/sllidar_ros2/hook/cmake_prefix_path.ps1'
[2.976s] INFO:colcon.colcon_core.shell:Creating environment descriptor '/home/robot_ws/install/sllidar_ros2/share/sllidar_ros2/hook/cmake_prefix_path.dsv'
[2.978s] INFO:colcon.colcon_core.shell:Creating environment hook '/home/robot_ws/install/sllidar_ros2/share/sllidar_ros2/hook/cmake_prefix_path.sh'
[2.983s] Level 1:colcon.colcon_core.environment:checking '/home/robot_ws/install/sllidar_ros2/lib'
[2.983s] Level 1:colcon.colcon_core.environment:checking '/home/robot_ws/install/sllidar_ros2/bin'
[2.983s] Level 1:colcon.colcon_core.environment:checking '/home/robot_ws/install/sllidar_ros2/lib/pkgconfig/sllidar_ros2.pc'
[2.984s] Level 1:colcon.colcon_core.environment:checking '/home/robot_ws/install/sllidar_ros2/lib/python3.10/site-packages'
[2.985s] Level 1:colcon.colcon_core.environment:checking '/home/robot_ws/install/sllidar_ros2/bin'
[2.987s] INFO:colcon.colcon_core.shell:Creating package script '/home/robot_ws/install/sllidar_ros2/share/sllidar_ros2/package.ps1'
[2.991s] INFO:colcon.colcon_core.shell:Creating package descriptor '/home/robot_ws/install/sllidar_ros2/share/sllidar_ros2/package.dsv'
[2.996s] INFO:colcon.colcon_core.shell:Creating package script '/home/robot_ws/install/sllidar_ros2/share/sllidar_ros2/package.sh'
[2.997s] INFO:colcon.colcon_core.shell:Creating package script '/home/robot_ws/install/sllidar_ros2/share/sllidar_ros2/package.bash'
[3.001s] INFO:colcon.colcon_core.shell:Creating package script '/home/robot_ws/install/sllidar_ros2/share/sllidar_ros2/package.zsh'
[3.005s] Level 1:colcon.colcon_core.environment:create_file_with_runtime_dependencies(/home/robot_ws/install/sllidar_ros2/share/colcon-core/packages/sllidar_ros2)
[3.162s] DEBUG:colcon.colcon_core.event_handler.log_command:Invoking command in '/home/robot_ws/src/assign4_650610841': PYTHONPATH=/home/robot_ws/build/assign4_650610841/prefix_override:/usr/lib/python3/dist-packages/colcon_core/task/python/colcon_distutils_commands:/home/robot_ws/install/assign4_650610841/lib/python3.10/site-packages:${PYTHONPATH} /usr/bin/python3 -W ignore:setup.py install is deprecated -W ignore:easy_install command is deprecated setup.py egg_info --egg-base ../../build/assign4_650610841 build --build-base /home/robot_ws/build/assign4_650610841/build install --record /home/robot_ws/build/assign4_650610841/install.log --single-version-externally-managed install_data
[3.188s] DEBUG:colcon.colcon_core.event_handler.log_command:Invoking command in '/home/robot_ws/src/650610841_final': PYTHONPATH=/home/robot_ws/build/650610841_final/prefix_override:/usr/lib/python3/dist-packages/colcon_core/task/python/colcon_distutils_commands:/home/robot_ws/install/650610841_final/lib/python3.10/site-packages:${PYTHONPATH} /usr/bin/python3 -W ignore:setup.py install is deprecated -W ignore:easy_install command is deprecated setup.py egg_info --egg-base ../../build/650610841_final build --build-base /home/robot_ws/build/650610841_final/build install --record /home/robot_ws/build/650610841_final/install.log --single-version-externally-managed install_data
[3.261s] DEBUG:colcon.colcon_core.event_handler.log_command:Invoking command in '/home/robot_ws/src/assign3_650610841': PYTHONPATH=/home/robot_ws/build/assign3_650610841/prefix_override:/usr/lib/python3/dist-packages/colcon_core/task/python/colcon_distutils_commands:/home/robot_ws/install/assign3_650610841/lib/python3.10/site-packages:${PYTHONPATH} /usr/bin/python3 -W ignore:setup.py install is deprecated -W ignore:easy_install command is deprecated setup.py egg_info --egg-base ../../build/assign3_650610841 build --build-base /home/robot_ws/build/assign3_650610841/build install --record /home/robot_ws/build/assign3_650610841/install.log --single-version-externally-managed install_data
[3.323s] DEBUG:colcon.colcon_core.event_handler.log_command:Invoking command in '/home/robot_ws/src/assign1_650610841': PYTHONPATH=/home/robot_ws/build/assign1_650610841/prefix_override:/usr/lib/python3/dist-packages/colcon_core/task/python/colcon_distutils_commands:/home/robot_ws/install/assign1_650610841/lib/python3.10/site-packages:${PYTHONPATH} /usr/bin/python3 -W ignore:setup.py install is deprecated -W ignore:easy_install command is deprecated setup.py egg_info --egg-base ../../build/assign1_650610841 build --build-base /home/robot_ws/build/assign1_650610841/build install --record /home/robot_ws/build/assign1_650610841/install.log --single-version-externally-managed install_data
[3.539s] DEBUG:colcon.colcon_core.event_handler.log_command:Invoking command in '/home/robot_ws/src/assign2_650610841': CMAKE_PREFIX_PATH=/home/robot_ws/install/myword_650610841:/home/robot_ws/install/sllidar_ros2 LD_LIBRARY_PATH=/home/robot_ws/install/myword_650610841/lib:/usr/lib/x86_64-linux-gnu/gazebo-11/plugins:/opt/ros/humble/opt/rviz_ogre_vendor/lib:/opt/ros/humble/lib/x86_64-linux-gnu:/opt/ros/humble/lib:/usr/lib/x86_64-linux-gnu/gazebo-11/plugins PYTHONPATH=/home/robot_ws/build/assign2_650610841/prefix_override:/usr/lib/python3/dist-packages/colcon_core/task/python/colcon_distutils_commands:/home/robot_ws/install/assign2_650610841/lib/python3.10/site-packages:${PYTHONPATH} /usr/bin/python3 -W ignore:setup.py install is deprecated -W ignore:easy_install command is deprecated setup.py egg_info --egg-base ../../build/assign2_650610841 build --build-base /home/robot_ws/build/assign2_650610841/build install --record /home/robot_ws/build/assign2_650610841/install.log --single-version-externally-managed install_data
[3.542s] Level 1:colcon.colcon_core.environment:checking '/home/robot_ws/install/assign4_650610841' for CMake module files
[3.543s] DEBUG:colcon.colcon_core.event_handler.log_command:Invoked command in '/home/robot_ws/src/assign4_650610841' returned '0': PYTHONPATH=/home/robot_ws/build/assign4_650610841/prefix_override:/usr/lib/python3/dist-packages/colcon_core/task/python/colcon_distutils_commands:/home/robot_ws/install/assign4_650610841/lib/python3.10/site-packages:${PYTHONPATH} /usr/bin/python3 -W ignore:setup.py install is deprecated -W ignore:easy_install command is deprecated setup.py egg_info --egg-base ../../build/assign4_650610841 build --build-base /home/robot_ws/build/assign4_650610841/build install --record /home/robot_ws/build/assign4_650610841/install.log --single-version-externally-managed install_data
[3.543s] Level 1:colcon.colcon_core.environment:checking '/home/robot_ws/install/assign4_650610841' for CMake config files
[3.544s] Level 1:colcon.colcon_core.environment:checking '/home/robot_ws/install/assign4_650610841/lib'
[3.544s] Level 1:colcon.colcon_core.environment:checking '/home/robot_ws/install/assign4_650610841/bin'
[3.544s] Level 1:colcon.colcon_core.environment:checking '/home/robot_ws/install/assign4_650610841/lib/pkgconfig/assign4_650610841.pc'
[3.544s] Level 1:colcon.colcon_core.environment:checking '/home/robot_ws/install/assign4_650610841/lib/python3.10/site-packages'
[3.544s] Level 1:colcon.colcon_core.shell:create_environment_hook('assign4_650610841', 'pythonpath')
[3.545s] INFO:colcon.colcon_core.shell:Creating environment hook '/home/robot_ws/install/assign4_650610841/share/assign4_650610841/hook/pythonpath.ps1'
[3.545s] INFO:colcon.colcon_core.shell:Creating environment descriptor '/home/robot_ws/install/assign4_650610841/share/assign4_650610841/hook/pythonpath.dsv'
[3.545s] INFO:colcon.colcon_core.shell:Creating environment hook '/home/robot_ws/install/assign4_650610841/share/assign4_650610841/hook/pythonpath.sh'
[3.546s] Level 1:colcon.colcon_core.environment:checking '/home/robot_ws/install/assign4_650610841/bin'
[3.546s] Level 1:colcon.colcon_core.environment:create_environment_scripts_only(assign4_650610841)
[3.546s] INFO:colcon.colcon_core.shell:Creating package script '/home/robot_ws/install/assign4_650610841/share/assign4_650610841/package.ps1'
[3.547s] INFO:colcon.colcon_core.shell:Creating package descriptor '/home/robot_ws/install/assign4_650610841/share/assign4_650610841/package.dsv'
[3.547s] INFO:colcon.colcon_core.shell:Creating package script '/home/robot_ws/install/assign4_650610841/share/assign4_650610841/package.sh'
[3.547s] INFO:colcon.colcon_core.shell:Creating package script '/home/robot_ws/install/assign4_650610841/share/assign4_650610841/package.bash'
[3.547s] INFO:colcon.colcon_core.shell:Creating package script '/home/robot_ws/install/assign4_650610841/share/assign4_650610841/package.zsh'
[3.548s] Level 1:colcon.colcon_core.environment:create_file_with_runtime_dependencies(/home/robot_ws/install/assign4_650610841/share/colcon-core/packages/assign4_650610841)
[3.579s] Level 1:colcon.colcon_core.environment:checking '/home/robot_ws/install/assign3_650610841' for CMake module files
[3.579s] DEBUG:colcon.colcon_core.event_handler.log_command:Invoked command in '/home/robot_ws/src/assign3_650610841' returned '0': PYTHONPATH=/home/robot_ws/build/assign3_650610841/prefix_override:/usr/lib/python3/dist-packages/colcon_core/task/python/colcon_distutils_commands:/home/robot_ws/install/assign3_650610841/lib/python3.10/site-packages:${PYTHONPATH} /usr/bin/python3 -W ignore:setup.py install is deprecated -W ignore:easy_install command is deprecated setup.py egg_info --egg-base ../../build/assign3_650610841 build --build-base /home/robot_ws/build/assign3_650610841/build install --record /home/robot_ws/build/assign3_650610841/install.log --single-version-externally-managed install_data
[3.580s] Level 1:colcon.colcon_core.environment:checking '/home/robot_ws/install/assign3_650610841' for CMake config files
[3.580s] Level 1:colcon.colcon_core.environment:checking '/home/robot_ws/install/assign3_650610841/lib'
[3.580s] Level 1:colcon.colcon_core.environment:checking '/home/robot_ws/install/assign3_650610841/bin'
[3.580s] Level 1:colcon.colcon_core.environment:checking '/home/robot_ws/install/assign3_650610841/lib/pkgconfig/assign3_650610841.pc'
[3.581s] Level 1:colcon.colcon_core.environment:checking '/home/robot_ws/install/assign3_650610841/lib/python3.10/site-packages'
[3.581s] Level 1:colcon.colcon_core.shell:create_environment_hook('assign3_650610841', 'pythonpath')
[3.581s] INFO:colcon.colcon_core.shell:Creating environment hook '/home/robot_ws/install/assign3_650610841/share/assign3_650610841/hook/pythonpath.ps1'
[3.582s] INFO:colcon.colcon_core.shell:Creating environment descriptor '/home/robot_ws/install/assign3_650610841/share/assign3_650610841/hook/pythonpath.dsv'
[3.582s] INFO:colcon.colcon_core.shell:Creating environment hook '/home/robot_ws/install/assign3_650610841/share/assign3_650610841/hook/pythonpath.sh'
[3.583s] Level 1:colcon.colcon_core.environment:checking '/home/robot_ws/install/assign3_650610841/bin'
[3.583s] Level 1:colcon.colcon_core.environment:create_environment_scripts_only(assign3_650610841)
[3.584s] INFO:colcon.colcon_core.shell:Creating package script '/home/robot_ws/install/assign3_650610841/share/assign3_650610841/package.ps1'
[3.584s] INFO:colcon.colcon_core.shell:Creating package descriptor '/home/robot_ws/install/assign3_650610841/share/assign3_650610841/package.dsv'
[3.585s] INFO:colcon.colcon_core.shell:Creating package script '/home/robot_ws/install/assign3_650610841/share/assign3_650610841/package.sh'
[3.586s] INFO:colcon.colcon_core.shell:Creating package script '/home/robot_ws/install/assign3_650610841/share/assign3_650610841/package.bash'
[3.586s] INFO:colcon.colcon_core.shell:Creating package script '/home/robot_ws/install/assign3_650610841/share/assign3_650610841/package.zsh'
[3.586s] Level 1:colcon.colcon_core.environment:create_file_with_runtime_dependencies(/home/robot_ws/install/assign3_650610841/share/colcon-core/packages/assign3_650610841)
[3.646s] Level 1:colcon.colcon_core.environment:checking '/home/robot_ws/install/assign1_650610841' for CMake module files
[3.646s] DEBUG:colcon.colcon_core.event_handler.log_command:Invoked command in '/home/robot_ws/src/assign1_650610841' returned '0': PYTHONPATH=/home/robot_ws/build/assign1_650610841/prefix_override:/usr/lib/python3/dist-packages/colcon_core/task/python/colcon_distutils_commands:/home/robot_ws/install/assign1_650610841/lib/python3.10/site-packages:${PYTHONPATH} /usr/bin/python3 -W ignore:setup.py install is deprecated -W ignore:easy_install command is deprecated setup.py egg_info --egg-base ../../build/assign1_650610841 build --build-base /home/robot_ws/build/assign1_650610841/build install --record /home/robot_ws/build/assign1_650610841/install.log --single-version-externally-managed install_data
[3.647s] Level 1:colcon.colcon_core.environment:checking '/home/robot_ws/install/assign1_650610841' for CMake config files
[3.647s] Level 1:colcon.colcon_core.environment:checking '/home/robot_ws/install/assign1_650610841/lib'
[3.647s] Level 1:colcon.colcon_core.environment:checking '/home/robot_ws/install/assign1_650610841/bin'
[3.647s] Level 1:colcon.colcon_core.environment:checking '/home/robot_ws/install/assign1_650610841/lib/pkgconfig/assign1_650610841.pc'
[3.647s] Level 1:colcon.colcon_core.environment:checking '/home/robot_ws/install/assign1_650610841/lib/python3.10/site-packages'
[3.647s] Level 1:colcon.colcon_core.shell:create_environment_hook('assign1_650610841', 'pythonpath')
[3.648s] INFO:colcon.colcon_core.shell:Creating environment hook '/home/robot_ws/install/assign1_650610841/share/assign1_650610841/hook/pythonpath.ps1'
[3.648s] INFO:colcon.colcon_core.shell:Creating environment descriptor '/home/robot_ws/install/assign1_650610841/share/assign1_650610841/hook/pythonpath.dsv'
[3.648s] INFO:colcon.colcon_core.shell:Creating environment hook '/home/robot_ws/install/assign1_650610841/share/assign1_650610841/hook/pythonpath.sh'
[3.649s] Level 1:colcon.colcon_core.environment:checking '/home/robot_ws/install/assign1_650610841/bin'
[3.649s] Level 1:colcon.colcon_core.environment:create_environment_scripts_only(assign1_650610841)
[3.649s] INFO:colcon.colcon_core.shell:Creating package script '/home/robot_ws/install/assign1_650610841/share/assign1_650610841/package.ps1'
[3.650s] INFO:colcon.colcon_core.shell:Creating package descriptor '/home/robot_ws/install/assign1_650610841/share/assign1_650610841/package.dsv'
[3.650s] INFO:colcon.colcon_core.shell:Creating package script '/home/robot_ws/install/assign1_650610841/share/assign1_650610841/package.sh'
[3.651s] INFO:colcon.colcon_core.shell:Creating package script '/home/robot_ws/install/assign1_650610841/share/assign1_650610841/package.bash'
[3.651s] INFO:colcon.colcon_core.shell:Creating package script '/home/robot_ws/install/assign1_650610841/share/assign1_650610841/package.zsh'
[3.651s] Level 1:colcon.colcon_core.environment:create_file_with_runtime_dependencies(/home/robot_ws/install/assign1_650610841/share/colcon-core/packages/assign1_650610841)
[3.671s] Level 1:colcon.colcon_core.environment:checking '/home/robot_ws/install/650610841_final' for CMake module files
[3.672s] DEBUG:colcon.colcon_core.event_handler.log_command:Invoked command in '/home/robot_ws/src/650610841_final' returned '0': PYTHONPATH=/home/robot_ws/build/650610841_final/prefix_override:/usr/lib/python3/dist-packages/colcon_core/task/python/colcon_distutils_commands:/home/robot_ws/install/650610841_final/lib/python3.10/site-packages:${PYTHONPATH} /usr/bin/python3 -W ignore:setup.py install is deprecated -W ignore:easy_install command is deprecated setup.py egg_info --egg-base ../../build/650610841_final build --build-base /home/robot_ws/build/650610841_final/build install --record /home/robot_ws/build/650610841_final/install.log --single-version-externally-managed install_data
[3.672s] Level 1:colcon.colcon_core.environment:checking '/home/robot_ws/install/650610841_final' for CMake config files
[3.673s] Level 1:colcon.colcon_core.environment:checking '/home/robot_ws/install/650610841_final/lib'
[3.673s] Level 1:colcon.colcon_core.environment:checking '/home/robot_ws/install/650610841_final/bin'
[3.673s] Level 1:colcon.colcon_core.environment:checking '/home/robot_ws/install/650610841_final/lib/pkgconfig/650610841_final.pc'
[3.673s] Level 1:colcon.colcon_core.environment:checking '/home/robot_ws/install/650610841_final/lib/python3.10/site-packages'
[3.673s] Level 1:colcon.colcon_core.shell:create_environment_hook('650610841_final', 'pythonpath')
[3.674s] INFO:colcon.colcon_core.shell:Creating environment hook '/home/robot_ws/install/650610841_final/share/650610841_final/hook/pythonpath.ps1'
[3.674s] INFO:colcon.colcon_core.shell:Creating environment descriptor '/home/robot_ws/install/650610841_final/share/650610841_final/hook/pythonpath.dsv'
[3.675s] INFO:colcon.colcon_core.shell:Creating environment hook '/home/robot_ws/install/650610841_final/share/650610841_final/hook/pythonpath.sh'
[3.676s] Level 1:colcon.colcon_core.environment:checking '/home/robot_ws/install/650610841_final/bin'
[3.676s] Level 1:colcon.colcon_core.environment:create_environment_scripts_only(650610841_final)
[3.676s] INFO:colcon.colcon_core.shell:Creating package script '/home/robot_ws/install/650610841_final/share/650610841_final/package.ps1'
[3.677s] INFO:colcon.colcon_core.shell:Creating package descriptor '/home/robot_ws/install/650610841_final/share/650610841_final/package.dsv'
[3.678s] INFO:colcon.colcon_core.shell:Creating package script '/home/robot_ws/install/650610841_final/share/650610841_final/package.sh'
[3.678s] INFO:colcon.colcon_core.shell:Creating package script '/home/robot_ws/install/650610841_final/share/650610841_final/package.bash'
[3.679s] INFO:colcon.colcon_core.shell:Creating package script '/home/robot_ws/install/650610841_final/share/650610841_final/package.zsh'
[3.679s] Level 1:colcon.colcon_core.environment:create_file_with_runtime_dependencies(/home/robot_ws/install/650610841_final/share/colcon-core/packages/650610841_final)
[3.758s] Level 1:colcon.colcon_core.environment:checking '/home/robot_ws/install/assign2_650610841' for CMake module files
[3.758s] DEBUG:colcon.colcon_core.event_handler.log_command:Invoked command in '/home/robot_ws/src/assign2_650610841' returned '0': CMAKE_PREFIX_PATH=/home/robot_ws/install/myword_650610841:/home/robot_ws/install/sllidar_ros2 LD_LIBRARY_PATH=/home/robot_ws/install/myword_650610841/lib:/usr/lib/x86_64-linux-gnu/gazebo-11/plugins:/opt/ros/humble/opt/rviz_ogre_vendor/lib:/opt/ros/humble/lib/x86_64-linux-gnu:/opt/ros/humble/lib:/usr/lib/x86_64-linux-gnu/gazebo-11/plugins PYTHONPATH=/home/robot_ws/build/assign2_650610841/prefix_override:/usr/lib/python3/dist-packages/colcon_core/task/python/colcon_distutils_commands:/home/robot_ws/install/assign2_650610841/lib/python3.10/site-packages:${PYTHONPATH} /usr/bin/python3 -W ignore:setup.py install is deprecated -W ignore:easy_install command is deprecated setup.py egg_info --egg-base ../../build/assign2_650610841 build --build-base /home/robot_ws/build/assign2_650610841/build install --record /home/robot_ws/build/assign2_650610841/install.log --single-version-externally-managed install_data
[3.759s] Level 1:colcon.colcon_core.environment:checking '/home/robot_ws/install/assign2_650610841' for CMake config files
[3.760s] Level 1:colcon.colcon_core.environment:checking '/home/robot_ws/install/assign2_650610841/lib'
[3.760s] Level 1:colcon.colcon_core.environment:checking '/home/robot_ws/install/assign2_650610841/bin'
[3.760s] Level 1:colcon.colcon_core.environment:checking '/home/robot_ws/install/assign2_650610841/lib/pkgconfig/assign2_650610841.pc'
[3.760s] Level 1:colcon.colcon_core.environment:checking '/home/robot_ws/install/assign2_650610841/lib/python3.10/site-packages'
[3.760s] Level 1:colcon.colcon_core.shell:create_environment_hook('assign2_650610841', 'pythonpath')
[3.760s] INFO:colcon.colcon_core.shell:Creating environment hook '/home/robot_ws/install/assign2_650610841/share/assign2_650610841/hook/pythonpath.ps1'
[3.761s] INFO:colcon.colcon_core.shell:Creating environment descriptor '/home/robot_ws/install/assign2_650610841/share/assign2_650610841/hook/pythonpath.dsv'
[3.761s] INFO:colcon.colcon_core.shell:Creating environment hook '/home/robot_ws/install/assign2_650610841/share/assign2_650610841/hook/pythonpath.sh'
[3.761s] Level 1:colcon.colcon_core.environment:checking '/home/robot_ws/install/assign2_650610841/bin'
[3.761s] Level 1:colcon.colcon_core.environment:create_environment_scripts_only(assign2_650610841)
[3.761s] INFO:colcon.colcon_core.shell:Creating package script '/home/robot_ws/install/assign2_650610841/share/assign2_650610841/package.ps1'
[3.762s] INFO:colcon.colcon_core.shell:Creating package descriptor '/home/robot_ws/install/assign2_650610841/share/assign2_650610841/package.dsv'
[3.762s] INFO:colcon.colcon_core.shell:Creating package script '/home/robot_ws/install/assign2_650610841/share/assign2_650610841/package.sh'
[3.762s] INFO:colcon.colcon_core.shell:Creating package script '/home/robot_ws/install/assign2_650610841/share/assign2_650610841/package.bash'
[3.762s] INFO:colcon.colcon_core.shell:Creating package script '/home/robot_ws/install/assign2_650610841/share/assign2_650610841/package.zsh'
[3.763s] Level 1:colcon.colcon_core.environment:create_file_with_runtime_dependencies(/home/robot_ws/install/assign2_650610841/share/colcon-core/packages/assign2_650610841)
[3.763s] DEBUG:colcon.colcon_parallel_executor.executor.parallel:closing loop
[3.763s] DEBUG:colcon.colcon_parallel_executor.executor.parallel:loop closed
[3.763s] DEBUG:colcon.colcon_parallel_executor.executor.parallel:run_until_complete finished with '0'
[3.763s] DEBUG:colcon.colcon_core.event_reactor:joining thread
[3.768s] INFO:colcon.colcon_core.plugin_system:Skipping extension 'colcon_notification.desktop_notification.notify_send': Could not find 'notify-send'
[3.768s] INFO:colcon.colcon_core.plugin_system:Skipping extension 'colcon_notification.desktop_notification.terminal_notifier': Not used on non-Darwin systems
[3.768s] INFO:colcon.colcon_core.plugin_system:Skipping extension 'colcon_notification.desktop_notification.win32': Not used on non-Windows systems
[3.769s] INFO:colcon.colcon_notification.desktop_notification:Sending desktop notification using 'notify2'
[3.771s] DEBUG:colcon.colcon_notification.desktop_notification.notify2:Failed to initialize notify2: org.freedesktop.DBus.Error.Spawn.ExecFailed: /usr/bin/dbus-launch terminated abnormally without any error message
[3.771s] DEBUG:colcon.colcon_core.event_reactor:joined thread
[3.772s] INFO:colcon.colcon_core.shell:Creating prefix script '/home/robot_ws/install/local_setup.ps1'
[3.773s] INFO:colcon.colcon_core.shell:Creating prefix util module '/home/robot_ws/install/_local_setup_util_ps1.py'
[3.774s] INFO:colcon.colcon_core.shell:Creating prefix chain script '/home/robot_ws/install/setup.ps1'
[3.775s] INFO:colcon.colcon_core.shell:Creating prefix script '/home/robot_ws/install/local_setup.sh'
[3.776s] INFO:colcon.colcon_core.shell:Creating prefix util module '/home/robot_ws/install/_local_setup_util_sh.py'
[3.776s] INFO:colcon.colcon_core.shell:Creating prefix chain script '/home/robot_ws/install/setup.sh'
[3.777s] INFO:colcon.colcon_core.shell:Creating prefix script '/home/robot_ws/install/local_setup.bash'
[3.777s] INFO:colcon.colcon_core.shell:Creating prefix chain script '/home/robot_ws/install/setup.bash'
[3.778s] INFO:colcon.colcon_core.shell:Creating prefix script '/home/robot_ws/install/local_setup.zsh'
[3.778s] INFO:colcon.colcon_core.shell:Creating prefix chain script '/home/robot_ws/install/setup.zsh'
